2022-08-18 11:43:15,547 DEBUG    root            Loaded Command Group: ['gcloud', 'config']
2022-08-18 11:43:15,550 DEBUG    root            Loaded Command Group: ['gcloud', 'config', 'config_helper']
2022-08-18 11:43:15,551 DEBUG    root            Running [gcloud.config.config-helper] with arguments: [--format: "json"]
2022-08-18 11:43:15,582 DEBUG    google.auth.transport.requests Making request: POST https://oauth2.googleapis.com/token
2022-08-18 11:43:15,651 DEBUG    urllib3.connectionpool Starting new HTTPS connection (1): oauth2.googleapis.com:443
2022-08-18 11:43:15,802 DEBUG    urllib3.connectionpool https://oauth2.googleapis.com:443 "POST /token HTTP/1.1" 200 None
2022-08-18 11:43:15,813 INFO     root            Display format: "default json"
2022-08-18 11:43:15,813 INFO     ___FILE_ONLY___ {
  "configuration": {
    "active_configuration": "percona-cloud-dev",
    "properties": {
      "core": {
        "account": "inel.pandzic@percona.com",
        "disable_usage_reporting": "False",
        "project": "cloud-dev-112233"
      }
    }
  },
  "credential": {
    "access_token": "ya29.A0AVA9y1tfq4tvfahsgkBXE09qOsdM8sW1bvjRvPWNnhRitZU3EhEv4wN9XMVhqJ73amS9fRQ5KKzaS7qTFvvmhrcxx7QuxM_x-EaevV_pQgG2pAdNRjrX-BBc-pfhVIU7xhC95JwnITW99AImCovMFyk1CLy6O1LHA_K_vZUaCgYKATASATASFQE65dr8k6xGtYy-pcfqonLNw4TZlA0174",
    "id_token": "eyJhbGciOiJSUzI1NiIsImtpZCI6IjE3MjdiNmI0OTQwMmI5Y2Y5NWJlNGU4ZmQzOGFhN2U3YzExNjQ0YjEiLCJ0eXAiOiJKV1QifQ.eyJpc3MiOiJodHRwczovL2FjY291bnRzLmdvb2dsZS5jb20iLCJhenAiOiIzMjU1NTk0MDU1OS5hcHBzLmdvb2dsZXVzZXJjb250ZW50LmNvbSIsImF1ZCI6IjMyNTU1OTQwNTU5LmFwcHMuZ29vZ2xldXNlcmNvbnRlbnQuY29tIiwic3ViIjoiMTA3NDA5ODEzMzQ0NTU5NDQzNDA3IiwiaGQiOiJwZXJjb25hLmNvbSIsImVtYWlsIjoiaW5lbC5wYW5kemljQHBlcmNvbmEuY29tIiwiZW1haWxfdmVyaWZpZWQiOnRydWUsImF0X2hhc2giOiJpVU5nbm1mcmIxYTVLV3YzTGV1Z0FnIiwiaWF0IjoxNjYwODE1Nzk1LCJleHAiOjE2NjA4MTkzOTV9.GJgI6SxZfBsl_CASD57N5W2KuX-dwGWRRrIDAM6LLasqBTA0nqvmCsvYpQHb8g1s-cAA9B11CFDIPPyFS393EVC4yYiA12jYqvqHAAlVaGdK63jXPukkkzf0SsY1lFfOhO8cl3UOJcIuNWEzMPuR710MOgKFi3aeBwEdISDpU9t_U9m1XDwNnLOxoc-ZsPKTMuAG9G3vGcchhLRSUx9m9itWy_PoQKg4N2r54bhzSfLGfao_5SNg8UrMXLeYV-tunf9B9XiBmTmx9Ag5DxXzZIz05uiDNCxW66GYoMqv7pYYljqWwDIUIXW5xtajxQS2k6FYrn2s1456xzPhkH7nHQ",
    "token_expiry": "2022-08-18T10:43:14Z"
  },
  "sentinels": {
    "config_sentinel": "/Users/inelpandzic/.config/gcloud/config_sentinel"
  }
}
2022-08-18 11:43:15,813 INFO     ___FILE_ONLY___ 

2022-08-18 11:43:15,814 DEBUG    root            Checking for updates...
2022-08-18 11:43:15,825 DEBUG    urllib3.connectionpool Starting new HTTPS connection (1): dl.google.com:443
2022-08-18 11:43:15,967 DEBUG    urllib3.connectionpool https://dl.google.com:443 "GET /dl/cloudsdk/channels/rapid/components-2.json HTTP/1.1" 200 201563
2022-08-18 11:43:16,101 DEBUG    root            Metrics reporting process started...
