2022-11-21 10:59:56,137 DEBUG    root            Loaded Command Group: ['gcloud', 'config']
2022-11-21 10:59:56,139 DEBUG    root            Loaded Command Group: ['gcloud', 'config', 'config_helper']
2022-11-21 10:59:56,139 DEBUG    root            Running [gcloud.config.config-helper] with arguments: [--format: "json"]
2022-11-21 10:59:56,166 DEBUG    google.auth.transport.requests Making request: POST https://oauth2.googleapis.com/token
2022-11-21 10:59:56,177 DEBUG    urllib3.connectionpool Starting new HTTPS connection (1): oauth2.googleapis.com:443
2022-11-21 10:59:56,329 DEBUG    urllib3.connectionpool https://oauth2.googleapis.com:443 "POST /token HTTP/1.1" 200 None
2022-11-21 10:59:56,334 INFO     root            Display format: "default json"
2022-11-21 10:59:56,334 INFO     ___FILE_ONLY___ {
  "configuration": {
    "active_configuration": "percona-cloud-dev",
    "properties": {
      "core": {
        "account": "inel.pandzic@percona.com",
        "disable_usage_reporting": "False",
        "project": "cloud-dev-112233"
      }
    }
  },
  "credential": {
    "access_token": "ya29.a0AeTM1ieAlKnxyzxzLptOGagLqUmbRomhiTyfgcrMzvPcjMaGE_-f9SozlxPPrV5LbafywSPX0KKkjMo3V7gB0-WH1uljA0NNxlRx1iqYa7frxfBjHUDE9rAKARLw5wkN9pcLDd04pSKNol-G137FEYMzVFAgdxPAbVPn5-waCgYKAdsSARESFQHWtWOmuIyGrDe-k3RrBQoEyKkwuA0174",
    "id_token": "eyJhbGciOiJSUzI1NiIsImtpZCI6IjI3Yjg2ZGM2OTM4ZGMzMjdiMjA0MzMzYTI1MGViYjQzYjMyZTRiM2MiLCJ0eXAiOiJKV1QifQ.eyJpc3MiOiJodHRwczovL2FjY291bnRzLmdvb2dsZS5jb20iLCJhenAiOiIzMjU1NTk0MDU1OS5hcHBzLmdvb2dsZXVzZXJjb250ZW50LmNvbSIsImF1ZCI6IjMyNTU1OTQwNTU5LmFwcHMuZ29vZ2xldXNlcmNvbnRlbnQuY29tIiwic3ViIjoiMTA3NDA5ODEzMzQ0NTU5NDQzNDA3IiwiaGQiOiJwZXJjb25hLmNvbSIsImVtYWlsIjoiaW5lbC5wYW5kemljQHBlcmNvbmEuY29tIiwiZW1haWxfdmVyaWZpZWQiOnRydWUsImF0X2hhc2giOiI4Zk56UWIzbl9ZS18yZ0VOOUVLQk1BIiwiaWF0IjoxNjY5MDI0Nzk2LCJleHAiOjE2NjkwMjgzOTZ9.mEqr-sFUbwMAY-hlpdkz_jtb3J8Z7KEATsOxiyXOv8QHXrnn55Hiyq3VOkgGW5xRSGOFcYY4OORBWaqKcAo8ldkP8qspYeY3gnfJGHLuBD1crmNwgKCXOC0JT4L0DQJVMA_3uJ9vwuATH20E0DG_AwVW-uSXpCvScXUhNMLXFq7p5tBHq91STuBLSDDEPz18o5apRO0a3NyqaIkqDOS66YPVVt92x8CnGxxZEnxr8hZGNmHMTBu_aI84BQTfo_N5txbWtokAwHBEqYCnnJ6rk8_nhxOGcbhglSADrlOorv0Azry4bviDj4FmfKK3qcdQVoBc0_mnXmmdCvTdJjyOBQ",
    "token_expiry": "2022-11-21T10:59:55Z"
  },
  "sentinels": {
    "config_sentinel": "/Users/inelpandzic/.config/gcloud/config_sentinel"
  }
}
2022-11-21 10:59:56,334 INFO     ___FILE_ONLY___ 

2022-11-21 10:59:56,341 DEBUG    root            Metrics reporting process started...
