2022-11-21 12:00:48,260 DEBUG    root            Loaded Command Group: ['gcloud', 'config']
2022-11-21 12:00:48,262 DEBUG    root            Loaded Command Group: ['gcloud', 'config', 'config_helper']
2022-11-21 12:00:48,262 DEBUG    root            Running [gcloud.config.config-helper] with arguments: [--format: "json"]
2022-11-21 12:00:48,273 DEBUG    google.auth.transport.requests Making request: POST https://oauth2.googleapis.com/token
2022-11-21 12:00:48,284 DEBUG    urllib3.connectionpool Starting new HTTPS connection (1): oauth2.googleapis.com:443
2022-11-21 12:00:48,433 DEBUG    urllib3.connectionpool https://oauth2.googleapis.com:443 "POST /token HTTP/1.1" 200 None
2022-11-21 12:00:48,437 INFO     root            Display format: "default json"
2022-11-21 12:00:48,437 INFO     ___FILE_ONLY___ {
  "configuration": {
    "active_configuration": "percona-cloud-dev",
    "properties": {
      "core": {
        "account": "inel.pandzic@percona.com",
        "disable_usage_reporting": "False",
        "project": "cloud-dev-112233"
      }
    }
  },
  "credential": {
    "access_token": "ya29.a0AeTM1idfFzx9BLIsRfTU9HxCcKeFtJHhWp8_Bu-NbTzN1BN48HvRRIZvQllteaJxYqK9u7kSFM0jyXZhHPCbj6c2TogX6pcXgZJKkXXo0sJtRyiOOonlg-1AvcV3rBcP9435K_u1RXzgfxZTFZJnIpl3FvK82sB4xKeBiQEaCgYKAUUSARESFQHWtWOmD9qGDN_qi4s4kxwUInnfSA0174",
    "id_token": "eyJhbGciOiJSUzI1NiIsImtpZCI6IjI3Yjg2ZGM2OTM4ZGMzMjdiMjA0MzMzYTI1MGViYjQzYjMyZTRiM2MiLCJ0eXAiOiJKV1QifQ.eyJpc3MiOiJodHRwczovL2FjY291bnRzLmdvb2dsZS5jb20iLCJhenAiOiIzMjU1NTk0MDU1OS5hcHBzLmdvb2dsZXVzZXJjb250ZW50LmNvbSIsImF1ZCI6IjMyNTU1OTQwNTU5LmFwcHMuZ29vZ2xldXNlcmNvbnRlbnQuY29tIiwic3ViIjoiMTA3NDA5ODEzMzQ0NTU5NDQzNDA3IiwiaGQiOiJwZXJjb25hLmNvbSIsImVtYWlsIjoiaW5lbC5wYW5kemljQHBlcmNvbmEuY29tIiwiZW1haWxfdmVyaWZpZWQiOnRydWUsImF0X2hhc2giOiJsMWdYTmdubm1nTE82ckpDQXhIcmJ3IiwiaWF0IjoxNjY5MDI4NDQ4LCJleHAiOjE2NjkwMzIwNDh9.okU9-GINwmtZwc_0CDHYV-75IYaAUe0zayQeMXfICGKb8cnNNdulLhihKt54CdLRLoAPh0PLRLuej5IRhbXq8pRfDkr1NYYvUuJDa0JOIVG_Sn_Qvt4ELYe8bteunZkm9GKB1Qv8dm50CeJp2qu3QNQvp55YBOybJtHqw4P3I9yzVSIulOZlWvBqmK58zWRsepuvWMKDaMFvJ7sd8MB4IECOd_I60JKWdrSF9UiqY7mbrVVXkdIsYhhn-TEtt5AqylYZKMO1Hf6ZbppgRIg3E2CiaKMHmCJGYkzgKNTcEh54IRH9jwsZsO5jOv9zrdL39VLhoZhvAk9uAXvX3llbXQ",
    "token_expiry": "2022-11-21T12:00:47Z"
  },
  "sentinels": {
    "config_sentinel": "/Users/inelpandzic/.config/gcloud/config_sentinel"
  }
}
2022-11-21 12:00:48,437 INFO     ___FILE_ONLY___ 

2022-11-21 12:00:48,443 DEBUG    root            Metrics reporting process started...
