2022-11-21 15:18:55,220 DEBUG    root            Loaded Command Group: ['gcloud', 'container', 'clusters']
2022-11-21 15:18:55,222 DEBUG    root            Loaded Command Group: ['gcloud', 'container', 'clusters', 'list']
2022-11-21 15:18:55,242 DEBUG    root            Running [gcloud.container.clusters.list] with arguments: []
2022-11-21 15:18:55,286 DEBUG    urllib3.connectionpool Starting new HTTPS connection (1): container.googleapis.com:443
2022-11-21 15:18:55,994 DEBUG    urllib3.connectionpool https://container.googleapis.com:443 "GET /v1/projects/cloud-dev-112233/locations/-/clusters?alt=json HTTP/1.1" 200 None
2022-11-21 15:18:56,148 INFO     root            Display format: "
    table(
        name,
        zone:label=LOCATION,
        master_version():label=MASTER_VERSION,
        endpoint:label=MASTER_IP,
        nodePools[0].config.machineType,
        currentNodeVersion:label=NODE_VERSION,
        firstof(currentNodeCount,initialNodeCount):label=NUM_NODES,
        status
    )
"
2022-11-21 15:18:56,229 INFO     ___FILE_ONLY___ NAME
2022-11-21 15:18:56,230 INFO     ___FILE_ONLY___                                
2022-11-21 15:18:56,230 INFO     ___FILE_ONLY___ LOCATION
2022-11-21 15:18:56,230 INFO     ___FILE_ONLY___         
2022-11-21 15:18:56,230 INFO     ___FILE_ONLY___ MASTER_VERSION
2022-11-21 15:18:56,230 INFO     ___FILE_ONLY___                        
2022-11-21 15:18:56,230 INFO     ___FILE_ONLY___ MASTER_IP
2022-11-21 15:18:56,230 INFO     ___FILE_ONLY___         
2022-11-21 15:18:56,230 INFO     ___FILE_ONLY___ MACHINE_TYPE
2022-11-21 15:18:56,230 INFO     ___FILE_ONLY___    
2022-11-21 15:18:56,230 INFO     ___FILE_ONLY___ NODE_VERSION
2022-11-21 15:18:56,230 INFO     ___FILE_ONLY___       
2022-11-21 15:18:56,230 INFO     ___FILE_ONLY___ NUM_NODES
2022-11-21 15:18:56,230 INFO     ___FILE_ONLY___   
2022-11-21 15:18:56,230 INFO     ___FILE_ONLY___ STATUS
2022-11-21 15:18:56,230 INFO     ___FILE_ONLY___ 

2022-11-21 15:18:56,230 INFO     ___FILE_ONLY___ andrii-5916
2022-11-21 15:18:56,230 INFO     ___FILE_ONLY___                         
2022-11-21 15:18:56,230 INFO     ___FILE_ONLY___ europe-west1-c
2022-11-21 15:18:56,230 INFO     ___FILE_ONLY___   
2022-11-21 15:18:56,230 INFO     ___FILE_ONLY___ 1.21.14-gke.9500
2022-11-21 15:18:56,230 INFO     ___FILE_ONLY___                      
2022-11-21 15:18:56,230 INFO     ___FILE_ONLY___ 35.233.90.31
2022-11-21 15:18:56,230 INFO     ___FILE_ONLY___      
2022-11-21 15:18:56,230 INFO     ___FILE_ONLY___ n1-standard-4
2022-11-21 15:18:56,230 INFO     ___FILE_ONLY___   
2022-11-21 15:18:56,230 INFO     ___FILE_ONLY___ 1.21.14-gke.9500
2022-11-21 15:18:56,230 INFO     ___FILE_ONLY___   
2022-11-21 15:18:56,230 INFO     ___FILE_ONLY___ 3
2022-11-21 15:18:56,230 INFO     ___FILE_ONLY___           
2022-11-21 15:18:56,230 INFO     ___FILE_ONLY___ RUNNING
2022-11-21 15:18:56,230 INFO     ___FILE_ONLY___ 

2022-11-21 15:18:56,230 INFO     ___FILE_ONLY___ ege-24814
2022-11-21 15:18:56,230 INFO     ___FILE_ONLY___                           
2022-11-21 15:18:56,230 INFO     ___FILE_ONLY___ europe-west3
2022-11-21 15:18:56,230 INFO     ___FILE_ONLY___     
2022-11-21 15:18:56,230 INFO     ___FILE_ONLY___ 1.25.3-gke.800
2022-11-21 15:18:56,230 INFO     ___FILE_ONLY___                        
2022-11-21 15:18:56,231 INFO     ___FILE_ONLY___ 34.159.155.85
2022-11-21 15:18:56,231 INFO     ___FILE_ONLY___     
2022-11-21 15:18:56,231 INFO     ___FILE_ONLY___ n1-standard-4
2022-11-21 15:18:56,231 INFO     ___FILE_ONLY___   
2022-11-21 15:18:56,231 INFO     ___FILE_ONLY___ 1.25.3-gke.800
2022-11-21 15:18:56,231 INFO     ___FILE_ONLY___     
2022-11-21 15:18:56,231 INFO     ___FILE_ONLY___ 3
2022-11-21 15:18:56,231 INFO     ___FILE_ONLY___           
2022-11-21 15:18:56,231 INFO     ___FILE_ONLY___ RUNNING
2022-11-21 15:18:56,231 INFO     ___FILE_ONLY___ 

2022-11-21 15:18:56,231 INFO     ___FILE_ONLY___ slava-pxc
2022-11-21 15:18:56,231 INFO     ___FILE_ONLY___                           
2022-11-21 15:18:56,231 INFO     ___FILE_ONLY___ europe-west3-a
2022-11-21 15:18:56,231 INFO     ___FILE_ONLY___   
2022-11-21 15:18:56,231 INFO     ___FILE_ONLY___ 1.21.14-gke.9500
2022-11-21 15:18:56,231 INFO     ___FILE_ONLY___                                       
2022-11-21 15:18:56,231 INFO     ___FILE_ONLY___ n1-standard-4
2022-11-21 15:18:56,231 INFO     ___FILE_ONLY___   
2022-11-21 15:18:56,231 INFO     ___FILE_ONLY___ 1.21.14-gke.9500
2022-11-21 15:18:56,231 INFO     ___FILE_ONLY___   
2022-11-21 15:18:56,231 INFO     ___FILE_ONLY___ 3
2022-11-21 15:18:56,231 INFO     ___FILE_ONLY___           
2022-11-21 15:18:56,231 INFO     ___FILE_ONLY___ PROVISIONING
2022-11-21 15:18:56,231 INFO     ___FILE_ONLY___ 

2022-11-21 15:18:56,231 INFO     ___FILE_ONLY___ inel-19622
2022-11-21 15:18:56,231 INFO     ___FILE_ONLY___                          
2022-11-21 15:18:56,231 INFO     ___FILE_ONLY___ europe-west3-b
2022-11-21 15:18:56,231 INFO     ___FILE_ONLY___   
2022-11-21 15:18:56,231 INFO     ___FILE_ONLY___ 1.21.14-gke.9500
2022-11-21 15:18:56,231 INFO     ___FILE_ONLY___                      
2022-11-21 15:18:56,231 INFO     ___FILE_ONLY___ 35.246.217.59
2022-11-21 15:18:56,231 INFO     ___FILE_ONLY___     
2022-11-21 15:18:56,231 INFO     ___FILE_ONLY___ n1-standard-4
2022-11-21 15:18:56,231 INFO     ___FILE_ONLY___   
2022-11-21 15:18:56,231 INFO     ___FILE_ONLY___ 1.21.14-gke.9500
2022-11-21 15:18:56,231 INFO     ___FILE_ONLY___   
2022-11-21 15:18:56,231 INFO     ___FILE_ONLY___ 3
2022-11-21 15:18:56,231 INFO     ___FILE_ONLY___           
2022-11-21 15:18:56,231 INFO     ___FILE_ONLY___ RUNNING
2022-11-21 15:18:56,231 INFO     ___FILE_ONLY___ 

2022-11-21 15:18:56,231 INFO     ___FILE_ONLY___ max-30844
2022-11-21 15:18:56,231 INFO     ___FILE_ONLY___                           
2022-11-21 15:18:56,231 INFO     ___FILE_ONLY___ europe-west3-b
2022-11-21 15:18:56,231 INFO     ___FILE_ONLY___   
2022-11-21 15:18:56,231 INFO     ___FILE_ONLY___ 1.22.12-gke.2300
2022-11-21 15:18:56,232 INFO     ___FILE_ONLY___                      
2022-11-21 15:18:56,232 INFO     ___FILE_ONLY___ 35.246.193.17
2022-11-21 15:18:56,232 INFO     ___FILE_ONLY___     
2022-11-21 15:18:56,232 INFO     ___FILE_ONLY___ n1-standard-4
2022-11-21 15:18:56,232 INFO     ___FILE_ONLY___   
2022-11-21 15:18:56,232 INFO     ___FILE_ONLY___ 1.22.12-gke.2300
2022-11-21 15:18:56,232 INFO     ___FILE_ONLY___   
2022-11-21 15:18:56,232 INFO     ___FILE_ONLY___ 3
2022-11-21 15:18:56,232 INFO     ___FILE_ONLY___           
2022-11-21 15:18:56,232 INFO     ___FILE_ONLY___ RUNNING
2022-11-21 15:18:56,232 INFO     ___FILE_ONLY___ 

2022-11-21 15:18:56,232 INFO     ___FILE_ONLY___ jen-pxc-1099-c4707135-50-cluster2
2022-11-21 15:18:56,232 INFO     ___FILE_ONLY___   
2022-11-21 15:18:56,232 INFO     ___FILE_ONLY___ us-central1-a
2022-11-21 15:18:56,232 INFO     ___FILE_ONLY___    
2022-11-21 15:18:56,232 INFO     ___FILE_ONLY___ 1.21.14-gke.9500
2022-11-21 15:18:56,232 INFO     ___FILE_ONLY___                      
2022-11-21 15:18:56,232 INFO     ___FILE_ONLY___ 34.134.8.224
2022-11-21 15:18:56,232 INFO     ___FILE_ONLY___      
2022-11-21 15:18:56,232 INFO     ___FILE_ONLY___ n1-standard-4
2022-11-21 15:18:56,232 INFO     ___FILE_ONLY___   
2022-11-21 15:18:56,232 INFO     ___FILE_ONLY___ 1.21.14-gke.9500
2022-11-21 15:18:56,232 INFO     ___FILE_ONLY___   
2022-11-21 15:18:56,232 INFO     ___FILE_ONLY___ 3
2022-11-21 15:18:56,232 INFO     ___FILE_ONLY___           
2022-11-21 15:18:56,232 INFO     ___FILE_ONLY___ RUNNING
2022-11-21 15:18:56,232 INFO     ___FILE_ONLY___ 

2022-11-21 15:18:56,232 INFO     ___FILE_ONLY___ jen-pxc-1099-c4707135-50-cluster4
2022-11-21 15:18:56,232 INFO     ___FILE_ONLY___   
2022-11-21 15:18:56,232 INFO     ___FILE_ONLY___ us-central1-a
2022-11-21 15:18:56,232 INFO     ___FILE_ONLY___    
2022-11-21 15:18:56,232 INFO     ___FILE_ONLY___ 1.21.14-gke.9500
2022-11-21 15:18:56,232 INFO     ___FILE_ONLY___                      
2022-11-21 15:18:56,232 INFO     ___FILE_ONLY___ 34.173.243.244
2022-11-21 15:18:56,232 INFO     ___FILE_ONLY___    
2022-11-21 15:18:56,232 INFO     ___FILE_ONLY___ n1-standard-4
2022-11-21 15:18:56,232 INFO     ___FILE_ONLY___   
2022-11-21 15:18:56,232 INFO     ___FILE_ONLY___ 1.21.14-gke.9500
2022-11-21 15:18:56,232 INFO     ___FILE_ONLY___   
2022-11-21 15:18:56,232 INFO     ___FILE_ONLY___ 3
2022-11-21 15:18:56,232 INFO     ___FILE_ONLY___           
2022-11-21 15:18:56,232 INFO     ___FILE_ONLY___ RUNNING
2022-11-21 15:18:56,232 INFO     ___FILE_ONLY___ 

2022-11-21 15:18:56,232 INFO     ___FILE_ONLY___ jen-pxc-1099-c4707135-50-cluster5
2022-11-21 15:18:56,232 INFO     ___FILE_ONLY___   
2022-11-21 15:18:56,232 INFO     ___FILE_ONLY___ us-central1-a
2022-11-21 15:18:56,232 INFO     ___FILE_ONLY___    
2022-11-21 15:18:56,232 INFO     ___FILE_ONLY___ 1.21.14-gke.9500
2022-11-21 15:18:56,233 INFO     ___FILE_ONLY___                      
2022-11-21 15:18:56,233 INFO     ___FILE_ONLY___ 104.197.98.224
2022-11-21 15:18:56,233 INFO     ___FILE_ONLY___    
2022-11-21 15:18:56,233 INFO     ___FILE_ONLY___ n1-standard-4
2022-11-21 15:18:56,233 INFO     ___FILE_ONLY___   
2022-11-21 15:18:56,233 INFO     ___FILE_ONLY___ 1.21.14-gke.9500
2022-11-21 15:18:56,233 INFO     ___FILE_ONLY___   
2022-11-21 15:18:56,233 INFO     ___FILE_ONLY___ 3
2022-11-21 15:18:56,233 INFO     ___FILE_ONLY___           
2022-11-21 15:18:56,233 INFO     ___FILE_ONLY___ RUNNING
2022-11-21 15:18:56,233 INFO     ___FILE_ONLY___ 

2022-11-21 15:18:56,233 INFO     ___FILE_ONLY___ jen-pxc-1263-29fdb3d8-24-cluster1
2022-11-21 15:18:56,233 INFO     ___FILE_ONLY___   
2022-11-21 15:18:56,233 INFO     ___FILE_ONLY___ us-central1-a
2022-11-21 15:18:56,233 INFO     ___FILE_ONLY___    
2022-11-21 15:18:56,233 INFO     ___FILE_ONLY___ 1.21.14-gke.9500
2022-11-21 15:18:56,233 INFO     ___FILE_ONLY___                      
2022-11-21 15:18:56,233 INFO     ___FILE_ONLY___ 104.154.154.176
2022-11-21 15:18:56,233 INFO     ___FILE_ONLY___   
2022-11-21 15:18:56,233 INFO     ___FILE_ONLY___ n1-standard-4
2022-11-21 15:18:56,233 INFO     ___FILE_ONLY___   
2022-11-21 15:18:56,233 INFO     ___FILE_ONLY___ 1.21.14-gke.9500
2022-11-21 15:18:56,233 INFO     ___FILE_ONLY___   
2022-11-21 15:18:56,233 INFO     ___FILE_ONLY___ 3
2022-11-21 15:18:56,233 INFO     ___FILE_ONLY___           
2022-11-21 15:18:56,233 INFO     ___FILE_ONLY___ RUNNING
2022-11-21 15:18:56,233 INFO     ___FILE_ONLY___ 

2022-11-21 15:18:56,233 INFO     ___FILE_ONLY___ jen-pxc-1263-29fdb3d8-24-cluster2
2022-11-21 15:18:56,233 INFO     ___FILE_ONLY___   
2022-11-21 15:18:56,233 INFO     ___FILE_ONLY___ us-central1-a
2022-11-21 15:18:56,233 INFO     ___FILE_ONLY___    
2022-11-21 15:18:56,233 INFO     ___FILE_ONLY___ 1.21.14-gke.9500
2022-11-21 15:18:56,233 INFO     ___FILE_ONLY___                      
2022-11-21 15:18:56,233 INFO     ___FILE_ONLY___ 35.232.55.169
2022-11-21 15:18:56,233 INFO     ___FILE_ONLY___     
2022-11-21 15:18:56,233 INFO     ___FILE_ONLY___ n1-standard-4
2022-11-21 15:18:56,233 INFO     ___FILE_ONLY___   
2022-11-21 15:18:56,233 INFO     ___FILE_ONLY___ 1.21.14-gke.9500
2022-11-21 15:18:56,233 INFO     ___FILE_ONLY___   
2022-11-21 15:18:56,233 INFO     ___FILE_ONLY___ 3
2022-11-21 15:18:56,233 INFO     ___FILE_ONLY___           
2022-11-21 15:18:56,233 INFO     ___FILE_ONLY___ RUNNING
2022-11-21 15:18:56,233 INFO     ___FILE_ONLY___ 

2022-11-21 15:18:56,233 INFO     ___FILE_ONLY___ jen-pxc-1263-29fdb3d8-24-cluster3
2022-11-21 15:18:56,233 INFO     ___FILE_ONLY___   
2022-11-21 15:18:56,233 INFO     ___FILE_ONLY___ us-central1-a
2022-11-21 15:18:56,233 INFO     ___FILE_ONLY___    
2022-11-21 15:18:56,233 INFO     ___FILE_ONLY___ 1.21.14-gke.9500
2022-11-21 15:18:56,233 INFO     ___FILE_ONLY___                      
2022-11-21 15:18:56,233 INFO     ___FILE_ONLY___ 34.121.183.134
2022-11-21 15:18:56,234 INFO     ___FILE_ONLY___    
2022-11-21 15:18:56,234 INFO     ___FILE_ONLY___ n1-standard-4
2022-11-21 15:18:56,234 INFO     ___FILE_ONLY___   
2022-11-21 15:18:56,234 INFO     ___FILE_ONLY___ 1.21.14-gke.9500
2022-11-21 15:18:56,234 INFO     ___FILE_ONLY___   
2022-11-21 15:18:56,234 INFO     ___FILE_ONLY___ 3
2022-11-21 15:18:56,234 INFO     ___FILE_ONLY___           
2022-11-21 15:18:56,234 INFO     ___FILE_ONLY___ RUNNING
2022-11-21 15:18:56,234 INFO     ___FILE_ONLY___ 

2022-11-21 15:18:56,234 INFO     ___FILE_ONLY___ jen-pxc-1263-29fdb3d8-24-cluster4
2022-11-21 15:18:56,234 INFO     ___FILE_ONLY___   
2022-11-21 15:18:56,234 INFO     ___FILE_ONLY___ us-central1-a
2022-11-21 15:18:56,234 INFO     ___FILE_ONLY___    
2022-11-21 15:18:56,234 INFO     ___FILE_ONLY___ 1.21.14-gke.9500
2022-11-21 15:18:56,234 INFO     ___FILE_ONLY___                      
2022-11-21 15:18:56,234 INFO     ___FILE_ONLY___ 35.193.244.202
2022-11-21 15:18:56,234 INFO     ___FILE_ONLY___    
2022-11-21 15:18:56,234 INFO     ___FILE_ONLY___ n1-standard-4
2022-11-21 15:18:56,234 INFO     ___FILE_ONLY___   
2022-11-21 15:18:56,234 INFO     ___FILE_ONLY___ 1.21.14-gke.9500
2022-11-21 15:18:56,234 INFO     ___FILE_ONLY___   
2022-11-21 15:18:56,234 INFO     ___FILE_ONLY___ 3
2022-11-21 15:18:56,234 INFO     ___FILE_ONLY___           
2022-11-21 15:18:56,234 INFO     ___FILE_ONLY___ RUNNING
2022-11-21 15:18:56,234 INFO     ___FILE_ONLY___ 

2022-11-21 15:18:56,234 INFO     ___FILE_ONLY___ jen-pxc-1263-29fdb3d8-24-cluster5
2022-11-21 15:18:56,234 INFO     ___FILE_ONLY___   
2022-11-21 15:18:56,234 INFO     ___FILE_ONLY___ us-central1-a
2022-11-21 15:18:56,234 INFO     ___FILE_ONLY___    
2022-11-21 15:18:56,234 INFO     ___FILE_ONLY___ 1.21.14-gke.9500
2022-11-21 15:18:56,234 INFO     ___FILE_ONLY___                      
2022-11-21 15:18:56,234 INFO     ___FILE_ONLY___ 35.193.78.54
2022-11-21 15:18:56,234 INFO     ___FILE_ONLY___      
2022-11-21 15:18:56,234 INFO     ___FILE_ONLY___ n1-standard-4
2022-11-21 15:18:56,234 INFO     ___FILE_ONLY___   
2022-11-21 15:18:56,234 INFO     ___FILE_ONLY___ 1.21.14-gke.9500
2022-11-21 15:18:56,234 INFO     ___FILE_ONLY___   
2022-11-21 15:18:56,234 INFO     ___FILE_ONLY___ 3
2022-11-21 15:18:56,234 INFO     ___FILE_ONLY___           
2022-11-21 15:18:56,234 INFO     ___FILE_ONLY___ RUNNING
2022-11-21 15:18:56,234 INFO     ___FILE_ONLY___ 

2022-11-21 15:18:56,234 INFO     ___FILE_ONLY___ jen-pxc-1263-29fdb3d8-24-cluster6
2022-11-21 15:18:56,234 INFO     ___FILE_ONLY___   
2022-11-21 15:18:56,234 INFO     ___FILE_ONLY___ us-central1-a
2022-11-21 15:18:56,234 INFO     ___FILE_ONLY___    
2022-11-21 15:18:56,234 INFO     ___FILE_ONLY___ 1.21.14-gke.9500
2022-11-21 15:18:56,234 INFO     ___FILE_ONLY___                      
2022-11-21 15:18:56,234 INFO     ___FILE_ONLY___ 104.197.140.84
2022-11-21 15:18:56,234 INFO     ___FILE_ONLY___    
2022-11-21 15:18:56,235 INFO     ___FILE_ONLY___ n1-standard-4
2022-11-21 15:18:56,235 INFO     ___FILE_ONLY___   
2022-11-21 15:18:56,235 INFO     ___FILE_ONLY___ 1.21.14-gke.9500
2022-11-21 15:18:56,235 INFO     ___FILE_ONLY___   
2022-11-21 15:18:56,235 INFO     ___FILE_ONLY___ 3
2022-11-21 15:18:56,235 INFO     ___FILE_ONLY___           
2022-11-21 15:18:56,235 INFO     ___FILE_ONLY___ RUNNING
2022-11-21 15:18:56,235 INFO     ___FILE_ONLY___ 

2022-11-21 15:18:56,235 INFO     ___FILE_ONLY___ jen-pxc-1263-29fdb3d8-24-cluster7
2022-11-21 15:18:56,235 INFO     ___FILE_ONLY___   
2022-11-21 15:18:56,235 INFO     ___FILE_ONLY___ us-central1-a
2022-11-21 15:18:56,235 INFO     ___FILE_ONLY___    
2022-11-21 15:18:56,235 INFO     ___FILE_ONLY___ 1.21.14-gke.9500
2022-11-21 15:18:56,235 INFO     ___FILE_ONLY___                      
2022-11-21 15:18:56,235 INFO     ___FILE_ONLY___ 34.122.87.192
2022-11-21 15:18:56,235 INFO     ___FILE_ONLY___     
2022-11-21 15:18:56,235 INFO     ___FILE_ONLY___ n1-standard-4
2022-11-21 15:18:56,235 INFO     ___FILE_ONLY___   
2022-11-21 15:18:56,235 INFO     ___FILE_ONLY___ 1.21.14-gke.9500
2022-11-21 15:18:56,235 INFO     ___FILE_ONLY___   
2022-11-21 15:18:56,235 INFO     ___FILE_ONLY___ 3
2022-11-21 15:18:56,235 INFO     ___FILE_ONLY___           
2022-11-21 15:18:56,235 INFO     ___FILE_ONLY___ RUNNING
2022-11-21 15:18:56,235 INFO     ___FILE_ONLY___ 

2022-11-21 15:18:56,235 INFO     ___FILE_ONLY___ jen-pxc-1263-29fdb3d8-24-cluster8
2022-11-21 15:18:56,235 INFO     ___FILE_ONLY___   
2022-11-21 15:18:56,235 INFO     ___FILE_ONLY___ us-central1-a
2022-11-21 15:18:56,235 INFO     ___FILE_ONLY___    
2022-11-21 15:18:56,235 INFO     ___FILE_ONLY___ 1.21.14-gke.9500
2022-11-21 15:18:56,235 INFO     ___FILE_ONLY___                      
2022-11-21 15:18:56,235 INFO     ___FILE_ONLY___ 35.193.141.87
2022-11-21 15:18:56,235 INFO     ___FILE_ONLY___     
2022-11-21 15:18:56,235 INFO     ___FILE_ONLY___ n1-standard-4
2022-11-21 15:18:56,235 INFO     ___FILE_ONLY___   
2022-11-21 15:18:56,235 INFO     ___FILE_ONLY___ 1.21.14-gke.9500
2022-11-21 15:18:56,235 INFO     ___FILE_ONLY___   
2022-11-21 15:18:56,235 INFO     ___FILE_ONLY___ 3
2022-11-21 15:18:56,235 INFO     ___FILE_ONLY___           
2022-11-21 15:18:56,235 INFO     ___FILE_ONLY___ RUNNING
2022-11-21 15:18:56,235 INFO     ___FILE_ONLY___ 

2022-11-21 15:18:56,235 INFO     ___FILE_ONLY___ jen-pxc-1263-29fdb3d8-24-cluster9
2022-11-21 15:18:56,235 INFO     ___FILE_ONLY___   
2022-11-21 15:18:56,235 INFO     ___FILE_ONLY___ us-central1-a
2022-11-21 15:18:56,235 INFO     ___FILE_ONLY___    
2022-11-21 15:18:56,235 INFO     ___FILE_ONLY___ 1.21.14-gke.9500
2022-11-21 15:18:56,235 INFO     ___FILE_ONLY___                      
2022-11-21 15:18:56,235 INFO     ___FILE_ONLY___ 34.68.9.138
2022-11-21 15:18:56,235 INFO     ___FILE_ONLY___       
2022-11-21 15:18:56,235 INFO     ___FILE_ONLY___ n1-standard-4
2022-11-21 15:18:56,236 INFO     ___FILE_ONLY___   
2022-11-21 15:18:56,236 INFO     ___FILE_ONLY___ 1.21.14-gke.9500
2022-11-21 15:18:56,236 INFO     ___FILE_ONLY___   
2022-11-21 15:18:56,236 INFO     ___FILE_ONLY___ 3
2022-11-21 15:18:56,236 INFO     ___FILE_ONLY___           
2022-11-21 15:18:56,236 INFO     ___FILE_ONLY___ RUNNING
2022-11-21 15:18:56,236 INFO     ___FILE_ONLY___ 

2022-11-21 15:18:56,236 INFO     ___FILE_ONLY___ jen-pxc-1268-2f5f6989-15-cluster2
2022-11-21 15:18:56,236 INFO     ___FILE_ONLY___   
2022-11-21 15:18:56,236 INFO     ___FILE_ONLY___ us-central1-a
2022-11-21 15:18:56,236 INFO     ___FILE_ONLY___    
2022-11-21 15:18:56,236 INFO     ___FILE_ONLY___ 1.21.14-gke.9500
2022-11-21 15:18:56,236 INFO     ___FILE_ONLY___                      
2022-11-21 15:18:56,236 INFO     ___FILE_ONLY___ 34.122.200.2
2022-11-21 15:18:56,236 INFO     ___FILE_ONLY___      
2022-11-21 15:18:56,236 INFO     ___FILE_ONLY___ n1-standard-4
2022-11-21 15:18:56,236 INFO     ___FILE_ONLY___   
2022-11-21 15:18:56,236 INFO     ___FILE_ONLY___ 1.21.14-gke.9500
2022-11-21 15:18:56,236 INFO     ___FILE_ONLY___   
2022-11-21 15:18:56,236 INFO     ___FILE_ONLY___ 3
2022-11-21 15:18:56,236 INFO     ___FILE_ONLY___           
2022-11-21 15:18:56,236 INFO     ___FILE_ONLY___ RUNNING
2022-11-21 15:18:56,236 INFO     ___FILE_ONLY___ 

2022-11-21 15:18:56,237 INFO     ___FILE_ONLY___ jen-pxc-1268-2f5f6989-15-cluster3
2022-11-21 15:18:56,237 INFO     ___FILE_ONLY___   
2022-11-21 15:18:56,237 INFO     ___FILE_ONLY___ us-central1-a
2022-11-21 15:18:56,237 INFO     ___FILE_ONLY___    
2022-11-21 15:18:56,237 INFO     ___FILE_ONLY___ 1.21.14-gke.9500
2022-11-21 15:18:56,237 INFO     ___FILE_ONLY___                      
2022-11-21 15:18:56,237 INFO     ___FILE_ONLY___ 35.238.92.237
2022-11-21 15:18:56,237 INFO     ___FILE_ONLY___     
2022-11-21 15:18:56,237 INFO     ___FILE_ONLY___ n1-standard-4
2022-11-21 15:18:56,237 INFO     ___FILE_ONLY___   
2022-11-21 15:18:56,237 INFO     ___FILE_ONLY___ 1.21.14-gke.9500
2022-11-21 15:18:56,237 INFO     ___FILE_ONLY___   
2022-11-21 15:18:56,237 INFO     ___FILE_ONLY___ 3
2022-11-21 15:18:56,237 INFO     ___FILE_ONLY___           
2022-11-21 15:18:56,237 INFO     ___FILE_ONLY___ RUNNING
2022-11-21 15:18:56,237 INFO     ___FILE_ONLY___ 

2022-11-21 15:18:56,237 INFO     ___FILE_ONLY___ jen-pxc-1268-2f5f6989-15-cluster4
2022-11-21 15:18:56,237 INFO     ___FILE_ONLY___   
2022-11-21 15:18:56,237 INFO     ___FILE_ONLY___ us-central1-a
2022-11-21 15:18:56,237 INFO     ___FILE_ONLY___    
2022-11-21 15:18:56,237 INFO     ___FILE_ONLY___ 1.21.14-gke.9500
2022-11-21 15:18:56,237 INFO     ___FILE_ONLY___                      
2022-11-21 15:18:56,237 INFO     ___FILE_ONLY___ 34.123.224.241
2022-11-21 15:18:56,237 INFO     ___FILE_ONLY___    
2022-11-21 15:18:56,237 INFO     ___FILE_ONLY___ n1-standard-4
2022-11-21 15:18:56,237 INFO     ___FILE_ONLY___   
2022-11-21 15:18:56,237 INFO     ___FILE_ONLY___ 1.21.14-gke.9500
2022-11-21 15:18:56,237 INFO     ___FILE_ONLY___   
2022-11-21 15:18:56,237 INFO     ___FILE_ONLY___ 3
2022-11-21 15:18:56,237 INFO     ___FILE_ONLY___           
2022-11-21 15:18:56,237 INFO     ___FILE_ONLY___ RUNNING
2022-11-21 15:18:56,237 INFO     ___FILE_ONLY___ 

2022-11-21 15:18:56,237 INFO     ___FILE_ONLY___ jen-pxc-1268-2f5f6989-15-cluster6
2022-11-21 15:18:56,237 INFO     ___FILE_ONLY___   
2022-11-21 15:18:56,237 INFO     ___FILE_ONLY___ us-central1-a
2022-11-21 15:18:56,237 INFO     ___FILE_ONLY___    
2022-11-21 15:18:56,237 INFO     ___FILE_ONLY___ 1.21.14-gke.9500
2022-11-21 15:18:56,237 INFO     ___FILE_ONLY___                      
2022-11-21 15:18:56,237 INFO     ___FILE_ONLY___ 34.122.10.42
2022-11-21 15:18:56,237 INFO     ___FILE_ONLY___      
2022-11-21 15:18:56,238 INFO     ___FILE_ONLY___ n1-standard-4
2022-11-21 15:18:56,238 INFO     ___FILE_ONLY___   
2022-11-21 15:18:56,238 INFO     ___FILE_ONLY___ 1.21.14-gke.9500
2022-11-21 15:18:56,238 INFO     ___FILE_ONLY___   
2022-11-21 15:18:56,238 INFO     ___FILE_ONLY___ 3
2022-11-21 15:18:56,238 INFO     ___FILE_ONLY___           
2022-11-21 15:18:56,238 INFO     ___FILE_ONLY___ RUNNING
2022-11-21 15:18:56,238 INFO     ___FILE_ONLY___ 

2022-11-21 15:18:56,238 INFO     ___FILE_ONLY___ jen-pxc-1268-2f5f6989-15-cluster9
2022-11-21 15:18:56,238 INFO     ___FILE_ONLY___   
2022-11-21 15:18:56,238 INFO     ___FILE_ONLY___ us-central1-a
2022-11-21 15:18:56,238 INFO     ___FILE_ONLY___    
2022-11-21 15:18:56,238 INFO     ___FILE_ONLY___ 1.21.14-gke.9500
2022-11-21 15:18:56,238 INFO     ___FILE_ONLY___                      
2022-11-21 15:18:56,238 INFO     ___FILE_ONLY___ 35.202.181.212
2022-11-21 15:18:56,238 INFO     ___FILE_ONLY___    
2022-11-21 15:18:56,238 INFO     ___FILE_ONLY___ n1-standard-4
2022-11-21 15:18:56,238 INFO     ___FILE_ONLY___   
2022-11-21 15:18:56,238 INFO     ___FILE_ONLY___ 1.21.14-gke.9500
2022-11-21 15:18:56,238 INFO     ___FILE_ONLY___   
2022-11-21 15:18:56,238 INFO     ___FILE_ONLY___ 3
2022-11-21 15:18:56,238 INFO     ___FILE_ONLY___           
2022-11-21 15:18:56,238 INFO     ___FILE_ONLY___ RUNNING
2022-11-21 15:18:56,238 INFO     ___FILE_ONLY___ 

2022-11-21 15:18:56,238 INFO     ___FILE_ONLY___ jen-pxc-1271-102b51ff-9-cluster4
2022-11-21 15:18:56,238 INFO     ___FILE_ONLY___    
2022-11-21 15:18:56,238 INFO     ___FILE_ONLY___ us-central1-a
2022-11-21 15:18:56,238 INFO     ___FILE_ONLY___    
2022-11-21 15:18:56,238 INFO     ___FILE_ONLY___ 1.21.14-gke.9500
2022-11-21 15:18:56,238 INFO     ___FILE_ONLY___                      
2022-11-21 15:18:56,238 INFO     ___FILE_ONLY___ 34.135.250.73
2022-11-21 15:18:56,238 INFO     ___FILE_ONLY___     
2022-11-21 15:18:56,238 INFO     ___FILE_ONLY___ n1-standard-4
2022-11-21 15:18:56,238 INFO     ___FILE_ONLY___   
2022-11-21 15:18:56,238 INFO     ___FILE_ONLY___ 1.21.14-gke.9500
2022-11-21 15:18:56,238 INFO     ___FILE_ONLY___   
2022-11-21 15:18:56,238 INFO     ___FILE_ONLY___ 3
2022-11-21 15:18:56,238 INFO     ___FILE_ONLY___           
2022-11-21 15:18:56,238 INFO     ___FILE_ONLY___ RUNNING
2022-11-21 15:18:56,238 INFO     ___FILE_ONLY___ 

2022-11-21 15:18:56,238 INFO     ___FILE_ONLY___ jen-pxc-1273-684beb54-11-cluster2
2022-11-21 15:18:56,238 INFO     ___FILE_ONLY___   
2022-11-21 15:18:56,238 INFO     ___FILE_ONLY___ us-central1-a
2022-11-21 15:18:56,238 INFO     ___FILE_ONLY___    
2022-11-21 15:18:56,238 INFO     ___FILE_ONLY___ 1.21.14-gke.9500
2022-11-21 15:18:56,238 INFO     ___FILE_ONLY___                      
2022-11-21 15:18:56,238 INFO     ___FILE_ONLY___ 34.71.123.133
2022-11-21 15:18:56,238 INFO     ___FILE_ONLY___     
2022-11-21 15:18:56,238 INFO     ___FILE_ONLY___ n1-standard-4
2022-11-21 15:18:56,238 INFO     ___FILE_ONLY___   
2022-11-21 15:18:56,239 INFO     ___FILE_ONLY___ 1.21.14-gke.9500
2022-11-21 15:18:56,239 INFO     ___FILE_ONLY___   
2022-11-21 15:18:56,239 INFO     ___FILE_ONLY___ 3
2022-11-21 15:18:56,239 INFO     ___FILE_ONLY___           
2022-11-21 15:18:56,239 INFO     ___FILE_ONLY___ RUNNING
2022-11-21 15:18:56,239 INFO     ___FILE_ONLY___ 

2022-11-21 15:18:56,239 INFO     ___FILE_ONLY___ jen-pxc-1273-684beb54-11-cluster4
2022-11-21 15:18:56,239 INFO     ___FILE_ONLY___   
2022-11-21 15:18:56,239 INFO     ___FILE_ONLY___ us-central1-a
2022-11-21 15:18:56,239 INFO     ___FILE_ONLY___    
2022-11-21 15:18:56,239 INFO     ___FILE_ONLY___ 1.21.14-gke.9500
2022-11-21 15:18:56,239 INFO     ___FILE_ONLY___                      
2022-11-21 15:18:56,239 INFO     ___FILE_ONLY___ 35.184.112.31
2022-11-21 15:18:56,239 INFO     ___FILE_ONLY___     
2022-11-21 15:18:56,239 INFO     ___FILE_ONLY___ n1-standard-4
2022-11-21 15:18:56,239 INFO     ___FILE_ONLY___   
2022-11-21 15:18:56,239 INFO     ___FILE_ONLY___ 1.21.14-gke.9500
2022-11-21 15:18:56,239 INFO     ___FILE_ONLY___   
2022-11-21 15:18:56,239 INFO     ___FILE_ONLY___ 3
2022-11-21 15:18:56,239 INFO     ___FILE_ONLY___           
2022-11-21 15:18:56,239 INFO     ___FILE_ONLY___ RUNNING
2022-11-21 15:18:56,239 INFO     ___FILE_ONLY___ 

2022-11-21 15:18:56,239 INFO     ___FILE_ONLY___ jen-pxc-1273-684beb54-11-cluster5
2022-11-21 15:18:56,239 INFO     ___FILE_ONLY___   
2022-11-21 15:18:56,239 INFO     ___FILE_ONLY___ us-central1-a
2022-11-21 15:18:56,239 INFO     ___FILE_ONLY___    
2022-11-21 15:18:56,239 INFO     ___FILE_ONLY___ 1.21.14-gke.9500
2022-11-21 15:18:56,239 INFO     ___FILE_ONLY___                      
2022-11-21 15:18:56,239 INFO     ___FILE_ONLY___ 34.69.28.74
2022-11-21 15:18:56,239 INFO     ___FILE_ONLY___       
2022-11-21 15:18:56,239 INFO     ___FILE_ONLY___ n1-standard-4
2022-11-21 15:18:56,239 INFO     ___FILE_ONLY___   
2022-11-21 15:18:56,239 INFO     ___FILE_ONLY___ 1.21.14-gke.9500
2022-11-21 15:18:56,239 INFO     ___FILE_ONLY___   
2022-11-21 15:18:56,239 INFO     ___FILE_ONLY___ 3
2022-11-21 15:18:56,239 INFO     ___FILE_ONLY___           
2022-11-21 15:18:56,239 INFO     ___FILE_ONLY___ RUNNING
2022-11-21 15:18:56,239 INFO     ___FILE_ONLY___ 

2022-11-21 15:18:56,239 INFO     ___FILE_ONLY___ jen-pxc-1273-684beb54-11-cluster8
2022-11-21 15:18:56,239 INFO     ___FILE_ONLY___   
2022-11-21 15:18:56,240 INFO     ___FILE_ONLY___ us-central1-a
2022-11-21 15:18:56,240 INFO     ___FILE_ONLY___    
2022-11-21 15:18:56,240 INFO     ___FILE_ONLY___ 1.21.14-gke.9500
2022-11-21 15:18:56,240 INFO     ___FILE_ONLY___                      
2022-11-21 15:18:56,240 INFO     ___FILE_ONLY___ 34.134.96.191
2022-11-21 15:18:56,240 INFO     ___FILE_ONLY___     
2022-11-21 15:18:56,240 INFO     ___FILE_ONLY___ n1-standard-4
2022-11-21 15:18:56,240 INFO     ___FILE_ONLY___   
2022-11-21 15:18:56,240 INFO     ___FILE_ONLY___ 1.21.14-gke.9500
2022-11-21 15:18:56,240 INFO     ___FILE_ONLY___   
2022-11-21 15:18:56,240 INFO     ___FILE_ONLY___ 3
2022-11-21 15:18:56,240 INFO     ___FILE_ONLY___           
2022-11-21 15:18:56,240 INFO     ___FILE_ONLY___ RUNNING
2022-11-21 15:18:56,240 INFO     ___FILE_ONLY___ 

2022-11-21 15:18:56,240 INFO     ___FILE_ONLY___ jen-pxc-1273-684beb54-11-cluster9
2022-11-21 15:18:56,240 INFO     ___FILE_ONLY___   
2022-11-21 15:18:56,240 INFO     ___FILE_ONLY___ us-central1-a
2022-11-21 15:18:56,240 INFO     ___FILE_ONLY___    
2022-11-21 15:18:56,240 INFO     ___FILE_ONLY___ 1.21.14-gke.9500
2022-11-21 15:18:56,240 INFO     ___FILE_ONLY___                      
2022-11-21 15:18:56,240 INFO     ___FILE_ONLY___ 34.133.215.135
2022-11-21 15:18:56,240 INFO     ___FILE_ONLY___    
2022-11-21 15:18:56,240 INFO     ___FILE_ONLY___ n1-standard-4
2022-11-21 15:18:56,240 INFO     ___FILE_ONLY___   
2022-11-21 15:18:56,240 INFO     ___FILE_ONLY___ 1.21.14-gke.9500
2022-11-21 15:18:56,240 INFO     ___FILE_ONLY___   
2022-11-21 15:18:56,240 INFO     ___FILE_ONLY___ 3
2022-11-21 15:18:56,240 INFO     ___FILE_ONLY___           
2022-11-21 15:18:56,240 INFO     ___FILE_ONLY___ RUNNING
2022-11-21 15:18:56,240 INFO     ___FILE_ONLY___ 

2022-11-21 15:18:56,240 INFO     ___FILE_ONLY___ jen-pxc-1275-bd1e4a73-7-cluster2
2022-11-21 15:18:56,240 INFO     ___FILE_ONLY___    
2022-11-21 15:18:56,240 INFO     ___FILE_ONLY___ us-central1-a
2022-11-21 15:18:56,240 INFO     ___FILE_ONLY___    
2022-11-21 15:18:56,240 INFO     ___FILE_ONLY___ 1.21.14-gke.9500
2022-11-21 15:18:56,240 INFO     ___FILE_ONLY___                      
2022-11-21 15:18:56,240 INFO     ___FILE_ONLY___ 35.232.34.139
2022-11-21 15:18:56,240 INFO     ___FILE_ONLY___     
2022-11-21 15:18:56,240 INFO     ___FILE_ONLY___ n1-standard-4
2022-11-21 15:18:56,240 INFO     ___FILE_ONLY___   
2022-11-21 15:18:56,241 INFO     ___FILE_ONLY___ 1.21.14-gke.9500
2022-11-21 15:18:56,241 INFO     ___FILE_ONLY___   
2022-11-21 15:18:56,241 INFO     ___FILE_ONLY___ 3
2022-11-21 15:18:56,241 INFO     ___FILE_ONLY___           
2022-11-21 15:18:56,241 INFO     ___FILE_ONLY___ RUNNING
2022-11-21 15:18:56,241 INFO     ___FILE_ONLY___ 

2022-11-21 15:18:56,241 INFO     ___FILE_ONLY___ jen-pxc-1275-bd1e4a73-7-cluster4
2022-11-21 15:18:56,241 INFO     ___FILE_ONLY___    
2022-11-21 15:18:56,241 INFO     ___FILE_ONLY___ us-central1-a
2022-11-21 15:18:56,241 INFO     ___FILE_ONLY___    
2022-11-21 15:18:56,241 INFO     ___FILE_ONLY___ 1.21.14-gke.9500
2022-11-21 15:18:56,241 INFO     ___FILE_ONLY___                      
2022-11-21 15:18:56,241 INFO     ___FILE_ONLY___ 35.194.49.166
2022-11-21 15:18:56,241 INFO     ___FILE_ONLY___     
2022-11-21 15:18:56,241 INFO     ___FILE_ONLY___ n1-standard-4
2022-11-21 15:18:56,241 INFO     ___FILE_ONLY___   
2022-11-21 15:18:56,241 INFO     ___FILE_ONLY___ 1.21.14-gke.9500
2022-11-21 15:18:56,241 INFO     ___FILE_ONLY___   
2022-11-21 15:18:56,241 INFO     ___FILE_ONLY___ 3
2022-11-21 15:18:56,241 INFO     ___FILE_ONLY___           
2022-11-21 15:18:56,241 INFO     ___FILE_ONLY___ RUNNING
2022-11-21 15:18:56,241 INFO     ___FILE_ONLY___ 

2022-11-21 15:18:56,241 INFO     ___FILE_ONLY___ jen-pxc-1275-bd1e4a73-7-cluster5
2022-11-21 15:18:56,241 INFO     ___FILE_ONLY___    
2022-11-21 15:18:56,241 INFO     ___FILE_ONLY___ us-central1-a
2022-11-21 15:18:56,241 INFO     ___FILE_ONLY___    
2022-11-21 15:18:56,241 INFO     ___FILE_ONLY___ 1.21.14-gke.9500
2022-11-21 15:18:56,241 INFO     ___FILE_ONLY___                      
2022-11-21 15:18:56,241 INFO     ___FILE_ONLY___ 34.68.97.185
2022-11-21 15:18:56,241 INFO     ___FILE_ONLY___      
2022-11-21 15:18:56,241 INFO     ___FILE_ONLY___ n1-standard-4
2022-11-21 15:18:56,241 INFO     ___FILE_ONLY___   
2022-11-21 15:18:56,241 INFO     ___FILE_ONLY___ 1.21.14-gke.9500
2022-11-21 15:18:56,241 INFO     ___FILE_ONLY___   
2022-11-21 15:18:56,241 INFO     ___FILE_ONLY___ 3
2022-11-21 15:18:56,241 INFO     ___FILE_ONLY___           
2022-11-21 15:18:56,241 INFO     ___FILE_ONLY___ RUNNING
2022-11-21 15:18:56,241 INFO     ___FILE_ONLY___ 

2022-11-21 15:18:56,241 INFO     ___FILE_ONLY___ jen-pxc-1275-bd1e4a73-7-cluster9
2022-11-21 15:18:56,241 INFO     ___FILE_ONLY___    
2022-11-21 15:18:56,241 INFO     ___FILE_ONLY___ us-central1-a
2022-11-21 15:18:56,241 INFO     ___FILE_ONLY___    
2022-11-21 15:18:56,241 INFO     ___FILE_ONLY___ 1.21.14-gke.9500
2022-11-21 15:18:56,241 INFO     ___FILE_ONLY___                      
2022-11-21 15:18:56,241 INFO     ___FILE_ONLY___ 34.132.103.204
2022-11-21 15:18:56,242 INFO     ___FILE_ONLY___    
2022-11-21 15:18:56,242 INFO     ___FILE_ONLY___ n1-standard-4
2022-11-21 15:18:56,242 INFO     ___FILE_ONLY___   
2022-11-21 15:18:56,242 INFO     ___FILE_ONLY___ 1.21.14-gke.9500
2022-11-21 15:18:56,242 INFO     ___FILE_ONLY___   
2022-11-21 15:18:56,242 INFO     ___FILE_ONLY___ 3
2022-11-21 15:18:56,242 INFO     ___FILE_ONLY___           
2022-11-21 15:18:56,242 INFO     ___FILE_ONLY___ RUNNING
2022-11-21 15:18:56,242 INFO     ___FILE_ONLY___ 

2022-11-21 15:18:56,242 INFO     ___FILE_ONLY___ jen-pxc-1276-26fde0da-4-cluster1
2022-11-21 15:18:56,242 INFO     ___FILE_ONLY___    
2022-11-21 15:18:56,242 INFO     ___FILE_ONLY___ us-central1-a
2022-11-21 15:18:56,242 INFO     ___FILE_ONLY___    
2022-11-21 15:18:56,242 INFO     ___FILE_ONLY___ 1.21.14-gke.9500
2022-11-21 15:18:56,242 INFO     ___FILE_ONLY___                      
2022-11-21 15:18:56,242 INFO     ___FILE_ONLY___ 34.134.96.31
2022-11-21 15:18:56,242 INFO     ___FILE_ONLY___      
2022-11-21 15:18:56,242 INFO     ___FILE_ONLY___ n1-standard-4
2022-11-21 15:18:56,242 INFO     ___FILE_ONLY___   
2022-11-21 15:18:56,242 INFO     ___FILE_ONLY___ 1.21.14-gke.9500
2022-11-21 15:18:56,242 INFO     ___FILE_ONLY___   
2022-11-21 15:18:56,242 INFO     ___FILE_ONLY___ 3
2022-11-21 15:18:56,242 INFO     ___FILE_ONLY___           
2022-11-21 15:18:56,242 INFO     ___FILE_ONLY___ RUNNING
2022-11-21 15:18:56,242 INFO     ___FILE_ONLY___ 

2022-11-21 15:18:56,242 INFO     ___FILE_ONLY___ jen-pxc-1276-26fde0da-4-cluster2
2022-11-21 15:18:56,242 INFO     ___FILE_ONLY___    
2022-11-21 15:18:56,242 INFO     ___FILE_ONLY___ us-central1-a
2022-11-21 15:18:56,242 INFO     ___FILE_ONLY___    
2022-11-21 15:18:56,242 INFO     ___FILE_ONLY___ 1.21.14-gke.9500
2022-11-21 15:18:56,242 INFO     ___FILE_ONLY___                      
2022-11-21 15:18:56,242 INFO     ___FILE_ONLY___ 34.66.83.176
2022-11-21 15:18:56,242 INFO     ___FILE_ONLY___      
2022-11-21 15:18:56,242 INFO     ___FILE_ONLY___ n1-standard-4
2022-11-21 15:18:56,242 INFO     ___FILE_ONLY___   
2022-11-21 15:18:56,242 INFO     ___FILE_ONLY___ 1.21.14-gke.9500
2022-11-21 15:18:56,242 INFO     ___FILE_ONLY___   
2022-11-21 15:18:56,242 INFO     ___FILE_ONLY___ 3
2022-11-21 15:18:56,242 INFO     ___FILE_ONLY___           
2022-11-21 15:18:56,243 INFO     ___FILE_ONLY___ RUNNING
2022-11-21 15:18:56,243 INFO     ___FILE_ONLY___ 

2022-11-21 15:18:56,243 INFO     ___FILE_ONLY___ jen-pxc-1276-26fde0da-4-cluster3
2022-11-21 15:18:56,243 INFO     ___FILE_ONLY___    
2022-11-21 15:18:56,243 INFO     ___FILE_ONLY___ us-central1-a
2022-11-21 15:18:56,243 INFO     ___FILE_ONLY___    
2022-11-21 15:18:56,243 INFO     ___FILE_ONLY___ 1.21.14-gke.9500
2022-11-21 15:18:56,243 INFO     ___FILE_ONLY___                      
2022-11-21 15:18:56,243 INFO     ___FILE_ONLY___ 104.198.213.7
2022-11-21 15:18:56,243 INFO     ___FILE_ONLY___     
2022-11-21 15:18:56,243 INFO     ___FILE_ONLY___ n1-standard-4
2022-11-21 15:18:56,243 INFO     ___FILE_ONLY___   
2022-11-21 15:18:56,243 INFO     ___FILE_ONLY___ 1.21.14-gke.9500
2022-11-21 15:18:56,243 INFO     ___FILE_ONLY___   
2022-11-21 15:18:56,243 INFO     ___FILE_ONLY___ 3
2022-11-21 15:18:56,243 INFO     ___FILE_ONLY___           
2022-11-21 15:18:56,243 INFO     ___FILE_ONLY___ RUNNING
2022-11-21 15:18:56,243 INFO     ___FILE_ONLY___ 

2022-11-21 15:18:56,243 INFO     ___FILE_ONLY___ jen-pxc-1276-26fde0da-4-cluster4
2022-11-21 15:18:56,243 INFO     ___FILE_ONLY___    
2022-11-21 15:18:56,243 INFO     ___FILE_ONLY___ us-central1-a
2022-11-21 15:18:56,243 INFO     ___FILE_ONLY___    
2022-11-21 15:18:56,243 INFO     ___FILE_ONLY___ 1.21.14-gke.9500
2022-11-21 15:18:56,243 INFO     ___FILE_ONLY___                      
2022-11-21 15:18:56,243 INFO     ___FILE_ONLY___ 34.173.27.226
2022-11-21 15:18:56,243 INFO     ___FILE_ONLY___     
2022-11-21 15:18:56,243 INFO     ___FILE_ONLY___ n1-standard-4
2022-11-21 15:18:56,243 INFO     ___FILE_ONLY___   
2022-11-21 15:18:56,243 INFO     ___FILE_ONLY___ 1.21.14-gke.9500
2022-11-21 15:18:56,243 INFO     ___FILE_ONLY___   
2022-11-21 15:18:56,244 INFO     ___FILE_ONLY___ 3
2022-11-21 15:18:56,244 INFO     ___FILE_ONLY___           
2022-11-21 15:18:56,244 INFO     ___FILE_ONLY___ RUNNING
2022-11-21 15:18:56,244 INFO     ___FILE_ONLY___ 

2022-11-21 15:18:56,244 INFO     ___FILE_ONLY___ jen-pxc-1276-26fde0da-4-cluster5
2022-11-21 15:18:56,244 INFO     ___FILE_ONLY___    
2022-11-21 15:18:56,244 INFO     ___FILE_ONLY___ us-central1-a
2022-11-21 15:18:56,244 INFO     ___FILE_ONLY___    
2022-11-21 15:18:56,244 INFO     ___FILE_ONLY___ 1.21.14-gke.9500
2022-11-21 15:18:56,244 INFO     ___FILE_ONLY___                      
2022-11-21 15:18:56,244 INFO     ___FILE_ONLY___ 104.154.211.230
2022-11-21 15:18:56,244 INFO     ___FILE_ONLY___   
2022-11-21 15:18:56,244 INFO     ___FILE_ONLY___ n1-standard-4
2022-11-21 15:18:56,244 INFO     ___FILE_ONLY___   
2022-11-21 15:18:56,244 INFO     ___FILE_ONLY___ 1.21.14-gke.9500
2022-11-21 15:18:56,244 INFO     ___FILE_ONLY___   
2022-11-21 15:18:56,244 INFO     ___FILE_ONLY___ 3
2022-11-21 15:18:56,244 INFO     ___FILE_ONLY___           
2022-11-21 15:18:56,244 INFO     ___FILE_ONLY___ RUNNING
2022-11-21 15:18:56,244 INFO     ___FILE_ONLY___ 

2022-11-21 15:18:56,244 INFO     ___FILE_ONLY___ jen-pxc-1276-26fde0da-4-cluster6
2022-11-21 15:18:56,244 INFO     ___FILE_ONLY___    
2022-11-21 15:18:56,244 INFO     ___FILE_ONLY___ us-central1-a
2022-11-21 15:18:56,244 INFO     ___FILE_ONLY___    
2022-11-21 15:18:56,244 INFO     ___FILE_ONLY___ 1.21.14-gke.9500
2022-11-21 15:18:56,244 INFO     ___FILE_ONLY___                      
2022-11-21 15:18:56,244 INFO     ___FILE_ONLY___ 104.154.101.68
2022-11-21 15:18:56,244 INFO     ___FILE_ONLY___    
2022-11-21 15:18:56,244 INFO     ___FILE_ONLY___ n1-standard-4
2022-11-21 15:18:56,244 INFO     ___FILE_ONLY___   
2022-11-21 15:18:56,244 INFO     ___FILE_ONLY___ 1.21.14-gke.9500
2022-11-21 15:18:56,244 INFO     ___FILE_ONLY___   
2022-11-21 15:18:56,244 INFO     ___FILE_ONLY___ 3
2022-11-21 15:18:56,244 INFO     ___FILE_ONLY___           
2022-11-21 15:18:56,244 INFO     ___FILE_ONLY___ RUNNING
2022-11-21 15:18:56,244 INFO     ___FILE_ONLY___ 

2022-11-21 15:18:56,244 INFO     ___FILE_ONLY___ jen-pxc-1276-26fde0da-4-cluster7
2022-11-21 15:18:56,244 INFO     ___FILE_ONLY___    
2022-11-21 15:18:56,244 INFO     ___FILE_ONLY___ us-central1-a
2022-11-21 15:18:56,244 INFO     ___FILE_ONLY___    
2022-11-21 15:18:56,244 INFO     ___FILE_ONLY___ 1.21.14-gke.9500
2022-11-21 15:18:56,244 INFO     ___FILE_ONLY___                      
2022-11-21 15:18:56,245 INFO     ___FILE_ONLY___ 34.70.24.49
2022-11-21 15:18:56,245 INFO     ___FILE_ONLY___       
2022-11-21 15:18:56,245 INFO     ___FILE_ONLY___ n1-standard-4
2022-11-21 15:18:56,245 INFO     ___FILE_ONLY___   
2022-11-21 15:18:56,245 INFO     ___FILE_ONLY___ 1.21.14-gke.9500
2022-11-21 15:18:56,245 INFO     ___FILE_ONLY___   
2022-11-21 15:18:56,245 INFO     ___FILE_ONLY___ 3
2022-11-21 15:18:56,245 INFO     ___FILE_ONLY___           
2022-11-21 15:18:56,245 INFO     ___FILE_ONLY___ RUNNING
2022-11-21 15:18:56,245 INFO     ___FILE_ONLY___ 

2022-11-21 15:18:56,245 INFO     ___FILE_ONLY___ jen-pxc-1276-26fde0da-4-cluster8
2022-11-21 15:18:56,245 INFO     ___FILE_ONLY___    
2022-11-21 15:18:56,245 INFO     ___FILE_ONLY___ us-central1-a
2022-11-21 15:18:56,245 INFO     ___FILE_ONLY___    
2022-11-21 15:18:56,245 INFO     ___FILE_ONLY___ 1.21.14-gke.9500
2022-11-21 15:18:56,245 INFO     ___FILE_ONLY___                      
2022-11-21 15:18:56,245 INFO     ___FILE_ONLY___ 35.225.29.147
2022-11-21 15:18:56,245 INFO     ___FILE_ONLY___     
2022-11-21 15:18:56,245 INFO     ___FILE_ONLY___ n1-standard-4
2022-11-21 15:18:56,245 INFO     ___FILE_ONLY___   
2022-11-21 15:18:56,245 INFO     ___FILE_ONLY___ 1.21.14-gke.9500
2022-11-21 15:18:56,245 INFO     ___FILE_ONLY___   
2022-11-21 15:18:56,245 INFO     ___FILE_ONLY___ 3
2022-11-21 15:18:56,245 INFO     ___FILE_ONLY___           
2022-11-21 15:18:56,245 INFO     ___FILE_ONLY___ RUNNING
2022-11-21 15:18:56,245 INFO     ___FILE_ONLY___ 

2022-11-21 15:18:56,245 INFO     ___FILE_ONLY___ jen-pxc-1276-26fde0da-4-cluster9
2022-11-21 15:18:56,245 INFO     ___FILE_ONLY___    
2022-11-21 15:18:56,245 INFO     ___FILE_ONLY___ us-central1-a
2022-11-21 15:18:56,245 INFO     ___FILE_ONLY___    
2022-11-21 15:18:56,245 INFO     ___FILE_ONLY___ 1.21.14-gke.9500
2022-11-21 15:18:56,245 INFO     ___FILE_ONLY___                      
2022-11-21 15:18:56,245 INFO     ___FILE_ONLY___ 34.68.148.48
2022-11-21 15:18:56,245 INFO     ___FILE_ONLY___      
2022-11-21 15:18:56,245 INFO     ___FILE_ONLY___ n1-standard-4
2022-11-21 15:18:56,245 INFO     ___FILE_ONLY___   
2022-11-21 15:18:56,245 INFO     ___FILE_ONLY___ 1.21.14-gke.9500
2022-11-21 15:18:56,245 INFO     ___FILE_ONLY___   
2022-11-21 15:18:56,245 INFO     ___FILE_ONLY___ 3
2022-11-21 15:18:56,245 INFO     ___FILE_ONLY___           
2022-11-21 15:18:56,245 INFO     ___FILE_ONLY___ RUNNING
2022-11-21 15:18:56,246 INFO     ___FILE_ONLY___ 

2022-11-21 15:18:56,246 INFO     ___FILE_ONLY___ jen-pxc-1277-36250f92-1-cluster1
2022-11-21 15:18:56,246 INFO     ___FILE_ONLY___    
2022-11-21 15:18:56,246 INFO     ___FILE_ONLY___ us-central1-a
2022-11-21 15:18:56,246 INFO     ___FILE_ONLY___    
2022-11-21 15:18:56,246 INFO     ___FILE_ONLY___ 1.21.14-gke.9500
2022-11-21 15:18:56,246 INFO     ___FILE_ONLY___                      
2022-11-21 15:18:56,246 INFO     ___FILE_ONLY___ 35.193.42.89
2022-11-21 15:18:56,246 INFO     ___FILE_ONLY___      
2022-11-21 15:18:56,246 INFO     ___FILE_ONLY___ n1-standard-4
2022-11-21 15:18:56,246 INFO     ___FILE_ONLY___   
2022-11-21 15:18:56,246 INFO     ___FILE_ONLY___ 1.21.14-gke.9500
2022-11-21 15:18:56,246 INFO     ___FILE_ONLY___   
2022-11-21 15:18:56,246 INFO     ___FILE_ONLY___ 3
2022-11-21 15:18:56,246 INFO     ___FILE_ONLY___           
2022-11-21 15:18:56,246 INFO     ___FILE_ONLY___ RUNNING
2022-11-21 15:18:56,246 INFO     ___FILE_ONLY___ 

2022-11-21 15:18:56,246 INFO     ___FILE_ONLY___ jen-pxc-1277-36250f92-1-cluster2
2022-11-21 15:18:56,246 INFO     ___FILE_ONLY___    
2022-11-21 15:18:56,246 INFO     ___FILE_ONLY___ us-central1-a
2022-11-21 15:18:56,246 INFO     ___FILE_ONLY___    
2022-11-21 15:18:56,246 INFO     ___FILE_ONLY___ 1.21.14-gke.9500
2022-11-21 15:18:56,246 INFO     ___FILE_ONLY___                      
2022-11-21 15:18:56,246 INFO     ___FILE_ONLY___ 34.132.55.221
2022-11-21 15:18:56,246 INFO     ___FILE_ONLY___     
2022-11-21 15:18:56,246 INFO     ___FILE_ONLY___ n1-standard-4
2022-11-21 15:18:56,246 INFO     ___FILE_ONLY___   
2022-11-21 15:18:56,246 INFO     ___FILE_ONLY___ 1.21.14-gke.9500
2022-11-21 15:18:56,246 INFO     ___FILE_ONLY___   
2022-11-21 15:18:56,246 INFO     ___FILE_ONLY___ 3
2022-11-21 15:18:56,246 INFO     ___FILE_ONLY___           
2022-11-21 15:18:56,246 INFO     ___FILE_ONLY___ RUNNING
2022-11-21 15:18:56,246 INFO     ___FILE_ONLY___ 

2022-11-21 15:18:56,246 INFO     ___FILE_ONLY___ jen-pxc-1277-36250f92-1-cluster3
2022-11-21 15:18:56,246 INFO     ___FILE_ONLY___    
2022-11-21 15:18:56,246 INFO     ___FILE_ONLY___ us-central1-a
2022-11-21 15:18:56,246 INFO     ___FILE_ONLY___    
2022-11-21 15:18:56,246 INFO     ___FILE_ONLY___ 1.21.14-gke.9500
2022-11-21 15:18:56,246 INFO     ___FILE_ONLY___                      
2022-11-21 15:18:56,246 INFO     ___FILE_ONLY___ 104.197.200.200
2022-11-21 15:18:56,246 INFO     ___FILE_ONLY___   
2022-11-21 15:18:56,247 INFO     ___FILE_ONLY___ n1-standard-4
2022-11-21 15:18:56,247 INFO     ___FILE_ONLY___   
2022-11-21 15:18:56,247 INFO     ___FILE_ONLY___ 1.21.14-gke.9500
2022-11-21 15:18:56,247 INFO     ___FILE_ONLY___   
2022-11-21 15:18:56,247 INFO     ___FILE_ONLY___ 3
2022-11-21 15:18:56,247 INFO     ___FILE_ONLY___           
2022-11-21 15:18:56,247 INFO     ___FILE_ONLY___ RUNNING
2022-11-21 15:18:56,247 INFO     ___FILE_ONLY___ 

2022-11-21 15:18:56,247 INFO     ___FILE_ONLY___ jen-pxc-1277-36250f92-1-cluster4
2022-11-21 15:18:56,247 INFO     ___FILE_ONLY___    
2022-11-21 15:18:56,247 INFO     ___FILE_ONLY___ us-central1-a
2022-11-21 15:18:56,247 INFO     ___FILE_ONLY___    
2022-11-21 15:18:56,247 INFO     ___FILE_ONLY___ 1.21.14-gke.9500
2022-11-21 15:18:56,247 INFO     ___FILE_ONLY___                      
2022-11-21 15:18:56,247 INFO     ___FILE_ONLY___ 35.202.23.121
2022-11-21 15:18:56,247 INFO     ___FILE_ONLY___     
2022-11-21 15:18:56,247 INFO     ___FILE_ONLY___ n1-standard-4
2022-11-21 15:18:56,247 INFO     ___FILE_ONLY___   
2022-11-21 15:18:56,247 INFO     ___FILE_ONLY___ 1.21.14-gke.9500
2022-11-21 15:18:56,247 INFO     ___FILE_ONLY___   
2022-11-21 15:18:56,247 INFO     ___FILE_ONLY___ 3
2022-11-21 15:18:56,247 INFO     ___FILE_ONLY___           
2022-11-21 15:18:56,247 INFO     ___FILE_ONLY___ RUNNING
2022-11-21 15:18:56,247 INFO     ___FILE_ONLY___ 

2022-11-21 15:18:56,247 INFO     ___FILE_ONLY___ jen-pxc-1277-36250f92-1-cluster5
2022-11-21 15:18:56,247 INFO     ___FILE_ONLY___    
2022-11-21 15:18:56,247 INFO     ___FILE_ONLY___ us-central1-a
2022-11-21 15:18:56,247 INFO     ___FILE_ONLY___    
2022-11-21 15:18:56,247 INFO     ___FILE_ONLY___ 1.21.14-gke.9500
2022-11-21 15:18:56,247 INFO     ___FILE_ONLY___                      
2022-11-21 15:18:56,247 INFO     ___FILE_ONLY___ 34.67.33.208
2022-11-21 15:18:56,247 INFO     ___FILE_ONLY___      
2022-11-21 15:18:56,247 INFO     ___FILE_ONLY___ n1-standard-4
2022-11-21 15:18:56,247 INFO     ___FILE_ONLY___   
2022-11-21 15:18:56,247 INFO     ___FILE_ONLY___ 1.21.14-gke.9500
2022-11-21 15:18:56,247 INFO     ___FILE_ONLY___   
2022-11-21 15:18:56,247 INFO     ___FILE_ONLY___ 3
2022-11-21 15:18:56,247 INFO     ___FILE_ONLY___           
2022-11-21 15:18:56,247 INFO     ___FILE_ONLY___ RUNNING
2022-11-21 15:18:56,247 INFO     ___FILE_ONLY___ 

2022-11-21 15:18:56,247 INFO     ___FILE_ONLY___ jen-pxc-1277-36250f92-1-cluster6
2022-11-21 15:18:56,247 INFO     ___FILE_ONLY___    
2022-11-21 15:18:56,248 INFO     ___FILE_ONLY___ us-central1-a
2022-11-21 15:18:56,248 INFO     ___FILE_ONLY___    
2022-11-21 15:18:56,248 INFO     ___FILE_ONLY___ 1.21.14-gke.9500
2022-11-21 15:18:56,248 INFO     ___FILE_ONLY___                      
2022-11-21 15:18:56,248 INFO     ___FILE_ONLY___ 35.238.15.125
2022-11-21 15:18:56,248 INFO     ___FILE_ONLY___     
2022-11-21 15:18:56,248 INFO     ___FILE_ONLY___ n1-standard-4
2022-11-21 15:18:56,248 INFO     ___FILE_ONLY___   
2022-11-21 15:18:56,248 INFO     ___FILE_ONLY___ 1.21.14-gke.9500
2022-11-21 15:18:56,248 INFO     ___FILE_ONLY___   
2022-11-21 15:18:56,248 INFO     ___FILE_ONLY___ 3
2022-11-21 15:18:56,248 INFO     ___FILE_ONLY___           
2022-11-21 15:18:56,248 INFO     ___FILE_ONLY___ RUNNING
2022-11-21 15:18:56,248 INFO     ___FILE_ONLY___ 

2022-11-21 15:18:56,248 INFO     ___FILE_ONLY___ jen-pxc-1277-36250f92-1-cluster7
2022-11-21 15:18:56,248 INFO     ___FILE_ONLY___    
2022-11-21 15:18:56,248 INFO     ___FILE_ONLY___ us-central1-a
2022-11-21 15:18:56,248 INFO     ___FILE_ONLY___    
2022-11-21 15:18:56,248 INFO     ___FILE_ONLY___ 1.21.14-gke.9500
2022-11-21 15:18:56,248 INFO     ___FILE_ONLY___                      
2022-11-21 15:18:56,248 INFO     ___FILE_ONLY___ 34.136.5.40
2022-11-21 15:18:56,248 INFO     ___FILE_ONLY___       
2022-11-21 15:18:56,248 INFO     ___FILE_ONLY___ n1-standard-4
2022-11-21 15:18:56,248 INFO     ___FILE_ONLY___   
2022-11-21 15:18:56,248 INFO     ___FILE_ONLY___ 1.21.14-gke.9500
2022-11-21 15:18:56,248 INFO     ___FILE_ONLY___   
2022-11-21 15:18:56,248 INFO     ___FILE_ONLY___ 3
2022-11-21 15:18:56,248 INFO     ___FILE_ONLY___           
2022-11-21 15:18:56,248 INFO     ___FILE_ONLY___ RUNNING
2022-11-21 15:18:56,248 INFO     ___FILE_ONLY___ 

2022-11-21 15:18:56,248 INFO     ___FILE_ONLY___ jen-pxc-1277-36250f92-1-cluster8
2022-11-21 15:18:56,248 INFO     ___FILE_ONLY___    
2022-11-21 15:18:56,248 INFO     ___FILE_ONLY___ us-central1-a
2022-11-21 15:18:56,248 INFO     ___FILE_ONLY___    
2022-11-21 15:18:56,248 INFO     ___FILE_ONLY___ 1.21.14-gke.9500
2022-11-21 15:18:56,248 INFO     ___FILE_ONLY___                      
2022-11-21 15:18:56,248 INFO     ___FILE_ONLY___ 34.134.73.144
2022-11-21 15:18:56,248 INFO     ___FILE_ONLY___     
2022-11-21 15:18:56,248 INFO     ___FILE_ONLY___ n1-standard-4
2022-11-21 15:18:56,248 INFO     ___FILE_ONLY___   
2022-11-21 15:18:56,248 INFO     ___FILE_ONLY___ 1.21.14-gke.9500
2022-11-21 15:18:56,248 INFO     ___FILE_ONLY___   
2022-11-21 15:18:56,248 INFO     ___FILE_ONLY___ 3
2022-11-21 15:18:56,248 INFO     ___FILE_ONLY___           
2022-11-21 15:18:56,248 INFO     ___FILE_ONLY___ RUNNING
2022-11-21 15:18:56,248 INFO     ___FILE_ONLY___ 

2022-11-21 15:18:56,248 INFO     ___FILE_ONLY___ jen-pxc-1277-36250f92-1-cluster9
2022-11-21 15:18:56,249 INFO     ___FILE_ONLY___    
2022-11-21 15:18:56,249 INFO     ___FILE_ONLY___ us-central1-a
2022-11-21 15:18:56,249 INFO     ___FILE_ONLY___    
2022-11-21 15:18:56,249 INFO     ___FILE_ONLY___ 1.21.14-gke.9500
2022-11-21 15:18:56,249 INFO     ___FILE_ONLY___                      
2022-11-21 15:18:56,249 INFO     ___FILE_ONLY___ 34.69.168.79
2022-11-21 15:18:56,249 INFO     ___FILE_ONLY___      
2022-11-21 15:18:56,249 INFO     ___FILE_ONLY___ n1-standard-4
2022-11-21 15:18:56,249 INFO     ___FILE_ONLY___   
2022-11-21 15:18:56,249 INFO     ___FILE_ONLY___ 1.21.14-gke.9500
2022-11-21 15:18:56,249 INFO     ___FILE_ONLY___   
2022-11-21 15:18:56,249 INFO     ___FILE_ONLY___ 3
2022-11-21 15:18:56,249 INFO     ___FILE_ONLY___           
2022-11-21 15:18:56,249 INFO     ___FILE_ONLY___ RUNNING
2022-11-21 15:18:56,249 INFO     ___FILE_ONLY___ 

2022-11-21 15:18:56,249 INFO     ___FILE_ONLY___ jen-pxc-1278-b58ed4aa-1-cluster1
2022-11-21 15:18:56,249 INFO     ___FILE_ONLY___    
2022-11-21 15:18:56,249 INFO     ___FILE_ONLY___ us-central1-a
2022-11-21 15:18:56,249 INFO     ___FILE_ONLY___    
2022-11-21 15:18:56,249 INFO     ___FILE_ONLY___ 1.21.14-gke.9500
2022-11-21 15:18:56,249 INFO     ___FILE_ONLY___                      
2022-11-21 15:18:56,249 INFO     ___FILE_ONLY___ 34.68.85.132
2022-11-21 15:18:56,249 INFO     ___FILE_ONLY___      
2022-11-21 15:18:56,249 INFO     ___FILE_ONLY___ n1-standard-4
2022-11-21 15:18:56,249 INFO     ___FILE_ONLY___   
2022-11-21 15:18:56,249 INFO     ___FILE_ONLY___ 1.21.14-gke.9500
2022-11-21 15:18:56,249 INFO     ___FILE_ONLY___   
2022-11-21 15:18:56,249 INFO     ___FILE_ONLY___ 3
2022-11-21 15:18:56,249 INFO     ___FILE_ONLY___           
2022-11-21 15:18:56,249 INFO     ___FILE_ONLY___ RUNNING
2022-11-21 15:18:56,249 INFO     ___FILE_ONLY___ 

2022-11-21 15:18:56,249 INFO     ___FILE_ONLY___ jen-pxc-1278-b58ed4aa-1-cluster2
2022-11-21 15:18:56,249 INFO     ___FILE_ONLY___    
2022-11-21 15:18:56,249 INFO     ___FILE_ONLY___ us-central1-a
2022-11-21 15:18:56,249 INFO     ___FILE_ONLY___    
2022-11-21 15:18:56,249 INFO     ___FILE_ONLY___ 1.21.14-gke.9500
2022-11-21 15:18:56,249 INFO     ___FILE_ONLY___                      
2022-11-21 15:18:56,249 INFO     ___FILE_ONLY___ 34.71.38.29
2022-11-21 15:18:56,250 INFO     ___FILE_ONLY___       
2022-11-21 15:18:56,250 INFO     ___FILE_ONLY___ n1-standard-4
2022-11-21 15:18:56,250 INFO     ___FILE_ONLY___   
2022-11-21 15:18:56,250 INFO     ___FILE_ONLY___ 1.21.14-gke.9500
2022-11-21 15:18:56,250 INFO     ___FILE_ONLY___   
2022-11-21 15:18:56,250 INFO     ___FILE_ONLY___ 3
2022-11-21 15:18:56,250 INFO     ___FILE_ONLY___           
2022-11-21 15:18:56,250 INFO     ___FILE_ONLY___ RUNNING
2022-11-21 15:18:56,250 INFO     ___FILE_ONLY___ 

2022-11-21 15:18:56,250 INFO     ___FILE_ONLY___ jen-pxc-1278-b58ed4aa-1-cluster3
2022-11-21 15:18:56,250 INFO     ___FILE_ONLY___    
2022-11-21 15:18:56,250 INFO     ___FILE_ONLY___ us-central1-a
2022-11-21 15:18:56,250 INFO     ___FILE_ONLY___    
2022-11-21 15:18:56,250 INFO     ___FILE_ONLY___ 1.21.14-gke.9500
2022-11-21 15:18:56,250 INFO     ___FILE_ONLY___                      
2022-11-21 15:18:56,250 INFO     ___FILE_ONLY___ 34.69.120.57
2022-11-21 15:18:56,250 INFO     ___FILE_ONLY___      
2022-11-21 15:18:56,250 INFO     ___FILE_ONLY___ n1-standard-4
2022-11-21 15:18:56,250 INFO     ___FILE_ONLY___   
2022-11-21 15:18:56,250 INFO     ___FILE_ONLY___ 1.21.14-gke.9500
2022-11-21 15:18:56,250 INFO     ___FILE_ONLY___   
2022-11-21 15:18:56,250 INFO     ___FILE_ONLY___ 3
2022-11-21 15:18:56,250 INFO     ___FILE_ONLY___           
2022-11-21 15:18:56,250 INFO     ___FILE_ONLY___ RUNNING
2022-11-21 15:18:56,250 INFO     ___FILE_ONLY___ 

2022-11-21 15:18:56,250 INFO     ___FILE_ONLY___ jen-pxc-1278-b58ed4aa-1-cluster4
2022-11-21 15:18:56,250 INFO     ___FILE_ONLY___    
2022-11-21 15:18:56,250 INFO     ___FILE_ONLY___ us-central1-a
2022-11-21 15:18:56,250 INFO     ___FILE_ONLY___    
2022-11-21 15:18:56,250 INFO     ___FILE_ONLY___ 1.21.14-gke.9500
2022-11-21 15:18:56,250 INFO     ___FILE_ONLY___                      
2022-11-21 15:18:56,250 INFO     ___FILE_ONLY___ 34.136.31.205
2022-11-21 15:18:56,250 INFO     ___FILE_ONLY___     
2022-11-21 15:18:56,250 INFO     ___FILE_ONLY___ n1-standard-4
2022-11-21 15:18:56,250 INFO     ___FILE_ONLY___   
2022-11-21 15:18:56,250 INFO     ___FILE_ONLY___ 1.21.14-gke.9500
2022-11-21 15:18:56,250 INFO     ___FILE_ONLY___   
2022-11-21 15:18:56,250 INFO     ___FILE_ONLY___ 3
2022-11-21 15:18:56,250 INFO     ___FILE_ONLY___           
2022-11-21 15:18:56,250 INFO     ___FILE_ONLY___ RUNNING
2022-11-21 15:18:56,250 INFO     ___FILE_ONLY___ 

2022-11-21 15:18:56,250 INFO     ___FILE_ONLY___ jen-pxc-1278-b58ed4aa-1-cluster5
2022-11-21 15:18:56,250 INFO     ___FILE_ONLY___    
2022-11-21 15:18:56,250 INFO     ___FILE_ONLY___ us-central1-a
2022-11-21 15:18:56,251 INFO     ___FILE_ONLY___    
2022-11-21 15:18:56,251 INFO     ___FILE_ONLY___ 1.21.14-gke.9500
2022-11-21 15:18:56,251 INFO     ___FILE_ONLY___                      
2022-11-21 15:18:56,251 INFO     ___FILE_ONLY___ 34.72.190.131
2022-11-21 15:18:56,251 INFO     ___FILE_ONLY___     
2022-11-21 15:18:56,251 INFO     ___FILE_ONLY___ n1-standard-4
2022-11-21 15:18:56,251 INFO     ___FILE_ONLY___   
2022-11-21 15:18:56,251 INFO     ___FILE_ONLY___ 1.21.14-gke.9500
2022-11-21 15:18:56,251 INFO     ___FILE_ONLY___   
2022-11-21 15:18:56,251 INFO     ___FILE_ONLY___ 3
2022-11-21 15:18:56,251 INFO     ___FILE_ONLY___           
2022-11-21 15:18:56,251 INFO     ___FILE_ONLY___ RUNNING
2022-11-21 15:18:56,251 INFO     ___FILE_ONLY___ 

2022-11-21 15:18:56,251 INFO     ___FILE_ONLY___ jen-pxc-1278-b58ed4aa-1-cluster6
2022-11-21 15:18:56,251 INFO     ___FILE_ONLY___    
2022-11-21 15:18:56,251 INFO     ___FILE_ONLY___ us-central1-a
2022-11-21 15:18:56,251 INFO     ___FILE_ONLY___    
2022-11-21 15:18:56,251 INFO     ___FILE_ONLY___ 1.21.14-gke.9500
2022-11-21 15:18:56,251 INFO     ___FILE_ONLY___                      
2022-11-21 15:18:56,251 INFO     ___FILE_ONLY___ 34.171.81.213
2022-11-21 15:18:56,251 INFO     ___FILE_ONLY___     
2022-11-21 15:18:56,251 INFO     ___FILE_ONLY___ n1-standard-4
2022-11-21 15:18:56,251 INFO     ___FILE_ONLY___   
2022-11-21 15:18:56,251 INFO     ___FILE_ONLY___ 1.21.14-gke.9500
2022-11-21 15:18:56,251 INFO     ___FILE_ONLY___   
2022-11-21 15:18:56,251 INFO     ___FILE_ONLY___ 3
2022-11-21 15:18:56,251 INFO     ___FILE_ONLY___           
2022-11-21 15:18:56,251 INFO     ___FILE_ONLY___ RUNNING
2022-11-21 15:18:56,251 INFO     ___FILE_ONLY___ 

2022-11-21 15:18:56,251 INFO     ___FILE_ONLY___ jen-pxc-1278-b58ed4aa-1-cluster7
2022-11-21 15:18:56,251 INFO     ___FILE_ONLY___    
2022-11-21 15:18:56,251 INFO     ___FILE_ONLY___ us-central1-a
2022-11-21 15:18:56,251 INFO     ___FILE_ONLY___    
2022-11-21 15:18:56,251 INFO     ___FILE_ONLY___ 1.21.14-gke.9500
2022-11-21 15:18:56,251 INFO     ___FILE_ONLY___                      
2022-11-21 15:18:56,251 INFO     ___FILE_ONLY___ 34.68.189.197
2022-11-21 15:18:56,251 INFO     ___FILE_ONLY___     
2022-11-21 15:18:56,251 INFO     ___FILE_ONLY___ n1-standard-4
2022-11-21 15:18:56,251 INFO     ___FILE_ONLY___   
2022-11-21 15:18:56,251 INFO     ___FILE_ONLY___ 1.21.14-gke.9500
2022-11-21 15:18:56,251 INFO     ___FILE_ONLY___   
2022-11-21 15:18:56,251 INFO     ___FILE_ONLY___ 3
2022-11-21 15:18:56,251 INFO     ___FILE_ONLY___           
2022-11-21 15:18:56,251 INFO     ___FILE_ONLY___ RUNNING
2022-11-21 15:18:56,252 INFO     ___FILE_ONLY___ 

2022-11-21 15:18:56,252 INFO     ___FILE_ONLY___ jen-pxc-1278-b58ed4aa-1-cluster9
2022-11-21 15:18:56,252 INFO     ___FILE_ONLY___    
2022-11-21 15:18:56,252 INFO     ___FILE_ONLY___ us-central1-a
2022-11-21 15:18:56,252 INFO     ___FILE_ONLY___    
2022-11-21 15:18:56,252 INFO     ___FILE_ONLY___ 1.21.14-gke.9500
2022-11-21 15:18:56,252 INFO     ___FILE_ONLY___                      
2022-11-21 15:18:56,252 INFO     ___FILE_ONLY___ 35.202.183.172
2022-11-21 15:18:56,252 INFO     ___FILE_ONLY___    
2022-11-21 15:18:56,252 INFO     ___FILE_ONLY___ n1-standard-4
2022-11-21 15:18:56,252 INFO     ___FILE_ONLY___   
2022-11-21 15:18:56,252 INFO     ___FILE_ONLY___ 1.21.14-gke.9500
2022-11-21 15:18:56,252 INFO     ___FILE_ONLY___   
2022-11-21 15:18:56,252 INFO     ___FILE_ONLY___ 3
2022-11-21 15:18:56,252 INFO     ___FILE_ONLY___           
2022-11-21 15:18:56,252 INFO     ___FILE_ONLY___ RUNNING
2022-11-21 15:18:56,252 INFO     ___FILE_ONLY___ 

2022-11-21 15:18:56,252 INFO     ___FILE_ONLY___ jenkins-pso-01e336c-cluster2
2022-11-21 15:18:56,252 INFO     ___FILE_ONLY___        
2022-11-21 15:18:56,252 INFO     ___FILE_ONLY___ us-central1-a
2022-11-21 15:18:56,252 INFO     ___FILE_ONLY___    
2022-11-21 15:18:56,252 INFO     ___FILE_ONLY___ 1.21.14-gke.9500
2022-11-21 15:18:56,252 INFO     ___FILE_ONLY___                      
2022-11-21 15:18:56,252 INFO     ___FILE_ONLY___ 34.136.224.112
2022-11-21 15:18:56,252 INFO     ___FILE_ONLY___    
2022-11-21 15:18:56,252 INFO     ___FILE_ONLY___ n1-standard-4
2022-11-21 15:18:56,252 INFO     ___FILE_ONLY___   
2022-11-21 15:18:56,252 INFO     ___FILE_ONLY___ 1.21.14-gke.9500
2022-11-21 15:18:56,252 INFO     ___FILE_ONLY___   
2022-11-21 15:18:56,252 INFO     ___FILE_ONLY___ 3
2022-11-21 15:18:56,252 INFO     ___FILE_ONLY___           
2022-11-21 15:18:56,252 INFO     ___FILE_ONLY___ RUNNING
2022-11-21 15:18:56,252 INFO     ___FILE_ONLY___ 

2022-11-21 15:18:56,252 INFO     ___FILE_ONLY___ jenkins-pso-8a13105-cluster1
2022-11-21 15:18:56,252 INFO     ___FILE_ONLY___        
2022-11-21 15:18:56,252 INFO     ___FILE_ONLY___ us-central1-a
2022-11-21 15:18:56,252 INFO     ___FILE_ONLY___    
2022-11-21 15:18:56,252 INFO     ___FILE_ONLY___ 1.21.14-gke.9500
2022-11-21 15:18:56,252 INFO     ___FILE_ONLY___                      
2022-11-21 15:18:56,252 INFO     ___FILE_ONLY___ 34.135.9.192
2022-11-21 15:18:56,252 INFO     ___FILE_ONLY___      
2022-11-21 15:18:56,252 INFO     ___FILE_ONLY___ n1-standard-4
2022-11-21 15:18:56,252 INFO     ___FILE_ONLY___   
2022-11-21 15:18:56,252 INFO     ___FILE_ONLY___ 1.21.14-gke.9500
2022-11-21 15:18:56,253 INFO     ___FILE_ONLY___   
2022-11-21 15:18:56,253 INFO     ___FILE_ONLY___ 3
2022-11-21 15:18:56,253 INFO     ___FILE_ONLY___           
2022-11-21 15:18:56,253 INFO     ___FILE_ONLY___ RUNNING
2022-11-21 15:18:56,253 INFO     ___FILE_ONLY___ 

2022-11-21 15:18:56,253 INFO     ___FILE_ONLY___ jenkins-pso-8a13105-cluster2
2022-11-21 15:18:56,253 INFO     ___FILE_ONLY___        
2022-11-21 15:18:56,253 INFO     ___FILE_ONLY___ us-central1-a
2022-11-21 15:18:56,253 INFO     ___FILE_ONLY___    
2022-11-21 15:18:56,253 INFO     ___FILE_ONLY___ 1.21.14-gke.9500
2022-11-21 15:18:56,253 INFO     ___FILE_ONLY___                      
2022-11-21 15:18:56,253 INFO     ___FILE_ONLY___ 34.170.51.196
2022-11-21 15:18:56,253 INFO     ___FILE_ONLY___     
2022-11-21 15:18:56,253 INFO     ___FILE_ONLY___ n1-standard-4
2022-11-21 15:18:56,253 INFO     ___FILE_ONLY___   
2022-11-21 15:18:56,253 INFO     ___FILE_ONLY___ 1.21.14-gke.9500
2022-11-21 15:18:56,253 INFO     ___FILE_ONLY___   
2022-11-21 15:18:56,253 INFO     ___FILE_ONLY___ 3
2022-11-21 15:18:56,253 INFO     ___FILE_ONLY___           
2022-11-21 15:18:56,253 INFO     ___FILE_ONLY___ RUNNING
2022-11-21 15:18:56,253 INFO     ___FILE_ONLY___ 

2022-11-21 15:18:56,253 INFO     ___FILE_ONLY___ jenkins-pso-8a13105-cluster3
2022-11-21 15:18:56,253 INFO     ___FILE_ONLY___        
2022-11-21 15:18:56,253 INFO     ___FILE_ONLY___ us-central1-a
2022-11-21 15:18:56,253 INFO     ___FILE_ONLY___    
2022-11-21 15:18:56,253 INFO     ___FILE_ONLY___ 1.21.14-gke.9500
2022-11-21 15:18:56,253 INFO     ___FILE_ONLY___                      
2022-11-21 15:18:56,253 INFO     ___FILE_ONLY___ 34.123.27.147
2022-11-21 15:18:56,253 INFO     ___FILE_ONLY___     
2022-11-21 15:18:56,253 INFO     ___FILE_ONLY___ n1-standard-4
2022-11-21 15:18:56,253 INFO     ___FILE_ONLY___   
2022-11-21 15:18:56,253 INFO     ___FILE_ONLY___ 1.21.14-gke.9500
2022-11-21 15:18:56,253 INFO     ___FILE_ONLY___   
2022-11-21 15:18:56,253 INFO     ___FILE_ONLY___ 3
2022-11-21 15:18:56,253 INFO     ___FILE_ONLY___           
2022-11-21 15:18:56,254 INFO     ___FILE_ONLY___ RUNNING
2022-11-21 15:18:56,254 INFO     ___FILE_ONLY___ 

2022-11-21 15:18:56,254 INFO     ___FILE_ONLY___ jenkins-pso-ca58ef8-cluster1
2022-11-21 15:18:56,254 INFO     ___FILE_ONLY___        
2022-11-21 15:18:56,254 INFO     ___FILE_ONLY___ us-central1-a
2022-11-21 15:18:56,254 INFO     ___FILE_ONLY___    
2022-11-21 15:18:56,254 INFO     ___FILE_ONLY___ 1.21.14-gke.9500 (! 13 days left !)
2022-11-21 15:18:56,254 INFO     ___FILE_ONLY___   
2022-11-21 15:18:56,254 INFO     ___FILE_ONLY___ 104.197.27.125
2022-11-21 15:18:56,254 INFO     ___FILE_ONLY___    
2022-11-21 15:18:56,254 INFO     ___FILE_ONLY___ n1-standard-4
2022-11-21 15:18:56,254 INFO     ___FILE_ONLY___   
2022-11-21 15:18:56,254 INFO     ___FILE_ONLY___ 1.21.14-gke.9500
2022-11-21 15:18:56,254 INFO     ___FILE_ONLY___   
2022-11-21 15:18:56,254 INFO     ___FILE_ONLY___ 3
2022-11-21 15:18:56,254 INFO     ___FILE_ONLY___           
2022-11-21 15:18:56,254 INFO     ___FILE_ONLY___ ERROR
2022-11-21 15:18:56,254 INFO     ___FILE_ONLY___ 

2022-11-21 15:18:56,254 INFO     ___FILE_ONLY___ plavi-1244
2022-11-21 15:18:56,254 INFO     ___FILE_ONLY___                          
2022-11-21 15:18:56,254 INFO     ___FILE_ONLY___ us-central1-a
2022-11-21 15:18:56,254 INFO     ___FILE_ONLY___    
2022-11-21 15:18:56,254 INFO     ___FILE_ONLY___ 1.24.6-gke.1500
2022-11-21 15:18:56,254 INFO     ___FILE_ONLY___                       
2022-11-21 15:18:56,254 INFO     ___FILE_ONLY___ 34.72.160.58
2022-11-21 15:18:56,254 INFO     ___FILE_ONLY___      
2022-11-21 15:18:56,254 INFO     ___FILE_ONLY___ n1-standard-4
2022-11-21 15:18:56,254 INFO     ___FILE_ONLY___   
2022-11-21 15:18:56,255 INFO     ___FILE_ONLY___ 1.24.6-gke.1500
2022-11-21 15:18:56,255 INFO     ___FILE_ONLY___    
2022-11-21 15:18:56,255 INFO     ___FILE_ONLY___ 3
2022-11-21 15:18:56,255 INFO     ___FILE_ONLY___           
2022-11-21 15:18:56,255 INFO     ___FILE_ONLY___ RUNNING
2022-11-21 15:18:56,255 INFO     ___FILE_ONLY___ 

2022-11-21 15:18:56,255 INFO     ___FILE_ONLY___ spronin-1337
2022-11-21 15:18:56,255 INFO     ___FILE_ONLY___                        
2022-11-21 15:18:56,255 INFO     ___FILE_ONLY___ us-central1-a
2022-11-21 15:18:56,255 INFO     ___FILE_ONLY___    
2022-11-21 15:18:56,255 INFO     ___FILE_ONLY___ 1.23.13-gke.900
2022-11-21 15:18:56,255 INFO     ___FILE_ONLY___                       
2022-11-21 15:18:56,255 INFO     ___FILE_ONLY___ 104.155.136.134
2022-11-21 15:18:56,255 INFO     ___FILE_ONLY___   
2022-11-21 15:18:56,255 INFO     ___FILE_ONLY___ n1-standard-4
2022-11-21 15:18:56,255 INFO     ___FILE_ONLY___   
2022-11-21 15:18:56,255 INFO     ___FILE_ONLY___ 1.23.13-gke.900
2022-11-21 15:18:56,255 INFO     ___FILE_ONLY___    
2022-11-21 15:18:56,255 INFO     ___FILE_ONLY___ 3
2022-11-21 15:18:56,255 INFO     ___FILE_ONLY___           
2022-11-21 15:18:56,255 INFO     ___FILE_ONLY___ RUNNING
2022-11-21 15:18:56,255 INFO     ___FILE_ONLY___ 

2022-11-21 15:18:56,255 INFO     ___FILE_ONLY___ cap-666
2022-11-21 15:18:56,255 INFO     ___FILE_ONLY___                             
2022-11-21 15:18:56,255 INFO     ___FILE_ONLY___ us-central1-c
2022-11-21 15:18:56,255 INFO     ___FILE_ONLY___    
2022-11-21 15:18:56,255 INFO     ___FILE_ONLY___ 1.22.15-gke.2500
2022-11-21 15:18:56,255 INFO     ___FILE_ONLY___                      
2022-11-21 15:18:56,255 INFO     ___FILE_ONLY___ 34.173.68.96
2022-11-21 15:18:56,255 INFO     ___FILE_ONLY___      
2022-11-21 15:18:56,255 INFO     ___FILE_ONLY___ n1-standard-4
2022-11-21 15:18:56,255 INFO     ___FILE_ONLY___   
2022-11-21 15:18:56,255 INFO     ___FILE_ONLY___ 1.22.15-gke.2500
2022-11-21 15:18:56,255 INFO     ___FILE_ONLY___   
2022-11-21 15:18:56,255 INFO     ___FILE_ONLY___ 3
2022-11-21 15:18:56,255 INFO     ___FILE_ONLY___           
2022-11-21 15:18:56,255 INFO     ___FILE_ONLY___ RUNNING
2022-11-21 15:18:56,256 INFO     ___FILE_ONLY___ 

2022-11-21 15:18:56,256 INFO     ___FILE_ONLY___ natali-22
2022-11-21 15:18:56,256 INFO     ___FILE_ONLY___                           
2022-11-21 15:18:56,256 INFO     ___FILE_ONLY___ us-central1-c
2022-11-21 15:18:56,256 INFO     ___FILE_ONLY___    
2022-11-21 15:18:56,256 INFO     ___FILE_ONLY___ 1.22.15-gke.2500
2022-11-21 15:18:56,256 INFO     ___FILE_ONLY___                      
2022-11-21 15:18:56,256 INFO     ___FILE_ONLY___ 34.170.143.93
2022-11-21 15:18:56,256 INFO     ___FILE_ONLY___     
2022-11-21 15:18:56,256 INFO     ___FILE_ONLY___ n1-standard-4
2022-11-21 15:18:56,256 INFO     ___FILE_ONLY___   
2022-11-21 15:18:56,256 INFO     ___FILE_ONLY___ 1.22.15-gke.2500
2022-11-21 15:18:56,256 INFO     ___FILE_ONLY___   
2022-11-21 15:18:56,256 INFO     ___FILE_ONLY___ 3
2022-11-21 15:18:56,256 INFO     ___FILE_ONLY___           
2022-11-21 15:18:56,256 INFO     ___FILE_ONLY___ RUNNING
2022-11-21 15:18:56,256 INFO     ___FILE_ONLY___ 

2022-11-21 15:18:56,256 WARNING  root            
! One or more clusters are approaching expiration and will be deleted.

2022-11-21 15:18:56,263 DEBUG    root            Metrics reporting process started...
