2022-11-21 15:19:12,075 DEBUG    root            Loaded Command Group: ['gcloud', 'container', 'clusters']
2022-11-21 15:19:12,076 DEBUG    root            Loaded Command Group: ['gcloud', 'container', 'clusters', 'delete']
2022-11-21 15:19:12,081 DEBUG    google.auth.transport.requests Making request: POST https://oauth2.googleapis.com/token
2022-11-21 15:19:12,093 DEBUG    urllib3.connectionpool Starting new HTTPS connection (1): oauth2.googleapis.com:443
2022-11-21 15:19:12,233 DEBUG    urllib3.connectionpool https://oauth2.googleapis.com:443 "POST /token HTTP/1.1" 200 None
2022-11-21 15:19:12,246 DEBUG    root            Running [gcloud.container.clusters.delete] with arguments: [--zone: "europe-west3-b", NAME:1: "['inel-19622']"]
2022-11-21 15:19:13,073 DEBUG    urllib3.connectionpool Starting new HTTPS connection (1): container.googleapis.com:443
2022-11-21 15:19:13,576 DEBUG    urllib3.connectionpool https://container.googleapis.com:443 "DELETE /v1/projects/cloud-dev-112233/locations/europe-west3-b/clusters/inel-19622?alt=json HTTP/1.1" 200 None
2022-11-21 15:19:13,580 INFO     ___FILE_ONLY___ Deleting cluster inel-19622...
2022-11-21 15:19:13,582 DEBUG    urllib3.connectionpool Starting new HTTPS connection (1): container.googleapis.com:443
2022-11-21 15:19:13,810 DEBUG    urllib3.connectionpool https://container.googleapis.com:443 "GET /v1/projects/cloud-dev-112233/locations/europe-west3-b/operations/operation-1669040353615-536a7b4b?alt=json HTTP/1.1" 200 None
2022-11-21 15:19:18,818 DEBUG    urllib3.connectionpool Starting new HTTPS connection (1): container.googleapis.com:443
2022-11-21 15:19:19,045 DEBUG    urllib3.connectionpool https://container.googleapis.com:443 "GET /v1/projects/cloud-dev-112233/locations/europe-west3-b/operations/operation-1669040353615-536a7b4b?alt=json HTTP/1.1" 200 None
2022-11-21 15:19:24,058 DEBUG    urllib3.connectionpool Starting new HTTPS connection (1): container.googleapis.com:443
2022-11-21 15:19:24,285 DEBUG    urllib3.connectionpool https://container.googleapis.com:443 "GET /v1/projects/cloud-dev-112233/locations/europe-west3-b/operations/operation-1669040353615-536a7b4b?alt=json HTTP/1.1" 200 None
2022-11-21 15:19:29,300 DEBUG    urllib3.connectionpool Starting new HTTPS connection (1): container.googleapis.com:443
2022-11-21 15:19:29,531 DEBUG    urllib3.connectionpool https://container.googleapis.com:443 "GET /v1/projects/cloud-dev-112233/locations/europe-west3-b/operations/operation-1669040353615-536a7b4b?alt=json HTTP/1.1" 200 None
2022-11-21 15:19:34,544 DEBUG    urllib3.connectionpool Starting new HTTPS connection (1): container.googleapis.com:443
2022-11-21 15:19:34,745 DEBUG    urllib3.connectionpool https://container.googleapis.com:443 "GET /v1/projects/cloud-dev-112233/locations/europe-west3-b/operations/operation-1669040353615-536a7b4b?alt=json HTTP/1.1" 200 None
2022-11-21 15:19:39,755 DEBUG    urllib3.connectionpool Starting new HTTPS connection (1): container.googleapis.com:443
2022-11-21 15:19:39,981 DEBUG    urllib3.connectionpool https://container.googleapis.com:443 "GET /v1/projects/cloud-dev-112233/locations/europe-west3-b/operations/operation-1669040353615-536a7b4b?alt=json HTTP/1.1" 200 None
2022-11-21 15:19:44,993 DEBUG    urllib3.connectionpool Starting new HTTPS connection (1): container.googleapis.com:443
2022-11-21 15:19:45,217 DEBUG    urllib3.connectionpool https://container.googleapis.com:443 "GET /v1/projects/cloud-dev-112233/locations/europe-west3-b/operations/operation-1669040353615-536a7b4b?alt=json HTTP/1.1" 200 None
2022-11-21 15:19:50,226 DEBUG    urllib3.connectionpool Starting new HTTPS connection (1): container.googleapis.com:443
2022-11-21 15:19:50,451 DEBUG    urllib3.connectionpool https://container.googleapis.com:443 "GET /v1/projects/cloud-dev-112233/locations/europe-west3-b/operations/operation-1669040353615-536a7b4b?alt=json HTTP/1.1" 200 None
2022-11-21 15:19:55,461 DEBUG    urllib3.connectionpool Starting new HTTPS connection (1): container.googleapis.com:443
2022-11-21 15:19:55,697 DEBUG    urllib3.connectionpool https://container.googleapis.com:443 "GET /v1/projects/cloud-dev-112233/locations/europe-west3-b/operations/operation-1669040353615-536a7b4b?alt=json HTTP/1.1" 200 None
2022-11-21 15:20:00,710 DEBUG    urllib3.connectionpool Starting new HTTPS connection (1): container.googleapis.com:443
2022-11-21 15:20:00,945 DEBUG    urllib3.connectionpool https://container.googleapis.com:443 "GET /v1/projects/cloud-dev-112233/locations/europe-west3-b/operations/operation-1669040353615-536a7b4b?alt=json HTTP/1.1" 200 None
2022-11-21 15:20:05,954 DEBUG    urllib3.connectionpool Starting new HTTPS connection (1): container.googleapis.com:443
2022-11-21 15:20:06,151 DEBUG    urllib3.connectionpool https://container.googleapis.com:443 "GET /v1/projects/cloud-dev-112233/locations/europe-west3-b/operations/operation-1669040353615-536a7b4b?alt=json HTTP/1.1" 200 None
2022-11-21 15:20:11,164 DEBUG    urllib3.connectionpool Starting new HTTPS connection (1): container.googleapis.com:443
2022-11-21 15:20:11,404 DEBUG    urllib3.connectionpool https://container.googleapis.com:443 "GET /v1/projects/cloud-dev-112233/locations/europe-west3-b/operations/operation-1669040353615-536a7b4b?alt=json HTTP/1.1" 200 None
2022-11-21 15:20:16,416 DEBUG    urllib3.connectionpool Starting new HTTPS connection (1): container.googleapis.com:443
2022-11-21 15:20:16,667 DEBUG    urllib3.connectionpool https://container.googleapis.com:443 "GET /v1/projects/cloud-dev-112233/locations/europe-west3-b/operations/operation-1669040353615-536a7b4b?alt=json HTTP/1.1" 200 None
2022-11-21 15:20:21,680 DEBUG    urllib3.connectionpool Starting new HTTPS connection (1): container.googleapis.com:443
2022-11-21 15:20:21,889 DEBUG    urllib3.connectionpool https://container.googleapis.com:443 "GET /v1/projects/cloud-dev-112233/locations/europe-west3-b/operations/operation-1669040353615-536a7b4b?alt=json HTTP/1.1" 200 None
2022-11-21 15:20:26,897 DEBUG    urllib3.connectionpool Starting new HTTPS connection (1): container.googleapis.com:443
2022-11-21 15:20:27,121 DEBUG    urllib3.connectionpool https://container.googleapis.com:443 "GET /v1/projects/cloud-dev-112233/locations/europe-west3-b/operations/operation-1669040353615-536a7b4b?alt=json HTTP/1.1" 200 None
2022-11-21 15:20:32,129 DEBUG    urllib3.connectionpool Starting new HTTPS connection (1): container.googleapis.com:443
2022-11-21 15:20:32,322 DEBUG    urllib3.connectionpool https://container.googleapis.com:443 "GET /v1/projects/cloud-dev-112233/locations/europe-west3-b/operations/operation-1669040353615-536a7b4b?alt=json HTTP/1.1" 200 None
2022-11-21 15:20:37,333 DEBUG    urllib3.connectionpool Starting new HTTPS connection (1): container.googleapis.com:443
2022-11-21 15:20:37,566 DEBUG    urllib3.connectionpool https://container.googleapis.com:443 "GET /v1/projects/cloud-dev-112233/locations/europe-west3-b/operations/operation-1669040353615-536a7b4b?alt=json HTTP/1.1" 200 None
2022-11-21 15:20:42,575 DEBUG    urllib3.connectionpool Starting new HTTPS connection (1): container.googleapis.com:443
2022-11-21 15:20:42,810 DEBUG    urllib3.connectionpool https://container.googleapis.com:443 "GET /v1/projects/cloud-dev-112233/locations/europe-west3-b/operations/operation-1669040353615-536a7b4b?alt=json HTTP/1.1" 200 None
2022-11-21 15:20:47,819 DEBUG    urllib3.connectionpool Starting new HTTPS connection (1): container.googleapis.com:443
2022-11-21 15:20:48,021 DEBUG    urllib3.connectionpool https://container.googleapis.com:443 "GET /v1/projects/cloud-dev-112233/locations/europe-west3-b/operations/operation-1669040353615-536a7b4b?alt=json HTTP/1.1" 200 None
2022-11-21 15:20:53,030 DEBUG    urllib3.connectionpool Starting new HTTPS connection (1): container.googleapis.com:443
2022-11-21 15:20:53,269 DEBUG    urllib3.connectionpool https://container.googleapis.com:443 "GET /v1/projects/cloud-dev-112233/locations/europe-west3-b/operations/operation-1669040353615-536a7b4b?alt=json HTTP/1.1" 200 None
2022-11-21 15:20:58,284 DEBUG    urllib3.connectionpool Starting new HTTPS connection (1): container.googleapis.com:443
2022-11-21 15:20:58,481 DEBUG    urllib3.connectionpool https://container.googleapis.com:443 "GET /v1/projects/cloud-dev-112233/locations/europe-west3-b/operations/operation-1669040353615-536a7b4b?alt=json HTTP/1.1" 200 None
2022-11-21 15:21:03,493 DEBUG    urllib3.connectionpool Starting new HTTPS connection (1): container.googleapis.com:443
2022-11-21 15:21:03,645 DEBUG    urllib3.connectionpool https://container.googleapis.com:443 "GET /v1/projects/cloud-dev-112233/locations/europe-west3-b/operations/operation-1669040353615-536a7b4b?alt=json HTTP/1.1" 200 None
2022-11-21 15:21:08,657 DEBUG    urllib3.connectionpool Starting new HTTPS connection (1): container.googleapis.com:443
2022-11-21 15:21:08,884 DEBUG    urllib3.connectionpool https://container.googleapis.com:443 "GET /v1/projects/cloud-dev-112233/locations/europe-west3-b/operations/operation-1669040353615-536a7b4b?alt=json HTTP/1.1" 200 None
2022-11-21 15:21:13,893 DEBUG    urllib3.connectionpool Starting new HTTPS connection (1): container.googleapis.com:443
2022-11-21 15:21:14,107 DEBUG    urllib3.connectionpool https://container.googleapis.com:443 "GET /v1/projects/cloud-dev-112233/locations/europe-west3-b/operations/operation-1669040353615-536a7b4b?alt=json HTTP/1.1" 200 None
2022-11-21 15:21:19,117 DEBUG    urllib3.connectionpool Starting new HTTPS connection (1): container.googleapis.com:443
2022-11-21 15:21:19,313 DEBUG    urllib3.connectionpool https://container.googleapis.com:443 "GET /v1/projects/cloud-dev-112233/locations/europe-west3-b/operations/operation-1669040353615-536a7b4b?alt=json HTTP/1.1" 200 None
2022-11-21 15:21:24,324 DEBUG    urllib3.connectionpool Starting new HTTPS connection (1): container.googleapis.com:443
2022-11-21 15:21:24,531 DEBUG    urllib3.connectionpool https://container.googleapis.com:443 "GET /v1/projects/cloud-dev-112233/locations/europe-west3-b/operations/operation-1669040353615-536a7b4b?alt=json HTTP/1.1" 200 None
2022-11-21 15:21:29,540 DEBUG    urllib3.connectionpool Starting new HTTPS connection (1): container.googleapis.com:443
2022-11-21 15:21:29,753 DEBUG    urllib3.connectionpool https://container.googleapis.com:443 "GET /v1/projects/cloud-dev-112233/locations/europe-west3-b/operations/operation-1669040353615-536a7b4b?alt=json HTTP/1.1" 200 None
2022-11-21 15:21:34,764 DEBUG    urllib3.connectionpool Starting new HTTPS connection (1): container.googleapis.com:443
2022-11-21 15:21:34,998 DEBUG    urllib3.connectionpool https://container.googleapis.com:443 "GET /v1/projects/cloud-dev-112233/locations/europe-west3-b/operations/operation-1669040353615-536a7b4b?alt=json HTTP/1.1" 200 None
2022-11-21 15:21:35,001 INFO     root            Operation <Operation
 clusterConditions: []
 endTime: '2022-11-21T14:21:34.893521921Z'
 name: 'operation-1669040353615-536a7b4b'
 nodepoolConditions: []
 operationType: OperationTypeValueValuesEnum(DELETE_CLUSTER, 2)
 selfLink: 'https://container.googleapis.com/v1/projects/166042509722/zones/europe-west3-b/operations/operation-1669040353615-536a7b4b'
 startTime: '2022-11-21T14:19:13.615003357Z'
 status: StatusValueValuesEnum(DONE, 3)
 targetLink: 'https://container.googleapis.com/v1/projects/166042509722/zones/europe-west3-b/clusters/inel-19622'
 zone: 'europe-west3-b'> succeeded after 141.421 seconds
2022-11-21 15:21:35,134 DEBUG    root            Purged cluster config from /Users/inelpandzic/.config/gcloud/kubernetes/cloud-dev-112233_europe-west3-b_inel-19622
2022-11-21 15:21:35,134 INFO     ___FILE_ONLY___ Deleted [https://container.googleapis.com/v1/projects/cloud-dev-112233/zones/europe-west3-b/clusters/inel-19622].

2022-11-21 15:21:35,135 INFO     root            Display format: "none"
2022-11-21 15:21:35,163 DEBUG    root            Metrics reporting process started...
