2022-11-21 15:27:01,338 DEBUG    root            Loaded Command Group: ['gcloud', 'config']
2022-11-21 15:27:01,340 DEBUG    root            Loaded Command Group: ['gcloud', 'config', 'config_helper']
2022-11-21 15:27:01,341 DEBUG    root            Running [gcloud.config.config-helper] with arguments: [--format: "json"]
2022-11-21 15:27:01,345 INFO     root            Display format: "default json"
2022-11-21 15:27:01,345 INFO     ___FILE_ONLY___ {
  "configuration": {
    "active_configuration": "percona-cloud-dev",
    "properties": {
      "core": {
        "account": "inel.pandzic@percona.com",
        "disable_usage_reporting": "False",
        "project": "cloud-dev-112233"
      }
    }
  },
  "credential": {
    "access_token": "ya29.a0AeTM1ieu8aIItThBC6Qi2RefzSiKI_I0As8L9sJBS3kWVWTozvhmx_wNaHkWwGLsZ-R6hwUpk4qhmNLhQWOZ8aLgTSWrEoCYk0NM4lOJsGxQJKGfxmCaKn2t71gkJpJ-73DKYp8XB9YJkzeAvD7YSxc7YJRxJdGP0knYLTcaCgYKATwSARESFQHWtWOmMJ9DIsVwkXZqN8j4a3wqsg0174",
    "id_token": "eyJhbGciOiJSUzI1NiIsImtpZCI6IjI3Yjg2ZGM2OTM4ZGMzMjdiMjA0MzMzYTI1MGViYjQzYjMyZTRiM2MiLCJ0eXAiOiJKV1QifQ.eyJpc3MiOiJodHRwczovL2FjY291bnRzLmdvb2dsZS5jb20iLCJhenAiOiIzMjU1NTk0MDU1OS5hcHBzLmdvb2dsZXVzZXJjb250ZW50LmNvbSIsImF1ZCI6IjMyNTU1OTQwNTU5LmFwcHMuZ29vZ2xldXNlcmNvbnRlbnQuY29tIiwic3ViIjoiMTA3NDA5ODEzMzQ0NTU5NDQzNDA3IiwiaGQiOiJwZXJjb25hLmNvbSIsImVtYWlsIjoiaW5lbC5wYW5kemljQHBlcmNvbmEuY29tIiwiZW1haWxfdmVyaWZpZWQiOnRydWUsImF0X2hhc2giOiI1X2pGbFJESEVxbGU1MmV6VXVqcm9RIiwiaWF0IjoxNjY5MDQwMzUyLCJleHAiOjE2NjkwNDM5NTJ9.zYtNUAVpBWqEgpnOSJ-BrGET_BQmHOD7IMUXZnp5cxAmGPnptxqEFBFmKnpkV2BydfkSxTSMO_UjuBkFM-FXdQDqzo7rkts4Z_jknYLW0MnLifJYUKwO0qq-DDKOeKfJHW8A-FBmrxCMieaaBEFfWraXuBPZXh8pJFfRjkTxvZq__EvkYeRruqj3siVWmmw6mveRSKuD8ES4LcA_sAAGo4mFaVYZJP80SW_zp5zVb1mBWVU9CCvWk-GfP-0vOW0Nd9EbYfVf6nW6x0Xa949aO_y0-OJW0dnv6t-3aM8umwls3uufX6CH87_Bf04SopbDWpErLtA03DDoWHbPRltv1Q",
    "token_expiry": "2022-11-21T15:19:11Z"
  },
  "sentinels": {
    "config_sentinel": "/Users/inelpandzic/.config/gcloud/config_sentinel"
  }
}
2022-11-21 15:27:01,345 INFO     ___FILE_ONLY___ 

2022-11-21 15:27:01,351 DEBUG    root            Metrics reporting process started...
