2022-11-21 16:31:10,984 DEBUG    root            Loaded Command Group: ['gcloud', 'config']
2022-11-21 16:31:10,986 DEBUG    root            Loaded Command Group: ['gcloud', 'config', 'config_helper']
2022-11-21 16:31:10,987 DEBUG    root            Running [gcloud.config.config-helper] with arguments: [--format: "json"]
2022-11-21 16:31:10,995 DEBUG    google.auth.transport.requests Making request: POST https://oauth2.googleapis.com/token
2022-11-21 16:31:11,006 DEBUG    urllib3.connectionpool Starting new HTTPS connection (1): oauth2.googleapis.com:443
2022-11-21 16:31:11,151 DEBUG    urllib3.connectionpool https://oauth2.googleapis.com:443 "POST /token HTTP/1.1" 200 None
2022-11-21 16:31:11,156 INFO     root            Display format: "default json"
2022-11-21 16:31:11,156 INFO     ___FILE_ONLY___ {
  "configuration": {
    "active_configuration": "percona-cloud-dev",
    "properties": {
      "core": {
        "account": "inel.pandzic@percona.com",
        "disable_usage_reporting": "False",
        "project": "cloud-dev-112233"
      }
    }
  },
  "credential": {
    "access_token": "ya29.a0AeTM1ieXwzVGCroDx7bVv9a9uRxuVfqDPLSHq2tVGPD-3UpfX8-2RMGcudEUI88iACF51BGkzq4k-ke_RhZHmDxtVl76pdFy1nOu1KQD8JkyzIHlVZuk-Gnh7Fl7eTFQ4AnfwsZooIlUA38Sk87QdCLfsJhSi60_fXjb7uoaCgYKAawSARESFQHWtWOmmQGDwpW6UPb0a3OOaRjljg0174",
    "id_token": "eyJhbGciOiJSUzI1NiIsImtpZCI6IjI3Yjg2ZGM2OTM4ZGMzMjdiMjA0MzMzYTI1MGViYjQzYjMyZTRiM2MiLCJ0eXAiOiJKV1QifQ.eyJpc3MiOiJodHRwczovL2FjY291bnRzLmdvb2dsZS5jb20iLCJhenAiOiIzMjU1NTk0MDU1OS5hcHBzLmdvb2dsZXVzZXJjb250ZW50LmNvbSIsImF1ZCI6IjMyNTU1OTQwNTU5LmFwcHMuZ29vZ2xldXNlcmNvbnRlbnQuY29tIiwic3ViIjoiMTA3NDA5ODEzMzQ0NTU5NDQzNDA3IiwiaGQiOiJwZXJjb25hLmNvbSIsImVtYWlsIjoiaW5lbC5wYW5kemljQHBlcmNvbmEuY29tIiwiZW1haWxfdmVyaWZpZWQiOnRydWUsImF0X2hhc2giOiJwal9BM2JFN2VUUVNxUlBZV0xPVVB3IiwiaWF0IjoxNjY5MDQ0NjcxLCJleHAiOjE2NjkwNDgyNzF9.Y7c9BHDnUl2vgzDZ2W1UHfQvAZxGlVtg6fru9gGDZd5epiq71K-UMkBI7hY6n9rk1PXoRvJ5lY9dCyalw_ZWhCyS4Rq6BbWr2_7wXRC2_lopr_xEo_6rq6pozhCB7ALos874LdHILPglWCley-yL3IXive1LnxziRYhGC_1w9bA9lYD92PPivP5pKb6QXqdQxM9YWzxGyCqtww2W6l4EyNMNi4nBcMUHU4zEe45Xm0PUBAWLxaLdCNdl7XAsnX-wtaQeKtR3lsPAsOT5EaZ8kk2ciy72Bn0vhimt_ppWqj46VLnJpdlnEy1zwyQVSqM6sXvlA0aUCTZL18V03mFQzg",
    "token_expiry": "2022-11-21T16:31:10Z"
  },
  "sentinels": {
    "config_sentinel": "/Users/inelpandzic/.config/gcloud/config_sentinel"
  }
}
2022-11-21 16:31:11,156 INFO     ___FILE_ONLY___ 

2022-11-21 16:31:11,161 DEBUG    root            Metrics reporting process started...
