2022-11-21 16:31:53,744 DEBUG    root            Loaded Command Group: ['gcloud', 'container', 'clusters']
2022-11-21 16:31:53,746 DEBUG    root            Loaded Command Group: ['gcloud', 'container', 'clusters', 'list']
2022-11-21 16:31:53,761 DEBUG    root            Running [gcloud.container.clusters.list] with arguments: []
2022-11-21 16:31:53,807 DEBUG    urllib3.connectionpool Starting new HTTPS connection (1): container.googleapis.com:443
2022-11-21 16:31:54,484 DEBUG    urllib3.connectionpool https://container.googleapis.com:443 "GET /v1/projects/cloud-dev-112233/locations/-/clusters?alt=json HTTP/1.1" 200 None
2022-11-21 16:31:54,610 INFO     root            Display format: "
    table(
        name,
        zone:label=LOCATION,
        master_version():label=MASTER_VERSION,
        endpoint:label=MASTER_IP,
        nodePools[0].config.machineType,
        currentNodeVersion:label=NODE_VERSION,
        firstof(currentNodeCount,initialNodeCount):label=NUM_NODES,
        status
    )
"
2022-11-21 16:31:54,682 INFO     ___FILE_ONLY___ NAME
2022-11-21 16:31:54,682 INFO     ___FILE_ONLY___                                
2022-11-21 16:31:54,682 INFO     ___FILE_ONLY___ LOCATION
2022-11-21 16:31:54,682 INFO     ___FILE_ONLY___         
2022-11-21 16:31:54,682 INFO     ___FILE_ONLY___ MASTER_VERSION
2022-11-21 16:31:54,682 INFO     ___FILE_ONLY___                        
2022-11-21 16:31:54,682 INFO     ___FILE_ONLY___ MASTER_IP
2022-11-21 16:31:54,682 INFO     ___FILE_ONLY___         
2022-11-21 16:31:54,682 INFO     ___FILE_ONLY___ MACHINE_TYPE
2022-11-21 16:31:54,682 INFO     ___FILE_ONLY___    
2022-11-21 16:31:54,682 INFO     ___FILE_ONLY___ NODE_VERSION
2022-11-21 16:31:54,682 INFO     ___FILE_ONLY___       
2022-11-21 16:31:54,682 INFO     ___FILE_ONLY___ NUM_NODES
2022-11-21 16:31:54,682 INFO     ___FILE_ONLY___   
2022-11-21 16:31:54,682 INFO     ___FILE_ONLY___ STATUS
2022-11-21 16:31:54,682 INFO     ___FILE_ONLY___ 

2022-11-21 16:31:54,682 INFO     ___FILE_ONLY___ andrii-5916
2022-11-21 16:31:54,682 INFO     ___FILE_ONLY___                         
2022-11-21 16:31:54,682 INFO     ___FILE_ONLY___ europe-west1-c
2022-11-21 16:31:54,683 INFO     ___FILE_ONLY___   
2022-11-21 16:31:54,683 INFO     ___FILE_ONLY___ 1.21.14-gke.9500
2022-11-21 16:31:54,683 INFO     ___FILE_ONLY___                      
2022-11-21 16:31:54,683 INFO     ___FILE_ONLY___ 35.233.90.31
2022-11-21 16:31:54,683 INFO     ___FILE_ONLY___      
2022-11-21 16:31:54,683 INFO     ___FILE_ONLY___ n1-standard-4
2022-11-21 16:31:54,683 INFO     ___FILE_ONLY___   
2022-11-21 16:31:54,683 INFO     ___FILE_ONLY___ 1.21.14-gke.9500
2022-11-21 16:31:54,683 INFO     ___FILE_ONLY___   
2022-11-21 16:31:54,683 INFO     ___FILE_ONLY___ 3
2022-11-21 16:31:54,683 INFO     ___FILE_ONLY___           
2022-11-21 16:31:54,683 INFO     ___FILE_ONLY___ RUNNING
2022-11-21 16:31:54,683 INFO     ___FILE_ONLY___ 

2022-11-21 16:31:54,683 INFO     ___FILE_ONLY___ ege-24814
2022-11-21 16:31:54,683 INFO     ___FILE_ONLY___                           
2022-11-21 16:31:54,683 INFO     ___FILE_ONLY___ europe-west3
2022-11-21 16:31:54,683 INFO     ___FILE_ONLY___     
2022-11-21 16:31:54,683 INFO     ___FILE_ONLY___ 1.25.3-gke.800
2022-11-21 16:31:54,683 INFO     ___FILE_ONLY___                        
2022-11-21 16:31:54,683 INFO     ___FILE_ONLY___ 34.159.155.85
2022-11-21 16:31:54,683 INFO     ___FILE_ONLY___     
2022-11-21 16:31:54,683 INFO     ___FILE_ONLY___ n1-standard-4
2022-11-21 16:31:54,683 INFO     ___FILE_ONLY___   
2022-11-21 16:31:54,683 INFO     ___FILE_ONLY___ 1.25.3-gke.800
2022-11-21 16:31:54,683 INFO     ___FILE_ONLY___     
2022-11-21 16:31:54,683 INFO     ___FILE_ONLY___ 3
2022-11-21 16:31:54,683 INFO     ___FILE_ONLY___           
2022-11-21 16:31:54,683 INFO     ___FILE_ONLY___ RUNNING
2022-11-21 16:31:54,683 INFO     ___FILE_ONLY___ 

2022-11-21 16:31:54,683 INFO     ___FILE_ONLY___ slava-pxc
2022-11-21 16:31:54,683 INFO     ___FILE_ONLY___                           
2022-11-21 16:31:54,683 INFO     ___FILE_ONLY___ europe-west3-a
2022-11-21 16:31:54,683 INFO     ___FILE_ONLY___   
2022-11-21 16:31:54,683 INFO     ___FILE_ONLY___ 1.21.14-gke.9500
2022-11-21 16:31:54,683 INFO     ___FILE_ONLY___                      
2022-11-21 16:31:54,683 INFO     ___FILE_ONLY___ 34.159.114.3
2022-11-21 16:31:54,683 INFO     ___FILE_ONLY___      
2022-11-21 16:31:54,683 INFO     ___FILE_ONLY___ n1-standard-4
2022-11-21 16:31:54,684 INFO     ___FILE_ONLY___   
2022-11-21 16:31:54,684 INFO     ___FILE_ONLY___ 1.21.14-gke.9500
2022-11-21 16:31:54,684 INFO     ___FILE_ONLY___   
2022-11-21 16:31:54,684 INFO     ___FILE_ONLY___ 3
2022-11-21 16:31:54,684 INFO     ___FILE_ONLY___           
2022-11-21 16:31:54,684 INFO     ___FILE_ONLY___ RUNNING
2022-11-21 16:31:54,684 INFO     ___FILE_ONLY___ 

2022-11-21 16:31:54,684 INFO     ___FILE_ONLY___ inel-17889
2022-11-21 16:31:54,684 INFO     ___FILE_ONLY___                          
2022-11-21 16:31:54,684 INFO     ___FILE_ONLY___ europe-west3-b
2022-11-21 16:31:54,684 INFO     ___FILE_ONLY___   
2022-11-21 16:31:54,684 INFO     ___FILE_ONLY___ 1.21.14-gke.9500
2022-11-21 16:31:54,684 INFO     ___FILE_ONLY___                      
2022-11-21 16:31:54,684 INFO     ___FILE_ONLY___ 35.198.127.206
2022-11-21 16:31:54,684 INFO     ___FILE_ONLY___    
2022-11-21 16:31:54,684 INFO     ___FILE_ONLY___ n1-standard-4
2022-11-21 16:31:54,684 INFO     ___FILE_ONLY___   
2022-11-21 16:31:54,684 INFO     ___FILE_ONLY___ 1.21.14-gke.9500
2022-11-21 16:31:54,684 INFO     ___FILE_ONLY___   
2022-11-21 16:31:54,684 INFO     ___FILE_ONLY___ 3
2022-11-21 16:31:54,684 INFO     ___FILE_ONLY___           
2022-11-21 16:31:54,684 INFO     ___FILE_ONLY___ RUNNING
2022-11-21 16:31:54,684 INFO     ___FILE_ONLY___ 

2022-11-21 16:31:54,684 INFO     ___FILE_ONLY___ max-30844
2022-11-21 16:31:54,684 INFO     ___FILE_ONLY___                           
2022-11-21 16:31:54,684 INFO     ___FILE_ONLY___ europe-west3-b
2022-11-21 16:31:54,684 INFO     ___FILE_ONLY___   
2022-11-21 16:31:54,684 INFO     ___FILE_ONLY___ 1.22.12-gke.2300
2022-11-21 16:31:54,684 INFO     ___FILE_ONLY___                      
2022-11-21 16:31:54,684 INFO     ___FILE_ONLY___ 35.246.193.17
2022-11-21 16:31:54,684 INFO     ___FILE_ONLY___     
2022-11-21 16:31:54,684 INFO     ___FILE_ONLY___ n1-standard-4
2022-11-21 16:31:54,684 INFO     ___FILE_ONLY___   
2022-11-21 16:31:54,684 INFO     ___FILE_ONLY___ 1.22.12-gke.2300
2022-11-21 16:31:54,684 INFO     ___FILE_ONLY___   
2022-11-21 16:31:54,684 INFO     ___FILE_ONLY___ 3
2022-11-21 16:31:54,684 INFO     ___FILE_ONLY___           
2022-11-21 16:31:54,684 INFO     ___FILE_ONLY___ RUNNING
2022-11-21 16:31:54,684 INFO     ___FILE_ONLY___ 

2022-11-21 16:31:54,684 INFO     ___FILE_ONLY___ jen-pxc-1263-29fdb3d8-24-cluster2
2022-11-21 16:31:54,685 INFO     ___FILE_ONLY___   
2022-11-21 16:31:54,685 INFO     ___FILE_ONLY___ us-central1-a
2022-11-21 16:31:54,685 INFO     ___FILE_ONLY___    
2022-11-21 16:31:54,685 INFO     ___FILE_ONLY___ 1.21.14-gke.9500
2022-11-21 16:31:54,685 INFO     ___FILE_ONLY___                      
2022-11-21 16:31:54,685 INFO     ___FILE_ONLY___ 35.232.55.169
2022-11-21 16:31:54,685 INFO     ___FILE_ONLY___     
2022-11-21 16:31:54,685 INFO     ___FILE_ONLY___ n1-standard-4
2022-11-21 16:31:54,685 INFO     ___FILE_ONLY___   
2022-11-21 16:31:54,685 INFO     ___FILE_ONLY___ 1.21.14-gke.9500
2022-11-21 16:31:54,685 INFO     ___FILE_ONLY___   
2022-11-21 16:31:54,685 INFO     ___FILE_ONLY___ 3
2022-11-21 16:31:54,685 INFO     ___FILE_ONLY___           
2022-11-21 16:31:54,685 INFO     ___FILE_ONLY___ RUNNING
2022-11-21 16:31:54,685 INFO     ___FILE_ONLY___ 

2022-11-21 16:31:54,685 INFO     ___FILE_ONLY___ jen-pxc-1263-29fdb3d8-24-cluster4
2022-11-21 16:31:54,685 INFO     ___FILE_ONLY___   
2022-11-21 16:31:54,685 INFO     ___FILE_ONLY___ us-central1-a
2022-11-21 16:31:54,685 INFO     ___FILE_ONLY___    
2022-11-21 16:31:54,685 INFO     ___FILE_ONLY___ 1.21.14-gke.9500
2022-11-21 16:31:54,685 INFO     ___FILE_ONLY___                      
2022-11-21 16:31:54,685 INFO     ___FILE_ONLY___ 35.193.244.202
2022-11-21 16:31:54,685 INFO     ___FILE_ONLY___    
2022-11-21 16:31:54,685 INFO     ___FILE_ONLY___ n1-standard-4
2022-11-21 16:31:54,685 INFO     ___FILE_ONLY___   
2022-11-21 16:31:54,685 INFO     ___FILE_ONLY___ 1.21.14-gke.9500
2022-11-21 16:31:54,685 INFO     ___FILE_ONLY___   
2022-11-21 16:31:54,685 INFO     ___FILE_ONLY___ 3
2022-11-21 16:31:54,685 INFO     ___FILE_ONLY___           
2022-11-21 16:31:54,685 INFO     ___FILE_ONLY___ RUNNING
2022-11-21 16:31:54,685 INFO     ___FILE_ONLY___ 

2022-11-21 16:31:54,685 INFO     ___FILE_ONLY___ jen-pxc-1263-29fdb3d8-24-cluster5
2022-11-21 16:31:54,685 INFO     ___FILE_ONLY___   
2022-11-21 16:31:54,685 INFO     ___FILE_ONLY___ us-central1-a
2022-11-21 16:31:54,686 INFO     ___FILE_ONLY___    
2022-11-21 16:31:54,686 INFO     ___FILE_ONLY___ 1.21.14-gke.9500
2022-11-21 16:31:54,686 INFO     ___FILE_ONLY___                      
2022-11-21 16:31:54,686 INFO     ___FILE_ONLY___ 35.193.78.54
2022-11-21 16:31:54,686 INFO     ___FILE_ONLY___      
2022-11-21 16:31:54,686 INFO     ___FILE_ONLY___ n1-standard-4
2022-11-21 16:31:54,686 INFO     ___FILE_ONLY___   
2022-11-21 16:31:54,686 INFO     ___FILE_ONLY___ 1.21.14-gke.9500
2022-11-21 16:31:54,686 INFO     ___FILE_ONLY___   
2022-11-21 16:31:54,686 INFO     ___FILE_ONLY___ 3
2022-11-21 16:31:54,686 INFO     ___FILE_ONLY___           
2022-11-21 16:31:54,686 INFO     ___FILE_ONLY___ RUNNING
2022-11-21 16:31:54,686 INFO     ___FILE_ONLY___ 

2022-11-21 16:31:54,686 INFO     ___FILE_ONLY___ jen-pxc-1263-29fdb3d8-24-cluster9
2022-11-21 16:31:54,686 INFO     ___FILE_ONLY___   
2022-11-21 16:31:54,686 INFO     ___FILE_ONLY___ us-central1-a
2022-11-21 16:31:54,686 INFO     ___FILE_ONLY___    
2022-11-21 16:31:54,686 INFO     ___FILE_ONLY___ 1.21.14-gke.9500
2022-11-21 16:31:54,686 INFO     ___FILE_ONLY___                      
2022-11-21 16:31:54,686 INFO     ___FILE_ONLY___ 34.68.9.138
2022-11-21 16:31:54,686 INFO     ___FILE_ONLY___       
2022-11-21 16:31:54,686 INFO     ___FILE_ONLY___ n1-standard-4
2022-11-21 16:31:54,686 INFO     ___FILE_ONLY___   
2022-11-21 16:31:54,686 INFO     ___FILE_ONLY___ 1.21.14-gke.9500
2022-11-21 16:31:54,686 INFO     ___FILE_ONLY___   
2022-11-21 16:31:54,686 INFO     ___FILE_ONLY___ 3
2022-11-21 16:31:54,686 INFO     ___FILE_ONLY___           
2022-11-21 16:31:54,686 INFO     ___FILE_ONLY___ RUNNING
2022-11-21 16:31:54,686 INFO     ___FILE_ONLY___ 

2022-11-21 16:31:54,686 INFO     ___FILE_ONLY___ jen-pxc-1268-a6fca7e4-17-cluster1
2022-11-21 16:31:54,686 INFO     ___FILE_ONLY___   
2022-11-21 16:31:54,686 INFO     ___FILE_ONLY___ us-central1-a
2022-11-21 16:31:54,686 INFO     ___FILE_ONLY___    
2022-11-21 16:31:54,686 INFO     ___FILE_ONLY___ 1.21.14-gke.9500
2022-11-21 16:31:54,686 INFO     ___FILE_ONLY___                      
2022-11-21 16:31:54,686 INFO     ___FILE_ONLY___ 35.202.247.88
2022-11-21 16:31:54,686 INFO     ___FILE_ONLY___     
2022-11-21 16:31:54,686 INFO     ___FILE_ONLY___ n1-standard-4
2022-11-21 16:31:54,686 INFO     ___FILE_ONLY___   
2022-11-21 16:31:54,686 INFO     ___FILE_ONLY___ 1.21.14-gke.9500
2022-11-21 16:31:54,686 INFO     ___FILE_ONLY___   
2022-11-21 16:31:54,686 INFO     ___FILE_ONLY___ 3
2022-11-21 16:31:54,686 INFO     ___FILE_ONLY___           
2022-11-21 16:31:54,686 INFO     ___FILE_ONLY___ RUNNING
2022-11-21 16:31:54,686 INFO     ___FILE_ONLY___ 

2022-11-21 16:31:54,687 INFO     ___FILE_ONLY___ jen-pxc-1268-a6fca7e4-17-cluster2
2022-11-21 16:31:54,687 INFO     ___FILE_ONLY___   
2022-11-21 16:31:54,687 INFO     ___FILE_ONLY___ us-central1-a
2022-11-21 16:31:54,687 INFO     ___FILE_ONLY___    
2022-11-21 16:31:54,687 INFO     ___FILE_ONLY___ 1.21.14-gke.9500
2022-11-21 16:31:54,687 INFO     ___FILE_ONLY___                      
2022-11-21 16:31:54,687 INFO     ___FILE_ONLY___ 34.67.49.140
2022-11-21 16:31:54,687 INFO     ___FILE_ONLY___      
2022-11-21 16:31:54,687 INFO     ___FILE_ONLY___ n1-standard-4
2022-11-21 16:31:54,687 INFO     ___FILE_ONLY___   
2022-11-21 16:31:54,687 INFO     ___FILE_ONLY___ 1.21.14-gke.9500
2022-11-21 16:31:54,687 INFO     ___FILE_ONLY___   
2022-11-21 16:31:54,687 INFO     ___FILE_ONLY___ 3
2022-11-21 16:31:54,687 INFO     ___FILE_ONLY___           
2022-11-21 16:31:54,687 INFO     ___FILE_ONLY___ RUNNING
2022-11-21 16:31:54,687 INFO     ___FILE_ONLY___ 

2022-11-21 16:31:54,687 INFO     ___FILE_ONLY___ jen-pxc-1268-a6fca7e4-17-cluster3
2022-11-21 16:31:54,687 INFO     ___FILE_ONLY___   
2022-11-21 16:31:54,687 INFO     ___FILE_ONLY___ us-central1-a
2022-11-21 16:31:54,687 INFO     ___FILE_ONLY___    
2022-11-21 16:31:54,687 INFO     ___FILE_ONLY___ 1.21.14-gke.9500
2022-11-21 16:31:54,687 INFO     ___FILE_ONLY___                      
2022-11-21 16:31:54,687 INFO     ___FILE_ONLY___ 23.251.151.19
2022-11-21 16:31:54,687 INFO     ___FILE_ONLY___     
2022-11-21 16:31:54,687 INFO     ___FILE_ONLY___ n1-standard-4
2022-11-21 16:31:54,687 INFO     ___FILE_ONLY___   
2022-11-21 16:31:54,687 INFO     ___FILE_ONLY___ 1.21.14-gke.9500
2022-11-21 16:31:54,687 INFO     ___FILE_ONLY___   
2022-11-21 16:31:54,687 INFO     ___FILE_ONLY___ 3
2022-11-21 16:31:54,687 INFO     ___FILE_ONLY___           
2022-11-21 16:31:54,687 INFO     ___FILE_ONLY___ RUNNING
2022-11-21 16:31:54,687 INFO     ___FILE_ONLY___ 

2022-11-21 16:31:54,687 INFO     ___FILE_ONLY___ jen-pxc-1268-a6fca7e4-17-cluster4
2022-11-21 16:31:54,687 INFO     ___FILE_ONLY___   
2022-11-21 16:31:54,687 INFO     ___FILE_ONLY___ us-central1-a
2022-11-21 16:31:54,687 INFO     ___FILE_ONLY___    
2022-11-21 16:31:54,687 INFO     ___FILE_ONLY___ 1.21.14-gke.9500
2022-11-21 16:31:54,687 INFO     ___FILE_ONLY___                      
2022-11-21 16:31:54,687 INFO     ___FILE_ONLY___ 34.72.30.123
2022-11-21 16:31:54,687 INFO     ___FILE_ONLY___      
2022-11-21 16:31:54,687 INFO     ___FILE_ONLY___ n1-standard-4
2022-11-21 16:31:54,687 INFO     ___FILE_ONLY___   
2022-11-21 16:31:54,687 INFO     ___FILE_ONLY___ 1.21.14-gke.9500
2022-11-21 16:31:54,687 INFO     ___FILE_ONLY___   
2022-11-21 16:31:54,687 INFO     ___FILE_ONLY___ 3
2022-11-21 16:31:54,687 INFO     ___FILE_ONLY___           
2022-11-21 16:31:54,687 INFO     ___FILE_ONLY___ RUNNING
2022-11-21 16:31:54,687 INFO     ___FILE_ONLY___ 

2022-11-21 16:31:54,687 INFO     ___FILE_ONLY___ jen-pxc-1268-a6fca7e4-17-cluster5
2022-11-21 16:31:54,687 INFO     ___FILE_ONLY___   
2022-11-21 16:31:54,688 INFO     ___FILE_ONLY___ us-central1-a
2022-11-21 16:31:54,688 INFO     ___FILE_ONLY___    
2022-11-21 16:31:54,688 INFO     ___FILE_ONLY___ 1.21.14-gke.9500
2022-11-21 16:31:54,688 INFO     ___FILE_ONLY___                      
2022-11-21 16:31:54,688 INFO     ___FILE_ONLY___ 34.123.31.42
2022-11-21 16:31:54,688 INFO     ___FILE_ONLY___      
2022-11-21 16:31:54,688 INFO     ___FILE_ONLY___ n1-standard-4
2022-11-21 16:31:54,688 INFO     ___FILE_ONLY___   
2022-11-21 16:31:54,688 INFO     ___FILE_ONLY___ 1.21.14-gke.9500
2022-11-21 16:31:54,688 INFO     ___FILE_ONLY___   
2022-11-21 16:31:54,688 INFO     ___FILE_ONLY___ 3
2022-11-21 16:31:54,688 INFO     ___FILE_ONLY___           
2022-11-21 16:31:54,688 INFO     ___FILE_ONLY___ RUNNING
2022-11-21 16:31:54,688 INFO     ___FILE_ONLY___ 

2022-11-21 16:31:54,688 INFO     ___FILE_ONLY___ jen-pxc-1268-a6fca7e4-17-cluster6
2022-11-21 16:31:54,688 INFO     ___FILE_ONLY___   
2022-11-21 16:31:54,688 INFO     ___FILE_ONLY___ us-central1-a
2022-11-21 16:31:54,688 INFO     ___FILE_ONLY___    
2022-11-21 16:31:54,688 INFO     ___FILE_ONLY___ 1.21.14-gke.9500
2022-11-21 16:31:54,688 INFO     ___FILE_ONLY___                      
2022-11-21 16:31:54,688 INFO     ___FILE_ONLY___ 34.170.130.85
2022-11-21 16:31:54,688 INFO     ___FILE_ONLY___     
2022-11-21 16:31:54,688 INFO     ___FILE_ONLY___ n1-standard-4
2022-11-21 16:31:54,688 INFO     ___FILE_ONLY___   
2022-11-21 16:31:54,688 INFO     ___FILE_ONLY___ 1.21.14-gke.9500
2022-11-21 16:31:54,688 INFO     ___FILE_ONLY___   
2022-11-21 16:31:54,688 INFO     ___FILE_ONLY___ 3
2022-11-21 16:31:54,688 INFO     ___FILE_ONLY___           
2022-11-21 16:31:54,688 INFO     ___FILE_ONLY___ RUNNING
2022-11-21 16:31:54,688 INFO     ___FILE_ONLY___ 

2022-11-21 16:31:54,688 INFO     ___FILE_ONLY___ jen-pxc-1268-a6fca7e4-17-cluster7
2022-11-21 16:31:54,688 INFO     ___FILE_ONLY___   
2022-11-21 16:31:54,688 INFO     ___FILE_ONLY___ us-central1-a
2022-11-21 16:31:54,688 INFO     ___FILE_ONLY___    
2022-11-21 16:31:54,688 INFO     ___FILE_ONLY___ 1.21.14-gke.9500
2022-11-21 16:31:54,688 INFO     ___FILE_ONLY___                      
2022-11-21 16:31:54,688 INFO     ___FILE_ONLY___ 104.198.254.202
2022-11-21 16:31:54,688 INFO     ___FILE_ONLY___   
2022-11-21 16:31:54,688 INFO     ___FILE_ONLY___ n1-standard-4
2022-11-21 16:31:54,688 INFO     ___FILE_ONLY___   
2022-11-21 16:31:54,688 INFO     ___FILE_ONLY___ 1.21.14-gke.9500
2022-11-21 16:31:54,688 INFO     ___FILE_ONLY___   
2022-11-21 16:31:54,688 INFO     ___FILE_ONLY___ 3
2022-11-21 16:31:54,688 INFO     ___FILE_ONLY___           
2022-11-21 16:31:54,688 INFO     ___FILE_ONLY___ RUNNING
2022-11-21 16:31:54,688 INFO     ___FILE_ONLY___ 

2022-11-21 16:31:54,688 INFO     ___FILE_ONLY___ jen-pxc-1268-a6fca7e4-17-cluster8
2022-11-21 16:31:54,688 INFO     ___FILE_ONLY___   
2022-11-21 16:31:54,688 INFO     ___FILE_ONLY___ us-central1-a
2022-11-21 16:31:54,688 INFO     ___FILE_ONLY___    
2022-11-21 16:31:54,688 INFO     ___FILE_ONLY___ 1.21.14-gke.9500
2022-11-21 16:31:54,688 INFO     ___FILE_ONLY___                      
2022-11-21 16:31:54,689 INFO     ___FILE_ONLY___ 34.171.112.26
2022-11-21 16:31:54,689 INFO     ___FILE_ONLY___     
2022-11-21 16:31:54,689 INFO     ___FILE_ONLY___ n1-standard-4
2022-11-21 16:31:54,689 INFO     ___FILE_ONLY___   
2022-11-21 16:31:54,689 INFO     ___FILE_ONLY___ 1.21.14-gke.9500
2022-11-21 16:31:54,689 INFO     ___FILE_ONLY___   
2022-11-21 16:31:54,689 INFO     ___FILE_ONLY___ 3
2022-11-21 16:31:54,689 INFO     ___FILE_ONLY___           
2022-11-21 16:31:54,689 INFO     ___FILE_ONLY___ RUNNING
2022-11-21 16:31:54,689 INFO     ___FILE_ONLY___ 

2022-11-21 16:31:54,689 INFO     ___FILE_ONLY___ jen-pxc-1268-a6fca7e4-17-cluster9
2022-11-21 16:31:54,689 INFO     ___FILE_ONLY___   
2022-11-21 16:31:54,689 INFO     ___FILE_ONLY___ us-central1-a
2022-11-21 16:31:54,689 INFO     ___FILE_ONLY___    
2022-11-21 16:31:54,689 INFO     ___FILE_ONLY___ 1.21.14-gke.9500
2022-11-21 16:31:54,689 INFO     ___FILE_ONLY___                      
2022-11-21 16:31:54,689 INFO     ___FILE_ONLY___ 34.66.90.251
2022-11-21 16:31:54,689 INFO     ___FILE_ONLY___      
2022-11-21 16:31:54,689 INFO     ___FILE_ONLY___ n1-standard-4
2022-11-21 16:31:54,689 INFO     ___FILE_ONLY___   
2022-11-21 16:31:54,689 INFO     ___FILE_ONLY___ 1.21.14-gke.9500
2022-11-21 16:31:54,689 INFO     ___FILE_ONLY___   
2022-11-21 16:31:54,689 INFO     ___FILE_ONLY___ 3
2022-11-21 16:31:54,689 INFO     ___FILE_ONLY___           
2022-11-21 16:31:54,689 INFO     ___FILE_ONLY___ RUNNING
2022-11-21 16:31:54,689 INFO     ___FILE_ONLY___ 

2022-11-21 16:31:54,689 INFO     ___FILE_ONLY___ jen-pxc-1275-bd1e4a73-8-cluster1
2022-11-21 16:31:54,689 INFO     ___FILE_ONLY___    
2022-11-21 16:31:54,689 INFO     ___FILE_ONLY___ us-central1-a
2022-11-21 16:31:54,689 INFO     ___FILE_ONLY___    
2022-11-21 16:31:54,689 INFO     ___FILE_ONLY___ 1.21.14-gke.9500
2022-11-21 16:31:54,689 INFO     ___FILE_ONLY___                      
2022-11-21 16:31:54,689 INFO     ___FILE_ONLY___ 35.222.218.19
2022-11-21 16:31:54,689 INFO     ___FILE_ONLY___     
2022-11-21 16:31:54,689 INFO     ___FILE_ONLY___ n1-standard-4
2022-11-21 16:31:54,689 INFO     ___FILE_ONLY___   
2022-11-21 16:31:54,689 INFO     ___FILE_ONLY___ 1.21.14-gke.9500
2022-11-21 16:31:54,689 INFO     ___FILE_ONLY___   
2022-11-21 16:31:54,689 INFO     ___FILE_ONLY___ 3
2022-11-21 16:31:54,689 INFO     ___FILE_ONLY___           
2022-11-21 16:31:54,689 INFO     ___FILE_ONLY___ RUNNING
2022-11-21 16:31:54,689 INFO     ___FILE_ONLY___ 

2022-11-21 16:31:54,689 INFO     ___FILE_ONLY___ jen-pxc-1275-bd1e4a73-8-cluster2
2022-11-21 16:31:54,689 INFO     ___FILE_ONLY___    
2022-11-21 16:31:54,689 INFO     ___FILE_ONLY___ us-central1-a
2022-11-21 16:31:54,689 INFO     ___FILE_ONLY___    
2022-11-21 16:31:54,689 INFO     ___FILE_ONLY___ 1.21.14-gke.9500
2022-11-21 16:31:54,689 INFO     ___FILE_ONLY___                      
2022-11-21 16:31:54,689 INFO     ___FILE_ONLY___ 34.66.200.141
2022-11-21 16:31:54,689 INFO     ___FILE_ONLY___     
2022-11-21 16:31:54,690 INFO     ___FILE_ONLY___ n1-standard-4
2022-11-21 16:31:54,690 INFO     ___FILE_ONLY___   
2022-11-21 16:31:54,690 INFO     ___FILE_ONLY___ 1.21.14-gke.9500
2022-11-21 16:31:54,690 INFO     ___FILE_ONLY___   
2022-11-21 16:31:54,690 INFO     ___FILE_ONLY___ 3
2022-11-21 16:31:54,690 INFO     ___FILE_ONLY___           
2022-11-21 16:31:54,690 INFO     ___FILE_ONLY___ RUNNING
2022-11-21 16:31:54,690 INFO     ___FILE_ONLY___ 

2022-11-21 16:31:54,690 INFO     ___FILE_ONLY___ jen-pxc-1275-bd1e4a73-8-cluster3
2022-11-21 16:31:54,690 INFO     ___FILE_ONLY___    
2022-11-21 16:31:54,690 INFO     ___FILE_ONLY___ us-central1-a
2022-11-21 16:31:54,690 INFO     ___FILE_ONLY___    
2022-11-21 16:31:54,690 INFO     ___FILE_ONLY___ 1.21.14-gke.9500
2022-11-21 16:31:54,690 INFO     ___FILE_ONLY___                      
2022-11-21 16:31:54,690 INFO     ___FILE_ONLY___ 34.173.156.73
2022-11-21 16:31:54,690 INFO     ___FILE_ONLY___     
2022-11-21 16:31:54,690 INFO     ___FILE_ONLY___ n1-standard-4
2022-11-21 16:31:54,690 INFO     ___FILE_ONLY___   
2022-11-21 16:31:54,690 INFO     ___FILE_ONLY___ 1.21.14-gke.9500
2022-11-21 16:31:54,690 INFO     ___FILE_ONLY___   
2022-11-21 16:31:54,690 INFO     ___FILE_ONLY___ 3
2022-11-21 16:31:54,690 INFO     ___FILE_ONLY___           
2022-11-21 16:31:54,690 INFO     ___FILE_ONLY___ RUNNING
2022-11-21 16:31:54,690 INFO     ___FILE_ONLY___ 

2022-11-21 16:31:54,690 INFO     ___FILE_ONLY___ jen-pxc-1275-bd1e4a73-8-cluster4
2022-11-21 16:31:54,690 INFO     ___FILE_ONLY___    
2022-11-21 16:31:54,690 INFO     ___FILE_ONLY___ us-central1-a
2022-11-21 16:31:54,690 INFO     ___FILE_ONLY___    
2022-11-21 16:31:54,690 INFO     ___FILE_ONLY___ 1.21.14-gke.9500
2022-11-21 16:31:54,690 INFO     ___FILE_ONLY___                      
2022-11-21 16:31:54,690 INFO     ___FILE_ONLY___ 34.173.190.105
2022-11-21 16:31:54,690 INFO     ___FILE_ONLY___    
2022-11-21 16:31:54,690 INFO     ___FILE_ONLY___ n1-standard-4
2022-11-21 16:31:54,690 INFO     ___FILE_ONLY___   
2022-11-21 16:31:54,690 INFO     ___FILE_ONLY___ 1.21.14-gke.9500
2022-11-21 16:31:54,690 INFO     ___FILE_ONLY___   
2022-11-21 16:31:54,690 INFO     ___FILE_ONLY___ 3
2022-11-21 16:31:54,690 INFO     ___FILE_ONLY___           
2022-11-21 16:31:54,690 INFO     ___FILE_ONLY___ RUNNING
2022-11-21 16:31:54,690 INFO     ___FILE_ONLY___ 

2022-11-21 16:31:54,690 INFO     ___FILE_ONLY___ jen-pxc-1275-bd1e4a73-8-cluster5
2022-11-21 16:31:54,690 INFO     ___FILE_ONLY___    
2022-11-21 16:31:54,690 INFO     ___FILE_ONLY___ us-central1-a
2022-11-21 16:31:54,690 INFO     ___FILE_ONLY___    
2022-11-21 16:31:54,690 INFO     ___FILE_ONLY___ 1.21.14-gke.9500
2022-11-21 16:31:54,690 INFO     ___FILE_ONLY___                      
2022-11-21 16:31:54,690 INFO     ___FILE_ONLY___ 35.184.239.87
2022-11-21 16:31:54,690 INFO     ___FILE_ONLY___     
2022-11-21 16:31:54,690 INFO     ___FILE_ONLY___ n1-standard-4
2022-11-21 16:31:54,690 INFO     ___FILE_ONLY___   
2022-11-21 16:31:54,691 INFO     ___FILE_ONLY___ 1.21.14-gke.9500
2022-11-21 16:31:54,691 INFO     ___FILE_ONLY___   
2022-11-21 16:31:54,691 INFO     ___FILE_ONLY___ 3
2022-11-21 16:31:54,691 INFO     ___FILE_ONLY___           
2022-11-21 16:31:54,691 INFO     ___FILE_ONLY___ RUNNING
2022-11-21 16:31:54,691 INFO     ___FILE_ONLY___ 

2022-11-21 16:31:54,691 INFO     ___FILE_ONLY___ jen-pxc-1275-bd1e4a73-8-cluster6
2022-11-21 16:31:54,691 INFO     ___FILE_ONLY___    
2022-11-21 16:31:54,691 INFO     ___FILE_ONLY___ us-central1-a
2022-11-21 16:31:54,691 INFO     ___FILE_ONLY___    
2022-11-21 16:31:54,691 INFO     ___FILE_ONLY___ 1.21.14-gke.9500
2022-11-21 16:31:54,691 INFO     ___FILE_ONLY___                      
2022-11-21 16:31:54,691 INFO     ___FILE_ONLY___ 34.69.71.118
2022-11-21 16:31:54,691 INFO     ___FILE_ONLY___      
2022-11-21 16:31:54,691 INFO     ___FILE_ONLY___ n1-standard-4
2022-11-21 16:31:54,691 INFO     ___FILE_ONLY___   
2022-11-21 16:31:54,691 INFO     ___FILE_ONLY___ 1.21.14-gke.9500
2022-11-21 16:31:54,691 INFO     ___FILE_ONLY___   
2022-11-21 16:31:54,691 INFO     ___FILE_ONLY___ 3
2022-11-21 16:31:54,691 INFO     ___FILE_ONLY___           
2022-11-21 16:31:54,691 INFO     ___FILE_ONLY___ RUNNING
2022-11-21 16:31:54,691 INFO     ___FILE_ONLY___ 

2022-11-21 16:31:54,691 INFO     ___FILE_ONLY___ jen-pxc-1275-bd1e4a73-8-cluster7
2022-11-21 16:31:54,691 INFO     ___FILE_ONLY___    
2022-11-21 16:31:54,691 INFO     ___FILE_ONLY___ us-central1-a
2022-11-21 16:31:54,691 INFO     ___FILE_ONLY___    
2022-11-21 16:31:54,691 INFO     ___FILE_ONLY___ 1.21.14-gke.9500
2022-11-21 16:31:54,691 INFO     ___FILE_ONLY___                      
2022-11-21 16:31:54,691 INFO     ___FILE_ONLY___ 34.132.143.137
2022-11-21 16:31:54,691 INFO     ___FILE_ONLY___    
2022-11-21 16:31:54,691 INFO     ___FILE_ONLY___ n1-standard-4
2022-11-21 16:31:54,691 INFO     ___FILE_ONLY___   
2022-11-21 16:31:54,691 INFO     ___FILE_ONLY___ 1.21.14-gke.9500
2022-11-21 16:31:54,691 INFO     ___FILE_ONLY___   
2022-11-21 16:31:54,691 INFO     ___FILE_ONLY___ 3
2022-11-21 16:31:54,691 INFO     ___FILE_ONLY___           
2022-11-21 16:31:54,691 INFO     ___FILE_ONLY___ RUNNING
2022-11-21 16:31:54,691 INFO     ___FILE_ONLY___ 

2022-11-21 16:31:54,691 INFO     ___FILE_ONLY___ jen-pxc-1275-bd1e4a73-8-cluster8
2022-11-21 16:31:54,691 INFO     ___FILE_ONLY___    
2022-11-21 16:31:54,691 INFO     ___FILE_ONLY___ us-central1-a
2022-11-21 16:31:54,691 INFO     ___FILE_ONLY___    
2022-11-21 16:31:54,691 INFO     ___FILE_ONLY___ 1.21.14-gke.9500
2022-11-21 16:31:54,691 INFO     ___FILE_ONLY___                      
2022-11-21 16:31:54,691 INFO     ___FILE_ONLY___ 34.122.22.21
2022-11-21 16:31:54,691 INFO     ___FILE_ONLY___      
2022-11-21 16:31:54,691 INFO     ___FILE_ONLY___ n1-standard-4
2022-11-21 16:31:54,691 INFO     ___FILE_ONLY___   
2022-11-21 16:31:54,691 INFO     ___FILE_ONLY___ 1.21.14-gke.9500
2022-11-21 16:31:54,691 INFO     ___FILE_ONLY___   
2022-11-21 16:31:54,691 INFO     ___FILE_ONLY___ 3
2022-11-21 16:31:54,692 INFO     ___FILE_ONLY___           
2022-11-21 16:31:54,692 INFO     ___FILE_ONLY___ RUNNING
2022-11-21 16:31:54,692 INFO     ___FILE_ONLY___ 

2022-11-21 16:31:54,692 INFO     ___FILE_ONLY___ jen-pxc-1275-bd1e4a73-8-cluster9
2022-11-21 16:31:54,692 INFO     ___FILE_ONLY___    
2022-11-21 16:31:54,692 INFO     ___FILE_ONLY___ us-central1-a
2022-11-21 16:31:54,692 INFO     ___FILE_ONLY___    
2022-11-21 16:31:54,692 INFO     ___FILE_ONLY___ 1.21.14-gke.9500
2022-11-21 16:31:54,692 INFO     ___FILE_ONLY___                      
2022-11-21 16:31:54,692 INFO     ___FILE_ONLY___ 34.70.213.6
2022-11-21 16:31:54,692 INFO     ___FILE_ONLY___       
2022-11-21 16:31:54,692 INFO     ___FILE_ONLY___ n1-standard-4
2022-11-21 16:31:54,692 INFO     ___FILE_ONLY___   
2022-11-21 16:31:54,692 INFO     ___FILE_ONLY___ 1.21.14-gke.9500
2022-11-21 16:31:54,692 INFO     ___FILE_ONLY___   
2022-11-21 16:31:54,692 INFO     ___FILE_ONLY___ 3
2022-11-21 16:31:54,692 INFO     ___FILE_ONLY___           
2022-11-21 16:31:54,692 INFO     ___FILE_ONLY___ RUNNING
2022-11-21 16:31:54,692 INFO     ___FILE_ONLY___ 

2022-11-21 16:31:54,692 INFO     ___FILE_ONLY___ jen-pxc-1276-26fde0da-4-cluster2
2022-11-21 16:31:54,692 INFO     ___FILE_ONLY___    
2022-11-21 16:31:54,692 INFO     ___FILE_ONLY___ us-central1-a
2022-11-21 16:31:54,692 INFO     ___FILE_ONLY___    
2022-11-21 16:31:54,692 INFO     ___FILE_ONLY___ 1.21.14-gke.9500
2022-11-21 16:31:54,692 INFO     ___FILE_ONLY___                      
2022-11-21 16:31:54,692 INFO     ___FILE_ONLY___ 34.66.83.176
2022-11-21 16:31:54,692 INFO     ___FILE_ONLY___      
2022-11-21 16:31:54,692 INFO     ___FILE_ONLY___ n1-standard-4
2022-11-21 16:31:54,692 INFO     ___FILE_ONLY___   
2022-11-21 16:31:54,692 INFO     ___FILE_ONLY___ 1.21.14-gke.9500
2022-11-21 16:31:54,692 INFO     ___FILE_ONLY___   
2022-11-21 16:31:54,692 INFO     ___FILE_ONLY___ 3
2022-11-21 16:31:54,692 INFO     ___FILE_ONLY___           
2022-11-21 16:31:54,692 INFO     ___FILE_ONLY___ RUNNING
2022-11-21 16:31:54,692 INFO     ___FILE_ONLY___ 

2022-11-21 16:31:54,692 INFO     ___FILE_ONLY___ jen-pxc-1277-36250f92-1-cluster1
2022-11-21 16:31:54,692 INFO     ___FILE_ONLY___    
2022-11-21 16:31:54,692 INFO     ___FILE_ONLY___ us-central1-a
2022-11-21 16:31:54,692 INFO     ___FILE_ONLY___    
2022-11-21 16:31:54,692 INFO     ___FILE_ONLY___ 1.21.14-gke.9500
2022-11-21 16:31:54,692 INFO     ___FILE_ONLY___                      
2022-11-21 16:31:54,692 INFO     ___FILE_ONLY___ 35.193.42.89
2022-11-21 16:31:54,692 INFO     ___FILE_ONLY___      
2022-11-21 16:31:54,693 INFO     ___FILE_ONLY___ n1-standard-4
2022-11-21 16:31:54,693 INFO     ___FILE_ONLY___   
2022-11-21 16:31:54,693 INFO     ___FILE_ONLY___ 1.21.14-gke.9500
2022-11-21 16:31:54,693 INFO     ___FILE_ONLY___   
2022-11-21 16:31:54,693 INFO     ___FILE_ONLY___ 3
2022-11-21 16:31:54,693 INFO     ___FILE_ONLY___           
2022-11-21 16:31:54,693 INFO     ___FILE_ONLY___ RUNNING
2022-11-21 16:31:54,693 INFO     ___FILE_ONLY___ 

2022-11-21 16:31:54,693 INFO     ___FILE_ONLY___ jen-pxc-1277-36250f92-1-cluster2
2022-11-21 16:31:54,693 INFO     ___FILE_ONLY___    
2022-11-21 16:31:54,693 INFO     ___FILE_ONLY___ us-central1-a
2022-11-21 16:31:54,693 INFO     ___FILE_ONLY___    
2022-11-21 16:31:54,693 INFO     ___FILE_ONLY___ 1.21.14-gke.9500
2022-11-21 16:31:54,693 INFO     ___FILE_ONLY___                      
2022-11-21 16:31:54,693 INFO     ___FILE_ONLY___ 34.132.55.221
2022-11-21 16:31:54,693 INFO     ___FILE_ONLY___     
2022-11-21 16:31:54,693 INFO     ___FILE_ONLY___ n1-standard-4
2022-11-21 16:31:54,693 INFO     ___FILE_ONLY___   
2022-11-21 16:31:54,693 INFO     ___FILE_ONLY___ 1.21.14-gke.9500
2022-11-21 16:31:54,693 INFO     ___FILE_ONLY___   
2022-11-21 16:31:54,693 INFO     ___FILE_ONLY___ 3
2022-11-21 16:31:54,693 INFO     ___FILE_ONLY___           
2022-11-21 16:31:54,693 INFO     ___FILE_ONLY___ RUNNING
2022-11-21 16:31:54,693 INFO     ___FILE_ONLY___ 

2022-11-21 16:31:54,693 INFO     ___FILE_ONLY___ jen-pxc-1277-36250f92-1-cluster4
2022-11-21 16:31:54,693 INFO     ___FILE_ONLY___    
2022-11-21 16:31:54,693 INFO     ___FILE_ONLY___ us-central1-a
2022-11-21 16:31:54,693 INFO     ___FILE_ONLY___    
2022-11-21 16:31:54,693 INFO     ___FILE_ONLY___ 1.21.14-gke.9500
2022-11-21 16:31:54,693 INFO     ___FILE_ONLY___                      
2022-11-21 16:31:54,693 INFO     ___FILE_ONLY___ 35.202.23.121
2022-11-21 16:31:54,693 INFO     ___FILE_ONLY___     
2022-11-21 16:31:54,693 INFO     ___FILE_ONLY___ n1-standard-4
2022-11-21 16:31:54,693 INFO     ___FILE_ONLY___   
2022-11-21 16:31:54,693 INFO     ___FILE_ONLY___ 1.21.14-gke.9500
2022-11-21 16:31:54,693 INFO     ___FILE_ONLY___   
2022-11-21 16:31:54,693 INFO     ___FILE_ONLY___ 3
2022-11-21 16:31:54,693 INFO     ___FILE_ONLY___           
2022-11-21 16:31:54,693 INFO     ___FILE_ONLY___ RUNNING
2022-11-21 16:31:54,693 INFO     ___FILE_ONLY___ 

2022-11-21 16:31:54,693 INFO     ___FILE_ONLY___ jen-pxc-1277-36250f92-1-cluster7
2022-11-21 16:31:54,693 INFO     ___FILE_ONLY___    
2022-11-21 16:31:54,693 INFO     ___FILE_ONLY___ us-central1-a
2022-11-21 16:31:54,693 INFO     ___FILE_ONLY___    
2022-11-21 16:31:54,693 INFO     ___FILE_ONLY___ 1.21.14-gke.9500
2022-11-21 16:31:54,693 INFO     ___FILE_ONLY___                      
2022-11-21 16:31:54,693 INFO     ___FILE_ONLY___ 34.136.5.40
2022-11-21 16:31:54,693 INFO     ___FILE_ONLY___       
2022-11-21 16:31:54,693 INFO     ___FILE_ONLY___ n1-standard-4
2022-11-21 16:31:54,694 INFO     ___FILE_ONLY___   
2022-11-21 16:31:54,694 INFO     ___FILE_ONLY___ 1.21.14-gke.9500
2022-11-21 16:31:54,694 INFO     ___FILE_ONLY___   
2022-11-21 16:31:54,694 INFO     ___FILE_ONLY___ 3
2022-11-21 16:31:54,694 INFO     ___FILE_ONLY___           
2022-11-21 16:31:54,694 INFO     ___FILE_ONLY___ STOPPING
2022-11-21 16:31:54,694 INFO     ___FILE_ONLY___ 

2022-11-21 16:31:54,694 INFO     ___FILE_ONLY___ jen-pxc-1277-36250f92-1-cluster8
2022-11-21 16:31:54,694 INFO     ___FILE_ONLY___    
2022-11-21 16:31:54,694 INFO     ___FILE_ONLY___ us-central1-a
2022-11-21 16:31:54,694 INFO     ___FILE_ONLY___    
2022-11-21 16:31:54,694 INFO     ___FILE_ONLY___ 1.21.14-gke.9500
2022-11-21 16:31:54,694 INFO     ___FILE_ONLY___                      
2022-11-21 16:31:54,694 INFO     ___FILE_ONLY___ 34.134.73.144
2022-11-21 16:31:54,694 INFO     ___FILE_ONLY___     
2022-11-21 16:31:54,694 INFO     ___FILE_ONLY___ n1-standard-4
2022-11-21 16:31:54,694 INFO     ___FILE_ONLY___   
2022-11-21 16:31:54,694 INFO     ___FILE_ONLY___ 1.21.14-gke.9500
2022-11-21 16:31:54,694 INFO     ___FILE_ONLY___   
2022-11-21 16:31:54,694 INFO     ___FILE_ONLY___ 3
2022-11-21 16:31:54,694 INFO     ___FILE_ONLY___           
2022-11-21 16:31:54,694 INFO     ___FILE_ONLY___ RUNNING
2022-11-21 16:31:54,694 INFO     ___FILE_ONLY___ 

2022-11-21 16:31:54,694 INFO     ___FILE_ONLY___ jen-pxc-1277-36250f92-1-cluster9
2022-11-21 16:31:54,694 INFO     ___FILE_ONLY___    
2022-11-21 16:31:54,694 INFO     ___FILE_ONLY___ us-central1-a
2022-11-21 16:31:54,694 INFO     ___FILE_ONLY___    
2022-11-21 16:31:54,694 INFO     ___FILE_ONLY___ 1.21.14-gke.9500
2022-11-21 16:31:54,694 INFO     ___FILE_ONLY___                      
2022-11-21 16:31:54,694 INFO     ___FILE_ONLY___ 34.69.168.79
2022-11-21 16:31:54,694 INFO     ___FILE_ONLY___      
2022-11-21 16:31:54,694 INFO     ___FILE_ONLY___ n1-standard-4
2022-11-21 16:31:54,694 INFO     ___FILE_ONLY___   
2022-11-21 16:31:54,694 INFO     ___FILE_ONLY___ 1.21.14-gke.9500
2022-11-21 16:31:54,694 INFO     ___FILE_ONLY___   
2022-11-21 16:31:54,694 INFO     ___FILE_ONLY___ 3
2022-11-21 16:31:54,694 INFO     ___FILE_ONLY___           
2022-11-21 16:31:54,694 INFO     ___FILE_ONLY___ RUNNING
2022-11-21 16:31:54,694 INFO     ___FILE_ONLY___ 

2022-11-21 16:31:54,694 INFO     ___FILE_ONLY___ jen-pxc-1278-b58ed4aa-1-cluster1
2022-11-21 16:31:54,694 INFO     ___FILE_ONLY___    
2022-11-21 16:31:54,694 INFO     ___FILE_ONLY___ us-central1-a
2022-11-21 16:31:54,694 INFO     ___FILE_ONLY___    
2022-11-21 16:31:54,694 INFO     ___FILE_ONLY___ 1.21.14-gke.9500
2022-11-21 16:31:54,694 INFO     ___FILE_ONLY___                      
2022-11-21 16:31:54,694 INFO     ___FILE_ONLY___ 34.68.85.132
2022-11-21 16:31:54,694 INFO     ___FILE_ONLY___      
2022-11-21 16:31:54,694 INFO     ___FILE_ONLY___ n1-standard-4
2022-11-21 16:31:54,694 INFO     ___FILE_ONLY___   
2022-11-21 16:31:54,694 INFO     ___FILE_ONLY___ 1.21.14-gke.9500
2022-11-21 16:31:54,695 INFO     ___FILE_ONLY___   
2022-11-21 16:31:54,695 INFO     ___FILE_ONLY___ 3
2022-11-21 16:31:54,695 INFO     ___FILE_ONLY___           
2022-11-21 16:31:54,695 INFO     ___FILE_ONLY___ RUNNING
2022-11-21 16:31:54,695 INFO     ___FILE_ONLY___ 

2022-11-21 16:31:54,695 INFO     ___FILE_ONLY___ jen-pxc-1278-b58ed4aa-1-cluster2
2022-11-21 16:31:54,695 INFO     ___FILE_ONLY___    
2022-11-21 16:31:54,695 INFO     ___FILE_ONLY___ us-central1-a
2022-11-21 16:31:54,695 INFO     ___FILE_ONLY___    
2022-11-21 16:31:54,695 INFO     ___FILE_ONLY___ 1.21.14-gke.9500
2022-11-21 16:31:54,695 INFO     ___FILE_ONLY___                      
2022-11-21 16:31:54,695 INFO     ___FILE_ONLY___ 34.71.38.29
2022-11-21 16:31:54,695 INFO     ___FILE_ONLY___       
2022-11-21 16:31:54,695 INFO     ___FILE_ONLY___ n1-standard-4
2022-11-21 16:31:54,695 INFO     ___FILE_ONLY___   
2022-11-21 16:31:54,695 INFO     ___FILE_ONLY___ 1.21.14-gke.9500
2022-11-21 16:31:54,695 INFO     ___FILE_ONLY___   
2022-11-21 16:31:54,695 INFO     ___FILE_ONLY___ 3
2022-11-21 16:31:54,695 INFO     ___FILE_ONLY___           
2022-11-21 16:31:54,695 INFO     ___FILE_ONLY___ RUNNING
2022-11-21 16:31:54,695 INFO     ___FILE_ONLY___ 

2022-11-21 16:31:54,695 INFO     ___FILE_ONLY___ jen-pxc-1278-b58ed4aa-1-cluster3
2022-11-21 16:31:54,695 INFO     ___FILE_ONLY___    
2022-11-21 16:31:54,695 INFO     ___FILE_ONLY___ us-central1-a
2022-11-21 16:31:54,695 INFO     ___FILE_ONLY___    
2022-11-21 16:31:54,695 INFO     ___FILE_ONLY___ 1.21.14-gke.9500
2022-11-21 16:31:54,695 INFO     ___FILE_ONLY___                      
2022-11-21 16:31:54,695 INFO     ___FILE_ONLY___ 34.69.120.57
2022-11-21 16:31:54,695 INFO     ___FILE_ONLY___      
2022-11-21 16:31:54,695 INFO     ___FILE_ONLY___ n1-standard-4
2022-11-21 16:31:54,695 INFO     ___FILE_ONLY___   
2022-11-21 16:31:54,695 INFO     ___FILE_ONLY___ 1.21.14-gke.9500
2022-11-21 16:31:54,695 INFO     ___FILE_ONLY___   
2022-11-21 16:31:54,695 INFO     ___FILE_ONLY___ 3
2022-11-21 16:31:54,695 INFO     ___FILE_ONLY___           
2022-11-21 16:31:54,695 INFO     ___FILE_ONLY___ RUNNING
2022-11-21 16:31:54,695 INFO     ___FILE_ONLY___ 

2022-11-21 16:31:54,695 INFO     ___FILE_ONLY___ jen-pxc-1278-b58ed4aa-1-cluster4
2022-11-21 16:31:54,695 INFO     ___FILE_ONLY___    
2022-11-21 16:31:54,695 INFO     ___FILE_ONLY___ us-central1-a
2022-11-21 16:31:54,695 INFO     ___FILE_ONLY___    
2022-11-21 16:31:54,695 INFO     ___FILE_ONLY___ 1.21.14-gke.9500
2022-11-21 16:31:54,695 INFO     ___FILE_ONLY___                      
2022-11-21 16:31:54,695 INFO     ___FILE_ONLY___ 34.136.31.205
2022-11-21 16:31:54,695 INFO     ___FILE_ONLY___     
2022-11-21 16:31:54,695 INFO     ___FILE_ONLY___ n1-standard-4
2022-11-21 16:31:54,695 INFO     ___FILE_ONLY___   
2022-11-21 16:31:54,695 INFO     ___FILE_ONLY___ 1.21.14-gke.9500
2022-11-21 16:31:54,695 INFO     ___FILE_ONLY___   
2022-11-21 16:31:54,695 INFO     ___FILE_ONLY___ 3
2022-11-21 16:31:54,696 INFO     ___FILE_ONLY___           
2022-11-21 16:31:54,696 INFO     ___FILE_ONLY___ RUNNING
2022-11-21 16:31:54,696 INFO     ___FILE_ONLY___ 

2022-11-21 16:31:54,696 INFO     ___FILE_ONLY___ jen-pxc-1278-b58ed4aa-1-cluster5
2022-11-21 16:31:54,696 INFO     ___FILE_ONLY___    
2022-11-21 16:31:54,696 INFO     ___FILE_ONLY___ us-central1-a
2022-11-21 16:31:54,696 INFO     ___FILE_ONLY___    
2022-11-21 16:31:54,696 INFO     ___FILE_ONLY___ 1.21.14-gke.9500
2022-11-21 16:31:54,696 INFO     ___FILE_ONLY___                      
2022-11-21 16:31:54,696 INFO     ___FILE_ONLY___ 34.72.190.131
2022-11-21 16:31:54,696 INFO     ___FILE_ONLY___     
2022-11-21 16:31:54,696 INFO     ___FILE_ONLY___ n1-standard-4
2022-11-21 16:31:54,696 INFO     ___FILE_ONLY___   
2022-11-21 16:31:54,696 INFO     ___FILE_ONLY___ 1.21.14-gke.9500
2022-11-21 16:31:54,696 INFO     ___FILE_ONLY___   
2022-11-21 16:31:54,696 INFO     ___FILE_ONLY___ 3
2022-11-21 16:31:54,696 INFO     ___FILE_ONLY___           
2022-11-21 16:31:54,696 INFO     ___FILE_ONLY___ RUNNING
2022-11-21 16:31:54,696 INFO     ___FILE_ONLY___ 

2022-11-21 16:31:54,696 INFO     ___FILE_ONLY___ jen-pxc-1278-b58ed4aa-1-cluster6
2022-11-21 16:31:54,696 INFO     ___FILE_ONLY___    
2022-11-21 16:31:54,696 INFO     ___FILE_ONLY___ us-central1-a
2022-11-21 16:31:54,696 INFO     ___FILE_ONLY___    
2022-11-21 16:31:54,696 INFO     ___FILE_ONLY___ 1.21.14-gke.9500
2022-11-21 16:31:54,696 INFO     ___FILE_ONLY___                      
2022-11-21 16:31:54,696 INFO     ___FILE_ONLY___ 34.171.81.213
2022-11-21 16:31:54,696 INFO     ___FILE_ONLY___     
2022-11-21 16:31:54,696 INFO     ___FILE_ONLY___ n1-standard-4
2022-11-21 16:31:54,696 INFO     ___FILE_ONLY___   
2022-11-21 16:31:54,696 INFO     ___FILE_ONLY___ 1.21.14-gke.9500
2022-11-21 16:31:54,696 INFO     ___FILE_ONLY___   
2022-11-21 16:31:54,696 INFO     ___FILE_ONLY___ 3
2022-11-21 16:31:54,696 INFO     ___FILE_ONLY___           
2022-11-21 16:31:54,696 INFO     ___FILE_ONLY___ RUNNING
2022-11-21 16:31:54,696 INFO     ___FILE_ONLY___ 

2022-11-21 16:31:54,696 INFO     ___FILE_ONLY___ jen-pxc-1278-b58ed4aa-1-cluster7
2022-11-21 16:31:54,696 INFO     ___FILE_ONLY___    
2022-11-21 16:31:54,696 INFO     ___FILE_ONLY___ us-central1-a
2022-11-21 16:31:54,696 INFO     ___FILE_ONLY___    
2022-11-21 16:31:54,696 INFO     ___FILE_ONLY___ 1.21.14-gke.9500
2022-11-21 16:31:54,696 INFO     ___FILE_ONLY___                      
2022-11-21 16:31:54,696 INFO     ___FILE_ONLY___ 34.68.189.197
2022-11-21 16:31:54,696 INFO     ___FILE_ONLY___     
2022-11-21 16:31:54,696 INFO     ___FILE_ONLY___ n1-standard-4
2022-11-21 16:31:54,696 INFO     ___FILE_ONLY___   
2022-11-21 16:31:54,696 INFO     ___FILE_ONLY___ 1.21.14-gke.9500
2022-11-21 16:31:54,696 INFO     ___FILE_ONLY___   
2022-11-21 16:31:54,696 INFO     ___FILE_ONLY___ 3
2022-11-21 16:31:54,696 INFO     ___FILE_ONLY___           
2022-11-21 16:31:54,696 INFO     ___FILE_ONLY___ RUNNING
2022-11-21 16:31:54,696 INFO     ___FILE_ONLY___ 

2022-11-21 16:31:54,697 INFO     ___FILE_ONLY___ jen-pxc-1278-b58ed4aa-1-cluster9
2022-11-21 16:31:54,697 INFO     ___FILE_ONLY___    
2022-11-21 16:31:54,697 INFO     ___FILE_ONLY___ us-central1-a
2022-11-21 16:31:54,697 INFO     ___FILE_ONLY___    
2022-11-21 16:31:54,697 INFO     ___FILE_ONLY___ 1.21.14-gke.9500
2022-11-21 16:31:54,697 INFO     ___FILE_ONLY___                      
2022-11-21 16:31:54,697 INFO     ___FILE_ONLY___ 35.202.183.172
2022-11-21 16:31:54,697 INFO     ___FILE_ONLY___    
2022-11-21 16:31:54,697 INFO     ___FILE_ONLY___ n1-standard-4
2022-11-21 16:31:54,697 INFO     ___FILE_ONLY___   
2022-11-21 16:31:54,697 INFO     ___FILE_ONLY___ 1.21.14-gke.9500
2022-11-21 16:31:54,697 INFO     ___FILE_ONLY___   
2022-11-21 16:31:54,697 INFO     ___FILE_ONLY___ 3
2022-11-21 16:31:54,697 INFO     ___FILE_ONLY___           
2022-11-21 16:31:54,697 INFO     ___FILE_ONLY___ RUNNING
2022-11-21 16:31:54,697 INFO     ___FILE_ONLY___ 

2022-11-21 16:31:54,697 INFO     ___FILE_ONLY___ jen-pxc-1279-7e63de55-2-cluster1
2022-11-21 16:31:54,697 INFO     ___FILE_ONLY___    
2022-11-21 16:31:54,697 INFO     ___FILE_ONLY___ us-central1-a
2022-11-21 16:31:54,697 INFO     ___FILE_ONLY___    
2022-11-21 16:31:54,697 INFO     ___FILE_ONLY___ 1.21.14-gke.9500
2022-11-21 16:31:54,697 INFO     ___FILE_ONLY___                      
2022-11-21 16:31:54,697 INFO     ___FILE_ONLY___ 35.224.73.21
2022-11-21 16:31:54,697 INFO     ___FILE_ONLY___      
2022-11-21 16:31:54,697 INFO     ___FILE_ONLY___ n1-standard-4
2022-11-21 16:31:54,697 INFO     ___FILE_ONLY___   
2022-11-21 16:31:54,697 INFO     ___FILE_ONLY___ 1.21.14-gke.9500
2022-11-21 16:31:54,697 INFO     ___FILE_ONLY___   
2022-11-21 16:31:54,697 INFO     ___FILE_ONLY___ 3
2022-11-21 16:31:54,697 INFO     ___FILE_ONLY___           
2022-11-21 16:31:54,697 INFO     ___FILE_ONLY___ RUNNING
2022-11-21 16:31:54,697 INFO     ___FILE_ONLY___ 

2022-11-21 16:31:54,697 INFO     ___FILE_ONLY___ jen-pxc-1279-7e63de55-2-cluster2
2022-11-21 16:31:54,697 INFO     ___FILE_ONLY___    
2022-11-21 16:31:54,697 INFO     ___FILE_ONLY___ us-central1-a
2022-11-21 16:31:54,697 INFO     ___FILE_ONLY___    
2022-11-21 16:31:54,697 INFO     ___FILE_ONLY___ 1.21.14-gke.9500
2022-11-21 16:31:54,697 INFO     ___FILE_ONLY___                      
2022-11-21 16:31:54,697 INFO     ___FILE_ONLY___ 34.66.181.61
2022-11-21 16:31:54,697 INFO     ___FILE_ONLY___      
2022-11-21 16:31:54,697 INFO     ___FILE_ONLY___ n1-standard-4
2022-11-21 16:31:54,697 INFO     ___FILE_ONLY___   
2022-11-21 16:31:54,697 INFO     ___FILE_ONLY___ 1.21.14-gke.9500
2022-11-21 16:31:54,697 INFO     ___FILE_ONLY___   
2022-11-21 16:31:54,697 INFO     ___FILE_ONLY___ 3
2022-11-21 16:31:54,697 INFO     ___FILE_ONLY___           
2022-11-21 16:31:54,697 INFO     ___FILE_ONLY___ RUNNING
2022-11-21 16:31:54,697 INFO     ___FILE_ONLY___ 

2022-11-21 16:31:54,697 INFO     ___FILE_ONLY___ jen-pxc-1279-7e63de55-2-cluster3
2022-11-21 16:31:54,697 INFO     ___FILE_ONLY___    
2022-11-21 16:31:54,698 INFO     ___FILE_ONLY___ us-central1-a
2022-11-21 16:31:54,698 INFO     ___FILE_ONLY___    
2022-11-21 16:31:54,698 INFO     ___FILE_ONLY___ 1.21.14-gke.9500
2022-11-21 16:31:54,698 INFO     ___FILE_ONLY___                      
2022-11-21 16:31:54,698 INFO     ___FILE_ONLY___ 35.224.87.229
2022-11-21 16:31:54,698 INFO     ___FILE_ONLY___     
2022-11-21 16:31:54,698 INFO     ___FILE_ONLY___ n1-standard-4
2022-11-21 16:31:54,698 INFO     ___FILE_ONLY___   
2022-11-21 16:31:54,698 INFO     ___FILE_ONLY___ 1.21.14-gke.9500
2022-11-21 16:31:54,698 INFO     ___FILE_ONLY___   
2022-11-21 16:31:54,698 INFO     ___FILE_ONLY___ 3
2022-11-21 16:31:54,698 INFO     ___FILE_ONLY___           
2022-11-21 16:31:54,698 INFO     ___FILE_ONLY___ RUNNING
2022-11-21 16:31:54,698 INFO     ___FILE_ONLY___ 

2022-11-21 16:31:54,698 INFO     ___FILE_ONLY___ jen-pxc-1279-7e63de55-2-cluster4
2022-11-21 16:31:54,698 INFO     ___FILE_ONLY___    
2022-11-21 16:31:54,698 INFO     ___FILE_ONLY___ us-central1-a
2022-11-21 16:31:54,698 INFO     ___FILE_ONLY___    
2022-11-21 16:31:54,698 INFO     ___FILE_ONLY___ 1.21.14-gke.9500
2022-11-21 16:31:54,698 INFO     ___FILE_ONLY___                      
2022-11-21 16:31:54,698 INFO     ___FILE_ONLY___ 35.193.233.118
2022-11-21 16:31:54,698 INFO     ___FILE_ONLY___    
2022-11-21 16:31:54,698 INFO     ___FILE_ONLY___ n1-standard-4
2022-11-21 16:31:54,698 INFO     ___FILE_ONLY___   
2022-11-21 16:31:54,698 INFO     ___FILE_ONLY___ 1.21.14-gke.9500
2022-11-21 16:31:54,698 INFO     ___FILE_ONLY___   
2022-11-21 16:31:54,698 INFO     ___FILE_ONLY___ 3
2022-11-21 16:31:54,698 INFO     ___FILE_ONLY___           
2022-11-21 16:31:54,698 INFO     ___FILE_ONLY___ RUNNING
2022-11-21 16:31:54,698 INFO     ___FILE_ONLY___ 

2022-11-21 16:31:54,698 INFO     ___FILE_ONLY___ jen-pxc-1279-7e63de55-2-cluster5
2022-11-21 16:31:54,698 INFO     ___FILE_ONLY___    
2022-11-21 16:31:54,698 INFO     ___FILE_ONLY___ us-central1-a
2022-11-21 16:31:54,698 INFO     ___FILE_ONLY___    
2022-11-21 16:31:54,698 INFO     ___FILE_ONLY___ 1.21.14-gke.9500
2022-11-21 16:31:54,698 INFO     ___FILE_ONLY___                      
2022-11-21 16:31:54,698 INFO     ___FILE_ONLY___ 104.154.163.116
2022-11-21 16:31:54,698 INFO     ___FILE_ONLY___   
2022-11-21 16:31:54,698 INFO     ___FILE_ONLY___ n1-standard-4
2022-11-21 16:31:54,698 INFO     ___FILE_ONLY___   
2022-11-21 16:31:54,698 INFO     ___FILE_ONLY___ 1.21.14-gke.9500
2022-11-21 16:31:54,698 INFO     ___FILE_ONLY___   
2022-11-21 16:31:54,698 INFO     ___FILE_ONLY___ 3
2022-11-21 16:31:54,698 INFO     ___FILE_ONLY___           
2022-11-21 16:31:54,698 INFO     ___FILE_ONLY___ RUNNING
2022-11-21 16:31:54,698 INFO     ___FILE_ONLY___ 

2022-11-21 16:31:54,698 INFO     ___FILE_ONLY___ jen-pxc-1279-7e63de55-2-cluster6
2022-11-21 16:31:54,698 INFO     ___FILE_ONLY___    
2022-11-21 16:31:54,698 INFO     ___FILE_ONLY___ us-central1-a
2022-11-21 16:31:54,698 INFO     ___FILE_ONLY___    
2022-11-21 16:31:54,698 INFO     ___FILE_ONLY___ 1.21.14-gke.9500
2022-11-21 16:31:54,698 INFO     ___FILE_ONLY___                      
2022-11-21 16:31:54,699 INFO     ___FILE_ONLY___ 34.172.61.33
2022-11-21 16:31:54,699 INFO     ___FILE_ONLY___      
2022-11-21 16:31:54,699 INFO     ___FILE_ONLY___ n1-standard-4
2022-11-21 16:31:54,699 INFO     ___FILE_ONLY___   
2022-11-21 16:31:54,699 INFO     ___FILE_ONLY___ 1.21.14-gke.9500
2022-11-21 16:31:54,699 INFO     ___FILE_ONLY___   
2022-11-21 16:31:54,699 INFO     ___FILE_ONLY___ 3
2022-11-21 16:31:54,699 INFO     ___FILE_ONLY___           
2022-11-21 16:31:54,699 INFO     ___FILE_ONLY___ RUNNING
2022-11-21 16:31:54,699 INFO     ___FILE_ONLY___ 

2022-11-21 16:31:54,699 INFO     ___FILE_ONLY___ jen-pxc-1279-7e63de55-2-cluster7
2022-11-21 16:31:54,699 INFO     ___FILE_ONLY___    
2022-11-21 16:31:54,699 INFO     ___FILE_ONLY___ us-central1-a
2022-11-21 16:31:54,699 INFO     ___FILE_ONLY___    
2022-11-21 16:31:54,699 INFO     ___FILE_ONLY___ 1.21.14-gke.9500
2022-11-21 16:31:54,699 INFO     ___FILE_ONLY___                      
2022-11-21 16:31:54,699 INFO     ___FILE_ONLY___ 35.225.25.126
2022-11-21 16:31:54,699 INFO     ___FILE_ONLY___     
2022-11-21 16:31:54,699 INFO     ___FILE_ONLY___ n1-standard-4
2022-11-21 16:31:54,699 INFO     ___FILE_ONLY___   
2022-11-21 16:31:54,699 INFO     ___FILE_ONLY___ 1.21.14-gke.9500
2022-11-21 16:31:54,699 INFO     ___FILE_ONLY___   
2022-11-21 16:31:54,699 INFO     ___FILE_ONLY___ 3
2022-11-21 16:31:54,699 INFO     ___FILE_ONLY___           
2022-11-21 16:31:54,699 INFO     ___FILE_ONLY___ RUNNING
2022-11-21 16:31:54,699 INFO     ___FILE_ONLY___ 

2022-11-21 16:31:54,699 INFO     ___FILE_ONLY___ jen-pxc-1279-7e63de55-2-cluster8
2022-11-21 16:31:54,699 INFO     ___FILE_ONLY___    
2022-11-21 16:31:54,699 INFO     ___FILE_ONLY___ us-central1-a
2022-11-21 16:31:54,699 INFO     ___FILE_ONLY___    
2022-11-21 16:31:54,699 INFO     ___FILE_ONLY___ 1.21.14-gke.9500
2022-11-21 16:31:54,699 INFO     ___FILE_ONLY___                      
2022-11-21 16:31:54,699 INFO     ___FILE_ONLY___ 34.122.120.207
2022-11-21 16:31:54,699 INFO     ___FILE_ONLY___    
2022-11-21 16:31:54,699 INFO     ___FILE_ONLY___ n1-standard-4
2022-11-21 16:31:54,699 INFO     ___FILE_ONLY___   
2022-11-21 16:31:54,699 INFO     ___FILE_ONLY___ 1.21.14-gke.9500
2022-11-21 16:31:54,699 INFO     ___FILE_ONLY___   
2022-11-21 16:31:54,699 INFO     ___FILE_ONLY___ 3
2022-11-21 16:31:54,699 INFO     ___FILE_ONLY___           
2022-11-21 16:31:54,699 INFO     ___FILE_ONLY___ RUNNING
2022-11-21 16:31:54,699 INFO     ___FILE_ONLY___ 

2022-11-21 16:31:54,699 INFO     ___FILE_ONLY___ jen-pxc-1279-7e63de55-2-cluster9
2022-11-21 16:31:54,699 INFO     ___FILE_ONLY___    
2022-11-21 16:31:54,699 INFO     ___FILE_ONLY___ us-central1-a
2022-11-21 16:31:54,699 INFO     ___FILE_ONLY___    
2022-11-21 16:31:54,699 INFO     ___FILE_ONLY___ 1.21.14-gke.9500
2022-11-21 16:31:54,699 INFO     ___FILE_ONLY___                      
2022-11-21 16:31:54,699 INFO     ___FILE_ONLY___ 35.238.67.141
2022-11-21 16:31:54,699 INFO     ___FILE_ONLY___     
2022-11-21 16:31:54,700 INFO     ___FILE_ONLY___ n1-standard-4
2022-11-21 16:31:54,700 INFO     ___FILE_ONLY___   
2022-11-21 16:31:54,700 INFO     ___FILE_ONLY___ 1.21.14-gke.9500
2022-11-21 16:31:54,700 INFO     ___FILE_ONLY___   
2022-11-21 16:31:54,700 INFO     ___FILE_ONLY___ 3
2022-11-21 16:31:54,700 INFO     ___FILE_ONLY___           
2022-11-21 16:31:54,700 INFO     ___FILE_ONLY___ RUNNING
2022-11-21 16:31:54,700 INFO     ___FILE_ONLY___ 

2022-11-21 16:31:54,700 INFO     ___FILE_ONLY___ jenkins-pso-01e336c-cluster2
2022-11-21 16:31:54,700 INFO     ___FILE_ONLY___        
2022-11-21 16:31:54,700 INFO     ___FILE_ONLY___ us-central1-a
2022-11-21 16:31:54,700 INFO     ___FILE_ONLY___    
2022-11-21 16:31:54,700 INFO     ___FILE_ONLY___ 1.21.14-gke.9500
2022-11-21 16:31:54,700 INFO     ___FILE_ONLY___                      
2022-11-21 16:31:54,700 INFO     ___FILE_ONLY___ 34.136.224.112
2022-11-21 16:31:54,700 INFO     ___FILE_ONLY___    
2022-11-21 16:31:54,700 INFO     ___FILE_ONLY___ n1-standard-4
2022-11-21 16:31:54,700 INFO     ___FILE_ONLY___   
2022-11-21 16:31:54,700 INFO     ___FILE_ONLY___ 1.21.14-gke.9500
2022-11-21 16:31:54,700 INFO     ___FILE_ONLY___   
2022-11-21 16:31:54,700 INFO     ___FILE_ONLY___ 3
2022-11-21 16:31:54,700 INFO     ___FILE_ONLY___           
2022-11-21 16:31:54,700 INFO     ___FILE_ONLY___ RUNNING
2022-11-21 16:31:54,700 INFO     ___FILE_ONLY___ 

2022-11-21 16:31:54,700 INFO     ___FILE_ONLY___ jenkins-pso-8a13105-cluster2
2022-11-21 16:31:54,700 INFO     ___FILE_ONLY___        
2022-11-21 16:31:54,700 INFO     ___FILE_ONLY___ us-central1-a
2022-11-21 16:31:54,700 INFO     ___FILE_ONLY___    
2022-11-21 16:31:54,700 INFO     ___FILE_ONLY___ 1.21.14-gke.9500
2022-11-21 16:31:54,700 INFO     ___FILE_ONLY___                      
2022-11-21 16:31:54,700 INFO     ___FILE_ONLY___ 34.170.51.196
2022-11-21 16:31:54,700 INFO     ___FILE_ONLY___     
2022-11-21 16:31:54,700 INFO     ___FILE_ONLY___ n1-standard-4
2022-11-21 16:31:54,700 INFO     ___FILE_ONLY___   
2022-11-21 16:31:54,700 INFO     ___FILE_ONLY___ 1.21.14-gke.9500
2022-11-21 16:31:54,700 INFO     ___FILE_ONLY___   
2022-11-21 16:31:54,700 INFO     ___FILE_ONLY___ 3
2022-11-21 16:31:54,700 INFO     ___FILE_ONLY___           
2022-11-21 16:31:54,700 INFO     ___FILE_ONLY___ RUNNING
2022-11-21 16:31:54,700 INFO     ___FILE_ONLY___ 

2022-11-21 16:31:54,700 INFO     ___FILE_ONLY___ jenkins-pso-8a13105-cluster3
2022-11-21 16:31:54,700 INFO     ___FILE_ONLY___        
2022-11-21 16:31:54,700 INFO     ___FILE_ONLY___ us-central1-a
2022-11-21 16:31:54,700 INFO     ___FILE_ONLY___    
2022-11-21 16:31:54,700 INFO     ___FILE_ONLY___ 1.21.14-gke.9500
2022-11-21 16:31:54,700 INFO     ___FILE_ONLY___                      
2022-11-21 16:31:54,700 INFO     ___FILE_ONLY___ 34.123.27.147
2022-11-21 16:31:54,700 INFO     ___FILE_ONLY___     
2022-11-21 16:31:54,700 INFO     ___FILE_ONLY___ n1-standard-4
2022-11-21 16:31:54,700 INFO     ___FILE_ONLY___   
2022-11-21 16:31:54,700 INFO     ___FILE_ONLY___ 1.21.14-gke.9500
2022-11-21 16:31:54,701 INFO     ___FILE_ONLY___   
2022-11-21 16:31:54,701 INFO     ___FILE_ONLY___ 3
2022-11-21 16:31:54,701 INFO     ___FILE_ONLY___           
2022-11-21 16:31:54,701 INFO     ___FILE_ONLY___ RUNNING
2022-11-21 16:31:54,701 INFO     ___FILE_ONLY___ 

2022-11-21 16:31:54,701 INFO     ___FILE_ONLY___ jenkins-pso-ca58ef8-cluster1
2022-11-21 16:31:54,701 INFO     ___FILE_ONLY___        
2022-11-21 16:31:54,701 INFO     ___FILE_ONLY___ us-central1-a
2022-11-21 16:31:54,701 INFO     ___FILE_ONLY___    
2022-11-21 16:31:54,701 INFO     ___FILE_ONLY___ 1.21.14-gke.9500 (! 13 days left !)
2022-11-21 16:31:54,701 INFO     ___FILE_ONLY___   
2022-11-21 16:31:54,701 INFO     ___FILE_ONLY___ 104.197.27.125
2022-11-21 16:31:54,701 INFO     ___FILE_ONLY___    
2022-11-21 16:31:54,701 INFO     ___FILE_ONLY___ n1-standard-4
2022-11-21 16:31:54,701 INFO     ___FILE_ONLY___   
2022-11-21 16:31:54,701 INFO     ___FILE_ONLY___ 1.21.14-gke.9500
2022-11-21 16:31:54,701 INFO     ___FILE_ONLY___   
2022-11-21 16:31:54,701 INFO     ___FILE_ONLY___ 3
2022-11-21 16:31:54,701 INFO     ___FILE_ONLY___           
2022-11-21 16:31:54,701 INFO     ___FILE_ONLY___ ERROR
2022-11-21 16:31:54,701 INFO     ___FILE_ONLY___ 

2022-11-21 16:31:54,701 INFO     ___FILE_ONLY___ plavi-1244
2022-11-21 16:31:54,701 INFO     ___FILE_ONLY___                          
2022-11-21 16:31:54,701 INFO     ___FILE_ONLY___ us-central1-a
2022-11-21 16:31:54,701 INFO     ___FILE_ONLY___    
2022-11-21 16:31:54,701 INFO     ___FILE_ONLY___ 1.24.6-gke.1500
2022-11-21 16:31:54,701 INFO     ___FILE_ONLY___                       
2022-11-21 16:31:54,701 INFO     ___FILE_ONLY___ 34.72.160.58
2022-11-21 16:31:54,701 INFO     ___FILE_ONLY___      
2022-11-21 16:31:54,701 INFO     ___FILE_ONLY___ n1-standard-4
2022-11-21 16:31:54,701 INFO     ___FILE_ONLY___   
2022-11-21 16:31:54,701 INFO     ___FILE_ONLY___ 1.24.6-gke.1500
2022-11-21 16:31:54,701 INFO     ___FILE_ONLY___    
2022-11-21 16:31:54,701 INFO     ___FILE_ONLY___ 3
2022-11-21 16:31:54,701 INFO     ___FILE_ONLY___           
2022-11-21 16:31:54,701 INFO     ___FILE_ONLY___ RUNNING
2022-11-21 16:31:54,701 INFO     ___FILE_ONLY___ 

2022-11-21 16:31:54,701 INFO     ___FILE_ONLY___ spronin-1337
2022-11-21 16:31:54,701 INFO     ___FILE_ONLY___                        
2022-11-21 16:31:54,701 INFO     ___FILE_ONLY___ us-central1-a
2022-11-21 16:31:54,701 INFO     ___FILE_ONLY___    
2022-11-21 16:31:54,701 INFO     ___FILE_ONLY___ 1.23.13-gke.900
2022-11-21 16:31:54,701 INFO     ___FILE_ONLY___                       
2022-11-21 16:31:54,701 INFO     ___FILE_ONLY___ 104.155.136.134
2022-11-21 16:31:54,701 INFO     ___FILE_ONLY___   
2022-11-21 16:31:54,701 INFO     ___FILE_ONLY___ n1-standard-4
2022-11-21 16:31:54,701 INFO     ___FILE_ONLY___   
2022-11-21 16:31:54,701 INFO     ___FILE_ONLY___ 1.23.13-gke.900
2022-11-21 16:31:54,701 INFO     ___FILE_ONLY___    
2022-11-21 16:31:54,701 INFO     ___FILE_ONLY___ 3
2022-11-21 16:31:54,702 INFO     ___FILE_ONLY___           
2022-11-21 16:31:54,702 INFO     ___FILE_ONLY___ RUNNING
2022-11-21 16:31:54,702 INFO     ___FILE_ONLY___ 

2022-11-21 16:31:54,702 INFO     ___FILE_ONLY___ cap-666
2022-11-21 16:31:54,702 INFO     ___FILE_ONLY___                             
2022-11-21 16:31:54,702 INFO     ___FILE_ONLY___ us-central1-c
2022-11-21 16:31:54,702 INFO     ___FILE_ONLY___    
2022-11-21 16:31:54,702 INFO     ___FILE_ONLY___ 1.22.15-gke.2500
2022-11-21 16:31:54,702 INFO     ___FILE_ONLY___                      
2022-11-21 16:31:54,702 INFO     ___FILE_ONLY___ 34.173.68.96
2022-11-21 16:31:54,702 INFO     ___FILE_ONLY___      
2022-11-21 16:31:54,702 INFO     ___FILE_ONLY___ n1-standard-4
2022-11-21 16:31:54,702 INFO     ___FILE_ONLY___   
2022-11-21 16:31:54,702 INFO     ___FILE_ONLY___ 1.22.15-gke.2500
2022-11-21 16:31:54,702 INFO     ___FILE_ONLY___   
2022-11-21 16:31:54,702 INFO     ___FILE_ONLY___ 3
2022-11-21 16:31:54,702 INFO     ___FILE_ONLY___           
2022-11-21 16:31:54,702 INFO     ___FILE_ONLY___ RUNNING
2022-11-21 16:31:54,702 INFO     ___FILE_ONLY___ 

2022-11-21 16:31:54,702 INFO     ___FILE_ONLY___ natali-22
2022-11-21 16:31:54,702 INFO     ___FILE_ONLY___                           
2022-11-21 16:31:54,702 INFO     ___FILE_ONLY___ us-central1-c
2022-11-21 16:31:54,702 INFO     ___FILE_ONLY___    
2022-11-21 16:31:54,702 INFO     ___FILE_ONLY___ 1.22.15-gke.2500
2022-11-21 16:31:54,702 INFO     ___FILE_ONLY___                      
2022-11-21 16:31:54,702 INFO     ___FILE_ONLY___ 34.134.233.178
2022-11-21 16:31:54,702 INFO     ___FILE_ONLY___    
2022-11-21 16:31:54,702 INFO     ___FILE_ONLY___ n1-standard-4
2022-11-21 16:31:54,702 INFO     ___FILE_ONLY___   
2022-11-21 16:31:54,702 INFO     ___FILE_ONLY___ 1.22.15-gke.2500
2022-11-21 16:31:54,702 INFO     ___FILE_ONLY___   
2022-11-21 16:31:54,702 INFO     ___FILE_ONLY___ 3
2022-11-21 16:31:54,702 INFO     ___FILE_ONLY___           
2022-11-21 16:31:54,702 INFO     ___FILE_ONLY___ RUNNING
2022-11-21 16:31:54,702 INFO     ___FILE_ONLY___ 

2022-11-21 16:31:54,702 WARNING  root            
! One or more clusters are approaching expiration and will be deleted.

2022-11-21 16:31:54,710 DEBUG    root            Metrics reporting process started...
