2022-11-21 17:31:43,893 DEBUG    root            Loaded Command Group: ['gcloud', 'config']
2022-11-21 17:31:43,895 DEBUG    root            Loaded Command Group: ['gcloud', 'config', 'config_helper']
2022-11-21 17:31:43,896 DEBUG    root            Running [gcloud.config.config-helper] with arguments: [--format: "json"]
2022-11-21 17:31:43,904 DEBUG    google.auth.transport.requests Making request: POST https://oauth2.googleapis.com/token
2022-11-21 17:31:43,915 DEBUG    urllib3.connectionpool Starting new HTTPS connection (1): oauth2.googleapis.com:443
2022-11-21 17:31:44,062 DEBUG    urllib3.connectionpool https://oauth2.googleapis.com:443 "POST /token HTTP/1.1" 200 None
2022-11-21 17:31:44,067 INFO     root            Display format: "default json"
2022-11-21 17:31:44,068 INFO     ___FILE_ONLY___ {
  "configuration": {
    "active_configuration": "percona-cloud-dev",
    "properties": {
      "core": {
        "account": "inel.pandzic@percona.com",
        "disable_usage_reporting": "False",
        "project": "cloud-dev-112233"
      }
    }
  },
  "credential": {
    "access_token": "ya29.a0AeTM1icKPDm2nXqB_LrUjJsheL9Y1MKibsLs35Lpy7YRqaWeeSIvUyslWb5AJGVMrc8MM7VC3Vfdv5wpJk8l-oKSPHVcv04Hzk6i-52dSQNNu_A4LhHA2f0dvo9AyAg7i8aavVEy2B_JvVU8eWbFeJOCXQVnNnNPCSJQXjMaCgYKAYgSARESFQHWtWOmyE7EcmvsK5h6N3gzonZcgg0174",
    "id_token": "eyJhbGciOiJSUzI1NiIsImtpZCI6IjI3Yjg2ZGM2OTM4ZGMzMjdiMjA0MzMzYTI1MGViYjQzYjMyZTRiM2MiLCJ0eXAiOiJKV1QifQ.eyJpc3MiOiJodHRwczovL2FjY291bnRzLmdvb2dsZS5jb20iLCJhenAiOiIzMjU1NTk0MDU1OS5hcHBzLmdvb2dsZXVzZXJjb250ZW50LmNvbSIsImF1ZCI6IjMyNTU1OTQwNTU5LmFwcHMuZ29vZ2xldXNlcmNvbnRlbnQuY29tIiwic3ViIjoiMTA3NDA5ODEzMzQ0NTU5NDQzNDA3IiwiaGQiOiJwZXJjb25hLmNvbSIsImVtYWlsIjoiaW5lbC5wYW5kemljQHBlcmNvbmEuY29tIiwiZW1haWxfdmVyaWZpZWQiOnRydWUsImF0X2hhc2giOiJHUm5ER3dUNlY3cjIzeFc0U2tlYi1BIiwiaWF0IjoxNjY5MDQ4MzA0LCJleHAiOjE2NjkwNTE5MDR9.HKjsrnUkhc8762jfjMzYF-Feq_888MsoF3-lrtXRu5oJmtD1dQwD8pD6cHIUb0EM51kyyHgIbUZaYQ7JzCxFs4upimhwLfxVVNUseWtWY5m7CCKY0ao3KFD_19j4AJZWeMPJfAocwLpu5h-eXS0Iy_UsIHSxGqlGEsWqb5EEHPoSHGpfOW2rv_02M-kDJ8crFVtt3bVj1hFdZd97j5dRK5-6Hn1W9c7odvDdsnxgrYmIuKVn-exEONAKZvXCvi3Ut5RjEmtT5XtjPjSklxWiufQvcqZCR0jfJFhKLMJwtP-u7Bf1SXmka-cUh8oEx8Vi1gS2CsKJuTnd3PCp4ZLCSA",
    "token_expiry": "2022-11-21T17:31:43Z"
  },
  "sentinels": {
    "config_sentinel": "/Users/inelpandzic/.config/gcloud/config_sentinel"
  }
}
2022-11-21 17:31:44,068 INFO     ___FILE_ONLY___ 

2022-11-21 17:31:44,074 DEBUG    root            Metrics reporting process started...
