2022-11-21 18:34:48,751 DEBUG    root            Loaded Command Group: ['gcloud', 'config']
2022-11-21 18:34:48,753 DEBUG    root            Loaded Command Group: ['gcloud', 'config', 'config_helper']
2022-11-21 18:34:48,754 DEBUG    root            Running [gcloud.config.config-helper] with arguments: [--format: "json"]
2022-11-21 18:34:48,780 DEBUG    google.auth.transport.requests Making request: POST https://oauth2.googleapis.com/token
2022-11-21 18:34:48,799 DEBUG    urllib3.connectionpool Starting new HTTPS connection (1): oauth2.googleapis.com:443
2022-11-21 18:34:48,971 DEBUG    urllib3.connectionpool https://oauth2.googleapis.com:443 "POST /token HTTP/1.1" 200 None
2022-11-21 18:34:48,976 INFO     root            Display format: "default json"
2022-11-21 18:34:48,976 INFO     ___FILE_ONLY___ {
  "configuration": {
    "active_configuration": "percona-cloud-dev",
    "properties": {
      "core": {
        "account": "inel.pandzic@percona.com",
        "disable_usage_reporting": "False",
        "project": "cloud-dev-112233"
      }
    }
  },
  "credential": {
    "access_token": "ya29.a0AeTM1iekB8FrSripecsungN5NAvkFebRvtGiIM_X3rUsKWQC8nOv2i2_UFdxJzsWc5VFYWrnnt0itDd0MAUt3_5uOgLO60c4T0kNX9-wz7irw-eYSVIM1HKd53G5kcuN0aK_2OGeusbvPQ1HSR1-fMaNAMgCcgB5n1qWiA4aCgYKAcgSARESFQHWtWOm6olHHD6YHmgKzAnf1GrHzA0174",
    "id_token": "eyJhbGciOiJSUzI1NiIsImtpZCI6IjI3Yjg2ZGM2OTM4ZGMzMjdiMjA0MzMzYTI1MGViYjQzYjMyZTRiM2MiLCJ0eXAiOiJKV1QifQ.eyJpc3MiOiJodHRwczovL2FjY291bnRzLmdvb2dsZS5jb20iLCJhenAiOiIzMjU1NTk0MDU1OS5hcHBzLmdvb2dsZXVzZXJjb250ZW50LmNvbSIsImF1ZCI6IjMyNTU1OTQwNTU5LmFwcHMuZ29vZ2xldXNlcmNvbnRlbnQuY29tIiwic3ViIjoiMTA3NDA5ODEzMzQ0NTU5NDQzNDA3IiwiaGQiOiJwZXJjb25hLmNvbSIsImVtYWlsIjoiaW5lbC5wYW5kemljQHBlcmNvbmEuY29tIiwiZW1haWxfdmVyaWZpZWQiOnRydWUsImF0X2hhc2giOiJjd2oyd1h1UGxjQWN5dEh5M0oxQVdBIiwiaWF0IjoxNjY5MDUyMDg5LCJleHAiOjE2NjkwNTU2ODl9.AcePCWYBk0IVdas9EArG3QSSNV9w0GhR_mKRy0C0KXAFvRLBbbHZkqCg8AWPz_7AMA5TWG0ublnyxqr-uRjcoqEt_5X91TyCPqO_LKFlqTLQBiRA-1TAdN4k9NnhxY0qoDO8QUOeVGgXbOEAoBAFg5G1JVxar6qbRgbBDenVAveGKkusQxUrF82pMQB4ewU_c931JR5i-SvIvZKBKthH_ozezn1oM7nNLU9iTCgTyHV25jk7byZuaKhZa1ITpQ5_zVJSu-9Cm-PYqiJQVXDaVQYZ2UEDuy40ycshJwwE3j9YEJ1pV7OLnP7UdwvnSwtxOs91weBxk_nT7ljHpzsUPg",
    "token_expiry": "2022-11-21T18:34:47Z"
  },
  "sentinels": {
    "config_sentinel": "/Users/inelpandzic/.config/gcloud/config_sentinel"
  }
}
2022-11-21 18:34:48,976 INFO     ___FILE_ONLY___ 

2022-11-21 18:34:48,981 DEBUG    root            Metrics reporting process started...
