2022-10-31 11:34:25,543 DEBUG    root            Loaded Command Group: ['gcloud', 'config']
2022-10-31 11:34:25,545 DEBUG    root            Loaded Command Group: ['gcloud', 'config', 'config_helper']
2022-10-31 11:34:25,546 DEBUG    root            Running [gcloud.config.config-helper] with arguments: [--format: "json"]
2022-10-31 11:34:25,555 DEBUG    google.auth.transport.requests Making request: POST https://oauth2.googleapis.com/token
2022-10-31 11:34:25,572 DEBUG    urllib3.connectionpool Starting new HTTPS connection (1): oauth2.googleapis.com:443
2022-10-31 11:34:25,728 DEBUG    urllib3.connectionpool https://oauth2.googleapis.com:443 "POST /token HTTP/1.1" 200 None
2022-10-31 11:34:25,736 INFO     root            Display format: "default json"
2022-10-31 11:34:25,737 INFO     ___FILE_ONLY___ {
  "configuration": {
    "active_configuration": "percona-cloud-dev",
    "properties": {
      "core": {
        "account": "inel.pandzic@percona.com",
        "disable_usage_reporting": "False",
        "project": "cloud-dev-112233"
      }
    }
  },
  "credential": {
    "access_token": "ya29.a0Aa4xrXM7jN5R73Uno6WAzPIN_YnHtjE_TbahXaKTIvz8XCuOFjmNK1HPmvFc9i_s5M3vfiRwwMiR-jkvmP2JpuBbM9XGccvjH3mK_KzR4z6v6Bz34VB1__O9bB5eT_rUsuecF87zZVwLBP2gjEK_uqFadNo7hOgrE5pknTgaCgYKATASARESFQEjDvL9XNdcdwJBsmMRRbMXvaROlA0174",
    "id_token": "eyJhbGciOiJSUzI1NiIsImtpZCI6Ijc3Y2MwZWY0YzcxODFjZjRjMGRjZWY3YjYwYWUyOGNjOTAyMmM3NmIiLCJ0eXAiOiJKV1QifQ.eyJpc3MiOiJodHRwczovL2FjY291bnRzLmdvb2dsZS5jb20iLCJhenAiOiIzMjU1NTk0MDU1OS5hcHBzLmdvb2dsZXVzZXJjb250ZW50LmNvbSIsImF1ZCI6IjMyNTU1OTQwNTU5LmFwcHMuZ29vZ2xldXNlcmNvbnRlbnQuY29tIiwic3ViIjoiMTA3NDA5ODEzMzQ0NTU5NDQzNDA3IiwiaGQiOiJwZXJjb25hLmNvbSIsImVtYWlsIjoiaW5lbC5wYW5kemljQHBlcmNvbmEuY29tIiwiZW1haWxfdmVyaWZpZWQiOnRydWUsImF0X2hhc2giOiJRNGZsZy1wbjh6YU50cXc5YjFWdFl3IiwiaWF0IjoxNjY3MjEyNDY1LCJleHAiOjE2NjcyMTYwNjV9.YiqxhvQpA0k22ki9WuR5aC4b-pNO-dewUcPDFGAyf13sCttOS9szgk5iEmO9A2rX1gkGblpopTinvAJq5vyLXAcdDq5Iyog4eGxZtgYSrOdpy5BAB4YWBon63lL32zMvenB2fWeoMNFB_Y13Ys4fypwNgI4hA8lmbIoTEAU_1jMkk6xEo19wTv6mh0dhIE62wD2vbT_0n9XyJrT-NBbnK3wvWi75BmZIlvn10f1_tcKS7DB5JIkeGtL573mnuMjauC3DQmVur8wVnt7ajPoMlvY1zXSoUStpIJv01TK3G--NGpLHzKOAzJi25Kb1YrrKf-iPZy1KgMAx7hj5WGWBmg",
    "token_expiry": "2022-10-31T11:34:24Z"
  },
  "sentinels": {
    "config_sentinel": "/Users/inelpandzic/.config/gcloud/config_sentinel"
  }
}
2022-10-31 11:34:25,737 INFO     ___FILE_ONLY___ 

2022-10-31 11:34:25,748 DEBUG    root            Metrics reporting process started...
