2022-10-31 13:52:25,557 DEBUG    root            Loaded Command Group: ['gcloud', 'container', 'clusters']
2022-10-31 13:52:25,558 DEBUG    root            Loaded Command Group: ['gcloud', 'container', 'clusters', 'delete']
2022-10-31 13:52:25,570 DEBUG    root            Running [gcloud.container.clusters.delete] with arguments: [--zone: "europe-west3-b", NAME:1: "['inel-17477']"]
2022-10-31 13:52:26,841 DEBUG    urllib3.connectionpool Starting new HTTPS connection (1): container.googleapis.com:443
2022-10-31 13:52:27,359 DEBUG    urllib3.connectionpool https://container.googleapis.com:443 "DELETE /v1/projects/cloud-dev-112233/locations/europe-west3-b/clusters/inel-17477?alt=json HTTP/1.1" 200 None
2022-10-31 13:52:27,366 INFO     ___FILE_ONLY___ Deleting cluster inel-17477...
2022-10-31 13:52:27,371 DEBUG    urllib3.connectionpool Starting new HTTPS connection (1): container.googleapis.com:443
2022-10-31 13:52:27,603 DEBUG    urllib3.connectionpool https://container.googleapis.com:443 "GET /v1/projects/cloud-dev-112233/locations/europe-west3-b/operations/operation-1667220747327-ef6e64bf?alt=json HTTP/1.1" 200 None
2022-10-31 13:52:32,619 DEBUG    urllib3.connectionpool Starting new HTTPS connection (1): container.googleapis.com:443
2022-10-31 13:52:32,852 DEBUG    urllib3.connectionpool https://container.googleapis.com:443 "GET /v1/projects/cloud-dev-112233/locations/europe-west3-b/operations/operation-1667220747327-ef6e64bf?alt=json HTTP/1.1" 200 None
2022-10-31 13:52:37,866 DEBUG    urllib3.connectionpool Starting new HTTPS connection (1): container.googleapis.com:443
2022-10-31 13:52:38,134 DEBUG    urllib3.connectionpool https://container.googleapis.com:443 "GET /v1/projects/cloud-dev-112233/locations/europe-west3-b/operations/operation-1667220747327-ef6e64bf?alt=json HTTP/1.1" 200 None
2022-10-31 13:52:43,154 DEBUG    urllib3.connectionpool Starting new HTTPS connection (1): container.googleapis.com:443
2022-10-31 13:52:43,398 DEBUG    urllib3.connectionpool https://container.googleapis.com:443 "GET /v1/projects/cloud-dev-112233/locations/europe-west3-b/operations/operation-1667220747327-ef6e64bf?alt=json HTTP/1.1" 200 None
2022-10-31 13:52:48,417 DEBUG    urllib3.connectionpool Starting new HTTPS connection (1): container.googleapis.com:443
2022-10-31 13:52:48,653 DEBUG    urllib3.connectionpool https://container.googleapis.com:443 "GET /v1/projects/cloud-dev-112233/locations/europe-west3-b/operations/operation-1667220747327-ef6e64bf?alt=json HTTP/1.1" 200 None
2022-10-31 13:52:53,670 DEBUG    urllib3.connectionpool Starting new HTTPS connection (1): container.googleapis.com:443
2022-10-31 13:52:53,883 DEBUG    urllib3.connectionpool https://container.googleapis.com:443 "GET /v1/projects/cloud-dev-112233/locations/europe-west3-b/operations/operation-1667220747327-ef6e64bf?alt=json HTTP/1.1" 200 None
2022-10-31 13:52:58,899 DEBUG    urllib3.connectionpool Starting new HTTPS connection (1): container.googleapis.com:443
2022-10-31 13:52:59,112 DEBUG    urllib3.connectionpool https://container.googleapis.com:443 "GET /v1/projects/cloud-dev-112233/locations/europe-west3-b/operations/operation-1667220747327-ef6e64bf?alt=json HTTP/1.1" 200 None
2022-10-31 13:53:04,132 DEBUG    urllib3.connectionpool Starting new HTTPS connection (1): container.googleapis.com:443
2022-10-31 13:53:04,371 DEBUG    urllib3.connectionpool https://container.googleapis.com:443 "GET /v1/projects/cloud-dev-112233/locations/europe-west3-b/operations/operation-1667220747327-ef6e64bf?alt=json HTTP/1.1" 200 None
2022-10-31 13:53:09,391 DEBUG    urllib3.connectionpool Starting new HTTPS connection (1): container.googleapis.com:443
2022-10-31 13:53:09,605 DEBUG    urllib3.connectionpool https://container.googleapis.com:443 "GET /v1/projects/cloud-dev-112233/locations/europe-west3-b/operations/operation-1667220747327-ef6e64bf?alt=json HTTP/1.1" 200 None
2022-10-31 13:53:14,616 DEBUG    urllib3.connectionpool Starting new HTTPS connection (1): container.googleapis.com:443
2022-10-31 13:53:14,822 DEBUG    urllib3.connectionpool https://container.googleapis.com:443 "GET /v1/projects/cloud-dev-112233/locations/europe-west3-b/operations/operation-1667220747327-ef6e64bf?alt=json HTTP/1.1" 200 None
2022-10-31 13:53:19,866 DEBUG    urllib3.connectionpool Starting new HTTPS connection (1): container.googleapis.com:443
2022-10-31 13:53:20,111 DEBUG    urllib3.connectionpool https://container.googleapis.com:443 "GET /v1/projects/cloud-dev-112233/locations/europe-west3-b/operations/operation-1667220747327-ef6e64bf?alt=json HTTP/1.1" 200 None
2022-10-31 13:53:25,128 DEBUG    urllib3.connectionpool Starting new HTTPS connection (1): container.googleapis.com:443
2022-10-31 13:53:25,340 DEBUG    urllib3.connectionpool https://container.googleapis.com:443 "GET /v1/projects/cloud-dev-112233/locations/europe-west3-b/operations/operation-1667220747327-ef6e64bf?alt=json HTTP/1.1" 200 None
2022-10-31 13:53:30,359 DEBUG    urllib3.connectionpool Starting new HTTPS connection (1): container.googleapis.com:443
2022-10-31 13:53:30,595 DEBUG    urllib3.connectionpool https://container.googleapis.com:443 "GET /v1/projects/cloud-dev-112233/locations/europe-west3-b/operations/operation-1667220747327-ef6e64bf?alt=json HTTP/1.1" 200 None
2022-10-31 13:53:35,614 DEBUG    urllib3.connectionpool Starting new HTTPS connection (1): container.googleapis.com:443
2022-10-31 13:53:35,869 DEBUG    urllib3.connectionpool https://container.googleapis.com:443 "GET /v1/projects/cloud-dev-112233/locations/europe-west3-b/operations/operation-1667220747327-ef6e64bf?alt=json HTTP/1.1" 200 None
2022-10-31 13:53:40,882 DEBUG    urllib3.connectionpool Starting new HTTPS connection (1): container.googleapis.com:443
2022-10-31 13:53:41,120 DEBUG    urllib3.connectionpool https://container.googleapis.com:443 "GET /v1/projects/cloud-dev-112233/locations/europe-west3-b/operations/operation-1667220747327-ef6e64bf?alt=json HTTP/1.1" 200 None
2022-10-31 13:53:46,132 DEBUG    urllib3.connectionpool Starting new HTTPS connection (1): container.googleapis.com:443
2022-10-31 13:53:46,373 DEBUG    urllib3.connectionpool https://container.googleapis.com:443 "GET /v1/projects/cloud-dev-112233/locations/europe-west3-b/operations/operation-1667220747327-ef6e64bf?alt=json HTTP/1.1" 200 None
2022-10-31 13:53:51,402 DEBUG    urllib3.connectionpool Starting new HTTPS connection (1): container.googleapis.com:443
2022-10-31 13:53:51,615 DEBUG    urllib3.connectionpool https://container.googleapis.com:443 "GET /v1/projects/cloud-dev-112233/locations/europe-west3-b/operations/operation-1667220747327-ef6e64bf?alt=json HTTP/1.1" 200 None
2022-10-31 13:53:56,634 DEBUG    urllib3.connectionpool Starting new HTTPS connection (1): container.googleapis.com:443
2022-10-31 13:53:56,868 DEBUG    urllib3.connectionpool https://container.googleapis.com:443 "GET /v1/projects/cloud-dev-112233/locations/europe-west3-b/operations/operation-1667220747327-ef6e64bf?alt=json HTTP/1.1" 200 None
2022-10-31 13:54:01,894 DEBUG    urllib3.connectionpool Starting new HTTPS connection (1): container.googleapis.com:443
2022-10-31 13:54:02,134 DEBUG    urllib3.connectionpool https://container.googleapis.com:443 "GET /v1/projects/cloud-dev-112233/locations/europe-west3-b/operations/operation-1667220747327-ef6e64bf?alt=json HTTP/1.1" 200 None
2022-10-31 13:54:07,156 DEBUG    urllib3.connectionpool Starting new HTTPS connection (1): container.googleapis.com:443
2022-10-31 13:54:07,406 DEBUG    urllib3.connectionpool https://container.googleapis.com:443 "GET /v1/projects/cloud-dev-112233/locations/europe-west3-b/operations/operation-1667220747327-ef6e64bf?alt=json HTTP/1.1" 200 None
2022-10-31 13:54:12,426 DEBUG    urllib3.connectionpool Starting new HTTPS connection (1): container.googleapis.com:443
2022-10-31 13:54:12,661 DEBUG    urllib3.connectionpool https://container.googleapis.com:443 "GET /v1/projects/cloud-dev-112233/locations/europe-west3-b/operations/operation-1667220747327-ef6e64bf?alt=json HTTP/1.1" 200 None
2022-10-31 13:54:17,676 DEBUG    urllib3.connectionpool Starting new HTTPS connection (1): container.googleapis.com:443
2022-10-31 13:54:17,907 DEBUG    urllib3.connectionpool https://container.googleapis.com:443 "GET /v1/projects/cloud-dev-112233/locations/europe-west3-b/operations/operation-1667220747327-ef6e64bf?alt=json HTTP/1.1" 200 None
2022-10-31 13:54:22,919 DEBUG    urllib3.connectionpool Starting new HTTPS connection (1): container.googleapis.com:443
2022-10-31 13:54:23,140 DEBUG    urllib3.connectionpool https://container.googleapis.com:443 "GET /v1/projects/cloud-dev-112233/locations/europe-west3-b/operations/operation-1667220747327-ef6e64bf?alt=json HTTP/1.1" 200 None
2022-10-31 13:54:28,157 DEBUG    urllib3.connectionpool Starting new HTTPS connection (1): container.googleapis.com:443
2022-10-31 13:54:28,383 DEBUG    urllib3.connectionpool https://container.googleapis.com:443 "GET /v1/projects/cloud-dev-112233/locations/europe-west3-b/operations/operation-1667220747327-ef6e64bf?alt=json HTTP/1.1" 200 None
2022-10-31 13:54:33,405 DEBUG    urllib3.connectionpool Starting new HTTPS connection (1): container.googleapis.com:443
2022-10-31 13:54:33,623 DEBUG    urllib3.connectionpool https://container.googleapis.com:443 "GET /v1/projects/cloud-dev-112233/locations/europe-west3-b/operations/operation-1667220747327-ef6e64bf?alt=json HTTP/1.1" 200 None
2022-10-31 13:54:38,640 DEBUG    urllib3.connectionpool Starting new HTTPS connection (1): container.googleapis.com:443
2022-10-31 13:54:38,830 DEBUG    urllib3.connectionpool https://container.googleapis.com:443 "GET /v1/projects/cloud-dev-112233/locations/europe-west3-b/operations/operation-1667220747327-ef6e64bf?alt=json HTTP/1.1" 200 None
2022-10-31 13:54:43,854 DEBUG    urllib3.connectionpool Starting new HTTPS connection (1): container.googleapis.com:443
2022-10-31 13:54:44,064 DEBUG    urllib3.connectionpool https://container.googleapis.com:443 "GET /v1/projects/cloud-dev-112233/locations/europe-west3-b/operations/operation-1667220747327-ef6e64bf?alt=json HTTP/1.1" 200 None
2022-10-31 13:54:49,080 DEBUG    urllib3.connectionpool Starting new HTTPS connection (1): container.googleapis.com:443
2022-10-31 13:54:49,293 DEBUG    urllib3.connectionpool https://container.googleapis.com:443 "GET /v1/projects/cloud-dev-112233/locations/europe-west3-b/operations/operation-1667220747327-ef6e64bf?alt=json HTTP/1.1" 200 None
2022-10-31 13:54:54,314 DEBUG    urllib3.connectionpool Starting new HTTPS connection (1): container.googleapis.com:443
2022-10-31 13:54:54,530 DEBUG    urllib3.connectionpool https://container.googleapis.com:443 "GET /v1/projects/cloud-dev-112233/locations/europe-west3-b/operations/operation-1667220747327-ef6e64bf?alt=json HTTP/1.1" 200 None
2022-10-31 13:54:54,537 INFO     root            Operation <Operation
 clusterConditions: []
 endTime: '2022-10-31T12:54:49.952991199Z'
 name: 'operation-1667220747327-ef6e64bf'
 nodepoolConditions: []
 operationType: OperationTypeValueValuesEnum(DELETE_CLUSTER, 2)
 selfLink: 'https://container.googleapis.com/v1/projects/166042509722/zones/europe-west3-b/operations/operation-1667220747327-ef6e64bf'
 startTime: '2022-10-31T12:52:27.327453638Z'
 status: StatusValueValuesEnum(DONE, 3)
 targetLink: 'https://container.googleapis.com/v1/projects/166042509722/zones/europe-west3-b/clusters/inel-17477'
 zone: 'europe-west3-b'> succeeded after 147.170 seconds
2022-10-31 13:54:54,690 DEBUG    root            Purged cluster config from /Users/inelpandzic/.config/gcloud/kubernetes/cloud-dev-112233_europe-west3-b_inel-17477
2022-10-31 13:54:54,691 INFO     ___FILE_ONLY___ Deleted [https://container.googleapis.com/v1/projects/cloud-dev-112233/zones/europe-west3-b/clusters/inel-17477].

2022-10-31 13:54:54,692 INFO     root            Display format: "none"
2022-10-31 13:54:54,715 DEBUG    root            Metrics reporting process started...
