2022-10-31 14:35:29,775 DEBUG    root            Loaded Command Group: ['gcloud', 'config']
2022-10-31 14:35:29,776 DEBUG    root            Loaded Command Group: ['gcloud', 'config', 'config_helper']
2022-10-31 14:35:29,777 DEBUG    root            Running [gcloud.config.config-helper] with arguments: [--format: "json"]
2022-10-31 14:35:29,787 INFO     root            Display format: "default json"
2022-10-31 14:35:29,788 INFO     ___FILE_ONLY___ {
  "configuration": {
    "active_configuration": "percona-cloud-dev",
    "properties": {
      "core": {
        "account": "inel.pandzic@percona.com",
        "disable_usage_reporting": "False",
        "project": "cloud-dev-112233"
      }
    }
  },
  "credential": {
    "access_token": "ya29.a0Aa4xrXP3a0pjRm6AHvK_c53zcU7IqR6tilMgDa7UdPQout2xsfZKQdWjW7zPVNKzPdeKqm5rogXbxOYixp2djQmzJnoOX20VN_aGZviL6OSlcW5ZyALmrK1xnDn0YWTYXCMhbatiIk3zI_rsiEJ8NThE-DBi3dF56NNs2CkaCgYKATASARESFQEjDvL9Re4KFs1JLHGQgpQbsVvEdQ0174",
    "id_token": "eyJhbGciOiJSUzI1NiIsImtpZCI6Ijc3Y2MwZWY0YzcxODFjZjRjMGRjZWY3YjYwYWUyOGNjOTAyMmM3NmIiLCJ0eXAiOiJKV1QifQ.eyJpc3MiOiJodHRwczovL2FjY291bnRzLmdvb2dsZS5jb20iLCJhenAiOiIzMjU1NTk0MDU1OS5hcHBzLmdvb2dsZXVzZXJjb250ZW50LmNvbSIsImF1ZCI6IjMyNTU1OTQwNTU5LmFwcHMuZ29vZ2xldXNlcmNvbnRlbnQuY29tIiwic3ViIjoiMTA3NDA5ODEzMzQ0NTU5NDQzNDA3IiwiaGQiOiJwZXJjb25hLmNvbSIsImVtYWlsIjoiaW5lbC5wYW5kemljQHBlcmNvbmEuY29tIiwiZW1haWxfdmVyaWZpZWQiOnRydWUsImF0X2hhc2giOiI1VHNBdDJPbERmQ0JtZlRvM1N0cHRRIiwiaWF0IjoxNjY3MjIwMTg0LCJleHAiOjE2NjcyMjM3ODR9.Wyv6uqiGn3aWe4R3G7yReCzrb3R-y8ZLD_q11X_eWsfUXwWGy3MHnV4FjfbPt9aXwuC4x_y4Nt1h7C6LSdpLSvXwBY8r4CYY5lzi_3xqrLF-Hx2zPggk9UjDQLDcGjUVMktOtn65zLPHxayLvFy6I3REvuwo1fArlZfq-eaVC2eDJuiinr0NbC6tvoN7zAtf4QKjz0jw72fhOAme5yj58A2lk7DMOKtW72tp3gIvAitYIGQ85AITNuS8bDqxg0-Ys50yh6j4ZSqZG9EmevBdZ6Md516B15Yrd6vN-madYflM5Iqm3mFwqvUk6Dmy-AzJXtrx2xtp_dGvaqYEqLAWxw",
    "token_expiry": "2022-10-31T13:43:03Z"
  },
  "sentinels": {
    "config_sentinel": "/Users/inelpandzic/.config/gcloud/config_sentinel"
  }
}
2022-10-31 14:35:29,788 INFO     ___FILE_ONLY___ 

2022-10-31 14:35:29,800 DEBUG    root            Metrics reporting process started...
