2022-10-31 16:47:51,768 DEBUG    root            Loaded Command Group: ['gcloud', 'config']
2022-10-31 16:47:51,770 DEBUG    root            Loaded Command Group: ['gcloud', 'config', 'config_helper']
2022-10-31 16:47:51,771 DEBUG    root            Running [gcloud.config.config-helper] with arguments: [--format: "json"]
2022-10-31 16:47:51,782 DEBUG    google.auth.transport.requests Making request: POST https://oauth2.googleapis.com/token
2022-10-31 16:47:51,799 DEBUG    urllib3.connectionpool Starting new HTTPS connection (1): oauth2.googleapis.com:443
2022-10-31 16:47:51,970 DEBUG    urllib3.connectionpool https://oauth2.googleapis.com:443 "POST /token HTTP/1.1" 200 None
2022-10-31 16:47:51,977 INFO     root            Display format: "default json"
2022-10-31 16:47:51,978 INFO     ___FILE_ONLY___ {
  "configuration": {
    "active_configuration": "percona-cloud-dev",
    "properties": {
      "core": {
        "account": "inel.pandzic@percona.com",
        "disable_usage_reporting": "False",
        "project": "cloud-dev-112233"
      }
    }
  },
  "credential": {
    "access_token": "ya29.a0Aa4xrXN3YyckE-XpEi6o8X3folWpYIaZ0DbmPV7VSFjjDZezf7JWbmyD0UTXgrRU-ytH4KElSflWUGLvB6WDAKq0GkCDOjIanMTxbqAOpvV2YEsdArE3e1UgTw3S12Lk6OGPNOr8pYnjQALNbWSXv0rJsflLVEPp37HCeMoaCgYKATASARESFQEjDvL9_Vm72d7t81JSne60MayYwA0174",
    "id_token": "eyJhbGciOiJSUzI1NiIsImtpZCI6Ijc3Y2MwZWY0YzcxODFjZjRjMGRjZWY3YjYwYWUyOGNjOTAyMmM3NmIiLCJ0eXAiOiJKV1QifQ.eyJpc3MiOiJodHRwczovL2FjY291bnRzLmdvb2dsZS5jb20iLCJhenAiOiIzMjU1NTk0MDU1OS5hcHBzLmdvb2dsZXVzZXJjb250ZW50LmNvbSIsImF1ZCI6IjMyNTU1OTQwNTU5LmFwcHMuZ29vZ2xldXNlcmNvbnRlbnQuY29tIiwic3ViIjoiMTA3NDA5ODEzMzQ0NTU5NDQzNDA3IiwiaGQiOiJwZXJjb25hLmNvbSIsImVtYWlsIjoiaW5lbC5wYW5kemljQHBlcmNvbmEuY29tIiwiZW1haWxfdmVyaWZpZWQiOnRydWUsImF0X2hhc2giOiJFYS1IbWRUNk9fVTg2LTdwMWtyNEZnIiwiaWF0IjoxNjY3MjMxMjcxLCJleHAiOjE2NjcyMzQ4NzF9.dXsdTPj2vs_g8lwt9cqMg8Ras318JaFP6WdYCj9TaQ0A3sPgg47Ahi0A7LVydWZLPtu5PhV5l_q8CI3_a_iLuEeUoYfJJ3O24esc07Kx2TWLYEtGIjBItIsxi9NcOYjFKVNYQ79HnnpYRaR3NeiYQbo88RglohkaKSUto0694MWboPHCk-Qipzc3l3fQqWj845_I8m2S03kcQJrND-5bPfyLIu02Sj5fLVOfiM_OfPsLr2i1K6cDoDZPP7c6xRyWgjr-ij305CYnzVm8Ec9nCLGEBUA0Fw7sUSZtWHmkjzjS5v3oTsJ-LYpD7cRSchaQ-i5uOA92ZgAXk4wwX4VZvA",
    "token_expiry": "2022-10-31T16:47:49Z"
  },
  "sentinels": {
    "config_sentinel": "/Users/inelpandzic/.config/gcloud/config_sentinel"
  }
}
2022-10-31 16:47:51,978 INFO     ___FILE_ONLY___ 

2022-10-31 16:47:51,991 DEBUG    root            Metrics reporting process started...
