2022-11-14 08:23:51,911 DEBUG    root            Loaded Command Group: ['gcloud', 'container', 'clusters']
2022-11-14 08:23:51,914 DEBUG    root            Loaded Command Group: ['gcloud', 'container', 'clusters', 'list']
2022-11-14 08:23:51,938 DEBUG    root            Running [gcloud.container.clusters.list] with arguments: []
2022-11-14 08:23:52,005 DEBUG    urllib3.connectionpool Starting new HTTPS connection (1): container.googleapis.com:443
2022-11-14 08:23:52,636 DEBUG    urllib3.connectionpool https://container.googleapis.com:443 "GET /v1/projects/cloud-dev-112233/locations/-/clusters?alt=json HTTP/1.1" 200 None
2022-11-14 08:23:52,767 INFO     root            Display format: "
    table(
        name,
        zone:label=LOCATION,
        master_version():label=MASTER_VERSION,
        endpoint:label=MASTER_IP,
        nodePools[0].config.machineType,
        currentNodeVersion:label=NODE_VERSION,
        firstof(currentNodeCount,initialNodeCount):label=NUM_NODES,
        status
    )
"
2022-11-14 08:23:52,812 INFO     ___FILE_ONLY___ NAME
2022-11-14 08:23:52,812 INFO     ___FILE_ONLY___                                
2022-11-14 08:23:52,812 INFO     ___FILE_ONLY___ LOCATION
2022-11-14 08:23:52,812 INFO     ___FILE_ONLY___         
2022-11-14 08:23:52,812 INFO     ___FILE_ONLY___ MASTER_VERSION
2022-11-14 08:23:52,812 INFO     ___FILE_ONLY___     
2022-11-14 08:23:52,812 INFO     ___FILE_ONLY___ MASTER_IP
2022-11-14 08:23:52,812 INFO     ___FILE_ONLY___         
2022-11-14 08:23:52,812 INFO     ___FILE_ONLY___ MACHINE_TYPE
2022-11-14 08:23:52,812 INFO     ___FILE_ONLY___    
2022-11-14 08:23:52,812 INFO     ___FILE_ONLY___ NODE_VERSION
2022-11-14 08:23:52,812 INFO     ___FILE_ONLY___         
2022-11-14 08:23:52,812 INFO     ___FILE_ONLY___ NUM_NODES
2022-11-14 08:23:52,812 INFO     ___FILE_ONLY___   
2022-11-14 08:23:52,812 INFO     ___FILE_ONLY___ STATUS
2022-11-14 08:23:52,812 INFO     ___FILE_ONLY___ 

2022-11-14 08:23:52,812 INFO     ___FILE_ONLY___ andrii-7664
2022-11-14 08:23:52,812 INFO     ___FILE_ONLY___                         
2022-11-14 08:23:52,812 INFO     ___FILE_ONLY___ europe-west1-c
2022-11-14 08:23:52,812 INFO     ___FILE_ONLY___   
2022-11-14 08:23:52,812 INFO     ___FILE_ONLY___ 1.22.12-gke.2300
2022-11-14 08:23:52,812 INFO     ___FILE_ONLY___   
2022-11-14 08:23:52,812 INFO     ___FILE_ONLY___ 34.78.234.85
2022-11-14 08:23:52,812 INFO     ___FILE_ONLY___      
2022-11-14 08:23:52,812 INFO     ___FILE_ONLY___ n1-standard-4
2022-11-14 08:23:52,812 INFO     ___FILE_ONLY___   
2022-11-14 08:23:52,812 INFO     ___FILE_ONLY___ 1.21.14-gke.8500 *
2022-11-14 08:23:52,812 INFO     ___FILE_ONLY___   
2022-11-14 08:23:52,812 INFO     ___FILE_ONLY___ 3
2022-11-14 08:23:52,813 INFO     ___FILE_ONLY___           
2022-11-14 08:23:52,813 INFO     ___FILE_ONLY___ RUNNING
2022-11-14 08:23:52,813 INFO     ___FILE_ONLY___ 

2022-11-14 08:23:52,813 INFO     ___FILE_ONLY___ ege-17264
2022-11-14 08:23:52,813 INFO     ___FILE_ONLY___                           
2022-11-14 08:23:52,813 INFO     ___FILE_ONLY___ europe-west3
2022-11-14 08:23:52,813 INFO     ___FILE_ONLY___     
2022-11-14 08:23:52,813 INFO     ___FILE_ONLY___ 1.25.2-gke.1700
2022-11-14 08:23:52,813 INFO     ___FILE_ONLY___    
2022-11-14 08:23:52,813 INFO     ___FILE_ONLY___ 35.198.91.179
2022-11-14 08:23:52,813 INFO     ___FILE_ONLY___     
2022-11-14 08:23:52,813 INFO     ___FILE_ONLY___ n1-standard-4
2022-11-14 08:23:52,813 INFO     ___FILE_ONLY___   
2022-11-14 08:23:52,813 INFO     ___FILE_ONLY___ 1.25.2-gke.1700
2022-11-14 08:23:52,813 INFO     ___FILE_ONLY___      
2022-11-14 08:23:52,813 INFO     ___FILE_ONLY___ 3
2022-11-14 08:23:52,813 INFO     ___FILE_ONLY___           
2022-11-14 08:23:52,813 INFO     ___FILE_ONLY___ RUNNING
2022-11-14 08:23:52,813 INFO     ___FILE_ONLY___ 

2022-11-14 08:23:52,813 INFO     ___FILE_ONLY___ slava-pxc
2022-11-14 08:23:52,813 INFO     ___FILE_ONLY___                           
2022-11-14 08:23:52,813 INFO     ___FILE_ONLY___ europe-west3-a
2022-11-14 08:23:52,813 INFO     ___FILE_ONLY___   
2022-11-14 08:23:52,813 INFO     ___FILE_ONLY___ 1.22.12-gke.2300
2022-11-14 08:23:52,813 INFO     ___FILE_ONLY___   
2022-11-14 08:23:52,813 INFO     ___FILE_ONLY___ 35.246.235.144
2022-11-14 08:23:52,813 INFO     ___FILE_ONLY___    
2022-11-14 08:23:52,813 INFO     ___FILE_ONLY___ n1-standard-4
2022-11-14 08:23:52,813 INFO     ___FILE_ONLY___   
2022-11-14 08:23:52,813 INFO     ___FILE_ONLY___ 1.21.14-gke.8500 *
2022-11-14 08:23:52,813 INFO     ___FILE_ONLY___   
2022-11-14 08:23:52,813 INFO     ___FILE_ONLY___ 3
2022-11-14 08:23:52,813 INFO     ___FILE_ONLY___           
2022-11-14 08:23:52,813 INFO     ___FILE_ONLY___ RUNNING
2022-11-14 08:23:52,813 INFO     ___FILE_ONLY___ 

2022-11-14 08:23:52,813 INFO     ___FILE_ONLY___ inel-16678
2022-11-14 08:23:52,813 INFO     ___FILE_ONLY___                          
2022-11-14 08:23:52,813 INFO     ___FILE_ONLY___ europe-west3-b
2022-11-14 08:23:52,813 INFO     ___FILE_ONLY___   
2022-11-14 08:23:52,813 INFO     ___FILE_ONLY___ 1.22.12-gke.2300
2022-11-14 08:23:52,813 INFO     ___FILE_ONLY___   
2022-11-14 08:23:52,813 INFO     ___FILE_ONLY___ 34.159.38.37
2022-11-14 08:23:52,813 INFO     ___FILE_ONLY___      
2022-11-14 08:23:52,813 INFO     ___FILE_ONLY___ n1-standard-4
2022-11-14 08:23:52,813 INFO     ___FILE_ONLY___   
2022-11-14 08:23:52,814 INFO     ___FILE_ONLY___ 1.21.14-gke.8500 *
2022-11-14 08:23:52,814 INFO     ___FILE_ONLY___   
2022-11-14 08:23:52,814 INFO     ___FILE_ONLY___ 3
2022-11-14 08:23:52,814 INFO     ___FILE_ONLY___           
2022-11-14 08:23:52,814 INFO     ___FILE_ONLY___ RUNNING
2022-11-14 08:23:52,814 INFO     ___FILE_ONLY___ 

2022-11-14 08:23:52,814 INFO     ___FILE_ONLY___ max-30844
2022-11-14 08:23:52,814 INFO     ___FILE_ONLY___                           
2022-11-14 08:23:52,814 INFO     ___FILE_ONLY___ europe-west3-b
2022-11-14 08:23:52,814 INFO     ___FILE_ONLY___   
2022-11-14 08:23:52,814 INFO     ___FILE_ONLY___ 1.22.12-gke.2300
2022-11-14 08:23:52,814 INFO     ___FILE_ONLY___   
2022-11-14 08:23:52,814 INFO     ___FILE_ONLY___ 35.246.193.17
2022-11-14 08:23:52,814 INFO     ___FILE_ONLY___     
2022-11-14 08:23:52,814 INFO     ___FILE_ONLY___ n1-standard-4
2022-11-14 08:23:52,814 INFO     ___FILE_ONLY___   
2022-11-14 08:23:52,814 INFO     ___FILE_ONLY___ 1.22.12-gke.2300
2022-11-14 08:23:52,814 INFO     ___FILE_ONLY___     
2022-11-14 08:23:52,814 INFO     ___FILE_ONLY___ 3
2022-11-14 08:23:52,814 INFO     ___FILE_ONLY___           
2022-11-14 08:23:52,814 INFO     ___FILE_ONLY___ RUNNING
2022-11-14 08:23:52,814 INFO     ___FILE_ONLY___ 

2022-11-14 08:23:52,814 INFO     ___FILE_ONLY___ jen-pxc-1245-17d53cbc-16-cluster1
2022-11-14 08:23:52,814 INFO     ___FILE_ONLY___   
2022-11-14 08:23:52,814 INFO     ___FILE_ONLY___ us-central1-a
2022-11-14 08:23:52,814 INFO     ___FILE_ONLY___    
2022-11-14 08:23:52,814 INFO     ___FILE_ONLY___ 1.21.14-gke.8500
2022-11-14 08:23:52,814 INFO     ___FILE_ONLY___   
2022-11-14 08:23:52,814 INFO     ___FILE_ONLY___ 35.225.244.196
2022-11-14 08:23:52,814 INFO     ___FILE_ONLY___    
2022-11-14 08:23:52,814 INFO     ___FILE_ONLY___ n1-standard-4
2022-11-14 08:23:52,814 INFO     ___FILE_ONLY___   
2022-11-14 08:23:52,814 INFO     ___FILE_ONLY___ 1.21.14-gke.8500
2022-11-14 08:23:52,814 INFO     ___FILE_ONLY___     
2022-11-14 08:23:52,814 INFO     ___FILE_ONLY___ 3
2022-11-14 08:23:52,814 INFO     ___FILE_ONLY___           
2022-11-14 08:23:52,814 INFO     ___FILE_ONLY___ RUNNING
2022-11-14 08:23:52,814 INFO     ___FILE_ONLY___ 

2022-11-14 08:23:52,814 INFO     ___FILE_ONLY___ jen-pxc-1245-17d53cbc-16-cluster2
2022-11-14 08:23:52,814 INFO     ___FILE_ONLY___   
2022-11-14 08:23:52,814 INFO     ___FILE_ONLY___ us-central1-a
2022-11-14 08:23:52,814 INFO     ___FILE_ONLY___    
2022-11-14 08:23:52,814 INFO     ___FILE_ONLY___ 1.21.14-gke.8500
2022-11-14 08:23:52,814 INFO     ___FILE_ONLY___   
2022-11-14 08:23:52,814 INFO     ___FILE_ONLY___ 35.202.226.135
2022-11-14 08:23:52,814 INFO     ___FILE_ONLY___    
2022-11-14 08:23:52,814 INFO     ___FILE_ONLY___ n1-standard-4
2022-11-14 08:23:52,814 INFO     ___FILE_ONLY___   
2022-11-14 08:23:52,815 INFO     ___FILE_ONLY___ 1.21.14-gke.8500
2022-11-14 08:23:52,815 INFO     ___FILE_ONLY___     
2022-11-14 08:23:52,815 INFO     ___FILE_ONLY___ 3
2022-11-14 08:23:52,815 INFO     ___FILE_ONLY___           
2022-11-14 08:23:52,815 INFO     ___FILE_ONLY___ RUNNING
2022-11-14 08:23:52,815 INFO     ___FILE_ONLY___ 

2022-11-14 08:23:52,815 INFO     ___FILE_ONLY___ jen-pxc-1245-17d53cbc-16-cluster3
2022-11-14 08:23:52,815 INFO     ___FILE_ONLY___   
2022-11-14 08:23:52,815 INFO     ___FILE_ONLY___ us-central1-a
2022-11-14 08:23:52,815 INFO     ___FILE_ONLY___    
2022-11-14 08:23:52,815 INFO     ___FILE_ONLY___ 1.21.14-gke.8500
2022-11-14 08:23:52,815 INFO     ___FILE_ONLY___   
2022-11-14 08:23:52,815 INFO     ___FILE_ONLY___ 35.188.80.206
2022-11-14 08:23:52,815 INFO     ___FILE_ONLY___     
2022-11-14 08:23:52,815 INFO     ___FILE_ONLY___ n1-standard-4
2022-11-14 08:23:52,815 INFO     ___FILE_ONLY___   
2022-11-14 08:23:52,815 INFO     ___FILE_ONLY___ 1.21.14-gke.8500
2022-11-14 08:23:52,815 INFO     ___FILE_ONLY___     
2022-11-14 08:23:52,815 INFO     ___FILE_ONLY___ 3
2022-11-14 08:23:52,815 INFO     ___FILE_ONLY___           
2022-11-14 08:23:52,815 INFO     ___FILE_ONLY___ RUNNING
2022-11-14 08:23:52,815 INFO     ___FILE_ONLY___ 

2022-11-14 08:23:52,815 INFO     ___FILE_ONLY___ jen-pxc-1245-17d53cbc-16-cluster4
2022-11-14 08:23:52,815 INFO     ___FILE_ONLY___   
2022-11-14 08:23:52,815 INFO     ___FILE_ONLY___ us-central1-a
2022-11-14 08:23:52,815 INFO     ___FILE_ONLY___    
2022-11-14 08:23:52,815 INFO     ___FILE_ONLY___ 1.21.14-gke.8500
2022-11-14 08:23:52,815 INFO     ___FILE_ONLY___   
2022-11-14 08:23:52,815 INFO     ___FILE_ONLY___ 146.148.87.51
2022-11-14 08:23:52,815 INFO     ___FILE_ONLY___     
2022-11-14 08:23:52,815 INFO     ___FILE_ONLY___ n1-standard-4
2022-11-14 08:23:52,815 INFO     ___FILE_ONLY___   
2022-11-14 08:23:52,815 INFO     ___FILE_ONLY___ 1.21.14-gke.8500
2022-11-14 08:23:52,815 INFO     ___FILE_ONLY___     
2022-11-14 08:23:52,815 INFO     ___FILE_ONLY___ 3
2022-11-14 08:23:52,815 INFO     ___FILE_ONLY___           
2022-11-14 08:23:52,815 INFO     ___FILE_ONLY___ RUNNING
2022-11-14 08:23:52,815 INFO     ___FILE_ONLY___ 

2022-11-14 08:23:52,815 INFO     ___FILE_ONLY___ jen-pxc-1245-17d53cbc-16-cluster5
2022-11-14 08:23:52,815 INFO     ___FILE_ONLY___   
2022-11-14 08:23:52,815 INFO     ___FILE_ONLY___ us-central1-a
2022-11-14 08:23:52,815 INFO     ___FILE_ONLY___    
2022-11-14 08:23:52,815 INFO     ___FILE_ONLY___ 1.21.14-gke.8500
2022-11-14 08:23:52,815 INFO     ___FILE_ONLY___   
2022-11-14 08:23:52,815 INFO     ___FILE_ONLY___ 34.122.88.161
2022-11-14 08:23:52,815 INFO     ___FILE_ONLY___     
2022-11-14 08:23:52,815 INFO     ___FILE_ONLY___ n1-standard-4
2022-11-14 08:23:52,815 INFO     ___FILE_ONLY___   
2022-11-14 08:23:52,815 INFO     ___FILE_ONLY___ 1.21.14-gke.8500
2022-11-14 08:23:52,815 INFO     ___FILE_ONLY___     
2022-11-14 08:23:52,815 INFO     ___FILE_ONLY___ 3
2022-11-14 08:23:52,815 INFO     ___FILE_ONLY___           
2022-11-14 08:23:52,816 INFO     ___FILE_ONLY___ RUNNING
2022-11-14 08:23:52,816 INFO     ___FILE_ONLY___ 

2022-11-14 08:23:52,816 INFO     ___FILE_ONLY___ jen-pxc-1245-17d53cbc-16-cluster6
2022-11-14 08:23:52,816 INFO     ___FILE_ONLY___   
2022-11-14 08:23:52,816 INFO     ___FILE_ONLY___ us-central1-a
2022-11-14 08:23:52,816 INFO     ___FILE_ONLY___    
2022-11-14 08:23:52,816 INFO     ___FILE_ONLY___ 1.21.14-gke.8500
2022-11-14 08:23:52,816 INFO     ___FILE_ONLY___   
2022-11-14 08:23:52,816 INFO     ___FILE_ONLY___ 34.134.242.18
2022-11-14 08:23:52,816 INFO     ___FILE_ONLY___     
2022-11-14 08:23:52,816 INFO     ___FILE_ONLY___ n1-standard-4
2022-11-14 08:23:52,816 INFO     ___FILE_ONLY___   
2022-11-14 08:23:52,816 INFO     ___FILE_ONLY___ 1.21.14-gke.8500
2022-11-14 08:23:52,816 INFO     ___FILE_ONLY___     
2022-11-14 08:23:52,816 INFO     ___FILE_ONLY___ 3
2022-11-14 08:23:52,816 INFO     ___FILE_ONLY___           
2022-11-14 08:23:52,816 INFO     ___FILE_ONLY___ RUNNING
2022-11-14 08:23:52,816 INFO     ___FILE_ONLY___ 

2022-11-14 08:23:52,816 INFO     ___FILE_ONLY___ jen-pxc-1245-17d53cbc-16-cluster7
2022-11-14 08:23:52,816 INFO     ___FILE_ONLY___   
2022-11-14 08:23:52,816 INFO     ___FILE_ONLY___ us-central1-a
2022-11-14 08:23:52,816 INFO     ___FILE_ONLY___    
2022-11-14 08:23:52,816 INFO     ___FILE_ONLY___ 1.21.14-gke.8500
2022-11-14 08:23:52,816 INFO     ___FILE_ONLY___   
2022-11-14 08:23:52,816 INFO     ___FILE_ONLY___ 130.211.231.117
2022-11-14 08:23:52,816 INFO     ___FILE_ONLY___   
2022-11-14 08:23:52,816 INFO     ___FILE_ONLY___ n1-standard-4
2022-11-14 08:23:52,816 INFO     ___FILE_ONLY___   
2022-11-14 08:23:52,816 INFO     ___FILE_ONLY___ 1.21.14-gke.8500
2022-11-14 08:23:52,816 INFO     ___FILE_ONLY___     
2022-11-14 08:23:52,816 INFO     ___FILE_ONLY___ 3
2022-11-14 08:23:52,816 INFO     ___FILE_ONLY___           
2022-11-14 08:23:52,816 INFO     ___FILE_ONLY___ RUNNING
2022-11-14 08:23:52,816 INFO     ___FILE_ONLY___ 

2022-11-14 08:23:52,816 INFO     ___FILE_ONLY___ jen-pxc-1245-17d53cbc-16-cluster8
2022-11-14 08:23:52,816 INFO     ___FILE_ONLY___   
2022-11-14 08:23:52,816 INFO     ___FILE_ONLY___ us-central1-a
2022-11-14 08:23:52,816 INFO     ___FILE_ONLY___    
2022-11-14 08:23:52,816 INFO     ___FILE_ONLY___ 1.21.14-gke.8500
2022-11-14 08:23:52,816 INFO     ___FILE_ONLY___   
2022-11-14 08:23:52,816 INFO     ___FILE_ONLY___ 34.70.75.221
2022-11-14 08:23:52,816 INFO     ___FILE_ONLY___      
2022-11-14 08:23:52,816 INFO     ___FILE_ONLY___ n1-standard-4
2022-11-14 08:23:52,816 INFO     ___FILE_ONLY___   
2022-11-14 08:23:52,816 INFO     ___FILE_ONLY___ 1.21.14-gke.8500
2022-11-14 08:23:52,816 INFO     ___FILE_ONLY___     
2022-11-14 08:23:52,816 INFO     ___FILE_ONLY___ 3
2022-11-14 08:23:52,816 INFO     ___FILE_ONLY___           
2022-11-14 08:23:52,816 INFO     ___FILE_ONLY___ RUNNING
2022-11-14 08:23:52,816 INFO     ___FILE_ONLY___ 

2022-11-14 08:23:52,817 INFO     ___FILE_ONLY___ jen-pxc-1245-17d53cbc-16-cluster9
2022-11-14 08:23:52,817 INFO     ___FILE_ONLY___   
2022-11-14 08:23:52,817 INFO     ___FILE_ONLY___ us-central1-a
2022-11-14 08:23:52,817 INFO     ___FILE_ONLY___    
2022-11-14 08:23:52,817 INFO     ___FILE_ONLY___ 1.21.14-gke.8500
2022-11-14 08:23:52,817 INFO     ___FILE_ONLY___   
2022-11-14 08:23:52,817 INFO     ___FILE_ONLY___ 34.66.163.41
2022-11-14 08:23:52,817 INFO     ___FILE_ONLY___      
2022-11-14 08:23:52,817 INFO     ___FILE_ONLY___ n1-standard-4
2022-11-14 08:23:52,817 INFO     ___FILE_ONLY___   
2022-11-14 08:23:52,817 INFO     ___FILE_ONLY___ 1.21.14-gke.8500
2022-11-14 08:23:52,817 INFO     ___FILE_ONLY___     
2022-11-14 08:23:52,817 INFO     ___FILE_ONLY___ 3
2022-11-14 08:23:52,817 INFO     ___FILE_ONLY___           
2022-11-14 08:23:52,817 INFO     ___FILE_ONLY___ RUNNING
2022-11-14 08:23:52,817 INFO     ___FILE_ONLY___ 

2022-11-14 08:23:52,817 INFO     ___FILE_ONLY___ jen-pxc-1255-969aa948-6-cluster2
2022-11-14 08:23:52,817 INFO     ___FILE_ONLY___    
2022-11-14 08:23:52,817 INFO     ___FILE_ONLY___ us-central1-a
2022-11-14 08:23:52,817 INFO     ___FILE_ONLY___    
2022-11-14 08:23:52,817 INFO     ___FILE_ONLY___ 1.21.14-gke.8500
2022-11-14 08:23:52,817 INFO     ___FILE_ONLY___   
2022-11-14 08:23:52,817 INFO     ___FILE_ONLY___ 104.154.235.79
2022-11-14 08:23:52,817 INFO     ___FILE_ONLY___    
2022-11-14 08:23:52,817 INFO     ___FILE_ONLY___ n1-standard-4
2022-11-14 08:23:52,817 INFO     ___FILE_ONLY___   
2022-11-14 08:23:52,817 INFO     ___FILE_ONLY___ 1.21.14-gke.8500
2022-11-14 08:23:52,817 INFO     ___FILE_ONLY___     
2022-11-14 08:23:52,817 INFO     ___FILE_ONLY___ 3
2022-11-14 08:23:52,817 INFO     ___FILE_ONLY___           
2022-11-14 08:23:52,817 INFO     ___FILE_ONLY___ RUNNING
2022-11-14 08:23:52,817 INFO     ___FILE_ONLY___ 

2022-11-14 08:23:52,817 INFO     ___FILE_ONLY___ jen-pxc-1255-969aa948-6-cluster3
2022-11-14 08:23:52,817 INFO     ___FILE_ONLY___    
2022-11-14 08:23:52,817 INFO     ___FILE_ONLY___ us-central1-a
2022-11-14 08:23:52,817 INFO     ___FILE_ONLY___    
2022-11-14 08:23:52,817 INFO     ___FILE_ONLY___ 1.21.14-gke.8500
2022-11-14 08:23:52,817 INFO     ___FILE_ONLY___   
2022-11-14 08:23:52,817 INFO     ___FILE_ONLY___ 23.236.56.37
2022-11-14 08:23:52,817 INFO     ___FILE_ONLY___      
2022-11-14 08:23:52,817 INFO     ___FILE_ONLY___ n1-standard-4
2022-11-14 08:23:52,817 INFO     ___FILE_ONLY___   
2022-11-14 08:23:52,817 INFO     ___FILE_ONLY___ 1.21.14-gke.8500
2022-11-14 08:23:52,817 INFO     ___FILE_ONLY___     
2022-11-14 08:23:52,817 INFO     ___FILE_ONLY___ 3
2022-11-14 08:23:52,817 INFO     ___FILE_ONLY___           
2022-11-14 08:23:52,817 INFO     ___FILE_ONLY___ RUNNING
2022-11-14 08:23:52,817 INFO     ___FILE_ONLY___ 

2022-11-14 08:23:52,818 INFO     ___FILE_ONLY___ jen-pxc-1255-969aa948-6-cluster4
2022-11-14 08:23:52,818 INFO     ___FILE_ONLY___    
2022-11-14 08:23:52,818 INFO     ___FILE_ONLY___ us-central1-a
2022-11-14 08:23:52,818 INFO     ___FILE_ONLY___    
2022-11-14 08:23:52,818 INFO     ___FILE_ONLY___ 1.21.14-gke.8500
2022-11-14 08:23:52,818 INFO     ___FILE_ONLY___   
2022-11-14 08:23:52,818 INFO     ___FILE_ONLY___ 34.170.100.201
2022-11-14 08:23:52,818 INFO     ___FILE_ONLY___    
2022-11-14 08:23:52,818 INFO     ___FILE_ONLY___ n1-standard-4
2022-11-14 08:23:52,818 INFO     ___FILE_ONLY___   
2022-11-14 08:23:52,818 INFO     ___FILE_ONLY___ 1.21.14-gke.8500
2022-11-14 08:23:52,818 INFO     ___FILE_ONLY___     
2022-11-14 08:23:52,818 INFO     ___FILE_ONLY___ 3
2022-11-14 08:23:52,818 INFO     ___FILE_ONLY___           
2022-11-14 08:23:52,818 INFO     ___FILE_ONLY___ RUNNING
2022-11-14 08:23:52,818 INFO     ___FILE_ONLY___ 

2022-11-14 08:23:52,818 INFO     ___FILE_ONLY___ jen-pxc-1255-969aa948-6-cluster6
2022-11-14 08:23:52,818 INFO     ___FILE_ONLY___    
2022-11-14 08:23:52,818 INFO     ___FILE_ONLY___ us-central1-a
2022-11-14 08:23:52,818 INFO     ___FILE_ONLY___    
2022-11-14 08:23:52,818 INFO     ___FILE_ONLY___ 1.21.14-gke.8500
2022-11-14 08:23:52,818 INFO     ___FILE_ONLY___   
2022-11-14 08:23:52,818 INFO     ___FILE_ONLY___ 146.148.52.232
2022-11-14 08:23:52,818 INFO     ___FILE_ONLY___    
2022-11-14 08:23:52,818 INFO     ___FILE_ONLY___ n1-standard-4
2022-11-14 08:23:52,818 INFO     ___FILE_ONLY___   
2022-11-14 08:23:52,818 INFO     ___FILE_ONLY___ 1.21.14-gke.8500
2022-11-14 08:23:52,818 INFO     ___FILE_ONLY___     
2022-11-14 08:23:52,818 INFO     ___FILE_ONLY___ 3
2022-11-14 08:23:52,818 INFO     ___FILE_ONLY___           
2022-11-14 08:23:52,818 INFO     ___FILE_ONLY___ RUNNING
2022-11-14 08:23:52,818 INFO     ___FILE_ONLY___ 

2022-11-14 08:23:52,818 INFO     ___FILE_ONLY___ jen-pxc-1255-969aa948-6-cluster7
2022-11-14 08:23:52,818 INFO     ___FILE_ONLY___    
2022-11-14 08:23:52,818 INFO     ___FILE_ONLY___ us-central1-a
2022-11-14 08:23:52,818 INFO     ___FILE_ONLY___    
2022-11-14 08:23:52,818 INFO     ___FILE_ONLY___ 1.21.14-gke.8500
2022-11-14 08:23:52,818 INFO     ___FILE_ONLY___   
2022-11-14 08:23:52,818 INFO     ___FILE_ONLY___ 34.121.58.8
2022-11-14 08:23:52,818 INFO     ___FILE_ONLY___       
2022-11-14 08:23:52,818 INFO     ___FILE_ONLY___ n1-standard-4
2022-11-14 08:23:52,818 INFO     ___FILE_ONLY___   
2022-11-14 08:23:52,818 INFO     ___FILE_ONLY___ 1.21.14-gke.8500
2022-11-14 08:23:52,818 INFO     ___FILE_ONLY___     
2022-11-14 08:23:52,818 INFO     ___FILE_ONLY___ 3
2022-11-14 08:23:52,818 INFO     ___FILE_ONLY___           
2022-11-14 08:23:52,818 INFO     ___FILE_ONLY___ RUNNING
2022-11-14 08:23:52,818 INFO     ___FILE_ONLY___ 

2022-11-14 08:23:52,818 INFO     ___FILE_ONLY___ jen-pxc-1255-969aa948-6-cluster9
2022-11-14 08:23:52,819 INFO     ___FILE_ONLY___    
2022-11-14 08:23:52,819 INFO     ___FILE_ONLY___ us-central1-a
2022-11-14 08:23:52,819 INFO     ___FILE_ONLY___    
2022-11-14 08:23:52,819 INFO     ___FILE_ONLY___ 1.21.14-gke.8500
2022-11-14 08:23:52,819 INFO     ___FILE_ONLY___   
2022-11-14 08:23:52,819 INFO     ___FILE_ONLY___ 35.226.173.203
2022-11-14 08:23:52,819 INFO     ___FILE_ONLY___    
2022-11-14 08:23:52,819 INFO     ___FILE_ONLY___ n1-standard-4
2022-11-14 08:23:52,819 INFO     ___FILE_ONLY___   
2022-11-14 08:23:52,819 INFO     ___FILE_ONLY___ 1.21.14-gke.8500
2022-11-14 08:23:52,819 INFO     ___FILE_ONLY___     
2022-11-14 08:23:52,819 INFO     ___FILE_ONLY___ 3
2022-11-14 08:23:52,819 INFO     ___FILE_ONLY___           
2022-11-14 08:23:52,819 INFO     ___FILE_ONLY___ RUNNING
2022-11-14 08:23:52,819 INFO     ___FILE_ONLY___ 

2022-11-14 08:23:52,819 INFO     ___FILE_ONLY___ jen-pxc-1265-82f89d72-3-cluster1
2022-11-14 08:23:52,819 INFO     ___FILE_ONLY___    
2022-11-14 08:23:52,819 INFO     ___FILE_ONLY___ us-central1-a
2022-11-14 08:23:52,819 INFO     ___FILE_ONLY___    
2022-11-14 08:23:52,819 INFO     ___FILE_ONLY___ 1.21.14-gke.8500
2022-11-14 08:23:52,819 INFO     ___FILE_ONLY___   
2022-11-14 08:23:52,819 INFO     ___FILE_ONLY___ 35.188.88.214
2022-11-14 08:23:52,819 INFO     ___FILE_ONLY___     
2022-11-14 08:23:52,819 INFO     ___FILE_ONLY___ n1-standard-4
2022-11-14 08:23:52,819 INFO     ___FILE_ONLY___   
2022-11-14 08:23:52,819 INFO     ___FILE_ONLY___ 1.21.14-gke.8500
2022-11-14 08:23:52,819 INFO     ___FILE_ONLY___     
2022-11-14 08:23:52,819 INFO     ___FILE_ONLY___ 3
2022-11-14 08:23:52,819 INFO     ___FILE_ONLY___           
2022-11-14 08:23:52,819 INFO     ___FILE_ONLY___ RUNNING
2022-11-14 08:23:52,819 INFO     ___FILE_ONLY___ 

2022-11-14 08:23:52,819 INFO     ___FILE_ONLY___ jen-pxc-1265-82f89d72-3-cluster2
2022-11-14 08:23:52,819 INFO     ___FILE_ONLY___    
2022-11-14 08:23:52,819 INFO     ___FILE_ONLY___ us-central1-a
2022-11-14 08:23:52,819 INFO     ___FILE_ONLY___    
2022-11-14 08:23:52,819 INFO     ___FILE_ONLY___ 1.21.14-gke.8500
2022-11-14 08:23:52,819 INFO     ___FILE_ONLY___   
2022-11-14 08:23:52,819 INFO     ___FILE_ONLY___ 35.223.141.76
2022-11-14 08:23:52,819 INFO     ___FILE_ONLY___     
2022-11-14 08:23:52,819 INFO     ___FILE_ONLY___ n1-standard-4
2022-11-14 08:23:52,819 INFO     ___FILE_ONLY___   
2022-11-14 08:23:52,819 INFO     ___FILE_ONLY___ 1.21.14-gke.8500
2022-11-14 08:23:52,819 INFO     ___FILE_ONLY___     
2022-11-14 08:23:52,819 INFO     ___FILE_ONLY___ 3
2022-11-14 08:23:52,819 INFO     ___FILE_ONLY___           
2022-11-14 08:23:52,819 INFO     ___FILE_ONLY___ RUNNING
2022-11-14 08:23:52,819 INFO     ___FILE_ONLY___ 

2022-11-14 08:23:52,819 INFO     ___FILE_ONLY___ jen-pxc-1265-82f89d72-3-cluster3
2022-11-14 08:23:52,819 INFO     ___FILE_ONLY___    
2022-11-14 08:23:52,820 INFO     ___FILE_ONLY___ us-central1-a
2022-11-14 08:23:52,820 INFO     ___FILE_ONLY___    
2022-11-14 08:23:52,820 INFO     ___FILE_ONLY___ 1.21.14-gke.8500
2022-11-14 08:23:52,820 INFO     ___FILE_ONLY___   
2022-11-14 08:23:52,820 INFO     ___FILE_ONLY___ 35.192.5.255
2022-11-14 08:23:52,820 INFO     ___FILE_ONLY___      
2022-11-14 08:23:52,820 INFO     ___FILE_ONLY___ n1-standard-4
2022-11-14 08:23:52,820 INFO     ___FILE_ONLY___   
2022-11-14 08:23:52,820 INFO     ___FILE_ONLY___ 1.21.14-gke.8500
2022-11-14 08:23:52,820 INFO     ___FILE_ONLY___     
2022-11-14 08:23:52,820 INFO     ___FILE_ONLY___ 3
2022-11-14 08:23:52,820 INFO     ___FILE_ONLY___           
2022-11-14 08:23:52,820 INFO     ___FILE_ONLY___ RUNNING
2022-11-14 08:23:52,820 INFO     ___FILE_ONLY___ 

2022-11-14 08:23:52,820 INFO     ___FILE_ONLY___ jen-pxc-1265-82f89d72-3-cluster4
2022-11-14 08:23:52,820 INFO     ___FILE_ONLY___    
2022-11-14 08:23:52,820 INFO     ___FILE_ONLY___ us-central1-a
2022-11-14 08:23:52,820 INFO     ___FILE_ONLY___    
2022-11-14 08:23:52,820 INFO     ___FILE_ONLY___ 1.21.14-gke.8500
2022-11-14 08:23:52,820 INFO     ___FILE_ONLY___   
2022-11-14 08:23:52,820 INFO     ___FILE_ONLY___ 34.133.108.44
2022-11-14 08:23:52,820 INFO     ___FILE_ONLY___     
2022-11-14 08:23:52,820 INFO     ___FILE_ONLY___ n1-standard-4
2022-11-14 08:23:52,820 INFO     ___FILE_ONLY___   
2022-11-14 08:23:52,820 INFO     ___FILE_ONLY___ 1.21.14-gke.8500
2022-11-14 08:23:52,820 INFO     ___FILE_ONLY___     
2022-11-14 08:23:52,820 INFO     ___FILE_ONLY___ 3
2022-11-14 08:23:52,820 INFO     ___FILE_ONLY___           
2022-11-14 08:23:52,820 INFO     ___FILE_ONLY___ RUNNING
2022-11-14 08:23:52,820 INFO     ___FILE_ONLY___ 

2022-11-14 08:23:52,820 INFO     ___FILE_ONLY___ jen-pxc-1265-82f89d72-3-cluster6
2022-11-14 08:23:52,820 INFO     ___FILE_ONLY___    
2022-11-14 08:23:52,820 INFO     ___FILE_ONLY___ us-central1-a
2022-11-14 08:23:52,820 INFO     ___FILE_ONLY___    
2022-11-14 08:23:52,820 INFO     ___FILE_ONLY___ 1.21.14-gke.8500
2022-11-14 08:23:52,820 INFO     ___FILE_ONLY___   
2022-11-14 08:23:52,820 INFO     ___FILE_ONLY___ 34.133.159.8
2022-11-14 08:23:52,820 INFO     ___FILE_ONLY___      
2022-11-14 08:23:52,820 INFO     ___FILE_ONLY___ n1-standard-4
2022-11-14 08:23:52,820 INFO     ___FILE_ONLY___   
2022-11-14 08:23:52,820 INFO     ___FILE_ONLY___ 1.21.14-gke.8500
2022-11-14 08:23:52,820 INFO     ___FILE_ONLY___     
2022-11-14 08:23:52,820 INFO     ___FILE_ONLY___ 3
2022-11-14 08:23:52,820 INFO     ___FILE_ONLY___           
2022-11-14 08:23:52,820 INFO     ___FILE_ONLY___ RUNNING
2022-11-14 08:23:52,820 INFO     ___FILE_ONLY___ 

2022-11-14 08:23:52,820 INFO     ___FILE_ONLY___ jen-pxc-1265-82f89d72-3-cluster7
2022-11-14 08:23:52,820 INFO     ___FILE_ONLY___    
2022-11-14 08:23:52,820 INFO     ___FILE_ONLY___ us-central1-a
2022-11-14 08:23:52,821 INFO     ___FILE_ONLY___    
2022-11-14 08:23:52,821 INFO     ___FILE_ONLY___ 1.21.14-gke.8500
2022-11-14 08:23:52,821 INFO     ___FILE_ONLY___   
2022-11-14 08:23:52,821 INFO     ___FILE_ONLY___ 34.123.217.213
2022-11-14 08:23:52,821 INFO     ___FILE_ONLY___    
2022-11-14 08:23:52,821 INFO     ___FILE_ONLY___ n1-standard-4
2022-11-14 08:23:52,821 INFO     ___FILE_ONLY___   
2022-11-14 08:23:52,821 INFO     ___FILE_ONLY___ 1.21.14-gke.8500
2022-11-14 08:23:52,821 INFO     ___FILE_ONLY___     
2022-11-14 08:23:52,821 INFO     ___FILE_ONLY___ 3
2022-11-14 08:23:52,821 INFO     ___FILE_ONLY___           
2022-11-14 08:23:52,821 INFO     ___FILE_ONLY___ RUNNING
2022-11-14 08:23:52,821 INFO     ___FILE_ONLY___ 

2022-11-14 08:23:52,821 INFO     ___FILE_ONLY___ jen-pxc-1265-82f89d72-3-cluster9
2022-11-14 08:23:52,821 INFO     ___FILE_ONLY___    
2022-11-14 08:23:52,821 INFO     ___FILE_ONLY___ us-central1-a
2022-11-14 08:23:52,821 INFO     ___FILE_ONLY___    
2022-11-14 08:23:52,821 INFO     ___FILE_ONLY___ 1.21.14-gke.8500
2022-11-14 08:23:52,821 INFO     ___FILE_ONLY___   
2022-11-14 08:23:52,821 INFO     ___FILE_ONLY___ 35.225.138.59
2022-11-14 08:23:52,821 INFO     ___FILE_ONLY___     
2022-11-14 08:23:52,821 INFO     ___FILE_ONLY___ n1-standard-4
2022-11-14 08:23:52,821 INFO     ___FILE_ONLY___   
2022-11-14 08:23:52,821 INFO     ___FILE_ONLY___ 1.21.14-gke.8500
2022-11-14 08:23:52,821 INFO     ___FILE_ONLY___     
2022-11-14 08:23:52,821 INFO     ___FILE_ONLY___ 3
2022-11-14 08:23:52,821 INFO     ___FILE_ONLY___           
2022-11-14 08:23:52,821 INFO     ___FILE_ONLY___ RUNNING
2022-11-14 08:23:52,821 INFO     ___FILE_ONLY___ 

2022-11-14 08:23:52,821 INFO     ___FILE_ONLY___ jen-pxc-1266-cdf39717-4-cluster1
2022-11-14 08:23:52,821 INFO     ___FILE_ONLY___    
2022-11-14 08:23:52,821 INFO     ___FILE_ONLY___ us-central1-a
2022-11-14 08:23:52,821 INFO     ___FILE_ONLY___    
2022-11-14 08:23:52,821 INFO     ___FILE_ONLY___ 1.21.14-gke.8500
2022-11-14 08:23:52,821 INFO     ___FILE_ONLY___   
2022-11-14 08:23:52,821 INFO     ___FILE_ONLY___ 104.198.240.4
2022-11-14 08:23:52,821 INFO     ___FILE_ONLY___     
2022-11-14 08:23:52,821 INFO     ___FILE_ONLY___ n1-standard-4
2022-11-14 08:23:52,821 INFO     ___FILE_ONLY___   
2022-11-14 08:23:52,821 INFO     ___FILE_ONLY___ 1.21.14-gke.8500
2022-11-14 08:23:52,821 INFO     ___FILE_ONLY___     
2022-11-14 08:23:52,821 INFO     ___FILE_ONLY___ 3
2022-11-14 08:23:52,821 INFO     ___FILE_ONLY___           
2022-11-14 08:23:52,821 INFO     ___FILE_ONLY___ RUNNING
2022-11-14 08:23:52,821 INFO     ___FILE_ONLY___ 

2022-11-14 08:23:52,821 INFO     ___FILE_ONLY___ jen-pxc-1266-cdf39717-4-cluster2
2022-11-14 08:23:52,821 INFO     ___FILE_ONLY___    
2022-11-14 08:23:52,821 INFO     ___FILE_ONLY___ us-central1-a
2022-11-14 08:23:52,821 INFO     ___FILE_ONLY___    
2022-11-14 08:23:52,821 INFO     ___FILE_ONLY___ 1.21.14-gke.8500
2022-11-14 08:23:52,822 INFO     ___FILE_ONLY___   
2022-11-14 08:23:52,822 INFO     ___FILE_ONLY___ 104.198.28.170
2022-11-14 08:23:52,822 INFO     ___FILE_ONLY___    
2022-11-14 08:23:52,822 INFO     ___FILE_ONLY___ n1-standard-4
2022-11-14 08:23:52,822 INFO     ___FILE_ONLY___   
2022-11-14 08:23:52,822 INFO     ___FILE_ONLY___ 1.21.14-gke.8500
2022-11-14 08:23:52,822 INFO     ___FILE_ONLY___     
2022-11-14 08:23:52,822 INFO     ___FILE_ONLY___ 3
2022-11-14 08:23:52,822 INFO     ___FILE_ONLY___           
2022-11-14 08:23:52,822 INFO     ___FILE_ONLY___ RUNNING
2022-11-14 08:23:52,822 INFO     ___FILE_ONLY___ 

2022-11-14 08:23:52,822 INFO     ___FILE_ONLY___ jen-pxc-1266-cdf39717-4-cluster3
2022-11-14 08:23:52,822 INFO     ___FILE_ONLY___    
2022-11-14 08:23:52,822 INFO     ___FILE_ONLY___ us-central1-a
2022-11-14 08:23:52,822 INFO     ___FILE_ONLY___    
2022-11-14 08:23:52,822 INFO     ___FILE_ONLY___ 1.21.14-gke.8500
2022-11-14 08:23:52,822 INFO     ___FILE_ONLY___   
2022-11-14 08:23:52,822 INFO     ___FILE_ONLY___ 104.198.178.41
2022-11-14 08:23:52,822 INFO     ___FILE_ONLY___    
2022-11-14 08:23:52,822 INFO     ___FILE_ONLY___ n1-standard-4
2022-11-14 08:23:52,822 INFO     ___FILE_ONLY___   
2022-11-14 08:23:52,822 INFO     ___FILE_ONLY___ 1.21.14-gke.8500
2022-11-14 08:23:52,822 INFO     ___FILE_ONLY___     
2022-11-14 08:23:52,822 INFO     ___FILE_ONLY___ 3
2022-11-14 08:23:52,822 INFO     ___FILE_ONLY___           
2022-11-14 08:23:52,822 INFO     ___FILE_ONLY___ RUNNING
2022-11-14 08:23:52,822 INFO     ___FILE_ONLY___ 

2022-11-14 08:23:52,822 INFO     ___FILE_ONLY___ jen-pxc-1266-cdf39717-4-cluster4
2022-11-14 08:23:52,822 INFO     ___FILE_ONLY___    
2022-11-14 08:23:52,822 INFO     ___FILE_ONLY___ us-central1-a
2022-11-14 08:23:52,822 INFO     ___FILE_ONLY___    
2022-11-14 08:23:52,822 INFO     ___FILE_ONLY___ 1.21.14-gke.8500
2022-11-14 08:23:52,822 INFO     ___FILE_ONLY___   
2022-11-14 08:23:52,822 INFO     ___FILE_ONLY___ 35.194.3.50
2022-11-14 08:23:52,822 INFO     ___FILE_ONLY___       
2022-11-14 08:23:52,822 INFO     ___FILE_ONLY___ n1-standard-4
2022-11-14 08:23:52,822 INFO     ___FILE_ONLY___   
2022-11-14 08:23:52,822 INFO     ___FILE_ONLY___ 1.21.14-gke.8500
2022-11-14 08:23:52,822 INFO     ___FILE_ONLY___     
2022-11-14 08:23:52,822 INFO     ___FILE_ONLY___ 3
2022-11-14 08:23:52,822 INFO     ___FILE_ONLY___           
2022-11-14 08:23:52,822 INFO     ___FILE_ONLY___ RUNNING
2022-11-14 08:23:52,822 INFO     ___FILE_ONLY___ 

2022-11-14 08:23:52,822 INFO     ___FILE_ONLY___ jen-pxc-1266-cdf39717-4-cluster5
2022-11-14 08:23:52,822 INFO     ___FILE_ONLY___    
2022-11-14 08:23:52,822 INFO     ___FILE_ONLY___ us-central1-a
2022-11-14 08:23:52,822 INFO     ___FILE_ONLY___    
2022-11-14 08:23:52,822 INFO     ___FILE_ONLY___ 1.21.14-gke.8500
2022-11-14 08:23:52,822 INFO     ___FILE_ONLY___   
2022-11-14 08:23:52,822 INFO     ___FILE_ONLY___ 104.197.98.224
2022-11-14 08:23:52,823 INFO     ___FILE_ONLY___    
2022-11-14 08:23:52,823 INFO     ___FILE_ONLY___ n1-standard-4
2022-11-14 08:23:52,823 INFO     ___FILE_ONLY___   
2022-11-14 08:23:52,823 INFO     ___FILE_ONLY___ 1.21.14-gke.8500
2022-11-14 08:23:52,823 INFO     ___FILE_ONLY___     
2022-11-14 08:23:52,823 INFO     ___FILE_ONLY___ 3
2022-11-14 08:23:52,823 INFO     ___FILE_ONLY___           
2022-11-14 08:23:52,823 INFO     ___FILE_ONLY___ RUNNING
2022-11-14 08:23:52,823 INFO     ___FILE_ONLY___ 

2022-11-14 08:23:52,823 INFO     ___FILE_ONLY___ jen-pxc-1266-cdf39717-4-cluster6
2022-11-14 08:23:52,823 INFO     ___FILE_ONLY___    
2022-11-14 08:23:52,823 INFO     ___FILE_ONLY___ us-central1-a
2022-11-14 08:23:52,823 INFO     ___FILE_ONLY___    
2022-11-14 08:23:52,823 INFO     ___FILE_ONLY___ 1.21.14-gke.8500
2022-11-14 08:23:52,823 INFO     ___FILE_ONLY___   
2022-11-14 08:23:52,823 INFO     ___FILE_ONLY___ 34.27.110.59
2022-11-14 08:23:52,823 INFO     ___FILE_ONLY___      
2022-11-14 08:23:52,823 INFO     ___FILE_ONLY___ n1-standard-4
2022-11-14 08:23:52,823 INFO     ___FILE_ONLY___   
2022-11-14 08:23:52,823 INFO     ___FILE_ONLY___ 1.21.14-gke.8500
2022-11-14 08:23:52,823 INFO     ___FILE_ONLY___     
2022-11-14 08:23:52,823 INFO     ___FILE_ONLY___ 3
2022-11-14 08:23:52,823 INFO     ___FILE_ONLY___           
2022-11-14 08:23:52,823 INFO     ___FILE_ONLY___ RUNNING
2022-11-14 08:23:52,823 INFO     ___FILE_ONLY___ 

2022-11-14 08:23:52,823 INFO     ___FILE_ONLY___ jen-pxc-1266-cdf39717-4-cluster7
2022-11-14 08:23:52,823 INFO     ___FILE_ONLY___    
2022-11-14 08:23:52,823 INFO     ___FILE_ONLY___ us-central1-a
2022-11-14 08:23:52,823 INFO     ___FILE_ONLY___    
2022-11-14 08:23:52,823 INFO     ___FILE_ONLY___ 1.21.14-gke.8500
2022-11-14 08:23:52,823 INFO     ___FILE_ONLY___   
2022-11-14 08:23:52,823 INFO     ___FILE_ONLY___ 35.202.122.111
2022-11-14 08:23:52,823 INFO     ___FILE_ONLY___    
2022-11-14 08:23:52,823 INFO     ___FILE_ONLY___ n1-standard-4
2022-11-14 08:23:52,823 INFO     ___FILE_ONLY___   
2022-11-14 08:23:52,823 INFO     ___FILE_ONLY___ 1.21.14-gke.8500
2022-11-14 08:23:52,823 INFO     ___FILE_ONLY___     
2022-11-14 08:23:52,823 INFO     ___FILE_ONLY___ 3
2022-11-14 08:23:52,823 INFO     ___FILE_ONLY___           
2022-11-14 08:23:52,823 INFO     ___FILE_ONLY___ RUNNING
2022-11-14 08:23:52,823 INFO     ___FILE_ONLY___ 

2022-11-14 08:23:52,823 INFO     ___FILE_ONLY___ jen-pxc-1266-cdf39717-4-cluster8
2022-11-14 08:23:52,823 INFO     ___FILE_ONLY___    
2022-11-14 08:23:52,823 INFO     ___FILE_ONLY___ us-central1-a
2022-11-14 08:23:52,823 INFO     ___FILE_ONLY___    
2022-11-14 08:23:52,823 INFO     ___FILE_ONLY___ 1.21.14-gke.8500
2022-11-14 08:23:52,823 INFO     ___FILE_ONLY___   
2022-11-14 08:23:52,823 INFO     ___FILE_ONLY___ 34.135.233.152
2022-11-14 08:23:52,823 INFO     ___FILE_ONLY___    
2022-11-14 08:23:52,824 INFO     ___FILE_ONLY___ n1-standard-4
2022-11-14 08:23:52,824 INFO     ___FILE_ONLY___   
2022-11-14 08:23:52,824 INFO     ___FILE_ONLY___ 1.21.14-gke.8500
2022-11-14 08:23:52,824 INFO     ___FILE_ONLY___     
2022-11-14 08:23:52,824 INFO     ___FILE_ONLY___ 3
2022-11-14 08:23:52,824 INFO     ___FILE_ONLY___           
2022-11-14 08:23:52,824 INFO     ___FILE_ONLY___ RUNNING
2022-11-14 08:23:52,824 INFO     ___FILE_ONLY___ 

2022-11-14 08:23:52,824 INFO     ___FILE_ONLY___ jen-pxc-1266-cdf39717-4-cluster9
2022-11-14 08:23:52,824 INFO     ___FILE_ONLY___    
2022-11-14 08:23:52,824 INFO     ___FILE_ONLY___ us-central1-a
2022-11-14 08:23:52,824 INFO     ___FILE_ONLY___    
2022-11-14 08:23:52,824 INFO     ___FILE_ONLY___ 1.21.14-gke.8500
2022-11-14 08:23:52,824 INFO     ___FILE_ONLY___   
2022-11-14 08:23:52,824 INFO     ___FILE_ONLY___ 34.134.1.80
2022-11-14 08:23:52,824 INFO     ___FILE_ONLY___       
2022-11-14 08:23:52,824 INFO     ___FILE_ONLY___ n1-standard-4
2022-11-14 08:23:52,824 INFO     ___FILE_ONLY___   
2022-11-14 08:23:52,824 INFO     ___FILE_ONLY___ 1.21.14-gke.8500
2022-11-14 08:23:52,824 INFO     ___FILE_ONLY___     
2022-11-14 08:23:52,824 INFO     ___FILE_ONLY___ 3
2022-11-14 08:23:52,824 INFO     ___FILE_ONLY___           
2022-11-14 08:23:52,824 INFO     ___FILE_ONLY___ RUNNING
2022-11-14 08:23:52,824 INFO     ___FILE_ONLY___ 

2022-11-14 08:23:52,824 INFO     ___FILE_ONLY___ jen-pxc-1268-7c13c4bc-3-cluster5
2022-11-14 08:23:52,824 INFO     ___FILE_ONLY___    
2022-11-14 08:23:52,824 INFO     ___FILE_ONLY___ us-central1-a
2022-11-14 08:23:52,824 INFO     ___FILE_ONLY___    
2022-11-14 08:23:52,824 INFO     ___FILE_ONLY___ 1.21.14-gke.8500
2022-11-14 08:23:52,824 INFO     ___FILE_ONLY___   
2022-11-14 08:23:52,824 INFO     ___FILE_ONLY___ 35.223.138.146
2022-11-14 08:23:52,824 INFO     ___FILE_ONLY___    
2022-11-14 08:23:52,824 INFO     ___FILE_ONLY___ n1-standard-4
2022-11-14 08:23:52,824 INFO     ___FILE_ONLY___   
2022-11-14 08:23:52,824 INFO     ___FILE_ONLY___ 1.21.14-gke.8500
2022-11-14 08:23:52,824 INFO     ___FILE_ONLY___     
2022-11-14 08:23:52,824 INFO     ___FILE_ONLY___ 3
2022-11-14 08:23:52,824 INFO     ___FILE_ONLY___           
2022-11-14 08:23:52,824 INFO     ___FILE_ONLY___ RUNNING
2022-11-14 08:23:52,824 INFO     ___FILE_ONLY___ 

2022-11-14 08:23:52,824 INFO     ___FILE_ONLY___ jen-pxc-1268-7c13c4bc-3-cluster7
2022-11-14 08:23:52,824 INFO     ___FILE_ONLY___    
2022-11-14 08:23:52,825 INFO     ___FILE_ONLY___ us-central1-a
2022-11-14 08:23:52,825 INFO     ___FILE_ONLY___    
2022-11-14 08:23:52,825 INFO     ___FILE_ONLY___ 1.21.14-gke.8500
2022-11-14 08:23:52,825 INFO     ___FILE_ONLY___   
2022-11-14 08:23:52,825 INFO     ___FILE_ONLY___ 35.193.149.122
2022-11-14 08:23:52,825 INFO     ___FILE_ONLY___    
2022-11-14 08:23:52,825 INFO     ___FILE_ONLY___ n1-standard-4
2022-11-14 08:23:52,825 INFO     ___FILE_ONLY___   
2022-11-14 08:23:52,825 INFO     ___FILE_ONLY___ 1.21.14-gke.8500
2022-11-14 08:23:52,825 INFO     ___FILE_ONLY___     
2022-11-14 08:23:52,825 INFO     ___FILE_ONLY___ 3
2022-11-14 08:23:52,825 INFO     ___FILE_ONLY___           
2022-11-14 08:23:52,825 INFO     ___FILE_ONLY___ RUNNING
2022-11-14 08:23:52,825 INFO     ___FILE_ONLY___ 

2022-11-14 08:23:52,825 INFO     ___FILE_ONLY___ natali-22
2022-11-14 08:23:52,825 INFO     ___FILE_ONLY___                           
2022-11-14 08:23:52,825 INFO     ___FILE_ONLY___ us-central1-c
2022-11-14 08:23:52,825 INFO     ___FILE_ONLY___    
2022-11-14 08:23:52,825 INFO     ___FILE_ONLY___ 1.22.15-gke.1000
2022-11-14 08:23:52,825 INFO     ___FILE_ONLY___   
2022-11-14 08:23:52,825 INFO     ___FILE_ONLY___ 35.202.158.203
2022-11-14 08:23:52,825 INFO     ___FILE_ONLY___    
2022-11-14 08:23:52,825 INFO     ___FILE_ONLY___ n1-standard-4
2022-11-14 08:23:52,825 INFO     ___FILE_ONLY___   
2022-11-14 08:23:52,825 INFO     ___FILE_ONLY___ 1.22.15-gke.1000
2022-11-14 08:23:52,825 INFO     ___FILE_ONLY___     
2022-11-14 08:23:52,825 INFO     ___FILE_ONLY___ 3
2022-11-14 08:23:52,825 INFO     ___FILE_ONLY___           
2022-11-14 08:23:52,825 INFO     ___FILE_ONLY___ RUNNING
2022-11-14 08:23:52,825 INFO     ___FILE_ONLY___ 

2022-11-14 08:23:52,825 INFO     ___FILE_ONLY___ 
* - There is an upgrade available for your cluster(s).

To upgrade nodes to the latest available version, run
  $ gcloud container clusters upgrade NAME

2022-11-14 08:23:52,826 INFO     ___FILE_ONLY___ 

Updates are available for some Google Cloud CLI components.  To install them,
please run:
  $ gcloud components update


2022-11-14 08:23:52,833 DEBUG    root            Metrics reporting process started...
