2022-11-14 09:02:53,085 DEBUG    root            Loaded Command Group: ['gcloud', 'config']
2022-11-14 09:02:53,087 DEBUG    root            Loaded Command Group: ['gcloud', 'config', 'config_helper']
2022-11-14 09:02:53,088 DEBUG    root            Running [gcloud.config.config-helper] with arguments: [--format: "json"]
2022-11-14 09:02:53,101 DEBUG    google.auth.transport.requests Making request: POST https://oauth2.googleapis.com/token
2022-11-14 09:02:53,113 DEBUG    urllib3.connectionpool Starting new HTTPS connection (1): oauth2.googleapis.com:443
2022-11-14 09:02:53,267 DEBUG    urllib3.connectionpool https://oauth2.googleapis.com:443 "POST /token HTTP/1.1" 200 None
2022-11-14 09:02:53,270 INFO     root            Display format: "default json"
2022-11-14 09:02:53,270 INFO     ___FILE_ONLY___ {
  "configuration": {
    "active_configuration": "percona-cloud-dev",
    "properties": {
      "core": {
        "account": "inel.pandzic@percona.com",
        "disable_usage_reporting": "False",
        "project": "cloud-dev-112233"
      }
    }
  },
  "credential": {
    "access_token": "ya29.a0AeTM1ifJi9KByL9Sz3yJ8op_hn6VSQTSxB7pd9n7krw1XHkAz8PT-Q1JpY5jDetfjO1VMcSgWcGJJ00lT1xyH-DkIEAuAnbi_l5ju3Kp7QM62XX1fGHg35Wb2wf8QJj8_2WOJwYcylmhKV7y2EnCr7ZUw-NjGa8pg6vVBK0aCgYKARQSARESFQHWtWOmFrrEqPN1RV7x9ZSDn5yptg0174",
    "id_token": "eyJhbGciOiJSUzI1NiIsImtpZCI6IjcxM2ZkNjhjOTY2ZTI5MzgwOTgxZWRjMDE2NGEyZjZjMDZjNTcwMmEiLCJ0eXAiOiJKV1QifQ.eyJpc3MiOiJodHRwczovL2FjY291bnRzLmdvb2dsZS5jb20iLCJhenAiOiIzMjU1NTk0MDU1OS5hcHBzLmdvb2dsZXVzZXJjb250ZW50LmNvbSIsImF1ZCI6IjMyNTU1OTQwNTU5LmFwcHMuZ29vZ2xldXNlcmNvbnRlbnQuY29tIiwic3ViIjoiMTA3NDA5ODEzMzQ0NTU5NDQzNDA3IiwiaGQiOiJwZXJjb25hLmNvbSIsImVtYWlsIjoiaW5lbC5wYW5kemljQHBlcmNvbmEuY29tIiwiZW1haWxfdmVyaWZpZWQiOnRydWUsImF0X2hhc2giOiJvdjQ2ZlZJUTJsWnFhUmtTSFZvZ013IiwiaWF0IjoxNjY4NDEyOTczLCJleHAiOjE2Njg0MTY1NzN9.WjNmrmKrs1rsjcYV47YfXXDADWCrfzEpClJY_WzEoUTJEjdxRV5ogVc8w09yg3X7hxpIpeyIYlaPX4jTHS63zjWPGSsYema9pdVKLhsa2Au7leDwwfdp_8Hhw2wR-RILuKl3lBYQNzLldS68qjGlz6oFwR_qQ0EO5o-sW9ORiVq7lficAK9tL3hjK72M9k1wExrSyrjHNiNrpGRrQw0lWcNQKOm0XRlABXkMSIqSBc-UlZN4hsVoOYYwbfGzLiHZpUc8UWR91IwmTrRSD07M8TwYS1uE7n-emeYtQhLUms3cAkuYEjJPvhON01ACCwuQ2Z8yeupGcT9Sc-Yq0oMqZw",
    "token_expiry": "2022-11-14T09:02:52Z"
  },
  "sentinels": {
    "config_sentinel": "/Users/inelpandzic/.config/gcloud/config_sentinel"
  }
}
2022-11-14 09:02:53,270 INFO     ___FILE_ONLY___ 

2022-11-14 09:02:53,387 DEBUG    root            Metrics reporting process started...
