2022-11-14 10:05:58,891 DEBUG    root            Loaded Command Group: ['gcloud', 'config']
2022-11-14 10:05:58,893 DEBUG    root            Loaded Command Group: ['gcloud', 'config', 'config_helper']
2022-11-14 10:05:58,894 DEBUG    root            Running [gcloud.config.config-helper] with arguments: [--format: "json"]
2022-11-14 10:05:58,912 DEBUG    google.auth.transport.requests Making request: POST https://oauth2.googleapis.com/token
2022-11-14 10:05:58,926 DEBUG    urllib3.connectionpool Starting new HTTPS connection (1): oauth2.googleapis.com:443
2022-11-14 10:05:59,080 DEBUG    urllib3.connectionpool https://oauth2.googleapis.com:443 "POST /token HTTP/1.1" 200 None
2022-11-14 10:05:59,083 INFO     root            Display format: "default json"
2022-11-14 10:05:59,083 INFO     ___FILE_ONLY___ {
  "configuration": {
    "active_configuration": "percona-cloud-dev",
    "properties": {
      "core": {
        "account": "inel.pandzic@percona.com",
        "disable_usage_reporting": "False",
        "project": "cloud-dev-112233"
      }
    }
  },
  "credential": {
    "access_token": "ya29.a0AeTM1idhjt6SwmHGsgLmBxsp5LaDWOnyR2Q_Ni3kLiZtdpuOXhB7KefmayA_KaEMPm690JlEID32rnk9MJbZaaECo_yJiOpYDowGhaQZaPnLKKZId6ta2SUoS1IIto7flnsiGsWGgfo8WqwXwExeW2QwjZNC-UuhYxJTKvsaCgYKAWQSARESFQHWtWOmZuLRZb4RjPZEQ58sl1-9eA0174",
    "id_token": "eyJhbGciOiJSUzI1NiIsImtpZCI6IjcxM2ZkNjhjOTY2ZTI5MzgwOTgxZWRjMDE2NGEyZjZjMDZjNTcwMmEiLCJ0eXAiOiJKV1QifQ.eyJpc3MiOiJodHRwczovL2FjY291bnRzLmdvb2dsZS5jb20iLCJhenAiOiIzMjU1NTk0MDU1OS5hcHBzLmdvb2dsZXVzZXJjb250ZW50LmNvbSIsImF1ZCI6IjMyNTU1OTQwNTU5LmFwcHMuZ29vZ2xldXNlcmNvbnRlbnQuY29tIiwic3ViIjoiMTA3NDA5ODEzMzQ0NTU5NDQzNDA3IiwiaGQiOiJwZXJjb25hLmNvbSIsImVtYWlsIjoiaW5lbC5wYW5kemljQHBlcmNvbmEuY29tIiwiZW1haWxfdmVyaWZpZWQiOnRydWUsImF0X2hhc2giOiJJODBXUEFsOW1WRFNhaWE1ZVpfZFV3IiwiaWF0IjoxNjY4NDE2NzU5LCJleHAiOjE2Njg0MjAzNTl9.in8vGzAcQ77zokgZUdFGoCCAh6YXcsXHnqiMoPGIQfm9Y4MwZYG4JnXq-Y2j4bJx09CSf3PHOXd5Mz8R3LDn0wyBqG-wPcExUIAqhIiVEPqV8OLnVjXzGCIi06BjWWdZxjwDi0VG-M0yoQBnXOPKCLf_0Vx-FuL1TFyzEnLZlOxYSAbNe5MBe_t4Yf5shp2Sa5v9wS54NflXboknV-xmCFl2jiXXCsW3VnEW1MWDzSPLC8VkRJk-0NvOmkHGgbJtQ6O2Rt3auH0LsGyGfxk7eQy9KXLiTbzRvDoieq-Zu3vvgmzr9h0mwg2BtFzd5vLWw66qSglV7_8SMBjfWVpvOw",
    "token_expiry": "2022-11-14T10:05:58Z"
  },
  "sentinels": {
    "config_sentinel": "/Users/inelpandzic/.config/gcloud/config_sentinel"
  }
}
2022-11-14 10:05:59,083 INFO     ___FILE_ONLY___ 

2022-11-14 10:05:59,094 DEBUG    root            Metrics reporting process started...
