2022-11-14 12:40:32,795 DEBUG    root            Loaded Command Group: ['gcloud', 'config']
2022-11-14 12:40:32,797 DEBUG    root            Loaded Command Group: ['gcloud', 'config', 'config_helper']
2022-11-14 12:40:32,798 DEBUG    root            Running [gcloud.config.config-helper] with arguments: [--format: "json"]
2022-11-14 12:40:32,808 DEBUG    google.auth.transport.requests Making request: POST https://oauth2.googleapis.com/token
2022-11-14 12:40:32,823 DEBUG    urllib3.connectionpool Starting new HTTPS connection (1): oauth2.googleapis.com:443
2022-11-14 12:40:32,968 DEBUG    urllib3.connectionpool https://oauth2.googleapis.com:443 "POST /token HTTP/1.1" 200 None
2022-11-14 12:40:32,971 INFO     root            Display format: "default json"
2022-11-14 12:40:32,971 INFO     ___FILE_ONLY___ {
  "configuration": {
    "active_configuration": "percona-cloud-dev",
    "properties": {
      "core": {
        "account": "inel.pandzic@percona.com",
        "disable_usage_reporting": "False",
        "project": "cloud-dev-112233"
      }
    }
  },
  "credential": {
    "access_token": "ya29.a0AeTM1icYcUS8EzUJgLBhIP0ZAZWzLn67HcNK6ZfNep9ZiPGOL6zQlFHtulOM_nO_IMq-r7sN8O7aovPjb3Afnp3SuiPo9DsteiTUapM4dx592EvWYHESCROZEzkfyyLCKQZi9Q5Bp1FgmDmvhea_yALz47A2y4A1enLiTosaCgYKATsSARESFQHWtWOmoESRPoVphcX9NPEcKS87Zw0174",
    "id_token": "eyJhbGciOiJSUzI1NiIsImtpZCI6IjcxM2ZkNjhjOTY2ZTI5MzgwOTgxZWRjMDE2NGEyZjZjMDZjNTcwMmEiLCJ0eXAiOiJKV1QifQ.eyJpc3MiOiJodHRwczovL2FjY291bnRzLmdvb2dsZS5jb20iLCJhenAiOiIzMjU1NTk0MDU1OS5hcHBzLmdvb2dsZXVzZXJjb250ZW50LmNvbSIsImF1ZCI6IjMyNTU1OTQwNTU5LmFwcHMuZ29vZ2xldXNlcmNvbnRlbnQuY29tIiwic3ViIjoiMTA3NDA5ODEzMzQ0NTU5NDQzNDA3IiwiaGQiOiJwZXJjb25hLmNvbSIsImVtYWlsIjoiaW5lbC5wYW5kemljQHBlcmNvbmEuY29tIiwiZW1haWxfdmVyaWZpZWQiOnRydWUsImF0X2hhc2giOiJXN3VYRXhhNExrWXpCY1J3Qm10TzFRIiwiaWF0IjoxNjY4NDI2MDMyLCJleHAiOjE2Njg0Mjk2MzJ9.byTZR04vIIeHNCprlDG3eAslUi2RK6d89gvw4QsLKHD_pR0q1fumoqwn107c7G23G0OBtIrXZ29ckp_IMij3nlp4iGPWuttFbZDFqKbamf_T2sR6hbjzYnvtu34OJN7S0uKEEgGUeRGIzkTXHQWswtRh0QNotiCkO6lNWH9OJVMr9vGbceIjL6pmTleiPnT54DDYnLeOjrbAF971zUHLdKYGzk98BBrigcBKnGiqzh_r4M-E6UwJGQhvYSidmIGZwNK1zJojHwxq0O-5AYrIeGZlItofZZSZC0Dxmi1yO-7NPDEm-fK6Ku_9IP7WvR537Q68qUb9z8Rl1yer-Ch25A",
    "token_expiry": "2022-11-14T12:40:31Z"
  },
  "sentinels": {
    "config_sentinel": "/Users/inelpandzic/.config/gcloud/config_sentinel"
  }
}
2022-11-14 12:40:32,971 INFO     ___FILE_ONLY___ 

2022-11-14 12:40:32,977 DEBUG    root            Metrics reporting process started...
