2022-11-14 17:16:12,208 DEBUG    root            Loaded Command Group: ['gcloud', 'config']
2022-11-14 17:16:12,209 DEBUG    root            Loaded Command Group: ['gcloud', 'config', 'config_helper']
2022-11-14 17:16:12,210 DEBUG    root            Running [gcloud.config.config-helper] with arguments: [--format: "json"]
2022-11-14 17:16:12,223 DEBUG    google.auth.transport.requests Making request: POST https://oauth2.googleapis.com/token
2022-11-14 17:16:12,242 DEBUG    urllib3.connectionpool Starting new HTTPS connection (1): oauth2.googleapis.com:443
2022-11-14 17:16:12,395 DEBUG    urllib3.connectionpool https://oauth2.googleapis.com:443 "POST /token HTTP/1.1" 200 None
2022-11-14 17:16:12,398 INFO     root            Display format: "default json"
2022-11-14 17:16:12,399 INFO     ___FILE_ONLY___ {
  "configuration": {
    "active_configuration": "percona-cloud-dev",
    "properties": {
      "core": {
        "account": "inel.pandzic@percona.com",
        "disable_usage_reporting": "False",
        "project": "cloud-dev-112233"
      }
    }
  },
  "credential": {
    "access_token": "ya29.a0AeTM1icmI9YMx8CntvyFa78SatWtPcEea_j3VnOhWH5HvRZfC8fXSubmx9zX6v-Ho6SqlLOObDK1C9smoAFzmqo37qqJmY5YcluuiozGj-uvTSSrEt5lzzM93A3Yodj-zuBSdquZ_ZGtxMm4MM6lBCoBWLpHX2q9PBF0nYsaCgYKAQ0SARESFQHWtWOmh-EyZTOPvC50XgsGApbArg0174",
    "id_token": "eyJhbGciOiJSUzI1NiIsImtpZCI6IjcxM2ZkNjhjOTY2ZTI5MzgwOTgxZWRjMDE2NGEyZjZjMDZjNTcwMmEiLCJ0eXAiOiJKV1QifQ.eyJpc3MiOiJodHRwczovL2FjY291bnRzLmdvb2dsZS5jb20iLCJhenAiOiIzMjU1NTk0MDU1OS5hcHBzLmdvb2dsZXVzZXJjb250ZW50LmNvbSIsImF1ZCI6IjMyNTU1OTQwNTU5LmFwcHMuZ29vZ2xldXNlcmNvbnRlbnQuY29tIiwic3ViIjoiMTA3NDA5ODEzMzQ0NTU5NDQzNDA3IiwiaGQiOiJwZXJjb25hLmNvbSIsImVtYWlsIjoiaW5lbC5wYW5kemljQHBlcmNvbmEuY29tIiwiZW1haWxfdmVyaWZpZWQiOnRydWUsImF0X2hhc2giOiJSRjVnTTZVTzAzdUw5bjZPZXBOZ1d3IiwiaWF0IjoxNjY4NDQyNTcyLCJleHAiOjE2Njg0NDYxNzJ9.bwPdocmjOy0-tMaDeZ_svFHpEz1-Ys-FUKnSuLxFMRjoahbMrXDZXpQcARO52U6_dnvfvyJ9Ia6NLXpo5GCQyhhTQ5zt_5VNTMzpaUe8gnrCOCS3ROXBOjJgrapKSCxFr5IKFvDvcvj5xt-uO06O4RdhMJh7_oRXGPofCDKJDC2uXFyAM1D6OB2mLClqLDr7RFcH4Qsqw5dLHzdljM-RSvx5SvEobP0jdQ6iieu3aulu8hz7pgawniMv4za5KWKPzKTP5Za-TjkK_DrQ7ykNQ9vFBfmMveONz9cnwkHDeazpaqc2_-ntn_-uI9UgZNr1BtrRVxGQCrvpGsgvnGM2dw",
    "token_expiry": "2022-11-14T17:16:11Z"
  },
  "sentinels": {
    "config_sentinel": "/Users/inelpandzic/.config/gcloud/config_sentinel"
  }
}
2022-11-14 17:16:12,399 INFO     ___FILE_ONLY___ 

2022-11-14 17:16:12,405 DEBUG    root            Metrics reporting process started...
