2022-11-14 17:38:10,880 DEBUG    root            Loaded Command Group: ['gcloud', 'container', 'clusters']
2022-11-14 17:38:10,883 DEBUG    root            Loaded Command Group: ['gcloud', 'container', 'clusters', 'list']
2022-11-14 17:38:10,907 DEBUG    root            Running [gcloud.container.clusters.list] with arguments: []
2022-11-14 17:38:10,950 DEBUG    urllib3.connectionpool Starting new HTTPS connection (1): container.googleapis.com:443
2022-11-14 17:38:11,572 DEBUG    urllib3.connectionpool https://container.googleapis.com:443 "GET /v1/projects/cloud-dev-112233/locations/-/clusters?alt=json HTTP/1.1" 200 None
2022-11-14 17:38:11,640 INFO     root            Display format: "
    table(
        name,
        zone:label=LOCATION,
        master_version():label=MASTER_VERSION,
        endpoint:label=MASTER_IP,
        nodePools[0].config.machineType,
        currentNodeVersion:label=NODE_VERSION,
        firstof(currentNodeCount,initialNodeCount):label=NUM_NODES,
        status
    )
"
2022-11-14 17:38:11,662 INFO     ___FILE_ONLY___ NAME
2022-11-14 17:38:11,662 INFO     ___FILE_ONLY___                               
2022-11-14 17:38:11,662 INFO     ___FILE_ONLY___ LOCATION
2022-11-14 17:38:11,662 INFO     ___FILE_ONLY___         
2022-11-14 17:38:11,662 INFO     ___FILE_ONLY___ MASTER_VERSION
2022-11-14 17:38:11,663 INFO     ___FILE_ONLY___     
2022-11-14 17:38:11,663 INFO     ___FILE_ONLY___ MASTER_IP
2022-11-14 17:38:11,663 INFO     ___FILE_ONLY___        
2022-11-14 17:38:11,663 INFO     ___FILE_ONLY___ MACHINE_TYPE
2022-11-14 17:38:11,663 INFO     ___FILE_ONLY___    
2022-11-14 17:38:11,663 INFO     ___FILE_ONLY___ NODE_VERSION
2022-11-14 17:38:11,663 INFO     ___FILE_ONLY___         
2022-11-14 17:38:11,663 INFO     ___FILE_ONLY___ NUM_NODES
2022-11-14 17:38:11,663 INFO     ___FILE_ONLY___   
2022-11-14 17:38:11,663 INFO     ___FILE_ONLY___ STATUS
2022-11-14 17:38:11,663 INFO     ___FILE_ONLY___ 

2022-11-14 17:38:11,663 INFO     ___FILE_ONLY___ andrii-7664
2022-11-14 17:38:11,663 INFO     ___FILE_ONLY___                        
2022-11-14 17:38:11,663 INFO     ___FILE_ONLY___ europe-west1-c
2022-11-14 17:38:11,663 INFO     ___FILE_ONLY___   
2022-11-14 17:38:11,663 INFO     ___FILE_ONLY___ 1.22.12-gke.2300
2022-11-14 17:38:11,663 INFO     ___FILE_ONLY___   
2022-11-14 17:38:11,663 INFO     ___FILE_ONLY___ 34.78.234.85
2022-11-14 17:38:11,663 INFO     ___FILE_ONLY___     
2022-11-14 17:38:11,663 INFO     ___FILE_ONLY___ n1-standard-4
2022-11-14 17:38:11,663 INFO     ___FILE_ONLY___   
2022-11-14 17:38:11,663 INFO     ___FILE_ONLY___ 1.21.14-gke.8500 *
2022-11-14 17:38:11,663 INFO     ___FILE_ONLY___   
2022-11-14 17:38:11,663 INFO     ___FILE_ONLY___ 3
2022-11-14 17:38:11,663 INFO     ___FILE_ONLY___           
2022-11-14 17:38:11,663 INFO     ___FILE_ONLY___ RUNNING
2022-11-14 17:38:11,663 INFO     ___FILE_ONLY___ 

2022-11-14 17:38:11,663 INFO     ___FILE_ONLY___ ege-17264
2022-11-14 17:38:11,663 INFO     ___FILE_ONLY___                          
2022-11-14 17:38:11,663 INFO     ___FILE_ONLY___ europe-west3
2022-11-14 17:38:11,663 INFO     ___FILE_ONLY___     
2022-11-14 17:38:11,663 INFO     ___FILE_ONLY___ 1.25.2-gke.1700
2022-11-14 17:38:11,663 INFO     ___FILE_ONLY___    
2022-11-14 17:38:11,663 INFO     ___FILE_ONLY___ 35.198.91.179
2022-11-14 17:38:11,663 INFO     ___FILE_ONLY___    
2022-11-14 17:38:11,663 INFO     ___FILE_ONLY___ n1-standard-4
2022-11-14 17:38:11,664 INFO     ___FILE_ONLY___   
2022-11-14 17:38:11,664 INFO     ___FILE_ONLY___ 1.25.2-gke.1700
2022-11-14 17:38:11,664 INFO     ___FILE_ONLY___      
2022-11-14 17:38:11,664 INFO     ___FILE_ONLY___ 3
2022-11-14 17:38:11,664 INFO     ___FILE_ONLY___           
2022-11-14 17:38:11,664 INFO     ___FILE_ONLY___ RUNNING
2022-11-14 17:38:11,664 INFO     ___FILE_ONLY___ 

2022-11-14 17:38:11,664 INFO     ___FILE_ONLY___ slava-pxc
2022-11-14 17:38:11,664 INFO     ___FILE_ONLY___                          
2022-11-14 17:38:11,664 INFO     ___FILE_ONLY___ europe-west3-a
2022-11-14 17:38:11,664 INFO     ___FILE_ONLY___   
2022-11-14 17:38:11,664 INFO     ___FILE_ONLY___ 1.21.14-gke.8500
2022-11-14 17:38:11,664 INFO     ___FILE_ONLY___   
2022-11-14 17:38:11,664 INFO     ___FILE_ONLY___ 35.246.253.15
2022-11-14 17:38:11,664 INFO     ___FILE_ONLY___    
2022-11-14 17:38:11,664 INFO     ___FILE_ONLY___ n1-standard-4
2022-11-14 17:38:11,664 INFO     ___FILE_ONLY___   
2022-11-14 17:38:11,664 INFO     ___FILE_ONLY___ 1.21.14-gke.8500
2022-11-14 17:38:11,664 INFO     ___FILE_ONLY___     
2022-11-14 17:38:11,664 INFO     ___FILE_ONLY___ 3
2022-11-14 17:38:11,664 INFO     ___FILE_ONLY___           
2022-11-14 17:38:11,664 INFO     ___FILE_ONLY___ RUNNING
2022-11-14 17:38:11,664 INFO     ___FILE_ONLY___ 

2022-11-14 17:38:11,664 INFO     ___FILE_ONLY___ inel-24724
2022-11-14 17:38:11,664 INFO     ___FILE_ONLY___                         
2022-11-14 17:38:11,664 INFO     ___FILE_ONLY___ europe-west3-b
2022-11-14 17:38:11,664 INFO     ___FILE_ONLY___   
2022-11-14 17:38:11,664 INFO     ___FILE_ONLY___ 1.21.14-gke.8500
2022-11-14 17:38:11,664 INFO     ___FILE_ONLY___   
2022-11-14 17:38:11,664 INFO     ___FILE_ONLY___ 34.89.208.182
2022-11-14 17:38:11,664 INFO     ___FILE_ONLY___    
2022-11-14 17:38:11,664 INFO     ___FILE_ONLY___ n1-standard-4
2022-11-14 17:38:11,664 INFO     ___FILE_ONLY___   
2022-11-14 17:38:11,664 INFO     ___FILE_ONLY___ 1.21.14-gke.8500
2022-11-14 17:38:11,664 INFO     ___FILE_ONLY___     
2022-11-14 17:38:11,664 INFO     ___FILE_ONLY___ 3
2022-11-14 17:38:11,664 INFO     ___FILE_ONLY___           
2022-11-14 17:38:11,664 INFO     ___FILE_ONLY___ RUNNING
2022-11-14 17:38:11,664 INFO     ___FILE_ONLY___ 

2022-11-14 17:38:11,664 INFO     ___FILE_ONLY___ max-30844
2022-11-14 17:38:11,664 INFO     ___FILE_ONLY___                          
2022-11-14 17:38:11,665 INFO     ___FILE_ONLY___ europe-west3-b
2022-11-14 17:38:11,665 INFO     ___FILE_ONLY___   
2022-11-14 17:38:11,665 INFO     ___FILE_ONLY___ 1.22.12-gke.2300
2022-11-14 17:38:11,665 INFO     ___FILE_ONLY___   
2022-11-14 17:38:11,665 INFO     ___FILE_ONLY___ 35.246.193.17
2022-11-14 17:38:11,665 INFO     ___FILE_ONLY___    
2022-11-14 17:38:11,665 INFO     ___FILE_ONLY___ n1-standard-4
2022-11-14 17:38:11,665 INFO     ___FILE_ONLY___   
2022-11-14 17:38:11,665 INFO     ___FILE_ONLY___ 1.22.12-gke.2300
2022-11-14 17:38:11,665 INFO     ___FILE_ONLY___     
2022-11-14 17:38:11,665 INFO     ___FILE_ONLY___ 3
2022-11-14 17:38:11,665 INFO     ___FILE_ONLY___           
2022-11-14 17:38:11,665 INFO     ___FILE_ONLY___ RUNNING
2022-11-14 17:38:11,665 INFO     ___FILE_ONLY___ 

2022-11-14 17:38:11,665 INFO     ___FILE_ONLY___ jen-pxc-1263-4063e10b-9-cluster2
2022-11-14 17:38:11,665 INFO     ___FILE_ONLY___   
2022-11-14 17:38:11,665 INFO     ___FILE_ONLY___ us-central1-a
2022-11-14 17:38:11,665 INFO     ___FILE_ONLY___    
2022-11-14 17:38:11,665 INFO     ___FILE_ONLY___ 1.21.14-gke.8500
2022-11-14 17:38:11,665 INFO     ___FILE_ONLY___   
2022-11-14 17:38:11,665 INFO     ___FILE_ONLY___ 34.123.32.86
2022-11-14 17:38:11,665 INFO     ___FILE_ONLY___     
2022-11-14 17:38:11,665 INFO     ___FILE_ONLY___ n1-standard-4
2022-11-14 17:38:11,665 INFO     ___FILE_ONLY___   
2022-11-14 17:38:11,665 INFO     ___FILE_ONLY___ 1.21.14-gke.8500
2022-11-14 17:38:11,665 INFO     ___FILE_ONLY___     
2022-11-14 17:38:11,665 INFO     ___FILE_ONLY___ 3
2022-11-14 17:38:11,665 INFO     ___FILE_ONLY___           
2022-11-14 17:38:11,665 INFO     ___FILE_ONLY___ RUNNING
2022-11-14 17:38:11,665 INFO     ___FILE_ONLY___ 

2022-11-14 17:38:11,665 INFO     ___FILE_ONLY___ jen-pxc-1263-4063e10b-9-cluster5
2022-11-14 17:38:11,665 INFO     ___FILE_ONLY___   
2022-11-14 17:38:11,665 INFO     ___FILE_ONLY___ us-central1-a
2022-11-14 17:38:11,665 INFO     ___FILE_ONLY___    
2022-11-14 17:38:11,665 INFO     ___FILE_ONLY___ 1.21.14-gke.8500
2022-11-14 17:38:11,665 INFO     ___FILE_ONLY___   
2022-11-14 17:38:11,665 INFO     ___FILE_ONLY___ 34.66.201.143
2022-11-14 17:38:11,665 INFO     ___FILE_ONLY___    
2022-11-14 17:38:11,665 INFO     ___FILE_ONLY___ n1-standard-4
2022-11-14 17:38:11,665 INFO     ___FILE_ONLY___   
2022-11-14 17:38:11,665 INFO     ___FILE_ONLY___ 1.21.14-gke.8500
2022-11-14 17:38:11,665 INFO     ___FILE_ONLY___     
2022-11-14 17:38:11,665 INFO     ___FILE_ONLY___ 3
2022-11-14 17:38:11,665 INFO     ___FILE_ONLY___           
2022-11-14 17:38:11,665 INFO     ___FILE_ONLY___ RUNNING
2022-11-14 17:38:11,666 INFO     ___FILE_ONLY___ 

2022-11-14 17:38:11,666 INFO     ___FILE_ONLY___ jen-pxc-1263-4063e10b-9-cluster7
2022-11-14 17:38:11,666 INFO     ___FILE_ONLY___   
2022-11-14 17:38:11,666 INFO     ___FILE_ONLY___ us-central1-a
2022-11-14 17:38:11,666 INFO     ___FILE_ONLY___    
2022-11-14 17:38:11,666 INFO     ___FILE_ONLY___ 1.21.14-gke.8500
2022-11-14 17:38:11,666 INFO     ___FILE_ONLY___   
2022-11-14 17:38:11,666 INFO     ___FILE_ONLY___ 35.224.31.33
2022-11-14 17:38:11,666 INFO     ___FILE_ONLY___     
2022-11-14 17:38:11,666 INFO     ___FILE_ONLY___ n1-standard-4
2022-11-14 17:38:11,666 INFO     ___FILE_ONLY___   
2022-11-14 17:38:11,666 INFO     ___FILE_ONLY___ 1.21.14-gke.8500
2022-11-14 17:38:11,666 INFO     ___FILE_ONLY___     
2022-11-14 17:38:11,666 INFO     ___FILE_ONLY___ 3
2022-11-14 17:38:11,666 INFO     ___FILE_ONLY___           
2022-11-14 17:38:11,666 INFO     ___FILE_ONLY___ RUNNING
2022-11-14 17:38:11,666 INFO     ___FILE_ONLY___ 

2022-11-14 17:38:11,666 INFO     ___FILE_ONLY___ jen-pxc-1263-4063e10b-9-cluster8
2022-11-14 17:38:11,666 INFO     ___FILE_ONLY___   
2022-11-14 17:38:11,666 INFO     ___FILE_ONLY___ us-central1-a
2022-11-14 17:38:11,666 INFO     ___FILE_ONLY___    
2022-11-14 17:38:11,666 INFO     ___FILE_ONLY___ 1.21.14-gke.8500
2022-11-14 17:38:11,666 INFO     ___FILE_ONLY___   
2022-11-14 17:38:11,666 INFO     ___FILE_ONLY___ 35.223.84.252
2022-11-14 17:38:11,666 INFO     ___FILE_ONLY___    
2022-11-14 17:38:11,666 INFO     ___FILE_ONLY___ n1-standard-4
2022-11-14 17:38:11,666 INFO     ___FILE_ONLY___   
2022-11-14 17:38:11,666 INFO     ___FILE_ONLY___ 1.21.14-gke.8500
2022-11-14 17:38:11,666 INFO     ___FILE_ONLY___     
2022-11-14 17:38:11,666 INFO     ___FILE_ONLY___ 3
2022-11-14 17:38:11,666 INFO     ___FILE_ONLY___           
2022-11-14 17:38:11,666 INFO     ___FILE_ONLY___ RUNNING
2022-11-14 17:38:11,666 INFO     ___FILE_ONLY___ 

2022-11-14 17:38:11,666 INFO     ___FILE_ONLY___ jen-pxc-1263-4063e10b-9-cluster9
2022-11-14 17:38:11,666 INFO     ___FILE_ONLY___   
2022-11-14 17:38:11,666 INFO     ___FILE_ONLY___ us-central1-a
2022-11-14 17:38:11,666 INFO     ___FILE_ONLY___    
2022-11-14 17:38:11,666 INFO     ___FILE_ONLY___ 1.21.14-gke.8500
2022-11-14 17:38:11,666 INFO     ___FILE_ONLY___   
2022-11-14 17:38:11,666 INFO     ___FILE_ONLY___ 34.72.206.126
2022-11-14 17:38:11,666 INFO     ___FILE_ONLY___    
2022-11-14 17:38:11,666 INFO     ___FILE_ONLY___ n1-standard-4
2022-11-14 17:38:11,666 INFO     ___FILE_ONLY___   
2022-11-14 17:38:11,666 INFO     ___FILE_ONLY___ 1.21.14-gke.8500
2022-11-14 17:38:11,666 INFO     ___FILE_ONLY___     
2022-11-14 17:38:11,666 INFO     ___FILE_ONLY___ 3
2022-11-14 17:38:11,666 INFO     ___FILE_ONLY___           
2022-11-14 17:38:11,666 INFO     ___FILE_ONLY___ RUNNING
2022-11-14 17:38:11,667 INFO     ___FILE_ONLY___ 

2022-11-14 17:38:11,667 INFO     ___FILE_ONLY___ jen-pxc-1266-f301b02b-5-cluster7
2022-11-14 17:38:11,667 INFO     ___FILE_ONLY___   
2022-11-14 17:38:11,667 INFO     ___FILE_ONLY___ us-central1-a
2022-11-14 17:38:11,667 INFO     ___FILE_ONLY___    
2022-11-14 17:38:11,667 INFO     ___FILE_ONLY___ 1.21.14-gke.8500
2022-11-14 17:38:11,667 INFO     ___FILE_ONLY___   
2022-11-14 17:38:11,667 INFO     ___FILE_ONLY___ 34.134.53.221
2022-11-14 17:38:11,667 INFO     ___FILE_ONLY___    
2022-11-14 17:38:11,667 INFO     ___FILE_ONLY___ n1-standard-4
2022-11-14 17:38:11,667 INFO     ___FILE_ONLY___   
2022-11-14 17:38:11,667 INFO     ___FILE_ONLY___ 1.21.14-gke.8500
2022-11-14 17:38:11,667 INFO     ___FILE_ONLY___     
2022-11-14 17:38:11,667 INFO     ___FILE_ONLY___ 3
2022-11-14 17:38:11,667 INFO     ___FILE_ONLY___           
2022-11-14 17:38:11,667 INFO     ___FILE_ONLY___ STOPPING
2022-11-14 17:38:11,667 INFO     ___FILE_ONLY___ 

2022-11-14 17:38:11,667 INFO     ___FILE_ONLY___ jen-pxc-1266-f301b02b-5-cluster9
2022-11-14 17:38:11,667 INFO     ___FILE_ONLY___   
2022-11-14 17:38:11,667 INFO     ___FILE_ONLY___ us-central1-a
2022-11-14 17:38:11,667 INFO     ___FILE_ONLY___    
2022-11-14 17:38:11,667 INFO     ___FILE_ONLY___ 1.21.14-gke.8500
2022-11-14 17:38:11,667 INFO     ___FILE_ONLY___   
2022-11-14 17:38:11,667 INFO     ___FILE_ONLY___ 34.67.196.14
2022-11-14 17:38:11,667 INFO     ___FILE_ONLY___     
2022-11-14 17:38:11,667 INFO     ___FILE_ONLY___ n1-standard-4
2022-11-14 17:38:11,667 INFO     ___FILE_ONLY___   
2022-11-14 17:38:11,667 INFO     ___FILE_ONLY___ 1.21.14-gke.8500
2022-11-14 17:38:11,667 INFO     ___FILE_ONLY___     
2022-11-14 17:38:11,667 INFO     ___FILE_ONLY___ 3
2022-11-14 17:38:11,667 INFO     ___FILE_ONLY___           
2022-11-14 17:38:11,667 INFO     ___FILE_ONLY___ RUNNING
2022-11-14 17:38:11,667 INFO     ___FILE_ONLY___ 

2022-11-14 17:38:11,667 INFO     ___FILE_ONLY___ plavi-124
2022-11-14 17:38:11,667 INFO     ___FILE_ONLY___                          
2022-11-14 17:38:11,667 INFO     ___FILE_ONLY___ us-central1-a
2022-11-14 17:38:11,667 INFO     ___FILE_ONLY___    
2022-11-14 17:38:11,667 INFO     ___FILE_ONLY___ 1.24.6-gke.1500
2022-11-14 17:38:11,667 INFO     ___FILE_ONLY___    
2022-11-14 17:38:11,667 INFO     ___FILE_ONLY___ 34.121.118.61
2022-11-14 17:38:11,667 INFO     ___FILE_ONLY___    
2022-11-14 17:38:11,667 INFO     ___FILE_ONLY___ n1-standard-4
2022-11-14 17:38:11,667 INFO     ___FILE_ONLY___   
2022-11-14 17:38:11,667 INFO     ___FILE_ONLY___ 1.24.6-gke.1500
2022-11-14 17:38:11,667 INFO     ___FILE_ONLY___      
2022-11-14 17:38:11,667 INFO     ___FILE_ONLY___ 3
2022-11-14 17:38:11,667 INFO     ___FILE_ONLY___           
2022-11-14 17:38:11,668 INFO     ___FILE_ONLY___ RUNNING
2022-11-14 17:38:11,668 INFO     ___FILE_ONLY___ 

2022-11-14 17:38:11,668 INFO     ___FILE_ONLY___ spronin-1337
2022-11-14 17:38:11,668 INFO     ___FILE_ONLY___                       
2022-11-14 17:38:11,668 INFO     ___FILE_ONLY___ us-central1-a
2022-11-14 17:38:11,668 INFO     ___FILE_ONLY___    
2022-11-14 17:38:11,668 INFO     ___FILE_ONLY___ 1.23.12-gke.1600
2022-11-14 17:38:11,668 INFO     ___FILE_ONLY___   
2022-11-14 17:38:11,668 INFO     ___FILE_ONLY___ 35.192.23.38
2022-11-14 17:38:11,668 INFO     ___FILE_ONLY___     
2022-11-14 17:38:11,668 INFO     ___FILE_ONLY___ n1-standard-4
2022-11-14 17:38:11,668 INFO     ___FILE_ONLY___   
2022-11-14 17:38:11,668 INFO     ___FILE_ONLY___ 1.23.12-gke.1600
2022-11-14 17:38:11,668 INFO     ___FILE_ONLY___     
2022-11-14 17:38:11,668 INFO     ___FILE_ONLY___ 3
2022-11-14 17:38:11,668 INFO     ___FILE_ONLY___           
2022-11-14 17:38:11,668 INFO     ___FILE_ONLY___ RUNNING
2022-11-14 17:38:11,668 INFO     ___FILE_ONLY___ 

2022-11-14 17:38:11,668 INFO     ___FILE_ONLY___ cap-666
2022-11-14 17:38:11,668 INFO     ___FILE_ONLY___                            
2022-11-14 17:38:11,668 INFO     ___FILE_ONLY___ us-central1-c
2022-11-14 17:38:11,668 INFO     ___FILE_ONLY___    
2022-11-14 17:38:11,668 INFO     ___FILE_ONLY___ 1.21.14-gke.8500
2022-11-14 17:38:11,668 INFO     ___FILE_ONLY___   
2022-11-14 17:38:11,668 INFO     ___FILE_ONLY___ 35.225.211.27
2022-11-14 17:38:11,668 INFO     ___FILE_ONLY___    
2022-11-14 17:38:11,668 INFO     ___FILE_ONLY___ n1-standard-4
2022-11-14 17:38:11,668 INFO     ___FILE_ONLY___   
2022-11-14 17:38:11,668 INFO     ___FILE_ONLY___ 1.21.14-gke.8500
2022-11-14 17:38:11,668 INFO     ___FILE_ONLY___     
2022-11-14 17:38:11,668 INFO     ___FILE_ONLY___ 3
2022-11-14 17:38:11,668 INFO     ___FILE_ONLY___           
2022-11-14 17:38:11,668 INFO     ___FILE_ONLY___ RUNNING
2022-11-14 17:38:11,668 INFO     ___FILE_ONLY___ 

2022-11-14 17:38:11,668 INFO     ___FILE_ONLY___ natali-22
2022-11-14 17:38:11,668 INFO     ___FILE_ONLY___                          
2022-11-14 17:38:11,668 INFO     ___FILE_ONLY___ us-central1-c
2022-11-14 17:38:11,668 INFO     ___FILE_ONLY___    
2022-11-14 17:38:11,668 INFO     ___FILE_ONLY___ 1.22.15-gke.1000
2022-11-14 17:38:11,668 INFO     ___FILE_ONLY___   
2022-11-14 17:38:11,668 INFO     ___FILE_ONLY___ 35.202.158.203
2022-11-14 17:38:11,668 INFO     ___FILE_ONLY___   
2022-11-14 17:38:11,668 INFO     ___FILE_ONLY___ n1-standard-4
2022-11-14 17:38:11,668 INFO     ___FILE_ONLY___   
2022-11-14 17:38:11,668 INFO     ___FILE_ONLY___ 1.22.15-gke.1000
2022-11-14 17:38:11,669 INFO     ___FILE_ONLY___     
2022-11-14 17:38:11,669 INFO     ___FILE_ONLY___ 3
2022-11-14 17:38:11,669 INFO     ___FILE_ONLY___           
2022-11-14 17:38:11,669 INFO     ___FILE_ONLY___ RUNNING
2022-11-14 17:38:11,669 INFO     ___FILE_ONLY___ 

2022-11-14 17:38:11,669 INFO     ___FILE_ONLY___ 
* - There is an upgrade available for your cluster(s).

To upgrade nodes to the latest available version, run
  $ gcloud container clusters upgrade NAME

2022-11-14 17:38:11,676 DEBUG    root            Metrics reporting process started...
