2023-11-21 10:57:28,447 DEBUG    root            Loaded Command Group: ['gcloud', 'config']
2023-11-21 10:57:28,449 DEBUG    root            Loaded Command Group: ['gcloud', 'config', 'config_helper']
2023-11-21 10:57:28,450 DEBUG    root            Running [gcloud.config.config-helper] with arguments: [--format: "json"]
2023-11-21 10:57:28,465 DEBUG    google.auth.transport.requests Making request: POST https://oauth2.googleapis.com/token
2023-11-21 10:57:28,482 DEBUG    urllib3.connectionpool Starting new HTTPS connection (1): oauth2.googleapis.com:443
2023-11-21 10:57:28,633 DEBUG    urllib3.connectionpool https://oauth2.googleapis.com:443 "POST /token HTTP/1.1" 200 None
2023-11-21 10:57:28,637 DEBUG    root            Chosen display Format:default json
2023-11-21 10:57:28,638 INFO     root            Display format: "default json"
2023-11-21 10:57:28,638 INFO     ___FILE_ONLY___ {
  "configuration": {
    "active_configuration": "percona-cloud-dev",
    "properties": {
      "core": {
        "account": "inel.pandzic@percona.com",
        "disable_usage_reporting": "False",
        "project": "cloud-dev-112233"
      }
    }
  },
  "credential": {
    "access_token": "ya29.a0AfB_byA6e9eHmc5icFv2jzgSLtRt2lidRJfEVDeLhnvzTcbmfHRgrPY4EF7g5nCW-UHpjdddh-naG5iiAeAI6pjITNI1KTuGhvg3HEdEcylQT5a3TmJqrvf0M2ENTLwxAoydqllh2GspdD__kB0uSX8bkFh3-s9y4k-dZPTbb4C-aCgYKAVYSARESFQHGX2Mipq31Ra1qX0wFC-LkIWTV7w0179",
    "id_token": "eyJhbGciOiJSUzI1NiIsImtpZCI6IjViMzcwNjk2MGUzZTYwMDI0YTI2NTVlNzhjZmE2M2Y4N2M5N2QzMDkiLCJ0eXAiOiJKV1QifQ.eyJpc3MiOiJodHRwczovL2FjY291bnRzLmdvb2dsZS5jb20iLCJhenAiOiIzMjU1NTk0MDU1OS5hcHBzLmdvb2dsZXVzZXJjb250ZW50LmNvbSIsImF1ZCI6IjMyNTU1OTQwNTU5LmFwcHMuZ29vZ2xldXNlcmNvbnRlbnQuY29tIiwic3ViIjoiMTA3NDA5ODEzMzQ0NTU5NDQzNDA3IiwiaGQiOiJwZXJjb25hLmNvbSIsImVtYWlsIjoiaW5lbC5wYW5kemljQHBlcmNvbmEuY29tIiwiZW1haWxfdmVyaWZpZWQiOnRydWUsImF0X2hhc2giOiI1NDVsNnhOT2JiX0IxRjJjanc0UzR3IiwiaWF0IjoxNzAwNTYwNjQ4LCJleHAiOjE3MDA1NjQyNDh9.wHLh0embRQUpq2yKj2IwwzsZIbUFVrS4H887SaYt1q9OLaZTwCbo4ske8IwMdje9ssJ2SXowsjzVGn0q6hesLvtvGVVEYg0rbHhTFh5QWBgr-QXOBxy_g-xarhAKY1V66KlCAEbLor3-EJzMwDlcAApbqPxhNr08LWZHvFJ1OJ9sFJKxnCU2Q2yrTi2GXCixxEHj4QADRMlWwAZc34J567zhU3SaO6q36rzVPjQbwMmpIRnmUjjc8bvMnxlyltjtdbm2a_Wd0udFtMgRI6d5Y3u_OIdw1l5GRidabjxdPmdNalYOymbZnTgpqoIUkelsNySbPxbp1Uq3UMioaAp01g",
    "token_expiry": "2023-11-21T10:57:27Z"
  },
  "sentinels": {
    "config_sentinel": "/Users/inelpandzic/.config/gcloud/config_sentinel"
  }
}
2023-11-21 10:57:28,638 INFO     ___FILE_ONLY___ 

2023-11-21 10:57:28,646 DEBUG    root            Metrics reporting process started...
