2023-11-21 13:05:06,772 DEBUG    root            Loaded Command Group: ['gcloud', 'config']
2023-11-21 13:05:06,774 DEBUG    root            Loaded Command Group: ['gcloud', 'config', 'config_helper']
2023-11-21 13:05:06,775 DEBUG    root            Running [gcloud.config.config-helper] with arguments: [--format: "json"]
2023-11-21 13:05:06,800 DEBUG    google.auth.transport.requests Making request: POST https://oauth2.googleapis.com/token
2023-11-21 13:05:06,815 DEBUG    urllib3.connectionpool Starting new HTTPS connection (1): oauth2.googleapis.com:443
2023-11-21 13:05:06,964 DEBUG    urllib3.connectionpool https://oauth2.googleapis.com:443 "POST /token HTTP/1.1" 200 None
2023-11-21 13:05:06,969 DEBUG    root            Chosen display Format:default json
2023-11-21 13:05:06,970 INFO     root            Display format: "default json"
2023-11-21 13:05:06,970 INFO     ___FILE_ONLY___ {
  "configuration": {
    "active_configuration": "percona-cloud-dev",
    "properties": {
      "core": {
        "account": "inel.pandzic@percona.com",
        "disable_usage_reporting": "False",
        "project": "cloud-dev-112233"
      }
    }
  },
  "credential": {
    "access_token": "ya29.a0AfB_byBK5MI3Eib7bzVtRfSozhkcHA8mt_dCNmF2ipcVtmt8dYy6DmZlmdDmGPXyaUxLzo9W0JyfDzU1KHVxZ7MSId8xWi5fqrfslehbbsfFbZRMCsh1qHzPrqjVL7CcRRI8LZ89ByeD1f3kyIeA9EBOsg3EOKU2O_8nnncNoHpKaCgYKARUSARESFQHGX2MiFTuBA5-GN3TZo-31mrXvaA0179",
    "id_token": "eyJhbGciOiJSUzI1NiIsImtpZCI6IjViMzcwNjk2MGUzZTYwMDI0YTI2NTVlNzhjZmE2M2Y4N2M5N2QzMDkiLCJ0eXAiOiJKV1QifQ.eyJpc3MiOiJodHRwczovL2FjY291bnRzLmdvb2dsZS5jb20iLCJhenAiOiIzMjU1NTk0MDU1OS5hcHBzLmdvb2dsZXVzZXJjb250ZW50LmNvbSIsImF1ZCI6IjMyNTU1OTQwNTU5LmFwcHMuZ29vZ2xldXNlcmNvbnRlbnQuY29tIiwic3ViIjoiMTA3NDA5ODEzMzQ0NTU5NDQzNDA3IiwiaGQiOiJwZXJjb25hLmNvbSIsImVtYWlsIjoiaW5lbC5wYW5kemljQHBlcmNvbmEuY29tIiwiZW1haWxfdmVyaWZpZWQiOnRydWUsImF0X2hhc2giOiJpV3VYVjdzVXZFNEc1ajNiMHRkSUVBIiwiaWF0IjoxNzAwNTY4MzA3LCJleHAiOjE3MDA1NzE5MDd9.IubdIwMDTaGkADCLHYE25D2ZFp4z-PE4rpAAuTJDce64cJGrXxvIeo5iqkX9n1UWyRFv8sXqO3vC_3m3UBCSDRyYHluskgBkUPmUH20LJpJvPHToTt31v03rlS4OQoAFCGFUUrZ2IiTWX1vZPDgY7YemIJllUFf-ThjxRPFrxXyGpW3ysL44vTr6bLDQQvlTumRuUlgy5aJFogyfgw8F4yGbm98_Y6tgScE5N7Egb6F59fwx4bljMozDm-OstgPXfMqh0ABAizmjF-Qw5uNTpsKYebyG0dC9ZUZoJDCEPhOS8q2aZgCGJzGS3U4WjlLKerF3Ynd8EctTe6lGuEobNA",
    "token_expiry": "2023-11-21T13:05:05Z"
  },
  "sentinels": {
    "config_sentinel": "/Users/inelpandzic/.config/gcloud/config_sentinel"
  }
}
2023-11-21 13:05:06,970 INFO     ___FILE_ONLY___ 

2023-11-21 13:05:06,977 DEBUG    root            Metrics reporting process started...
