2023-11-21 14:10:59,045 DEBUG    root            Loaded Command Group: ['gcloud', 'config']
2023-11-21 14:10:59,046 DEBUG    root            Loaded Command Group: ['gcloud', 'config', 'config_helper']
2023-11-21 14:10:59,047 DEBUG    root            Running [gcloud.config.config-helper] with arguments: [--format: "json"]
2023-11-21 14:10:59,050 DEBUG    google.auth.transport.requests Making request: POST https://oauth2.googleapis.com/token
2023-11-21 14:10:59,069 DEBUG    urllib3.connectionpool Starting new HTTPS connection (1): oauth2.googleapis.com:443
2023-11-21 14:10:59,220 DEBUG    urllib3.connectionpool https://oauth2.googleapis.com:443 "POST /token HTTP/1.1" 200 None
2023-11-21 14:10:59,229 DEBUG    root            Chosen display Format:default json
2023-11-21 14:10:59,230 INFO     root            Display format: "default json"
2023-11-21 14:10:59,230 INFO     ___FILE_ONLY___ {
  "configuration": {
    "active_configuration": "percona-cloud-dev",
    "properties": {
      "core": {
        "account": "inel.pandzic@percona.com",
        "disable_usage_reporting": "False",
        "project": "cloud-dev-112233"
      }
    }
  },
  "credential": {
    "access_token": "ya29.a0AfB_byCP_CHqtXk2sNP8qP-n1M-5u_djbYaPQNHkOy1y666udNRokqA6YRCiRPje2LoedderoO4Ncg4UlpL_DNoWeu9UjUTuylHGQfqNtXX5QXsgWRjhAxDUT4iHiGnlWKlHvs5y6-K2GWlYezWsRjInReRngVvsezDDP0ZjQZruaCgYKAQ8SARESFQHGX2MiFE-ov4YzBwQchbwCGLWsJQ0179",
    "id_token": "eyJhbGciOiJSUzI1NiIsImtpZCI6IjViMzcwNjk2MGUzZTYwMDI0YTI2NTVlNzhjZmE2M2Y4N2M5N2QzMDkiLCJ0eXAiOiJKV1QifQ.eyJpc3MiOiJodHRwczovL2FjY291bnRzLmdvb2dsZS5jb20iLCJhenAiOiIzMjU1NTk0MDU1OS5hcHBzLmdvb2dsZXVzZXJjb250ZW50LmNvbSIsImF1ZCI6IjMyNTU1OTQwNTU5LmFwcHMuZ29vZ2xldXNlcmNvbnRlbnQuY29tIiwic3ViIjoiMTA3NDA5ODEzMzQ0NTU5NDQzNDA3IiwiaGQiOiJwZXJjb25hLmNvbSIsImVtYWlsIjoiaW5lbC5wYW5kemljQHBlcmNvbmEuY29tIiwiZW1haWxfdmVyaWZpZWQiOnRydWUsImF0X2hhc2giOiJkeHRvRXJaMWk3dl82WW5TTmhqNm9BIiwiaWF0IjoxNzAwNTcyMjU5LCJleHAiOjE3MDA1NzU4NTl9.VNksLEeNIQwzuC4AXai_HwjuehHIlMvf__603eDtr7jwlhtGovHtuDIISCnG4Q1Yt85YhKGpWRIdl7o-3Pi2G2e0_6s4xY3l5ku7wDcAr10vufkNo9kKIU1n-327QkzJ_NlRVFRoBIH4Z51zAyO2cNvdpsVXKHhffAIytG2pC-yBF9urrZVlvfBQfFuSepm1bBFqKsguf4-eeUFRBrCdyXuvjbhoNs8qnwzJMSiq_VPOfoub9tMsycWS6JBm9kdyXR8R6xU2kLbVROVqMzxHl0fN4s2AFG2Qli8FpJvqLvCyYXuEVrJd3qBle4t7gmjNi-CRibhgVZr3ndutwROPug",
    "token_expiry": "2023-11-21T14:10:58Z"
  },
  "sentinels": {
    "config_sentinel": "/Users/inelpandzic/.config/gcloud/config_sentinel"
  }
}
2023-11-21 14:10:59,231 INFO     ___FILE_ONLY___ 

2023-11-21 14:10:59,249 DEBUG    root            Metrics reporting process started...
