2023-11-21 17:10:25,483 DEBUG    root            Loaded Command Group: ['gcloud', 'config']
2023-11-21 17:10:25,485 DEBUG    root            Loaded Command Group: ['gcloud', 'config', 'config_helper']
2023-11-21 17:10:25,485 DEBUG    root            Running [gcloud.config.config-helper] with arguments: [--format: "json"]
2023-11-21 17:10:25,489 DEBUG    root            Chosen display Format:default json
2023-11-21 17:10:25,490 INFO     root            Display format: "default json"
2023-11-21 17:10:25,490 INFO     ___FILE_ONLY___ {
  "configuration": {
    "active_configuration": "percona-cloud-dev",
    "properties": {
      "core": {
        "account": "inel.pandzic@percona.com",
        "disable_usage_reporting": "False",
        "project": "cloud-dev-112233"
      }
    }
  },
  "credential": {
    "access_token": "ya29.a0AfB_byBWjK7Y83-o_CNcbAJPteuJ6Mjd4xQZtkoW4CYKoNHhAgDERBur_ocemMVuW4TKiW5TPeOfN0y2SJBitrIYNuJJPCrij39patGhDgOCvUBoflfAizbAcUsRfGQO0kzUTQkhv4o1Yn0AGYgCG0UoKo_T04Fh21CMH3gHxEyRaCgYKAXoSARESFQHGX2Mi0zfWWfKmlUUGw0cHCyUfJQ0179",
    "id_token": "eyJhbGciOiJSUzI1NiIsImtpZCI6IjViMzcwNjk2MGUzZTYwMDI0YTI2NTVlNzhjZmE2M2Y4N2M5N2QzMDkiLCJ0eXAiOiJKV1QifQ.eyJpc3MiOiJodHRwczovL2FjY291bnRzLmdvb2dsZS5jb20iLCJhenAiOiIzMjU1NTk0MDU1OS5hcHBzLmdvb2dsZXVzZXJjb250ZW50LmNvbSIsImF1ZCI6IjMyNTU1OTQwNTU5LmFwcHMuZ29vZ2xldXNlcmNvbnRlbnQuY29tIiwic3ViIjoiMTA3NDA5ODEzMzQ0NTU5NDQzNDA3IiwiaGQiOiJwZXJjb25hLmNvbSIsImVtYWlsIjoiaW5lbC5wYW5kemljQHBlcmNvbmEuY29tIiwiZW1haWxfdmVyaWZpZWQiOnRydWUsImF0X2hhc2giOiIzZm1Hd3VWQno1eTVQZkVIeTBaZWdBIiwiaWF0IjoxNzAwNTgyODY3LCJleHAiOjE3MDA1ODY0Njd9.HxjIHjRiBqTkDUHTA8L-z0goIagNI3CuVxay4NtRzF7-HWih7A0FkscEg_8MKo_hJgFuCZXe9nlBpG_MV1cYGxK9tFNTwTZW71cQf_H59R-n48n7NMxPkGmG1RUsi-nioxm57cLu1PgcitefX4J-lgbR4fRbXpu_iC-WfhHnH_2PCFNGmKMlDNR8yTYw_eM-is1xwMOPdl5hdRO2BJbrnhCwZ7jmevrcX3LThLKL-Yn5L5WzLMDlgqcyZIE8IJH9hPlLEA0rcDxp3AQyJi9EH4itbpuRtKPFWpkZ0DaDMfFYMkwTElRKdFM8XDMK6fdxjPR2q_bk8MALb7h24Qm1hQ",
    "token_expiry": "2023-11-21T17:07:46Z"
  },
  "sentinels": {
    "config_sentinel": "/Users/inelpandzic/.config/gcloud/config_sentinel"
  }
}
2023-11-21 17:10:25,490 INFO     ___FILE_ONLY___ 

2023-11-21 17:10:25,495 DEBUG    root            Metrics reporting process started...
