2023-11-21 21:31:02,898 DEBUG    root            Loaded Command Group: ['gcloud', 'config']
2023-11-21 21:31:02,900 DEBUG    root            Loaded Command Group: ['gcloud', 'config', 'config_helper']
2023-11-21 21:31:02,901 DEBUG    root            Running [gcloud.config.config-helper] with arguments: [--format: "json"]
2023-11-21 21:31:03,242 DEBUG    google.auth.transport.requests Making request: POST https://oauth2.googleapis.com/token
2023-11-21 21:31:03,262 DEBUG    urllib3.connectionpool Starting new HTTPS connection (1): oauth2.googleapis.com:443
2023-11-21 21:31:03,457 DEBUG    urllib3.connectionpool https://oauth2.googleapis.com:443 "POST /token HTTP/1.1" 200 None
2023-11-21 21:31:03,464 DEBUG    root            Chosen display Format:default json
2023-11-21 21:31:03,469 INFO     root            Display format: "default json"
2023-11-21 21:31:03,470 INFO     ___FILE_ONLY___ {
  "configuration": {
    "active_configuration": "percona-cloud-dev",
    "properties": {
      "core": {
        "account": "inel.pandzic@percona.com",
        "disable_usage_reporting": "False",
        "project": "cloud-dev-112233"
      }
    }
  },
  "credential": {
    "access_token": "ya29.a0AfB_byAugSIvyO_8afsxFwSIN7mp7JdmE-Y-XFnKNzh9G7VnFyQLLvpmgabhBUCgatJTCayxr-qM9Uhina4mmhITjLkpmx1k-G_RPWWtPrTE3h4Xu9XrxGlyCz1vsmWCRnoqIY7s_3iWrlAWTQWY-ZZLtmZ2gB4KHsU1MRQP3vH2aCgYKARcSARESFQHGX2MiVIPYylEyuuhgClj7TjOIaQ0179",
    "id_token": "eyJhbGciOiJSUzI1NiIsImtpZCI6IjViMzcwNjk2MGUzZTYwMDI0YTI2NTVlNzhjZmE2M2Y4N2M5N2QzMDkiLCJ0eXAiOiJKV1QifQ.eyJpc3MiOiJodHRwczovL2FjY291bnRzLmdvb2dsZS5jb20iLCJhenAiOiIzMjU1NTk0MDU1OS5hcHBzLmdvb2dsZXVzZXJjb250ZW50LmNvbSIsImF1ZCI6IjMyNTU1OTQwNTU5LmFwcHMuZ29vZ2xldXNlcmNvbnRlbnQuY29tIiwic3ViIjoiMTA3NDA5ODEzMzQ0NTU5NDQzNDA3IiwiaGQiOiJwZXJjb25hLmNvbSIsImVtYWlsIjoiaW5lbC5wYW5kemljQHBlcmNvbmEuY29tIiwiZW1haWxfdmVyaWZpZWQiOnRydWUsImF0X2hhc2giOiJ5aU5ySkZYYVZyZjBwdG5vY2I5aUd3IiwiaWF0IjoxNzAwNTk4NjYzLCJleHAiOjE3MDA2MDIyNjN9.CCwQh0pJyqhaaERxIS_zwGn6g2hIAvi14taH0Dx99xFvNCNzJ110tg_hyVtsFWoD1_y_N6rcqoMiVkfO_tgXT4dBp_QEPF2o9g3RXg4xefqMieD4d1zYSS3aOUwvkIABYvHktBfRjhtRR9M4Yzad07uLNeOLQ44Hp7JyMk0_olm7-3chudFszwCr1ObWngxX2DypNkwlcFbA8eOuAfzUlJeiIm102cRXNgTHQh-Z8K6JraYyBMD8fhuv-gmpwx-8AZIg3HFjsrg8Pzacaiz3p5CV-vBXfjfu3W2UG03JcKCVTC8LHts1F3LDGRRxePBBWSSrwj6KSVff34l4mrTiTw",
    "token_expiry": "2023-11-21T21:31:02Z"
  },
  "sentinels": {
    "config_sentinel": "/Users/inelpandzic/.config/gcloud/config_sentinel"
  }
}
2023-11-21 21:31:03,470 INFO     ___FILE_ONLY___ 

2023-11-21 21:31:03,478 DEBUG    root            Metrics reporting process started...
