2023-12-04 13:07:20,710 DEBUG    root            Loaded Command Group: ['gcloud', 'config']
2023-12-04 13:07:20,712 DEBUG    root            Loaded Command Group: ['gcloud', 'config', 'config_helper']
2023-12-04 13:07:20,713 DEBUG    root            Running [gcloud.config.config-helper] with arguments: [--format: "json"]
2023-12-04 13:07:20,725 DEBUG    google.auth.transport.requests Making request: POST https://oauth2.googleapis.com/token
2023-12-04 13:07:20,741 DEBUG    urllib3.connectionpool Starting new HTTPS connection (1): oauth2.googleapis.com:443
2023-12-04 13:07:20,898 DEBUG    urllib3.connectionpool https://oauth2.googleapis.com:443 "POST /token HTTP/1.1" 200 None
2023-12-04 13:07:20,905 DEBUG    root            Chosen display Format:default json
2023-12-04 13:07:20,905 INFO     root            Display format: "default json"
2023-12-04 13:07:20,906 INFO     ___FILE_ONLY___ {
  "configuration": {
    "active_configuration": "percona-cloud-dev",
    "properties": {
      "core": {
        "account": "inel.pandzic@percona.com",
        "disable_usage_reporting": "False",
        "project": "cloud-dev-112233"
      }
    }
  },
  "credential": {
    "access_token": "ya29.a0AfB_byB7DmHdMX0wND16jgW0voIQQy6Ngu4wbvFJ4j75NdFn6rqXJTAl-ZBK-wByUVdKtZMDEOPld_4ETORaYlcTBpbwhmjw7d60ByrfuS47583JyEIP6DL3rbqhQMdF4-tktUptW8BbMZ0IxpswvuTayJG2YBgB-fYyx91PgRSeaCgYKAVkSARESFQHGX2MiAerLxsYWFypq6JuVfUyE0g0179",
    "id_token": "eyJhbGciOiJSUzI1NiIsImtpZCI6ImU0YWRmYjQzNmI5ZTE5N2UyZTExMDZhZjJjODQyMjg0ZTQ5ODZhZmYiLCJ0eXAiOiJKV1QifQ.eyJpc3MiOiJodHRwczovL2FjY291bnRzLmdvb2dsZS5jb20iLCJhenAiOiIzMjU1NTk0MDU1OS5hcHBzLmdvb2dsZXVzZXJjb250ZW50LmNvbSIsImF1ZCI6IjMyNTU1OTQwNTU5LmFwcHMuZ29vZ2xldXNlcmNvbnRlbnQuY29tIiwic3ViIjoiMTA3NDA5ODEzMzQ0NTU5NDQzNDA3IiwiaGQiOiJwZXJjb25hLmNvbSIsImVtYWlsIjoiaW5lbC5wYW5kemljQHBlcmNvbmEuY29tIiwiZW1haWxfdmVyaWZpZWQiOnRydWUsImF0X2hhc2giOiJYdnAzSGtiSEtGdFMtSUg4WnVMeFR3IiwiaWF0IjoxNzAxNjkxNjQwLCJleHAiOjE3MDE2OTUyNDB9.hvL4oX3nBsCKbd6iJLX-D6oQC4w9yBnomDQquAECfQVimIHJj-B8Z4SJTgxIWcslCyL_x87Q2-cpYuqqmaitHw5Wzry_x3Y7mElAd50M_9GPPkBCW9juV6SnJChS-GUnTD-7WS4ByacOyfop5M54OlT2B-XjkGO7R52qI58RgbA1xur5EIyGK9WXTzjB7_ew1T_O5Zx2IezUzU8k1bY5gC6vo25FcEycGD2nU8Br8k0Ope_dvT-g2pmOz4fttAnneaLOAvRT3YwtBpAQ-HJJ6BEVWZ_9PqUivU_TZR28CHH6yVhUEHu1vp-iiAr9MfUzO0XF9B3XEb5Sr1SC88v2lQ",
    "token_expiry": "2023-12-04T13:07:19Z"
  },
  "sentinels": {
    "config_sentinel": "/Users/inelpandzic/.config/gcloud/config_sentinel"
  }
}
2023-12-04 13:07:20,906 INFO     ___FILE_ONLY___ 

2023-12-04 13:07:20,913 DEBUG    root            Metrics reporting process started...
