2023-12-04 18:02:49,748 DEBUG    root            Loaded Command Group: ['gcloud', 'config']
2023-12-04 18:02:49,750 DEBUG    root            Loaded Command Group: ['gcloud', 'config', 'config_helper']
2023-12-04 18:02:49,751 DEBUG    root            Running [gcloud.config.config-helper] with arguments: [--format: "json"]
2023-12-04 18:02:49,763 DEBUG    google.auth.transport.requests Making request: POST https://oauth2.googleapis.com/token
2023-12-04 18:02:49,783 DEBUG    urllib3.connectionpool Starting new HTTPS connection (1): oauth2.googleapis.com:443
2023-12-04 18:02:49,935 DEBUG    urllib3.connectionpool https://oauth2.googleapis.com:443 "POST /token HTTP/1.1" 200 None
2023-12-04 18:02:49,939 DEBUG    root            Chosen display Format:default json
2023-12-04 18:02:49,940 INFO     root            Display format: "default json"
2023-12-04 18:02:49,940 INFO     ___FILE_ONLY___ {
  "configuration": {
    "active_configuration": "percona-cloud-dev",
    "properties": {
      "core": {
        "account": "inel.pandzic@percona.com",
        "disable_usage_reporting": "False",
        "project": "cloud-dev-112233"
      }
    }
  },
  "credential": {
    "access_token": "ya29.a0AfB_byBwdLOt-VuMa-wYevRDU4R66ckvvctveN6tE9w6AJjdlPpXSDn4I0UyIzLQbygtOeUP4AoX6B2jGjCikgy8e2XzYlZueoDDyyS3YiELeTxM6_YYgmWV49GaMC4kVd3EpN7Phek7RosRMV_WENFuJPMGiSu-Dl2qUnQYFhw3aCgYKAVISARESFQHGX2MiOPNnHgqAW8ApXe21WbmWMw0179",
    "id_token": "eyJhbGciOiJSUzI1NiIsImtpZCI6ImU0YWRmYjQzNmI5ZTE5N2UyZTExMDZhZjJjODQyMjg0ZTQ5ODZhZmYiLCJ0eXAiOiJKV1QifQ.eyJpc3MiOiJodHRwczovL2FjY291bnRzLmdvb2dsZS5jb20iLCJhenAiOiIzMjU1NTk0MDU1OS5hcHBzLmdvb2dsZXVzZXJjb250ZW50LmNvbSIsImF1ZCI6IjMyNTU1OTQwNTU5LmFwcHMuZ29vZ2xldXNlcmNvbnRlbnQuY29tIiwic3ViIjoiMTA3NDA5ODEzMzQ0NTU5NDQzNDA3IiwiaGQiOiJwZXJjb25hLmNvbSIsImVtYWlsIjoiaW5lbC5wYW5kemljQHBlcmNvbmEuY29tIiwiZW1haWxfdmVyaWZpZWQiOnRydWUsImF0X2hhc2giOiJiUi1Vbk5GVmE4Mm4xa1pnOXhaV1N3IiwiaWF0IjoxNzAxNzA5MzcwLCJleHAiOjE3MDE3MTI5NzB9.dXwnMmlwPginDZonsUgQ6UE4fAhFoTmljbHhN3cR6xsds3SpwZvGOmG0oZl1bV2u2aUUDIyF6-Ga4LhKITAFinoq8dB_fZMQk5_Y3BnzJLiPWijcmTdN9kTMpcLcJkhUCD-lHH7As9FghSlipOWDHVpTT1btwWpG2FbQyEP0TgW9-nuYOKa5Hr2jC4guizW8AYAoJX9bC6URNysZyCR-YNF2WSslNs_OoZcAH1SRegpBXqjdwcD00wNVUGQdLxV-Z89F1ImzZyEN6H3LZAWuyUexn8s7Ssbiz2Ab88Fq6GIu-87gMfAGvXIk7fSCDdf26uEZLFeptv-NtH-Wj_ndLw",
    "token_expiry": "2023-12-04T18:02:48Z"
  },
  "sentinels": {
    "config_sentinel": "/Users/inelpandzic/.config/gcloud/config_sentinel"
  }
}
2023-12-04 18:02:49,940 INFO     ___FILE_ONLY___ 

2023-12-04 18:02:49,948 DEBUG    root            Metrics reporting process started...
