2023-07-19 08:51:20,901 DEBUG    root            Loaded Command Group: ['gcloud', 'container', 'clusters']
2023-07-19 08:51:20,904 DEBUG    root            Loaded Command Group: ['gcloud', 'container', 'clusters', 'list']
2023-07-19 08:51:20,916 DEBUG    root            Running [gcloud.container.clusters.list] with arguments: []
2023-07-19 08:51:20,963 DEBUG    urllib3.connectionpool Starting new HTTPS connection (1): container.googleapis.com:443
2023-07-19 08:51:21,614 DEBUG    urllib3.connectionpool https://container.googleapis.com:443 "GET /v1/projects/cloud-dev-112233/locations/-/clusters?alt=json HTTP/1.1" 200 None
2023-07-19 08:51:21,643 DEBUG    root            Chosen display Format:
    table(
        name,
        zone:label=LOCATION,
        master_version():label=MASTER_VERSION,
        endpoint:label=MASTER_IP,
        nodePools[0].config.machineType,
        currentNodeVersion:label=NODE_VERSION,
        firstof(currentNodeCount,initialNodeCount):label=NUM_NODES,
        status
    )

2023-07-19 08:51:21,644 INFO     root            Display format: "
    table(
        name,
        zone:label=LOCATION,
        master_version():label=MASTER_VERSION,
        endpoint:label=MASTER_IP,
        nodePools[0].config.machineType,
        currentNodeVersion:label=NODE_VERSION,
        firstof(currentNodeCount,initialNodeCount):label=NUM_NODES,
        status
    )
"
2023-07-19 08:51:21,657 INFO     ___FILE_ONLY___ NAME
2023-07-19 08:51:21,657 INFO     ___FILE_ONLY___          
2023-07-19 08:51:21,657 INFO     ___FILE_ONLY___ LOCATION
2023-07-19 08:51:21,657 INFO     ___FILE_ONLY___         
2023-07-19 08:51:21,657 INFO     ___FILE_ONLY___ MASTER_VERSION
2023-07-19 08:51:21,657 INFO     ___FILE_ONLY___     
2023-07-19 08:51:21,657 INFO     ___FILE_ONLY___ MASTER_IP
2023-07-19 08:51:21,657 INFO     ___FILE_ONLY___        
2023-07-19 08:51:21,657 INFO     ___FILE_ONLY___ MACHINE_TYPE
2023-07-19 08:51:21,657 INFO     ___FILE_ONLY___    
2023-07-19 08:51:21,657 INFO     ___FILE_ONLY___ NODE_VERSION
2023-07-19 08:51:21,657 INFO     ___FILE_ONLY___       
2023-07-19 08:51:21,657 INFO     ___FILE_ONLY___ NUM_NODES
2023-07-19 08:51:21,657 INFO     ___FILE_ONLY___   
2023-07-19 08:51:21,657 INFO     ___FILE_ONLY___ STATUS
2023-07-19 08:51:21,657 INFO     ___FILE_ONLY___ 

2023-07-19 08:51:21,657 INFO     ___FILE_ONLY___ andrii-2675
2023-07-19 08:51:21,657 INFO     ___FILE_ONLY___   
2023-07-19 08:51:21,657 INFO     ___FILE_ONLY___ europe-west1-c
2023-07-19 08:51:21,657 INFO     ___FILE_ONLY___   
2023-07-19 08:51:21,658 INFO     ___FILE_ONLY___ 1.25.10-gke.2700
2023-07-19 08:51:21,658 INFO     ___FILE_ONLY___   
2023-07-19 08:51:21,658 INFO     ___FILE_ONLY___ 34.79.60.51
2023-07-19 08:51:21,658 INFO     ___FILE_ONLY___      
2023-07-19 08:51:21,658 INFO     ___FILE_ONLY___ n1-standard-4
2023-07-19 08:51:21,658 INFO     ___FILE_ONLY___   
2023-07-19 08:51:21,658 INFO     ___FILE_ONLY___ 1.25.10-gke.2700
2023-07-19 08:51:21,658 INFO     ___FILE_ONLY___   
2023-07-19 08:51:21,658 INFO     ___FILE_ONLY___ 3
2023-07-19 08:51:21,658 INFO     ___FILE_ONLY___           
2023-07-19 08:51:21,658 INFO     ___FILE_ONLY___ RUNNING
2023-07-19 08:51:21,658 INFO     ___FILE_ONLY___ 

2023-07-19 08:51:21,658 INFO     ___FILE_ONLY___ ege-14901
2023-07-19 08:51:21,658 INFO     ___FILE_ONLY___     
2023-07-19 08:51:21,658 INFO     ___FILE_ONLY___ europe-west3
2023-07-19 08:51:21,658 INFO     ___FILE_ONLY___     
2023-07-19 08:51:21,658 INFO     ___FILE_ONLY___ 1.24.14-gke.1400
2023-07-19 08:51:21,658 INFO     ___FILE_ONLY___   
2023-07-19 08:51:21,658 INFO     ___FILE_ONLY___ 34.141.108.204
2023-07-19 08:51:21,658 INFO     ___FILE_ONLY___   
2023-07-19 08:51:21,658 INFO     ___FILE_ONLY___ n1-standard-4
2023-07-19 08:51:21,658 INFO     ___FILE_ONLY___   
2023-07-19 08:51:21,658 INFO     ___FILE_ONLY___ 1.24.14-gke.1400
2023-07-19 08:51:21,658 INFO     ___FILE_ONLY___   
2023-07-19 08:51:21,658 INFO     ___FILE_ONLY___ 3
2023-07-19 08:51:21,658 INFO     ___FILE_ONLY___           
2023-07-19 08:51:21,658 INFO     ___FILE_ONLY___ RUNNING
2023-07-19 08:51:21,658 INFO     ___FILE_ONLY___ 

2023-07-19 08:51:21,658 INFO     ___FILE_ONLY___ ege-17901
2023-07-19 08:51:21,658 INFO     ___FILE_ONLY___     
2023-07-19 08:51:21,658 INFO     ___FILE_ONLY___ europe-west3
2023-07-19 08:51:21,658 INFO     ___FILE_ONLY___     
2023-07-19 08:51:21,659 INFO     ___FILE_ONLY___ 1.25.10-gke.1200
2023-07-19 08:51:21,659 INFO     ___FILE_ONLY___   
2023-07-19 08:51:21,659 INFO     ___FILE_ONLY___ 34.159.214.249
2023-07-19 08:51:21,659 INFO     ___FILE_ONLY___   
2023-07-19 08:51:21,659 INFO     ___FILE_ONLY___ n1-standard-4
2023-07-19 08:51:21,659 INFO     ___FILE_ONLY___   
2023-07-19 08:51:21,659 INFO     ___FILE_ONLY___ 1.25.10-gke.1200
2023-07-19 08:51:21,659 INFO     ___FILE_ONLY___   
2023-07-19 08:51:21,659 INFO     ___FILE_ONLY___ 3
2023-07-19 08:51:21,659 INFO     ___FILE_ONLY___           
2023-07-19 08:51:21,659 INFO     ___FILE_ONLY___ RUNNING
2023-07-19 08:51:21,659 INFO     ___FILE_ONLY___ 

2023-07-19 08:51:21,659 INFO     ___FILE_ONLY___ natali-23
2023-07-19 08:51:21,659 INFO     ___FILE_ONLY___     
2023-07-19 08:51:21,659 INFO     ___FILE_ONLY___ us-central1-c
2023-07-19 08:51:21,659 INFO     ___FILE_ONLY___    
2023-07-19 08:51:21,659 INFO     ___FILE_ONLY___ 1.23.17-gke.8400
2023-07-19 08:51:21,659 INFO     ___FILE_ONLY___   
2023-07-19 08:51:21,659 INFO     ___FILE_ONLY___ 34.172.171.235
2023-07-19 08:51:21,659 INFO     ___FILE_ONLY___   
2023-07-19 08:51:21,659 INFO     ___FILE_ONLY___ n1-standard-4
2023-07-19 08:51:21,659 INFO     ___FILE_ONLY___   
2023-07-19 08:51:21,659 INFO     ___FILE_ONLY___ 1.23.17-gke.8400
2023-07-19 08:51:21,659 INFO     ___FILE_ONLY___   
2023-07-19 08:51:21,659 INFO     ___FILE_ONLY___ 3
2023-07-19 08:51:21,659 INFO     ___FILE_ONLY___           
2023-07-19 08:51:21,659 INFO     ___FILE_ONLY___ RUNNING
2023-07-19 08:51:21,659 INFO     ___FILE_ONLY___ 

2023-07-19 08:51:21,671 DEBUG    root            Metrics reporting process started...
