2023-07-19 09:51:26,568 DEBUG    root            Loaded Command Group: ['gcloud', 'config']
2023-07-19 09:51:26,570 DEBUG    root            Loaded Command Group: ['gcloud', 'config', 'config_helper']
2023-07-19 09:51:26,571 DEBUG    root            Running [gcloud.config.config-helper] with arguments: [--format: "json"]
2023-07-19 09:51:26,596 DEBUG    urllib3.connectionpool Starting new HTTPS connection (1): www.gstatic.com:443
2023-07-19 09:51:27,010 DEBUG    urllib3.connectionpool https://www.gstatic.com:443 "GET /cloudsdk/feature_flag_config_file.yaml HTTP/1.1" 200 101
2023-07-19 09:51:27,024 DEBUG    root            Chosen display Format:default json
2023-07-19 09:51:27,025 INFO     root            Display format: "default json"
2023-07-19 09:51:27,026 INFO     ___FILE_ONLY___ {
  "configuration": {
    "active_configuration": "percona-cloud-dev",
    "properties": {
      "core": {
        "account": "inel.pandzic@percona.com",
        "disable_usage_reporting": "False",
        "project": "cloud-dev-112233"
      }
    }
  },
  "credential": {
    "access_token": "ya29.a0AbVbY6O_QXzQ3AvjFSuC-PO5ZMZWSBKVMKRnARTdoyyvYUyXUHGNoJZmplLPbzvWU_m2yR88wZdWMeozpy74cuVTbmYpxHxWjif-W8ZsVmk_85O20PZ6_-Vksh2FurCfStCSIj5-nnwLCoosjTM7UM-6cHQh9hRFkM8pSQQaCgYKAV8SARESFQFWKvPlggh8NTPheXBG6E3CidSlBQ0174",
    "id_token": "eyJhbGciOiJSUzI1NiIsImtpZCI6IjY3NmRhOWQzMTJjMzlhNDI5OTMyZjU0M2U2YzFiNmU2NTEyZTQ5ODMiLCJ0eXAiOiJKV1QifQ.eyJpc3MiOiJodHRwczovL2FjY291bnRzLmdvb2dsZS5jb20iLCJhenAiOiIzMjU1NTk0MDU1OS5hcHBzLmdvb2dsZXVzZXJjb250ZW50LmNvbSIsImF1ZCI6IjMyNTU1OTQwNTU5LmFwcHMuZ29vZ2xldXNlcmNvbnRlbnQuY29tIiwic3ViIjoiMTA3NDA5ODEzMzQ0NTU5NDQzNDA3IiwiaGQiOiJwZXJjb25hLmNvbSIsImVtYWlsIjoiaW5lbC5wYW5kemljQHBlcmNvbmEuY29tIiwiZW1haWxfdmVyaWZpZWQiOnRydWUsImF0X2hhc2giOiJobXg5TjAwQW02NEJXbllVQkxQTnpnIiwiaWF0IjoxNjg5NzUyODg1LCJleHAiOjE2ODk3NTY0ODV9.eLDLH2qK_ZslpuVKLIY9t3GHdlNOaetjfLWkPVDzlb5z0htZJFhp_yKsf8SwguEZS5i5y3RvO7tlvaUEWpkWgnCjilbkt2sfvM6QWEavqODY8vWp9xbADCoO-ZN-P8t4pxZxAeyIOIHhdJNmm7vnjNsyvzhT3Chg7uHssiL5boXukYsAGAaFhdvV-enhZ7Uq98e2I2Np09UoBsmdPN_PeW2JG5Itwmm0rD404z4TdsPyajGLyyXRQL-Z9Krk256VPmaxp7JlJzWGLzJ_g9FX9aHDoCAluZiUaA25ClIP48vSlnPsSdml5Vss_1us_0_ZgZug6cgD--vfVFGroitZPA",
    "token_expiry": "2023-07-19T08:48:04Z"
  },
  "sentinels": {
    "config_sentinel": "/Users/inelpandzic/.config/gcloud/config_sentinel"
  }
}
2023-07-19 09:51:27,027 INFO     ___FILE_ONLY___ 

2023-07-19 09:51:27,037 DEBUG    root            Metrics reporting process started...
