2023-07-19 11:48:20,587 DEBUG    root            Loaded Command Group: ['gcloud', 'config']
2023-07-19 11:48:20,590 DEBUG    root            Loaded Command Group: ['gcloud', 'config', 'config_helper']
2023-07-19 11:48:20,591 DEBUG    root            Running [gcloud.config.config-helper] with arguments: [--format: "json"]
2023-07-19 11:48:20,613 DEBUG    urllib3.connectionpool Starting new HTTPS connection (1): www.gstatic.com:443
2023-07-19 11:48:20,718 DEBUG    urllib3.connectionpool https://www.gstatic.com:443 "GET /cloudsdk/feature_flag_config_file.yaml HTTP/1.1" 200 101
2023-07-19 11:48:20,722 DEBUG    root            Chosen display Format:default json
2023-07-19 11:48:20,722 INFO     root            Display format: "default json"
2023-07-19 11:48:20,722 INFO     ___FILE_ONLY___ {
  "configuration": {
    "active_configuration": "percona-cloud-dev",
    "properties": {
      "core": {
        "account": "inel.pandzic@percona.com",
        "disable_usage_reporting": "False",
        "project": "cloud-dev-112233"
      }
    }
  },
  "credential": {
    "access_token": "ya29.a0AbVbY6NUnPRX31SKr-gU-N7iF-LLXgs5jeBMlP5kV6nmFK7c2Cl28SanVZdq75Asft5zo2qFuHBvw98qXBYzwigdAHeBD3xO0O59idG-CG2FPm9jEZ7mvaDyR0Qp2rwLtlBbq2VK2b0WlG1Z2ONsgxBSEuLYWdq-LhK5rFMaCgYKAbQSARESFQFWKvPlP2hcb1EJR-yThTm94iQVNw0174",
    "id_token": "eyJhbGciOiJSUzI1NiIsImtpZCI6IjY3NmRhOWQzMTJjMzlhNDI5OTMyZjU0M2U2YzFiNmU2NTEyZTQ5ODMiLCJ0eXAiOiJKV1QifQ.eyJpc3MiOiJodHRwczovL2FjY291bnRzLmdvb2dsZS5jb20iLCJhenAiOiIzMjU1NTk0MDU1OS5hcHBzLmdvb2dsZXVzZXJjb250ZW50LmNvbSIsImF1ZCI6IjMyNTU1OTQwNTU5LmFwcHMuZ29vZ2xldXNlcmNvbnRlbnQuY29tIiwic3ViIjoiMTA3NDA5ODEzMzQ0NTU5NDQzNDA3IiwiaGQiOiJwZXJjb25hLmNvbSIsImVtYWlsIjoiaW5lbC5wYW5kemljQHBlcmNvbmEuY29tIiwiZW1haWxfdmVyaWZpZWQiOnRydWUsImF0X2hhc2giOiJwdENmbi1FSTE1QkF5SXNvSHYzWUZBIiwiaWF0IjoxNjg5NzYwMDMwLCJleHAiOjE2ODk3NjM2MzB9.H_kY3-6gZ-aBH7ykZaglwduvu9TqnLXiCy6UdlINBinig4OHfbiw6dMkV8p5QVZJe_SbaJ9daXkpoedt-jyJKfnzqzmtN_2TbGHKW2Q57pvTP-GXRtme8MqJtJGagMBtCBk75i5PbMDc8cxg4f8xxZLYc0UL1W5u_1KDMVNoMI2VwQmB1F7yxJ5dPsEdjSOZ0axr3Sb-jHHRIh3BPjKLMLY6M3Os2WeBe_xm9Eka_Yb4CFQwSqTtIVHZnq-NY5ZeicDDtFG0NiaSBVA3vOroFAvkaQK0JA6JrtyIE67oOmLQnBXMcjWUM2HoY5QQ5Rbz8ET94tVnhd4oUBHgvYcsuA",
    "token_expiry": "2023-07-19T10:47:09Z"
  },
  "sentinels": {
    "config_sentinel": "/Users/inelpandzic/.config/gcloud/config_sentinel"
  }
}
2023-07-19 11:48:20,722 INFO     ___FILE_ONLY___ 

2023-07-19 11:48:20,728 DEBUG    root            Metrics reporting process started...
