2023-07-19 13:42:58,979 DEBUG    root            Loaded Command Group: ['gcloud', 'config']
2023-07-19 13:42:58,981 DEBUG    root            Loaded Command Group: ['gcloud', 'config', 'config_helper']
2023-07-19 13:42:58,981 DEBUG    root            Running [gcloud.config.config-helper] with arguments: [--format: "json"]
2023-07-19 13:42:58,985 DEBUG    google.auth.transport.requests Making request: POST https://oauth2.googleapis.com/token
2023-07-19 13:42:59,004 DEBUG    urllib3.connectionpool Starting new HTTPS connection (1): oauth2.googleapis.com:443
2023-07-19 13:42:59,156 DEBUG    urllib3.connectionpool https://oauth2.googleapis.com:443 "POST /token HTTP/1.1" 200 None
2023-07-19 13:42:59,181 DEBUG    urllib3.connectionpool Starting new HTTPS connection (1): www.gstatic.com:443
2023-07-19 13:42:59,280 DEBUG    urllib3.connectionpool https://www.gstatic.com:443 "GET /cloudsdk/feature_flag_config_file.yaml HTTP/1.1" 200 101
2023-07-19 13:42:59,298 DEBUG    root            Chosen display Format:default json
2023-07-19 13:42:59,299 INFO     root            Display format: "default json"
2023-07-19 13:42:59,316 INFO     ___FILE_ONLY___ {
  "configuration": {
    "active_configuration": "percona-cloud-dev",
    "properties": {
      "core": {
        "account": "inel.pandzic@percona.com",
        "disable_usage_reporting": "False",
        "project": "cloud-dev-112233"
      }
    }
  },
  "credential": {
    "access_token": "ya29.a0AbVbY6NrOBiT6clbfFqnCeoiSF_iRty2BYM3ys1LCL-vODhH1KES43BMnYOJwMGDKpcqWf4-y2etHZX2Fr7kFHfEoYHKC_O1roj76pjMDVyO_v3Bh2j8LsYNmiGsIOZUUUV3zYRtsZsd_UQ8UT2N5tHjqkVEm9mNNxhw1xYaCgYKAYsSARESFQFWKvPlbfDCNrbz6F8ozsB4jQc_aA0174",
    "id_token": "eyJhbGciOiJSUzI1NiIsImtpZCI6IjY3NmRhOWQzMTJjMzlhNDI5OTMyZjU0M2U2YzFiNmU2NTEyZTQ5ODMiLCJ0eXAiOiJKV1QifQ.eyJpc3MiOiJodHRwczovL2FjY291bnRzLmdvb2dsZS5jb20iLCJhenAiOiIzMjU1NTk0MDU1OS5hcHBzLmdvb2dsZXVzZXJjb250ZW50LmNvbSIsImF1ZCI6IjMyNTU1OTQwNTU5LmFwcHMuZ29vZ2xldXNlcmNvbnRlbnQuY29tIiwic3ViIjoiMTA3NDA5ODEzMzQ0NTU5NDQzNDA3IiwiaGQiOiJwZXJjb25hLmNvbSIsImVtYWlsIjoiaW5lbC5wYW5kemljQHBlcmNvbmEuY29tIiwiZW1haWxfdmVyaWZpZWQiOnRydWUsImF0X2hhc2giOiJfSXFObm5PU00tSEh6bWN4dE1NNUR3IiwiaWF0IjoxNjg5NzY2OTc5LCJleHAiOjE2ODk3NzA1Nzl9.E53xE9z0Tw_pnaqsxH97jiCzLrP02MNAGdWoTC0lvFrw1trO1Qoorz-IF0FPQjYnVcL8EuuAUxZYDRDpaqnSq5jB56F_pXMJaO8Y4WJbQaIPjk6kN1rJeqjVPgSst5bfZi0lPJ0Q9SWELFSqGMaKhPzgIsmgULjiPzaaeIl4bg6NxFaFyOE4GFc6Qegb-D7NIBfU7X98oBCsPhAhesiOzLk9RlawT3DXwd5RrsWAlvV-1UZTJzIbKqcfDq8fJETcxGEfjfUJWBa2QfNiSYwToJ2YPM4Agr37TlAcvaUWqDGSYklf3gKDjBhfYzDqNzymLkwPzZMG6RA3OzBkbrG8Mg",
    "token_expiry": "2023-07-19T12:42:58Z"
  },
  "sentinels": {
    "config_sentinel": "/Users/inelpandzic/.config/gcloud/config_sentinel"
  }
}
2023-07-19 13:42:59,316 INFO     ___FILE_ONLY___ 

2023-07-19 13:42:59,323 DEBUG    root            Metrics reporting process started...
