2023-07-19 19:49:55,805 DEBUG    root            Loaded Command Group: ['gcloud', 'config']
2023-07-19 19:49:55,807 DEBUG    root            Loaded Command Group: ['gcloud', 'config', 'config_helper']
2023-07-19 19:49:55,808 DEBUG    root            Running [gcloud.config.config-helper] with arguments: [--format: "json"]
2023-07-19 19:49:55,819 DEBUG    google.auth.transport.requests Making request: POST https://oauth2.googleapis.com/token
2023-07-19 19:49:55,834 DEBUG    urllib3.connectionpool Starting new HTTPS connection (1): oauth2.googleapis.com:443
2023-07-19 19:49:55,994 DEBUG    urllib3.connectionpool https://oauth2.googleapis.com:443 "POST /token HTTP/1.1" 200 None
2023-07-19 19:49:56,015 DEBUG    urllib3.connectionpool Starting new HTTPS connection (1): www.gstatic.com:443
2023-07-19 19:49:56,132 DEBUG    urllib3.connectionpool https://www.gstatic.com:443 "GET /cloudsdk/feature_flag_config_file.yaml HTTP/1.1" 200 101
2023-07-19 19:49:56,142 DEBUG    root            Chosen display Format:default json
2023-07-19 19:49:56,142 INFO     root            Display format: "default json"
2023-07-19 19:49:56,143 INFO     ___FILE_ONLY___ {
  "configuration": {
    "active_configuration": "percona-cloud-dev",
    "properties": {
      "core": {
        "account": "inel.pandzic@percona.com",
        "disable_usage_reporting": "False",
        "project": "cloud-dev-112233"
      }
    }
  },
  "credential": {
    "access_token": "ya29.a0AbVbY6OJraMPTpqyEiHi5-iCzM3XJ8iYbrN1FeH-qmBA-7RMPwMpLIaf1H2gGuVAgpLCxaYaM8H4s1oQQPNwZMllm4Z5wsOXrpvUgnzjqo6L0GFIGbILKIVb4jG9HFBIkuLb4XomG3rLvzI5pEAtaAJzrke7jugy2npx37AaCgYKARMSARESFQFWKvPljXww9_Lahxz2YEBzsrYvvQ0174",
    "id_token": "eyJhbGciOiJSUzI1NiIsImtpZCI6IjY3NmRhOWQzMTJjMzlhNDI5OTMyZjU0M2U2YzFiNmU2NTEyZTQ5ODMiLCJ0eXAiOiJKV1QifQ.eyJpc3MiOiJodHRwczovL2FjY291bnRzLmdvb2dsZS5jb20iLCJhenAiOiIzMjU1NTk0MDU1OS5hcHBzLmdvb2dsZXVzZXJjb250ZW50LmNvbSIsImF1ZCI6IjMyNTU1OTQwNTU5LmFwcHMuZ29vZ2xldXNlcmNvbnRlbnQuY29tIiwic3ViIjoiMTA3NDA5ODEzMzQ0NTU5NDQzNDA3IiwiaGQiOiJwZXJjb25hLmNvbSIsImVtYWlsIjoiaW5lbC5wYW5kemljQHBlcmNvbmEuY29tIiwiZW1haWxfdmVyaWZpZWQiOnRydWUsImF0X2hhc2giOiJwaVdFNURqTHJBQ2xtVnZScGlqVV9BIiwiaWF0IjoxNjg5Nzg4OTk2LCJleHAiOjE2ODk3OTI1OTZ9.FqHhlxU2bs_xv2KI34Vszi_ulsb4hL-Uo1lJmO4VFNGJUUNseNsT8MZwRODgf5BbUWk4APtrGBxSbErC14Qc1j8m8FGWPcTW-vNrf_OdtBb7uAc-dPBqTGDTVv_ID0XA1aFYZoQfNIo06O5CSouwbAVoqJJnaiIpdAwAtyDLXwN3no5ex23DAMNyRqJHbPIuseCJDq1ipGYxnWYASdh4pWbtizp5nGv9d7cta8JjQ20iPRUuMRzvdMawiYHLAYfoT0lmcR20YxUc7MxreB6sFD7A1d146Wc8aindbqTbhugVM54Imoh1hMnW2QizBABQ406JTLCr0MmajWb_02_Qrg",
    "token_expiry": "2023-07-19T18:49:54Z"
  },
  "sentinels": {
    "config_sentinel": "/Users/inelpandzic/.config/gcloud/config_sentinel"
  }
}
2023-07-19 19:49:56,143 INFO     ___FILE_ONLY___ 

2023-07-19 19:49:56,155 DEBUG    root            Metrics reporting process started...
