2023-07-19 20:53:57,077 DEBUG    root            Loaded Command Group: ['gcloud', 'config']
2023-07-19 20:53:57,078 DEBUG    root            Loaded Command Group: ['gcloud', 'config', 'config_helper']
2023-07-19 20:53:57,078 DEBUG    root            Running [gcloud.config.config-helper] with arguments: [--format: "json"]
2023-07-19 20:53:57,080 DEBUG    google.auth.transport.requests Making request: POST https://oauth2.googleapis.com/token
2023-07-19 20:53:57,084 DEBUG    urllib3.connectionpool Starting new HTTPS connection (1): oauth2.googleapis.com:443
2023-07-19 20:53:57,230 DEBUG    urllib3.connectionpool https://oauth2.googleapis.com:443 "POST /token HTTP/1.1" 200 None
2023-07-19 20:53:57,235 DEBUG    urllib3.connectionpool Starting new HTTPS connection (1): www.gstatic.com:443
2023-07-19 20:53:57,347 DEBUG    urllib3.connectionpool https://www.gstatic.com:443 "GET /cloudsdk/feature_flag_config_file.yaml HTTP/1.1" 200 101
2023-07-19 20:53:57,355 DEBUG    root            Chosen display Format:default json
2023-07-19 20:53:57,356 INFO     root            Display format: "default json"
2023-07-19 20:53:57,356 INFO     ___FILE_ONLY___ {
  "configuration": {
    "active_configuration": "percona-cloud-dev",
    "properties": {
      "core": {
        "account": "inel.pandzic@percona.com",
        "disable_usage_reporting": "False",
        "project": "cloud-dev-112233"
      }
    }
  },
  "credential": {
    "access_token": "ya29.a0AbVbY6O98oS6D4ncAWIPbJaPU4U5dOGOZIDAE9QeJBXGIrXfSo9vTVpuZfLcxZR4fu1HiUZfsPSFv0Y8eRLMuaH5HNNe3N5D7Z7L1rABFdN9lLoUMvK4EJiOtmCr9DpTZyYvewoQSnoueWBIePBBJRvRiJBsqgh9_zk1wCsaCgYKAUoSARESFQFWKvPluvXb3hA3jJJRxzDYSAzusQ0174",
    "id_token": "eyJhbGciOiJSUzI1NiIsImtpZCI6IjY3NmRhOWQzMTJjMzlhNDI5OTMyZjU0M2U2YzFiNmU2NTEyZTQ5ODMiLCJ0eXAiOiJKV1QifQ.eyJpc3MiOiJodHRwczovL2FjY291bnRzLmdvb2dsZS5jb20iLCJhenAiOiIzMjU1NTk0MDU1OS5hcHBzLmdvb2dsZXVzZXJjb250ZW50LmNvbSIsImF1ZCI6IjMyNTU1OTQwNTU5LmFwcHMuZ29vZ2xldXNlcmNvbnRlbnQuY29tIiwic3ViIjoiMTA3NDA5ODEzMzQ0NTU5NDQzNDA3IiwiaGQiOiJwZXJjb25hLmNvbSIsImVtYWlsIjoiaW5lbC5wYW5kemljQHBlcmNvbmEuY29tIiwiZW1haWxfdmVyaWZpZWQiOnRydWUsImF0X2hhc2giOiIzdFdxYlFtUWp3OFBEcXJKazdtZ293IiwiaWF0IjoxNjg5NzkyODM3LCJleHAiOjE2ODk3OTY0Mzd9.Tg5DMe8-ymftilKbr9uZNNzQYwSDvjVrOEVmye5SaJYfwDogAzE0tPLCmoXNccAyUYwJlYkzsMltXcIfv5Wa-N5aBOsIs9UTtdUokvMlQc1Ov7mEoAVoE3g6kBXssjKrVR90ZIi12XpxVaH-OSytw0OUd_C1_byvxTomAnIbuQ1kQuNFxYcLiavrOt3clmC9j4Hwr6eHfgOC129JthhPasH7RNnkWv9wz3A1L71Weepp_Sd-_CheTUZ7TQwVPJlIrgMSg303_QIlvQPxG7A4lPMqstK32PKcsW8Zyd-t_uiS37xEn7xGnO0a7boKRNvPbieiLj7HVEeiqsNCrocrPQ",
    "token_expiry": "2023-07-19T19:53:56Z"
  },
  "sentinels": {
    "config_sentinel": "/Users/inelpandzic/.config/gcloud/config_sentinel"
  }
}
2023-07-19 20:53:57,356 INFO     ___FILE_ONLY___ 

2023-07-19 20:53:57,369 DEBUG    root            Metrics reporting process started...
