2023-07-19 22:00:07,524 DEBUG    root            Loaded Command Group: ['gcloud', 'config']
2023-07-19 22:00:07,526 DEBUG    root            Loaded Command Group: ['gcloud', 'config', 'config_helper']
2023-07-19 22:00:07,527 DEBUG    root            Running [gcloud.config.config-helper] with arguments: [--format: "json"]
2023-07-19 22:00:07,535 DEBUG    google.auth.transport.requests Making request: POST https://oauth2.googleapis.com/token
2023-07-19 22:00:07,562 DEBUG    urllib3.connectionpool Starting new HTTPS connection (1): oauth2.googleapis.com:443
2023-07-19 22:00:07,721 DEBUG    urllib3.connectionpool https://oauth2.googleapis.com:443 "POST /token HTTP/1.1" 200 None
2023-07-19 22:00:07,743 DEBUG    urllib3.connectionpool Starting new HTTPS connection (1): www.gstatic.com:443
2023-07-19 22:00:07,856 DEBUG    urllib3.connectionpool https://www.gstatic.com:443 "GET /cloudsdk/feature_flag_config_file.yaml HTTP/1.1" 200 101
2023-07-19 22:00:07,863 DEBUG    root            Chosen display Format:default json
2023-07-19 22:00:07,863 INFO     root            Display format: "default json"
2023-07-19 22:00:07,864 INFO     ___FILE_ONLY___ {
  "configuration": {
    "active_configuration": "percona-cloud-dev",
    "properties": {
      "core": {
        "account": "inel.pandzic@percona.com",
        "disable_usage_reporting": "False",
        "project": "cloud-dev-112233"
      }
    }
  },
  "credential": {
    "access_token": "ya29.a0AbVbY6PkaXsusKw0Z2Z6875f0RG2nxqmnRgWAoE07Y4k5-wLhlajH0YiUNgHZ8ZRHLqtas9IOaYXt--pt2yM8XXE0pDQrq-X2NmG-3oWceBkKnttTv-u-fGsYzUpq8AMQRZK8utBMWLpBhfDiWx0shi2Hkm0aT48T5XfajQaCgYKAVQSARESFQFWKvPlxxAGxToMFINciEc-Pb2QMA0174",
    "id_token": "eyJhbGciOiJSUzI1NiIsImtpZCI6IjY3NmRhOWQzMTJjMzlhNDI5OTMyZjU0M2U2YzFiNmU2NTEyZTQ5ODMiLCJ0eXAiOiJKV1QifQ.eyJpc3MiOiJodHRwczovL2FjY291bnRzLmdvb2dsZS5jb20iLCJhenAiOiIzMjU1NTk0MDU1OS5hcHBzLmdvb2dsZXVzZXJjb250ZW50LmNvbSIsImF1ZCI6IjMyNTU1OTQwNTU5LmFwcHMuZ29vZ2xldXNlcmNvbnRlbnQuY29tIiwic3ViIjoiMTA3NDA5ODEzMzQ0NTU5NDQzNDA3IiwiaGQiOiJwZXJjb25hLmNvbSIsImVtYWlsIjoiaW5lbC5wYW5kemljQHBlcmNvbmEuY29tIiwiZW1haWxfdmVyaWZpZWQiOnRydWUsImF0X2hhc2giOiIzSHN6ZTRGTU1lNUtPeWNfclJYYVB3IiwiaWF0IjoxNjg5Nzk2ODA3LCJleHAiOjE2ODk4MDA0MDd9.JE2EDC675l9yW1xCXCC9rna5jYC_Rsdofb0TuE4j9X_p5zyWhJDYKLyBWXElGG6RPbpkGlHZkIt8yesj7lgMwhyHiPtfDwvLKbG68tzibztHzxfIDpY8tx4bCVuOEzF3sSh3pnUX4qFJBulhKMDK2yDUsuRavPQz1UeJ6sG_SFC98ZVNZjB1HKkjIOOr1yY8P8gGTkQ2bXL2aLo17bU6C6MhZy6RIFuAf4u8iq9FKCVxiaMiPT5c93R2BTzsrSpAL8IaqpJLqI939Nt0saP5wDCQzrqLXYEb7LOIzW6WNeG-YVYwDkGvrjZ_bhKUW_bhjQa-pgwbE0b4RRoSSmylUg",
    "token_expiry": "2023-07-19T21:00:06Z"
  },
  "sentinels": {
    "config_sentinel": "/Users/inelpandzic/.config/gcloud/config_sentinel"
  }
}
2023-07-19 22:00:07,864 INFO     ___FILE_ONLY___ 

2023-07-19 22:00:07,877 DEBUG    root            Metrics reporting process started...
