2022-11-12 13:52:04,602 DEBUG    root            Loaded Command Group: ['gcloud', 'container', 'clusters']
2022-11-12 13:52:04,604 DEBUG    root            Loaded Command Group: ['gcloud', 'container', 'clusters', 'list']
2022-11-12 13:52:04,624 DEBUG    google.auth.transport.requests Making request: POST https://oauth2.googleapis.com/token
2022-11-12 13:52:04,636 DEBUG    urllib3.connectionpool Starting new HTTPS connection (1): oauth2.googleapis.com:443
2022-11-12 13:52:04,785 DEBUG    urllib3.connectionpool https://oauth2.googleapis.com:443 "POST /token HTTP/1.1" 200 None
2022-11-12 13:52:04,811 DEBUG    root            Running [gcloud.container.clusters.list] with arguments: []
2022-11-12 13:52:04,858 DEBUG    urllib3.connectionpool Starting new HTTPS connection (1): container.googleapis.com:443
2022-11-12 13:52:05,482 DEBUG    urllib3.connectionpool https://container.googleapis.com:443 "GET /v1/projects/cloud-dev-112233/locations/-/clusters?alt=json HTTP/1.1" 200 None
2022-11-12 13:52:05,526 INFO     root            Display format: "
    table(
        name,
        zone:label=LOCATION,
        master_version():label=MASTER_VERSION,
        endpoint:label=MASTER_IP,
        nodePools[0].config.machineType,
        currentNodeVersion:label=NODE_VERSION,
        firstof(currentNodeCount,initialNodeCount):label=NUM_NODES,
        status
    )
"
2022-11-12 13:52:05,548 INFO     ___FILE_ONLY___ NAME
2022-11-12 13:52:05,548 INFO     ___FILE_ONLY___                                
2022-11-12 13:52:05,548 INFO     ___FILE_ONLY___ LOCATION
2022-11-12 13:52:05,548 INFO     ___FILE_ONLY___         
2022-11-12 13:52:05,548 INFO     ___FILE_ONLY___ MASTER_VERSION
2022-11-12 13:52:05,548 INFO     ___FILE_ONLY___     
2022-11-12 13:52:05,548 INFO     ___FILE_ONLY___ MASTER_IP
2022-11-12 13:52:05,548 INFO     ___FILE_ONLY___         
2022-11-12 13:52:05,548 INFO     ___FILE_ONLY___ MACHINE_TYPE
2022-11-12 13:52:05,548 INFO     ___FILE_ONLY___    
2022-11-12 13:52:05,548 INFO     ___FILE_ONLY___ NODE_VERSION
2022-11-12 13:52:05,548 INFO     ___FILE_ONLY___       
2022-11-12 13:52:05,548 INFO     ___FILE_ONLY___ NUM_NODES
2022-11-12 13:52:05,548 INFO     ___FILE_ONLY___   
2022-11-12 13:52:05,548 INFO     ___FILE_ONLY___ STATUS
2022-11-12 13:52:05,548 INFO     ___FILE_ONLY___ 

2022-11-12 13:52:05,549 INFO     ___FILE_ONLY___ andrii-7664
2022-11-12 13:52:05,549 INFO     ___FILE_ONLY___                         
2022-11-12 13:52:05,549 INFO     ___FILE_ONLY___ europe-west1-c
2022-11-12 13:52:05,549 INFO     ___FILE_ONLY___   
2022-11-12 13:52:05,549 INFO     ___FILE_ONLY___ 1.21.14-gke.8500
2022-11-12 13:52:05,549 INFO     ___FILE_ONLY___   
2022-11-12 13:52:05,549 INFO     ___FILE_ONLY___ 34.78.234.85
2022-11-12 13:52:05,549 INFO     ___FILE_ONLY___      
2022-11-12 13:52:05,549 INFO     ___FILE_ONLY___ n1-standard-4
2022-11-12 13:52:05,549 INFO     ___FILE_ONLY___   
2022-11-12 13:52:05,549 INFO     ___FILE_ONLY___ 1.21.14-gke.8500
2022-11-12 13:52:05,549 INFO     ___FILE_ONLY___   
2022-11-12 13:52:05,549 INFO     ___FILE_ONLY___ 3
2022-11-12 13:52:05,549 INFO     ___FILE_ONLY___           
2022-11-12 13:52:05,549 INFO     ___FILE_ONLY___ RUNNING
2022-11-12 13:52:05,549 INFO     ___FILE_ONLY___ 

2022-11-12 13:52:05,549 INFO     ___FILE_ONLY___ slava-pxc
2022-11-12 13:52:05,549 INFO     ___FILE_ONLY___                           
2022-11-12 13:52:05,549 INFO     ___FILE_ONLY___ europe-west3-a
2022-11-12 13:52:05,549 INFO     ___FILE_ONLY___   
2022-11-12 13:52:05,549 INFO     ___FILE_ONLY___ 1.21.14-gke.8500
2022-11-12 13:52:05,549 INFO     ___FILE_ONLY___   
2022-11-12 13:52:05,549 INFO     ___FILE_ONLY___ 35.246.129.77
2022-11-12 13:52:05,549 INFO     ___FILE_ONLY___     
2022-11-12 13:52:05,549 INFO     ___FILE_ONLY___ n1-standard-4
2022-11-12 13:52:05,549 INFO     ___FILE_ONLY___   
2022-11-12 13:52:05,549 INFO     ___FILE_ONLY___ 1.21.14-gke.8500
2022-11-12 13:52:05,550 INFO     ___FILE_ONLY___   
2022-11-12 13:52:05,550 INFO     ___FILE_ONLY___ 3
2022-11-12 13:52:05,550 INFO     ___FILE_ONLY___           
2022-11-12 13:52:05,550 INFO     ___FILE_ONLY___ RUNNING
2022-11-12 13:52:05,550 INFO     ___FILE_ONLY___ 

2022-11-12 13:52:05,550 INFO     ___FILE_ONLY___ inel-1012
2022-11-12 13:52:05,550 INFO     ___FILE_ONLY___                           
2022-11-12 13:52:05,550 INFO     ___FILE_ONLY___ europe-west3-b
2022-11-12 13:52:05,550 INFO     ___FILE_ONLY___   
2022-11-12 13:52:05,550 INFO     ___FILE_ONLY___ 1.21.14-gke.8500
2022-11-12 13:52:05,550 INFO     ___FILE_ONLY___   
2022-11-12 13:52:05,550 INFO     ___FILE_ONLY___ 34.89.167.122
2022-11-12 13:52:05,550 INFO     ___FILE_ONLY___     
2022-11-12 13:52:05,550 INFO     ___FILE_ONLY___ n1-standard-4
2022-11-12 13:52:05,550 INFO     ___FILE_ONLY___   
2022-11-12 13:52:05,550 INFO     ___FILE_ONLY___ 1.21.14-gke.8500
2022-11-12 13:52:05,550 INFO     ___FILE_ONLY___   
2022-11-12 13:52:05,550 INFO     ___FILE_ONLY___ 3
2022-11-12 13:52:05,550 INFO     ___FILE_ONLY___           
2022-11-12 13:52:05,550 INFO     ___FILE_ONLY___ RUNNING
2022-11-12 13:52:05,550 INFO     ___FILE_ONLY___ 

2022-11-12 13:52:05,550 INFO     ___FILE_ONLY___ max-30844
2022-11-12 13:52:05,550 INFO     ___FILE_ONLY___                           
2022-11-12 13:52:05,550 INFO     ___FILE_ONLY___ europe-west3-b
2022-11-12 13:52:05,550 INFO     ___FILE_ONLY___   
2022-11-12 13:52:05,550 INFO     ___FILE_ONLY___ 1.22.12-gke.2300
2022-11-12 13:52:05,550 INFO     ___FILE_ONLY___   
2022-11-12 13:52:05,550 INFO     ___FILE_ONLY___ 35.246.193.17
2022-11-12 13:52:05,550 INFO     ___FILE_ONLY___     
2022-11-12 13:52:05,551 INFO     ___FILE_ONLY___ n1-standard-4
2022-11-12 13:52:05,551 INFO     ___FILE_ONLY___   
2022-11-12 13:52:05,551 INFO     ___FILE_ONLY___ 1.22.12-gke.2300
2022-11-12 13:52:05,551 INFO     ___FILE_ONLY___   
2022-11-12 13:52:05,551 INFO     ___FILE_ONLY___ 3
2022-11-12 13:52:05,551 INFO     ___FILE_ONLY___           
2022-11-12 13:52:05,551 INFO     ___FILE_ONLY___ RUNNING
2022-11-12 13:52:05,551 INFO     ___FILE_ONLY___ 

2022-11-12 13:52:05,551 INFO     ___FILE_ONLY___ jen-pxc-1176-3a68bf75-29-cluster1
2022-11-12 13:52:05,551 INFO     ___FILE_ONLY___   
2022-11-12 13:52:05,551 INFO     ___FILE_ONLY___ us-central1-a
2022-11-12 13:52:05,551 INFO     ___FILE_ONLY___    
2022-11-12 13:52:05,551 INFO     ___FILE_ONLY___ 1.21.14-gke.8500
2022-11-12 13:52:05,551 INFO     ___FILE_ONLY___   
2022-11-12 13:52:05,551 INFO     ___FILE_ONLY___ 34.122.98.213
2022-11-12 13:52:05,551 INFO     ___FILE_ONLY___     
2022-11-12 13:52:05,551 INFO     ___FILE_ONLY___ n1-standard-4
2022-11-12 13:52:05,551 INFO     ___FILE_ONLY___   
2022-11-12 13:52:05,551 INFO     ___FILE_ONLY___ 1.21.14-gke.8500
2022-11-12 13:52:05,551 INFO     ___FILE_ONLY___   
2022-11-12 13:52:05,551 INFO     ___FILE_ONLY___ 3
2022-11-12 13:52:05,551 INFO     ___FILE_ONLY___           
2022-11-12 13:52:05,551 INFO     ___FILE_ONLY___ RUNNING
2022-11-12 13:52:05,551 INFO     ___FILE_ONLY___ 

2022-11-12 13:52:05,551 INFO     ___FILE_ONLY___ jen-pxc-1176-3a68bf75-29-cluster2
2022-11-12 13:52:05,551 INFO     ___FILE_ONLY___   
2022-11-12 13:52:05,551 INFO     ___FILE_ONLY___ us-central1-a
2022-11-12 13:52:05,551 INFO     ___FILE_ONLY___    
2022-11-12 13:52:05,551 INFO     ___FILE_ONLY___ 1.21.14-gke.8500
2022-11-12 13:52:05,551 INFO     ___FILE_ONLY___   
2022-11-12 13:52:05,551 INFO     ___FILE_ONLY___ 35.202.226.135
2022-11-12 13:52:05,551 INFO     ___FILE_ONLY___    
2022-11-12 13:52:05,551 INFO     ___FILE_ONLY___ n1-standard-4
2022-11-12 13:52:05,551 INFO     ___FILE_ONLY___   
2022-11-12 13:52:05,551 INFO     ___FILE_ONLY___ 1.21.14-gke.8500
2022-11-12 13:52:05,552 INFO     ___FILE_ONLY___   
2022-11-12 13:52:05,552 INFO     ___FILE_ONLY___ 3
2022-11-12 13:52:05,552 INFO     ___FILE_ONLY___           
2022-11-12 13:52:05,552 INFO     ___FILE_ONLY___ RUNNING
2022-11-12 13:52:05,552 INFO     ___FILE_ONLY___ 

2022-11-12 13:52:05,552 INFO     ___FILE_ONLY___ jen-pxc-1176-3a68bf75-29-cluster4
2022-11-12 13:52:05,552 INFO     ___FILE_ONLY___   
2022-11-12 13:52:05,552 INFO     ___FILE_ONLY___ us-central1-a
2022-11-12 13:52:05,552 INFO     ___FILE_ONLY___    
2022-11-12 13:52:05,552 INFO     ___FILE_ONLY___ 1.21.14-gke.8500
2022-11-12 13:52:05,552 INFO     ___FILE_ONLY___   
2022-11-12 13:52:05,552 INFO     ___FILE_ONLY___ 34.67.145.66
2022-11-12 13:52:05,552 INFO     ___FILE_ONLY___      
2022-11-12 13:52:05,552 INFO     ___FILE_ONLY___ n1-standard-4
2022-11-12 13:52:05,552 INFO     ___FILE_ONLY___   
2022-11-12 13:52:05,552 INFO     ___FILE_ONLY___ 1.21.14-gke.8500
2022-11-12 13:52:05,552 INFO     ___FILE_ONLY___   
2022-11-12 13:52:05,552 INFO     ___FILE_ONLY___ 3
2022-11-12 13:52:05,552 INFO     ___FILE_ONLY___           
2022-11-12 13:52:05,552 INFO     ___FILE_ONLY___ RUNNING
2022-11-12 13:52:05,552 INFO     ___FILE_ONLY___ 

2022-11-12 13:52:05,552 INFO     ___FILE_ONLY___ jen-pxc-1176-3a68bf75-29-cluster5
2022-11-12 13:52:05,552 INFO     ___FILE_ONLY___   
2022-11-12 13:52:05,552 INFO     ___FILE_ONLY___ us-central1-a
2022-11-12 13:52:05,552 INFO     ___FILE_ONLY___    
2022-11-12 13:52:05,552 INFO     ___FILE_ONLY___ 1.21.14-gke.8500
2022-11-12 13:52:05,552 INFO     ___FILE_ONLY___   
2022-11-12 13:52:05,552 INFO     ___FILE_ONLY___ 34.123.3.61
2022-11-12 13:52:05,552 INFO     ___FILE_ONLY___       
2022-11-12 13:52:05,552 INFO     ___FILE_ONLY___ n1-standard-4
2022-11-12 13:52:05,552 INFO     ___FILE_ONLY___   
2022-11-12 13:52:05,552 INFO     ___FILE_ONLY___ 1.21.14-gke.8500
2022-11-12 13:52:05,552 INFO     ___FILE_ONLY___   
2022-11-12 13:52:05,552 INFO     ___FILE_ONLY___ 3
2022-11-12 13:52:05,552 INFO     ___FILE_ONLY___           
2022-11-12 13:52:05,552 INFO     ___FILE_ONLY___ RUNNING
2022-11-12 13:52:05,553 INFO     ___FILE_ONLY___ 

2022-11-12 13:52:05,553 INFO     ___FILE_ONLY___ jen-pxc-1176-3a68bf75-29-cluster6
2022-11-12 13:52:05,553 INFO     ___FILE_ONLY___   
2022-11-12 13:52:05,553 INFO     ___FILE_ONLY___ us-central1-a
2022-11-12 13:52:05,553 INFO     ___FILE_ONLY___    
2022-11-12 13:52:05,553 INFO     ___FILE_ONLY___ 1.21.14-gke.8500
2022-11-12 13:52:05,553 INFO     ___FILE_ONLY___   
2022-11-12 13:52:05,553 INFO     ___FILE_ONLY___ 34.134.96.191
2022-11-12 13:52:05,553 INFO     ___FILE_ONLY___     
2022-11-12 13:52:05,553 INFO     ___FILE_ONLY___ n1-standard-4
2022-11-12 13:52:05,553 INFO     ___FILE_ONLY___   
2022-11-12 13:52:05,553 INFO     ___FILE_ONLY___ 1.21.14-gke.8500
2022-11-12 13:52:05,553 INFO     ___FILE_ONLY___   
2022-11-12 13:52:05,553 INFO     ___FILE_ONLY___ 3
2022-11-12 13:52:05,553 INFO     ___FILE_ONLY___           
2022-11-12 13:52:05,553 INFO     ___FILE_ONLY___ RUNNING
2022-11-12 13:52:05,553 INFO     ___FILE_ONLY___ 

2022-11-12 13:52:05,553 INFO     ___FILE_ONLY___ jen-pxc-1176-3a68bf75-29-cluster8
2022-11-12 13:52:05,553 INFO     ___FILE_ONLY___   
2022-11-12 13:52:05,553 INFO     ___FILE_ONLY___ us-central1-a
2022-11-12 13:52:05,553 INFO     ___FILE_ONLY___    
2022-11-12 13:52:05,553 INFO     ___FILE_ONLY___ 1.21.14-gke.8500
2022-11-12 13:52:05,553 INFO     ___FILE_ONLY___   
2022-11-12 13:52:05,553 INFO     ___FILE_ONLY___ 104.154.137.168
2022-11-12 13:52:05,553 INFO     ___FILE_ONLY___   
2022-11-12 13:52:05,553 INFO     ___FILE_ONLY___ n1-standard-4
2022-11-12 13:52:05,553 INFO     ___FILE_ONLY___   
2022-11-12 13:52:05,553 INFO     ___FILE_ONLY___ 1.21.14-gke.8500
2022-11-12 13:52:05,553 INFO     ___FILE_ONLY___   
2022-11-12 13:52:05,553 INFO     ___FILE_ONLY___ 3
2022-11-12 13:52:05,553 INFO     ___FILE_ONLY___           
2022-11-12 13:52:05,553 INFO     ___FILE_ONLY___ RUNNING
2022-11-12 13:52:05,553 INFO     ___FILE_ONLY___ 

2022-11-12 13:52:05,561 DEBUG    root            Metrics reporting process started...
