2022-11-12 14:59:29,790 DEBUG    root            Loaded Command Group: ['gcloud', 'config']
2022-11-12 14:59:29,792 DEBUG    root            Loaded Command Group: ['gcloud', 'config', 'config_helper']
2022-11-12 14:59:29,793 DEBUG    root            Running [gcloud.config.config-helper] with arguments: [--format: "json"]
2022-11-12 14:59:29,806 DEBUG    google.auth.transport.requests Making request: POST https://oauth2.googleapis.com/token
2022-11-12 14:59:29,824 DEBUG    urllib3.connectionpool Starting new HTTPS connection (1): oauth2.googleapis.com:443
2022-11-12 14:59:29,981 DEBUG    urllib3.connectionpool https://oauth2.googleapis.com:443 "POST /token HTTP/1.1" 200 None
2022-11-12 14:59:29,988 INFO     root            Display format: "default json"
2022-11-12 14:59:29,989 INFO     ___FILE_ONLY___ {
  "configuration": {
    "active_configuration": "percona-cloud-dev",
    "properties": {
      "core": {
        "account": "inel.pandzic@percona.com",
        "disable_usage_reporting": "False",
        "project": "cloud-dev-112233"
      }
    }
  },
  "credential": {
    "access_token": "ya29.a0AeTM1ifzdqp9tICMRbyT0vshTzEXA2vjcuSKvyU5WzZxpQX7nW0nPBnDlAAeZzCMp7P5EbbdT30AAd3qs_WBVI3WnhA1b3qXEl16L7rx1KVrOC5Aivsm643-ZeP9mGh51zZSrJzg_OMk05PsiJTIeGotasUWadiAvRBvZSEaCgYKASASARESFQHWtWOm2mK2Cy4ERveipLOjnft9xQ0174",
    "id_token": "eyJhbGciOiJSUzI1NiIsImtpZCI6ImY0NTEzNDVmYWQwODEwMWJmYjM0NWNmNjQyYTJkYTkyNjdiOWViZWIiLCJ0eXAiOiJKV1QifQ.eyJpc3MiOiJodHRwczovL2FjY291bnRzLmdvb2dsZS5jb20iLCJhenAiOiIzMjU1NTk0MDU1OS5hcHBzLmdvb2dsZXVzZXJjb250ZW50LmNvbSIsImF1ZCI6IjMyNTU1OTQwNTU5LmFwcHMuZ29vZ2xldXNlcmNvbnRlbnQuY29tIiwic3ViIjoiMTA3NDA5ODEzMzQ0NTU5NDQzNDA3IiwiaGQiOiJwZXJjb25hLmNvbSIsImVtYWlsIjoiaW5lbC5wYW5kemljQHBlcmNvbmEuY29tIiwiZW1haWxfdmVyaWZpZWQiOnRydWUsImF0X2hhc2giOiJad0FLRFBKUDV3NEx1WjJuN2xWeUp3IiwiaWF0IjoxNjY4MjYxNTcwLCJleHAiOjE2NjgyNjUxNzB9.YL1DVajI1zra0i1Qdj06CGEOblttyGWUjuE5Yesgi30CKiztaqHZeMyJKTcypUFyzQLUpVsSucxtDnpbSOQ4yxDezKx1679BxURemSwvbHQ5n8crD7LnMdD6znokQ1nFYzyupMgsk2pqeWwP14JALHELZS4fgIUbyy95TaLxA8W9Wj1HFYkvJPdHr9Jj6szGQcNWxFLZXEG4E9xvhqv1P2XAhacLyu2pKG8mlBFgM2c6CNW8jmDJ-qInWx-3bgLSuZS3QctKS5wEI46p5FtK0imnZESv1pvMUVUz2a7lIN3cGLulzI7zk7uQ2WEfJs4gO254ZIDxkEhfrmcj0d8RRw",
    "token_expiry": "2022-11-12T14:59:28Z"
  },
  "sentinels": {
    "config_sentinel": "/Users/inelpandzic/.config/gcloud/config_sentinel"
  }
}
2022-11-12 14:59:29,989 INFO     ___FILE_ONLY___ 

2022-11-12 14:59:29,998 DEBUG    root            Metrics reporting process started...
