2023-11-29 07:11:44,899 DEBUG    root            Loaded Command Group: ['gcloud', 'config']
2023-11-29 07:11:44,901 DEBUG    root            Loaded Command Group: ['gcloud', 'config', 'config_helper']
2023-11-29 07:11:44,901 DEBUG    root            Running [gcloud.config.config-helper] with arguments: [--format: "json"]
2023-11-29 07:11:44,904 DEBUG    root            Chosen display Format:default json
2023-11-29 07:11:44,904 INFO     root            Display format: "default json"
2023-11-29 07:11:44,904 INFO     ___FILE_ONLY___ {
  "configuration": {
    "active_configuration": "percona-cloud-dev",
    "properties": {
      "core": {
        "account": "inel.pandzic@percona.com",
        "disable_usage_reporting": "False",
        "project": "cloud-dev-112233"
      }
    }
  },
  "credential": {
    "access_token": "ya29.a0AfB_byCYK6lbia86JLU-YP0f4COJlYvr2ppjMB5GMtOYVcfPur9jGEbr45UfEpaz4SRh1tporwW_w3fQ2jdn_EATGzRkmm2GRNvVC60P_E9Zj0hFvCAXf9C_tfo2q-SCsJT-UUfSE50WnOjgIKVARnyO6ssk6KvQFeIzga_RSHB_aCgYKAeMSARESFQHGX2MisxA75H0-htrprEEK928tUg0179",
    "id_token": "eyJhbGciOiJSUzI1NiIsImtpZCI6IjBlNzJkYTFkZjUwMWNhNmY3NTZiZjEwM2ZkN2M3MjAyOTQ3NzI1MDYiLCJ0eXAiOiJKV1QifQ.eyJpc3MiOiJodHRwczovL2FjY291bnRzLmdvb2dsZS5jb20iLCJhenAiOiIzMjU1NTk0MDU1OS5hcHBzLmdvb2dsZXVzZXJjb250ZW50LmNvbSIsImF1ZCI6IjMyNTU1OTQwNTU5LmFwcHMuZ29vZ2xldXNlcmNvbnRlbnQuY29tIiwic3ViIjoiMTA3NDA5ODEzMzQ0NTU5NDQzNDA3IiwiaGQiOiJwZXJjb25hLmNvbSIsImVtYWlsIjoiaW5lbC5wYW5kemljQHBlcmNvbmEuY29tIiwiZW1haWxfdmVyaWZpZWQiOnRydWUsImF0X2hhc2giOiJzdUpHb2o2MmxSNWI2alE1WnRwZWVnIiwiaWF0IjoxNzAxMjM3OTUzLCJleHAiOjE3MDEyNDE1NTN9.mhV4EIHBog3Ya-LGK-bxC5oesI1dLdI6SvvqMXUun_h0hIno3aXOYoO81Hd2SDsfr4NEmYbXmRq6IqiFcsNWXBL7TzkydHnJvRWvzZdyF44QwHrqUR7QuXtLvGFRGYrlogH_GAR9ZokvmpLHuUaExEetv-8O1ZskLZNXh0GV-AlBF0CrVzP6rWthkDf0l2SHapdbLEvtBKOm7X4FiXyhEoQYMWDic8XZmiNzVM_c3VwoTtw4NQxttcvBpeWC6mDTYSyFf_rTyP0l2hk4ez1NbRH833etd_vjgB-6JAH5NhAErwdWVVTr6oX2LNVfyYYeg9LLDvNCy_LKQTHTyWBf3Q",
    "token_expiry": "2023-11-29T07:05:52Z"
  },
  "sentinels": {
    "config_sentinel": "/Users/inelpandzic/.config/gcloud/config_sentinel"
  }
}
2023-11-29 07:11:44,904 INFO     ___FILE_ONLY___ 

2023-11-29 07:11:44,909 DEBUG    root            Metrics reporting process started...
