2023-11-29 11:03:41,593 DEBUG    root            Loaded Command Group: ['gcloud', 'container', 'clusters']
2023-11-29 11:03:41,595 DEBUG    root            Loaded Command Group: ['gcloud', 'container', 'clusters', 'list']
2023-11-29 11:03:41,608 DEBUG    root            Running [gcloud.container.clusters.list] with arguments: []
2023-11-29 11:03:41,658 DEBUG    urllib3.connectionpool Starting new HTTPS connection (1): container.googleapis.com:443
2023-11-29 11:03:43,603 DEBUG    urllib3.connectionpool https://container.googleapis.com:443 "GET /v1/projects/cloud-dev-112233/locations/-/clusters?alt=json HTTP/1.1" 200 None
2023-11-29 11:03:43,708 DEBUG    root            Chosen display Format:
    table(
        name,
        zone:label=LOCATION,
        master_version():label=MASTER_VERSION,
        endpoint:label=MASTER_IP,
        nodePools[0].config.machineType,
        currentNodeVersion:label=NODE_VERSION,
        firstof(currentNodeCount,initialNodeCount):label=NUM_NODES,
        status
    )

2023-11-29 11:03:43,708 INFO     root            Display format: "
    table(
        name,
        zone:label=LOCATION,
        master_version():label=MASTER_VERSION,
        endpoint:label=MASTER_IP,
        nodePools[0].config.machineType,
        currentNodeVersion:label=NODE_VERSION,
        firstof(currentNodeCount,initialNodeCount):label=NUM_NODES,
        status
    )
"
2023-11-29 11:03:43,742 INFO     ___FILE_ONLY___ NAME
2023-11-29 11:03:43,742 INFO     ___FILE_ONLY___                                
2023-11-29 11:03:43,742 INFO     ___FILE_ONLY___ LOCATION
2023-11-29 11:03:43,742 INFO     ___FILE_ONLY___         
2023-11-29 11:03:43,742 INFO     ___FILE_ONLY___ MASTER_VERSION
2023-11-29 11:03:43,742 INFO     ___FILE_ONLY___        
2023-11-29 11:03:43,742 INFO     ___FILE_ONLY___ MASTER_IP
2023-11-29 11:03:43,742 INFO     ___FILE_ONLY___        
2023-11-29 11:03:43,742 INFO     ___FILE_ONLY___ MACHINE_TYPE
2023-11-29 11:03:43,742 INFO     ___FILE_ONLY___    
2023-11-29 11:03:43,742 INFO     ___FILE_ONLY___ NODE_VERSION
2023-11-29 11:03:43,742 INFO     ___FILE_ONLY___          
2023-11-29 11:03:43,742 INFO     ___FILE_ONLY___ NUM_NODES
2023-11-29 11:03:43,742 INFO     ___FILE_ONLY___   
2023-11-29 11:03:43,742 INFO     ___FILE_ONLY___ STATUS
2023-11-29 11:03:43,742 INFO     ___FILE_ONLY___ 

2023-11-29 11:03:43,742 INFO     ___FILE_ONLY___ andrii-13937
2023-11-29 11:03:43,742 INFO     ___FILE_ONLY___                        
2023-11-29 11:03:43,742 INFO     ___FILE_ONLY___ europe-west1-c
2023-11-29 11:03:43,742 INFO     ___FILE_ONLY___   
2023-11-29 11:03:43,742 INFO     ___FILE_ONLY___ 1.24.17-gke.2266000
2023-11-29 11:03:43,742 INFO     ___FILE_ONLY___   
2023-11-29 11:03:43,742 INFO     ___FILE_ONLY___ 35.241.154.67
2023-11-29 11:03:43,742 INFO     ___FILE_ONLY___    
2023-11-29 11:03:43,742 INFO     ___FILE_ONLY___ n1-standard-4
2023-11-29 11:03:43,742 INFO     ___FILE_ONLY___   
2023-11-29 11:03:43,742 INFO     ___FILE_ONLY___ 1.24.17-gke.2266000
2023-11-29 11:03:43,742 INFO     ___FILE_ONLY___   
2023-11-29 11:03:43,742 INFO     ___FILE_ONLY___ 3
2023-11-29 11:03:43,742 INFO     ___FILE_ONLY___           
2023-11-29 11:03:43,742 INFO     ___FILE_ONLY___ RUNNING
2023-11-29 11:03:43,742 INFO     ___FILE_ONLY___ 

2023-11-29 11:03:43,742 INFO     ___FILE_ONLY___ andrii-26147
2023-11-29 11:03:43,742 INFO     ___FILE_ONLY___                        
2023-11-29 11:03:43,742 INFO     ___FILE_ONLY___ europe-west1-c
2023-11-29 11:03:43,743 INFO     ___FILE_ONLY___   
2023-11-29 11:03:43,743 INFO     ___FILE_ONLY___ 1.24.17-gke.2266000
2023-11-29 11:03:43,743 INFO     ___FILE_ONLY___   
2023-11-29 11:03:43,743 INFO     ___FILE_ONLY___ 35.195.38.90
2023-11-29 11:03:43,743 INFO     ___FILE_ONLY___     
2023-11-29 11:03:43,743 INFO     ___FILE_ONLY___ n1-standard-4
2023-11-29 11:03:43,743 INFO     ___FILE_ONLY___   
2023-11-29 11:03:43,743 INFO     ___FILE_ONLY___ 1.24.17-gke.2266000
2023-11-29 11:03:43,743 INFO     ___FILE_ONLY___   
2023-11-29 11:03:43,743 INFO     ___FILE_ONLY___ 3
2023-11-29 11:03:43,743 INFO     ___FILE_ONLY___           
2023-11-29 11:03:43,743 INFO     ___FILE_ONLY___ RUNNING
2023-11-29 11:03:43,743 INFO     ___FILE_ONLY___ 

2023-11-29 11:03:43,743 INFO     ___FILE_ONLY___ plavi-128
2023-11-29 11:03:43,743 INFO     ___FILE_ONLY___                           
2023-11-29 11:03:43,743 INFO     ___FILE_ONLY___ europe-west1-c
2023-11-29 11:03:43,743 INFO     ___FILE_ONLY___   
2023-11-29 11:03:43,743 INFO     ___FILE_ONLY___ 1.28.3-gke.1203000
2023-11-29 11:03:43,743 INFO     ___FILE_ONLY___    
2023-11-29 11:03:43,743 INFO     ___FILE_ONLY___ 35.189.232.219
2023-11-29 11:03:43,743 INFO     ___FILE_ONLY___   
2023-11-29 11:03:43,743 INFO     ___FILE_ONLY___ n1-standard-4
2023-11-29 11:03:43,743 INFO     ___FILE_ONLY___   
2023-11-29 11:03:43,743 INFO     ___FILE_ONLY___ 1.28.3-gke.1203000
2023-11-29 11:03:43,743 INFO     ___FILE_ONLY___    
2023-11-29 11:03:43,743 INFO     ___FILE_ONLY___ 3
2023-11-29 11:03:43,743 INFO     ___FILE_ONLY___           
2023-11-29 11:03:43,743 INFO     ___FILE_ONLY___ RUNNING
2023-11-29 11:03:43,743 INFO     ___FILE_ONLY___ 

2023-11-29 11:03:43,743 INFO     ___FILE_ONLY___ ege-16603
2023-11-29 11:03:43,743 INFO     ___FILE_ONLY___                           
2023-11-29 11:03:43,743 INFO     ___FILE_ONLY___ europe-west3
2023-11-29 11:03:43,743 INFO     ___FILE_ONLY___     
2023-11-29 11:03:43,743 INFO     ___FILE_ONLY___ 1.28.3-gke.1203000
2023-11-29 11:03:43,743 INFO     ___FILE_ONLY___    
2023-11-29 11:03:43,743 INFO     ___FILE_ONLY___ 34.159.231.202
2023-11-29 11:03:43,743 INFO     ___FILE_ONLY___   
2023-11-29 11:03:43,743 INFO     ___FILE_ONLY___ n1-standard-4
2023-11-29 11:03:43,743 INFO     ___FILE_ONLY___   
2023-11-29 11:03:43,743 INFO     ___FILE_ONLY___ 1.28.3-gke.1203000
2023-11-29 11:03:43,743 INFO     ___FILE_ONLY___    
2023-11-29 11:03:43,743 INFO     ___FILE_ONLY___ 3
2023-11-29 11:03:43,743 INFO     ___FILE_ONLY___           
2023-11-29 11:03:43,743 INFO     ___FILE_ONLY___ RUNNING
2023-11-29 11:03:43,743 INFO     ___FILE_ONLY___ 

2023-11-29 11:03:43,743 INFO     ___FILE_ONLY___ inel-24796
2023-11-29 11:03:43,743 INFO     ___FILE_ONLY___                          
2023-11-29 11:03:43,743 INFO     ___FILE_ONLY___ europe-west3-b
2023-11-29 11:03:43,743 INFO     ___FILE_ONLY___   
2023-11-29 11:03:43,743 INFO     ___FILE_ONLY___ 1.25.15-gke.1115000
2023-11-29 11:03:43,743 INFO     ___FILE_ONLY___   
2023-11-29 11:03:43,743 INFO     ___FILE_ONLY___ 35.242.248.157
2023-11-29 11:03:43,743 INFO     ___FILE_ONLY___   
2023-11-29 11:03:43,743 INFO     ___FILE_ONLY___ n1-standard-4
2023-11-29 11:03:43,743 INFO     ___FILE_ONLY___   
2023-11-29 11:03:43,743 INFO     ___FILE_ONLY___ 1.25.15-gke.1115000
2023-11-29 11:03:43,743 INFO     ___FILE_ONLY___   
2023-11-29 11:03:43,743 INFO     ___FILE_ONLY___ 3
2023-11-29 11:03:43,743 INFO     ___FILE_ONLY___           
2023-11-29 11:03:43,743 INFO     ___FILE_ONLY___ RUNNING
2023-11-29 11:03:43,743 INFO     ___FILE_ONLY___ 

2023-11-29 11:03:43,743 INFO     ___FILE_ONLY___ jen-ps-482-d585605-5-cluster5
2023-11-29 11:03:43,743 INFO     ___FILE_ONLY___       
2023-11-29 11:03:43,743 INFO     ___FILE_ONLY___ us-central1-a
2023-11-29 11:03:43,744 INFO     ___FILE_ONLY___    
2023-11-29 11:03:43,744 INFO     ___FILE_ONLY___ 1.25.15-gke.1115000
2023-11-29 11:03:43,744 INFO     ___FILE_ONLY___   
2023-11-29 11:03:43,744 INFO     ___FILE_ONLY___ 34.123.77.70
2023-11-29 11:03:43,744 INFO     ___FILE_ONLY___     
2023-11-29 11:03:43,744 INFO     ___FILE_ONLY___ n1-standard-4
2023-11-29 11:03:43,744 INFO     ___FILE_ONLY___   
2023-11-29 11:03:43,744 INFO     ___FILE_ONLY___ 1.25.15-gke.1115000
2023-11-29 11:03:43,744 INFO     ___FILE_ONLY___   
2023-11-29 11:03:43,744 INFO     ___FILE_ONLY___ 3
2023-11-29 11:03:43,744 INFO     ___FILE_ONLY___           
2023-11-29 11:03:43,744 INFO     ___FILE_ONLY___ STOPPING
2023-11-29 11:03:43,744 INFO     ___FILE_ONLY___ 

2023-11-29 11:03:43,744 INFO     ___FILE_ONLY___ jen-pxc-1522-6170d681-17-cluster1
2023-11-29 11:03:43,744 INFO     ___FILE_ONLY___   
2023-11-29 11:03:43,744 INFO     ___FILE_ONLY___ us-central1-a
2023-11-29 11:03:43,744 INFO     ___FILE_ONLY___    
2023-11-29 11:03:43,744 INFO     ___FILE_ONLY___ 1.25.15-gke.1115000
2023-11-29 11:03:43,744 INFO     ___FILE_ONLY___   
2023-11-29 11:03:43,744 INFO     ___FILE_ONLY___ 34.135.187.64
2023-11-29 11:03:43,744 INFO     ___FILE_ONLY___    
2023-11-29 11:03:43,744 INFO     ___FILE_ONLY___ n1-standard-4
2023-11-29 11:03:43,744 INFO     ___FILE_ONLY___   
2023-11-29 11:03:43,744 INFO     ___FILE_ONLY___ 1.25.15-gke.1115000
2023-11-29 11:03:43,744 INFO     ___FILE_ONLY___   
2023-11-29 11:03:43,744 INFO     ___FILE_ONLY___ 3
2023-11-29 11:03:43,744 INFO     ___FILE_ONLY___           
2023-11-29 11:03:43,744 INFO     ___FILE_ONLY___ RUNNING
2023-11-29 11:03:43,744 INFO     ___FILE_ONLY___ 

2023-11-29 11:03:43,744 INFO     ___FILE_ONLY___ jen-pxc-1522-6170d681-17-cluster2
2023-11-29 11:03:43,744 INFO     ___FILE_ONLY___   
2023-11-29 11:03:43,744 INFO     ___FILE_ONLY___ us-central1-a
2023-11-29 11:03:43,744 INFO     ___FILE_ONLY___    
2023-11-29 11:03:43,744 INFO     ___FILE_ONLY___ 1.25.15-gke.1115000
2023-11-29 11:03:43,744 INFO     ___FILE_ONLY___   
2023-11-29 11:03:43,744 INFO     ___FILE_ONLY___ 34.71.161.127
2023-11-29 11:03:43,744 INFO     ___FILE_ONLY___    
2023-11-29 11:03:43,744 INFO     ___FILE_ONLY___ n1-standard-4
2023-11-29 11:03:43,744 INFO     ___FILE_ONLY___   
2023-11-29 11:03:43,744 INFO     ___FILE_ONLY___ 1.25.15-gke.1115000
2023-11-29 11:03:43,744 INFO     ___FILE_ONLY___   
2023-11-29 11:03:43,744 INFO     ___FILE_ONLY___ 3
2023-11-29 11:03:43,744 INFO     ___FILE_ONLY___           
2023-11-29 11:03:43,744 INFO     ___FILE_ONLY___ RUNNING
2023-11-29 11:03:43,744 INFO     ___FILE_ONLY___ 

2023-11-29 11:03:43,744 INFO     ___FILE_ONLY___ jen-pxc-1522-6170d681-17-cluster3
2023-11-29 11:03:43,744 INFO     ___FILE_ONLY___   
2023-11-29 11:03:43,744 INFO     ___FILE_ONLY___ us-central1-a
2023-11-29 11:03:43,744 INFO     ___FILE_ONLY___    
2023-11-29 11:03:43,744 INFO     ___FILE_ONLY___ 1.25.15-gke.1115000
2023-11-29 11:03:43,744 INFO     ___FILE_ONLY___   
2023-11-29 11:03:43,744 INFO     ___FILE_ONLY___ 34.68.132.54
2023-11-29 11:03:43,744 INFO     ___FILE_ONLY___     
2023-11-29 11:03:43,744 INFO     ___FILE_ONLY___ n1-standard-4
2023-11-29 11:03:43,744 INFO     ___FILE_ONLY___   
2023-11-29 11:03:43,744 INFO     ___FILE_ONLY___ 1.25.15-gke.1115000
2023-11-29 11:03:43,744 INFO     ___FILE_ONLY___   
2023-11-29 11:03:43,744 INFO     ___FILE_ONLY___ 3
2023-11-29 11:03:43,744 INFO     ___FILE_ONLY___           
2023-11-29 11:03:43,744 INFO     ___FILE_ONLY___ RUNNING
2023-11-29 11:03:43,744 INFO     ___FILE_ONLY___ 

2023-11-29 11:03:43,744 INFO     ___FILE_ONLY___ jen-pxc-1522-6170d681-17-cluster4
2023-11-29 11:03:43,744 INFO     ___FILE_ONLY___   
2023-11-29 11:03:43,744 INFO     ___FILE_ONLY___ us-central1-a
2023-11-29 11:03:43,744 INFO     ___FILE_ONLY___    
2023-11-29 11:03:43,744 INFO     ___FILE_ONLY___ 1.25.15-gke.1115000
2023-11-29 11:03:43,744 INFO     ___FILE_ONLY___   
2023-11-29 11:03:43,744 INFO     ___FILE_ONLY___ 34.123.152.8
2023-11-29 11:03:43,745 INFO     ___FILE_ONLY___     
2023-11-29 11:03:43,745 INFO     ___FILE_ONLY___ n1-standard-4
2023-11-29 11:03:43,745 INFO     ___FILE_ONLY___   
2023-11-29 11:03:43,745 INFO     ___FILE_ONLY___ 1.25.15-gke.1115000
2023-11-29 11:03:43,745 INFO     ___FILE_ONLY___   
2023-11-29 11:03:43,745 INFO     ___FILE_ONLY___ 3
2023-11-29 11:03:43,745 INFO     ___FILE_ONLY___           
2023-11-29 11:03:43,745 INFO     ___FILE_ONLY___ RUNNING
2023-11-29 11:03:43,745 INFO     ___FILE_ONLY___ 

2023-11-29 11:03:43,745 INFO     ___FILE_ONLY___ jen-pxc-1522-6170d681-17-cluster5
2023-11-29 11:03:43,745 INFO     ___FILE_ONLY___   
2023-11-29 11:03:43,745 INFO     ___FILE_ONLY___ us-central1-a
2023-11-29 11:03:43,745 INFO     ___FILE_ONLY___    
2023-11-29 11:03:43,745 INFO     ___FILE_ONLY___ 1.25.15-gke.1115000
2023-11-29 11:03:43,745 INFO     ___FILE_ONLY___   
2023-11-29 11:03:43,745 INFO     ___FILE_ONLY___ 34.134.219.162
2023-11-29 11:03:43,745 INFO     ___FILE_ONLY___   
2023-11-29 11:03:43,745 INFO     ___FILE_ONLY___ n1-standard-4
2023-11-29 11:03:43,745 INFO     ___FILE_ONLY___   
2023-11-29 11:03:43,745 INFO     ___FILE_ONLY___ 1.25.15-gke.1115000
2023-11-29 11:03:43,745 INFO     ___FILE_ONLY___   
2023-11-29 11:03:43,745 INFO     ___FILE_ONLY___ 3
2023-11-29 11:03:43,745 INFO     ___FILE_ONLY___           
2023-11-29 11:03:43,745 INFO     ___FILE_ONLY___ RUNNING
2023-11-29 11:03:43,745 INFO     ___FILE_ONLY___ 

2023-11-29 11:03:43,745 INFO     ___FILE_ONLY___ jen-pxc-1522-6170d681-17-cluster6
2023-11-29 11:03:43,745 INFO     ___FILE_ONLY___   
2023-11-29 11:03:43,745 INFO     ___FILE_ONLY___ us-central1-a
2023-11-29 11:03:43,745 INFO     ___FILE_ONLY___    
2023-11-29 11:03:43,745 INFO     ___FILE_ONLY___ 1.25.15-gke.1115000
2023-11-29 11:03:43,745 INFO     ___FILE_ONLY___   
2023-11-29 11:03:43,745 INFO     ___FILE_ONLY___ 34.70.67.14
2023-11-29 11:03:43,745 INFO     ___FILE_ONLY___      
2023-11-29 11:03:43,745 INFO     ___FILE_ONLY___ n1-standard-4
2023-11-29 11:03:43,745 INFO     ___FILE_ONLY___   
2023-11-29 11:03:43,745 INFO     ___FILE_ONLY___ 1.25.15-gke.1115000
2023-11-29 11:03:43,745 INFO     ___FILE_ONLY___   
2023-11-29 11:03:43,745 INFO     ___FILE_ONLY___ 3
2023-11-29 11:03:43,745 INFO     ___FILE_ONLY___           
2023-11-29 11:03:43,745 INFO     ___FILE_ONLY___ RUNNING
2023-11-29 11:03:43,745 INFO     ___FILE_ONLY___ 

2023-11-29 11:03:43,745 INFO     ___FILE_ONLY___ jen-pxc-1522-6170d681-17-cluster7
2023-11-29 11:03:43,745 INFO     ___FILE_ONLY___   
2023-11-29 11:03:43,745 INFO     ___FILE_ONLY___ us-central1-a
2023-11-29 11:03:43,745 INFO     ___FILE_ONLY___    
2023-11-29 11:03:43,745 INFO     ___FILE_ONLY___ 1.25.15-gke.1115000
2023-11-29 11:03:43,745 INFO     ___FILE_ONLY___   
2023-11-29 11:03:43,745 INFO     ___FILE_ONLY___ 34.69.42.84
2023-11-29 11:03:43,745 INFO     ___FILE_ONLY___      
2023-11-29 11:03:43,745 INFO     ___FILE_ONLY___ n1-standard-4
2023-11-29 11:03:43,745 INFO     ___FILE_ONLY___   
2023-11-29 11:03:43,745 INFO     ___FILE_ONLY___ 1.25.15-gke.1115000
2023-11-29 11:03:43,745 INFO     ___FILE_ONLY___   
2023-11-29 11:03:43,745 INFO     ___FILE_ONLY___ 3
2023-11-29 11:03:43,745 INFO     ___FILE_ONLY___           
2023-11-29 11:03:43,745 INFO     ___FILE_ONLY___ RUNNING
2023-11-29 11:03:43,745 INFO     ___FILE_ONLY___ 

2023-11-29 11:03:43,745 INFO     ___FILE_ONLY___ jen-pxc-1522-6170d681-17-cluster8
2023-11-29 11:03:43,745 INFO     ___FILE_ONLY___   
2023-11-29 11:03:43,745 INFO     ___FILE_ONLY___ us-central1-a
2023-11-29 11:03:43,745 INFO     ___FILE_ONLY___    
2023-11-29 11:03:43,745 INFO     ___FILE_ONLY___ 1.25.15-gke.1115000
2023-11-29 11:03:43,745 INFO     ___FILE_ONLY___   
2023-11-29 11:03:43,745 INFO     ___FILE_ONLY___ 34.133.159.167
2023-11-29 11:03:43,745 INFO     ___FILE_ONLY___   
2023-11-29 11:03:43,745 INFO     ___FILE_ONLY___ n1-standard-4
2023-11-29 11:03:43,745 INFO     ___FILE_ONLY___   
2023-11-29 11:03:43,745 INFO     ___FILE_ONLY___ 1.25.15-gke.1115000
2023-11-29 11:03:43,745 INFO     ___FILE_ONLY___   
2023-11-29 11:03:43,745 INFO     ___FILE_ONLY___ 3
2023-11-29 11:03:43,745 INFO     ___FILE_ONLY___           
2023-11-29 11:03:43,745 INFO     ___FILE_ONLY___ RUNNING
2023-11-29 11:03:43,746 INFO     ___FILE_ONLY___ 

2023-11-29 11:03:43,746 INFO     ___FILE_ONLY___ jen-pxc-1522-6170d681-17-cluster9
2023-11-29 11:03:43,746 INFO     ___FILE_ONLY___   
2023-11-29 11:03:43,746 INFO     ___FILE_ONLY___ us-central1-a
2023-11-29 11:03:43,746 INFO     ___FILE_ONLY___    
2023-11-29 11:03:43,746 INFO     ___FILE_ONLY___ 1.25.15-gke.1115000
2023-11-29 11:03:43,746 INFO     ___FILE_ONLY___   
2023-11-29 11:03:43,746 INFO     ___FILE_ONLY___ 34.29.5.17
2023-11-29 11:03:43,746 INFO     ___FILE_ONLY___       
2023-11-29 11:03:43,746 INFO     ___FILE_ONLY___ n1-standard-4
2023-11-29 11:03:43,746 INFO     ___FILE_ONLY___   
2023-11-29 11:03:43,746 INFO     ___FILE_ONLY___ 1.25.15-gke.1115000
2023-11-29 11:03:43,746 INFO     ___FILE_ONLY___   
2023-11-29 11:03:43,746 INFO     ___FILE_ONLY___ 3
2023-11-29 11:03:43,746 INFO     ___FILE_ONLY___           
2023-11-29 11:03:43,746 INFO     ___FILE_ONLY___ RUNNING
2023-11-29 11:03:43,746 INFO     ___FILE_ONLY___ 

2023-11-29 11:03:43,746 INFO     ___FILE_ONLY___ jen-pxc-1526-47facb3d-1-cluster1
2023-11-29 11:03:43,746 INFO     ___FILE_ONLY___    
2023-11-29 11:03:43,746 INFO     ___FILE_ONLY___ us-central1-a
2023-11-29 11:03:43,746 INFO     ___FILE_ONLY___    
2023-11-29 11:03:43,746 INFO     ___FILE_ONLY___ 1.25.15-gke.1115000
2023-11-29 11:03:43,746 INFO     ___FILE_ONLY___   
2023-11-29 11:03:43,746 INFO     ___FILE_ONLY___ 34.71.18.171
2023-11-29 11:03:43,746 INFO     ___FILE_ONLY___     
2023-11-29 11:03:43,746 INFO     ___FILE_ONLY___ n1-standard-4
2023-11-29 11:03:43,746 INFO     ___FILE_ONLY___   
2023-11-29 11:03:43,746 INFO     ___FILE_ONLY___ 1.25.15-gke.1115000
2023-11-29 11:03:43,746 INFO     ___FILE_ONLY___   
2023-11-29 11:03:43,746 INFO     ___FILE_ONLY___ 3
2023-11-29 11:03:43,746 INFO     ___FILE_ONLY___           
2023-11-29 11:03:43,746 INFO     ___FILE_ONLY___ RUNNING
2023-11-29 11:03:43,746 INFO     ___FILE_ONLY___ 

2023-11-29 11:03:43,746 INFO     ___FILE_ONLY___ jen-pxc-1526-47facb3d-1-cluster2
2023-11-29 11:03:43,746 INFO     ___FILE_ONLY___    
2023-11-29 11:03:43,746 INFO     ___FILE_ONLY___ us-central1-a
2023-11-29 11:03:43,746 INFO     ___FILE_ONLY___    
2023-11-29 11:03:43,746 INFO     ___FILE_ONLY___ 1.25.15-gke.1115000
2023-11-29 11:03:43,746 INFO     ___FILE_ONLY___   
2023-11-29 11:03:43,746 INFO     ___FILE_ONLY___ 34.72.48.61
2023-11-29 11:03:43,746 INFO     ___FILE_ONLY___      
2023-11-29 11:03:43,746 INFO     ___FILE_ONLY___ n1-standard-4
2023-11-29 11:03:43,746 INFO     ___FILE_ONLY___   
2023-11-29 11:03:43,746 INFO     ___FILE_ONLY___ 1.25.15-gke.1115000
2023-11-29 11:03:43,746 INFO     ___FILE_ONLY___   
2023-11-29 11:03:43,746 INFO     ___FILE_ONLY___ 3
2023-11-29 11:03:43,746 INFO     ___FILE_ONLY___           
2023-11-29 11:03:43,746 INFO     ___FILE_ONLY___ RUNNING
2023-11-29 11:03:43,746 INFO     ___FILE_ONLY___ 

2023-11-29 11:03:43,746 INFO     ___FILE_ONLY___ jen-pxc-1526-47facb3d-1-cluster3
2023-11-29 11:03:43,746 INFO     ___FILE_ONLY___    
2023-11-29 11:03:43,746 INFO     ___FILE_ONLY___ us-central1-a
2023-11-29 11:03:43,746 INFO     ___FILE_ONLY___    
2023-11-29 11:03:43,746 INFO     ___FILE_ONLY___ 1.25.15-gke.1115000
2023-11-29 11:03:43,746 INFO     ___FILE_ONLY___   
2023-11-29 11:03:43,746 INFO     ___FILE_ONLY___ 34.121.123.75
2023-11-29 11:03:43,746 INFO     ___FILE_ONLY___    
2023-11-29 11:03:43,746 INFO     ___FILE_ONLY___ n1-standard-4
2023-11-29 11:03:43,746 INFO     ___FILE_ONLY___   
2023-11-29 11:03:43,746 INFO     ___FILE_ONLY___ 1.25.15-gke.1115000
2023-11-29 11:03:43,746 INFO     ___FILE_ONLY___   
2023-11-29 11:03:43,746 INFO     ___FILE_ONLY___ 3
2023-11-29 11:03:43,746 INFO     ___FILE_ONLY___           
2023-11-29 11:03:43,746 INFO     ___FILE_ONLY___ RUNNING
2023-11-29 11:03:43,746 INFO     ___FILE_ONLY___ 

2023-11-29 11:03:43,747 INFO     ___FILE_ONLY___ jen-pxc-1526-47facb3d-1-cluster4
2023-11-29 11:03:43,747 INFO     ___FILE_ONLY___    
2023-11-29 11:03:43,747 INFO     ___FILE_ONLY___ us-central1-a
2023-11-29 11:03:43,747 INFO     ___FILE_ONLY___    
2023-11-29 11:03:43,747 INFO     ___FILE_ONLY___ 1.25.15-gke.1115000
2023-11-29 11:03:43,747 INFO     ___FILE_ONLY___   
2023-11-29 11:03:43,747 INFO     ___FILE_ONLY___ 34.42.237.49
2023-11-29 11:03:43,747 INFO     ___FILE_ONLY___     
2023-11-29 11:03:43,747 INFO     ___FILE_ONLY___ n1-standard-4
2023-11-29 11:03:43,747 INFO     ___FILE_ONLY___   
2023-11-29 11:03:43,747 INFO     ___FILE_ONLY___ 1.25.15-gke.1115000
2023-11-29 11:03:43,747 INFO     ___FILE_ONLY___   
2023-11-29 11:03:43,747 INFO     ___FILE_ONLY___ 3
2023-11-29 11:03:43,747 INFO     ___FILE_ONLY___           
2023-11-29 11:03:43,747 INFO     ___FILE_ONLY___ RUNNING
2023-11-29 11:03:43,747 INFO     ___FILE_ONLY___ 

2023-11-29 11:03:43,747 INFO     ___FILE_ONLY___ jen-pxc-1526-47facb3d-1-cluster5
2023-11-29 11:03:43,747 INFO     ___FILE_ONLY___    
2023-11-29 11:03:43,747 INFO     ___FILE_ONLY___ us-central1-a
2023-11-29 11:03:43,747 INFO     ___FILE_ONLY___    
2023-11-29 11:03:43,747 INFO     ___FILE_ONLY___ 1.25.15-gke.1115000
2023-11-29 11:03:43,747 INFO     ___FILE_ONLY___   
2023-11-29 11:03:43,747 INFO     ___FILE_ONLY___ 34.133.100.168
2023-11-29 11:03:43,747 INFO     ___FILE_ONLY___   
2023-11-29 11:03:43,747 INFO     ___FILE_ONLY___ n1-standard-4
2023-11-29 11:03:43,747 INFO     ___FILE_ONLY___   
2023-11-29 11:03:43,747 INFO     ___FILE_ONLY___ 1.25.15-gke.1115000
2023-11-29 11:03:43,747 INFO     ___FILE_ONLY___   
2023-11-29 11:03:43,747 INFO     ___FILE_ONLY___ 3
2023-11-29 11:03:43,747 INFO     ___FILE_ONLY___           
2023-11-29 11:03:43,747 INFO     ___FILE_ONLY___ RUNNING
2023-11-29 11:03:43,747 INFO     ___FILE_ONLY___ 

2023-11-29 11:03:43,747 INFO     ___FILE_ONLY___ jen-pxc-1526-47facb3d-1-cluster6
2023-11-29 11:03:43,747 INFO     ___FILE_ONLY___    
2023-11-29 11:03:43,747 INFO     ___FILE_ONLY___ us-central1-a
2023-11-29 11:03:43,747 INFO     ___FILE_ONLY___    
2023-11-29 11:03:43,747 INFO     ___FILE_ONLY___ 1.25.15-gke.1115000
2023-11-29 11:03:43,747 INFO     ___FILE_ONLY___   
2023-11-29 11:03:43,747 INFO     ___FILE_ONLY___ 35.193.153.242
2023-11-29 11:03:43,747 INFO     ___FILE_ONLY___   
2023-11-29 11:03:43,747 INFO     ___FILE_ONLY___ n1-standard-4
2023-11-29 11:03:43,747 INFO     ___FILE_ONLY___   
2023-11-29 11:03:43,747 INFO     ___FILE_ONLY___ 1.25.15-gke.1115000
2023-11-29 11:03:43,747 INFO     ___FILE_ONLY___   
2023-11-29 11:03:43,747 INFO     ___FILE_ONLY___ 3
2023-11-29 11:03:43,747 INFO     ___FILE_ONLY___           
2023-11-29 11:03:43,747 INFO     ___FILE_ONLY___ RUNNING
2023-11-29 11:03:43,747 INFO     ___FILE_ONLY___ 

2023-11-29 11:03:43,747 INFO     ___FILE_ONLY___ jen-pxc-1526-47facb3d-1-cluster7
2023-11-29 11:03:43,747 INFO     ___FILE_ONLY___    
2023-11-29 11:03:43,747 INFO     ___FILE_ONLY___ us-central1-a
2023-11-29 11:03:43,747 INFO     ___FILE_ONLY___    
2023-11-29 11:03:43,747 INFO     ___FILE_ONLY___ 1.25.15-gke.1115000
2023-11-29 11:03:43,747 INFO     ___FILE_ONLY___   
2023-11-29 11:03:43,747 INFO     ___FILE_ONLY___ 34.31.237.17
2023-11-29 11:03:43,747 INFO     ___FILE_ONLY___     
2023-11-29 11:03:43,747 INFO     ___FILE_ONLY___ n1-standard-4
2023-11-29 11:03:43,747 INFO     ___FILE_ONLY___   
2023-11-29 11:03:43,747 INFO     ___FILE_ONLY___ 1.25.15-gke.1115000
2023-11-29 11:03:43,747 INFO     ___FILE_ONLY___   
2023-11-29 11:03:43,747 INFO     ___FILE_ONLY___ 3
2023-11-29 11:03:43,747 INFO     ___FILE_ONLY___           
2023-11-29 11:03:43,747 INFO     ___FILE_ONLY___ RUNNING
2023-11-29 11:03:43,747 INFO     ___FILE_ONLY___ 

2023-11-29 11:03:43,747 INFO     ___FILE_ONLY___ jen-pxc-1526-47facb3d-1-cluster8
2023-11-29 11:03:43,747 INFO     ___FILE_ONLY___    
2023-11-29 11:03:43,747 INFO     ___FILE_ONLY___ us-central1-a
2023-11-29 11:03:43,747 INFO     ___FILE_ONLY___    
2023-11-29 11:03:43,748 INFO     ___FILE_ONLY___ 1.25.15-gke.1115000
2023-11-29 11:03:43,748 INFO     ___FILE_ONLY___   
2023-11-29 11:03:43,748 INFO     ___FILE_ONLY___ 35.202.54.64
2023-11-29 11:03:43,748 INFO     ___FILE_ONLY___     
2023-11-29 11:03:43,748 INFO     ___FILE_ONLY___ n1-standard-4
2023-11-29 11:03:43,748 INFO     ___FILE_ONLY___   
2023-11-29 11:03:43,748 INFO     ___FILE_ONLY___ 1.25.15-gke.1115000
2023-11-29 11:03:43,748 INFO     ___FILE_ONLY___   
2023-11-29 11:03:43,748 INFO     ___FILE_ONLY___ 3
2023-11-29 11:03:43,748 INFO     ___FILE_ONLY___           
2023-11-29 11:03:43,748 INFO     ___FILE_ONLY___ RUNNING
2023-11-29 11:03:43,748 INFO     ___FILE_ONLY___ 

2023-11-29 11:03:43,748 INFO     ___FILE_ONLY___ jen-pxc-1526-47facb3d-1-cluster9
2023-11-29 11:03:43,748 INFO     ___FILE_ONLY___    
2023-11-29 11:03:43,748 INFO     ___FILE_ONLY___ us-central1-a
2023-11-29 11:03:43,748 INFO     ___FILE_ONLY___    
2023-11-29 11:03:43,748 INFO     ___FILE_ONLY___ 1.25.15-gke.1115000
2023-11-29 11:03:43,748 INFO     ___FILE_ONLY___   
2023-11-29 11:03:43,748 INFO     ___FILE_ONLY___ 34.135.166.5
2023-11-29 11:03:43,748 INFO     ___FILE_ONLY___     
2023-11-29 11:03:43,748 INFO     ___FILE_ONLY___ n1-standard-4
2023-11-29 11:03:43,748 INFO     ___FILE_ONLY___   
2023-11-29 11:03:43,748 INFO     ___FILE_ONLY___ 1.25.15-gke.1115000
2023-11-29 11:03:43,748 INFO     ___FILE_ONLY___   
2023-11-29 11:03:43,748 INFO     ___FILE_ONLY___ 3
2023-11-29 11:03:43,748 INFO     ___FILE_ONLY___           
2023-11-29 11:03:43,748 INFO     ___FILE_ONLY___ RUNNING
2023-11-29 11:03:43,748 INFO     ___FILE_ONLY___ 

2023-11-29 11:03:43,748 INFO     ___FILE_ONLY___ ptankov
2023-11-29 11:03:43,748 INFO     ___FILE_ONLY___                             
2023-11-29 11:03:43,748 INFO     ___FILE_ONLY___ us-central1-a
2023-11-29 11:03:43,748 INFO     ___FILE_ONLY___    
2023-11-29 11:03:43,748 INFO     ___FILE_ONLY___ 1.28.3-gke.1203000
2023-11-29 11:03:43,748 INFO     ___FILE_ONLY___    
2023-11-29 11:03:43,748 INFO     ___FILE_ONLY___ 35.222.52.126
2023-11-29 11:03:43,748 INFO     ___FILE_ONLY___    
2023-11-29 11:03:43,748 INFO     ___FILE_ONLY___ n1-standard-4
2023-11-29 11:03:43,748 INFO     ___FILE_ONLY___   
2023-11-29 11:03:43,748 INFO     ___FILE_ONLY___ 1.28.3-gke.1203000
2023-11-29 11:03:43,748 INFO     ___FILE_ONLY___    
2023-11-29 11:03:43,748 INFO     ___FILE_ONLY___ 3
2023-11-29 11:03:43,748 INFO     ___FILE_ONLY___           
2023-11-29 11:03:43,748 INFO     ___FILE_ONLY___ RUNNING
2023-11-29 11:03:43,748 INFO     ___FILE_ONLY___ 

2023-11-29 11:03:43,748 INFO     ___FILE_ONLY___ spronin-1337
2023-11-29 11:03:43,748 INFO     ___FILE_ONLY___                        
2023-11-29 11:03:43,748 INFO     ___FILE_ONLY___ us-central1-a
2023-11-29 11:03:43,748 INFO     ___FILE_ONLY___    
2023-11-29 11:03:43,748 INFO     ___FILE_ONLY___ 1.27.7-gke.1121000
2023-11-29 11:03:43,748 INFO     ___FILE_ONLY___    
2023-11-29 11:03:43,748 INFO     ___FILE_ONLY___ 34.29.220.175
2023-11-29 11:03:43,748 INFO     ___FILE_ONLY___    
2023-11-29 11:03:43,748 INFO     ___FILE_ONLY___ n1-standard-4
2023-11-29 11:03:43,748 INFO     ___FILE_ONLY___   
2023-11-29 11:03:43,748 INFO     ___FILE_ONLY___ 1.27.7-gke.1121000
2023-11-29 11:03:43,748 INFO     ___FILE_ONLY___    
2023-11-29 11:03:43,748 INFO     ___FILE_ONLY___ 2
2023-11-29 11:03:43,748 INFO     ___FILE_ONLY___           
2023-11-29 11:03:43,748 INFO     ___FILE_ONLY___ RUNNING
2023-11-29 11:03:43,748 INFO     ___FILE_ONLY___ 

2023-11-29 11:03:43,748 INFO     ___FILE_ONLY___ natali-26
2023-11-29 11:03:43,748 INFO     ___FILE_ONLY___                           
2023-11-29 11:03:43,748 INFO     ___FILE_ONLY___ us-central1-c
2023-11-29 11:03:43,748 INFO     ___FILE_ONLY___    
2023-11-29 11:03:43,748 INFO     ___FILE_ONLY___ 1.26.10-gke.1101000
2023-11-29 11:03:43,748 INFO     ___FILE_ONLY___   
2023-11-29 11:03:43,749 INFO     ___FILE_ONLY___ 35.193.206.224
2023-11-29 11:03:43,749 INFO     ___FILE_ONLY___   
2023-11-29 11:03:43,749 INFO     ___FILE_ONLY___ n1-standard-4
2023-11-29 11:03:43,749 INFO     ___FILE_ONLY___   
2023-11-29 11:03:43,749 INFO     ___FILE_ONLY___ 1.26.10-gke.1101000
2023-11-29 11:03:43,749 INFO     ___FILE_ONLY___   
2023-11-29 11:03:43,749 INFO     ___FILE_ONLY___ 3
2023-11-29 11:03:43,749 INFO     ___FILE_ONLY___           
2023-11-29 11:03:43,749 INFO     ___FILE_ONLY___ RUNNING
2023-11-29 11:03:43,749 INFO     ___FILE_ONLY___ 

2023-11-29 11:03:43,753 DEBUG    root            Metrics reporting process started...
