2023-11-29 20:15:31,509 DEBUG    root            Loaded Command Group: ['gcloud', 'config']
2023-11-29 20:15:31,519 DEBUG    root            Loaded Command Group: ['gcloud', 'config', 'config_helper']
2023-11-29 20:15:31,524 DEBUG    root            Running [gcloud.config.config-helper] with arguments: [--format: "json"]
2023-11-29 20:15:31,544 DEBUG    google.auth.transport.requests Making request: POST https://oauth2.googleapis.com/token
2023-11-29 20:15:31,790 DEBUG    urllib3.connectionpool Starting new HTTPS connection (1): oauth2.googleapis.com:443
2023-11-29 20:15:32,025 DEBUG    urllib3.connectionpool https://oauth2.googleapis.com:443 "POST /token HTTP/1.1" 200 None
2023-11-29 20:15:32,030 DEBUG    root            Chosen display Format:default json
2023-11-29 20:15:32,031 INFO     root            Display format: "default json"
2023-11-29 20:15:32,031 INFO     ___FILE_ONLY___ {
  "configuration": {
    "active_configuration": "percona-cloud-dev",
    "properties": {
      "core": {
        "account": "inel.pandzic@percona.com",
        "disable_usage_reporting": "False",
        "project": "cloud-dev-112233"
      }
    }
  },
  "credential": {
    "access_token": "ya29.a0AfB_byDLfJs_vmb5xNNy4jj7LMnqyczTl3OsI_vENZWEI7pAg0UImGHntJY_p9WwLaqYGHX9iS8tziF1VlNG44WKN0vhwokADYLFX5rOZrrDXUlztc5PKoGWKD3Uwio9twT4mWR-BuKulSqbQe98FFaKfO5yMvuqbD-Pl1l0iuNUaCgYKAaMSARESFQHGX2Mi0FKO8Pio0kdRVMw2pOsdWQ0179",
    "id_token": "eyJhbGciOiJSUzI1NiIsImtpZCI6IjBlNzJkYTFkZjUwMWNhNmY3NTZiZjEwM2ZkN2M3MjAyOTQ3NzI1MDYiLCJ0eXAiOiJKV1QifQ.eyJpc3MiOiJodHRwczovL2FjY291bnRzLmdvb2dsZS5jb20iLCJhenAiOiIzMjU1NTk0MDU1OS5hcHBzLmdvb2dsZXVzZXJjb250ZW50LmNvbSIsImF1ZCI6IjMyNTU1OTQwNTU5LmFwcHMuZ29vZ2xldXNlcmNvbnRlbnQuY29tIiwic3ViIjoiMTA3NDA5ODEzMzQ0NTU5NDQzNDA3IiwiaGQiOiJwZXJjb25hLmNvbSIsImVtYWlsIjoiaW5lbC5wYW5kemljQHBlcmNvbmEuY29tIiwiZW1haWxfdmVyaWZpZWQiOnRydWUsImF0X2hhc2giOiIzbVJYc2pYQ0pPa2pRVjJIOGpaVVlnIiwiaWF0IjoxNzAxMjg1MzMyLCJleHAiOjE3MDEyODg5MzJ9.Hv2GeaYvuQWi4Tk4AySm_WXb9fgcozK9saX26VNBOKq_05gr0RsnonSA5elBnORVP3WRjLBGXFN5b5cq4BfYr2BEkz0DM4QmOjQ_pfrYY3QiPe5BU9iTEvPDxsfYdoI0v6b8WifkI8UUSCVFWJpORSmdDbR6HIRKUgH973ger1Gnm978zSuATM8eZ2q6AnqfQhniriy3aRys4qIfle33BkZe8pKWTuMrxuv60p2-5LKENcf6aVS6PVvI2nNOBvWPY46KC8isV-byVR-ufZJkC7ictN2NDxwLKrmFasSVt1jeDPD51H3DyyrLOn4jSGtn1JuSf36x0P3Ho9jmPL1WjA",
    "token_expiry": "2023-11-29T20:15:31Z"
  },
  "sentinels": {
    "config_sentinel": "/Users/inelpandzic/.config/gcloud/config_sentinel"
  }
}
2023-11-29 20:15:32,031 INFO     ___FILE_ONLY___ 

2023-11-29 20:15:32,038 DEBUG    root            Metrics reporting process started...
