2022-08-19 10:24:33,516 DEBUG    root            Loaded Command Group: ['gcloud', 'container', 'clusters']
2022-08-19 10:24:33,517 DEBUG    root            Loaded Command Group: ['gcloud', 'container', 'clusters', 'delete']
2022-08-19 10:24:33,529 DEBUG    root            Running [gcloud.container.clusters.delete] with arguments: [--zone: "europe-west3-b", NAME:1: "['inel-10856']"]
2022-08-19 10:24:37,958 DEBUG    urllib3.connectionpool Starting new HTTPS connection (1): container.googleapis.com:443
2022-08-19 10:24:38,443 DEBUG    urllib3.connectionpool https://container.googleapis.com:443 "DELETE /v1/projects/cloud-dev-112233/locations/europe-west3-b/clusters/inel-10856?alt=json HTTP/1.1" 200 None
2022-08-19 10:24:38,448 INFO     ___FILE_ONLY___ Deleting cluster inel-10856...
2022-08-19 10:24:38,452 DEBUG    urllib3.connectionpool Starting new HTTPS connection (1): container.googleapis.com:443
2022-08-19 10:24:38,683 DEBUG    urllib3.connectionpool https://container.googleapis.com:443 "GET /v1/projects/cloud-dev-112233/locations/europe-west3-b/operations/operation-1660897478474-1f290fe4?alt=json HTTP/1.1" 200 None
2022-08-19 10:24:43,698 DEBUG    urllib3.connectionpool Starting new HTTPS connection (1): container.googleapis.com:443
2022-08-19 10:24:43,942 DEBUG    urllib3.connectionpool https://container.googleapis.com:443 "GET /v1/projects/cloud-dev-112233/locations/europe-west3-b/operations/operation-1660897478474-1f290fe4?alt=json HTTP/1.1" 200 None
2022-08-19 10:24:48,962 DEBUG    urllib3.connectionpool Starting new HTTPS connection (1): container.googleapis.com:443
2022-08-19 10:24:49,208 DEBUG    urllib3.connectionpool https://container.googleapis.com:443 "GET /v1/projects/cloud-dev-112233/locations/europe-west3-b/operations/operation-1660897478474-1f290fe4?alt=json HTTP/1.1" 200 None
2022-08-19 10:24:54,223 DEBUG    urllib3.connectionpool Starting new HTTPS connection (1): container.googleapis.com:443
2022-08-19 10:24:54,454 DEBUG    urllib3.connectionpool https://container.googleapis.com:443 "GET /v1/projects/cloud-dev-112233/locations/europe-west3-b/operations/operation-1660897478474-1f290fe4?alt=json HTTP/1.1" 200 None
2022-08-19 10:24:59,470 DEBUG    urllib3.connectionpool Starting new HTTPS connection (1): container.googleapis.com:443
2022-08-19 10:24:59,708 DEBUG    urllib3.connectionpool https://container.googleapis.com:443 "GET /v1/projects/cloud-dev-112233/locations/europe-west3-b/operations/operation-1660897478474-1f290fe4?alt=json HTTP/1.1" 200 None
2022-08-19 10:25:04,724 DEBUG    urllib3.connectionpool Starting new HTTPS connection (1): container.googleapis.com:443
2022-08-19 10:25:04,964 DEBUG    urllib3.connectionpool https://container.googleapis.com:443 "GET /v1/projects/cloud-dev-112233/locations/europe-west3-b/operations/operation-1660897478474-1f290fe4?alt=json HTTP/1.1" 200 None
2022-08-19 10:25:09,980 DEBUG    urllib3.connectionpool Starting new HTTPS connection (1): container.googleapis.com:443
2022-08-19 10:25:10,218 DEBUG    urllib3.connectionpool https://container.googleapis.com:443 "GET /v1/projects/cloud-dev-112233/locations/europe-west3-b/operations/operation-1660897478474-1f290fe4?alt=json HTTP/1.1" 200 None
2022-08-19 10:25:15,233 DEBUG    urllib3.connectionpool Starting new HTTPS connection (1): container.googleapis.com:443
2022-08-19 10:25:15,468 DEBUG    urllib3.connectionpool https://container.googleapis.com:443 "GET /v1/projects/cloud-dev-112233/locations/europe-west3-b/operations/operation-1660897478474-1f290fe4?alt=json HTTP/1.1" 200 None
2022-08-19 10:25:20,490 DEBUG    urllib3.connectionpool Starting new HTTPS connection (1): container.googleapis.com:443
2022-08-19 10:25:20,695 DEBUG    urllib3.connectionpool https://container.googleapis.com:443 "GET /v1/projects/cloud-dev-112233/locations/europe-west3-b/operations/operation-1660897478474-1f290fe4?alt=json HTTP/1.1" 200 None
2022-08-19 10:25:25,716 DEBUG    urllib3.connectionpool Starting new HTTPS connection (1): container.googleapis.com:443
2022-08-19 10:25:25,958 DEBUG    urllib3.connectionpool https://container.googleapis.com:443 "GET /v1/projects/cloud-dev-112233/locations/europe-west3-b/operations/operation-1660897478474-1f290fe4?alt=json HTTP/1.1" 200 None
2022-08-19 10:25:30,978 DEBUG    urllib3.connectionpool Starting new HTTPS connection (1): container.googleapis.com:443
2022-08-19 10:25:31,214 DEBUG    urllib3.connectionpool https://container.googleapis.com:443 "GET /v1/projects/cloud-dev-112233/locations/europe-west3-b/operations/operation-1660897478474-1f290fe4?alt=json HTTP/1.1" 200 None
2022-08-19 10:25:36,230 DEBUG    urllib3.connectionpool Starting new HTTPS connection (1): container.googleapis.com:443
2022-08-19 10:25:36,485 DEBUG    urllib3.connectionpool https://container.googleapis.com:443 "GET /v1/projects/cloud-dev-112233/locations/europe-west3-b/operations/operation-1660897478474-1f290fe4?alt=json HTTP/1.1" 200 None
2022-08-19 10:25:41,506 DEBUG    urllib3.connectionpool Starting new HTTPS connection (1): container.googleapis.com:443
2022-08-19 10:25:41,748 DEBUG    urllib3.connectionpool https://container.googleapis.com:443 "GET /v1/projects/cloud-dev-112233/locations/europe-west3-b/operations/operation-1660897478474-1f290fe4?alt=json HTTP/1.1" 200 None
2022-08-19 10:25:46,769 DEBUG    urllib3.connectionpool Starting new HTTPS connection (1): container.googleapis.com:443
2022-08-19 10:25:46,995 DEBUG    urllib3.connectionpool https://container.googleapis.com:443 "GET /v1/projects/cloud-dev-112233/locations/europe-west3-b/operations/operation-1660897478474-1f290fe4?alt=json HTTP/1.1" 200 None
2022-08-19 10:25:52,016 DEBUG    urllib3.connectionpool Starting new HTTPS connection (1): container.googleapis.com:443
2022-08-19 10:25:52,234 DEBUG    urllib3.connectionpool https://container.googleapis.com:443 "GET /v1/projects/cloud-dev-112233/locations/europe-west3-b/operations/operation-1660897478474-1f290fe4?alt=json HTTP/1.1" 200 None
2022-08-19 10:25:57,251 DEBUG    urllib3.connectionpool Starting new HTTPS connection (1): container.googleapis.com:443
2022-08-19 10:25:57,480 DEBUG    urllib3.connectionpool https://container.googleapis.com:443 "GET /v1/projects/cloud-dev-112233/locations/europe-west3-b/operations/operation-1660897478474-1f290fe4?alt=json HTTP/1.1" 200 None
2022-08-19 10:26:02,491 DEBUG    urllib3.connectionpool Starting new HTTPS connection (1): container.googleapis.com:443
2022-08-19 10:26:02,726 DEBUG    urllib3.connectionpool https://container.googleapis.com:443 "GET /v1/projects/cloud-dev-112233/locations/europe-west3-b/operations/operation-1660897478474-1f290fe4?alt=json HTTP/1.1" 200 None
2022-08-19 10:26:07,743 DEBUG    urllib3.connectionpool Starting new HTTPS connection (1): container.googleapis.com:443
2022-08-19 10:26:07,984 DEBUG    urllib3.connectionpool https://container.googleapis.com:443 "GET /v1/projects/cloud-dev-112233/locations/europe-west3-b/operations/operation-1660897478474-1f290fe4?alt=json HTTP/1.1" 200 None
2022-08-19 10:26:12,999 DEBUG    urllib3.connectionpool Starting new HTTPS connection (1): container.googleapis.com:443
2022-08-19 10:26:13,236 DEBUG    urllib3.connectionpool https://container.googleapis.com:443 "GET /v1/projects/cloud-dev-112233/locations/europe-west3-b/operations/operation-1660897478474-1f290fe4?alt=json HTTP/1.1" 200 None
2022-08-19 10:26:18,253 DEBUG    urllib3.connectionpool Starting new HTTPS connection (1): container.googleapis.com:443
2022-08-19 10:26:18,484 DEBUG    urllib3.connectionpool https://container.googleapis.com:443 "GET /v1/projects/cloud-dev-112233/locations/europe-west3-b/operations/operation-1660897478474-1f290fe4?alt=json HTTP/1.1" 200 None
2022-08-19 10:26:23,508 DEBUG    urllib3.connectionpool Starting new HTTPS connection (1): container.googleapis.com:443
2022-08-19 10:26:23,715 DEBUG    urllib3.connectionpool https://container.googleapis.com:443 "GET /v1/projects/cloud-dev-112233/locations/europe-west3-b/operations/operation-1660897478474-1f290fe4?alt=json HTTP/1.1" 200 None
2022-08-19 10:26:28,727 DEBUG    urllib3.connectionpool Starting new HTTPS connection (1): container.googleapis.com:443
2022-08-19 10:26:28,960 DEBUG    urllib3.connectionpool https://container.googleapis.com:443 "GET /v1/projects/cloud-dev-112233/locations/europe-west3-b/operations/operation-1660897478474-1f290fe4?alt=json HTTP/1.1" 200 None
2022-08-19 10:26:33,975 DEBUG    urllib3.connectionpool Starting new HTTPS connection (1): container.googleapis.com:443
2022-08-19 10:26:34,212 DEBUG    urllib3.connectionpool https://container.googleapis.com:443 "GET /v1/projects/cloud-dev-112233/locations/europe-west3-b/operations/operation-1660897478474-1f290fe4?alt=json HTTP/1.1" 200 None
2022-08-19 10:26:39,233 DEBUG    urllib3.connectionpool Starting new HTTPS connection (1): container.googleapis.com:443
2022-08-19 10:26:39,451 DEBUG    urllib3.connectionpool https://container.googleapis.com:443 "GET /v1/projects/cloud-dev-112233/locations/europe-west3-b/operations/operation-1660897478474-1f290fe4?alt=json HTTP/1.1" 200 None
2022-08-19 10:26:44,471 DEBUG    urllib3.connectionpool Starting new HTTPS connection (1): container.googleapis.com:443
2022-08-19 10:26:44,685 DEBUG    urllib3.connectionpool https://container.googleapis.com:443 "GET /v1/projects/cloud-dev-112233/locations/europe-west3-b/operations/operation-1660897478474-1f290fe4?alt=json HTTP/1.1" 200 None
2022-08-19 10:26:49,706 DEBUG    urllib3.connectionpool Starting new HTTPS connection (1): container.googleapis.com:443
2022-08-19 10:26:49,915 DEBUG    urllib3.connectionpool https://container.googleapis.com:443 "GET /v1/projects/cloud-dev-112233/locations/europe-west3-b/operations/operation-1660897478474-1f290fe4?alt=json HTTP/1.1" 200 None
2022-08-19 10:26:54,934 DEBUG    urllib3.connectionpool Starting new HTTPS connection (1): container.googleapis.com:443
2022-08-19 10:26:55,142 DEBUG    urllib3.connectionpool https://container.googleapis.com:443 "GET /v1/projects/cloud-dev-112233/locations/europe-west3-b/operations/operation-1660897478474-1f290fe4?alt=json HTTP/1.1" 200 None
2022-08-19 10:27:00,161 DEBUG    urllib3.connectionpool Starting new HTTPS connection (1): container.googleapis.com:443
2022-08-19 10:27:00,399 DEBUG    urllib3.connectionpool https://container.googleapis.com:443 "GET /v1/projects/cloud-dev-112233/locations/europe-west3-b/operations/operation-1660897478474-1f290fe4?alt=json HTTP/1.1" 200 None
2022-08-19 10:27:05,420 DEBUG    urllib3.connectionpool Starting new HTTPS connection (1): container.googleapis.com:443
2022-08-19 10:27:05,656 DEBUG    urllib3.connectionpool https://container.googleapis.com:443 "GET /v1/projects/cloud-dev-112233/locations/europe-west3-b/operations/operation-1660897478474-1f290fe4?alt=json HTTP/1.1" 200 None
2022-08-19 10:27:10,670 DEBUG    urllib3.connectionpool Starting new HTTPS connection (1): container.googleapis.com:443
2022-08-19 10:27:10,906 DEBUG    urllib3.connectionpool https://container.googleapis.com:443 "GET /v1/projects/cloud-dev-112233/locations/europe-west3-b/operations/operation-1660897478474-1f290fe4?alt=json HTTP/1.1" 200 None
2022-08-19 10:27:15,922 DEBUG    urllib3.connectionpool Starting new HTTPS connection (1): container.googleapis.com:443
2022-08-19 10:27:16,130 DEBUG    urllib3.connectionpool https://container.googleapis.com:443 "GET /v1/projects/cloud-dev-112233/locations/europe-west3-b/operations/operation-1660897478474-1f290fe4?alt=json HTTP/1.1" 200 None
2022-08-19 10:27:21,148 DEBUG    urllib3.connectionpool Starting new HTTPS connection (1): container.googleapis.com:443
2022-08-19 10:27:21,376 DEBUG    urllib3.connectionpool https://container.googleapis.com:443 "GET /v1/projects/cloud-dev-112233/locations/europe-west3-b/operations/operation-1660897478474-1f290fe4?alt=json HTTP/1.1" 200 None
2022-08-19 10:27:26,397 DEBUG    urllib3.connectionpool Starting new HTTPS connection (1): container.googleapis.com:443
2022-08-19 10:27:26,629 DEBUG    urllib3.connectionpool https://container.googleapis.com:443 "GET /v1/projects/cloud-dev-112233/locations/europe-west3-b/operations/operation-1660897478474-1f290fe4?alt=json HTTP/1.1" 200 None
2022-08-19 10:27:26,638 INFO     root            Operation <Operation
 clusterConditions: []
 endTime: '2022-08-19T08:27:21.892360469Z'
 name: 'operation-1660897478474-1f290fe4'
 nodepoolConditions: []
 operationType: OperationTypeValueValuesEnum(DELETE_CLUSTER, 2)
 selfLink: 'https://container.googleapis.com/v1/projects/166042509722/zones/europe-west3-b/operations/operation-1660897478474-1f290fe4'
 startTime: '2022-08-19T08:24:38.474798902Z'
 status: StatusValueValuesEnum(DONE, 3)
 targetLink: 'https://container.googleapis.com/v1/projects/166042509722/zones/europe-west3-b/clusters/inel-10856'
 zone: 'europe-west3-b'> succeeded after 168.189 seconds
2022-08-19 10:27:26,703 DEBUG    root            Purged cluster config from /Users/inelpandzic/.config/gcloud/kubernetes/cloud-dev-112233_europe-west3-b_inel-10856
2022-08-19 10:27:26,704 INFO     ___FILE_ONLY___ Deleted [https://container.googleapis.com/v1/projects/cloud-dev-112233/zones/europe-west3-b/clusters/inel-10856].

2022-08-19 10:27:26,705 INFO     root            Display format: "none"
2022-08-19 10:27:26,719 DEBUG    root            Metrics reporting process started...
