2023-07-05 01:14:11,117 DEBUG    root            Loaded Command Group: ['gcloud', 'config']
2023-07-05 01:14:11,119 DEBUG    root            Loaded Command Group: ['gcloud', 'config', 'config_helper']
2023-07-05 01:14:11,120 DEBUG    root            Running [gcloud.config.config-helper] with arguments: [--format: "json"]
2023-07-05 01:14:11,134 DEBUG    google.auth.transport.requests Making request: POST https://oauth2.googleapis.com/token
2023-07-05 01:14:11,153 DEBUG    urllib3.connectionpool Starting new HTTPS connection (1): oauth2.googleapis.com:443
2023-07-05 01:14:11,313 DEBUG    urllib3.connectionpool https://oauth2.googleapis.com:443 "POST /token HTTP/1.1" 200 None
2023-07-05 01:14:11,332 DEBUG    urllib3.connectionpool Starting new HTTPS connection (1): www.gstatic.com:443
2023-07-05 01:14:11,461 DEBUG    urllib3.connectionpool https://www.gstatic.com:443 "GET /cloudsdk/feature_flag_config_file.yaml HTTP/1.1" 200 101
2023-07-05 01:14:11,466 DEBUG    root            Chosen display Format:default json
2023-07-05 01:14:11,466 INFO     root            Display format: "default json"
2023-07-05 01:14:11,467 INFO     ___FILE_ONLY___ {
  "configuration": {
    "active_configuration": "percona-cloud-dev",
    "properties": {
      "core": {
        "account": "inel.pandzic@percona.com",
        "disable_usage_reporting": "False",
        "project": "cloud-dev-112233"
      }
    }
  },
  "credential": {
    "access_token": "ya29.a0AbVbY6MW2kDBMTd8cLx5XhnBpKIpZBabvhnPJvuadfrBhlYWynqXDXArhOjtMkhHc8QzNBYQFHbO4pfL6zFC4dmDY6_LQzlBv0eI_twxpImFZQqmwUQYqMf04efVR5K9etpw_TNXadmVDNFKWNyS3X3u2lIT33GJ5x80U54aCgYKAe4SARESFQFWKvPlIuQFjR3wDVYuc3zyRfDqNw0174",
    "id_token": "eyJhbGciOiJSUzI1NiIsImtpZCI6IjkzNDFkZWRlZWUyZDE4NjliNjU3ZmE5MzAzMDAwODJmZTI2YjNkOTIiLCJ0eXAiOiJKV1QifQ.eyJpc3MiOiJodHRwczovL2FjY291bnRzLmdvb2dsZS5jb20iLCJhenAiOiIzMjU1NTk0MDU1OS5hcHBzLmdvb2dsZXVzZXJjb250ZW50LmNvbSIsImF1ZCI6IjMyNTU1OTQwNTU5LmFwcHMuZ29vZ2xldXNlcmNvbnRlbnQuY29tIiwic3ViIjoiMTA3NDA5ODEzMzQ0NTU5NDQzNDA3IiwiaGQiOiJwZXJjb25hLmNvbSIsImVtYWlsIjoiaW5lbC5wYW5kemljQHBlcmNvbmEuY29tIiwiZW1haWxfdmVyaWZpZWQiOnRydWUsImF0X2hhc2giOiJBcThOUkdVck05ZVhsNkt1WmtsREhnIiwiaWF0IjoxNjg4NTEyNDUxLCJleHAiOjE2ODg1MTYwNTF9.pDO48z3Bk5wnrXu8_NP6Vp8L0q11x8y988s4LoTf625SJ93Tj-TLCW0KFRCo3dsgd6sAYqRjdOjdYguZIj_ZiU4IwuEpDaz0tWResVzxMV4jfD1p8M8LegZWDi7fvdhyk0QBFZGZhwIa7Rc0oxE7rKyuR3AqZV-ryfFD0_vRYHCB0KpwaKzhTxSzjVpWMEFVlmsbId1k2scDInF443UhCIB9MH4b7UbQuHqTxsweTmNDrXp-9NMqV9C6q9lXZWClclnqZQoMloqdADqtrI9DfTOSbAix_9r-1X6-GxWinJAqXRjlSsm30x0aJoBo5vahVTmzH0Bp5WU0hYUMlymrkQ",
    "token_expiry": "2023-07-05T00:14:10Z"
  },
  "sentinels": {
    "config_sentinel": "/Users/inelpandzic/.config/gcloud/config_sentinel"
  }
}
2023-07-05 01:14:11,467 INFO     ___FILE_ONLY___ 

2023-07-05 01:14:11,478 DEBUG    root            Metrics reporting process started...
