2023-07-05 04:54:01,222 DEBUG    root            Loaded Command Group: ['gcloud', 'config']
2023-07-05 04:54:01,223 DEBUG    root            Loaded Command Group: ['gcloud', 'config', 'config_helper']
2023-07-05 04:54:01,224 DEBUG    root            Running [gcloud.config.config-helper] with arguments: [--format: "json"]
2023-07-05 04:54:01,233 DEBUG    google.auth.transport.requests Making request: POST https://oauth2.googleapis.com/token
2023-07-05 04:54:01,367 DEBUG    urllib3.connectionpool Starting new HTTPS connection (1): oauth2.googleapis.com:443
2023-07-05 04:54:01,539 DEBUG    urllib3.connectionpool https://oauth2.googleapis.com:443 "POST /token HTTP/1.1" 200 None
2023-07-05 04:54:01,578 DEBUG    urllib3.connectionpool Starting new HTTPS connection (1): www.gstatic.com:443
2023-07-05 04:54:01,688 DEBUG    urllib3.connectionpool https://www.gstatic.com:443 "GET /cloudsdk/feature_flag_config_file.yaml HTTP/1.1" 200 101
2023-07-05 04:54:01,707 DEBUG    root            Chosen display Format:default json
2023-07-05 04:54:01,708 INFO     root            Display format: "default json"
2023-07-05 04:54:01,708 INFO     ___FILE_ONLY___ {
  "configuration": {
    "active_configuration": "percona-cloud-dev",
    "properties": {
      "core": {
        "account": "inel.pandzic@percona.com",
        "disable_usage_reporting": "False",
        "project": "cloud-dev-112233"
      }
    }
  },
  "credential": {
    "access_token": "ya29.a0AbVbY6M6aes4dyjMS4usnVyeFRXrRrxZ-_MSXWI8zRDdpgPn4Dah1-gCrxGkm91JcdDGk7Pkkb30CHP-_v399D_fXHvjs4Hg5hu-yebaNe-QFQ5s16L2nKPCiurgCXagdnUXU67aDPMpvllwXZ1M55uNomLX5YfYeyHV2aMaCgYKAWYSARESFQFWKvPlQULSex3dhDkysoTHmkpKWA0174",
    "id_token": "eyJhbGciOiJSUzI1NiIsImtpZCI6IjkzNDFkZWRlZWUyZDE4NjliNjU3ZmE5MzAzMDAwODJmZTI2YjNkOTIiLCJ0eXAiOiJKV1QifQ.eyJpc3MiOiJodHRwczovL2FjY291bnRzLmdvb2dsZS5jb20iLCJhenAiOiIzMjU1NTk0MDU1OS5hcHBzLmdvb2dsZXVzZXJjb250ZW50LmNvbSIsImF1ZCI6IjMyNTU1OTQwNTU5LmFwcHMuZ29vZ2xldXNlcmNvbnRlbnQuY29tIiwic3ViIjoiMTA3NDA5ODEzMzQ0NTU5NDQzNDA3IiwiaGQiOiJwZXJjb25hLmNvbSIsImVtYWlsIjoiaW5lbC5wYW5kemljQHBlcmNvbmEuY29tIiwiZW1haWxfdmVyaWZpZWQiOnRydWUsImF0X2hhc2giOiJGOTVneGZPS18wd1RWTlZ6cFIwVE1BIiwiaWF0IjoxNjg4NTI1NjQxLCJleHAiOjE2ODg1MjkyNDF9.tPJDxrRXXWsJzj_RXvpp4KBFA5qa30PoKKumO01Nf5NfZZJg4d1tqlXIrCVUL0cBqA2NxEqhhhMLOM7w_pk5SceqKfhT2XHfHsbpHRp0YZl-iyXKAXxFI0XYLHCLkiQhSJ0ngL7QfQjD9M5VQUv3TcgZ_05sIo9egBUJeQ2avwlVe-2rKFP_QHjRcoNM4pf4xhP15viSZyw13HcNGwclfy7enlGiiV62HwnRB1BoXqDcfDx73I3wjFm8N19L4jlJEUo1QfPxpvV4HkS-IYRBA-4VWOVgUL0EjGGXJsAiftPBhZxgKuCgB0grapxCgqa-QLXBi0Gu1cZVg2HAXbdYPg",
    "token_expiry": "2023-07-05T03:54:00Z"
  },
  "sentinels": {
    "config_sentinel": "/Users/inelpandzic/.config/gcloud/config_sentinel"
  }
}
2023-07-05 04:54:01,709 INFO     ___FILE_ONLY___ 

2023-07-05 04:54:01,726 DEBUG    root            Metrics reporting process started...
