2023-07-05 07:03:17,009 DEBUG    root            Loaded Command Group: ['gcloud', 'config']
2023-07-05 07:03:17,011 DEBUG    root            Loaded Command Group: ['gcloud', 'config', 'config_helper']
2023-07-05 07:03:17,012 DEBUG    root            Running [gcloud.config.config-helper] with arguments: [--format: "json"]
2023-07-05 07:03:17,020 DEBUG    google.auth.transport.requests Making request: POST https://oauth2.googleapis.com/token
2023-07-05 07:03:17,400 DEBUG    urllib3.connectionpool Starting new HTTPS connection (1): oauth2.googleapis.com:443
2023-07-05 07:03:17,655 DEBUG    urllib3.connectionpool https://oauth2.googleapis.com:443 "POST /token HTTP/1.1" 200 None
2023-07-05 07:03:17,682 DEBUG    urllib3.connectionpool Starting new HTTPS connection (1): www.gstatic.com:443
2023-07-05 07:03:17,794 DEBUG    urllib3.connectionpool https://www.gstatic.com:443 "GET /cloudsdk/feature_flag_config_file.yaml HTTP/1.1" 200 101
2023-07-05 07:03:17,801 DEBUG    root            Chosen display Format:default json
2023-07-05 07:03:17,801 INFO     root            Display format: "default json"
2023-07-05 07:03:17,803 INFO     ___FILE_ONLY___ {
  "configuration": {
    "active_configuration": "percona-cloud-dev",
    "properties": {
      "core": {
        "account": "inel.pandzic@percona.com",
        "disable_usage_reporting": "False",
        "project": "cloud-dev-112233"
      }
    }
  },
  "credential": {
    "access_token": "ya29.a0AbVbY6PHoBXtvaCch-O61bxn5N_VysjQTmODQWGg5gFwwXHU915_1Rb1gifXS2oOIhtG0c5ITJOGMnNuokihjk9R2_C4b2UunSygzFLVhK7QJrPcLZdM5DgSnawh_UhkpspShNGwNTUqy2WPia24y-H3fAgqzflMId3VyDUaCgYKAdISARESFQFWKvPlHgtJhs55rt5h4Y8zXLxRdw0174",
    "id_token": "eyJhbGciOiJSUzI1NiIsImtpZCI6IjkzNDFkZWRlZWUyZDE4NjliNjU3ZmE5MzAzMDAwODJmZTI2YjNkOTIiLCJ0eXAiOiJKV1QifQ.eyJpc3MiOiJodHRwczovL2FjY291bnRzLmdvb2dsZS5jb20iLCJhenAiOiIzMjU1NTk0MDU1OS5hcHBzLmdvb2dsZXVzZXJjb250ZW50LmNvbSIsImF1ZCI6IjMyNTU1OTQwNTU5LmFwcHMuZ29vZ2xldXNlcmNvbnRlbnQuY29tIiwic3ViIjoiMTA3NDA5ODEzMzQ0NTU5NDQzNDA3IiwiaGQiOiJwZXJjb25hLmNvbSIsImVtYWlsIjoiaW5lbC5wYW5kemljQHBlcmNvbmEuY29tIiwiZW1haWxfdmVyaWZpZWQiOnRydWUsImF0X2hhc2giOiJCZE9wQWtqeGFaV1N6ekI1NkN1amFnIiwiaWF0IjoxNjg4NTMzMzk3LCJleHAiOjE2ODg1MzY5OTd9.WFztLQAtLybmBGOc0PEiOqdKoAEX1N0EabDiCN2JNEWV-px8Hf5x3Dt66C5EhJZVccsfBhZ2AVkQDVwmRoqIIdEyprjwl5RUyWkLY_Wp7OPCicOqWeImnGsXd_FwfBzi-K5baKQ4I2tDVWhZYUk1Y42L01qG2ZYpkWiKk61nzfbNS7s7KHSJNz5aFJ5NMRD5XYXt474U_K18L1p891TKKRX6RnVlBWaIqFEQNiYjcqYinM6RouxNf19L2nNc2HMsFPwWG88C04NGkWndRUzx0elQPIw4E1sb2wQ2nxM79t_dWpMDd6UdgKWzBqxdi0e1QGI9zfhlCWA7J5UTuHLLlA",
    "token_expiry": "2023-07-05T06:03:16Z"
  },
  "sentinels": {
    "config_sentinel": "/Users/inelpandzic/.config/gcloud/config_sentinel"
  }
}
2023-07-05 07:03:17,803 INFO     ___FILE_ONLY___ 

2023-07-05 07:03:17,817 DEBUG    root            Metrics reporting process started...
