2023-07-05 08:14:46,049 DEBUG    root            Loaded Command Group: ['gcloud', 'config']
2023-07-05 08:14:46,051 DEBUG    root            Loaded Command Group: ['gcloud', 'config', 'config_helper']
2023-07-05 08:14:46,052 DEBUG    root            Running [gcloud.config.config-helper] with arguments: [--format: "json"]
2023-07-05 08:14:46,064 DEBUG    google.auth.transport.requests Making request: POST https://oauth2.googleapis.com/token
2023-07-05 08:14:46,082 DEBUG    urllib3.connectionpool Starting new HTTPS connection (1): oauth2.googleapis.com:443
2023-07-05 08:14:46,256 DEBUG    urllib3.connectionpool https://oauth2.googleapis.com:443 "POST /token HTTP/1.1" 200 None
2023-07-05 08:14:46,283 DEBUG    urllib3.connectionpool Starting new HTTPS connection (1): www.gstatic.com:443
2023-07-05 08:14:46,386 DEBUG    urllib3.connectionpool https://www.gstatic.com:443 "GET /cloudsdk/feature_flag_config_file.yaml HTTP/1.1" 200 101
2023-07-05 08:14:46,398 DEBUG    root            Chosen display Format:default json
2023-07-05 08:14:46,398 INFO     root            Display format: "default json"
2023-07-05 08:14:46,399 INFO     ___FILE_ONLY___ {
  "configuration": {
    "active_configuration": "percona-cloud-dev",
    "properties": {
      "core": {
        "account": "inel.pandzic@percona.com",
        "disable_usage_reporting": "False",
        "project": "cloud-dev-112233"
      }
    }
  },
  "credential": {
    "access_token": "ya29.a0AbVbY6MkbJczCKuxbMZRVCcSZfTI7p9miKb1AVuLEIubc3nBhAj2r1cKIV-maqMHe6GRx7oMu3JzYVS52BNALpr9v-DAnDDGgeSqHPQ_K8pTND01P2sxfAHyW3KGvdAGJXzu4aKVMyntqVoi88SoJ86EyKHF1Hj7-H-SzeMaCgYKAVASARESFQFWKvPlFSeJiUcEwBn9AuM9EJpbHw0174",
    "id_token": "eyJhbGciOiJSUzI1NiIsImtpZCI6IjkzNDFkZWRlZWUyZDE4NjliNjU3ZmE5MzAzMDAwODJmZTI2YjNkOTIiLCJ0eXAiOiJKV1QifQ.eyJpc3MiOiJodHRwczovL2FjY291bnRzLmdvb2dsZS5jb20iLCJhenAiOiIzMjU1NTk0MDU1OS5hcHBzLmdvb2dsZXVzZXJjb250ZW50LmNvbSIsImF1ZCI6IjMyNTU1OTQwNTU5LmFwcHMuZ29vZ2xldXNlcmNvbnRlbnQuY29tIiwic3ViIjoiMTA3NDA5ODEzMzQ0NTU5NDQzNDA3IiwiaGQiOiJwZXJjb25hLmNvbSIsImVtYWlsIjoiaW5lbC5wYW5kemljQHBlcmNvbmEuY29tIiwiZW1haWxfdmVyaWZpZWQiOnRydWUsImF0X2hhc2giOiI0UjV2bFNEQmZkUTUxQnR6M3RpX3Z3IiwiaWF0IjoxNjg4NTM3Njg2LCJleHAiOjE2ODg1NDEyODZ9.hiOArn2zcKM1iNHVItz0KwfpYVlFd94acg0zmRzKQG6RoCLFD36lXbu1sxxPZjkuZ0gFWVZWysQ6wiVBGiTCKdBV_cHMf2_LFjAR4IvbsYz9QUp3SxpPpKgs4BQWoovCfdNPEO6B7XA-kiQeMz1ccMQ0P-LzK-CzC9oOF3FKbeJXWE0Q_hH1Tv-PKaD7U1OzsO0-Casor3ktF3bD34YX0twezgOrfc7WQTAr-SuX2oj0JUjujQICz9-7QHkFyBlaarKfPVQkPfdYJ_350z_YYVJO16ZuDRSieD-fHqJ5m81fROlI4FmPvuTOMzBJi1SYQ9bnBFArimlVlPtJ1eJ7hA",
    "token_expiry": "2023-07-05T07:14:45Z"
  },
  "sentinels": {
    "config_sentinel": "/Users/inelpandzic/.config/gcloud/config_sentinel"
  }
}
2023-07-05 08:14:46,399 INFO     ___FILE_ONLY___ 

2023-07-05 08:14:46,418 DEBUG    root            Metrics reporting process started...
