2023-07-05 09:15:52,821 DEBUG    root            Loaded Command Group: ['gcloud', 'config']
2023-07-05 09:15:52,822 DEBUG    root            Loaded Command Group: ['gcloud', 'config', 'config_helper']
2023-07-05 09:15:52,823 DEBUG    root            Running [gcloud.config.config-helper] with arguments: [--format: "json"]
2023-07-05 09:15:52,828 DEBUG    root            Chosen display Format:default json
2023-07-05 09:15:52,828 INFO     root            Display format: "default json"
2023-07-05 09:15:52,829 INFO     ___FILE_ONLY___ {
  "configuration": {
    "active_configuration": "percona-cloud-dev",
    "properties": {
      "core": {
        "account": "inel.pandzic@percona.com",
        "disable_usage_reporting": "False",
        "project": "cloud-dev-112233"
      }
    }
  },
  "credential": {
    "access_token": "ya29.a0AbVbY6MjVI_UXsnrMEeHOJORQsuxnVF-RQz8YqfrwzessLbkea-gjayomqvFESDr5KbmrOkrCwX4_Be0VL1GG6iilN9gxhEEwtCoGsrCPU-a1GXQ3Yl5iHskvLL278znRTKVEyzCabq0izMfLltDQH6pNZiU6j5d6wVfT_4aCgYKATkSARESFQFWKvPl89UziZBHzXRAb4KqMBbqyQ0174",
    "id_token": "eyJhbGciOiJSUzI1NiIsImtpZCI6IjkzNDFkZWRlZWUyZDE4NjliNjU3ZmE5MzAzMDAwODJmZTI2YjNkOTIiLCJ0eXAiOiJKV1QifQ.eyJpc3MiOiJodHRwczovL2FjY291bnRzLmdvb2dsZS5jb20iLCJhenAiOiIzMjU1NTk0MDU1OS5hcHBzLmdvb2dsZXVzZXJjb250ZW50LmNvbSIsImF1ZCI6IjMyNTU1OTQwNTU5LmFwcHMuZ29vZ2xldXNlcmNvbnRlbnQuY29tIiwic3ViIjoiMTA3NDA5ODEzMzQ0NTU5NDQzNDA3IiwiaGQiOiJwZXJjb25hLmNvbSIsImVtYWlsIjoiaW5lbC5wYW5kemljQHBlcmNvbmEuY29tIiwiZW1haWxfdmVyaWZpZWQiOnRydWUsImF0X2hhc2giOiJwQW0za3hab2JCNkZmdEM4SW5vcmtnIiwiaWF0IjoxNjg4NTQxMDM4LCJleHAiOjE2ODg1NDQ2Mzh9.dP-CZtckp1jaEKlWernEuKN0UMXY40xj7Dk_HN6HvjxiDfP-QCe6PgrSlvmIdnC1M1NRTTVoGTWNP6P2652SzJIsiaTt-s5gONkMqzIInoKsw3GB71oUpLwOHMlDxkl08-7T5x4_oSZZNq3oj3VO_BRcaduFdgC1UEUGVGnX5MNW4bowZmpt8dWFF_-GukexI7M6rsN2sPBAN8ZqloVzcmU7VIHkOCg57ZSCLGmsRf_mULfEbISRQE_myTcnjVfkeZ3yYTJxt3zyBkS2da9Ko8YNuiyzCP8YLzS5YKySPpht2HrUYizCsfDwaml9nXejhkYkgtHAK67147JLLXf0cQ",
    "token_expiry": "2023-07-05T08:10:37Z"
  },
  "sentinels": {
    "config_sentinel": "/Users/inelpandzic/.config/gcloud/config_sentinel"
  }
}
2023-07-05 09:15:52,829 INFO     ___FILE_ONLY___ 

2023-07-05 09:15:52,833 DEBUG    root            Metrics reporting process started...
