2023-07-05 10:14:22,605 DEBUG    root            Loaded Command Group: ['gcloud', 'config']
2023-07-05 10:14:22,606 DEBUG    root            Loaded Command Group: ['gcloud', 'config', 'config_helper']
2023-07-05 10:14:22,607 DEBUG    root            Running [gcloud.config.config-helper] with arguments: [--format: "json"]
2023-07-05 10:14:22,614 DEBUG    urllib3.connectionpool Starting new HTTPS connection (1): www.gstatic.com:443
2023-07-05 10:14:22,711 DEBUG    urllib3.connectionpool https://www.gstatic.com:443 "GET /cloudsdk/feature_flag_config_file.yaml HTTP/1.1" 200 101
2023-07-05 10:14:22,714 DEBUG    root            Chosen display Format:default json
2023-07-05 10:14:22,715 INFO     root            Display format: "default json"
2023-07-05 10:14:22,715 INFO     ___FILE_ONLY___ {
  "configuration": {
    "active_configuration": "percona-cloud-dev",
    "properties": {
      "core": {
        "account": "inel.pandzic@percona.com",
        "disable_usage_reporting": "False",
        "project": "cloud-dev-112233"
      }
    }
  },
  "credential": {
    "access_token": "ya29.a0AbVbY6OtOszsfO14S9eUKo22fBpe5M3Jdb2UZAzkUVoAtvlJ21t3zC9MBe5vaTlyADna8-tHxhftw3vxufVlQ9Hs-B1zPk-sQ6UsgfDzdN5PfE4mg-oAeGEshGHNJULvEijDD4VEKmWYsVLg3apII3skY31QzhIgqKlL-VwaCgYKAaISARESFQFWKvPlIhgJC-0t8PL2LaL_Z4yO_A0174",
    "id_token": "eyJhbGciOiJSUzI1NiIsImtpZCI6IjkzNDFkZWRlZWUyZDE4NjliNjU3ZmE5MzAzMDAwODJmZTI2YjNkOTIiLCJ0eXAiOiJKV1QifQ.eyJpc3MiOiJodHRwczovL2FjY291bnRzLmdvb2dsZS5jb20iLCJhenAiOiIzMjU1NTk0MDU1OS5hcHBzLmdvb2dsZXVzZXJjb250ZW50LmNvbSIsImF1ZCI6IjMyNTU1OTQwNTU5LmFwcHMuZ29vZ2xldXNlcmNvbnRlbnQuY29tIiwic3ViIjoiMTA3NDA5ODEzMzQ0NTU5NDQzNDA3IiwiaGQiOiJwZXJjb25hLmNvbSIsImVtYWlsIjoiaW5lbC5wYW5kemljQHBlcmNvbmEuY29tIiwiZW1haWxfdmVyaWZpZWQiOnRydWUsImF0X2hhc2giOiJDWnpGaGliUm9zdFRpNTh1VWphLWl3IiwiaWF0IjoxNjg4NTQ0ODYyLCJleHAiOjE2ODg1NDg0NjJ9.QTsVp4BHPBbbN9U3Vczrc_bmknjRZZrubO7Dx0wKkk403AYASbxHvKiyKFIezCHjSPeFdy4jXTzuuZfxf3I5_Yx21ZEm1W_xDCwTT7L99I8PN4YIwWzTwF7EvbJiOaayrRBeqLC34FKgR-y7Hk5Kq2AQqC49QnEP8rvySLTTutAzVf1QjJsKJsCdCfMHeLnIUwfqI9zIXeZyJE7KN9sfDhgQ_H6PB3LU61XgFE989c3XctY46fWZWEwhTEodSYlLcP4FG_FPo-WRSIDW4uoBXHdojnAytjGwzbCJmarqUuQkkpGfAkb8sFLA9rAa_64uX0JfLHZ5VMwhkXCQ-btPgw",
    "token_expiry": "2023-07-05T09:14:21Z"
  },
  "sentinels": {
    "config_sentinel": "/Users/inelpandzic/.config/gcloud/config_sentinel"
  }
}
2023-07-05 10:14:22,715 INFO     ___FILE_ONLY___ 

2023-07-05 10:14:22,720 DEBUG    root            Metrics reporting process started...
