2023-07-05 11:06:44,030 DEBUG    root            Loaded Command Group: ['gcloud', 'container', 'clusters']
2023-07-05 11:06:44,032 DEBUG    root            Loaded Command Group: ['gcloud', 'container', 'clusters', 'list']
2023-07-05 11:06:44,046 DEBUG    root            Running [gcloud.container.clusters.list] with arguments: []
2023-07-05 11:06:44,051 DEBUG    urllib3.connectionpool Starting new HTTPS connection (1): container.googleapis.com:443
2023-07-05 11:06:44,686 DEBUG    urllib3.connectionpool https://container.googleapis.com:443 "GET /v1/projects/cloud-dev-112233/locations/-/clusters?alt=json HTTP/1.1" 200 None
2023-07-05 11:06:44,781 DEBUG    root            Chosen display Format:
    table(
        name,
        zone:label=LOCATION,
        master_version():label=MASTER_VERSION,
        endpoint:label=MASTER_IP,
        nodePools[0].config.machineType,
        currentNodeVersion:label=NODE_VERSION,
        firstof(currentNodeCount,initialNodeCount):label=NUM_NODES,
        status
    )

2023-07-05 11:06:44,782 INFO     root            Display format: "
    table(
        name,
        zone:label=LOCATION,
        master_version():label=MASTER_VERSION,
        endpoint:label=MASTER_IP,
        nodePools[0].config.machineType,
        currentNodeVersion:label=NODE_VERSION,
        firstof(currentNodeCount,initialNodeCount):label=NUM_NODES,
        status
    )
"
2023-07-05 11:06:44,810 INFO     ___FILE_ONLY___ NAME
2023-07-05 11:06:44,810 INFO     ___FILE_ONLY___                                
2023-07-05 11:06:44,810 INFO     ___FILE_ONLY___ LOCATION
2023-07-05 11:06:44,810 INFO     ___FILE_ONLY___         
2023-07-05 11:06:44,810 INFO     ___FILE_ONLY___ MASTER_VERSION
2023-07-05 11:06:44,810 INFO     ___FILE_ONLY___     
2023-07-05 11:06:44,810 INFO     ___FILE_ONLY___ MASTER_IP
2023-07-05 11:06:44,810 INFO     ___FILE_ONLY___         
2023-07-05 11:06:44,810 INFO     ___FILE_ONLY___ MACHINE_TYPE
2023-07-05 11:06:44,810 INFO     ___FILE_ONLY___    
2023-07-05 11:06:44,810 INFO     ___FILE_ONLY___ NODE_VERSION
2023-07-05 11:06:44,810 INFO     ___FILE_ONLY___       
2023-07-05 11:06:44,810 INFO     ___FILE_ONLY___ NUM_NODES
2023-07-05 11:06:44,810 INFO     ___FILE_ONLY___   
2023-07-05 11:06:44,810 INFO     ___FILE_ONLY___ STATUS
2023-07-05 11:06:44,810 INFO     ___FILE_ONLY___ 

2023-07-05 11:06:44,810 INFO     ___FILE_ONLY___ slava-pxc
2023-07-05 11:06:44,810 INFO     ___FILE_ONLY___                           
2023-07-05 11:06:44,810 INFO     ___FILE_ONLY___ europe-west1-c
2023-07-05 11:06:44,810 INFO     ___FILE_ONLY___   
2023-07-05 11:06:44,810 INFO     ___FILE_ONLY___ 1.26.5-gke.1200
2023-07-05 11:06:44,810 INFO     ___FILE_ONLY___    
2023-07-05 11:06:44,810 INFO     ___FILE_ONLY___ 34.77.153.96
2023-07-05 11:06:44,810 INFO     ___FILE_ONLY___      
2023-07-05 11:06:44,810 INFO     ___FILE_ONLY___ n1-standard-4
2023-07-05 11:06:44,810 INFO     ___FILE_ONLY___   
2023-07-05 11:06:44,810 INFO     ___FILE_ONLY___ 1.26.5-gke.1200
2023-07-05 11:06:44,810 INFO     ___FILE_ONLY___    
2023-07-05 11:06:44,810 INFO     ___FILE_ONLY___ 3
2023-07-05 11:06:44,810 INFO     ___FILE_ONLY___           
2023-07-05 11:06:44,810 INFO     ___FILE_ONLY___ RUNNING
2023-07-05 11:06:44,810 INFO     ___FILE_ONLY___ 

2023-07-05 11:06:44,810 INFO     ___FILE_ONLY___ ege-30096
2023-07-05 11:06:44,810 INFO     ___FILE_ONLY___                           
2023-07-05 11:06:44,810 INFO     ___FILE_ONLY___ europe-west3
2023-07-05 11:06:44,810 INFO     ___FILE_ONLY___     
2023-07-05 11:06:44,810 INFO     ___FILE_ONLY___ 1.27.2-gke.2100
2023-07-05 11:06:44,810 INFO     ___FILE_ONLY___    
2023-07-05 11:06:44,810 INFO     ___FILE_ONLY___ 34.159.37.144
2023-07-05 11:06:44,811 INFO     ___FILE_ONLY___     
2023-07-05 11:06:44,811 INFO     ___FILE_ONLY___ n1-standard-4
2023-07-05 11:06:44,811 INFO     ___FILE_ONLY___   
2023-07-05 11:06:44,811 INFO     ___FILE_ONLY___ 1.27.2-gke.2100
2023-07-05 11:06:44,811 INFO     ___FILE_ONLY___    
2023-07-05 11:06:44,811 INFO     ___FILE_ONLY___ 3
2023-07-05 11:06:44,811 INFO     ___FILE_ONLY___           
2023-07-05 11:06:44,811 INFO     ___FILE_ONLY___ RUNNING
2023-07-05 11:06:44,811 INFO     ___FILE_ONLY___ 

2023-07-05 11:06:44,811 INFO     ___FILE_ONLY___ inel-3117
2023-07-05 11:06:44,811 INFO     ___FILE_ONLY___                           
2023-07-05 11:06:44,811 INFO     ___FILE_ONLY___ europe-west3-b
2023-07-05 11:06:44,811 INFO     ___FILE_ONLY___   
2023-07-05 11:06:44,811 INFO     ___FILE_ONLY___ 1.25.10-gke.2100
2023-07-05 11:06:44,811 INFO     ___FILE_ONLY___   
2023-07-05 11:06:44,811 INFO     ___FILE_ONLY___ 35.234.104.211
2023-07-05 11:06:44,811 INFO     ___FILE_ONLY___    
2023-07-05 11:06:44,811 INFO     ___FILE_ONLY___ n1-standard-4
2023-07-05 11:06:44,811 INFO     ___FILE_ONLY___   
2023-07-05 11:06:44,811 INFO     ___FILE_ONLY___ 1.25.10-gke.2100
2023-07-05 11:06:44,811 INFO     ___FILE_ONLY___   
2023-07-05 11:06:44,811 INFO     ___FILE_ONLY___ 3
2023-07-05 11:06:44,811 INFO     ___FILE_ONLY___           
2023-07-05 11:06:44,811 INFO     ___FILE_ONLY___ RUNNING
2023-07-05 11:06:44,811 INFO     ___FILE_ONLY___ 

2023-07-05 11:06:44,811 INFO     ___FILE_ONLY___ jenkins-lat-pxc-da327cb5-cluster4
2023-07-05 11:06:44,811 INFO     ___FILE_ONLY___   
2023-07-05 11:06:44,811 INFO     ___FILE_ONLY___ us-central1-a
2023-07-05 11:06:44,811 INFO     ___FILE_ONLY___    
2023-07-05 11:06:44,811 INFO     ___FILE_ONLY___ 1.27.2-gke.1200
2023-07-05 11:06:44,811 INFO     ___FILE_ONLY___    
2023-07-05 11:06:44,811 INFO     ___FILE_ONLY___ 35.224.151.205
2023-07-05 11:06:44,811 INFO     ___FILE_ONLY___    
2023-07-05 11:06:44,811 INFO     ___FILE_ONLY___ n1-standard-4
2023-07-05 11:06:44,811 INFO     ___FILE_ONLY___   
2023-07-05 11:06:44,811 INFO     ___FILE_ONLY___ 1.27.2-gke.1200
2023-07-05 11:06:44,811 INFO     ___FILE_ONLY___    
2023-07-05 11:06:44,811 INFO     ___FILE_ONLY___ 3
2023-07-05 11:06:44,811 INFO     ___FILE_ONLY___           
2023-07-05 11:06:44,811 INFO     ___FILE_ONLY___ STOPPING
2023-07-05 11:06:44,811 INFO     ___FILE_ONLY___ 

2023-07-05 11:06:44,811 INFO     ___FILE_ONLY___ jenkins-lat-pxc-da327cb5-cluster5
2023-07-05 11:06:44,811 INFO     ___FILE_ONLY___   
2023-07-05 11:06:44,811 INFO     ___FILE_ONLY___ us-central1-a
2023-07-05 11:06:44,811 INFO     ___FILE_ONLY___    
2023-07-05 11:06:44,811 INFO     ___FILE_ONLY___ 1.27.2-gke.1200
2023-07-05 11:06:44,811 INFO     ___FILE_ONLY___    
2023-07-05 11:06:44,811 INFO     ___FILE_ONLY___ 130.211.126.124
2023-07-05 11:06:44,811 INFO     ___FILE_ONLY___   
2023-07-05 11:06:44,811 INFO     ___FILE_ONLY___ n1-standard-4
2023-07-05 11:06:44,811 INFO     ___FILE_ONLY___   
2023-07-05 11:06:44,811 INFO     ___FILE_ONLY___ 1.27.2-gke.1200
2023-07-05 11:06:44,811 INFO     ___FILE_ONLY___    
2023-07-05 11:06:44,811 INFO     ___FILE_ONLY___ 3
2023-07-05 11:06:44,811 INFO     ___FILE_ONLY___           
2023-07-05 11:06:44,811 INFO     ___FILE_ONLY___ STOPPING
2023-07-05 11:06:44,811 INFO     ___FILE_ONLY___ 

2023-07-05 11:06:44,811 INFO     ___FILE_ONLY___ jenkins-lat-pxc-da327cb5-cluster6
2023-07-05 11:06:44,811 INFO     ___FILE_ONLY___   
2023-07-05 11:06:44,811 INFO     ___FILE_ONLY___ us-central1-a
2023-07-05 11:06:44,811 INFO     ___FILE_ONLY___    
2023-07-05 11:06:44,811 INFO     ___FILE_ONLY___ 1.27.2-gke.1200
2023-07-05 11:06:44,812 INFO     ___FILE_ONLY___    
2023-07-05 11:06:44,812 INFO     ___FILE_ONLY___ 34.31.39.20
2023-07-05 11:06:44,812 INFO     ___FILE_ONLY___       
2023-07-05 11:06:44,812 INFO     ___FILE_ONLY___ n1-standard-4
2023-07-05 11:06:44,812 INFO     ___FILE_ONLY___   
2023-07-05 11:06:44,812 INFO     ___FILE_ONLY___ 1.27.2-gke.1200
2023-07-05 11:06:44,812 INFO     ___FILE_ONLY___    
2023-07-05 11:06:44,812 INFO     ___FILE_ONLY___ 3
2023-07-05 11:06:44,812 INFO     ___FILE_ONLY___           
2023-07-05 11:06:44,812 INFO     ___FILE_ONLY___ RUNNING
2023-07-05 11:06:44,812 INFO     ___FILE_ONLY___ 

2023-07-05 11:06:44,812 INFO     ___FILE_ONLY___ jenkins-lat-pxc-da327cb5-cluster7
2023-07-05 11:06:44,812 INFO     ___FILE_ONLY___   
2023-07-05 11:06:44,812 INFO     ___FILE_ONLY___ us-central1-a
2023-07-05 11:06:44,812 INFO     ___FILE_ONLY___    
2023-07-05 11:06:44,812 INFO     ___FILE_ONLY___ 1.27.2-gke.1200
2023-07-05 11:06:44,812 INFO     ___FILE_ONLY___    
2023-07-05 11:06:44,812 INFO     ___FILE_ONLY___ 34.29.102.168
2023-07-05 11:06:44,812 INFO     ___FILE_ONLY___     
2023-07-05 11:06:44,812 INFO     ___FILE_ONLY___ n1-standard-4
2023-07-05 11:06:44,812 INFO     ___FILE_ONLY___   
2023-07-05 11:06:44,812 INFO     ___FILE_ONLY___ 1.27.2-gke.1200
2023-07-05 11:06:44,812 INFO     ___FILE_ONLY___    
2023-07-05 11:06:44,812 INFO     ___FILE_ONLY___ 3
2023-07-05 11:06:44,812 INFO     ___FILE_ONLY___           
2023-07-05 11:06:44,812 INFO     ___FILE_ONLY___ RUNNING
2023-07-05 11:06:44,812 INFO     ___FILE_ONLY___ 

2023-07-05 11:06:44,812 INFO     ___FILE_ONLY___ jenkins-par-pxc-da327cb5-cluster1
2023-07-05 11:06:44,812 INFO     ___FILE_ONLY___   
2023-07-05 11:06:44,812 INFO     ___FILE_ONLY___ us-central1-a
2023-07-05 11:06:44,812 INFO     ___FILE_ONLY___    
2023-07-05 11:06:44,812 INFO     ___FILE_ONLY___ 1.24.14-gke.1400
2023-07-05 11:06:44,812 INFO     ___FILE_ONLY___   
2023-07-05 11:06:44,812 INFO     ___FILE_ONLY___ 34.136.103.4
2023-07-05 11:06:44,812 INFO     ___FILE_ONLY___      
2023-07-05 11:06:44,812 INFO     ___FILE_ONLY___ n1-standard-4
2023-07-05 11:06:44,812 INFO     ___FILE_ONLY___   
2023-07-05 11:06:44,812 INFO     ___FILE_ONLY___ 1.24.14-gke.1400
2023-07-05 11:06:44,812 INFO     ___FILE_ONLY___   
2023-07-05 11:06:44,812 INFO     ___FILE_ONLY___ 3
2023-07-05 11:06:44,812 INFO     ___FILE_ONLY___           
2023-07-05 11:06:44,812 INFO     ___FILE_ONLY___ RUNNING
2023-07-05 11:06:44,812 INFO     ___FILE_ONLY___ 

2023-07-05 11:06:44,812 INFO     ___FILE_ONLY___ jenkins-par-pxc-da327cb5-cluster2
2023-07-05 11:06:44,812 INFO     ___FILE_ONLY___   
2023-07-05 11:06:44,812 INFO     ___FILE_ONLY___ us-central1-a
2023-07-05 11:06:44,812 INFO     ___FILE_ONLY___    
2023-07-05 11:06:44,812 INFO     ___FILE_ONLY___ 1.24.14-gke.1400
2023-07-05 11:06:44,812 INFO     ___FILE_ONLY___   
2023-07-05 11:06:44,812 INFO     ___FILE_ONLY___ 34.67.73.202
2023-07-05 11:06:44,812 INFO     ___FILE_ONLY___      
2023-07-05 11:06:44,812 INFO     ___FILE_ONLY___ n1-standard-4
2023-07-05 11:06:44,812 INFO     ___FILE_ONLY___   
2023-07-05 11:06:44,812 INFO     ___FILE_ONLY___ 1.24.14-gke.1400
2023-07-05 11:06:44,812 INFO     ___FILE_ONLY___   
2023-07-05 11:06:44,812 INFO     ___FILE_ONLY___ 3
2023-07-05 11:06:44,812 INFO     ___FILE_ONLY___           
2023-07-05 11:06:44,812 INFO     ___FILE_ONLY___ RUNNING
2023-07-05 11:06:44,812 INFO     ___FILE_ONLY___ 

2023-07-05 11:06:44,812 INFO     ___FILE_ONLY___ jenkins-par-pxc-da327cb5-cluster3
2023-07-05 11:06:44,812 INFO     ___FILE_ONLY___   
2023-07-05 11:06:44,812 INFO     ___FILE_ONLY___ us-central1-a
2023-07-05 11:06:44,812 INFO     ___FILE_ONLY___    
2023-07-05 11:06:44,812 INFO     ___FILE_ONLY___ 1.24.14-gke.1400
2023-07-05 11:06:44,812 INFO     ___FILE_ONLY___   
2023-07-05 11:06:44,813 INFO     ___FILE_ONLY___ 34.68.248.34
2023-07-05 11:06:44,813 INFO     ___FILE_ONLY___      
2023-07-05 11:06:44,813 INFO     ___FILE_ONLY___ n1-standard-4
2023-07-05 11:06:44,813 INFO     ___FILE_ONLY___   
2023-07-05 11:06:44,813 INFO     ___FILE_ONLY___ 1.24.14-gke.1400
2023-07-05 11:06:44,813 INFO     ___FILE_ONLY___   
2023-07-05 11:06:44,813 INFO     ___FILE_ONLY___ 3
2023-07-05 11:06:44,813 INFO     ___FILE_ONLY___           
2023-07-05 11:06:44,813 INFO     ___FILE_ONLY___ RUNNING
2023-07-05 11:06:44,813 INFO     ___FILE_ONLY___ 

2023-07-05 11:06:44,813 INFO     ___FILE_ONLY___ jenkins-par-pxc-da327cb5-cluster4
2023-07-05 11:06:44,813 INFO     ___FILE_ONLY___   
2023-07-05 11:06:44,813 INFO     ___FILE_ONLY___ us-central1-a
2023-07-05 11:06:44,813 INFO     ___FILE_ONLY___    
2023-07-05 11:06:44,813 INFO     ___FILE_ONLY___ 1.24.14-gke.1400
2023-07-05 11:06:44,813 INFO     ___FILE_ONLY___   
2023-07-05 11:06:44,813 INFO     ___FILE_ONLY___ 34.172.87.87
2023-07-05 11:06:44,813 INFO     ___FILE_ONLY___      
2023-07-05 11:06:44,813 INFO     ___FILE_ONLY___ n1-standard-4
2023-07-05 11:06:44,813 INFO     ___FILE_ONLY___   
2023-07-05 11:06:44,813 INFO     ___FILE_ONLY___ 1.24.14-gke.1400
2023-07-05 11:06:44,813 INFO     ___FILE_ONLY___   
2023-07-05 11:06:44,813 INFO     ___FILE_ONLY___ 3
2023-07-05 11:06:44,813 INFO     ___FILE_ONLY___           
2023-07-05 11:06:44,813 INFO     ___FILE_ONLY___ RUNNING
2023-07-05 11:06:44,813 INFO     ___FILE_ONLY___ 

2023-07-05 11:06:44,813 INFO     ___FILE_ONLY___ jenkins-par-pxc-da327cb5-cluster5
2023-07-05 11:06:44,813 INFO     ___FILE_ONLY___   
2023-07-05 11:06:44,813 INFO     ___FILE_ONLY___ us-central1-a
2023-07-05 11:06:44,813 INFO     ___FILE_ONLY___    
2023-07-05 11:06:44,813 INFO     ___FILE_ONLY___ 1.24.14-gke.1400
2023-07-05 11:06:44,813 INFO     ___FILE_ONLY___   
2023-07-05 11:06:44,813 INFO     ___FILE_ONLY___ 34.29.132.104
2023-07-05 11:06:44,813 INFO     ___FILE_ONLY___     
2023-07-05 11:06:44,813 INFO     ___FILE_ONLY___ n1-standard-4
2023-07-05 11:06:44,813 INFO     ___FILE_ONLY___   
2023-07-05 11:06:44,813 INFO     ___FILE_ONLY___ 1.24.14-gke.1400
2023-07-05 11:06:44,813 INFO     ___FILE_ONLY___   
2023-07-05 11:06:44,813 INFO     ___FILE_ONLY___ 3
2023-07-05 11:06:44,813 INFO     ___FILE_ONLY___           
2023-07-05 11:06:44,813 INFO     ___FILE_ONLY___ RUNNING
2023-07-05 11:06:44,813 INFO     ___FILE_ONLY___ 

2023-07-05 11:06:44,813 INFO     ___FILE_ONLY___ jenkins-par-pxc-da327cb5-cluster6
2023-07-05 11:06:44,813 INFO     ___FILE_ONLY___   
2023-07-05 11:06:44,813 INFO     ___FILE_ONLY___ us-central1-a
2023-07-05 11:06:44,813 INFO     ___FILE_ONLY___    
2023-07-05 11:06:44,813 INFO     ___FILE_ONLY___ 1.24.14-gke.1400
2023-07-05 11:06:44,813 INFO     ___FILE_ONLY___   
2023-07-05 11:06:44,813 INFO     ___FILE_ONLY___ 34.67.140.92
2023-07-05 11:06:44,813 INFO     ___FILE_ONLY___      
2023-07-05 11:06:44,813 INFO     ___FILE_ONLY___ n1-standard-4
2023-07-05 11:06:44,813 INFO     ___FILE_ONLY___   
2023-07-05 11:06:44,813 INFO     ___FILE_ONLY___ 1.24.14-gke.1400
2023-07-05 11:06:44,813 INFO     ___FILE_ONLY___   
2023-07-05 11:06:44,813 INFO     ___FILE_ONLY___ 3
2023-07-05 11:06:44,813 INFO     ___FILE_ONLY___           
2023-07-05 11:06:44,813 INFO     ___FILE_ONLY___ RUNNING
2023-07-05 11:06:44,813 INFO     ___FILE_ONLY___ 

2023-07-05 11:06:44,813 INFO     ___FILE_ONLY___ jenkins-par-pxc-da327cb5-cluster7
2023-07-05 11:06:44,813 INFO     ___FILE_ONLY___   
2023-07-05 11:06:44,813 INFO     ___FILE_ONLY___ us-central1-a
2023-07-05 11:06:44,813 INFO     ___FILE_ONLY___    
2023-07-05 11:06:44,813 INFO     ___FILE_ONLY___ 1.24.14-gke.1400
2023-07-05 11:06:44,813 INFO     ___FILE_ONLY___   
2023-07-05 11:06:44,813 INFO     ___FILE_ONLY___ 35.193.85.73
2023-07-05 11:06:44,813 INFO     ___FILE_ONLY___      
2023-07-05 11:06:44,814 INFO     ___FILE_ONLY___ n1-standard-4
2023-07-05 11:06:44,814 INFO     ___FILE_ONLY___   
2023-07-05 11:06:44,814 INFO     ___FILE_ONLY___ 1.24.14-gke.1400
2023-07-05 11:06:44,814 INFO     ___FILE_ONLY___   
2023-07-05 11:06:44,814 INFO     ___FILE_ONLY___ 3
2023-07-05 11:06:44,814 INFO     ___FILE_ONLY___           
2023-07-05 11:06:44,814 INFO     ___FILE_ONLY___ RUNNING
2023-07-05 11:06:44,814 INFO     ___FILE_ONLY___ 

2023-07-05 11:06:44,814 INFO     ___FILE_ONLY___ jenkins-par-pxc-da327cb5-cluster8
2023-07-05 11:06:44,814 INFO     ___FILE_ONLY___   
2023-07-05 11:06:44,814 INFO     ___FILE_ONLY___ us-central1-a
2023-07-05 11:06:44,814 INFO     ___FILE_ONLY___    
2023-07-05 11:06:44,814 INFO     ___FILE_ONLY___ 1.24.14-gke.1400
2023-07-05 11:06:44,814 INFO     ___FILE_ONLY___   
2023-07-05 11:06:44,814 INFO     ___FILE_ONLY___ 35.202.101.89
2023-07-05 11:06:44,814 INFO     ___FILE_ONLY___     
2023-07-05 11:06:44,814 INFO     ___FILE_ONLY___ n1-standard-4
2023-07-05 11:06:44,814 INFO     ___FILE_ONLY___   
2023-07-05 11:06:44,814 INFO     ___FILE_ONLY___ 1.24.14-gke.1400
2023-07-05 11:06:44,814 INFO     ___FILE_ONLY___   
2023-07-05 11:06:44,814 INFO     ___FILE_ONLY___ 3
2023-07-05 11:06:44,814 INFO     ___FILE_ONLY___           
2023-07-05 11:06:44,814 INFO     ___FILE_ONLY___ RUNNING
2023-07-05 11:06:44,814 INFO     ___FILE_ONLY___ 

2023-07-05 11:06:44,814 INFO     ___FILE_ONLY___ plavi-123
2023-07-05 11:06:44,814 INFO     ___FILE_ONLY___                           
2023-07-05 11:06:44,814 INFO     ___FILE_ONLY___ us-central1-a
2023-07-05 11:06:44,814 INFO     ___FILE_ONLY___    
2023-07-05 11:06:44,814 INFO     ___FILE_ONLY___ 1.23.17-gke.7000
2023-07-05 11:06:44,814 INFO     ___FILE_ONLY___   
2023-07-05 11:06:44,814 INFO     ___FILE_ONLY___ 35.224.148.131
2023-07-05 11:06:44,814 INFO     ___FILE_ONLY___    
2023-07-05 11:06:44,814 INFO     ___FILE_ONLY___ n1-standard-4
2023-07-05 11:06:44,814 INFO     ___FILE_ONLY___   
2023-07-05 11:06:44,814 INFO     ___FILE_ONLY___ 1.23.17-gke.7000
2023-07-05 11:06:44,814 INFO     ___FILE_ONLY___   
2023-07-05 11:06:44,814 INFO     ___FILE_ONLY___ 3
2023-07-05 11:06:44,814 INFO     ___FILE_ONLY___           
2023-07-05 11:06:44,814 INFO     ___FILE_ONLY___ RUNNING
2023-07-05 11:06:44,814 INFO     ___FILE_ONLY___ 

2023-07-05 11:06:44,814 INFO     ___FILE_ONLY___ plavi-124
2023-07-05 11:06:44,814 INFO     ___FILE_ONLY___                           
2023-07-05 11:06:44,814 INFO     ___FILE_ONLY___ us-central1-a
2023-07-05 11:06:44,814 INFO     ___FILE_ONLY___    
2023-07-05 11:06:44,814 INFO     ___FILE_ONLY___ 1.24.14-gke.1400
2023-07-05 11:06:44,814 INFO     ___FILE_ONLY___   
2023-07-05 11:06:44,814 INFO     ___FILE_ONLY___ 35.232.122.97
2023-07-05 11:06:44,814 INFO     ___FILE_ONLY___     
2023-07-05 11:06:44,814 INFO     ___FILE_ONLY___ n1-standard-4
2023-07-05 11:06:44,814 INFO     ___FILE_ONLY___   
2023-07-05 11:06:44,814 INFO     ___FILE_ONLY___ 1.24.14-gke.1400
2023-07-05 11:06:44,814 INFO     ___FILE_ONLY___   
2023-07-05 11:06:44,814 INFO     ___FILE_ONLY___ 3
2023-07-05 11:06:44,814 INFO     ___FILE_ONLY___           
2023-07-05 11:06:44,814 INFO     ___FILE_ONLY___ RUNNING
2023-07-05 11:06:44,814 INFO     ___FILE_ONLY___ 

2023-07-05 11:06:44,814 INFO     ___FILE_ONLY___ plavi-127
2023-07-05 11:06:44,814 INFO     ___FILE_ONLY___                           
2023-07-05 11:06:44,814 INFO     ___FILE_ONLY___ us-central1-a
2023-07-05 11:06:44,814 INFO     ___FILE_ONLY___    
2023-07-05 11:06:44,814 INFO     ___FILE_ONLY___ 1.27.2-gke.1200
2023-07-05 11:06:44,814 INFO     ___FILE_ONLY___    
2023-07-05 11:06:44,814 INFO     ___FILE_ONLY___ 34.72.148.7
2023-07-05 11:06:44,814 INFO     ___FILE_ONLY___       
2023-07-05 11:06:44,815 INFO     ___FILE_ONLY___ n1-standard-4
2023-07-05 11:06:44,815 INFO     ___FILE_ONLY___   
2023-07-05 11:06:44,815 INFO     ___FILE_ONLY___ 1.27.2-gke.1200
2023-07-05 11:06:44,815 INFO     ___FILE_ONLY___    
2023-07-05 11:06:44,815 INFO     ___FILE_ONLY___ 3
2023-07-05 11:06:44,815 INFO     ___FILE_ONLY___           
2023-07-05 11:06:44,815 INFO     ___FILE_ONLY___ RUNNING
2023-07-05 11:06:44,815 INFO     ___FILE_ONLY___ 

2023-07-05 11:06:44,820 DEBUG    root            Metrics reporting process started...
