2023-07-05 11:14:21,704 DEBUG    root            Loaded Command Group: ['gcloud', 'config']
2023-07-05 11:14:21,706 DEBUG    root            Loaded Command Group: ['gcloud', 'config', 'config_helper']
2023-07-05 11:14:21,707 DEBUG    root            Running [gcloud.config.config-helper] with arguments: [--format: "json"]
2023-07-05 11:14:21,737 DEBUG    urllib3.connectionpool Starting new HTTPS connection (1): www.gstatic.com:443
2023-07-05 11:14:21,845 DEBUG    urllib3.connectionpool https://www.gstatic.com:443 "GET /cloudsdk/feature_flag_config_file.yaml HTTP/1.1" 200 101
2023-07-05 11:14:21,849 DEBUG    root            Chosen display Format:default json
2023-07-05 11:14:21,849 INFO     root            Display format: "default json"
2023-07-05 11:14:21,849 INFO     ___FILE_ONLY___ {
  "configuration": {
    "active_configuration": "percona-cloud-dev",
    "properties": {
      "core": {
        "account": "inel.pandzic@percona.com",
        "disable_usage_reporting": "False",
        "project": "cloud-dev-112233"
      }
    }
  },
  "credential": {
    "access_token": "ya29.a0AbVbY6OrNrVaHw0gAvsxOsPU32cFah3TN0PbZoou3b4zO8B02F_eQSKvQoKnYW-ZNXMT6IpefRWWVp0hNsgzNZDwRE1pf_CuttkgVpHSI3fDIT1P0yGmaDRV9_1h4sBJ9HMM6guGaX4Sk3nRftR5FVygljrPJPNlHKlQVlIaCgYKAYsSARESFQFWKvPloJsTiRMeE2MT4UfuHYD4rQ0174",
    "id_token": "eyJhbGciOiJSUzI1NiIsImtpZCI6IjkzNDFkZWRlZWUyZDE4NjliNjU3ZmE5MzAzMDAwODJmZTI2YjNkOTIiLCJ0eXAiOiJKV1QifQ.eyJpc3MiOiJodHRwczovL2FjY291bnRzLmdvb2dsZS5jb20iLCJhenAiOiIzMjU1NTk0MDU1OS5hcHBzLmdvb2dsZXVzZXJjb250ZW50LmNvbSIsImF1ZCI6IjMyNTU1OTQwNTU5LmFwcHMuZ29vZ2xldXNlcmNvbnRlbnQuY29tIiwic3ViIjoiMTA3NDA5ODEzMzQ0NTU5NDQzNDA3IiwiaGQiOiJwZXJjb25hLmNvbSIsImVtYWlsIjoiaW5lbC5wYW5kemljQHBlcmNvbmEuY29tIiwiZW1haWxfdmVyaWZpZWQiOnRydWUsImF0X2hhc2giOiJ2b0dySDNnZDN5V2YzQ29LR2xqR3pRIiwiaWF0IjoxNjg4NTQ4NDE5LCJleHAiOjE2ODg1NTIwMTl9.AnL9Ct1srUg71-4BntcAZIOrTNXqWvu6XsbaaIG4mc2u-zB7QaVYBhoglwv37blmrAdNDirO2FE7rdNX6Op2-XkvFIlXKtMF7uyPmLDuWqz2O5VSKbrtOqeh7SqxJTi9tYdJf0ZTkbsqipFG1LiOXupyA9ByorKXCD3JMw6KRx-NoHMKkYjWS-93kh0QbVPZV0j6AyCjoHLVbi9oKUT2Pb4faixrT3I_O06mS_Qp138_uswZ-Q2PfxkTaF6GnRUCp34LdcNGXjOj2ws-RaWH4mxfittn2oiBiGhuI3CbGeFuaxFfA9qW4SmkiwGSRUs1uQmkW4nDgNnbauihZdcNiQ",
    "token_expiry": "2023-07-05T10:13:38Z"
  },
  "sentinels": {
    "config_sentinel": "/Users/inelpandzic/.config/gcloud/config_sentinel"
  }
}
2023-07-05 11:14:21,850 INFO     ___FILE_ONLY___ 

2023-07-05 11:14:21,855 DEBUG    root            Metrics reporting process started...
