2023-07-05 13:10:02,265 DEBUG    root            Loaded Command Group: ['gcloud', 'config']
2023-07-05 13:10:02,267 DEBUG    root            Loaded Command Group: ['gcloud', 'config', 'config_helper']
2023-07-05 13:10:02,268 DEBUG    root            Running [gcloud.config.config-helper] with arguments: [--format: "json"]
2023-07-05 13:10:02,277 DEBUG    google.auth.transport.requests Making request: POST https://oauth2.googleapis.com/token
2023-07-05 13:10:02,293 DEBUG    urllib3.connectionpool Starting new HTTPS connection (1): oauth2.googleapis.com:443
2023-07-05 13:10:02,447 DEBUG    urllib3.connectionpool https://oauth2.googleapis.com:443 "POST /token HTTP/1.1" 200 None
2023-07-05 13:10:02,467 DEBUG    urllib3.connectionpool Starting new HTTPS connection (1): www.gstatic.com:443
2023-07-05 13:10:02,570 DEBUG    urllib3.connectionpool https://www.gstatic.com:443 "GET /cloudsdk/feature_flag_config_file.yaml HTTP/1.1" 200 101
2023-07-05 13:10:02,588 DEBUG    root            Chosen display Format:default json
2023-07-05 13:10:02,588 INFO     root            Display format: "default json"
2023-07-05 13:10:02,588 INFO     ___FILE_ONLY___ {
  "configuration": {
    "active_configuration": "percona-cloud-dev",
    "properties": {
      "core": {
        "account": "inel.pandzic@percona.com",
        "disable_usage_reporting": "False",
        "project": "cloud-dev-112233"
      }
    }
  },
  "credential": {
    "access_token": "ya29.a0AbVbY6OoFYrXaadJ2BS-afTa6HbqoLmNP1F0cFtiiPasjLeFqdXiNfdWBsrpsS3v7fB138HRJ6i4kai_ttyVCzSLG3_2cA66841__uQXh8ARXhmcfJ_g4qoy0729Hn9IMyCapZn69ER6Zw8TjAKq4nRDyXmfZ4QYb0rYhW4aCgYKAQcSARESFQFWKvPlx7Pd2T01gjwrfs1eDoGRtg0174",
    "id_token": "eyJhbGciOiJSUzI1NiIsImtpZCI6IjkzNDFkZWRlZWUyZDE4NjliNjU3ZmE5MzAzMDAwODJmZTI2YjNkOTIiLCJ0eXAiOiJKV1QifQ.eyJpc3MiOiJodHRwczovL2FjY291bnRzLmdvb2dsZS5jb20iLCJhenAiOiIzMjU1NTk0MDU1OS5hcHBzLmdvb2dsZXVzZXJjb250ZW50LmNvbSIsImF1ZCI6IjMyNTU1OTQwNTU5LmFwcHMuZ29vZ2xldXNlcmNvbnRlbnQuY29tIiwic3ViIjoiMTA3NDA5ODEzMzQ0NTU5NDQzNDA3IiwiaGQiOiJwZXJjb25hLmNvbSIsImVtYWlsIjoiaW5lbC5wYW5kemljQHBlcmNvbmEuY29tIiwiZW1haWxfdmVyaWZpZWQiOnRydWUsImF0X2hhc2giOiI2VjhRU2I1andpdGloT21IVV9XdXBRIiwiaWF0IjoxNjg4NTU1NDAyLCJleHAiOjE2ODg1NTkwMDJ9.WWWnTPpx7zLt3o56h3KoVrQR574bUUIK-rKqWjcE6ShIptXoRKKVLnSE0nF4I1TIjSZeYgYa2JHMNqcVa1ZJG0s5U0iK7_b4PaKCGb3K0eo2WbHixp7T1aer-QhpHoJiIoyofjulmBLGznzAUqwPDSKyIYjOK0B8_pFXZ_JPXj-lCTbM59o-gwyO7lnlX6IihlWkH36Ch7MDfotQRJJo-dNNk-gpRAFS4sIWyE3FPrrS1Q8DBUeTc35Z7gC-y_ac41ttUqG5OC0pkAsQHXNbLnsgsEfYEH9rfYGDXjuN0rgW47dUdwSXS0fQ-MkaZTUI9re3G48eI73qCIkul3xrWA",
    "token_expiry": "2023-07-05T12:10:01Z"
  },
  "sentinels": {
    "config_sentinel": "/Users/inelpandzic/.config/gcloud/config_sentinel"
  }
}
2023-07-05 13:10:02,588 INFO     ___FILE_ONLY___ 

2023-07-05 13:10:02,598 DEBUG    root            Metrics reporting process started...
