2023-07-05 16:37:44,427 DEBUG    root            Loaded Command Group: ['gcloud', 'config']
2023-07-05 16:37:44,429 DEBUG    root            Loaded Command Group: ['gcloud', 'config', 'config_helper']
2023-07-05 16:37:44,430 DEBUG    root            Running [gcloud.config.config-helper] with arguments: [--format: "json"]
2023-07-05 16:37:44,485 DEBUG    urllib3.connectionpool Starting new HTTPS connection (1): www.gstatic.com:443
2023-07-05 16:37:44,676 DEBUG    urllib3.connectionpool https://www.gstatic.com:443 "GET /cloudsdk/feature_flag_config_file.yaml HTTP/1.1" 200 101
2023-07-05 16:37:44,692 DEBUG    root            Chosen display Format:default json
2023-07-05 16:37:44,693 INFO     root            Display format: "default json"
2023-07-05 16:37:44,694 INFO     ___FILE_ONLY___ {
  "configuration": {
    "active_configuration": "percona-cloud-dev",
    "properties": {
      "core": {
        "account": "inel.pandzic@percona.com",
        "disable_usage_reporting": "False",
        "project": "cloud-dev-112233"
      }
    }
  },
  "credential": {
    "access_token": "ya29.a0AbVbY6NnBrC8HqmJXD_SmbHQ3XsGvpB7HD8RjIiCEnjF6CN_aiBsI5-CT-99iDQg5K4IZxX-zUlzZag4jbgNeC58EjgziCS7WwiUrqiqR5nWEjra6iK09IPN9ruvBZMvGfzbxRnPYar5YCVi2VvoP_BR3JcjO6TeMa5-Jj4aCgYKAasSARESFQFWKvPlTJ51slG9cn61Z2x4yTek3g0174",
    "id_token": "eyJhbGciOiJSUzI1NiIsImtpZCI6IjkzNDFkZWRlZWUyZDE4NjliNjU3ZmE5MzAzMDAwODJmZTI2YjNkOTIiLCJ0eXAiOiJKV1QifQ.eyJpc3MiOiJodHRwczovL2FjY291bnRzLmdvb2dsZS5jb20iLCJhenAiOiIzMjU1NTk0MDU1OS5hcHBzLmdvb2dsZXVzZXJjb250ZW50LmNvbSIsImF1ZCI6IjMyNTU1OTQwNTU5LmFwcHMuZ29vZ2xldXNlcmNvbnRlbnQuY29tIiwic3ViIjoiMTA3NDA5ODEzMzQ0NTU5NDQzNDA3IiwiaGQiOiJwZXJjb25hLmNvbSIsImVtYWlsIjoiaW5lbC5wYW5kemljQHBlcmNvbmEuY29tIiwiZW1haWxfdmVyaWZpZWQiOnRydWUsImF0X2hhc2giOiJ0S01pSW5McDdKaXZZcWMwdFcxRXJRIiwiaWF0IjoxNjg4NTY3ODUyLCJleHAiOjE2ODg1NzE0NTJ9.QQowmnaolgyOKscBIuJ-7C9AuDiz2BkovQGKoRtiZqvP3R4X6eF9xkn1lI_XVBfgTUH9UW1NAo9JFvNp3-9LArEJCxrMC0Um6BrRynGA9n0FJTS-pcV3rJGC_X6VaM4RQnUhqHrFPS_Bm5OoJ1R-XRlIT-XF3eUoZ27RsCTJ99TWYZasaApvVi605sxVCueYWp3ApxdUId5NcIZEX-IBLB5OGGksLR2imnMIASP3r8oXx8bqIUAkFQa0SH0wCVPlFT8iuH-sW7BxkPiB30-gG0cyNJP_NtaqcPvxPyZfLILpZWqKV6DYJ2EhAEf_1-py-31d5XAoTT6FbcF2azc90w",
    "token_expiry": "2023-07-05T15:37:31Z"
  },
  "sentinels": {
    "config_sentinel": "/Users/inelpandzic/.config/gcloud/config_sentinel"
  }
}
2023-07-05 16:37:44,694 INFO     ___FILE_ONLY___ 

2023-07-05 16:37:44,712 DEBUG    root            Metrics reporting process started...
