2023-07-05 19:50:14,394 DEBUG    root            Loaded Command Group: ['gcloud', 'config']
2023-07-05 19:50:14,396 DEBUG    root            Loaded Command Group: ['gcloud', 'config', 'config_helper']
2023-07-05 19:50:14,397 DEBUG    root            Running [gcloud.config.config-helper] with arguments: [--format: "json"]
2023-07-05 19:50:14,421 DEBUG    urllib3.connectionpool Starting new HTTPS connection (1): www.gstatic.com:443
2023-07-05 19:50:14,520 DEBUG    urllib3.connectionpool https://www.gstatic.com:443 "GET /cloudsdk/feature_flag_config_file.yaml HTTP/1.1" 200 101
2023-07-05 19:50:14,524 DEBUG    root            Chosen display Format:default json
2023-07-05 19:50:14,525 INFO     root            Display format: "default json"
2023-07-05 19:50:14,525 INFO     ___FILE_ONLY___ {
  "configuration": {
    "active_configuration": "percona-cloud-dev",
    "properties": {
      "core": {
        "account": "inel.pandzic@percona.com",
        "disable_usage_reporting": "False",
        "project": "cloud-dev-112233"
      }
    }
  },
  "credential": {
    "access_token": "ya29.a0AbVbY6OIhD8DopfiEV5_Eyxv1S-hMh26KY-8h66brj9f1k8-uwYNQazbZmP29XPVqEOy3tzkrMKklgzdJXzC-sS6g_7cwWHOYLjUOh7k3tOlihoBhi5_Ro7TGNnd-yeon8KVjcphN6sS-FVNEBeuAsQ487-q8Z8P8tH2IdMaCgYKAS4SARESFQFWKvPlAG8x0es7o5JcOanC3i3Ngg0174",
    "id_token": "eyJhbGciOiJSUzI1NiIsImtpZCI6IjkzNDFkZWRlZWUyZDE4NjliNjU3ZmE5MzAzMDAwODJmZTI2YjNkOTIiLCJ0eXAiOiJKV1QifQ.eyJpc3MiOiJodHRwczovL2FjY291bnRzLmdvb2dsZS5jb20iLCJhenAiOiIzMjU1NTk0MDU1OS5hcHBzLmdvb2dsZXVzZXJjb250ZW50LmNvbSIsImF1ZCI6IjMyNTU1OTQwNTU5LmFwcHMuZ29vZ2xldXNlcmNvbnRlbnQuY29tIiwic3ViIjoiMTA3NDA5ODEzMzQ0NTU5NDQzNDA3IiwiaGQiOiJwZXJjb25hLmNvbSIsImVtYWlsIjoiaW5lbC5wYW5kemljQHBlcmNvbmEuY29tIiwiZW1haWxfdmVyaWZpZWQiOnRydWUsImF0X2hhc2giOiJpTkJENVg1SkJRejhkWFExY2NuWGR3IiwiaWF0IjoxNjg4NTc5MTI1LCJleHAiOjE2ODg1ODI3MjV9.XxZ4lAQF11TpSL2YW3Eya3227xLWMg9rAlcSqXaUTzaNqmPbmpXxGCne_AnnCP5weow8Wk_AxJ5ZxF1xFS7FVxeVB_aX-CNujFnIHYM5CI6jszzqaeBXCLdjJeoTTXE2Zj5UB6z-NjTX6G74zWzfRoOhKNVZf5RRzATDLa638OLHyqyEWdHfhS7cosLHk9005KxQHM4cwBN6Ym8jM1uHxG4ZzwWYkkhSEV47Dmz91TyuJx9AVj0PB-EgJy0dEAsxXdJDbsYdKVaSKb50lx703SgINDlOWw9BOaIkoYYcpqO5ReFLTa5k7_vKcOLAmaYGYoNMD172hEOGvx2hv4RpQQ",
    "token_expiry": "2023-07-05T18:45:24Z"
  },
  "sentinels": {
    "config_sentinel": "/Users/inelpandzic/.config/gcloud/config_sentinel"
  }
}
2023-07-05 19:50:14,525 INFO     ___FILE_ONLY___ 

2023-07-05 19:50:14,531 DEBUG    root            Metrics reporting process started...
