2022-10-27 16:18:08,659 DEBUG    root            Loaded Command Group: ['gcloud', 'container', 'clusters']
2022-10-27 16:18:08,661 DEBUG    root            Loaded Command Group: ['gcloud', 'container', 'clusters', 'list']
2022-10-27 16:18:08,686 DEBUG    root            Running [gcloud.container.clusters.list] with arguments: []
2022-10-27 16:18:08,732 DEBUG    urllib3.connectionpool Starting new HTTPS connection (1): container.googleapis.com:443
2022-10-27 16:18:09,379 DEBUG    urllib3.connectionpool https://container.googleapis.com:443 "GET /v1/projects/cloud-dev-112233/locations/-/clusters?alt=json HTTP/1.1" 200 None
2022-10-27 16:18:09,497 INFO     root            Display format: "
    table(
        name,
        zone:label=LOCATION,
        master_version():label=MASTER_VERSION,
        endpoint:label=MASTER_IP,
        nodePools[0].config.machineType,
        currentNodeVersion:label=NODE_VERSION,
        firstof(currentNodeCount,initialNodeCount):label=NUM_NODES,
        status
    )
"
2022-10-27 16:18:09,557 INFO     ___FILE_ONLY___ NAME
2022-10-27 16:18:09,557 INFO     ___FILE_ONLY___                            
2022-10-27 16:18:09,557 INFO     ___FILE_ONLY___ LOCATION
2022-10-27 16:18:09,557 INFO     ___FILE_ONLY___         
2022-10-27 16:18:09,557 INFO     ___FILE_ONLY___ MASTER_VERSION
2022-10-27 16:18:09,557 INFO     ___FILE_ONLY___     
2022-10-27 16:18:09,557 INFO     ___FILE_ONLY___ MASTER_IP
2022-10-27 16:18:09,557 INFO     ___FILE_ONLY___         
2022-10-27 16:18:09,557 INFO     ___FILE_ONLY___ MACHINE_TYPE
2022-10-27 16:18:09,557 INFO     ___FILE_ONLY___    
2022-10-27 16:18:09,557 INFO     ___FILE_ONLY___ NODE_VERSION
2022-10-27 16:18:09,557 INFO     ___FILE_ONLY___       
2022-10-27 16:18:09,557 INFO     ___FILE_ONLY___ NUM_NODES
2022-10-27 16:18:09,557 INFO     ___FILE_ONLY___   
2022-10-27 16:18:09,557 INFO     ___FILE_ONLY___ STATUS
2022-10-27 16:18:09,557 INFO     ___FILE_ONLY___ 

2022-10-27 16:18:09,557 INFO     ___FILE_ONLY___ ondrei-8728
2022-10-27 16:18:09,557 INFO     ___FILE_ONLY___                     
2022-10-27 16:18:09,557 INFO     ___FILE_ONLY___ europe-west1-c
2022-10-27 16:18:09,557 INFO     ___FILE_ONLY___   
2022-10-27 16:18:09,557 INFO     ___FILE_ONLY___ 1.21.14-gke.7100
2022-10-27 16:18:09,557 INFO     ___FILE_ONLY___   
2022-10-27 16:18:09,557 INFO     ___FILE_ONLY___ 35.205.162.69
2022-10-27 16:18:09,557 INFO     ___FILE_ONLY___     
2022-10-27 16:18:09,557 INFO     ___FILE_ONLY___ n1-standard-4
2022-10-27 16:18:09,557 INFO     ___FILE_ONLY___   
2022-10-27 16:18:09,557 INFO     ___FILE_ONLY___ 1.21.14-gke.7100
2022-10-27 16:18:09,558 INFO     ___FILE_ONLY___   
2022-10-27 16:18:09,558 INFO     ___FILE_ONLY___ 3
2022-10-27 16:18:09,558 INFO     ___FILE_ONLY___           
2022-10-27 16:18:09,558 INFO     ___FILE_ONLY___ RUNNING
2022-10-27 16:18:09,558 INFO     ___FILE_ONLY___ 

2022-10-27 16:18:09,558 INFO     ___FILE_ONLY___ ege-30239
2022-10-27 16:18:09,558 INFO     ___FILE_ONLY___                       
2022-10-27 16:18:09,558 INFO     ___FILE_ONLY___ europe-west3
2022-10-27 16:18:09,558 INFO     ___FILE_ONLY___     
2022-10-27 16:18:09,558 INFO     ___FILE_ONLY___ 1.25.2-gke.1700
2022-10-27 16:18:09,558 INFO     ___FILE_ONLY___    
2022-10-27 16:18:09,558 INFO     ___FILE_ONLY___ 34.89.134.51
2022-10-27 16:18:09,558 INFO     ___FILE_ONLY___      
2022-10-27 16:18:09,558 INFO     ___FILE_ONLY___ n1-standard-4
2022-10-27 16:18:09,558 INFO     ___FILE_ONLY___   
2022-10-27 16:18:09,558 INFO     ___FILE_ONLY___ 1.25.2-gke.1700
2022-10-27 16:18:09,558 INFO     ___FILE_ONLY___    
2022-10-27 16:18:09,558 INFO     ___FILE_ONLY___ 3
2022-10-27 16:18:09,558 INFO     ___FILE_ONLY___           
2022-10-27 16:18:09,558 INFO     ___FILE_ONLY___ RUNNING
2022-10-27 16:18:09,558 INFO     ___FILE_ONLY___ 

2022-10-27 16:18:09,558 INFO     ___FILE_ONLY___ slava-pxc
2022-10-27 16:18:09,558 INFO     ___FILE_ONLY___                       
2022-10-27 16:18:09,558 INFO     ___FILE_ONLY___ europe-west3-a
2022-10-27 16:18:09,558 INFO     ___FILE_ONLY___   
2022-10-27 16:18:09,558 INFO     ___FILE_ONLY___ 1.23.12-gke.100
2022-10-27 16:18:09,558 INFO     ___FILE_ONLY___    
2022-10-27 16:18:09,558 INFO     ___FILE_ONLY___ 35.198.76.28
2022-10-27 16:18:09,558 INFO     ___FILE_ONLY___      
2022-10-27 16:18:09,558 INFO     ___FILE_ONLY___ n1-standard-4
2022-10-27 16:18:09,558 INFO     ___FILE_ONLY___   
2022-10-27 16:18:09,558 INFO     ___FILE_ONLY___ 1.23.12-gke.100
2022-10-27 16:18:09,558 INFO     ___FILE_ONLY___    
2022-10-27 16:18:09,558 INFO     ___FILE_ONLY___ 3
2022-10-27 16:18:09,558 INFO     ___FILE_ONLY___           
2022-10-27 16:18:09,558 INFO     ___FILE_ONLY___ RUNNING
2022-10-27 16:18:09,558 INFO     ___FILE_ONLY___ 

2022-10-27 16:18:09,558 INFO     ___FILE_ONLY___ inel-26754
2022-10-27 16:18:09,558 INFO     ___FILE_ONLY___                      
2022-10-27 16:18:09,558 INFO     ___FILE_ONLY___ europe-west3-b
2022-10-27 16:18:09,558 INFO     ___FILE_ONLY___   
2022-10-27 16:18:09,558 INFO     ___FILE_ONLY___ 1.21.14-gke.7100
2022-10-27 16:18:09,559 INFO     ___FILE_ONLY___   
2022-10-27 16:18:09,559 INFO     ___FILE_ONLY___ 35.198.125.215
2022-10-27 16:18:09,559 INFO     ___FILE_ONLY___    
2022-10-27 16:18:09,559 INFO     ___FILE_ONLY___ n1-standard-4
2022-10-27 16:18:09,559 INFO     ___FILE_ONLY___   
2022-10-27 16:18:09,559 INFO     ___FILE_ONLY___ 1.21.14-gke.7100
2022-10-27 16:18:09,559 INFO     ___FILE_ONLY___   
2022-10-27 16:18:09,559 INFO     ___FILE_ONLY___ 3
2022-10-27 16:18:09,559 INFO     ___FILE_ONLY___           
2022-10-27 16:18:09,559 INFO     ___FILE_ONLY___ RUNNING
2022-10-27 16:18:09,559 INFO     ___FILE_ONLY___ 

2022-10-27 16:18:09,559 INFO     ___FILE_ONLY___ max-30844
2022-10-27 16:18:09,559 INFO     ___FILE_ONLY___                       
2022-10-27 16:18:09,559 INFO     ___FILE_ONLY___ europe-west3-b
2022-10-27 16:18:09,559 INFO     ___FILE_ONLY___   
2022-10-27 16:18:09,559 INFO     ___FILE_ONLY___ 1.21.14-gke.2700
2022-10-27 16:18:09,559 INFO     ___FILE_ONLY___   
2022-10-27 16:18:09,559 INFO     ___FILE_ONLY___ 35.246.193.17
2022-10-27 16:18:09,559 INFO     ___FILE_ONLY___     
2022-10-27 16:18:09,559 INFO     ___FILE_ONLY___ n1-standard-4
2022-10-27 16:18:09,559 INFO     ___FILE_ONLY___   
2022-10-27 16:18:09,559 INFO     ___FILE_ONLY___ 1.21.14-gke.2700
2022-10-27 16:18:09,559 INFO     ___FILE_ONLY___   
2022-10-27 16:18:09,559 INFO     ___FILE_ONLY___ 3
2022-10-27 16:18:09,559 INFO     ___FILE_ONLY___           
2022-10-27 16:18:09,559 INFO     ___FILE_ONLY___ RUNNING
2022-10-27 16:18:09,559 INFO     ___FILE_ONLY___ 

2022-10-27 16:18:09,559 INFO     ___FILE_ONLY___ natali-22
2022-10-27 16:18:09,559 INFO     ___FILE_ONLY___                       
2022-10-27 16:18:09,559 INFO     ___FILE_ONLY___ europe-west3-b
2022-10-27 16:18:09,559 INFO     ___FILE_ONLY___   
2022-10-27 16:18:09,559 INFO     ___FILE_ONLY___ 1.22.15-gke.100
2022-10-27 16:18:09,559 INFO     ___FILE_ONLY___    
2022-10-27 16:18:09,559 INFO     ___FILE_ONLY___ 35.198.157.218
2022-10-27 16:18:09,559 INFO     ___FILE_ONLY___    
2022-10-27 16:18:09,559 INFO     ___FILE_ONLY___ n1-standard-4
2022-10-27 16:18:09,559 INFO     ___FILE_ONLY___   
2022-10-27 16:18:09,559 INFO     ___FILE_ONLY___ 1.22.15-gke.100
2022-10-27 16:18:09,559 INFO     ___FILE_ONLY___    
2022-10-27 16:18:09,559 INFO     ___FILE_ONLY___ 3
2022-10-27 16:18:09,559 INFO     ___FILE_ONLY___           
2022-10-27 16:18:09,559 INFO     ___FILE_ONLY___ RUNNING
2022-10-27 16:18:09,559 INFO     ___FILE_ONLY___ 

2022-10-27 16:18:09,559 INFO     ___FILE_ONLY___ jen-pxc-186bf0c4-9-cluster1
2022-10-27 16:18:09,560 INFO     ___FILE_ONLY___     
2022-10-27 16:18:09,560 INFO     ___FILE_ONLY___ us-central1-a
2022-10-27 16:18:09,560 INFO     ___FILE_ONLY___    
2022-10-27 16:18:09,560 INFO     ___FILE_ONLY___ 1.21.14-gke.7100
2022-10-27 16:18:09,560 INFO     ___FILE_ONLY___   
2022-10-27 16:18:09,560 INFO     ___FILE_ONLY___ 35.225.13.54
2022-10-27 16:18:09,560 INFO     ___FILE_ONLY___      
2022-10-27 16:18:09,560 INFO     ___FILE_ONLY___ n1-standard-4
2022-10-27 16:18:09,560 INFO     ___FILE_ONLY___   
2022-10-27 16:18:09,560 INFO     ___FILE_ONLY___ 1.21.14-gke.7100
2022-10-27 16:18:09,560 INFO     ___FILE_ONLY___   
2022-10-27 16:18:09,560 INFO     ___FILE_ONLY___ 3
2022-10-27 16:18:09,560 INFO     ___FILE_ONLY___           
2022-10-27 16:18:09,560 INFO     ___FILE_ONLY___ RUNNING
2022-10-27 16:18:09,560 INFO     ___FILE_ONLY___ 

2022-10-27 16:18:09,560 INFO     ___FILE_ONLY___ jen-pxc-186bf0c4-9-cluster2
2022-10-27 16:18:09,560 INFO     ___FILE_ONLY___     
2022-10-27 16:18:09,560 INFO     ___FILE_ONLY___ us-central1-a
2022-10-27 16:18:09,560 INFO     ___FILE_ONLY___    
2022-10-27 16:18:09,560 INFO     ___FILE_ONLY___ 1.21.14-gke.7100
2022-10-27 16:18:09,560 INFO     ___FILE_ONLY___   
2022-10-27 16:18:09,560 INFO     ___FILE_ONLY___ 34.173.81.46
2022-10-27 16:18:09,560 INFO     ___FILE_ONLY___      
2022-10-27 16:18:09,560 INFO     ___FILE_ONLY___ n1-standard-4
2022-10-27 16:18:09,560 INFO     ___FILE_ONLY___   
2022-10-27 16:18:09,560 INFO     ___FILE_ONLY___ 1.21.14-gke.7100
2022-10-27 16:18:09,560 INFO     ___FILE_ONLY___   
2022-10-27 16:18:09,560 INFO     ___FILE_ONLY___ 3
2022-10-27 16:18:09,560 INFO     ___FILE_ONLY___           
2022-10-27 16:18:09,560 INFO     ___FILE_ONLY___ RUNNING
2022-10-27 16:18:09,560 INFO     ___FILE_ONLY___ 

2022-10-27 16:18:09,560 INFO     ___FILE_ONLY___ jen-pxc-186bf0c4-9-cluster3
2022-10-27 16:18:09,560 INFO     ___FILE_ONLY___     
2022-10-27 16:18:09,560 INFO     ___FILE_ONLY___ us-central1-a
2022-10-27 16:18:09,560 INFO     ___FILE_ONLY___    
2022-10-27 16:18:09,560 INFO     ___FILE_ONLY___ 1.21.14-gke.7100
2022-10-27 16:18:09,560 INFO     ___FILE_ONLY___   
2022-10-27 16:18:09,560 INFO     ___FILE_ONLY___ 34.71.137.199
2022-10-27 16:18:09,560 INFO     ___FILE_ONLY___     
2022-10-27 16:18:09,560 INFO     ___FILE_ONLY___ n1-standard-4
2022-10-27 16:18:09,560 INFO     ___FILE_ONLY___   
2022-10-27 16:18:09,560 INFO     ___FILE_ONLY___ 1.21.14-gke.7100
2022-10-27 16:18:09,560 INFO     ___FILE_ONLY___   
2022-10-27 16:18:09,560 INFO     ___FILE_ONLY___ 3
2022-10-27 16:18:09,561 INFO     ___FILE_ONLY___           
2022-10-27 16:18:09,561 INFO     ___FILE_ONLY___ RUNNING
2022-10-27 16:18:09,561 INFO     ___FILE_ONLY___ 

2022-10-27 16:18:09,561 INFO     ___FILE_ONLY___ jen-pxc-186bf0c4-9-cluster4
2022-10-27 16:18:09,561 INFO     ___FILE_ONLY___     
2022-10-27 16:18:09,561 INFO     ___FILE_ONLY___ us-central1-a
2022-10-27 16:18:09,561 INFO     ___FILE_ONLY___    
2022-10-27 16:18:09,561 INFO     ___FILE_ONLY___ 1.21.14-gke.7100
2022-10-27 16:18:09,561 INFO     ___FILE_ONLY___   
2022-10-27 16:18:09,561 INFO     ___FILE_ONLY___ 35.184.17.29
2022-10-27 16:18:09,561 INFO     ___FILE_ONLY___      
2022-10-27 16:18:09,561 INFO     ___FILE_ONLY___ n1-standard-4
2022-10-27 16:18:09,561 INFO     ___FILE_ONLY___   
2022-10-27 16:18:09,561 INFO     ___FILE_ONLY___ 1.21.14-gke.7100
2022-10-27 16:18:09,561 INFO     ___FILE_ONLY___   
2022-10-27 16:18:09,561 INFO     ___FILE_ONLY___ 3
2022-10-27 16:18:09,561 INFO     ___FILE_ONLY___           
2022-10-27 16:18:09,561 INFO     ___FILE_ONLY___ RUNNING
2022-10-27 16:18:09,561 INFO     ___FILE_ONLY___ 

2022-10-27 16:18:09,561 INFO     ___FILE_ONLY___ jen-pxc-186bf0c4-9-cluster5
2022-10-27 16:18:09,561 INFO     ___FILE_ONLY___     
2022-10-27 16:18:09,561 INFO     ___FILE_ONLY___ us-central1-a
2022-10-27 16:18:09,561 INFO     ___FILE_ONLY___    
2022-10-27 16:18:09,561 INFO     ___FILE_ONLY___ 1.21.14-gke.7100
2022-10-27 16:18:09,561 INFO     ___FILE_ONLY___   
2022-10-27 16:18:09,561 INFO     ___FILE_ONLY___ 104.154.244.220
2022-10-27 16:18:09,561 INFO     ___FILE_ONLY___   
2022-10-27 16:18:09,561 INFO     ___FILE_ONLY___ n1-standard-4
2022-10-27 16:18:09,561 INFO     ___FILE_ONLY___   
2022-10-27 16:18:09,561 INFO     ___FILE_ONLY___ 1.21.14-gke.7100
2022-10-27 16:18:09,561 INFO     ___FILE_ONLY___   
2022-10-27 16:18:09,561 INFO     ___FILE_ONLY___ 3
2022-10-27 16:18:09,561 INFO     ___FILE_ONLY___           
2022-10-27 16:18:09,561 INFO     ___FILE_ONLY___ RUNNING
2022-10-27 16:18:09,561 INFO     ___FILE_ONLY___ 

2022-10-27 16:18:09,561 INFO     ___FILE_ONLY___ jen-pxc-186bf0c4-9-cluster6
2022-10-27 16:18:09,561 INFO     ___FILE_ONLY___     
2022-10-27 16:18:09,561 INFO     ___FILE_ONLY___ us-central1-a
2022-10-27 16:18:09,561 INFO     ___FILE_ONLY___    
2022-10-27 16:18:09,561 INFO     ___FILE_ONLY___ 1.21.14-gke.7100
2022-10-27 16:18:09,561 INFO     ___FILE_ONLY___   
2022-10-27 16:18:09,561 INFO     ___FILE_ONLY___ 35.222.146.247
2022-10-27 16:18:09,561 INFO     ___FILE_ONLY___    
2022-10-27 16:18:09,561 INFO     ___FILE_ONLY___ n1-standard-4
2022-10-27 16:18:09,561 INFO     ___FILE_ONLY___   
2022-10-27 16:18:09,561 INFO     ___FILE_ONLY___ 1.21.14-gke.7100
2022-10-27 16:18:09,561 INFO     ___FILE_ONLY___   
2022-10-27 16:18:09,562 INFO     ___FILE_ONLY___ 3
2022-10-27 16:18:09,562 INFO     ___FILE_ONLY___           
2022-10-27 16:18:09,562 INFO     ___FILE_ONLY___ RUNNING
2022-10-27 16:18:09,562 INFO     ___FILE_ONLY___ 

2022-10-27 16:18:09,562 INFO     ___FILE_ONLY___ jen-pxc-186bf0c4-9-cluster7
2022-10-27 16:18:09,562 INFO     ___FILE_ONLY___     
2022-10-27 16:18:09,562 INFO     ___FILE_ONLY___ us-central1-a
2022-10-27 16:18:09,562 INFO     ___FILE_ONLY___    
2022-10-27 16:18:09,562 INFO     ___FILE_ONLY___ 1.21.14-gke.7100
2022-10-27 16:18:09,562 INFO     ___FILE_ONLY___   
2022-10-27 16:18:09,562 INFO     ___FILE_ONLY___ 35.239.185.119
2022-10-27 16:18:09,562 INFO     ___FILE_ONLY___    
2022-10-27 16:18:09,562 INFO     ___FILE_ONLY___ n1-standard-4
2022-10-27 16:18:09,562 INFO     ___FILE_ONLY___   
2022-10-27 16:18:09,562 INFO     ___FILE_ONLY___ 1.21.14-gke.7100
2022-10-27 16:18:09,562 INFO     ___FILE_ONLY___   
2022-10-27 16:18:09,562 INFO     ___FILE_ONLY___ 3
2022-10-27 16:18:09,562 INFO     ___FILE_ONLY___           
2022-10-27 16:18:09,562 INFO     ___FILE_ONLY___ RUNNING
2022-10-27 16:18:09,562 INFO     ___FILE_ONLY___ 

2022-10-27 16:18:09,562 INFO     ___FILE_ONLY___ jen-pxc-186bf0c4-9-cluster8
2022-10-27 16:18:09,562 INFO     ___FILE_ONLY___     
2022-10-27 16:18:09,562 INFO     ___FILE_ONLY___ us-central1-a
2022-10-27 16:18:09,562 INFO     ___FILE_ONLY___    
2022-10-27 16:18:09,562 INFO     ___FILE_ONLY___ 1.21.14-gke.7100
2022-10-27 16:18:09,562 INFO     ___FILE_ONLY___   
2022-10-27 16:18:09,562 INFO     ___FILE_ONLY___ 35.223.42.54
2022-10-27 16:18:09,562 INFO     ___FILE_ONLY___      
2022-10-27 16:18:09,562 INFO     ___FILE_ONLY___ n1-standard-4
2022-10-27 16:18:09,562 INFO     ___FILE_ONLY___   
2022-10-27 16:18:09,562 INFO     ___FILE_ONLY___ 1.21.14-gke.7100
2022-10-27 16:18:09,562 INFO     ___FILE_ONLY___   
2022-10-27 16:18:09,562 INFO     ___FILE_ONLY___ 3
2022-10-27 16:18:09,562 INFO     ___FILE_ONLY___           
2022-10-27 16:18:09,562 INFO     ___FILE_ONLY___ RUNNING
2022-10-27 16:18:09,562 INFO     ___FILE_ONLY___ 

2022-10-27 16:18:09,562 INFO     ___FILE_ONLY___ jen-pxc-186bf0c4-9-cluster9
2022-10-27 16:18:09,562 INFO     ___FILE_ONLY___     
2022-10-27 16:18:09,562 INFO     ___FILE_ONLY___ us-central1-a
2022-10-27 16:18:09,562 INFO     ___FILE_ONLY___    
2022-10-27 16:18:09,562 INFO     ___FILE_ONLY___ 1.21.14-gke.7100
2022-10-27 16:18:09,562 INFO     ___FILE_ONLY___   
2022-10-27 16:18:09,562 INFO     ___FILE_ONLY___ 35.239.12.77
2022-10-27 16:18:09,562 INFO     ___FILE_ONLY___      
2022-10-27 16:18:09,562 INFO     ___FILE_ONLY___ n1-standard-4
2022-10-27 16:18:09,562 INFO     ___FILE_ONLY___   
2022-10-27 16:18:09,562 INFO     ___FILE_ONLY___ 1.21.14-gke.7100
2022-10-27 16:18:09,562 INFO     ___FILE_ONLY___   
2022-10-27 16:18:09,562 INFO     ___FILE_ONLY___ 3
2022-10-27 16:18:09,563 INFO     ___FILE_ONLY___           
2022-10-27 16:18:09,563 INFO     ___FILE_ONLY___ RUNNING
2022-10-27 16:18:09,563 INFO     ___FILE_ONLY___ 

2022-10-27 16:18:09,563 INFO     ___FILE_ONLY___ jen-pxc-205a818d-12-cluster1
2022-10-27 16:18:09,563 INFO     ___FILE_ONLY___    
2022-10-27 16:18:09,563 INFO     ___FILE_ONLY___ us-central1-a
2022-10-27 16:18:09,563 INFO     ___FILE_ONLY___    
2022-10-27 16:18:09,563 INFO     ___FILE_ONLY___ 1.21.14-gke.7100
2022-10-27 16:18:09,563 INFO     ___FILE_ONLY___   
2022-10-27 16:18:09,563 INFO     ___FILE_ONLY___ 34.136.79.59
2022-10-27 16:18:09,563 INFO     ___FILE_ONLY___      
2022-10-27 16:18:09,563 INFO     ___FILE_ONLY___ n1-standard-4
2022-10-27 16:18:09,563 INFO     ___FILE_ONLY___   
2022-10-27 16:18:09,563 INFO     ___FILE_ONLY___ 1.21.14-gke.7100
2022-10-27 16:18:09,563 INFO     ___FILE_ONLY___   
2022-10-27 16:18:09,563 INFO     ___FILE_ONLY___ 3
2022-10-27 16:18:09,563 INFO     ___FILE_ONLY___           
2022-10-27 16:18:09,563 INFO     ___FILE_ONLY___ RUNNING
2022-10-27 16:18:09,563 INFO     ___FILE_ONLY___ 

2022-10-27 16:18:09,563 INFO     ___FILE_ONLY___ jen-pxc-205a818d-12-cluster2
2022-10-27 16:18:09,563 INFO     ___FILE_ONLY___    
2022-10-27 16:18:09,563 INFO     ___FILE_ONLY___ us-central1-a
2022-10-27 16:18:09,563 INFO     ___FILE_ONLY___    
2022-10-27 16:18:09,563 INFO     ___FILE_ONLY___ 1.21.14-gke.7100
2022-10-27 16:18:09,563 INFO     ___FILE_ONLY___   
2022-10-27 16:18:09,563 INFO     ___FILE_ONLY___ 34.68.194.178
2022-10-27 16:18:09,563 INFO     ___FILE_ONLY___     
2022-10-27 16:18:09,563 INFO     ___FILE_ONLY___ n1-standard-4
2022-10-27 16:18:09,563 INFO     ___FILE_ONLY___   
2022-10-27 16:18:09,563 INFO     ___FILE_ONLY___ 1.21.14-gke.7100
2022-10-27 16:18:09,563 INFO     ___FILE_ONLY___   
2022-10-27 16:18:09,563 INFO     ___FILE_ONLY___ 3
2022-10-27 16:18:09,563 INFO     ___FILE_ONLY___           
2022-10-27 16:18:09,563 INFO     ___FILE_ONLY___ RUNNING
2022-10-27 16:18:09,563 INFO     ___FILE_ONLY___ 

2022-10-27 16:18:09,563 INFO     ___FILE_ONLY___ jen-pxc-205a818d-12-cluster3
2022-10-27 16:18:09,563 INFO     ___FILE_ONLY___    
2022-10-27 16:18:09,563 INFO     ___FILE_ONLY___ us-central1-a
2022-10-27 16:18:09,563 INFO     ___FILE_ONLY___    
2022-10-27 16:18:09,563 INFO     ___FILE_ONLY___ 1.21.14-gke.7100
2022-10-27 16:18:09,563 INFO     ___FILE_ONLY___   
2022-10-27 16:18:09,563 INFO     ___FILE_ONLY___ 34.69.107.132
2022-10-27 16:18:09,563 INFO     ___FILE_ONLY___     
2022-10-27 16:18:09,563 INFO     ___FILE_ONLY___ n1-standard-4
2022-10-27 16:18:09,563 INFO     ___FILE_ONLY___   
2022-10-27 16:18:09,563 INFO     ___FILE_ONLY___ 1.21.14-gke.7100
2022-10-27 16:18:09,563 INFO     ___FILE_ONLY___   
2022-10-27 16:18:09,564 INFO     ___FILE_ONLY___ 3
2022-10-27 16:18:09,564 INFO     ___FILE_ONLY___           
2022-10-27 16:18:09,564 INFO     ___FILE_ONLY___ RUNNING
2022-10-27 16:18:09,564 INFO     ___FILE_ONLY___ 

2022-10-27 16:18:09,564 INFO     ___FILE_ONLY___ jen-pxc-205a818d-12-cluster4
2022-10-27 16:18:09,564 INFO     ___FILE_ONLY___    
2022-10-27 16:18:09,564 INFO     ___FILE_ONLY___ us-central1-a
2022-10-27 16:18:09,564 INFO     ___FILE_ONLY___    
2022-10-27 16:18:09,564 INFO     ___FILE_ONLY___ 1.21.14-gke.7100
2022-10-27 16:18:09,564 INFO     ___FILE_ONLY___   
2022-10-27 16:18:09,564 INFO     ___FILE_ONLY___ 34.171.198.218
2022-10-27 16:18:09,564 INFO     ___FILE_ONLY___    
2022-10-27 16:18:09,564 INFO     ___FILE_ONLY___ n1-standard-4
2022-10-27 16:18:09,564 INFO     ___FILE_ONLY___   
2022-10-27 16:18:09,564 INFO     ___FILE_ONLY___ 1.21.14-gke.7100
2022-10-27 16:18:09,564 INFO     ___FILE_ONLY___   
2022-10-27 16:18:09,564 INFO     ___FILE_ONLY___ 3
2022-10-27 16:18:09,564 INFO     ___FILE_ONLY___           
2022-10-27 16:18:09,564 INFO     ___FILE_ONLY___ RUNNING
2022-10-27 16:18:09,564 INFO     ___FILE_ONLY___ 

2022-10-27 16:18:09,564 INFO     ___FILE_ONLY___ jen-pxc-205a818d-12-cluster5
2022-10-27 16:18:09,564 INFO     ___FILE_ONLY___    
2022-10-27 16:18:09,564 INFO     ___FILE_ONLY___ us-central1-a
2022-10-27 16:18:09,564 INFO     ___FILE_ONLY___    
2022-10-27 16:18:09,564 INFO     ___FILE_ONLY___ 1.21.14-gke.7100
2022-10-27 16:18:09,564 INFO     ___FILE_ONLY___   
2022-10-27 16:18:09,564 INFO     ___FILE_ONLY___ 35.193.232.181
2022-10-27 16:18:09,564 INFO     ___FILE_ONLY___    
2022-10-27 16:18:09,564 INFO     ___FILE_ONLY___ n1-standard-4
2022-10-27 16:18:09,564 INFO     ___FILE_ONLY___   
2022-10-27 16:18:09,564 INFO     ___FILE_ONLY___ 1.21.14-gke.7100
2022-10-27 16:18:09,564 INFO     ___FILE_ONLY___   
2022-10-27 16:18:09,564 INFO     ___FILE_ONLY___ 3
2022-10-27 16:18:09,564 INFO     ___FILE_ONLY___           
2022-10-27 16:18:09,564 INFO     ___FILE_ONLY___ RUNNING
2022-10-27 16:18:09,564 INFO     ___FILE_ONLY___ 

2022-10-27 16:18:09,564 INFO     ___FILE_ONLY___ jen-pxc-205a818d-12-cluster6
2022-10-27 16:18:09,564 INFO     ___FILE_ONLY___    
2022-10-27 16:18:09,564 INFO     ___FILE_ONLY___ us-central1-a
2022-10-27 16:18:09,564 INFO     ___FILE_ONLY___    
2022-10-27 16:18:09,564 INFO     ___FILE_ONLY___ 1.21.14-gke.7100
2022-10-27 16:18:09,564 INFO     ___FILE_ONLY___   
2022-10-27 16:18:09,564 INFO     ___FILE_ONLY___ 35.193.28.152
2022-10-27 16:18:09,564 INFO     ___FILE_ONLY___     
2022-10-27 16:18:09,564 INFO     ___FILE_ONLY___ n1-standard-4
2022-10-27 16:18:09,564 INFO     ___FILE_ONLY___   
2022-10-27 16:18:09,564 INFO     ___FILE_ONLY___ 1.21.14-gke.7100
2022-10-27 16:18:09,564 INFO     ___FILE_ONLY___   
2022-10-27 16:18:09,565 INFO     ___FILE_ONLY___ 3
2022-10-27 16:18:09,565 INFO     ___FILE_ONLY___           
2022-10-27 16:18:09,565 INFO     ___FILE_ONLY___ RUNNING
2022-10-27 16:18:09,565 INFO     ___FILE_ONLY___ 

2022-10-27 16:18:09,565 INFO     ___FILE_ONLY___ jen-pxc-205a818d-12-cluster7
2022-10-27 16:18:09,565 INFO     ___FILE_ONLY___    
2022-10-27 16:18:09,565 INFO     ___FILE_ONLY___ us-central1-a
2022-10-27 16:18:09,565 INFO     ___FILE_ONLY___    
2022-10-27 16:18:09,565 INFO     ___FILE_ONLY___ 1.21.14-gke.7100
2022-10-27 16:18:09,565 INFO     ___FILE_ONLY___   
2022-10-27 16:18:09,565 INFO     ___FILE_ONLY___ 35.188.114.101
2022-10-27 16:18:09,565 INFO     ___FILE_ONLY___    
2022-10-27 16:18:09,565 INFO     ___FILE_ONLY___ n1-standard-4
2022-10-27 16:18:09,565 INFO     ___FILE_ONLY___   
2022-10-27 16:18:09,565 INFO     ___FILE_ONLY___ 1.21.14-gke.7100
2022-10-27 16:18:09,565 INFO     ___FILE_ONLY___   
2022-10-27 16:18:09,565 INFO     ___FILE_ONLY___ 3
2022-10-27 16:18:09,565 INFO     ___FILE_ONLY___           
2022-10-27 16:18:09,565 INFO     ___FILE_ONLY___ RUNNING
2022-10-27 16:18:09,565 INFO     ___FILE_ONLY___ 

2022-10-27 16:18:09,565 INFO     ___FILE_ONLY___ jen-pxc-205a818d-12-cluster8
2022-10-27 16:18:09,565 INFO     ___FILE_ONLY___    
2022-10-27 16:18:09,565 INFO     ___FILE_ONLY___ us-central1-a
2022-10-27 16:18:09,565 INFO     ___FILE_ONLY___    
2022-10-27 16:18:09,565 INFO     ___FILE_ONLY___ 1.21.14-gke.7100
2022-10-27 16:18:09,565 INFO     ___FILE_ONLY___   
2022-10-27 16:18:09,565 INFO     ___FILE_ONLY___ 34.123.23.242
2022-10-27 16:18:09,565 INFO     ___FILE_ONLY___     
2022-10-27 16:18:09,565 INFO     ___FILE_ONLY___ n1-standard-4
2022-10-27 16:18:09,565 INFO     ___FILE_ONLY___   
2022-10-27 16:18:09,565 INFO     ___FILE_ONLY___ 1.21.14-gke.7100
2022-10-27 16:18:09,565 INFO     ___FILE_ONLY___   
2022-10-27 16:18:09,565 INFO     ___FILE_ONLY___ 3
2022-10-27 16:18:09,565 INFO     ___FILE_ONLY___           
2022-10-27 16:18:09,565 INFO     ___FILE_ONLY___ RUNNING
2022-10-27 16:18:09,565 INFO     ___FILE_ONLY___ 

2022-10-27 16:18:09,565 INFO     ___FILE_ONLY___ jen-pxc-205a818d-12-cluster9
2022-10-27 16:18:09,565 INFO     ___FILE_ONLY___    
2022-10-27 16:18:09,565 INFO     ___FILE_ONLY___ us-central1-a
2022-10-27 16:18:09,565 INFO     ___FILE_ONLY___    
2022-10-27 16:18:09,565 INFO     ___FILE_ONLY___ 1.21.14-gke.7100
2022-10-27 16:18:09,565 INFO     ___FILE_ONLY___   
2022-10-27 16:18:09,565 INFO     ___FILE_ONLY___ 108.59.82.210
2022-10-27 16:18:09,565 INFO     ___FILE_ONLY___     
2022-10-27 16:18:09,565 INFO     ___FILE_ONLY___ n1-standard-4
2022-10-27 16:18:09,565 INFO     ___FILE_ONLY___   
2022-10-27 16:18:09,565 INFO     ___FILE_ONLY___ 1.21.14-gke.7100
2022-10-27 16:18:09,566 INFO     ___FILE_ONLY___   
2022-10-27 16:18:09,566 INFO     ___FILE_ONLY___ 3
2022-10-27 16:18:09,566 INFO     ___FILE_ONLY___           
2022-10-27 16:18:09,566 INFO     ___FILE_ONLY___ RUNNING
2022-10-27 16:18:09,566 INFO     ___FILE_ONLY___ 

2022-10-27 16:18:09,566 INFO     ___FILE_ONLY___ jen-pxc-521b0f33-26-cluster1
2022-10-27 16:18:09,566 INFO     ___FILE_ONLY___    
2022-10-27 16:18:09,566 INFO     ___FILE_ONLY___ us-central1-a
2022-10-27 16:18:09,566 INFO     ___FILE_ONLY___    
2022-10-27 16:18:09,566 INFO     ___FILE_ONLY___ 1.21.14-gke.7100
2022-10-27 16:18:09,566 INFO     ___FILE_ONLY___   
2022-10-27 16:18:09,566 INFO     ___FILE_ONLY___ 35.184.205.100
2022-10-27 16:18:09,566 INFO     ___FILE_ONLY___    
2022-10-27 16:18:09,566 INFO     ___FILE_ONLY___ n1-standard-4
2022-10-27 16:18:09,566 INFO     ___FILE_ONLY___   
2022-10-27 16:18:09,566 INFO     ___FILE_ONLY___ 1.21.14-gke.7100
2022-10-27 16:18:09,566 INFO     ___FILE_ONLY___   
2022-10-27 16:18:09,566 INFO     ___FILE_ONLY___ 3
2022-10-27 16:18:09,566 INFO     ___FILE_ONLY___           
2022-10-27 16:18:09,566 INFO     ___FILE_ONLY___ RUNNING
2022-10-27 16:18:09,566 INFO     ___FILE_ONLY___ 

2022-10-27 16:18:09,566 INFO     ___FILE_ONLY___ jen-pxc-521b0f33-26-cluster2
2022-10-27 16:18:09,566 INFO     ___FILE_ONLY___    
2022-10-27 16:18:09,566 INFO     ___FILE_ONLY___ us-central1-a
2022-10-27 16:18:09,566 INFO     ___FILE_ONLY___    
2022-10-27 16:18:09,566 INFO     ___FILE_ONLY___ 1.21.14-gke.7100
2022-10-27 16:18:09,566 INFO     ___FILE_ONLY___   
2022-10-27 16:18:09,566 INFO     ___FILE_ONLY___ 35.224.79.124
2022-10-27 16:18:09,566 INFO     ___FILE_ONLY___     
2022-10-27 16:18:09,566 INFO     ___FILE_ONLY___ n1-standard-4
2022-10-27 16:18:09,566 INFO     ___FILE_ONLY___   
2022-10-27 16:18:09,566 INFO     ___FILE_ONLY___ 1.21.14-gke.7100
2022-10-27 16:18:09,566 INFO     ___FILE_ONLY___   
2022-10-27 16:18:09,566 INFO     ___FILE_ONLY___ 3
2022-10-27 16:18:09,566 INFO     ___FILE_ONLY___           
2022-10-27 16:18:09,566 INFO     ___FILE_ONLY___ RUNNING
2022-10-27 16:18:09,566 INFO     ___FILE_ONLY___ 

2022-10-27 16:18:09,566 INFO     ___FILE_ONLY___ jen-pxc-521b0f33-26-cluster3
2022-10-27 16:18:09,566 INFO     ___FILE_ONLY___    
2022-10-27 16:18:09,567 INFO     ___FILE_ONLY___ us-central1-a
2022-10-27 16:18:09,567 INFO     ___FILE_ONLY___    
2022-10-27 16:18:09,567 INFO     ___FILE_ONLY___ 1.21.14-gke.7100
2022-10-27 16:18:09,567 INFO     ___FILE_ONLY___   
2022-10-27 16:18:09,567 INFO     ___FILE_ONLY___ 104.154.210.137
2022-10-27 16:18:09,567 INFO     ___FILE_ONLY___   
2022-10-27 16:18:09,567 INFO     ___FILE_ONLY___ n1-standard-4
2022-10-27 16:18:09,567 INFO     ___FILE_ONLY___   
2022-10-27 16:18:09,567 INFO     ___FILE_ONLY___ 1.21.14-gke.7100
2022-10-27 16:18:09,567 INFO     ___FILE_ONLY___   
2022-10-27 16:18:09,567 INFO     ___FILE_ONLY___ 3
2022-10-27 16:18:09,567 INFO     ___FILE_ONLY___           
2022-10-27 16:18:09,567 INFO     ___FILE_ONLY___ RUNNING
2022-10-27 16:18:09,567 INFO     ___FILE_ONLY___ 

2022-10-27 16:18:09,567 INFO     ___FILE_ONLY___ jen-pxc-521b0f33-26-cluster4
2022-10-27 16:18:09,567 INFO     ___FILE_ONLY___    
2022-10-27 16:18:09,567 INFO     ___FILE_ONLY___ us-central1-a
2022-10-27 16:18:09,567 INFO     ___FILE_ONLY___    
2022-10-27 16:18:09,567 INFO     ___FILE_ONLY___ 1.21.14-gke.7100
2022-10-27 16:18:09,567 INFO     ___FILE_ONLY___   
2022-10-27 16:18:09,567 INFO     ___FILE_ONLY___ 35.202.33.112
2022-10-27 16:18:09,567 INFO     ___FILE_ONLY___     
2022-10-27 16:18:09,567 INFO     ___FILE_ONLY___ n1-standard-4
2022-10-27 16:18:09,567 INFO     ___FILE_ONLY___   
2022-10-27 16:18:09,567 INFO     ___FILE_ONLY___ 1.21.14-gke.7100
2022-10-27 16:18:09,567 INFO     ___FILE_ONLY___   
2022-10-27 16:18:09,567 INFO     ___FILE_ONLY___ 3
2022-10-27 16:18:09,567 INFO     ___FILE_ONLY___           
2022-10-27 16:18:09,567 INFO     ___FILE_ONLY___ RUNNING
2022-10-27 16:18:09,567 INFO     ___FILE_ONLY___ 

2022-10-27 16:18:09,567 INFO     ___FILE_ONLY___ jen-pxc-521b0f33-26-cluster5
2022-10-27 16:18:09,567 INFO     ___FILE_ONLY___    
2022-10-27 16:18:09,567 INFO     ___FILE_ONLY___ us-central1-a
2022-10-27 16:18:09,567 INFO     ___FILE_ONLY___    
2022-10-27 16:18:09,567 INFO     ___FILE_ONLY___ 1.21.14-gke.7100
2022-10-27 16:18:09,567 INFO     ___FILE_ONLY___   
2022-10-27 16:18:09,567 INFO     ___FILE_ONLY___ 35.188.90.37
2022-10-27 16:18:09,567 INFO     ___FILE_ONLY___      
2022-10-27 16:18:09,567 INFO     ___FILE_ONLY___ n1-standard-4
2022-10-27 16:18:09,567 INFO     ___FILE_ONLY___   
2022-10-27 16:18:09,567 INFO     ___FILE_ONLY___ 1.21.14-gke.7100
2022-10-27 16:18:09,567 INFO     ___FILE_ONLY___   
2022-10-27 16:18:09,567 INFO     ___FILE_ONLY___ 3
2022-10-27 16:18:09,567 INFO     ___FILE_ONLY___           
2022-10-27 16:18:09,567 INFO     ___FILE_ONLY___ RUNNING
2022-10-27 16:18:09,567 INFO     ___FILE_ONLY___ 

2022-10-27 16:18:09,567 INFO     ___FILE_ONLY___ jen-pxc-521b0f33-26-cluster6
2022-10-27 16:18:09,567 INFO     ___FILE_ONLY___    
2022-10-27 16:18:09,568 INFO     ___FILE_ONLY___ us-central1-a
2022-10-27 16:18:09,568 INFO     ___FILE_ONLY___    
2022-10-27 16:18:09,568 INFO     ___FILE_ONLY___ 1.21.14-gke.7100
2022-10-27 16:18:09,568 INFO     ___FILE_ONLY___   
2022-10-27 16:18:09,568 INFO     ___FILE_ONLY___ 35.238.253.200
2022-10-27 16:18:09,568 INFO     ___FILE_ONLY___    
2022-10-27 16:18:09,568 INFO     ___FILE_ONLY___ n1-standard-4
2022-10-27 16:18:09,568 INFO     ___FILE_ONLY___   
2022-10-27 16:18:09,568 INFO     ___FILE_ONLY___ 1.21.14-gke.7100
2022-10-27 16:18:09,568 INFO     ___FILE_ONLY___   
2022-10-27 16:18:09,568 INFO     ___FILE_ONLY___ 3
2022-10-27 16:18:09,568 INFO     ___FILE_ONLY___           
2022-10-27 16:18:09,568 INFO     ___FILE_ONLY___ RUNNING
2022-10-27 16:18:09,568 INFO     ___FILE_ONLY___ 

2022-10-27 16:18:09,568 INFO     ___FILE_ONLY___ jen-pxc-521b0f33-26-cluster7
2022-10-27 16:18:09,568 INFO     ___FILE_ONLY___    
2022-10-27 16:18:09,568 INFO     ___FILE_ONLY___ us-central1-a
2022-10-27 16:18:09,568 INFO     ___FILE_ONLY___    
2022-10-27 16:18:09,568 INFO     ___FILE_ONLY___ 1.21.14-gke.7100
2022-10-27 16:18:09,568 INFO     ___FILE_ONLY___   
2022-10-27 16:18:09,568 INFO     ___FILE_ONLY___ 35.239.137.229
2022-10-27 16:18:09,568 INFO     ___FILE_ONLY___    
2022-10-27 16:18:09,568 INFO     ___FILE_ONLY___ n1-standard-4
2022-10-27 16:18:09,568 INFO     ___FILE_ONLY___   
2022-10-27 16:18:09,568 INFO     ___FILE_ONLY___ 1.21.14-gke.7100
2022-10-27 16:18:09,568 INFO     ___FILE_ONLY___   
2022-10-27 16:18:09,568 INFO     ___FILE_ONLY___ 3
2022-10-27 16:18:09,568 INFO     ___FILE_ONLY___           
2022-10-27 16:18:09,568 INFO     ___FILE_ONLY___ RUNNING
2022-10-27 16:18:09,568 INFO     ___FILE_ONLY___ 

2022-10-27 16:18:09,568 INFO     ___FILE_ONLY___ jen-pxc-521b0f33-26-cluster8
2022-10-27 16:18:09,568 INFO     ___FILE_ONLY___    
2022-10-27 16:18:09,568 INFO     ___FILE_ONLY___ us-central1-a
2022-10-27 16:18:09,568 INFO     ___FILE_ONLY___    
2022-10-27 16:18:09,568 INFO     ___FILE_ONLY___ 1.21.14-gke.7100
2022-10-27 16:18:09,568 INFO     ___FILE_ONLY___   
2022-10-27 16:18:09,568 INFO     ___FILE_ONLY___ 34.123.68.193
2022-10-27 16:18:09,568 INFO     ___FILE_ONLY___     
2022-10-27 16:18:09,568 INFO     ___FILE_ONLY___ n1-standard-4
2022-10-27 16:18:09,568 INFO     ___FILE_ONLY___   
2022-10-27 16:18:09,568 INFO     ___FILE_ONLY___ 1.21.14-gke.7100
2022-10-27 16:18:09,568 INFO     ___FILE_ONLY___   
2022-10-27 16:18:09,568 INFO     ___FILE_ONLY___ 3
2022-10-27 16:18:09,568 INFO     ___FILE_ONLY___           
2022-10-27 16:18:09,568 INFO     ___FILE_ONLY___ RUNNING
2022-10-27 16:18:09,568 INFO     ___FILE_ONLY___ 

2022-10-27 16:18:09,568 INFO     ___FILE_ONLY___ jen-pxc-521b0f33-26-cluster9
2022-10-27 16:18:09,568 INFO     ___FILE_ONLY___    
2022-10-27 16:18:09,569 INFO     ___FILE_ONLY___ us-central1-a
2022-10-27 16:18:09,569 INFO     ___FILE_ONLY___    
2022-10-27 16:18:09,569 INFO     ___FILE_ONLY___ 1.21.14-gke.7100
2022-10-27 16:18:09,569 INFO     ___FILE_ONLY___   
2022-10-27 16:18:09,569 INFO     ___FILE_ONLY___ 35.226.226.127
2022-10-27 16:18:09,569 INFO     ___FILE_ONLY___    
2022-10-27 16:18:09,569 INFO     ___FILE_ONLY___ n1-standard-4
2022-10-27 16:18:09,569 INFO     ___FILE_ONLY___   
2022-10-27 16:18:09,569 INFO     ___FILE_ONLY___ 1.21.14-gke.7100
2022-10-27 16:18:09,569 INFO     ___FILE_ONLY___   
2022-10-27 16:18:09,569 INFO     ___FILE_ONLY___ 3
2022-10-27 16:18:09,569 INFO     ___FILE_ONLY___           
2022-10-27 16:18:09,569 INFO     ___FILE_ONLY___ RUNNING
2022-10-27 16:18:09,569 INFO     ___FILE_ONLY___ 

2022-10-27 16:18:09,569 INFO     ___FILE_ONLY___ jen-pxc-dcd15263-13-cluster1
2022-10-27 16:18:09,569 INFO     ___FILE_ONLY___    
2022-10-27 16:18:09,569 INFO     ___FILE_ONLY___ us-central1-a
2022-10-27 16:18:09,569 INFO     ___FILE_ONLY___    
2022-10-27 16:18:09,569 INFO     ___FILE_ONLY___ 1.21.14-gke.7100
2022-10-27 16:18:09,569 INFO     ___FILE_ONLY___   
2022-10-27 16:18:09,569 INFO     ___FILE_ONLY___ 35.232.52.94
2022-10-27 16:18:09,569 INFO     ___FILE_ONLY___      
2022-10-27 16:18:09,569 INFO     ___FILE_ONLY___ n1-standard-4
2022-10-27 16:18:09,569 INFO     ___FILE_ONLY___   
2022-10-27 16:18:09,569 INFO     ___FILE_ONLY___ 1.21.14-gke.7100
2022-10-27 16:18:09,569 INFO     ___FILE_ONLY___   
2022-10-27 16:18:09,569 INFO     ___FILE_ONLY___ 3
2022-10-27 16:18:09,569 INFO     ___FILE_ONLY___           
2022-10-27 16:18:09,569 INFO     ___FILE_ONLY___ RUNNING
2022-10-27 16:18:09,569 INFO     ___FILE_ONLY___ 

2022-10-27 16:18:09,569 INFO     ___FILE_ONLY___ jen-pxc-dcd15263-13-cluster2
2022-10-27 16:18:09,569 INFO     ___FILE_ONLY___    
2022-10-27 16:18:09,569 INFO     ___FILE_ONLY___ us-central1-a
2022-10-27 16:18:09,569 INFO     ___FILE_ONLY___    
2022-10-27 16:18:09,569 INFO     ___FILE_ONLY___ 1.21.14-gke.7100
2022-10-27 16:18:09,569 INFO     ___FILE_ONLY___   
2022-10-27 16:18:09,569 INFO     ___FILE_ONLY___ 34.135.211.11
2022-10-27 16:18:09,569 INFO     ___FILE_ONLY___     
2022-10-27 16:18:09,569 INFO     ___FILE_ONLY___ n1-standard-4
2022-10-27 16:18:09,569 INFO     ___FILE_ONLY___   
2022-10-27 16:18:09,569 INFO     ___FILE_ONLY___ 1.21.14-gke.7100
2022-10-27 16:18:09,569 INFO     ___FILE_ONLY___   
2022-10-27 16:18:09,569 INFO     ___FILE_ONLY___ 3
2022-10-27 16:18:09,569 INFO     ___FILE_ONLY___           
2022-10-27 16:18:09,569 INFO     ___FILE_ONLY___ RUNNING
2022-10-27 16:18:09,569 INFO     ___FILE_ONLY___ 

2022-10-27 16:18:09,569 INFO     ___FILE_ONLY___ jen-pxc-dcd15263-13-cluster3
2022-10-27 16:18:09,569 INFO     ___FILE_ONLY___    
2022-10-27 16:18:09,569 INFO     ___FILE_ONLY___ us-central1-a
2022-10-27 16:18:09,570 INFO     ___FILE_ONLY___    
2022-10-27 16:18:09,570 INFO     ___FILE_ONLY___ 1.21.14-gke.7100
2022-10-27 16:18:09,570 INFO     ___FILE_ONLY___   
2022-10-27 16:18:09,570 INFO     ___FILE_ONLY___ 35.238.43.118
2022-10-27 16:18:09,570 INFO     ___FILE_ONLY___     
2022-10-27 16:18:09,570 INFO     ___FILE_ONLY___ n1-standard-4
2022-10-27 16:18:09,570 INFO     ___FILE_ONLY___   
2022-10-27 16:18:09,570 INFO     ___FILE_ONLY___ 1.21.14-gke.7100
2022-10-27 16:18:09,570 INFO     ___FILE_ONLY___   
2022-10-27 16:18:09,570 INFO     ___FILE_ONLY___ 3
2022-10-27 16:18:09,570 INFO     ___FILE_ONLY___           
2022-10-27 16:18:09,570 INFO     ___FILE_ONLY___ RUNNING
2022-10-27 16:18:09,570 INFO     ___FILE_ONLY___ 

2022-10-27 16:18:09,570 INFO     ___FILE_ONLY___ jen-pxc-dcd15263-13-cluster4
2022-10-27 16:18:09,570 INFO     ___FILE_ONLY___    
2022-10-27 16:18:09,570 INFO     ___FILE_ONLY___ us-central1-a
2022-10-27 16:18:09,570 INFO     ___FILE_ONLY___    
2022-10-27 16:18:09,570 INFO     ___FILE_ONLY___ 1.21.14-gke.7100
2022-10-27 16:18:09,570 INFO     ___FILE_ONLY___   
2022-10-27 16:18:09,570 INFO     ___FILE_ONLY___ 35.193.14.12
2022-10-27 16:18:09,570 INFO     ___FILE_ONLY___      
2022-10-27 16:18:09,570 INFO     ___FILE_ONLY___ n1-standard-4
2022-10-27 16:18:09,570 INFO     ___FILE_ONLY___   
2022-10-27 16:18:09,570 INFO     ___FILE_ONLY___ 1.21.14-gke.7100
2022-10-27 16:18:09,570 INFO     ___FILE_ONLY___   
2022-10-27 16:18:09,570 INFO     ___FILE_ONLY___ 3
2022-10-27 16:18:09,570 INFO     ___FILE_ONLY___           
2022-10-27 16:18:09,570 INFO     ___FILE_ONLY___ RUNNING
2022-10-27 16:18:09,570 INFO     ___FILE_ONLY___ 

2022-10-27 16:18:09,570 INFO     ___FILE_ONLY___ jen-pxc-dcd15263-13-cluster5
2022-10-27 16:18:09,570 INFO     ___FILE_ONLY___    
2022-10-27 16:18:09,570 INFO     ___FILE_ONLY___ us-central1-a
2022-10-27 16:18:09,570 INFO     ___FILE_ONLY___    
2022-10-27 16:18:09,570 INFO     ___FILE_ONLY___ 1.21.14-gke.7100
2022-10-27 16:18:09,570 INFO     ___FILE_ONLY___   
2022-10-27 16:18:09,570 INFO     ___FILE_ONLY___ 35.238.108.49
2022-10-27 16:18:09,570 INFO     ___FILE_ONLY___     
2022-10-27 16:18:09,570 INFO     ___FILE_ONLY___ n1-standard-4
2022-10-27 16:18:09,570 INFO     ___FILE_ONLY___   
2022-10-27 16:18:09,570 INFO     ___FILE_ONLY___ 1.21.14-gke.7100
2022-10-27 16:18:09,570 INFO     ___FILE_ONLY___   
2022-10-27 16:18:09,570 INFO     ___FILE_ONLY___ 3
2022-10-27 16:18:09,570 INFO     ___FILE_ONLY___           
2022-10-27 16:18:09,570 INFO     ___FILE_ONLY___ RUNNING
2022-10-27 16:18:09,570 INFO     ___FILE_ONLY___ 

2022-10-27 16:18:09,570 INFO     ___FILE_ONLY___ jen-pxc-dcd15263-13-cluster6
2022-10-27 16:18:09,570 INFO     ___FILE_ONLY___    
2022-10-27 16:18:09,570 INFO     ___FILE_ONLY___ us-central1-a
2022-10-27 16:18:09,570 INFO     ___FILE_ONLY___    
2022-10-27 16:18:09,571 INFO     ___FILE_ONLY___ 1.21.14-gke.7100
2022-10-27 16:18:09,571 INFO     ___FILE_ONLY___   
2022-10-27 16:18:09,571 INFO     ___FILE_ONLY___ 35.184.60.233
2022-10-27 16:18:09,571 INFO     ___FILE_ONLY___     
2022-10-27 16:18:09,571 INFO     ___FILE_ONLY___ n1-standard-4
2022-10-27 16:18:09,571 INFO     ___FILE_ONLY___   
2022-10-27 16:18:09,571 INFO     ___FILE_ONLY___ 1.21.14-gke.7100
2022-10-27 16:18:09,571 INFO     ___FILE_ONLY___   
2022-10-27 16:18:09,571 INFO     ___FILE_ONLY___ 3
2022-10-27 16:18:09,571 INFO     ___FILE_ONLY___           
2022-10-27 16:18:09,571 INFO     ___FILE_ONLY___ RUNNING
2022-10-27 16:18:09,571 INFO     ___FILE_ONLY___ 

2022-10-27 16:18:09,571 INFO     ___FILE_ONLY___ jen-pxc-dcd15263-13-cluster7
2022-10-27 16:18:09,571 INFO     ___FILE_ONLY___    
2022-10-27 16:18:09,571 INFO     ___FILE_ONLY___ us-central1-a
2022-10-27 16:18:09,571 INFO     ___FILE_ONLY___    
2022-10-27 16:18:09,571 INFO     ___FILE_ONLY___ 1.21.14-gke.7100
2022-10-27 16:18:09,571 INFO     ___FILE_ONLY___   
2022-10-27 16:18:09,571 INFO     ___FILE_ONLY___ 34.132.179.214
2022-10-27 16:18:09,571 INFO     ___FILE_ONLY___    
2022-10-27 16:18:09,571 INFO     ___FILE_ONLY___ n1-standard-4
2022-10-27 16:18:09,571 INFO     ___FILE_ONLY___   
2022-10-27 16:18:09,571 INFO     ___FILE_ONLY___ 1.21.14-gke.7100
2022-10-27 16:18:09,571 INFO     ___FILE_ONLY___   
2022-10-27 16:18:09,571 INFO     ___FILE_ONLY___ 3
2022-10-27 16:18:09,571 INFO     ___FILE_ONLY___           
2022-10-27 16:18:09,571 INFO     ___FILE_ONLY___ RUNNING
2022-10-27 16:18:09,571 INFO     ___FILE_ONLY___ 

2022-10-27 16:18:09,571 INFO     ___FILE_ONLY___ jen-pxc-dcd15263-13-cluster8
2022-10-27 16:18:09,571 INFO     ___FILE_ONLY___    
2022-10-27 16:18:09,571 INFO     ___FILE_ONLY___ us-central1-a
2022-10-27 16:18:09,571 INFO     ___FILE_ONLY___    
2022-10-27 16:18:09,571 INFO     ___FILE_ONLY___ 1.21.14-gke.7100
2022-10-27 16:18:09,571 INFO     ___FILE_ONLY___   
2022-10-27 16:18:09,571 INFO     ___FILE_ONLY___ 35.226.60.158
2022-10-27 16:18:09,571 INFO     ___FILE_ONLY___     
2022-10-27 16:18:09,571 INFO     ___FILE_ONLY___ n1-standard-4
2022-10-27 16:18:09,571 INFO     ___FILE_ONLY___   
2022-10-27 16:18:09,571 INFO     ___FILE_ONLY___ 1.21.14-gke.7100
2022-10-27 16:18:09,571 INFO     ___FILE_ONLY___   
2022-10-27 16:18:09,571 INFO     ___FILE_ONLY___ 3
2022-10-27 16:18:09,571 INFO     ___FILE_ONLY___           
2022-10-27 16:18:09,571 INFO     ___FILE_ONLY___ RUNNING
2022-10-27 16:18:09,571 INFO     ___FILE_ONLY___ 

2022-10-27 16:18:09,571 INFO     ___FILE_ONLY___ jen-pxc-dcd15263-13-cluster9
2022-10-27 16:18:09,571 INFO     ___FILE_ONLY___    
2022-10-27 16:18:09,571 INFO     ___FILE_ONLY___ us-central1-a
2022-10-27 16:18:09,571 INFO     ___FILE_ONLY___    
2022-10-27 16:18:09,571 INFO     ___FILE_ONLY___ 1.21.14-gke.7100
2022-10-27 16:18:09,571 INFO     ___FILE_ONLY___   
2022-10-27 16:18:09,572 INFO     ___FILE_ONLY___ 34.122.166.179
2022-10-27 16:18:09,572 INFO     ___FILE_ONLY___    
2022-10-27 16:18:09,572 INFO     ___FILE_ONLY___ n1-standard-4
2022-10-27 16:18:09,572 INFO     ___FILE_ONLY___   
2022-10-27 16:18:09,572 INFO     ___FILE_ONLY___ 1.21.14-gke.7100
2022-10-27 16:18:09,572 INFO     ___FILE_ONLY___   
2022-10-27 16:18:09,572 INFO     ___FILE_ONLY___ 3
2022-10-27 16:18:09,572 INFO     ___FILE_ONLY___           
2022-10-27 16:18:09,572 INFO     ___FILE_ONLY___ RUNNING
2022-10-27 16:18:09,572 INFO     ___FILE_ONLY___ 

2022-10-27 16:18:09,572 INFO     ___FILE_ONLY___ jenkins-pxc-04232dbd-cluster1
2022-10-27 16:18:09,572 INFO     ___FILE_ONLY___   
2022-10-27 16:18:09,572 INFO     ___FILE_ONLY___ us-central1-a
2022-10-27 16:18:09,572 INFO     ___FILE_ONLY___    
2022-10-27 16:18:09,572 INFO     ___FILE_ONLY___ 1.21.14-gke.7100
2022-10-27 16:18:09,572 INFO     ___FILE_ONLY___   
2022-10-27 16:18:09,572 INFO     ___FILE_ONLY___ 34.70.121.133
2022-10-27 16:18:09,572 INFO     ___FILE_ONLY___     
2022-10-27 16:18:09,572 INFO     ___FILE_ONLY___ n1-standard-4
2022-10-27 16:18:09,572 INFO     ___FILE_ONLY___   
2022-10-27 16:18:09,572 INFO     ___FILE_ONLY___ 1.21.14-gke.7100
2022-10-27 16:18:09,572 INFO     ___FILE_ONLY___   
2022-10-27 16:18:09,572 INFO     ___FILE_ONLY___ 3
2022-10-27 16:18:09,572 INFO     ___FILE_ONLY___           
2022-10-27 16:18:09,572 INFO     ___FILE_ONLY___ RUNNING
2022-10-27 16:18:09,572 INFO     ___FILE_ONLY___ 

2022-10-27 16:18:09,572 INFO     ___FILE_ONLY___ jenkins-pxc-04232dbd-cluster2
2022-10-27 16:18:09,572 INFO     ___FILE_ONLY___   
2022-10-27 16:18:09,572 INFO     ___FILE_ONLY___ us-central1-a
2022-10-27 16:18:09,572 INFO     ___FILE_ONLY___    
2022-10-27 16:18:09,572 INFO     ___FILE_ONLY___ 1.21.14-gke.7100
2022-10-27 16:18:09,572 INFO     ___FILE_ONLY___   
2022-10-27 16:18:09,572 INFO     ___FILE_ONLY___ 34.71.17.184
2022-10-27 16:18:09,572 INFO     ___FILE_ONLY___      
2022-10-27 16:18:09,572 INFO     ___FILE_ONLY___ n1-standard-4
2022-10-27 16:18:09,572 INFO     ___FILE_ONLY___   
2022-10-27 16:18:09,572 INFO     ___FILE_ONLY___ 1.21.14-gke.7100
2022-10-27 16:18:09,572 INFO     ___FILE_ONLY___   
2022-10-27 16:18:09,572 INFO     ___FILE_ONLY___ 3
2022-10-27 16:18:09,572 INFO     ___FILE_ONLY___           
2022-10-27 16:18:09,572 INFO     ___FILE_ONLY___ RUNNING
2022-10-27 16:18:09,572 INFO     ___FILE_ONLY___ 

2022-10-27 16:18:09,572 INFO     ___FILE_ONLY___ jenkins-pxc-04232dbd-cluster4
2022-10-27 16:18:09,572 INFO     ___FILE_ONLY___   
2022-10-27 16:18:09,572 INFO     ___FILE_ONLY___ us-central1-a
2022-10-27 16:18:09,572 INFO     ___FILE_ONLY___    
2022-10-27 16:18:09,572 INFO     ___FILE_ONLY___ 1.21.14-gke.7100
2022-10-27 16:18:09,572 INFO     ___FILE_ONLY___   
2022-10-27 16:18:09,572 INFO     ___FILE_ONLY___ 34.170.105.202
2022-10-27 16:18:09,572 INFO     ___FILE_ONLY___    
2022-10-27 16:18:09,572 INFO     ___FILE_ONLY___ n1-standard-4
2022-10-27 16:18:09,572 INFO     ___FILE_ONLY___   
2022-10-27 16:18:09,572 INFO     ___FILE_ONLY___ 1.21.14-gke.7100
2022-10-27 16:18:09,573 INFO     ___FILE_ONLY___   
2022-10-27 16:18:09,573 INFO     ___FILE_ONLY___ 3
2022-10-27 16:18:09,573 INFO     ___FILE_ONLY___           
2022-10-27 16:18:09,573 INFO     ___FILE_ONLY___ RUNNING
2022-10-27 16:18:09,573 INFO     ___FILE_ONLY___ 

2022-10-27 16:18:09,573 INFO     ___FILE_ONLY___ jenkins-pxc-04232dbd-cluster8
2022-10-27 16:18:09,573 INFO     ___FILE_ONLY___   
2022-10-27 16:18:09,573 INFO     ___FILE_ONLY___ us-central1-a
2022-10-27 16:18:09,573 INFO     ___FILE_ONLY___    
2022-10-27 16:18:09,573 INFO     ___FILE_ONLY___ 1.21.14-gke.7100
2022-10-27 16:18:09,573 INFO     ___FILE_ONLY___   
2022-10-27 16:18:09,573 INFO     ___FILE_ONLY___ 34.68.22.178
2022-10-27 16:18:09,573 INFO     ___FILE_ONLY___      
2022-10-27 16:18:09,573 INFO     ___FILE_ONLY___ n1-standard-4
2022-10-27 16:18:09,573 INFO     ___FILE_ONLY___   
2022-10-27 16:18:09,573 INFO     ___FILE_ONLY___ 1.21.14-gke.7100
2022-10-27 16:18:09,573 INFO     ___FILE_ONLY___   
2022-10-27 16:18:09,573 INFO     ___FILE_ONLY___ 3
2022-10-27 16:18:09,573 INFO     ___FILE_ONLY___           
2022-10-27 16:18:09,573 INFO     ___FILE_ONLY___ RUNNING
2022-10-27 16:18:09,573 INFO     ___FILE_ONLY___ 

2022-10-27 16:18:09,573 INFO     ___FILE_ONLY___ jenkins-pxc-62f4bb33-cluster6
2022-10-27 16:18:09,573 INFO     ___FILE_ONLY___   
2022-10-27 16:18:09,573 INFO     ___FILE_ONLY___ us-central1-a
2022-10-27 16:18:09,573 INFO     ___FILE_ONLY___    
2022-10-27 16:18:09,573 INFO     ___FILE_ONLY___ 1.21.14-gke.7100
2022-10-27 16:18:09,573 INFO     ___FILE_ONLY___   
2022-10-27 16:18:09,573 INFO     ___FILE_ONLY___ 34.172.12.254
2022-10-27 16:18:09,573 INFO     ___FILE_ONLY___     
2022-10-27 16:18:09,573 INFO     ___FILE_ONLY___ n1-standard-4
2022-10-27 16:18:09,573 INFO     ___FILE_ONLY___   
2022-10-27 16:18:09,573 INFO     ___FILE_ONLY___ 1.21.14-gke.7100
2022-10-27 16:18:09,573 INFO     ___FILE_ONLY___   
2022-10-27 16:18:09,573 INFO     ___FILE_ONLY___ 3
2022-10-27 16:18:09,573 INFO     ___FILE_ONLY___           
2022-10-27 16:18:09,573 INFO     ___FILE_ONLY___ RUNNING
2022-10-27 16:18:09,573 INFO     ___FILE_ONLY___ 

2022-10-27 16:18:09,573 INFO     ___FILE_ONLY___ plavi-122
2022-10-27 16:18:09,573 INFO     ___FILE_ONLY___                       
2022-10-27 16:18:09,573 INFO     ___FILE_ONLY___ us-central1-a
2022-10-27 16:18:09,573 INFO     ___FILE_ONLY___    
2022-10-27 16:18:09,573 INFO     ___FILE_ONLY___ 1.22.15-gke.100
2022-10-27 16:18:09,573 INFO     ___FILE_ONLY___    
2022-10-27 16:18:09,573 INFO     ___FILE_ONLY___ 35.184.169.196
2022-10-27 16:18:09,573 INFO     ___FILE_ONLY___    
2022-10-27 16:18:09,573 INFO     ___FILE_ONLY___ n1-standard-4
2022-10-27 16:18:09,573 INFO     ___FILE_ONLY___   
2022-10-27 16:18:09,573 INFO     ___FILE_ONLY___ 1.22.15-gke.100
2022-10-27 16:18:09,573 INFO     ___FILE_ONLY___    
2022-10-27 16:18:09,573 INFO     ___FILE_ONLY___ 3
2022-10-27 16:18:09,573 INFO     ___FILE_ONLY___           
2022-10-27 16:18:09,573 INFO     ___FILE_ONLY___ RUNNING
2022-10-27 16:18:09,573 INFO     ___FILE_ONLY___ 

2022-10-27 16:18:09,574 INFO     ___FILE_ONLY___ spronin-1337
2022-10-27 16:18:09,574 INFO     ___FILE_ONLY___                    
2022-10-27 16:18:09,574 INFO     ___FILE_ONLY___ us-central1-a
2022-10-27 16:18:09,574 INFO     ___FILE_ONLY___    
2022-10-27 16:18:09,574 INFO     ___FILE_ONLY___ 1.23.12-gke.100
2022-10-27 16:18:09,574 INFO     ___FILE_ONLY___    
2022-10-27 16:18:09,574 INFO     ___FILE_ONLY___ 34.132.198.167
2022-10-27 16:18:09,574 INFO     ___FILE_ONLY___    
2022-10-27 16:18:09,574 INFO     ___FILE_ONLY___ n1-standard-4
2022-10-27 16:18:09,574 INFO     ___FILE_ONLY___   
2022-10-27 16:18:09,574 INFO     ___FILE_ONLY___ 1.23.12-gke.100
2022-10-27 16:18:09,574 INFO     ___FILE_ONLY___    
2022-10-27 16:18:09,574 INFO     ___FILE_ONLY___ 3
2022-10-27 16:18:09,574 INFO     ___FILE_ONLY___           
2022-10-27 16:18:09,574 INFO     ___FILE_ONLY___ RUNNING
2022-10-27 16:18:09,574 INFO     ___FILE_ONLY___ 

2022-10-27 16:18:09,574 INFO     ___FILE_ONLY___ cap-666
2022-10-27 16:18:09,574 INFO     ___FILE_ONLY___                         
2022-10-27 16:18:09,574 INFO     ___FILE_ONLY___ us-central1-c
2022-10-27 16:18:09,574 INFO     ___FILE_ONLY___    
2022-10-27 16:18:09,574 INFO     ___FILE_ONLY___ 1.21.14-gke.8500
2022-10-27 16:18:09,574 INFO     ___FILE_ONLY___   
2022-10-27 16:18:09,574 INFO     ___FILE_ONLY___ 34.72.251.11
2022-10-27 16:18:09,574 INFO     ___FILE_ONLY___      
2022-10-27 16:18:09,574 INFO     ___FILE_ONLY___ n1-standard-4
2022-10-27 16:18:09,574 INFO     ___FILE_ONLY___   
2022-10-27 16:18:09,574 INFO     ___FILE_ONLY___ 1.21.14-gke.8500
2022-10-27 16:18:09,574 INFO     ___FILE_ONLY___   
2022-10-27 16:18:09,574 INFO     ___FILE_ONLY___ 3
2022-10-27 16:18:09,574 INFO     ___FILE_ONLY___           
2022-10-27 16:18:09,574 INFO     ___FILE_ONLY___ RUNNING
2022-10-27 16:18:09,574 INFO     ___FILE_ONLY___ 

2022-10-27 16:18:09,575 DEBUG    root            Checking for updates...
2022-10-27 16:18:09,585 DEBUG    urllib3.connectionpool Starting new HTTPS connection (1): dl.google.com:443
2022-10-27 16:18:09,711 DEBUG    urllib3.connectionpool https://dl.google.com:443 "GET /dl/cloudsdk/channels/rapid/components-2.json HTTP/1.1" 200 203446
2022-10-27 16:18:09,799 INFO     ___FILE_ONLY___ 

Updates are available for some Google Cloud CLI components.  To install them,
please run:
  $ gcloud components update


2022-10-27 16:18:09,818 DEBUG    root            Metrics reporting process started...
