2023-07-02 13:42:56,152 DEBUG    root            Loaded Command Group: ['gcloud', 'config']
2023-07-02 13:42:56,154 DEBUG    root            Loaded Command Group: ['gcloud', 'config', 'config_helper']
2023-07-02 13:42:56,154 DEBUG    root            Running [gcloud.config.config-helper] with arguments: [--format: "json"]
2023-07-02 13:42:56,173 DEBUG    urllib3.connectionpool Starting new HTTPS connection (1): www.gstatic.com:443
2023-07-02 13:42:56,273 DEBUG    urllib3.connectionpool https://www.gstatic.com:443 "GET /cloudsdk/feature_flag_config_file.yaml HTTP/1.1" 200 101
2023-07-02 13:42:56,278 DEBUG    root            Chosen display Format:default json
2023-07-02 13:42:56,278 INFO     root            Display format: "default json"
2023-07-02 13:42:56,279 INFO     ___FILE_ONLY___ {
  "configuration": {
    "active_configuration": "percona-cloud-dev",
    "properties": {
      "core": {
        "account": "inel.pandzic@percona.com",
        "disable_usage_reporting": "False",
        "project": "cloud-dev-112233"
      }
    }
  },
  "credential": {
    "access_token": "ya29.a0AbVbY6MfADqVbEILKTM2o7hz3rXsqHkmSHaKU0E24k6qSxSuVpBrbxOkGcAuUFswDVxSaYm8hGEpRAH9vI3r4u5rv3sfgxQYxhqLltiE-m7iXMjkGsr5kH1TZ6A0Tv258bNjScS-vfiwW5p2uXs_suULLt7pUCqEO4x9xOUaCgYKAUsSARESFQFWKvPlqkU6z3Re8dxat2P6bRiBeg0174",
    "id_token": "eyJhbGciOiJSUzI1NiIsImtpZCI6Ijk5YmNiMDY5MzQwYTNmMTQ3NDYyNzk0ZGZlZmE3NWU3OTk2MTM2MzQiLCJ0eXAiOiJKV1QifQ.eyJpc3MiOiJodHRwczovL2FjY291bnRzLmdvb2dsZS5jb20iLCJhenAiOiIzMjU1NTk0MDU1OS5hcHBzLmdvb2dsZXVzZXJjb250ZW50LmNvbSIsImF1ZCI6IjMyNTU1OTQwNTU5LmFwcHMuZ29vZ2xldXNlcmNvbnRlbnQuY29tIiwic3ViIjoiMTA3NDA5ODEzMzQ0NTU5NDQzNDA3IiwiaGQiOiJwZXJjb25hLmNvbSIsImVtYWlsIjoiaW5lbC5wYW5kemljQHBlcmNvbmEuY29tIiwiZW1haWxfdmVyaWZpZWQiOnRydWUsImF0X2hhc2giOiJmV29wd25NeldtaXp1emw5Wk9zV2xnIiwiaWF0IjoxNjg4Mjk3ODA4LCJleHAiOjE2ODgzMDE0MDh9.DBBZfp7FDSx8FjD4pnMDwxk1bl4ER65GJ26rwk_tC6bhNoXEZBvuYckgUgM1icctj6-yfnmRYgrbYjyVrmvBs7AcNW8D0IynX0dNHDs_y5CpbzgKH1NV6H3grd9Y85MYvKRHrRpL-Ib-0EyWjeVxaXWaJQ-orxvUpW3cOX4U-YaYa16rpcplmxYU5bMQAjV2jgBSwMO81XQSw9uxON_qFqLwoOpLa97jXiXFPx3RmFp0yDb7tAajM6qzSH_WtnvFpO3N_CftGxnrODkoNZ0HrjJUChElzpT2h2LqiZWFucsTCxOtp1ZGeR5FtUyvdLg-3oJMB2M20onEZ_CvEEfEVQ",
    "token_expiry": "2023-07-02T12:36:47Z"
  },
  "sentinels": {
    "config_sentinel": "/Users/inelpandzic/.config/gcloud/config_sentinel"
  }
}
2023-07-02 13:42:56,279 INFO     ___FILE_ONLY___ 

2023-07-02 13:42:56,286 DEBUG    root            Metrics reporting process started...
