2023-07-02 14:36:48,498 DEBUG    root            Loaded Command Group: ['gcloud', 'config']
2023-07-02 14:36:48,500 DEBUG    root            Loaded Command Group: ['gcloud', 'config', 'config_helper']
2023-07-02 14:36:48,500 DEBUG    root            Running [gcloud.config.config-helper] with arguments: [--format: "json"]
2023-07-02 14:36:48,520 DEBUG    urllib3.connectionpool Starting new HTTPS connection (1): www.gstatic.com:443
2023-07-02 14:36:48,623 DEBUG    urllib3.connectionpool https://www.gstatic.com:443 "GET /cloudsdk/feature_flag_config_file.yaml HTTP/1.1" 200 101
2023-07-02 14:36:48,627 DEBUG    root            Chosen display Format:default json
2023-07-02 14:36:48,627 INFO     root            Display format: "default json"
2023-07-02 14:36:48,628 INFO     ___FILE_ONLY___ {
  "configuration": {
    "active_configuration": "percona-cloud-dev",
    "properties": {
      "core": {
        "account": "inel.pandzic@percona.com",
        "disable_usage_reporting": "False",
        "project": "cloud-dev-112233"
      }
    }
  },
  "credential": {
    "access_token": "ya29.a0AbVbY6MIOvgMpOuE6OjhkAQADWlZyLQxZZRTHHYRqt6GPhe-NyJC8j6j-mbMznydzcv1PKt_5pFZtZe4CjFZvR0eBRkQ283eFa00KAqEqczQ9pCr1nUeXkmZUEsGgdHzoOQW9E8TDvQBJO_ry9L88FGO3NG_p1TA09KqRVIaCgYKAQwSARESFQFWKvPlCncpiTIKPfU7Y3Y_aa0scQ0174",
    "id_token": "eyJhbGciOiJSUzI1NiIsImtpZCI6Ijk5YmNiMDY5MzQwYTNmMTQ3NDYyNzk0ZGZlZmE3NWU3OTk2MTM2MzQiLCJ0eXAiOiJKV1QifQ.eyJpc3MiOiJodHRwczovL2FjY291bnRzLmdvb2dsZS5jb20iLCJhenAiOiIzMjU1NTk0MDU1OS5hcHBzLmdvb2dsZXVzZXJjb250ZW50LmNvbSIsImF1ZCI6IjMyNTU1OTQwNTU5LmFwcHMuZ29vZ2xldXNlcmNvbnRlbnQuY29tIiwic3ViIjoiMTA3NDA5ODEzMzQ0NTU5NDQzNDA3IiwiaGQiOiJwZXJjb25hLmNvbSIsImVtYWlsIjoiaW5lbC5wYW5kemljQHBlcmNvbmEuY29tIiwiZW1haWxfdmVyaWZpZWQiOnRydWUsImF0X2hhc2giOiItUVV2eFB6SU1yd3hZNzdaQWVDMDdBIiwiaWF0IjoxNjg4MzAxMTU0LCJleHAiOjE2ODgzMDQ3NTR9.Nd_vv4G5yrD6gzSYduJbzGQHe8NhSReErYQUlDcWqa-Gu_mp3xlogQdMEeOlUMtLXnEjtSB2blSm5Z3uMwq7fdjfSVNP-yE8UtRggAMvuWpbM7bKWBUspMyErZkqfJszgWFEWJ_f3kGXEts7EnwUEPT2V8fbrBthLdDqRLTvEM27vzPAxG_0mmqS07Eoitee-Jwlxkx5DRFnxgDD99xeqIlIqkVMadVspaBjTjohPt0WtjripXAkfTALSBL3OCwznw2r4bFCCH91U7snP-Vli9fH1MUDLxzJ0B-q_UtwUPyYAv_v-AEFJ0t2m7WlvVu-ZrJNru6yIDlsbrmvO3VLGw",
    "token_expiry": "2023-07-02T13:32:33Z"
  },
  "sentinels": {
    "config_sentinel": "/Users/inelpandzic/.config/gcloud/config_sentinel"
  }
}
2023-07-02 14:36:48,628 INFO     ___FILE_ONLY___ 

2023-07-02 14:36:48,633 DEBUG    root            Metrics reporting process started...
