2023-07-02 15:32:37,543 DEBUG    root            Loaded Command Group: ['gcloud', 'config']
2023-07-02 15:32:37,545 DEBUG    root            Loaded Command Group: ['gcloud', 'config', 'config_helper']
2023-07-02 15:32:37,546 DEBUG    root            Running [gcloud.config.config-helper] with arguments: [--format: "json"]
2023-07-02 15:32:37,558 DEBUG    google.auth.transport.requests Making request: POST https://oauth2.googleapis.com/token
2023-07-02 15:32:37,593 DEBUG    urllib3.connectionpool Starting new HTTPS connection (1): oauth2.googleapis.com:443
2023-07-02 15:32:37,757 DEBUG    urllib3.connectionpool https://oauth2.googleapis.com:443 "POST /token HTTP/1.1" 200 None
2023-07-02 15:32:37,777 DEBUG    urllib3.connectionpool Starting new HTTPS connection (1): www.gstatic.com:443
2023-07-02 15:32:37,879 DEBUG    urllib3.connectionpool https://www.gstatic.com:443 "GET /cloudsdk/feature_flag_config_file.yaml HTTP/1.1" 200 101
2023-07-02 15:32:37,889 DEBUG    root            Chosen display Format:default json
2023-07-02 15:32:37,889 INFO     root            Display format: "default json"
2023-07-02 15:32:37,892 INFO     ___FILE_ONLY___ {
  "configuration": {
    "active_configuration": "percona-cloud-dev",
    "properties": {
      "core": {
        "account": "inel.pandzic@percona.com",
        "disable_usage_reporting": "False",
        "project": "cloud-dev-112233"
      }
    }
  },
  "credential": {
    "access_token": "ya29.a0AbVbY6Oa-duvqDG1FjP5hL9SQDzZ4H5hQZilgbFessYb3H20yP43Wh-oCts6PHXf-p30t2gMQE6MbfgbhwqvaATUkUqd1sarn4LtXJidOTXgdYGqW3l9bIbS6XFw6NifkEAuWUOWvFklyowQF43SaOP-3OgsvbFQAh1QcDAaCgYKAUcSARESFQFWKvPlAuqaei9Zs0KjPb9liyD02Q0174",
    "id_token": "eyJhbGciOiJSUzI1NiIsImtpZCI6Ijk5YmNiMDY5MzQwYTNmMTQ3NDYyNzk0ZGZlZmE3NWU3OTk2MTM2MzQiLCJ0eXAiOiJKV1QifQ.eyJpc3MiOiJodHRwczovL2FjY291bnRzLmdvb2dsZS5jb20iLCJhenAiOiIzMjU1NTk0MDU1OS5hcHBzLmdvb2dsZXVzZXJjb250ZW50LmNvbSIsImF1ZCI6IjMyNTU1OTQwNTU5LmFwcHMuZ29vZ2xldXNlcmNvbnRlbnQuY29tIiwic3ViIjoiMTA3NDA5ODEzMzQ0NTU5NDQzNDA3IiwiaGQiOiJwZXJjb25hLmNvbSIsImVtYWlsIjoiaW5lbC5wYW5kemljQHBlcmNvbmEuY29tIiwiZW1haWxfdmVyaWZpZWQiOnRydWUsImF0X2hhc2giOiI1cXg3U0k2VVlUZzFHY2Vnemo4TUR3IiwiaWF0IjoxNjg4MzA0NzU3LCJleHAiOjE2ODgzMDgzNTd9.BGM3IxIHrv-JPkiS1URMS90Ad1StbXrNyxgvRDmo7Nffc7bqwafmBBntlM2FXMAw9SxEB14JWZ8hhkvC2ZBwU6kzDtL434zAUE41Hduj2rQaeoHOix1ecE3ZF65aELRQ06foTYSwiXJSfP4J0-spcHqkczq5xcuGe9HxDK9WCIoUzf-k8TwNlnuKVcVHd__caT8cvWVXZXSPwzO0ECZQ0nhniRT_P3ZXwXGCMtJ5YsGA7QQA_BBXxr4VLdH787HRNVoti5JOHCv-Pn3-nJRLbOsqjklVZ7pRT8gQTYveY1vFBQqCagJUpWIx7-iwlz-trEL8PgJRzty5G4KSR-qhSw",
    "token_expiry": "2023-07-02T14:32:36Z"
  },
  "sentinels": {
    "config_sentinel": "/Users/inelpandzic/.config/gcloud/config_sentinel"
  }
}
2023-07-02 15:32:37,892 INFO     ___FILE_ONLY___ 

2023-07-02 15:32:37,917 DEBUG    root            Metrics reporting process started...
