2023-07-02 17:57:56,887 DEBUG    root            Loaded Command Group: ['gcloud', 'config']
2023-07-02 17:57:56,889 DEBUG    root            Loaded Command Group: ['gcloud', 'config', 'config_helper']
2023-07-02 17:57:56,890 DEBUG    root            Running [gcloud.config.config-helper] with arguments: [--format: "json"]
2023-07-02 17:57:57,172 DEBUG    google.auth.transport.requests Making request: POST https://oauth2.googleapis.com/token
2023-07-02 17:57:57,198 DEBUG    urllib3.connectionpool Starting new HTTPS connection (1): oauth2.googleapis.com:443
2023-07-02 17:57:57,437 DEBUG    urllib3.connectionpool https://oauth2.googleapis.com:443 "POST /token HTTP/1.1" 200 None
2023-07-02 17:57:57,462 DEBUG    urllib3.connectionpool Starting new HTTPS connection (1): www.gstatic.com:443
2023-07-02 17:57:57,560 DEBUG    urllib3.connectionpool https://www.gstatic.com:443 "GET /cloudsdk/feature_flag_config_file.yaml HTTP/1.1" 200 101
2023-07-02 17:57:57,570 DEBUG    root            Chosen display Format:default json
2023-07-02 17:57:57,570 INFO     root            Display format: "default json"
2023-07-02 17:57:57,572 INFO     ___FILE_ONLY___ {
  "configuration": {
    "active_configuration": "percona-cloud-dev",
    "properties": {
      "core": {
        "account": "inel.pandzic@percona.com",
        "disable_usage_reporting": "False",
        "project": "cloud-dev-112233"
      }
    }
  },
  "credential": {
    "access_token": "ya29.a0AbVbY6M_5qy2OKpLfw6woQPVvo3qZecKUVub1fX8xi_wYJVArLq0VShjxYz4v6pZBap2cVhtSsnu68g-hFSob5eC_JcTlC40sbm0xgM2XII9LjmaNLa6jlVz5TGrjDUiaUQiFJjP0JmWmQ_z3DmNc84SpUlbCp_3aPhngZ8aCgYKAewSARESFQFWKvPlxbbH1AE9F3NB_CmeIhrbHg0174",
    "id_token": "eyJhbGciOiJSUzI1NiIsImtpZCI6Ijk5YmNiMDY5MzQwYTNmMTQ3NDYyNzk0ZGZlZmE3NWU3OTk2MTM2MzQiLCJ0eXAiOiJKV1QifQ.eyJpc3MiOiJodHRwczovL2FjY291bnRzLmdvb2dsZS5jb20iLCJhenAiOiIzMjU1NTk0MDU1OS5hcHBzLmdvb2dsZXVzZXJjb250ZW50LmNvbSIsImF1ZCI6IjMyNTU1OTQwNTU5LmFwcHMuZ29vZ2xldXNlcmNvbnRlbnQuY29tIiwic3ViIjoiMTA3NDA5ODEzMzQ0NTU5NDQzNDA3IiwiaGQiOiJwZXJjb25hLmNvbSIsImVtYWlsIjoiaW5lbC5wYW5kemljQHBlcmNvbmEuY29tIiwiZW1haWxfdmVyaWZpZWQiOnRydWUsImF0X2hhc2giOiJuZ0VtNzBkYUNjZTFvOXhBMFc2M0xRIiwiaWF0IjoxNjg4MzEzNDc3LCJleHAiOjE2ODgzMTcwNzd9.eFenTkv-4IHL6YzjMYkSorf-koXjgc4jYgpydZDxWLShAo3mWHrEuAzgWWEwRiOaOQUSNPx27s46hPF91dPhXYyt6rIRJpc2Vn48T0K4L4wMlIhdVJDz300A1j4oxxDqdI0uN2gWEHu2YJUPxATpAcP7C1QSq61fV-27X0OaNbInVdgHNqdW8fBAJLm_jnZL7YOLd-NZqVCs7cqGVYmbyTtAu4q5v15JW6wwEANtkM-55n18fwJPdM_TzLayGYOjBcANNFOY6YCFO_T9F2CTnbIlZQOTFIhtM_2xrFK0t_WPEnIfM6K4NOKp7PZAONxA61H33WXz-LMY3nP5vox4TA",
    "token_expiry": "2023-07-02T16:57:56Z"
  },
  "sentinels": {
    "config_sentinel": "/Users/inelpandzic/.config/gcloud/config_sentinel"
  }
}
2023-07-02 17:57:57,572 INFO     ___FILE_ONLY___ 

2023-07-02 17:57:57,589 DEBUG    root            Metrics reporting process started...
