2023-07-02 21:13:35,162 DEBUG    root            Loaded Command Group: ['gcloud', 'config']
2023-07-02 21:13:35,164 DEBUG    root            Loaded Command Group: ['gcloud', 'config', 'config_helper']
2023-07-02 21:13:35,165 DEBUG    root            Running [gcloud.config.config-helper] with arguments: [--format: "json"]
2023-07-02 21:13:35,175 DEBUG    google.auth.transport.requests Making request: POST https://oauth2.googleapis.com/token
2023-07-02 21:13:35,211 DEBUG    urllib3.connectionpool Starting new HTTPS connection (1): oauth2.googleapis.com:443
2023-07-02 21:13:35,384 DEBUG    urllib3.connectionpool https://oauth2.googleapis.com:443 "POST /token HTTP/1.1" 200 None
2023-07-02 21:13:35,411 DEBUG    urllib3.connectionpool Starting new HTTPS connection (1): www.gstatic.com:443
2023-07-02 21:13:35,525 DEBUG    urllib3.connectionpool https://www.gstatic.com:443 "GET /cloudsdk/feature_flag_config_file.yaml HTTP/1.1" 200 101
2023-07-02 21:13:35,533 DEBUG    root            Chosen display Format:default json
2023-07-02 21:13:35,534 INFO     root            Display format: "default json"
2023-07-02 21:13:35,534 INFO     ___FILE_ONLY___ {
  "configuration": {
    "active_configuration": "percona-cloud-dev",
    "properties": {
      "core": {
        "account": "inel.pandzic@percona.com",
        "disable_usage_reporting": "False",
        "project": "cloud-dev-112233"
      }
    }
  },
  "credential": {
    "access_token": "ya29.a0AbVbY6N_2f2ZgTYXwiEjTy3c4idMG8d1i0cvMpptcqilAuvd71P52xVNtvNXF0HtlehLYTfFvjri-JRfqXaBq7tNFT3-0tMDH0ffpCM6zP6V8M6uIcu4bIwKtr1J2vq_DdgfTxq0MBMeUVuW-Lp0xH7d3ev5-P3O9WE3ERoaCgYKAXYSARESFQFWKvPlwTBJ8KypODXv3yan-I90aQ0174",
    "id_token": "eyJhbGciOiJSUzI1NiIsImtpZCI6Ijk5YmNiMDY5MzQwYTNmMTQ3NDYyNzk0ZGZlZmE3NWU3OTk2MTM2MzQiLCJ0eXAiOiJKV1QifQ.eyJpc3MiOiJodHRwczovL2FjY291bnRzLmdvb2dsZS5jb20iLCJhenAiOiIzMjU1NTk0MDU1OS5hcHBzLmdvb2dsZXVzZXJjb250ZW50LmNvbSIsImF1ZCI6IjMyNTU1OTQwNTU5LmFwcHMuZ29vZ2xldXNlcmNvbnRlbnQuY29tIiwic3ViIjoiMTA3NDA5ODEzMzQ0NTU5NDQzNDA3IiwiaGQiOiJwZXJjb25hLmNvbSIsImVtYWlsIjoiaW5lbC5wYW5kemljQHBlcmNvbmEuY29tIiwiZW1haWxfdmVyaWZpZWQiOnRydWUsImF0X2hhc2giOiJ6X1RnTkNIeldicXoyeGFUNzV1bnN3IiwiaWF0IjoxNjg4MzI1MjE1LCJleHAiOjE2ODgzMjg4MTV9.Kp_Zr7CHK1v3UD-t-IN74yS-aIO4xhNaV6zigpwOOsuemiDcE7p7WeYZy6YJJcCoDImxm1LgsQO2epj6fUCt7lqK9z_I1VCIS-Q4GKCunFALV-zfroNYgp381IYmjgUdKBPFMULoDlZPybWGO_H7xVVbC-ZLAKIimSfYasCyaHciM1r6XRBbrhqQI_2s_VWsJrGgDx5Bi1H4z5ysytmivTchumJCOXh1Pz-pX-1ETg2hprzfOmSzS0bETUNOejikiBSU_hsnlrHBHhRpuh32W0QhNfFyGIUBYFc3j1A3QA-PwWZgEdq9GdmEOXg63HSbfykdSoJE6Efc9oDbJuVUJw",
    "token_expiry": "2023-07-02T20:13:34Z"
  },
  "sentinels": {
    "config_sentinel": "/Users/inelpandzic/.config/gcloud/config_sentinel"
  }
}
2023-07-02 21:13:35,535 INFO     ___FILE_ONLY___ 

2023-07-02 21:13:35,548 DEBUG    root            Metrics reporting process started...
