2023-07-02 22:33:55,092 DEBUG    root            Loaded Command Group: ['gcloud', 'config']
2023-07-02 22:33:55,093 DEBUG    root            Loaded Command Group: ['gcloud', 'config', 'config_helper']
2023-07-02 22:33:55,094 DEBUG    root            Running [gcloud.config.config-helper] with arguments: [--format: "json"]
2023-07-02 22:33:55,101 DEBUG    google.auth.transport.requests Making request: POST https://oauth2.googleapis.com/token
2023-07-02 22:33:55,120 DEBUG    urllib3.connectionpool Starting new HTTPS connection (1): oauth2.googleapis.com:443
2023-07-02 22:33:55,283 DEBUG    urllib3.connectionpool https://oauth2.googleapis.com:443 "POST /token HTTP/1.1" 200 None
2023-07-02 22:33:55,305 DEBUG    urllib3.connectionpool Starting new HTTPS connection (1): www.gstatic.com:443
2023-07-02 22:33:55,407 DEBUG    urllib3.connectionpool https://www.gstatic.com:443 "GET /cloudsdk/feature_flag_config_file.yaml HTTP/1.1" 200 101
2023-07-02 22:33:55,414 DEBUG    root            Chosen display Format:default json
2023-07-02 22:33:55,415 INFO     root            Display format: "default json"
2023-07-02 22:33:55,415 INFO     ___FILE_ONLY___ {
  "configuration": {
    "active_configuration": "percona-cloud-dev",
    "properties": {
      "core": {
        "account": "inel.pandzic@percona.com",
        "disable_usage_reporting": "False",
        "project": "cloud-dev-112233"
      }
    }
  },
  "credential": {
    "access_token": "ya29.a0AbVbY6Nn6flhUiecXZJHSXwOWbjP8rykhjm71MtRXE5eq6qhcBYSAaZsUkUqk4DU1uIsGaAaoXuI1CbATyNKToYUDyOf3ke72fQuHSOWJjvbiiItCgg1zw2K1BE9v2C6NX26LJCieLhosN2VU48_qpq_gp43vik3G7gZJJoaCgYKAfkSARESFQFWKvPl-2-nUSGOhTVU5BeZGjB3mA0174",
    "id_token": "eyJhbGciOiJSUzI1NiIsImtpZCI6Ijk5YmNiMDY5MzQwYTNmMTQ3NDYyNzk0ZGZlZmE3NWU3OTk2MTM2MzQiLCJ0eXAiOiJKV1QifQ.eyJpc3MiOiJodHRwczovL2FjY291bnRzLmdvb2dsZS5jb20iLCJhenAiOiIzMjU1NTk0MDU1OS5hcHBzLmdvb2dsZXVzZXJjb250ZW50LmNvbSIsImF1ZCI6IjMyNTU1OTQwNTU5LmFwcHMuZ29vZ2xldXNlcmNvbnRlbnQuY29tIiwic3ViIjoiMTA3NDA5ODEzMzQ0NTU5NDQzNDA3IiwiaGQiOiJwZXJjb25hLmNvbSIsImVtYWlsIjoiaW5lbC5wYW5kemljQHBlcmNvbmEuY29tIiwiZW1haWxfdmVyaWZpZWQiOnRydWUsImF0X2hhc2giOiI4V2MwYm1VdVVZSXlYVXFfdUl1NUFBIiwiaWF0IjoxNjg4MzMwMDM1LCJleHAiOjE2ODgzMzM2MzV9.Vzpe-HXmEwe4uUMQSRQDE-d6hzr0KimGLeKqOxDgmlJ2_LYA24rlW70lfKqYauYirZvhZYRojJ0pbk1ppyAXw7YekJWPc6d5QpkeWsVP9G05bu5qyPPddJBeYEPCLaTJ7mKL4m_ITZWNQv0MEpHSQseqxFqByTcRD07K-51U5fTc6XWvKsyzm8ZLdPQu5xjiEmrzled_9YwfTJ7IdGfUk4ab_dR32-2hI2flkOEvH0_xH38GYANjaO5wVEH0NUQfpFZkpoUJrhOPz72yPBS21Cf5x4FBhazQybOz_S92yUzNXgBcsGIvqblzxGpGqgAwV5RY7BbY-UhgbRp3h4sO6A",
    "token_expiry": "2023-07-02T21:33:54Z"
  },
  "sentinels": {
    "config_sentinel": "/Users/inelpandzic/.config/gcloud/config_sentinel"
  }
}
2023-07-02 22:33:55,415 INFO     ___FILE_ONLY___ 

2023-07-02 22:33:55,444 DEBUG    root            Metrics reporting process started...
