2022-11-24 02:32:43,561 DEBUG    root            Loaded Command Group: ['gcloud', 'config']
2022-11-24 02:32:43,562 DEBUG    root            Loaded Command Group: ['gcloud', 'config', 'config_helper']
2022-11-24 02:32:43,563 DEBUG    root            Running [gcloud.config.config-helper] with arguments: [--format: "json"]
2022-11-24 02:32:43,572 DEBUG    google.auth.transport.requests Making request: POST https://oauth2.googleapis.com/token
2022-11-24 02:32:43,585 DEBUG    urllib3.connectionpool Starting new HTTPS connection (1): oauth2.googleapis.com:443
2022-11-24 02:32:43,735 DEBUG    urllib3.connectionpool https://oauth2.googleapis.com:443 "POST /token HTTP/1.1" 200 None
2022-11-24 02:32:43,741 INFO     root            Display format: "default json"
2022-11-24 02:32:43,742 INFO     ___FILE_ONLY___ {
  "configuration": {
    "active_configuration": "percona-cloud-dev",
    "properties": {
      "core": {
        "account": "inel.pandzic@percona.com",
        "disable_usage_reporting": "False",
        "project": "cloud-dev-112233"
      }
    }
  },
  "credential": {
    "access_token": "ya29.a0AeTM1iekRe2Wx_TwOMuAuN4fjicXcYCrbWx91lgjOEJC5EbtZbqPdzKBlYxsyWJO5kkdHSmvh0hKPPiiRqCJQiQkKxsu6QvLx9_54KmKzSeAQc5EGFeYvJm1q9cjuYlcmLLTuIpytZ_ry7kF1ceGgjh5uYmAjRIxfwgrwSsaCgYKASUSARESFQHWtWOm9Q3LwcvJnytyL5QFg3CWZg0174",
    "id_token": "eyJhbGciOiJSUzI1NiIsImtpZCI6IjI3Yjg2ZGM2OTM4ZGMzMjdiMjA0MzMzYTI1MGViYjQzYjMyZTRiM2MiLCJ0eXAiOiJKV1QifQ.eyJpc3MiOiJodHRwczovL2FjY291bnRzLmdvb2dsZS5jb20iLCJhenAiOiIzMjU1NTk0MDU1OS5hcHBzLmdvb2dsZXVzZXJjb250ZW50LmNvbSIsImF1ZCI6IjMyNTU1OTQwNTU5LmFwcHMuZ29vZ2xldXNlcmNvbnRlbnQuY29tIiwic3ViIjoiMTA3NDA5ODEzMzQ0NTU5NDQzNDA3IiwiaGQiOiJwZXJjb25hLmNvbSIsImVtYWlsIjoiaW5lbC5wYW5kemljQHBlcmNvbmEuY29tIiwiZW1haWxfdmVyaWZpZWQiOnRydWUsImF0X2hhc2giOiJIZXI4ZGh6ZFItZ29PLU1IZ190dV9RIiwiaWF0IjoxNjY5MjUzNTYzLCJleHAiOjE2NjkyNTcxNjN9.fUvNAQLRBmF2Lt7Pb0UJ3uOuV1w2aSG6kAQRplXapeSPWpbOpMmu8ZwCqkYOSM62kTMuvHNLR0TIILNbvMjhhzWnbKY7GDMshKgCt1TeZtkVuUoNMWrsNTgXsyARmqnneP0EofEPG7NOVW_cehnlG2gf7QxJhXdlKEDnva9-UXVwpC_pCZJny45Nudvo48syc8K8AkgMBN5XWFQULWA6Y94pKlOu1FT9RnVRWx2MJ_3E2evMeaUIu6suEVAEQWtQkzZK63dw3AYOP0OIt7oNIScQ31HcGsZUIjaHJBKzw1G4Dbb9Ds_JND2Si6Th8jfexiq_spxuOsZxEuK-MVA7bA",
    "token_expiry": "2022-11-24T02:32:42Z"
  },
  "sentinels": {
    "config_sentinel": "/Users/inelpandzic/.config/gcloud/config_sentinel"
  }
}
2022-11-24 02:32:43,742 INFO     ___FILE_ONLY___ 

2022-11-24 02:32:43,753 DEBUG    root            Metrics reporting process started...
