2022-11-24 03:57:47,779 DEBUG    root            Loaded Command Group: ['gcloud', 'config']
2022-11-24 03:57:47,781 DEBUG    root            Loaded Command Group: ['gcloud', 'config', 'config_helper']
2022-11-24 03:57:47,781 DEBUG    root            Running [gcloud.config.config-helper] with arguments: [--format: "json"]
2022-11-24 03:57:47,793 DEBUG    google.auth.transport.requests Making request: POST https://oauth2.googleapis.com/token
2022-11-24 03:57:47,807 DEBUG    urllib3.connectionpool Starting new HTTPS connection (1): oauth2.googleapis.com:443
2022-11-24 03:57:47,960 DEBUG    urllib3.connectionpool https://oauth2.googleapis.com:443 "POST /token HTTP/1.1" 200 None
2022-11-24 03:57:47,967 INFO     root            Display format: "default json"
2022-11-24 03:57:47,967 INFO     ___FILE_ONLY___ {
  "configuration": {
    "active_configuration": "percona-cloud-dev",
    "properties": {
      "core": {
        "account": "inel.pandzic@percona.com",
        "disable_usage_reporting": "False",
        "project": "cloud-dev-112233"
      }
    }
  },
  "credential": {
    "access_token": "ya29.a0AeTM1icUQ_9QTjTTif-oJ_PAjYH3_eKKfw6xgTYz8yzjHPSDS1rwCF0Cy5genJJjyvyxMct3at3Dh1VqaarewFy1UjoTHLCR1elfnQ_mpy7I2nNZXhUNIQF2h78ZWZ6p10ww5T3beXuJEU00hp9O8DxKuPM4wQGONFaZZUEaCgYKAe4SARESFQHWtWOm-twCNRLA5VKcPmxYVEvW0Q0174",
    "id_token": "eyJhbGciOiJSUzI1NiIsImtpZCI6IjI3Yjg2ZGM2OTM4ZGMzMjdiMjA0MzMzYTI1MGViYjQzYjMyZTRiM2MiLCJ0eXAiOiJKV1QifQ.eyJpc3MiOiJodHRwczovL2FjY291bnRzLmdvb2dsZS5jb20iLCJhenAiOiIzMjU1NTk0MDU1OS5hcHBzLmdvb2dsZXVzZXJjb250ZW50LmNvbSIsImF1ZCI6IjMyNTU1OTQwNTU5LmFwcHMuZ29vZ2xldXNlcmNvbnRlbnQuY29tIiwic3ViIjoiMTA3NDA5ODEzMzQ0NTU5NDQzNDA3IiwiaGQiOiJwZXJjb25hLmNvbSIsImVtYWlsIjoiaW5lbC5wYW5kemljQHBlcmNvbmEuY29tIiwiZW1haWxfdmVyaWZpZWQiOnRydWUsImF0X2hhc2giOiJMTm5PSkU4cHNGbkJTR0FxQjBEYjB3IiwiaWF0IjoxNjY5MjU4NjY4LCJleHAiOjE2NjkyNjIyNjh9.WfZ1sXhcjdmdngKKCyZ9B5zfS7bQHl3hs1L7qYGIhQ5CmMrLAZUY7qdKHkxM62zE-AdJ9iokUeC_2Aup1oZyYd3i24XJ6lwiUx8XftLQia65OUT4tGZaoi7HCQ0mOo5FzHuULWXeCY4ItXeWehmbH_YtiHpv9YLtDKGbEkKr1-AVmtd5pcRNGPrjWxtwPXOf0ru2mRFcKXHTEeLteBwY0hYvazKVXpUaNx72jvQ3Db9S5G_LE8HS-3BcVFgWTKCUO-ua8PR2euibtLsdSAtvg7EcUF5BhnPQwQMQP1JugVa5L9gt0x5wO_HN7MyP9Isia8g5N5G9kJuqcCvG7VIbJQ",
    "token_expiry": "2022-11-24T03:57:46Z"
  },
  "sentinels": {
    "config_sentinel": "/Users/inelpandzic/.config/gcloud/config_sentinel"
  }
}
2022-11-24 03:57:47,967 INFO     ___FILE_ONLY___ 

2022-11-24 03:57:47,981 DEBUG    root            Metrics reporting process started...
