2022-11-24 05:07:01,983 DEBUG    root            Loaded Command Group: ['gcloud', 'config']
2022-11-24 05:07:01,984 DEBUG    root            Loaded Command Group: ['gcloud', 'config', 'config_helper']
2022-11-24 05:07:01,985 DEBUG    root            Running [gcloud.config.config-helper] with arguments: [--format: "json"]
2022-11-24 05:07:02,002 DEBUG    google.auth.transport.requests Making request: POST https://oauth2.googleapis.com/token
2022-11-24 05:07:02,015 DEBUG    urllib3.connectionpool Starting new HTTPS connection (1): oauth2.googleapis.com:443
2022-11-24 05:07:02,173 DEBUG    urllib3.connectionpool https://oauth2.googleapis.com:443 "POST /token HTTP/1.1" 200 None
2022-11-24 05:07:02,179 INFO     root            Display format: "default json"
2022-11-24 05:07:02,180 INFO     ___FILE_ONLY___ {
  "configuration": {
    "active_configuration": "percona-cloud-dev",
    "properties": {
      "core": {
        "account": "inel.pandzic@percona.com",
        "disable_usage_reporting": "False",
        "project": "cloud-dev-112233"
      }
    }
  },
  "credential": {
    "access_token": "ya29.a0AeTM1idJPX1TgjBERbf00JjU1YjhOvhyk3Rnv5xUx9Z3ceUfoufDJAg8VrQclFa2K1d3EY-FGVVBC36sQC4mW53lNhMG4A1of27XplAtLnDe-xFhkhhrjOmun989SiCkIDrpz0FYAVvsrwsJJ0rjzTn2p0CS94rCCqSFqi8aCgYKAZ4SARESFQHWtWOmvjZt2b3yrkKAhhSYJwnwVg0174",
    "id_token": "eyJhbGciOiJSUzI1NiIsImtpZCI6IjI3Yjg2ZGM2OTM4ZGMzMjdiMjA0MzMzYTI1MGViYjQzYjMyZTRiM2MiLCJ0eXAiOiJKV1QifQ.eyJpc3MiOiJodHRwczovL2FjY291bnRzLmdvb2dsZS5jb20iLCJhenAiOiIzMjU1NTk0MDU1OS5hcHBzLmdvb2dsZXVzZXJjb250ZW50LmNvbSIsImF1ZCI6IjMyNTU1OTQwNTU5LmFwcHMuZ29vZ2xldXNlcmNvbnRlbnQuY29tIiwic3ViIjoiMTA3NDA5ODEzMzQ0NTU5NDQzNDA3IiwiaGQiOiJwZXJjb25hLmNvbSIsImVtYWlsIjoiaW5lbC5wYW5kemljQHBlcmNvbmEuY29tIiwiZW1haWxfdmVyaWZpZWQiOnRydWUsImF0X2hhc2giOiJTaWZSM2ctbTVyMXBJVnEtaEJTaXpBIiwiaWF0IjoxNjY5MjYyODIyLCJleHAiOjE2NjkyNjY0MjJ9.kKUrcjotykXo8pddIQZ58l-mcUvWDVhzXfiYh45-1DjNqhV_0XaTgYwdTURXcRCj1lgxtTFiLx1WyDCwavRun5CIo9gyBWe5wuuNFEhUgkQqNR3mwujzTEnTEtjuCLjVxxWdFKJVxsELmG-tn_q8vQ1D_Byz0fJAPe934g8mEiD5u980Z2qb8hUYpFLhQrQdsKlSYLF2iYTW4hzOK-oCPrcsNKTha8_HkwpieWH8DatT1rwpRiu36662EkKGSOzkTybLcEFjJa-s9Qu7qZ6nl1i7RRUBaEdFVRM7e2PvJ8Q1FnT3dlCcbK3f7TTnkSChiCG6Mxd6VsF8si-qd1hGGQ",
    "token_expiry": "2022-11-24T05:07:01Z"
  },
  "sentinels": {
    "config_sentinel": "/Users/inelpandzic/.config/gcloud/config_sentinel"
  }
}
2022-11-24 05:07:02,180 INFO     ___FILE_ONLY___ 

2022-11-24 05:07:02,188 DEBUG    root            Metrics reporting process started...
