2022-11-24 09:03:29,639 DEBUG    root            Loaded Command Group: ['gcloud', 'container', 'clusters']
2022-11-24 09:03:29,641 DEBUG    root            Loaded Command Group: ['gcloud', 'container', 'clusters', 'list']
2022-11-24 09:03:29,654 DEBUG    root            Running [gcloud.container.clusters.list] with arguments: []
2022-11-24 09:03:29,700 DEBUG    urllib3.connectionpool Starting new HTTPS connection (1): container.googleapis.com:443
2022-11-24 09:03:30,342 DEBUG    urllib3.connectionpool https://container.googleapis.com:443 "GET /v1/projects/cloud-dev-112233/locations/-/clusters?alt=json HTTP/1.1" 200 None
2022-11-24 09:03:30,406 INFO     root            Display format: "
    table(
        name,
        zone:label=LOCATION,
        master_version():label=MASTER_VERSION,
        endpoint:label=MASTER_IP,
        nodePools[0].config.machineType,
        currentNodeVersion:label=NODE_VERSION,
        firstof(currentNodeCount,initialNodeCount):label=NUM_NODES,
        status
    )
"
2022-11-24 09:03:30,431 INFO     ___FILE_ONLY___ NAME
2022-11-24 09:03:30,431 INFO     ___FILE_ONLY___                                
2022-11-24 09:03:30,431 INFO     ___FILE_ONLY___ LOCATION
2022-11-24 09:03:30,431 INFO     ___FILE_ONLY___         
2022-11-24 09:03:30,431 INFO     ___FILE_ONLY___ MASTER_VERSION
2022-11-24 09:03:30,431 INFO     ___FILE_ONLY___                        
2022-11-24 09:03:30,431 INFO     ___FILE_ONLY___ MASTER_IP
2022-11-24 09:03:30,431 INFO     ___FILE_ONLY___        
2022-11-24 09:03:30,431 INFO     ___FILE_ONLY___ MACHINE_TYPE
2022-11-24 09:03:30,431 INFO     ___FILE_ONLY___    
2022-11-24 09:03:30,431 INFO     ___FILE_ONLY___ NODE_VERSION
2022-11-24 09:03:30,431 INFO     ___FILE_ONLY___       
2022-11-24 09:03:30,431 INFO     ___FILE_ONLY___ NUM_NODES
2022-11-24 09:03:30,431 INFO     ___FILE_ONLY___   
2022-11-24 09:03:30,431 INFO     ___FILE_ONLY___ STATUS
2022-11-24 09:03:30,431 INFO     ___FILE_ONLY___ 

2022-11-24 09:03:30,431 INFO     ___FILE_ONLY___ andrii-12763
2022-11-24 09:03:30,431 INFO     ___FILE_ONLY___                        
2022-11-24 09:03:30,431 INFO     ___FILE_ONLY___ europe-west1-c
2022-11-24 09:03:30,431 INFO     ___FILE_ONLY___   
2022-11-24 09:03:30,431 INFO     ___FILE_ONLY___ 1.21.14-gke.8500
2022-11-24 09:03:30,431 INFO     ___FILE_ONLY___                      
2022-11-24 09:03:30,431 INFO     ___FILE_ONLY___ 35.233.110.7
2022-11-24 09:03:30,431 INFO     ___FILE_ONLY___     
2022-11-24 09:03:30,431 INFO     ___FILE_ONLY___ n1-standard-4
2022-11-24 09:03:30,431 INFO     ___FILE_ONLY___   
2022-11-24 09:03:30,431 INFO     ___FILE_ONLY___ 1.21.14-gke.8500
2022-11-24 09:03:30,431 INFO     ___FILE_ONLY___   
2022-11-24 09:03:30,431 INFO     ___FILE_ONLY___ 3
2022-11-24 09:03:30,431 INFO     ___FILE_ONLY___           
2022-11-24 09:03:30,431 INFO     ___FILE_ONLY___ RUNNING
2022-11-24 09:03:30,431 INFO     ___FILE_ONLY___ 

2022-11-24 09:03:30,431 INFO     ___FILE_ONLY___ ege-26791
2022-11-24 09:03:30,432 INFO     ___FILE_ONLY___                           
2022-11-24 09:03:30,432 INFO     ___FILE_ONLY___ europe-west3
2022-11-24 09:03:30,432 INFO     ___FILE_ONLY___     
2022-11-24 09:03:30,432 INFO     ___FILE_ONLY___ 1.25.3-gke.800
2022-11-24 09:03:30,432 INFO     ___FILE_ONLY___                        
2022-11-24 09:03:30,432 INFO     ___FILE_ONLY___ 34.89.235.157
2022-11-24 09:03:30,432 INFO     ___FILE_ONLY___    
2022-11-24 09:03:30,432 INFO     ___FILE_ONLY___ n1-standard-4
2022-11-24 09:03:30,432 INFO     ___FILE_ONLY___   
2022-11-24 09:03:30,432 INFO     ___FILE_ONLY___ 1.25.3-gke.800
2022-11-24 09:03:30,432 INFO     ___FILE_ONLY___     
2022-11-24 09:03:30,432 INFO     ___FILE_ONLY___ 6
2022-11-24 09:03:30,432 INFO     ___FILE_ONLY___           
2022-11-24 09:03:30,432 INFO     ___FILE_ONLY___ RUNNING
2022-11-24 09:03:30,432 INFO     ___FILE_ONLY___ 

2022-11-24 09:03:30,432 INFO     ___FILE_ONLY___ slava-pxc
2022-11-24 09:03:30,432 INFO     ___FILE_ONLY___                           
2022-11-24 09:03:30,432 INFO     ___FILE_ONLY___ europe-west3-a
2022-11-24 09:03:30,432 INFO     ___FILE_ONLY___   
2022-11-24 09:03:30,432 INFO     ___FILE_ONLY___ 1.21.14-gke.8500
2022-11-24 09:03:30,432 INFO     ___FILE_ONLY___                      
2022-11-24 09:03:30,432 INFO     ___FILE_ONLY___ 34.159.69.246
2022-11-24 09:03:30,432 INFO     ___FILE_ONLY___    
2022-11-24 09:03:30,432 INFO     ___FILE_ONLY___ n1-standard-4
2022-11-24 09:03:30,432 INFO     ___FILE_ONLY___   
2022-11-24 09:03:30,432 INFO     ___FILE_ONLY___ 1.21.14-gke.8500
2022-11-24 09:03:30,432 INFO     ___FILE_ONLY___   
2022-11-24 09:03:30,432 INFO     ___FILE_ONLY___ 3
2022-11-24 09:03:30,432 INFO     ___FILE_ONLY___           
2022-11-24 09:03:30,432 INFO     ___FILE_ONLY___ RUNNING
2022-11-24 09:03:30,432 INFO     ___FILE_ONLY___ 

2022-11-24 09:03:30,432 INFO     ___FILE_ONLY___ inel-11734
2022-11-24 09:03:30,432 INFO     ___FILE_ONLY___                          
2022-11-24 09:03:30,432 INFO     ___FILE_ONLY___ europe-west3-b
2022-11-24 09:03:30,432 INFO     ___FILE_ONLY___   
2022-11-24 09:03:30,433 INFO     ___FILE_ONLY___ 1.21.14-gke.8500
2022-11-24 09:03:30,433 INFO     ___FILE_ONLY___                      
2022-11-24 09:03:30,433 INFO     ___FILE_ONLY___ 35.234.113.90
2022-11-24 09:03:30,433 INFO     ___FILE_ONLY___    
2022-11-24 09:03:30,433 INFO     ___FILE_ONLY___ n1-standard-4
2022-11-24 09:03:30,433 INFO     ___FILE_ONLY___   
2022-11-24 09:03:30,433 INFO     ___FILE_ONLY___ 1.21.14-gke.8500
2022-11-24 09:03:30,433 INFO     ___FILE_ONLY___   
2022-11-24 09:03:30,433 INFO     ___FILE_ONLY___ 3
2022-11-24 09:03:30,433 INFO     ___FILE_ONLY___           
2022-11-24 09:03:30,433 INFO     ___FILE_ONLY___ RUNNING
2022-11-24 09:03:30,433 INFO     ___FILE_ONLY___ 

2022-11-24 09:03:30,433 INFO     ___FILE_ONLY___ max-30844
2022-11-24 09:03:30,433 INFO     ___FILE_ONLY___                           
2022-11-24 09:03:30,433 INFO     ___FILE_ONLY___ europe-west3-b
2022-11-24 09:03:30,433 INFO     ___FILE_ONLY___   
2022-11-24 09:03:30,433 INFO     ___FILE_ONLY___ 1.22.12-gke.2300
2022-11-24 09:03:30,433 INFO     ___FILE_ONLY___                      
2022-11-24 09:03:30,433 INFO     ___FILE_ONLY___ 35.246.193.17
2022-11-24 09:03:30,433 INFO     ___FILE_ONLY___    
2022-11-24 09:03:30,433 INFO     ___FILE_ONLY___ n1-standard-4
2022-11-24 09:03:30,433 INFO     ___FILE_ONLY___   
2022-11-24 09:03:30,433 INFO     ___FILE_ONLY___ 1.22.12-gke.2300
2022-11-24 09:03:30,433 INFO     ___FILE_ONLY___   
2022-11-24 09:03:30,433 INFO     ___FILE_ONLY___ 3
2022-11-24 09:03:30,433 INFO     ___FILE_ONLY___           
2022-11-24 09:03:30,433 INFO     ___FILE_ONLY___ RUNNING
2022-11-24 09:03:30,433 INFO     ___FILE_ONLY___ 

2022-11-24 09:03:30,433 INFO     ___FILE_ONLY___ jen-pxc-1268-92af5482-31-cluster1
2022-11-24 09:03:30,433 INFO     ___FILE_ONLY___   
2022-11-24 09:03:30,433 INFO     ___FILE_ONLY___ us-central1-a
2022-11-24 09:03:30,433 INFO     ___FILE_ONLY___    
2022-11-24 09:03:30,433 INFO     ___FILE_ONLY___ 1.21.14-gke.8500
2022-11-24 09:03:30,433 INFO     ___FILE_ONLY___                      
2022-11-24 09:03:30,433 INFO     ___FILE_ONLY___ 34.66.137.144
2022-11-24 09:03:30,433 INFO     ___FILE_ONLY___    
2022-11-24 09:03:30,433 INFO     ___FILE_ONLY___ n1-standard-4
2022-11-24 09:03:30,433 INFO     ___FILE_ONLY___   
2022-11-24 09:03:30,433 INFO     ___FILE_ONLY___ 1.21.14-gke.8500
2022-11-24 09:03:30,433 INFO     ___FILE_ONLY___   
2022-11-24 09:03:30,433 INFO     ___FILE_ONLY___ 3
2022-11-24 09:03:30,433 INFO     ___FILE_ONLY___           
2022-11-24 09:03:30,433 INFO     ___FILE_ONLY___ RUNNING
2022-11-24 09:03:30,434 INFO     ___FILE_ONLY___ 

2022-11-24 09:03:30,434 INFO     ___FILE_ONLY___ jen-pxc-1268-92af5482-31-cluster2
2022-11-24 09:03:30,434 INFO     ___FILE_ONLY___   
2022-11-24 09:03:30,434 INFO     ___FILE_ONLY___ us-central1-a
2022-11-24 09:03:30,434 INFO     ___FILE_ONLY___    
2022-11-24 09:03:30,434 INFO     ___FILE_ONLY___ 1.21.14-gke.8500
2022-11-24 09:03:30,434 INFO     ___FILE_ONLY___                      
2022-11-24 09:03:30,434 INFO     ___FILE_ONLY___ 34.170.124.98
2022-11-24 09:03:30,434 INFO     ___FILE_ONLY___    
2022-11-24 09:03:30,434 INFO     ___FILE_ONLY___ n1-standard-4
2022-11-24 09:03:30,434 INFO     ___FILE_ONLY___   
2022-11-24 09:03:30,434 INFO     ___FILE_ONLY___ 1.21.14-gke.8500
2022-11-24 09:03:30,434 INFO     ___FILE_ONLY___   
2022-11-24 09:03:30,434 INFO     ___FILE_ONLY___ 3
2022-11-24 09:03:30,434 INFO     ___FILE_ONLY___           
2022-11-24 09:03:30,434 INFO     ___FILE_ONLY___ RUNNING
2022-11-24 09:03:30,434 INFO     ___FILE_ONLY___ 

2022-11-24 09:03:30,434 INFO     ___FILE_ONLY___ jen-pxc-1268-92af5482-31-cluster3
2022-11-24 09:03:30,434 INFO     ___FILE_ONLY___   
2022-11-24 09:03:30,434 INFO     ___FILE_ONLY___ us-central1-a
2022-11-24 09:03:30,434 INFO     ___FILE_ONLY___    
2022-11-24 09:03:30,434 INFO     ___FILE_ONLY___ 1.21.14-gke.8500
2022-11-24 09:03:30,434 INFO     ___FILE_ONLY___                      
2022-11-24 09:03:30,434 INFO     ___FILE_ONLY___ 35.194.24.43
2022-11-24 09:03:30,434 INFO     ___FILE_ONLY___     
2022-11-24 09:03:30,434 INFO     ___FILE_ONLY___ n1-standard-4
2022-11-24 09:03:30,434 INFO     ___FILE_ONLY___   
2022-11-24 09:03:30,434 INFO     ___FILE_ONLY___ 1.21.14-gke.8500
2022-11-24 09:03:30,434 INFO     ___FILE_ONLY___   
2022-11-24 09:03:30,434 INFO     ___FILE_ONLY___ 3
2022-11-24 09:03:30,434 INFO     ___FILE_ONLY___           
2022-11-24 09:03:30,434 INFO     ___FILE_ONLY___ RUNNING
2022-11-24 09:03:30,434 INFO     ___FILE_ONLY___ 

2022-11-24 09:03:30,434 INFO     ___FILE_ONLY___ jen-pxc-1268-92af5482-31-cluster4
2022-11-24 09:03:30,434 INFO     ___FILE_ONLY___   
2022-11-24 09:03:30,434 INFO     ___FILE_ONLY___ us-central1-a
2022-11-24 09:03:30,434 INFO     ___FILE_ONLY___    
2022-11-24 09:03:30,434 INFO     ___FILE_ONLY___ 1.21.14-gke.8500
2022-11-24 09:03:30,434 INFO     ___FILE_ONLY___                      
2022-11-24 09:03:30,434 INFO     ___FILE_ONLY___ 34.122.61.250
2022-11-24 09:03:30,434 INFO     ___FILE_ONLY___    
2022-11-24 09:03:30,434 INFO     ___FILE_ONLY___ n1-standard-4
2022-11-24 09:03:30,434 INFO     ___FILE_ONLY___   
2022-11-24 09:03:30,434 INFO     ___FILE_ONLY___ 1.21.14-gke.8500
2022-11-24 09:03:30,434 INFO     ___FILE_ONLY___   
2022-11-24 09:03:30,434 INFO     ___FILE_ONLY___ 3
2022-11-24 09:03:30,434 INFO     ___FILE_ONLY___           
2022-11-24 09:03:30,434 INFO     ___FILE_ONLY___ RUNNING
2022-11-24 09:03:30,434 INFO     ___FILE_ONLY___ 

2022-11-24 09:03:30,435 INFO     ___FILE_ONLY___ jen-pxc-1268-92af5482-31-cluster5
2022-11-24 09:03:30,435 INFO     ___FILE_ONLY___   
2022-11-24 09:03:30,435 INFO     ___FILE_ONLY___ us-central1-a
2022-11-24 09:03:30,435 INFO     ___FILE_ONLY___    
2022-11-24 09:03:30,435 INFO     ___FILE_ONLY___ 1.21.14-gke.8500
2022-11-24 09:03:30,435 INFO     ___FILE_ONLY___                      
2022-11-24 09:03:30,435 INFO     ___FILE_ONLY___ 130.211.232.81
2022-11-24 09:03:30,435 INFO     ___FILE_ONLY___   
2022-11-24 09:03:30,435 INFO     ___FILE_ONLY___ n1-standard-4
2022-11-24 09:03:30,435 INFO     ___FILE_ONLY___   
2022-11-24 09:03:30,435 INFO     ___FILE_ONLY___ 1.21.14-gke.8500
2022-11-24 09:03:30,435 INFO     ___FILE_ONLY___   
2022-11-24 09:03:30,435 INFO     ___FILE_ONLY___ 3
2022-11-24 09:03:30,435 INFO     ___FILE_ONLY___           
2022-11-24 09:03:30,435 INFO     ___FILE_ONLY___ RUNNING
2022-11-24 09:03:30,435 INFO     ___FILE_ONLY___ 

2022-11-24 09:03:30,435 INFO     ___FILE_ONLY___ jen-pxc-1268-92af5482-31-cluster6
2022-11-24 09:03:30,435 INFO     ___FILE_ONLY___   
2022-11-24 09:03:30,435 INFO     ___FILE_ONLY___ us-central1-a
2022-11-24 09:03:30,435 INFO     ___FILE_ONLY___    
2022-11-24 09:03:30,435 INFO     ___FILE_ONLY___ 1.21.14-gke.8500
2022-11-24 09:03:30,435 INFO     ___FILE_ONLY___                      
2022-11-24 09:03:30,435 INFO     ___FILE_ONLY___ 35.222.200.132
2022-11-24 09:03:30,435 INFO     ___FILE_ONLY___   
2022-11-24 09:03:30,435 INFO     ___FILE_ONLY___ n1-standard-4
2022-11-24 09:03:30,435 INFO     ___FILE_ONLY___   
2022-11-24 09:03:30,435 INFO     ___FILE_ONLY___ 1.21.14-gke.8500
2022-11-24 09:03:30,435 INFO     ___FILE_ONLY___   
2022-11-24 09:03:30,435 INFO     ___FILE_ONLY___ 3
2022-11-24 09:03:30,435 INFO     ___FILE_ONLY___           
2022-11-24 09:03:30,435 INFO     ___FILE_ONLY___ RUNNING
2022-11-24 09:03:30,435 INFO     ___FILE_ONLY___ 

2022-11-24 09:03:30,435 INFO     ___FILE_ONLY___ jen-pxc-1268-92af5482-31-cluster7
2022-11-24 09:03:30,435 INFO     ___FILE_ONLY___   
2022-11-24 09:03:30,435 INFO     ___FILE_ONLY___ us-central1-a
2022-11-24 09:03:30,435 INFO     ___FILE_ONLY___    
2022-11-24 09:03:30,435 INFO     ___FILE_ONLY___ 1.21.14-gke.8500
2022-11-24 09:03:30,435 INFO     ___FILE_ONLY___                      
2022-11-24 09:03:30,435 INFO     ___FILE_ONLY___ 35.232.88.148
2022-11-24 09:03:30,435 INFO     ___FILE_ONLY___    
2022-11-24 09:03:30,435 INFO     ___FILE_ONLY___ n1-standard-4
2022-11-24 09:03:30,435 INFO     ___FILE_ONLY___   
2022-11-24 09:03:30,435 INFO     ___FILE_ONLY___ 1.21.14-gke.8500
2022-11-24 09:03:30,435 INFO     ___FILE_ONLY___   
2022-11-24 09:03:30,435 INFO     ___FILE_ONLY___ 3
2022-11-24 09:03:30,435 INFO     ___FILE_ONLY___           
2022-11-24 09:03:30,435 INFO     ___FILE_ONLY___ RUNNING
2022-11-24 09:03:30,435 INFO     ___FILE_ONLY___ 

2022-11-24 09:03:30,435 INFO     ___FILE_ONLY___ jen-pxc-1268-92af5482-31-cluster8
2022-11-24 09:03:30,435 INFO     ___FILE_ONLY___   
2022-11-24 09:03:30,435 INFO     ___FILE_ONLY___ us-central1-a
2022-11-24 09:03:30,436 INFO     ___FILE_ONLY___    
2022-11-24 09:03:30,436 INFO     ___FILE_ONLY___ 1.21.14-gke.8500
2022-11-24 09:03:30,436 INFO     ___FILE_ONLY___                      
2022-11-24 09:03:30,436 INFO     ___FILE_ONLY___ 34.69.173.197
2022-11-24 09:03:30,436 INFO     ___FILE_ONLY___    
2022-11-24 09:03:30,436 INFO     ___FILE_ONLY___ n1-standard-4
2022-11-24 09:03:30,436 INFO     ___FILE_ONLY___   
2022-11-24 09:03:30,436 INFO     ___FILE_ONLY___ 1.21.14-gke.8500
2022-11-24 09:03:30,436 INFO     ___FILE_ONLY___   
2022-11-24 09:03:30,436 INFO     ___FILE_ONLY___ 3
2022-11-24 09:03:30,436 INFO     ___FILE_ONLY___           
2022-11-24 09:03:30,436 INFO     ___FILE_ONLY___ RUNNING
2022-11-24 09:03:30,436 INFO     ___FILE_ONLY___ 

2022-11-24 09:03:30,436 INFO     ___FILE_ONLY___ jen-pxc-1268-92af5482-31-cluster9
2022-11-24 09:03:30,436 INFO     ___FILE_ONLY___   
2022-11-24 09:03:30,436 INFO     ___FILE_ONLY___ us-central1-a
2022-11-24 09:03:30,436 INFO     ___FILE_ONLY___    
2022-11-24 09:03:30,436 INFO     ___FILE_ONLY___ 1.21.14-gke.8500
2022-11-24 09:03:30,436 INFO     ___FILE_ONLY___                      
2022-11-24 09:03:30,436 INFO     ___FILE_ONLY___ 34.172.140.135
2022-11-24 09:03:30,436 INFO     ___FILE_ONLY___   
2022-11-24 09:03:30,436 INFO     ___FILE_ONLY___ n1-standard-4
2022-11-24 09:03:30,436 INFO     ___FILE_ONLY___   
2022-11-24 09:03:30,436 INFO     ___FILE_ONLY___ 1.21.14-gke.8500
2022-11-24 09:03:30,436 INFO     ___FILE_ONLY___   
2022-11-24 09:03:30,436 INFO     ___FILE_ONLY___ 3
2022-11-24 09:03:30,436 INFO     ___FILE_ONLY___           
2022-11-24 09:03:30,436 INFO     ___FILE_ONLY___ RUNNING
2022-11-24 09:03:30,436 INFO     ___FILE_ONLY___ 

2022-11-24 09:03:30,436 INFO     ___FILE_ONLY___ jenkins-pso-ca58ef8-cluster1
2022-11-24 09:03:30,436 INFO     ___FILE_ONLY___        
2022-11-24 09:03:30,436 INFO     ___FILE_ONLY___ us-central1-a
2022-11-24 09:03:30,436 INFO     ___FILE_ONLY___    
2022-11-24 09:03:30,436 INFO     ___FILE_ONLY___ 1.21.14-gke.9500 (! 11 days left !)
2022-11-24 09:03:30,436 INFO     ___FILE_ONLY___   
2022-11-24 09:03:30,436 INFO     ___FILE_ONLY___ 104.197.27.125
2022-11-24 09:03:30,436 INFO     ___FILE_ONLY___   
2022-11-24 09:03:30,436 INFO     ___FILE_ONLY___ n1-standard-4
2022-11-24 09:03:30,436 INFO     ___FILE_ONLY___   
2022-11-24 09:03:30,436 INFO     ___FILE_ONLY___ 1.21.14-gke.9500
2022-11-24 09:03:30,436 INFO     ___FILE_ONLY___   
2022-11-24 09:03:30,436 INFO     ___FILE_ONLY___ 3
2022-11-24 09:03:30,436 INFO     ___FILE_ONLY___           
2022-11-24 09:03:30,436 INFO     ___FILE_ONLY___ ERROR
2022-11-24 09:03:30,436 INFO     ___FILE_ONLY___ 

2022-11-24 09:03:30,436 INFO     ___FILE_ONLY___ plavi-1244
2022-11-24 09:03:30,436 INFO     ___FILE_ONLY___                          
2022-11-24 09:03:30,436 INFO     ___FILE_ONLY___ us-central1-a
2022-11-24 09:03:30,436 INFO     ___FILE_ONLY___    
2022-11-24 09:03:30,437 INFO     ___FILE_ONLY___ 1.24.6-gke.1500
2022-11-24 09:03:30,437 INFO     ___FILE_ONLY___                       
2022-11-24 09:03:30,437 INFO     ___FILE_ONLY___ 34.72.160.58
2022-11-24 09:03:30,437 INFO     ___FILE_ONLY___     
2022-11-24 09:03:30,437 INFO     ___FILE_ONLY___ n1-standard-4
2022-11-24 09:03:30,437 INFO     ___FILE_ONLY___   
2022-11-24 09:03:30,437 INFO     ___FILE_ONLY___ 1.24.6-gke.1500
2022-11-24 09:03:30,437 INFO     ___FILE_ONLY___    
2022-11-24 09:03:30,437 INFO     ___FILE_ONLY___ 3
2022-11-24 09:03:30,437 INFO     ___FILE_ONLY___           
2022-11-24 09:03:30,437 INFO     ___FILE_ONLY___ RUNNING
2022-11-24 09:03:30,437 INFO     ___FILE_ONLY___ 

2022-11-24 09:03:30,437 INFO     ___FILE_ONLY___ natali-22
2022-11-24 09:03:30,437 INFO     ___FILE_ONLY___                           
2022-11-24 09:03:30,437 INFO     ___FILE_ONLY___ us-central1-c
2022-11-24 09:03:30,437 INFO     ___FILE_ONLY___    
2022-11-24 09:03:30,437 INFO     ___FILE_ONLY___ 1.22.15-gke.2500
2022-11-24 09:03:30,437 INFO     ___FILE_ONLY___                      
2022-11-24 09:03:30,437 INFO     ___FILE_ONLY___ 34.134.233.178
2022-11-24 09:03:30,437 INFO     ___FILE_ONLY___   
2022-11-24 09:03:30,437 INFO     ___FILE_ONLY___ n1-standard-4
2022-11-24 09:03:30,437 INFO     ___FILE_ONLY___   
2022-11-24 09:03:30,437 INFO     ___FILE_ONLY___ 1.22.15-gke.2500
2022-11-24 09:03:30,437 INFO     ___FILE_ONLY___   
2022-11-24 09:03:30,437 INFO     ___FILE_ONLY___ 3
2022-11-24 09:03:30,437 INFO     ___FILE_ONLY___           
2022-11-24 09:03:30,437 INFO     ___FILE_ONLY___ RUNNING
2022-11-24 09:03:30,437 INFO     ___FILE_ONLY___ 

2022-11-24 09:03:30,437 INFO     ___FILE_ONLY___ natali-22-1
2022-11-24 09:03:30,437 INFO     ___FILE_ONLY___                         
2022-11-24 09:03:30,437 INFO     ___FILE_ONLY___ us-central1-c
2022-11-24 09:03:30,437 INFO     ___FILE_ONLY___    
2022-11-24 09:03:30,437 INFO     ___FILE_ONLY___ 1.24.7-gke.900
2022-11-24 09:03:30,437 INFO     ___FILE_ONLY___                        
2022-11-24 09:03:30,437 INFO     ___FILE_ONLY___ 34.72.255.191
2022-11-24 09:03:30,437 INFO     ___FILE_ONLY___    
2022-11-24 09:03:30,437 INFO     ___FILE_ONLY___ n1-standard-4
2022-11-24 09:03:30,437 INFO     ___FILE_ONLY___   
2022-11-24 09:03:30,437 INFO     ___FILE_ONLY___ 1.24.7-gke.900
2022-11-24 09:03:30,437 INFO     ___FILE_ONLY___     
2022-11-24 09:03:30,437 INFO     ___FILE_ONLY___ 3
2022-11-24 09:03:30,437 INFO     ___FILE_ONLY___           
2022-11-24 09:03:30,437 INFO     ___FILE_ONLY___ RUNNING
2022-11-24 09:03:30,437 INFO     ___FILE_ONLY___ 

2022-11-24 09:03:30,438 WARNING  root            
! One or more clusters are approaching expiration and will be deleted.

2022-11-24 09:03:30,438 INFO     ___FILE_ONLY___ 

Updates are available for some Google Cloud CLI components.  To install them,
please run:
  $ gcloud components update


2022-11-24 09:03:30,444 DEBUG    root            Metrics reporting process started...
