2022-11-24 09:03:18,846 DEBUG    root            Loaded Command Group: ['gcloud', 'config']
2022-11-24 09:03:18,848 DEBUG    root            Loaded Command Group: ['gcloud', 'config', 'config_helper']
2022-11-24 09:03:18,848 DEBUG    root            Running [gcloud.config.config-helper] with arguments: [--format: "json"]
2022-11-24 09:03:18,875 DEBUG    google.auth.transport.requests Making request: POST https://oauth2.googleapis.com/token
2022-11-24 09:03:18,886 DEBUG    urllib3.connectionpool Starting new HTTPS connection (1): oauth2.googleapis.com:443
2022-11-24 09:03:19,057 DEBUG    urllib3.connectionpool https://oauth2.googleapis.com:443 "POST /token HTTP/1.1" 200 None
2022-11-24 09:03:19,061 INFO     root            Display format: "default json"
2022-11-24 09:03:19,061 INFO     ___FILE_ONLY___ {
  "configuration": {
    "active_configuration": "percona-cloud-dev",
    "properties": {
      "core": {
        "account": "inel.pandzic@percona.com",
        "disable_usage_reporting": "False",
        "project": "cloud-dev-112233"
      }
    }
  },
  "credential": {
    "access_token": "ya29.a0AeTM1ifhiNBOfL6iXHHmurXeshFVnEjlHENx06TggXGmRMkwZDZxovK-Sqyg0giuBLgAgZYTTw5p5ZI8Oi5m3b5fhB6bP4ZXNkY5uZ-tktOHkspGzv-2AJL73GAdxX52mC9ZIJ2vxQ0VjdlhHBmHjQMQg1ZvOrxzfX3lxu0aCgYKAScSARESFQHWtWOmBnOK0jkXlz9j8CxUYeOrbA0174",
    "id_token": "eyJhbGciOiJSUzI1NiIsImtpZCI6IjI3Yjg2ZGM2OTM4ZGMzMjdiMjA0MzMzYTI1MGViYjQzYjMyZTRiM2MiLCJ0eXAiOiJKV1QifQ.eyJpc3MiOiJodHRwczovL2FjY291bnRzLmdvb2dsZS5jb20iLCJhenAiOiIzMjU1NTk0MDU1OS5hcHBzLmdvb2dsZXVzZXJjb250ZW50LmNvbSIsImF1ZCI6IjMyNTU1OTQwNTU5LmFwcHMuZ29vZ2xldXNlcmNvbnRlbnQuY29tIiwic3ViIjoiMTA3NDA5ODEzMzQ0NTU5NDQzNDA3IiwiaGQiOiJwZXJjb25hLmNvbSIsImVtYWlsIjoiaW5lbC5wYW5kemljQHBlcmNvbmEuY29tIiwiZW1haWxfdmVyaWZpZWQiOnRydWUsImF0X2hhc2giOiJIeC1pLXo3b0N6dnMzYUJucW1FOHBRIiwiaWF0IjoxNjY5Mjc2OTk5LCJleHAiOjE2NjkyODA1OTl9.RHRW-2Xu1Atb5xA7iHs22ZA1Tcu27HJYww7tde47BL-MTOyhMZhQw17hPiS2Zuh_dYgliv8i1tm4-GkQSp13IcoemX9nYfPMuAD5E_K_thD7fgJlgpjTtq52Q0Yh0Fo_E51mjtCDiCCApJHrxkLDfNfWyFU5oDku3GZYHoVEiegBZs7YAYtQo79ifr0t6bG3x-uNqO7fLzmT02qVjl7DSiKN74MfPodIwsPko-XvbpiFwd38Fk0jSz6MEKHSGhFRYeSXCegBpk3BTFzFSeMAkOPWVSWDJHm6dHuwpKENsdmxEhQJr8GgiIQsY3Htv4R4LdPV1lpVNGThTdS_FTP4bQ",
    "token_expiry": "2022-11-24T09:03:18Z"
  },
  "sentinels": {
    "config_sentinel": "/Users/inelpandzic/.config/gcloud/config_sentinel"
  }
}
2022-11-24 09:03:19,061 INFO     ___FILE_ONLY___ 

2022-11-24 09:03:19,067 DEBUG    root            Metrics reporting process started...
