2022-11-24 10:29:20,440 DEBUG    root            Loaded Command Group: ['gcloud', 'config']
2022-11-24 10:29:20,442 DEBUG    root            Loaded Command Group: ['gcloud', 'config', 'config_helper']
2022-11-24 10:29:20,442 DEBUG    root            Running [gcloud.config.config-helper] with arguments: [--format: "json"]
2022-11-24 10:29:20,461 DEBUG    google.auth.transport.requests Making request: POST https://oauth2.googleapis.com/token
2022-11-24 10:29:20,475 DEBUG    urllib3.connectionpool Starting new HTTPS connection (1): oauth2.googleapis.com:443
2022-11-24 10:29:20,631 DEBUG    urllib3.connectionpool https://oauth2.googleapis.com:443 "POST /token HTTP/1.1" 200 None
2022-11-24 10:29:20,651 INFO     root            Display format: "default json"
2022-11-24 10:29:20,651 INFO     ___FILE_ONLY___ {
  "configuration": {
    "active_configuration": "percona-cloud-dev",
    "properties": {
      "core": {
        "account": "inel.pandzic@percona.com",
        "disable_usage_reporting": "False",
        "project": "cloud-dev-112233"
      }
    }
  },
  "credential": {
    "access_token": "ya29.a0AeTM1icrZEtYch6TQbw_dEWbPn1bP8cjgz0tSG_-X2t9lneJHuFJCNc5_jeAtAmL75B3XoKiTFq4qT8VWL1T00-6ulTmwTISB5mZSBKgtwuV-N5nKkJ3DCj8UhPIzfuIpE_bUAvpa1v5YnUG-fVuTWNmf_1IJ-27aliHH14aCgYKAd4SARESFQHWtWOmTFfjGgSZmqryVj0SUzqpTg0174",
    "id_token": "eyJhbGciOiJSUzI1NiIsImtpZCI6IjI3Yjg2ZGM2OTM4ZGMzMjdiMjA0MzMzYTI1MGViYjQzYjMyZTRiM2MiLCJ0eXAiOiJKV1QifQ.eyJpc3MiOiJodHRwczovL2FjY291bnRzLmdvb2dsZS5jb20iLCJhenAiOiIzMjU1NTk0MDU1OS5hcHBzLmdvb2dsZXVzZXJjb250ZW50LmNvbSIsImF1ZCI6IjMyNTU1OTQwNTU5LmFwcHMuZ29vZ2xldXNlcmNvbnRlbnQuY29tIiwic3ViIjoiMTA3NDA5ODEzMzQ0NTU5NDQzNDA3IiwiaGQiOiJwZXJjb25hLmNvbSIsImVtYWlsIjoiaW5lbC5wYW5kemljQHBlcmNvbmEuY29tIiwiZW1haWxfdmVyaWZpZWQiOnRydWUsImF0X2hhc2giOiJBVjFhbV9kS01KWFU4dmVQN2VXMjZnIiwiaWF0IjoxNjY5MjgyMTYwLCJleHAiOjE2NjkyODU3NjB9.UkbpcPRgHtnOBapqHvz2nmatNc_Wc0utekgVXAJ83HRxwYZiTi6JGX2m4EsDmx_2RonZ-UayVdxjfH8UWDGJjWXp7E55ApknadeQzuQveWniHOuL63xoRAxWMdtiTXLKo-hVNy1tfNAdnLn5Ik-c_SbNVMg_kdMkETa4MwYtwzawTF9x5oX5gMkoGxlYP72RugmV_WBDzJgjgt8UQTt9V_JMfSovZbKt7PIyMBEqgSs6lWDxnXP0BDrEJOMeLwPdSybMaoTcBtbPndA0UhsEZRNflbMmWpbc_s_bGFeev1DOHLeUY1WERC7Yj-X6INSq_IDrG8CfDjQGzNVYM_8ODg",
    "token_expiry": "2022-11-24T10:29:19Z"
  },
  "sentinels": {
    "config_sentinel": "/Users/inelpandzic/.config/gcloud/config_sentinel"
  }
}
2022-11-24 10:29:20,651 INFO     ___FILE_ONLY___ 

2022-11-24 10:29:20,662 DEBUG    root            Metrics reporting process started...
