2023-12-16 12:47:15,803 DEBUG    root            Loaded Command Group: ['gcloud', 'config']
2023-12-16 12:47:15,805 DEBUG    root            Loaded Command Group: ['gcloud', 'config', 'config_helper']
2023-12-16 12:47:15,806 DEBUG    root            Running [gcloud.config.config-helper] with arguments: [--format: "json"]
2023-12-16 12:47:15,809 DEBUG    root            Chosen display Format:default json
2023-12-16 12:47:15,809 INFO     root            Display format: "default json"
2023-12-16 12:47:15,809 INFO     ___FILE_ONLY___ {
  "configuration": {
    "active_configuration": "percona-cloud-dev",
    "properties": {
      "core": {
        "account": "inel.pandzic@percona.com",
        "disable_usage_reporting": "False",
        "project": "cloud-dev-112233"
      }
    }
  },
  "credential": {
    "access_token": "ya29.a0AfB_byAQLyFmEEEWKx0Z4VM49xRHQ-aFQAvg_OJDG0tsyzh2NEaJjqdhFOI8lpq1oFdRs9Jc1EUGDhjptQDJZ4VUxJZz0ICteGymoKdneKdHtV3W4nU9vywnV9ctQRKTZhMlDaXKLNxRrWg7VGHobUqmce7W-sXXfwK532Lq_R2kaCgYKAQESARESFQHGX2MiP8h1hvyOrHqZPB7G_ekiQw0179",
    "id_token": "eyJhbGciOiJSUzI1NiIsImtpZCI6IjBhZDFmZWM3ODUwNGY0NDdiYWU2NWJjZjVhZmFlZGI2NWVlYzllODEiLCJ0eXAiOiJKV1QifQ.eyJpc3MiOiJodHRwczovL2FjY291bnRzLmdvb2dsZS5jb20iLCJhenAiOiIzMjU1NTk0MDU1OS5hcHBzLmdvb2dsZXVzZXJjb250ZW50LmNvbSIsImF1ZCI6IjMyNTU1OTQwNTU5LmFwcHMuZ29vZ2xldXNlcmNvbnRlbnQuY29tIiwic3ViIjoiMTA3NDA5ODEzMzQ0NTU5NDQzNDA3IiwiaGQiOiJwZXJjb25hLmNvbSIsImVtYWlsIjoiaW5lbC5wYW5kemljQHBlcmNvbmEuY29tIiwiZW1haWxfdmVyaWZpZWQiOnRydWUsImF0X2hhc2giOiIwb3U5TnpOT3BuZjV4czQ5dGp6S09nIiwiaWF0IjoxNzAyNzI2ODI3LCJleHAiOjE3MDI3MzA0Mjd9.O9NYzS5y5DOtVg3ucjmsc3Jk7atkZW2YGOHv74r0StGNhizMkcL_3rsVXuYEu4gphfdWUQcDHN47VL9Sj8FL-Pdb9cb2W8sxdJSg51_Rj3xbpkr7GPkOtqd6BhW3iFQwzdvU_4lpYZQgmLHxqiqaeZlxzdz-4WGHV-X3IcXDJ6hl6yXhVh8w9xl7s2OEnvoKQoTPu0UyMfuR8hS0CaEVFK9YNPzA2zjOnIYQATGXkZOeEA0DjeB5yOjhCEuXVd4xiGm6x_lps-b9c113mYaHWisocNZrxpuIa55KOlXBUCjNTZlj9LOnz74YUWF62ro2WkLHyf1PVz1WoFCqa0QXaQ",
    "token_expiry": "2023-12-16T12:40:26Z"
  },
  "sentinels": {
    "config_sentinel": "/Users/inelpandzic/.config/gcloud/config_sentinel"
  }
}
2023-12-16 12:47:15,809 INFO     ___FILE_ONLY___ 

2023-12-16 12:47:15,813 DEBUG    root            Metrics reporting process started...
