2022-11-04 09:01:53,594 DEBUG    root            Loaded Command Group: ['gcloud', 'container', 'clusters']
2022-11-04 09:01:53,596 DEBUG    root            Loaded Command Group: ['gcloud', 'container', 'clusters', 'list']
2022-11-04 09:01:53,616 DEBUG    root            Running [gcloud.container.clusters.list] with arguments: []
2022-11-04 09:01:53,665 DEBUG    urllib3.connectionpool Starting new HTTPS connection (1): container.googleapis.com:443
2022-11-04 09:01:54,287 DEBUG    urllib3.connectionpool https://container.googleapis.com:443 "GET /v1/projects/cloud-dev-112233/locations/-/clusters?alt=json HTTP/1.1" 200 None
2022-11-04 09:01:54,342 INFO     root            Display format: "
    table(
        name,
        zone:label=LOCATION,
        master_version():label=MASTER_VERSION,
        endpoint:label=MASTER_IP,
        nodePools[0].config.machineType,
        currentNodeVersion:label=NODE_VERSION,
        firstof(currentNodeCount,initialNodeCount):label=NUM_NODES,
        status
    )
"
2022-11-04 09:01:54,363 INFO     ___FILE_ONLY___ NAME
2022-11-04 09:01:54,364 INFO     ___FILE_ONLY___                                
2022-11-04 09:01:54,364 INFO     ___FILE_ONLY___ LOCATION
2022-11-04 09:01:54,364 INFO     ___FILE_ONLY___         
2022-11-04 09:01:54,364 INFO     ___FILE_ONLY___ MASTER_VERSION
2022-11-04 09:01:54,364 INFO     ___FILE_ONLY___     
2022-11-04 09:01:54,364 INFO     ___FILE_ONLY___ MASTER_IP
2022-11-04 09:01:54,364 INFO     ___FILE_ONLY___         
2022-11-04 09:01:54,364 INFO     ___FILE_ONLY___ MACHINE_TYPE
2022-11-04 09:01:54,364 INFO     ___FILE_ONLY___    
2022-11-04 09:01:54,364 INFO     ___FILE_ONLY___ NODE_VERSION
2022-11-04 09:01:54,364 INFO     ___FILE_ONLY___         
2022-11-04 09:01:54,364 INFO     ___FILE_ONLY___ NUM_NODES
2022-11-04 09:01:54,364 INFO     ___FILE_ONLY___   
2022-11-04 09:01:54,364 INFO     ___FILE_ONLY___ STATUS
2022-11-04 09:01:54,364 INFO     ___FILE_ONLY___ 

2022-11-04 09:01:54,364 INFO     ___FILE_ONLY___ ondrei-13193
2022-11-04 09:01:54,364 INFO     ___FILE_ONLY___                        
2022-11-04 09:01:54,364 INFO     ___FILE_ONLY___ europe-west1-c
2022-11-04 09:01:54,364 INFO     ___FILE_ONLY___   
2022-11-04 09:01:54,364 INFO     ___FILE_ONLY___ 1.22.12-gke.2300
2022-11-04 09:01:54,364 INFO     ___FILE_ONLY___   
2022-11-04 09:01:54,364 INFO     ___FILE_ONLY___ 104.155.15.56
2022-11-04 09:01:54,364 INFO     ___FILE_ONLY___     
2022-11-04 09:01:54,364 INFO     ___FILE_ONLY___ n1-standard-4
2022-11-04 09:01:54,364 INFO     ___FILE_ONLY___   
2022-11-04 09:01:54,364 INFO     ___FILE_ONLY___ 1.21.14-gke.8500 *
2022-11-04 09:01:54,364 INFO     ___FILE_ONLY___   
2022-11-04 09:01:54,364 INFO     ___FILE_ONLY___ 3
2022-11-04 09:01:54,364 INFO     ___FILE_ONLY___           
2022-11-04 09:01:54,364 INFO     ___FILE_ONLY___ RUNNING
2022-11-04 09:01:54,364 INFO     ___FILE_ONLY___ 

2022-11-04 09:01:54,364 INFO     ___FILE_ONLY___ slava-pxc
2022-11-04 09:01:54,364 INFO     ___FILE_ONLY___                           
2022-11-04 09:01:54,364 INFO     ___FILE_ONLY___ europe-west3-a
2022-11-04 09:01:54,364 INFO     ___FILE_ONLY___   
2022-11-04 09:01:54,364 INFO     ___FILE_ONLY___ 1.23.12-gke.1600
2022-11-04 09:01:54,364 INFO     ___FILE_ONLY___   
2022-11-04 09:01:54,364 INFO     ___FILE_ONLY___ 34.141.61.47
2022-11-04 09:01:54,364 INFO     ___FILE_ONLY___      
2022-11-04 09:01:54,364 INFO     ___FILE_ONLY___ n1-standard-4
2022-11-04 09:01:54,364 INFO     ___FILE_ONLY___   
2022-11-04 09:01:54,365 INFO     ___FILE_ONLY___ 1.23.12-gke.1600
2022-11-04 09:01:54,365 INFO     ___FILE_ONLY___     
2022-11-04 09:01:54,365 INFO     ___FILE_ONLY___ 3
2022-11-04 09:01:54,365 INFO     ___FILE_ONLY___           
2022-11-04 09:01:54,365 INFO     ___FILE_ONLY___ RUNNING
2022-11-04 09:01:54,365 INFO     ___FILE_ONLY___ 

2022-11-04 09:01:54,365 INFO     ___FILE_ONLY___ inel-27793
2022-11-04 09:01:54,365 INFO     ___FILE_ONLY___                          
2022-11-04 09:01:54,365 INFO     ___FILE_ONLY___ europe-west3-b
2022-11-04 09:01:54,365 INFO     ___FILE_ONLY___   
2022-11-04 09:01:54,365 INFO     ___FILE_ONLY___ 1.21.14-gke.8500
2022-11-04 09:01:54,365 INFO     ___FILE_ONLY___   
2022-11-04 09:01:54,365 INFO     ___FILE_ONLY___ 34.107.48.19
2022-11-04 09:01:54,365 INFO     ___FILE_ONLY___      
2022-11-04 09:01:54,365 INFO     ___FILE_ONLY___ n1-standard-4
2022-11-04 09:01:54,365 INFO     ___FILE_ONLY___   
2022-11-04 09:01:54,365 INFO     ___FILE_ONLY___ 1.21.14-gke.8500
2022-11-04 09:01:54,365 INFO     ___FILE_ONLY___     
2022-11-04 09:01:54,365 INFO     ___FILE_ONLY___ 3
2022-11-04 09:01:54,365 INFO     ___FILE_ONLY___           
2022-11-04 09:01:54,365 INFO     ___FILE_ONLY___ RUNNING
2022-11-04 09:01:54,365 INFO     ___FILE_ONLY___ 

2022-11-04 09:01:54,365 INFO     ___FILE_ONLY___ max-30844
2022-11-04 09:01:54,365 INFO     ___FILE_ONLY___                           
2022-11-04 09:01:54,365 INFO     ___FILE_ONLY___ europe-west3-b
2022-11-04 09:01:54,365 INFO     ___FILE_ONLY___   
2022-11-04 09:01:54,365 INFO     ___FILE_ONLY___ 1.22.12-gke.2300
2022-11-04 09:01:54,365 INFO     ___FILE_ONLY___   
2022-11-04 09:01:54,365 INFO     ___FILE_ONLY___ 35.246.193.17
2022-11-04 09:01:54,365 INFO     ___FILE_ONLY___     
2022-11-04 09:01:54,365 INFO     ___FILE_ONLY___ n1-standard-4
2022-11-04 09:01:54,365 INFO     ___FILE_ONLY___   
2022-11-04 09:01:54,365 INFO     ___FILE_ONLY___ 1.21.14-gke.2700 *
2022-11-04 09:01:54,365 INFO     ___FILE_ONLY___   
2022-11-04 09:01:54,365 INFO     ___FILE_ONLY___ 3
2022-11-04 09:01:54,365 INFO     ___FILE_ONLY___           
2022-11-04 09:01:54,365 INFO     ___FILE_ONLY___ RUNNING
2022-11-04 09:01:54,365 INFO     ___FILE_ONLY___ 

2022-11-04 09:01:54,365 INFO     ___FILE_ONLY___ jen-pxc-1243-9e7f74a2-51-cluster6
2022-11-04 09:01:54,365 INFO     ___FILE_ONLY___   
2022-11-04 09:01:54,365 INFO     ___FILE_ONLY___ us-central1-a
2022-11-04 09:01:54,365 INFO     ___FILE_ONLY___    
2022-11-04 09:01:54,365 INFO     ___FILE_ONLY___ 1.21.14-gke.8500
2022-11-04 09:01:54,365 INFO     ___FILE_ONLY___   
2022-11-04 09:01:54,366 INFO     ___FILE_ONLY___ 34.121.240.67
2022-11-04 09:01:54,366 INFO     ___FILE_ONLY___     
2022-11-04 09:01:54,366 INFO     ___FILE_ONLY___ n1-standard-4
2022-11-04 09:01:54,366 INFO     ___FILE_ONLY___   
2022-11-04 09:01:54,366 INFO     ___FILE_ONLY___ 1.21.14-gke.8500
2022-11-04 09:01:54,366 INFO     ___FILE_ONLY___     
2022-11-04 09:01:54,366 INFO     ___FILE_ONLY___ 3
2022-11-04 09:01:54,366 INFO     ___FILE_ONLY___           
2022-11-04 09:01:54,366 INFO     ___FILE_ONLY___ RUNNING
2022-11-04 09:01:54,366 INFO     ___FILE_ONLY___ 

2022-11-04 09:01:54,366 INFO     ___FILE_ONLY___ jen-pxc-1243-9e7f74a2-51-cluster9
2022-11-04 09:01:54,366 INFO     ___FILE_ONLY___   
2022-11-04 09:01:54,366 INFO     ___FILE_ONLY___ us-central1-a
2022-11-04 09:01:54,366 INFO     ___FILE_ONLY___    
2022-11-04 09:01:54,366 INFO     ___FILE_ONLY___ 1.21.14-gke.8500
2022-11-04 09:01:54,366 INFO     ___FILE_ONLY___   
2022-11-04 09:01:54,366 INFO     ___FILE_ONLY___ 35.192.161.177
2022-11-04 09:01:54,366 INFO     ___FILE_ONLY___    
2022-11-04 09:01:54,366 INFO     ___FILE_ONLY___ n1-standard-4
2022-11-04 09:01:54,366 INFO     ___FILE_ONLY___   
2022-11-04 09:01:54,366 INFO     ___FILE_ONLY___ 1.21.14-gke.8500
2022-11-04 09:01:54,366 INFO     ___FILE_ONLY___     
2022-11-04 09:01:54,366 INFO     ___FILE_ONLY___ 3
2022-11-04 09:01:54,366 INFO     ___FILE_ONLY___           
2022-11-04 09:01:54,366 INFO     ___FILE_ONLY___ RUNNING
2022-11-04 09:01:54,366 INFO     ___FILE_ONLY___ 

2022-11-04 09:01:54,366 INFO     ___FILE_ONLY___ jen-pxc-1261-1a395d67-9-cluster1
2022-11-04 09:01:54,366 INFO     ___FILE_ONLY___    
2022-11-04 09:01:54,366 INFO     ___FILE_ONLY___ us-central1-a
2022-11-04 09:01:54,366 INFO     ___FILE_ONLY___    
2022-11-04 09:01:54,366 INFO     ___FILE_ONLY___ 1.21.14-gke.8500
2022-11-04 09:01:54,366 INFO     ___FILE_ONLY___   
2022-11-04 09:01:54,366 INFO     ___FILE_ONLY___ 35.192.128.90
2022-11-04 09:01:54,366 INFO     ___FILE_ONLY___     
2022-11-04 09:01:54,366 INFO     ___FILE_ONLY___ n1-standard-4
2022-11-04 09:01:54,366 INFO     ___FILE_ONLY___   
2022-11-04 09:01:54,366 INFO     ___FILE_ONLY___ 1.21.14-gke.8500
2022-11-04 09:01:54,366 INFO     ___FILE_ONLY___     
2022-11-04 09:01:54,366 INFO     ___FILE_ONLY___ 3
2022-11-04 09:01:54,366 INFO     ___FILE_ONLY___           
2022-11-04 09:01:54,366 INFO     ___FILE_ONLY___ RUNNING
2022-11-04 09:01:54,366 INFO     ___FILE_ONLY___ 

2022-11-04 09:01:54,366 INFO     ___FILE_ONLY___ jen-pxc-1261-1a395d67-9-cluster2
2022-11-04 09:01:54,366 INFO     ___FILE_ONLY___    
2022-11-04 09:01:54,366 INFO     ___FILE_ONLY___ us-central1-a
2022-11-04 09:01:54,366 INFO     ___FILE_ONLY___    
2022-11-04 09:01:54,366 INFO     ___FILE_ONLY___ 1.21.14-gke.8500
2022-11-04 09:01:54,367 INFO     ___FILE_ONLY___   
2022-11-04 09:01:54,367 INFO     ___FILE_ONLY___ 34.171.106.37
2022-11-04 09:01:54,367 INFO     ___FILE_ONLY___     
2022-11-04 09:01:54,367 INFO     ___FILE_ONLY___ n1-standard-4
2022-11-04 09:01:54,367 INFO     ___FILE_ONLY___   
2022-11-04 09:01:54,367 INFO     ___FILE_ONLY___ 1.21.14-gke.8500
2022-11-04 09:01:54,367 INFO     ___FILE_ONLY___     
2022-11-04 09:01:54,367 INFO     ___FILE_ONLY___ 3
2022-11-04 09:01:54,367 INFO     ___FILE_ONLY___           
2022-11-04 09:01:54,367 INFO     ___FILE_ONLY___ RUNNING
2022-11-04 09:01:54,367 INFO     ___FILE_ONLY___ 

2022-11-04 09:01:54,367 INFO     ___FILE_ONLY___ jen-pxc-1261-1a395d67-9-cluster3
2022-11-04 09:01:54,367 INFO     ___FILE_ONLY___    
2022-11-04 09:01:54,367 INFO     ___FILE_ONLY___ us-central1-a
2022-11-04 09:01:54,367 INFO     ___FILE_ONLY___    
2022-11-04 09:01:54,367 INFO     ___FILE_ONLY___ 1.21.14-gke.8500
2022-11-04 09:01:54,367 INFO     ___FILE_ONLY___   
2022-11-04 09:01:54,367 INFO     ___FILE_ONLY___ 35.225.24.254
2022-11-04 09:01:54,367 INFO     ___FILE_ONLY___     
2022-11-04 09:01:54,367 INFO     ___FILE_ONLY___ n1-standard-4
2022-11-04 09:01:54,367 INFO     ___FILE_ONLY___   
2022-11-04 09:01:54,367 INFO     ___FILE_ONLY___ 1.21.14-gke.8500
2022-11-04 09:01:54,367 INFO     ___FILE_ONLY___     
2022-11-04 09:01:54,367 INFO     ___FILE_ONLY___ 3
2022-11-04 09:01:54,367 INFO     ___FILE_ONLY___           
2022-11-04 09:01:54,367 INFO     ___FILE_ONLY___ RUNNING
2022-11-04 09:01:54,367 INFO     ___FILE_ONLY___ 

2022-11-04 09:01:54,367 INFO     ___FILE_ONLY___ jen-pxc-1261-1a395d67-9-cluster4
2022-11-04 09:01:54,367 INFO     ___FILE_ONLY___    
2022-11-04 09:01:54,367 INFO     ___FILE_ONLY___ us-central1-a
2022-11-04 09:01:54,367 INFO     ___FILE_ONLY___    
2022-11-04 09:01:54,367 INFO     ___FILE_ONLY___ 1.21.14-gke.8500
2022-11-04 09:01:54,367 INFO     ___FILE_ONLY___   
2022-11-04 09:01:54,367 INFO     ___FILE_ONLY___ 104.198.203.161
2022-11-04 09:01:54,367 INFO     ___FILE_ONLY___   
2022-11-04 09:01:54,367 INFO     ___FILE_ONLY___ n1-standard-4
2022-11-04 09:01:54,367 INFO     ___FILE_ONLY___   
2022-11-04 09:01:54,367 INFO     ___FILE_ONLY___ 1.21.14-gke.8500
2022-11-04 09:01:54,367 INFO     ___FILE_ONLY___     
2022-11-04 09:01:54,367 INFO     ___FILE_ONLY___ 3
2022-11-04 09:01:54,367 INFO     ___FILE_ONLY___           
2022-11-04 09:01:54,367 INFO     ___FILE_ONLY___ RUNNING
2022-11-04 09:01:54,367 INFO     ___FILE_ONLY___ 

2022-11-04 09:01:54,367 INFO     ___FILE_ONLY___ jen-pxc-1261-1a395d67-9-cluster5
2022-11-04 09:01:54,367 INFO     ___FILE_ONLY___    
2022-11-04 09:01:54,367 INFO     ___FILE_ONLY___ us-central1-a
2022-11-04 09:01:54,367 INFO     ___FILE_ONLY___    
2022-11-04 09:01:54,368 INFO     ___FILE_ONLY___ 1.21.14-gke.8500
2022-11-04 09:01:54,368 INFO     ___FILE_ONLY___   
2022-11-04 09:01:54,368 INFO     ___FILE_ONLY___ 34.132.248.158
2022-11-04 09:01:54,368 INFO     ___FILE_ONLY___    
2022-11-04 09:01:54,368 INFO     ___FILE_ONLY___ n1-standard-4
2022-11-04 09:01:54,368 INFO     ___FILE_ONLY___   
2022-11-04 09:01:54,368 INFO     ___FILE_ONLY___ 1.21.14-gke.8500
2022-11-04 09:01:54,368 INFO     ___FILE_ONLY___     
2022-11-04 09:01:54,368 INFO     ___FILE_ONLY___ 3
2022-11-04 09:01:54,368 INFO     ___FILE_ONLY___           
2022-11-04 09:01:54,368 INFO     ___FILE_ONLY___ RUNNING
2022-11-04 09:01:54,368 INFO     ___FILE_ONLY___ 

2022-11-04 09:01:54,368 INFO     ___FILE_ONLY___ jen-pxc-1261-1a395d67-9-cluster6
2022-11-04 09:01:54,368 INFO     ___FILE_ONLY___    
2022-11-04 09:01:54,368 INFO     ___FILE_ONLY___ us-central1-a
2022-11-04 09:01:54,368 INFO     ___FILE_ONLY___    
2022-11-04 09:01:54,368 INFO     ___FILE_ONLY___ 1.21.14-gke.8500
2022-11-04 09:01:54,368 INFO     ___FILE_ONLY___   
2022-11-04 09:01:54,368 INFO     ___FILE_ONLY___ 34.136.253.136
2022-11-04 09:01:54,368 INFO     ___FILE_ONLY___    
2022-11-04 09:01:54,368 INFO     ___FILE_ONLY___ n1-standard-4
2022-11-04 09:01:54,368 INFO     ___FILE_ONLY___   
2022-11-04 09:01:54,368 INFO     ___FILE_ONLY___ 1.21.14-gke.8500
2022-11-04 09:01:54,368 INFO     ___FILE_ONLY___     
2022-11-04 09:01:54,368 INFO     ___FILE_ONLY___ 3
2022-11-04 09:01:54,368 INFO     ___FILE_ONLY___           
2022-11-04 09:01:54,368 INFO     ___FILE_ONLY___ RUNNING
2022-11-04 09:01:54,368 INFO     ___FILE_ONLY___ 

2022-11-04 09:01:54,368 INFO     ___FILE_ONLY___ jen-pxc-1261-1a395d67-9-cluster7
2022-11-04 09:01:54,368 INFO     ___FILE_ONLY___    
2022-11-04 09:01:54,368 INFO     ___FILE_ONLY___ us-central1-a
2022-11-04 09:01:54,368 INFO     ___FILE_ONLY___    
2022-11-04 09:01:54,368 INFO     ___FILE_ONLY___ 1.21.14-gke.8500
2022-11-04 09:01:54,368 INFO     ___FILE_ONLY___   
2022-11-04 09:01:54,368 INFO     ___FILE_ONLY___ 35.226.173.203
2022-11-04 09:01:54,368 INFO     ___FILE_ONLY___    
2022-11-04 09:01:54,368 INFO     ___FILE_ONLY___ n1-standard-4
2022-11-04 09:01:54,368 INFO     ___FILE_ONLY___   
2022-11-04 09:01:54,368 INFO     ___FILE_ONLY___ 1.21.14-gke.8500
2022-11-04 09:01:54,368 INFO     ___FILE_ONLY___     
2022-11-04 09:01:54,368 INFO     ___FILE_ONLY___ 3
2022-11-04 09:01:54,368 INFO     ___FILE_ONLY___           
2022-11-04 09:01:54,368 INFO     ___FILE_ONLY___ RUNNING
2022-11-04 09:01:54,368 INFO     ___FILE_ONLY___ 

2022-11-04 09:01:54,368 INFO     ___FILE_ONLY___ jen-pxc-1261-1a395d67-9-cluster8
2022-11-04 09:01:54,368 INFO     ___FILE_ONLY___    
2022-11-04 09:01:54,368 INFO     ___FILE_ONLY___ us-central1-a
2022-11-04 09:01:54,368 INFO     ___FILE_ONLY___    
2022-11-04 09:01:54,369 INFO     ___FILE_ONLY___ 1.21.14-gke.8500
2022-11-04 09:01:54,369 INFO     ___FILE_ONLY___   
2022-11-04 09:01:54,369 INFO     ___FILE_ONLY___ 35.194.49.166
2022-11-04 09:01:54,369 INFO     ___FILE_ONLY___     
2022-11-04 09:01:54,369 INFO     ___FILE_ONLY___ n1-standard-4
2022-11-04 09:01:54,369 INFO     ___FILE_ONLY___   
2022-11-04 09:01:54,369 INFO     ___FILE_ONLY___ 1.21.14-gke.8500
2022-11-04 09:01:54,369 INFO     ___FILE_ONLY___     
2022-11-04 09:01:54,369 INFO     ___FILE_ONLY___ 3
2022-11-04 09:01:54,369 INFO     ___FILE_ONLY___           
2022-11-04 09:01:54,369 INFO     ___FILE_ONLY___ RUNNING
2022-11-04 09:01:54,369 INFO     ___FILE_ONLY___ 

2022-11-04 09:01:54,369 INFO     ___FILE_ONLY___ jen-pxc-1261-1a395d67-9-cluster9
2022-11-04 09:01:54,369 INFO     ___FILE_ONLY___    
2022-11-04 09:01:54,369 INFO     ___FILE_ONLY___ us-central1-a
2022-11-04 09:01:54,369 INFO     ___FILE_ONLY___    
2022-11-04 09:01:54,369 INFO     ___FILE_ONLY___ 1.21.14-gke.8500
2022-11-04 09:01:54,369 INFO     ___FILE_ONLY___   
2022-11-04 09:01:54,369 INFO     ___FILE_ONLY___ 34.70.143.20
2022-11-04 09:01:54,369 INFO     ___FILE_ONLY___      
2022-11-04 09:01:54,369 INFO     ___FILE_ONLY___ n1-standard-4
2022-11-04 09:01:54,369 INFO     ___FILE_ONLY___   
2022-11-04 09:01:54,369 INFO     ___FILE_ONLY___ 1.21.14-gke.8500
2022-11-04 09:01:54,369 INFO     ___FILE_ONLY___     
2022-11-04 09:01:54,369 INFO     ___FILE_ONLY___ 3
2022-11-04 09:01:54,369 INFO     ___FILE_ONLY___           
2022-11-04 09:01:54,369 INFO     ___FILE_ONLY___ RUNNING
2022-11-04 09:01:54,369 INFO     ___FILE_ONLY___ 

2022-11-04 09:01:54,369 INFO     ___FILE_ONLY___ jenkins-pso-105593d-cluster2
2022-11-04 09:01:54,369 INFO     ___FILE_ONLY___        
2022-11-04 09:01:54,369 INFO     ___FILE_ONLY___ us-central1-a
2022-11-04 09:01:54,369 INFO     ___FILE_ONLY___    
2022-11-04 09:01:54,369 INFO     ___FILE_ONLY___ 1.21.14-gke.8500
2022-11-04 09:01:54,369 INFO     ___FILE_ONLY___   
2022-11-04 09:01:54,369 INFO     ___FILE_ONLY___ 35.192.92.110
2022-11-04 09:01:54,369 INFO     ___FILE_ONLY___     
2022-11-04 09:01:54,369 INFO     ___FILE_ONLY___ n1-standard-4
2022-11-04 09:01:54,369 INFO     ___FILE_ONLY___   
2022-11-04 09:01:54,369 INFO     ___FILE_ONLY___ 1.21.14-gke.8500
2022-11-04 09:01:54,369 INFO     ___FILE_ONLY___     
2022-11-04 09:01:54,369 INFO     ___FILE_ONLY___ 3
2022-11-04 09:01:54,369 INFO     ___FILE_ONLY___           
2022-11-04 09:01:54,369 INFO     ___FILE_ONLY___ RUNNING
2022-11-04 09:01:54,369 INFO     ___FILE_ONLY___ 

2022-11-04 09:01:54,369 INFO     ___FILE_ONLY___ plavi-121
2022-11-04 09:01:54,369 INFO     ___FILE_ONLY___                           
2022-11-04 09:01:54,369 INFO     ___FILE_ONLY___ us-central1-a
2022-11-04 09:01:54,369 INFO     ___FILE_ONLY___    
2022-11-04 09:01:54,370 INFO     ___FILE_ONLY___ 1.21.14-gke.7100
2022-11-04 09:01:54,370 INFO     ___FILE_ONLY___   
2022-11-04 09:01:54,370 INFO     ___FILE_ONLY___ 34.123.44.231
2022-11-04 09:01:54,370 INFO     ___FILE_ONLY___     
2022-11-04 09:01:54,370 INFO     ___FILE_ONLY___ n1-standard-4
2022-11-04 09:01:54,370 INFO     ___FILE_ONLY___   
2022-11-04 09:01:54,370 INFO     ___FILE_ONLY___ 1.21.14-gke.7100
2022-11-04 09:01:54,370 INFO     ___FILE_ONLY___     
2022-11-04 09:01:54,370 INFO     ___FILE_ONLY___ 3
2022-11-04 09:01:54,370 INFO     ___FILE_ONLY___           
2022-11-04 09:01:54,370 INFO     ___FILE_ONLY___ RUNNING
2022-11-04 09:01:54,370 INFO     ___FILE_ONLY___ 

2022-11-04 09:01:54,370 INFO     ___FILE_ONLY___ natali-22
2022-11-04 09:01:54,370 INFO     ___FILE_ONLY___                           
2022-11-04 09:01:54,370 INFO     ___FILE_ONLY___ us-central1-c
2022-11-04 09:01:54,370 INFO     ___FILE_ONLY___    
2022-11-04 09:01:54,370 INFO     ___FILE_ONLY___ 1.22.15-gke.1000
2022-11-04 09:01:54,370 INFO     ___FILE_ONLY___   
2022-11-04 09:01:54,370 INFO     ___FILE_ONLY___ 34.121.12.164
2022-11-04 09:01:54,370 INFO     ___FILE_ONLY___     
2022-11-04 09:01:54,370 INFO     ___FILE_ONLY___ n1-standard-4
2022-11-04 09:01:54,370 INFO     ___FILE_ONLY___   
2022-11-04 09:01:54,370 INFO     ___FILE_ONLY___ 1.22.15-gke.1000
2022-11-04 09:01:54,370 INFO     ___FILE_ONLY___     
2022-11-04 09:01:54,370 INFO     ___FILE_ONLY___ 3
2022-11-04 09:01:54,370 INFO     ___FILE_ONLY___           
2022-11-04 09:01:54,370 INFO     ___FILE_ONLY___ RUNNING
2022-11-04 09:01:54,370 INFO     ___FILE_ONLY___ 

2022-11-04 09:01:54,370 INFO     ___FILE_ONLY___ 
* - There is an upgrade available for your cluster(s).

To upgrade nodes to the latest available version, run
  $ gcloud container clusters upgrade NAME

2022-11-04 09:01:54,378 DEBUG    root            Metrics reporting process started...
