2022-11-04 09:29:01,682 DEBUG    root            Loaded Command Group: ['gcloud', 'config']
2022-11-04 09:29:01,684 DEBUG    root            Loaded Command Group: ['gcloud', 'config', 'config_helper']
2022-11-04 09:29:01,685 DEBUG    root            Running [gcloud.config.config-helper] with arguments: [--format: "json"]
2022-11-04 09:29:01,697 INFO     root            Display format: "default json"
2022-11-04 09:29:01,698 INFO     ___FILE_ONLY___ {
  "configuration": {
    "active_configuration": "percona-cloud-dev",
    "properties": {
      "core": {
        "account": "inel.pandzic@percona.com",
        "disable_usage_reporting": "False",
        "project": "cloud-dev-112233"
      }
    }
  },
  "credential": {
    "access_token": "ya29.a0Aa4xrXOFi6VYgQG64cjtOJLPmlIbpzoVJV4vCtfY0IkqNMS3pdi7m8jDJP6T5o0dqrpLrG5XyadQRAlN0ZHOffzFG2mWH7QO_Mgxo5I9TCe_hIw0eVkAmIJZgS2lZKZNg_T2eIrUO4iHqUTh68pzNsEtkNgYzynO3CXA_kwaCgYKAS0SARESFQEjDvL9YXF1b9eWKaQVWZxdDfESMQ0174",
    "id_token": "eyJhbGciOiJSUzI1NiIsImtpZCI6Ijc3Y2MwZWY0YzcxODFjZjRjMGRjZWY3YjYwYWUyOGNjOTAyMmM3NmIiLCJ0eXAiOiJKV1QifQ.eyJpc3MiOiJodHRwczovL2FjY291bnRzLmdvb2dsZS5jb20iLCJhenAiOiIzMjU1NTk0MDU1OS5hcHBzLmdvb2dsZXVzZXJjb250ZW50LmNvbSIsImF1ZCI6IjMyNTU1OTQwNTU5LmFwcHMuZ29vZ2xldXNlcmNvbnRlbnQuY29tIiwic3ViIjoiMTA3NDA5ODEzMzQ0NTU5NDQzNDA3IiwiaGQiOiJwZXJjb25hLmNvbSIsImVtYWlsIjoiaW5lbC5wYW5kemljQHBlcmNvbmEuY29tIiwiZW1haWxfdmVyaWZpZWQiOnRydWUsImF0X2hhc2giOiJDU3dUVmlmdjB4M2F1bmN2N09GaTVRIiwiaWF0IjoxNjY3NTQ3NjE4LCJleHAiOjE2Njc1NTEyMTh9.oSxx7TVFu1q3yQaLU0-dD-kYUKAJoAeQUVYxdTeuM0gW_LudgUWhdFZzfbcDI3X7k8J5-cgyBPE-CBAChDvBjReq7plG0aYlC-uOhOH4ICx8bMgFIQ-9zyci8QQl9G35Ln5ku90AkzynCcfKX-zZyy8DtPXuRz9BNR4xKdCs1xeKhnP_o7XVufo62ilo0elGgyq_Tj6wMewJJfQWCo5GP3uza2TqNFqzeOa3EygJUoPCB0VJQLqIpFXrvXjDDzyxJswV4qYY3D7kCEEcaAsL7UWggH80-TmtfWTv_zGa7IVs85G_bh-YDc8o9de1hP293K3eAawL3cp_cgSrapklJQ",
    "token_expiry": "2022-11-04T08:40:17Z"
  },
  "sentinels": {
    "config_sentinel": "/Users/inelpandzic/.config/gcloud/config_sentinel"
  }
}
2022-11-04 09:29:01,698 INFO     ___FILE_ONLY___ 

2022-11-04 09:29:01,713 DEBUG    root            Metrics reporting process started...
