2022-11-04 10:19:16,908 DEBUG    root            Loaded Command Group: ['gcloud', 'container', 'clusters']
2022-11-04 10:19:16,909 DEBUG    root            Loaded Command Group: ['gcloud', 'container', 'clusters', 'delete']
2022-11-04 10:19:16,918 DEBUG    root            Running [gcloud.container.clusters.delete] with arguments: [--zone: "europe-west3-b", NAME:1: "['inel-19591']"]
2022-11-04 10:19:18,004 DEBUG    urllib3.connectionpool Starting new HTTPS connection (1): container.googleapis.com:443
2022-11-04 10:19:18,502 DEBUG    urllib3.connectionpool https://container.googleapis.com:443 "DELETE /v1/projects/cloud-dev-112233/locations/europe-west3-b/clusters/inel-19591?alt=json HTTP/1.1" 200 None
2022-11-04 10:19:18,508 INFO     ___FILE_ONLY___ Deleting cluster inel-19591...
2022-11-04 10:19:18,512 DEBUG    urllib3.connectionpool Starting new HTTPS connection (1): container.googleapis.com:443
2022-11-04 10:19:18,743 DEBUG    urllib3.connectionpool https://container.googleapis.com:443 "GET /v1/projects/cloud-dev-112233/locations/europe-west3-b/operations/operation-1667553558482-f1d7c935?alt=json HTTP/1.1" 200 None
2022-11-04 10:19:23,760 DEBUG    urllib3.connectionpool Starting new HTTPS connection (1): container.googleapis.com:443
2022-11-04 10:19:23,995 DEBUG    urllib3.connectionpool https://container.googleapis.com:443 "GET /v1/projects/cloud-dev-112233/locations/europe-west3-b/operations/operation-1667553558482-f1d7c935?alt=json HTTP/1.1" 200 None
2022-11-04 10:19:29,006 DEBUG    urllib3.connectionpool Starting new HTTPS connection (1): container.googleapis.com:443
2022-11-04 10:19:29,242 DEBUG    urllib3.connectionpool https://container.googleapis.com:443 "GET /v1/projects/cloud-dev-112233/locations/europe-west3-b/operations/operation-1667553558482-f1d7c935?alt=json HTTP/1.1" 200 None
2022-11-04 10:19:34,253 DEBUG    urllib3.connectionpool Starting new HTTPS connection (1): container.googleapis.com:443
2022-11-04 10:19:34,483 DEBUG    urllib3.connectionpool https://container.googleapis.com:443 "GET /v1/projects/cloud-dev-112233/locations/europe-west3-b/operations/operation-1667553558482-f1d7c935?alt=json HTTP/1.1" 200 None
2022-11-04 10:19:39,498 DEBUG    urllib3.connectionpool Starting new HTTPS connection (1): container.googleapis.com:443
2022-11-04 10:19:39,742 DEBUG    urllib3.connectionpool https://container.googleapis.com:443 "GET /v1/projects/cloud-dev-112233/locations/europe-west3-b/operations/operation-1667553558482-f1d7c935?alt=json HTTP/1.1" 200 None
2022-11-04 10:19:44,759 DEBUG    urllib3.connectionpool Starting new HTTPS connection (1): container.googleapis.com:443
2022-11-04 10:19:44,964 DEBUG    urllib3.connectionpool https://container.googleapis.com:443 "GET /v1/projects/cloud-dev-112233/locations/europe-west3-b/operations/operation-1667553558482-f1d7c935?alt=json HTTP/1.1" 200 None
2022-11-04 10:19:49,978 DEBUG    urllib3.connectionpool Starting new HTTPS connection (1): container.googleapis.com:443
2022-11-04 10:19:50,206 DEBUG    urllib3.connectionpool https://container.googleapis.com:443 "GET /v1/projects/cloud-dev-112233/locations/europe-west3-b/operations/operation-1667553558482-f1d7c935?alt=json HTTP/1.1" 200 None
2022-11-04 10:19:55,219 DEBUG    urllib3.connectionpool Starting new HTTPS connection (1): container.googleapis.com:443
2022-11-04 10:19:55,430 DEBUG    urllib3.connectionpool https://container.googleapis.com:443 "GET /v1/projects/cloud-dev-112233/locations/europe-west3-b/operations/operation-1667553558482-f1d7c935?alt=json HTTP/1.1" 200 None
2022-11-04 10:20:00,456 DEBUG    urllib3.connectionpool Starting new HTTPS connection (1): container.googleapis.com:443
2022-11-04 10:20:00,689 DEBUG    urllib3.connectionpool https://container.googleapis.com:443 "GET /v1/projects/cloud-dev-112233/locations/europe-west3-b/operations/operation-1667553558482-f1d7c935?alt=json HTTP/1.1" 200 None
2022-11-04 10:20:05,710 DEBUG    urllib3.connectionpool Starting new HTTPS connection (1): container.googleapis.com:443
2022-11-04 10:20:05,926 DEBUG    urllib3.connectionpool https://container.googleapis.com:443 "GET /v1/projects/cloud-dev-112233/locations/europe-west3-b/operations/operation-1667553558482-f1d7c935?alt=json HTTP/1.1" 200 None
2022-11-04 10:20:10,946 DEBUG    urllib3.connectionpool Starting new HTTPS connection (1): container.googleapis.com:443
2022-11-04 10:20:11,155 DEBUG    urllib3.connectionpool https://container.googleapis.com:443 "GET /v1/projects/cloud-dev-112233/locations/europe-west3-b/operations/operation-1667553558482-f1d7c935?alt=json HTTP/1.1" 200 None
2022-11-04 10:20:16,173 DEBUG    urllib3.connectionpool Starting new HTTPS connection (1): container.googleapis.com:443
2022-11-04 10:20:16,382 DEBUG    urllib3.connectionpool https://container.googleapis.com:443 "GET /v1/projects/cloud-dev-112233/locations/europe-west3-b/operations/operation-1667553558482-f1d7c935?alt=json HTTP/1.1" 200 None
2022-11-04 10:20:21,395 DEBUG    urllib3.connectionpool Starting new HTTPS connection (1): container.googleapis.com:443
2022-11-04 10:20:21,595 DEBUG    urllib3.connectionpool https://container.googleapis.com:443 "GET /v1/projects/cloud-dev-112233/locations/europe-west3-b/operations/operation-1667553558482-f1d7c935?alt=json HTTP/1.1" 200 None
2022-11-04 10:20:26,615 DEBUG    urllib3.connectionpool Starting new HTTPS connection (1): container.googleapis.com:443
2022-11-04 10:20:26,842 DEBUG    urllib3.connectionpool https://container.googleapis.com:443 "GET /v1/projects/cloud-dev-112233/locations/europe-west3-b/operations/operation-1667553558482-f1d7c935?alt=json HTTP/1.1" 200 None
2022-11-04 10:20:31,875 DEBUG    urllib3.connectionpool Starting new HTTPS connection (1): container.googleapis.com:443
2022-11-04 10:20:32,115 DEBUG    urllib3.connectionpool https://container.googleapis.com:443 "GET /v1/projects/cloud-dev-112233/locations/europe-west3-b/operations/operation-1667553558482-f1d7c935?alt=json HTTP/1.1" 200 None
2022-11-04 10:20:37,127 DEBUG    urllib3.connectionpool Starting new HTTPS connection (1): container.googleapis.com:443
2022-11-04 10:20:37,353 DEBUG    urllib3.connectionpool https://container.googleapis.com:443 "GET /v1/projects/cloud-dev-112233/locations/europe-west3-b/operations/operation-1667553558482-f1d7c935?alt=json HTTP/1.1" 200 None
2022-11-04 10:20:42,370 DEBUG    urllib3.connectionpool Starting new HTTPS connection (1): container.googleapis.com:443
2022-11-04 10:20:42,612 DEBUG    urllib3.connectionpool https://container.googleapis.com:443 "GET /v1/projects/cloud-dev-112233/locations/europe-west3-b/operations/operation-1667553558482-f1d7c935?alt=json HTTP/1.1" 200 None
2022-11-04 10:20:47,630 DEBUG    urllib3.connectionpool Starting new HTTPS connection (1): container.googleapis.com:443
2022-11-04 10:20:47,868 DEBUG    urllib3.connectionpool https://container.googleapis.com:443 "GET /v1/projects/cloud-dev-112233/locations/europe-west3-b/operations/operation-1667553558482-f1d7c935?alt=json HTTP/1.1" 200 None
2022-11-04 10:20:52,890 DEBUG    urllib3.connectionpool Starting new HTTPS connection (1): container.googleapis.com:443
2022-11-04 10:20:53,111 DEBUG    urllib3.connectionpool https://container.googleapis.com:443 "GET /v1/projects/cloud-dev-112233/locations/europe-west3-b/operations/operation-1667553558482-f1d7c935?alt=json HTTP/1.1" 200 None
2022-11-04 10:20:58,135 DEBUG    urllib3.connectionpool Starting new HTTPS connection (1): container.googleapis.com:443
2022-11-04 10:20:58,344 DEBUG    urllib3.connectionpool https://container.googleapis.com:443 "GET /v1/projects/cloud-dev-112233/locations/europe-west3-b/operations/operation-1667553558482-f1d7c935?alt=json HTTP/1.1" 200 None
2022-11-04 10:21:03,370 DEBUG    urllib3.connectionpool Starting new HTTPS connection (1): container.googleapis.com:443
2022-11-04 10:21:03,606 DEBUG    urllib3.connectionpool https://container.googleapis.com:443 "GET /v1/projects/cloud-dev-112233/locations/europe-west3-b/operations/operation-1667553558482-f1d7c935?alt=json HTTP/1.1" 200 None
2022-11-04 10:21:08,634 DEBUG    urllib3.connectionpool Starting new HTTPS connection (1): container.googleapis.com:443
2022-11-04 10:21:08,873 DEBUG    urllib3.connectionpool https://container.googleapis.com:443 "GET /v1/projects/cloud-dev-112233/locations/europe-west3-b/operations/operation-1667553558482-f1d7c935?alt=json HTTP/1.1" 200 None
2022-11-04 10:21:13,897 DEBUG    urllib3.connectionpool Starting new HTTPS connection (1): container.googleapis.com:443
2022-11-04 10:21:14,112 DEBUG    urllib3.connectionpool https://container.googleapis.com:443 "GET /v1/projects/cloud-dev-112233/locations/europe-west3-b/operations/operation-1667553558482-f1d7c935?alt=json HTTP/1.1" 200 None
2022-11-04 10:21:19,131 DEBUG    urllib3.connectionpool Starting new HTTPS connection (1): container.googleapis.com:443
2022-11-04 10:21:19,340 DEBUG    urllib3.connectionpool https://container.googleapis.com:443 "GET /v1/projects/cloud-dev-112233/locations/europe-west3-b/operations/operation-1667553558482-f1d7c935?alt=json HTTP/1.1" 200 None
2022-11-04 10:21:24,355 DEBUG    urllib3.connectionpool Starting new HTTPS connection (1): container.googleapis.com:443
2022-11-04 10:21:24,584 DEBUG    urllib3.connectionpool https://container.googleapis.com:443 "GET /v1/projects/cloud-dev-112233/locations/europe-west3-b/operations/operation-1667553558482-f1d7c935?alt=json HTTP/1.1" 200 None
2022-11-04 10:21:29,601 DEBUG    urllib3.connectionpool Starting new HTTPS connection (1): container.googleapis.com:443
2022-11-04 10:21:29,835 DEBUG    urllib3.connectionpool https://container.googleapis.com:443 "GET /v1/projects/cloud-dev-112233/locations/europe-west3-b/operations/operation-1667553558482-f1d7c935?alt=json HTTP/1.1" 200 None
2022-11-04 10:21:34,855 DEBUG    urllib3.connectionpool Starting new HTTPS connection (1): container.googleapis.com:443
2022-11-04 10:21:35,098 DEBUG    urllib3.connectionpool https://container.googleapis.com:443 "GET /v1/projects/cloud-dev-112233/locations/europe-west3-b/operations/operation-1667553558482-f1d7c935?alt=json HTTP/1.1" 200 None
2022-11-04 10:21:35,100 INFO     root            Operation <Operation
 clusterConditions: []
 endTime: '2022-11-04T09:21:32.445462003Z'
 name: 'operation-1667553558482-f1d7c935'
 nodepoolConditions: []
 operationType: OperationTypeValueValuesEnum(DELETE_CLUSTER, 2)
 selfLink: 'https://container.googleapis.com/v1/projects/166042509722/zones/europe-west3-b/operations/operation-1667553558482-f1d7c935'
 startTime: '2022-11-04T09:19:18.482062104Z'
 status: StatusValueValuesEnum(DONE, 3)
 targetLink: 'https://container.googleapis.com/v1/projects/166042509722/zones/europe-west3-b/clusters/inel-19591'
 zone: 'europe-west3-b'> succeeded after 136.592 seconds
2022-11-04 10:21:35,194 DEBUG    root            Purged cluster config from /Users/inelpandzic/.config/gcloud/kubernetes/cloud-dev-112233_europe-west3-b_inel-19591
2022-11-04 10:21:35,195 INFO     ___FILE_ONLY___ Deleted [https://container.googleapis.com/v1/projects/cloud-dev-112233/zones/europe-west3-b/clusters/inel-19591].

2022-11-04 10:21:35,196 INFO     root            Display format: "none"
2022-11-04 10:21:35,217 DEBUG    root            Metrics reporting process started...
