2022-11-04 10:28:32,796 DEBUG    root            Loaded Command Group: ['gcloud', 'config']
2022-11-04 10:28:32,798 DEBUG    root            Loaded Command Group: ['gcloud', 'config', 'config_helper']
2022-11-04 10:28:32,799 DEBUG    root            Running [gcloud.config.config-helper] with arguments: [--format: "json"]
2022-11-04 10:28:32,805 INFO     root            Display format: "default json"
2022-11-04 10:28:32,805 INFO     ___FILE_ONLY___ {
  "configuration": {
    "active_configuration": "percona-cloud-dev",
    "properties": {
      "core": {
        "account": "inel.pandzic@percona.com",
        "disable_usage_reporting": "False",
        "project": "cloud-dev-112233"
      }
    }
  },
  "credential": {
    "access_token": "ya29.a0Aa4xrXMGy8LwJVdLJOivGs4UeH9Y0Uyhi8uBwQwBeVptEUBwX7h1TLR0MmADs2A7_wQ8jAPOoOe-K7Lq8BLR2fEdR3XaEn39ENfpztMJ4zox4a0nmpjEeczgmiM1CGJ_BOeGweGnBd85qimYUN5hn-uRqc2iyKTgahmwpdUaCgYKAaUSARESFQEjDvL9C28-dFWBYdhofrkkZ8LipA0174",
    "id_token": "eyJhbGciOiJSUzI1NiIsImtpZCI6Ijc3Y2MwZWY0YzcxODFjZjRjMGRjZWY3YjYwYWUyOGNjOTAyMmM3NmIiLCJ0eXAiOiJKV1QifQ.eyJpc3MiOiJodHRwczovL2FjY291bnRzLmdvb2dsZS5jb20iLCJhenAiOiIzMjU1NTk0MDU1OS5hcHBzLmdvb2dsZXVzZXJjb250ZW50LmNvbSIsImF1ZCI6IjMyNTU1OTQwNTU5LmFwcHMuZ29vZ2xldXNlcmNvbnRlbnQuY29tIiwic3ViIjoiMTA3NDA5ODEzMzQ0NTU5NDQzNDA3IiwiaGQiOiJwZXJjb25hLmNvbSIsImVtYWlsIjoiaW5lbC5wYW5kemljQHBlcmNvbmEuY29tIiwiZW1haWxfdmVyaWZpZWQiOnRydWUsImF0X2hhc2giOiI2Y1dlLUNueTRtbTFyb3N3MTJ3NFBBIiwiaWF0IjoxNjY3NTUxNDQ1LCJleHAiOjE2Njc1NTUwNDV9.L3EMlM33ztdV2nGKmiUKr5-1zoxT-oWsSryh9HGb6ty7Lk7pY4_-s1YtUkLK2gXcvj7a9NmyLmWtdRhQLfZPIwFnTsdv1lp4iR7cP9WuhEMRv_YLeZ53oA3hWU8_PcqTHqYymKgoijXvA8kIkTndeLbVFjhr56jl5zeVJPopNEPhcgYdn8lFofN_vDLkVv_84jHaTdOfDjTP2E7zHlX3Na4Lw8kS02sBkG0VnKw0rBD_S-ojp1AlsmZANkhJgFbjOqAkbakmxts1H-JEY3h51i7JINiMLQCI9srxZiF5B43sbF219PuQF32xGpFikf4_QZv-ThxEprujSBresvq8aA",
    "token_expiry": "2022-11-04T09:44:03Z"
  },
  "sentinels": {
    "config_sentinel": "/Users/inelpandzic/.config/gcloud/config_sentinel"
  }
}
2022-11-04 10:28:32,805 INFO     ___FILE_ONLY___ 

2022-11-04 10:28:32,815 DEBUG    root            Metrics reporting process started...
