2022-11-04 10:44:11,977 DEBUG    root            Loaded Command Group: ['gcloud', 'config']
2022-11-04 10:44:11,979 DEBUG    root            Loaded Command Group: ['gcloud', 'config', 'config_helper']
2022-11-04 10:44:11,980 DEBUG    root            Running [gcloud.config.config-helper] with arguments: [--format: "json"]
2022-11-04 10:44:11,991 DEBUG    google.auth.transport.requests Making request: POST https://oauth2.googleapis.com/token
2022-11-04 10:44:12,009 DEBUG    urllib3.connectionpool Starting new HTTPS connection (1): oauth2.googleapis.com:443
2022-11-04 10:44:12,166 DEBUG    urllib3.connectionpool https://oauth2.googleapis.com:443 "POST /token HTTP/1.1" 200 None
2022-11-04 10:44:12,175 INFO     root            Display format: "default json"
2022-11-04 10:44:12,175 INFO     ___FILE_ONLY___ {
  "configuration": {
    "active_configuration": "percona-cloud-dev",
    "properties": {
      "core": {
        "account": "inel.pandzic@percona.com",
        "disable_usage_reporting": "False",
        "project": "cloud-dev-112233"
      }
    }
  },
  "credential": {
    "access_token": "ya29.a0Aa4xrXNcfs1eVHKvioTwR8jeG6kOVpkKaB06b2SrcFL9AMcqBYn7xjrL-pQYtRUNqZBiee-Yh07HhoqOrIlJfCXZmTabHb6Nldbb8B4Xe6UgxraBjczijSmA8orpWaAmf8p6uARmbvf7JhfTXh6gd7hURmR9Md7yggDAjbUaCgYKAcsSARESFQEjDvL9iebxaybcqOUSO2o7efUQ2A0174",
    "id_token": "eyJhbGciOiJSUzI1NiIsImtpZCI6Ijc3Y2MwZWY0YzcxODFjZjRjMGRjZWY3YjYwYWUyOGNjOTAyMmM3NmIiLCJ0eXAiOiJKV1QifQ.eyJpc3MiOiJodHRwczovL2FjY291bnRzLmdvb2dsZS5jb20iLCJhenAiOiIzMjU1NTk0MDU1OS5hcHBzLmdvb2dsZXVzZXJjb250ZW50LmNvbSIsImF1ZCI6IjMyNTU1OTQwNTU5LmFwcHMuZ29vZ2xldXNlcmNvbnRlbnQuY29tIiwic3ViIjoiMTA3NDA5ODEzMzQ0NTU5NDQzNDA3IiwiaGQiOiJwZXJjb25hLmNvbSIsImVtYWlsIjoiaW5lbC5wYW5kemljQHBlcmNvbmEuY29tIiwiZW1haWxfdmVyaWZpZWQiOnRydWUsImF0X2hhc2giOiJFck5kd3JjaWM2bGJTZzZQcGhES2R3IiwiaWF0IjoxNjY3NTU1MDUyLCJleHAiOjE2Njc1NTg2NTJ9.VmzydVOtvyYKtCfvqDMJVNNjrC_yGBSyDwNZ-dowOkOCFys1ZxBj-uIKdLG0f4Pn3sk1oEXfH_npZMu24nKSNVU6TmOP_wQBYJQtso_Q9_ZBWLJFIaLt8RW1HoWBwjatYGyEYFEEzznVxBIdUmDb7GXKDb-y3MMl-9e9Xbp0xyK8S3y_ScqoBn6ytFiL9kzIt2Qy0gcX20CYoei8m2ZKTVaJp1DRlCDnyDVw5HgsaxephtjwwTzPGXuUD3KH9cIHSQ4mza-AcyL4zp0_epV6bCudg_Ge-S4VMoAbyreqHDEkikdy7VtnGImWYi22SvNKaTeiY7g3v7MXGlNGrK-z5A",
    "token_expiry": "2022-11-04T10:44:11Z"
  },
  "sentinels": {
    "config_sentinel": "/Users/inelpandzic/.config/gcloud/config_sentinel"
  }
}
2022-11-04 10:44:12,175 INFO     ___FILE_ONLY___ 

2022-11-04 10:44:12,186 DEBUG    root            Metrics reporting process started...
