2022-11-04 11:55:21,829 DEBUG    root            Loaded Command Group: ['gcloud', 'config']
2022-11-04 11:55:21,832 DEBUG    root            Loaded Command Group: ['gcloud', 'config', 'config_helper']
2022-11-04 11:55:21,833 DEBUG    root            Running [gcloud.config.config-helper] with arguments: [--format: "json"]
2022-11-04 11:55:21,853 DEBUG    google.auth.transport.requests Making request: POST https://oauth2.googleapis.com/token
2022-11-04 11:55:21,866 DEBUG    urllib3.connectionpool Starting new HTTPS connection (1): oauth2.googleapis.com:443
2022-11-04 11:55:22,021 DEBUG    urllib3.connectionpool https://oauth2.googleapis.com:443 "POST /token HTTP/1.1" 200 None
2022-11-04 11:55:22,024 INFO     root            Display format: "default json"
2022-11-04 11:55:22,025 INFO     ___FILE_ONLY___ {
  "configuration": {
    "active_configuration": "percona-cloud-dev",
    "properties": {
      "core": {
        "account": "inel.pandzic@percona.com",
        "disable_usage_reporting": "False",
        "project": "cloud-dev-112233"
      }
    }
  },
  "credential": {
    "access_token": "ya29.a0Aa4xrXNk3e-Mmnp1Lw34oe7b3J0ID4WWO5O9esWM4qLdyBI5YGZvfdnPOCLX5-exu-emcYQhZYBwcZwFvJLzJs45QSgIfNwAUwnwgY4F9gkqD6hrK0Dconz0fLHtq9Q2g2fcrBc9fLTZvspkViGfKo3IADKBQV24lVf8pNkaCgYKAYcSARESFQEjDvL9FEV-cmsZWF0px9zibfAKPg0174",
    "id_token": "eyJhbGciOiJSUzI1NiIsImtpZCI6Ijc3Y2MwZWY0YzcxODFjZjRjMGRjZWY3YjYwYWUyOGNjOTAyMmM3NmIiLCJ0eXAiOiJKV1QifQ.eyJpc3MiOiJodHRwczovL2FjY291bnRzLmdvb2dsZS5jb20iLCJhenAiOiIzMjU1NTk0MDU1OS5hcHBzLmdvb2dsZXVzZXJjb250ZW50LmNvbSIsImF1ZCI6IjMyNTU1OTQwNTU5LmFwcHMuZ29vZ2xldXNlcmNvbnRlbnQuY29tIiwic3ViIjoiMTA3NDA5ODEzMzQ0NTU5NDQzNDA3IiwiaGQiOiJwZXJjb25hLmNvbSIsImVtYWlsIjoiaW5lbC5wYW5kemljQHBlcmNvbmEuY29tIiwiZW1haWxfdmVyaWZpZWQiOnRydWUsImF0X2hhc2giOiJVOC1GSnNVTW12LXhpRTg3dW91eFp3IiwiaWF0IjoxNjY3NTU5MzIyLCJleHAiOjE2Njc1NjI5MjJ9.FbWCswYPRJBkrYc7AGpmUB80reNvhTqPn7_UaFyiFPgNsVVGGNVx7ImNYX6HWD0OB9sdgPdx21Sdq4WpFG0MiRfVQFO7-8Jh1DGB6YX29TAPJSVEel8bP__kMVbtkw2aNMmvyVzd5j8SyYvwaqnBYW3714-GjYeuY8THqCG0Dh3FFlJ-wXw17SfUVm2q22uIfXQ-w66G9OhCWjy-tUJ0avfbMzNPmSKq_sNTowsYxm1oM8UX75pjOnHYE4ilh1RsW6U3V2n8yqMeTWn5VGy4_HjCF7JwM-KCSqVJJpGxeIuELrnRIId1Pc0O42KlIJ7HhxL11hvl-7bmRuMNZkp92w",
    "token_expiry": "2022-11-04T11:55:21Z"
  },
  "sentinels": {
    "config_sentinel": "/Users/inelpandzic/.config/gcloud/config_sentinel"
  }
}
2022-11-04 11:55:22,025 INFO     ___FILE_ONLY___ 

2022-11-04 11:55:22,025 DEBUG    root            Checking for updates...
2022-11-04 11:55:22,036 DEBUG    urllib3.connectionpool Starting new HTTPS connection (1): dl.google.com:443
2022-11-04 11:55:22,168 DEBUG    urllib3.connectionpool https://dl.google.com:443 "GET /dl/cloudsdk/channels/rapid/components-2.json HTTP/1.1" 200 203446
2022-11-04 11:55:22,439 DEBUG    root            Metrics reporting process started...
