2022-11-04 14:38:33,621 DEBUG    root            Loaded Command Group: ['gcloud', 'container', 'clusters']
2022-11-04 14:38:33,623 DEBUG    root            Loaded Command Group: ['gcloud', 'container', 'clusters', 'list']
2022-11-04 14:38:33,642 DEBUG    google.auth.transport.requests Making request: POST https://oauth2.googleapis.com/token
2022-11-04 14:38:33,655 DEBUG    urllib3.connectionpool Starting new HTTPS connection (1): oauth2.googleapis.com:443
2022-11-04 14:38:33,817 DEBUG    urllib3.connectionpool https://oauth2.googleapis.com:443 "POST /token HTTP/1.1" 200 None
2022-11-04 14:38:33,835 DEBUG    root            Running [gcloud.container.clusters.list] with arguments: []
2022-11-04 14:38:33,878 DEBUG    urllib3.connectionpool Starting new HTTPS connection (1): container.googleapis.com:443
2022-11-04 14:38:34,491 DEBUG    urllib3.connectionpool https://container.googleapis.com:443 "GET /v1/projects/cloud-dev-112233/locations/-/clusters?alt=json HTTP/1.1" 200 None
2022-11-04 14:38:34,550 INFO     root            Display format: "
    table(
        name,
        zone:label=LOCATION,
        master_version():label=MASTER_VERSION,
        endpoint:label=MASTER_IP,
        nodePools[0].config.machineType,
        currentNodeVersion:label=NODE_VERSION,
        firstof(currentNodeCount,initialNodeCount):label=NUM_NODES,
        status
    )
"
2022-11-04 14:38:34,572 INFO     ___FILE_ONLY___ NAME
2022-11-04 14:38:34,572 INFO     ___FILE_ONLY___                                
2022-11-04 14:38:34,572 INFO     ___FILE_ONLY___ LOCATION
2022-11-04 14:38:34,572 INFO     ___FILE_ONLY___         
2022-11-04 14:38:34,572 INFO     ___FILE_ONLY___ MASTER_VERSION
2022-11-04 14:38:34,572 INFO     ___FILE_ONLY___     
2022-11-04 14:38:34,572 INFO     ___FILE_ONLY___ MASTER_IP
2022-11-04 14:38:34,572 INFO     ___FILE_ONLY___        
2022-11-04 14:38:34,572 INFO     ___FILE_ONLY___ MACHINE_TYPE
2022-11-04 14:38:34,572 INFO     ___FILE_ONLY___    
2022-11-04 14:38:34,572 INFO     ___FILE_ONLY___ NODE_VERSION
2022-11-04 14:38:34,572 INFO     ___FILE_ONLY___         
2022-11-04 14:38:34,572 INFO     ___FILE_ONLY___ NUM_NODES
2022-11-04 14:38:34,572 INFO     ___FILE_ONLY___   
2022-11-04 14:38:34,572 INFO     ___FILE_ONLY___ STATUS
2022-11-04 14:38:34,572 INFO     ___FILE_ONLY___ 

2022-11-04 14:38:34,572 INFO     ___FILE_ONLY___ ondrei-13193
2022-11-04 14:38:34,572 INFO     ___FILE_ONLY___                        
2022-11-04 14:38:34,572 INFO     ___FILE_ONLY___ europe-west1-c
2022-11-04 14:38:34,572 INFO     ___FILE_ONLY___   
2022-11-04 14:38:34,572 INFO     ___FILE_ONLY___ 1.22.12-gke.2300
2022-11-04 14:38:34,572 INFO     ___FILE_ONLY___   
2022-11-04 14:38:34,573 INFO     ___FILE_ONLY___ 104.155.15.56
2022-11-04 14:38:34,573 INFO     ___FILE_ONLY___    
2022-11-04 14:38:34,573 INFO     ___FILE_ONLY___ n1-standard-4
2022-11-04 14:38:34,573 INFO     ___FILE_ONLY___   
2022-11-04 14:38:34,573 INFO     ___FILE_ONLY___ 1.21.14-gke.8500 *
2022-11-04 14:38:34,573 INFO     ___FILE_ONLY___   
2022-11-04 14:38:34,573 INFO     ___FILE_ONLY___ 3
2022-11-04 14:38:34,573 INFO     ___FILE_ONLY___           
2022-11-04 14:38:34,573 INFO     ___FILE_ONLY___ RUNNING
2022-11-04 14:38:34,573 INFO     ___FILE_ONLY___ 

2022-11-04 14:38:34,573 INFO     ___FILE_ONLY___ slava-pxc
2022-11-04 14:38:34,573 INFO     ___FILE_ONLY___                           
2022-11-04 14:38:34,573 INFO     ___FILE_ONLY___ europe-west3-a
2022-11-04 14:38:34,573 INFO     ___FILE_ONLY___   
2022-11-04 14:38:34,573 INFO     ___FILE_ONLY___ 1.23.12-gke.1600
2022-11-04 14:38:34,573 INFO     ___FILE_ONLY___   
2022-11-04 14:38:34,573 INFO     ___FILE_ONLY___ 34.141.61.47
2022-11-04 14:38:34,573 INFO     ___FILE_ONLY___     
2022-11-04 14:38:34,573 INFO     ___FILE_ONLY___ n1-standard-4
2022-11-04 14:38:34,573 INFO     ___FILE_ONLY___   
2022-11-04 14:38:34,573 INFO     ___FILE_ONLY___ 1.23.12-gke.1600
2022-11-04 14:38:34,573 INFO     ___FILE_ONLY___     
2022-11-04 14:38:34,573 INFO     ___FILE_ONLY___ 3
2022-11-04 14:38:34,573 INFO     ___FILE_ONLY___           
2022-11-04 14:38:34,573 INFO     ___FILE_ONLY___ RUNNING
2022-11-04 14:38:34,573 INFO     ___FILE_ONLY___ 

2022-11-04 14:38:34,573 INFO     ___FILE_ONLY___ inel-3505
2022-11-04 14:38:34,573 INFO     ___FILE_ONLY___                           
2022-11-04 14:38:34,573 INFO     ___FILE_ONLY___ europe-west3-b
2022-11-04 14:38:34,573 INFO     ___FILE_ONLY___   
2022-11-04 14:38:34,573 INFO     ___FILE_ONLY___ 1.21.14-gke.8500
2022-11-04 14:38:34,573 INFO     ___FILE_ONLY___   
2022-11-04 14:38:34,573 INFO     ___FILE_ONLY___ 34.141.46.79
2022-11-04 14:38:34,573 INFO     ___FILE_ONLY___     
2022-11-04 14:38:34,573 INFO     ___FILE_ONLY___ n1-standard-4
2022-11-04 14:38:34,573 INFO     ___FILE_ONLY___   
2022-11-04 14:38:34,573 INFO     ___FILE_ONLY___ 1.21.14-gke.8500
2022-11-04 14:38:34,573 INFO     ___FILE_ONLY___     
2022-11-04 14:38:34,574 INFO     ___FILE_ONLY___ 3
2022-11-04 14:38:34,574 INFO     ___FILE_ONLY___           
2022-11-04 14:38:34,574 INFO     ___FILE_ONLY___ RUNNING
2022-11-04 14:38:34,574 INFO     ___FILE_ONLY___ 

2022-11-04 14:38:34,574 INFO     ___FILE_ONLY___ max-30844
2022-11-04 14:38:34,574 INFO     ___FILE_ONLY___                           
2022-11-04 14:38:34,574 INFO     ___FILE_ONLY___ europe-west3-b
2022-11-04 14:38:34,574 INFO     ___FILE_ONLY___   
2022-11-04 14:38:34,574 INFO     ___FILE_ONLY___ 1.22.12-gke.2300
2022-11-04 14:38:34,574 INFO     ___FILE_ONLY___   
2022-11-04 14:38:34,574 INFO     ___FILE_ONLY___ 35.246.193.17
2022-11-04 14:38:34,574 INFO     ___FILE_ONLY___    
2022-11-04 14:38:34,574 INFO     ___FILE_ONLY___ n1-standard-4
2022-11-04 14:38:34,574 INFO     ___FILE_ONLY___   
2022-11-04 14:38:34,574 INFO     ___FILE_ONLY___ 1.21.14-gke.2700 *
2022-11-04 14:38:34,574 INFO     ___FILE_ONLY___   
2022-11-04 14:38:34,574 INFO     ___FILE_ONLY___ 3
2022-11-04 14:38:34,574 INFO     ___FILE_ONLY___           
2022-11-04 14:38:34,574 INFO     ___FILE_ONLY___ RUNNING
2022-11-04 14:38:34,574 INFO     ___FILE_ONLY___ 

2022-11-04 14:38:34,574 INFO     ___FILE_ONLY___ jen-pxc-1198-7d4e5ceb-21-cluster2
2022-11-04 14:38:34,574 INFO     ___FILE_ONLY___   
2022-11-04 14:38:34,574 INFO     ___FILE_ONLY___ us-central1-a
2022-11-04 14:38:34,574 INFO     ___FILE_ONLY___    
2022-11-04 14:38:34,574 INFO     ___FILE_ONLY___ 1.21.14-gke.8500
2022-11-04 14:38:34,574 INFO     ___FILE_ONLY___   
2022-11-04 14:38:34,574 INFO     ___FILE_ONLY___ 34.136.238.64
2022-11-04 14:38:34,574 INFO     ___FILE_ONLY___    
2022-11-04 14:38:34,574 INFO     ___FILE_ONLY___ n1-standard-4
2022-11-04 14:38:34,574 INFO     ___FILE_ONLY___   
2022-11-04 14:38:34,574 INFO     ___FILE_ONLY___ 1.21.14-gke.8500
2022-11-04 14:38:34,574 INFO     ___FILE_ONLY___     
2022-11-04 14:38:34,574 INFO     ___FILE_ONLY___ 3
2022-11-04 14:38:34,574 INFO     ___FILE_ONLY___           
2022-11-04 14:38:34,574 INFO     ___FILE_ONLY___ RUNNING
2022-11-04 14:38:34,574 INFO     ___FILE_ONLY___ 

2022-11-04 14:38:34,575 INFO     ___FILE_ONLY___ jen-pxc-1198-7d4e5ceb-21-cluster8
2022-11-04 14:38:34,575 INFO     ___FILE_ONLY___   
2022-11-04 14:38:34,575 INFO     ___FILE_ONLY___ us-central1-a
2022-11-04 14:38:34,575 INFO     ___FILE_ONLY___    
2022-11-04 14:38:34,575 INFO     ___FILE_ONLY___ 1.21.14-gke.8500
2022-11-04 14:38:34,575 INFO     ___FILE_ONLY___   
2022-11-04 14:38:34,575 INFO     ___FILE_ONLY___ 34.136.132.80
2022-11-04 14:38:34,575 INFO     ___FILE_ONLY___    
2022-11-04 14:38:34,575 INFO     ___FILE_ONLY___ n1-standard-4
2022-11-04 14:38:34,575 INFO     ___FILE_ONLY___   
2022-11-04 14:38:34,575 INFO     ___FILE_ONLY___ 1.21.14-gke.8500
2022-11-04 14:38:34,575 INFO     ___FILE_ONLY___     
2022-11-04 14:38:34,575 INFO     ___FILE_ONLY___ 3
2022-11-04 14:38:34,575 INFO     ___FILE_ONLY___           
2022-11-04 14:38:34,575 INFO     ___FILE_ONLY___ RUNNING
2022-11-04 14:38:34,575 INFO     ___FILE_ONLY___ 

2022-11-04 14:38:34,575 INFO     ___FILE_ONLY___ jen-pxc-1243-7a2ef8ec-53-cluster3
2022-11-04 14:38:34,575 INFO     ___FILE_ONLY___   
2022-11-04 14:38:34,575 INFO     ___FILE_ONLY___ us-central1-a
2022-11-04 14:38:34,575 INFO     ___FILE_ONLY___    
2022-11-04 14:38:34,575 INFO     ___FILE_ONLY___ 1.21.14-gke.8500
2022-11-04 14:38:34,575 INFO     ___FILE_ONLY___   
2022-11-04 14:38:34,575 INFO     ___FILE_ONLY___ 35.193.168.198
2022-11-04 14:38:34,575 INFO     ___FILE_ONLY___   
2022-11-04 14:38:34,575 INFO     ___FILE_ONLY___ n1-standard-4
2022-11-04 14:38:34,575 INFO     ___FILE_ONLY___   
2022-11-04 14:38:34,575 INFO     ___FILE_ONLY___ 1.21.14-gke.8500
2022-11-04 14:38:34,575 INFO     ___FILE_ONLY___     
2022-11-04 14:38:34,575 INFO     ___FILE_ONLY___ 3
2022-11-04 14:38:34,575 INFO     ___FILE_ONLY___           
2022-11-04 14:38:34,575 INFO     ___FILE_ONLY___ RUNNING
2022-11-04 14:38:34,575 INFO     ___FILE_ONLY___ 

2022-11-04 14:38:34,575 INFO     ___FILE_ONLY___ jen-pxc-1243-7a2ef8ec-53-cluster4
2022-11-04 14:38:34,575 INFO     ___FILE_ONLY___   
2022-11-04 14:38:34,575 INFO     ___FILE_ONLY___ us-central1-a
2022-11-04 14:38:34,575 INFO     ___FILE_ONLY___    
2022-11-04 14:38:34,575 INFO     ___FILE_ONLY___ 1.21.14-gke.8500
2022-11-04 14:38:34,575 INFO     ___FILE_ONLY___   
2022-11-04 14:38:34,575 INFO     ___FILE_ONLY___ 35.232.25.95
2022-11-04 14:38:34,575 INFO     ___FILE_ONLY___     
2022-11-04 14:38:34,575 INFO     ___FILE_ONLY___ n1-standard-4
2022-11-04 14:38:34,575 INFO     ___FILE_ONLY___   
2022-11-04 14:38:34,575 INFO     ___FILE_ONLY___ 1.21.14-gke.8500
2022-11-04 14:38:34,576 INFO     ___FILE_ONLY___     
2022-11-04 14:38:34,576 INFO     ___FILE_ONLY___ 3
2022-11-04 14:38:34,576 INFO     ___FILE_ONLY___           
2022-11-04 14:38:34,576 INFO     ___FILE_ONLY___ RUNNING
2022-11-04 14:38:34,576 INFO     ___FILE_ONLY___ 

2022-11-04 14:38:34,576 INFO     ___FILE_ONLY___ jen-pxc-1243-7a2ef8ec-53-cluster6
2022-11-04 14:38:34,576 INFO     ___FILE_ONLY___   
2022-11-04 14:38:34,576 INFO     ___FILE_ONLY___ us-central1-a
2022-11-04 14:38:34,576 INFO     ___FILE_ONLY___    
2022-11-04 14:38:34,576 INFO     ___FILE_ONLY___ 1.21.14-gke.8500
2022-11-04 14:38:34,576 INFO     ___FILE_ONLY___   
2022-11-04 14:38:34,576 INFO     ___FILE_ONLY___ 35.239.246.22
2022-11-04 14:38:34,576 INFO     ___FILE_ONLY___    
2022-11-04 14:38:34,576 INFO     ___FILE_ONLY___ n1-standard-4
2022-11-04 14:38:34,576 INFO     ___FILE_ONLY___   
2022-11-04 14:38:34,576 INFO     ___FILE_ONLY___ 1.21.14-gke.8500
2022-11-04 14:38:34,576 INFO     ___FILE_ONLY___     
2022-11-04 14:38:34,576 INFO     ___FILE_ONLY___ 3
2022-11-04 14:38:34,576 INFO     ___FILE_ONLY___           
2022-11-04 14:38:34,576 INFO     ___FILE_ONLY___ STOPPING
2022-11-04 14:38:34,576 INFO     ___FILE_ONLY___ 

2022-11-04 14:38:34,576 INFO     ___FILE_ONLY___ jen-pxc-1243-7a2ef8ec-53-cluster7
2022-11-04 14:38:34,576 INFO     ___FILE_ONLY___   
2022-11-04 14:38:34,576 INFO     ___FILE_ONLY___ us-central1-a
2022-11-04 14:38:34,576 INFO     ___FILE_ONLY___    
2022-11-04 14:38:34,576 INFO     ___FILE_ONLY___ 1.21.14-gke.8500
2022-11-04 14:38:34,576 INFO     ___FILE_ONLY___   
2022-11-04 14:38:34,576 INFO     ___FILE_ONLY___ 34.67.32.9
2022-11-04 14:38:34,576 INFO     ___FILE_ONLY___       
2022-11-04 14:38:34,576 INFO     ___FILE_ONLY___ n1-standard-4
2022-11-04 14:38:34,576 INFO     ___FILE_ONLY___   
2022-11-04 14:38:34,576 INFO     ___FILE_ONLY___ 1.21.14-gke.8500
2022-11-04 14:38:34,576 INFO     ___FILE_ONLY___     
2022-11-04 14:38:34,576 INFO     ___FILE_ONLY___ 3
2022-11-04 14:38:34,576 INFO     ___FILE_ONLY___           
2022-11-04 14:38:34,576 INFO     ___FILE_ONLY___ RUNNING
2022-11-04 14:38:34,576 INFO     ___FILE_ONLY___ 

2022-11-04 14:38:34,576 INFO     ___FILE_ONLY___ jenkins-pso-105593d-cluster2
2022-11-04 14:38:34,576 INFO     ___FILE_ONLY___        
2022-11-04 14:38:34,576 INFO     ___FILE_ONLY___ us-central1-a
2022-11-04 14:38:34,576 INFO     ___FILE_ONLY___    
2022-11-04 14:38:34,576 INFO     ___FILE_ONLY___ 1.21.14-gke.8500
2022-11-04 14:38:34,576 INFO     ___FILE_ONLY___   
2022-11-04 14:38:34,577 INFO     ___FILE_ONLY___ 34.66.198.29
2022-11-04 14:38:34,577 INFO     ___FILE_ONLY___     
2022-11-04 14:38:34,577 INFO     ___FILE_ONLY___ n1-standard-4
2022-11-04 14:38:34,577 INFO     ___FILE_ONLY___   
2022-11-04 14:38:34,577 INFO     ___FILE_ONLY___ 1.21.14-gke.8500
2022-11-04 14:38:34,577 INFO     ___FILE_ONLY___     
2022-11-04 14:38:34,577 INFO     ___FILE_ONLY___ 3
2022-11-04 14:38:34,577 INFO     ___FILE_ONLY___           
2022-11-04 14:38:34,577 INFO     ___FILE_ONLY___ RUNNING
2022-11-04 14:38:34,577 INFO     ___FILE_ONLY___ 

2022-11-04 14:38:34,577 INFO     ___FILE_ONLY___ plavi-124
2022-11-04 14:38:34,577 INFO     ___FILE_ONLY___                           
2022-11-04 14:38:34,577 INFO     ___FILE_ONLY___ us-central1-a
2022-11-04 14:38:34,577 INFO     ___FILE_ONLY___    
2022-11-04 14:38:34,577 INFO     ___FILE_ONLY___ 1.24.6-gke.1500
2022-11-04 14:38:34,577 INFO     ___FILE_ONLY___    
2022-11-04 14:38:34,577 INFO     ___FILE_ONLY___ 34.70.99.33
2022-11-04 14:38:34,577 INFO     ___FILE_ONLY___      
2022-11-04 14:38:34,577 INFO     ___FILE_ONLY___ n1-standard-4
2022-11-04 14:38:34,577 INFO     ___FILE_ONLY___   
2022-11-04 14:38:34,577 INFO     ___FILE_ONLY___ 1.24.6-gke.1500
2022-11-04 14:38:34,577 INFO     ___FILE_ONLY___      
2022-11-04 14:38:34,577 INFO     ___FILE_ONLY___ 3
2022-11-04 14:38:34,577 INFO     ___FILE_ONLY___           
2022-11-04 14:38:34,577 INFO     ___FILE_ONLY___ RUNNING
2022-11-04 14:38:34,577 INFO     ___FILE_ONLY___ 

2022-11-04 14:38:34,577 INFO     ___FILE_ONLY___ cap-666
2022-11-04 14:38:34,577 INFO     ___FILE_ONLY___                             
2022-11-04 14:38:34,577 INFO     ___FILE_ONLY___ us-central1-c
2022-11-04 14:38:34,577 INFO     ___FILE_ONLY___    
2022-11-04 14:38:34,577 INFO     ___FILE_ONLY___ 1.21.14-gke.8500
2022-11-04 14:38:34,577 INFO     ___FILE_ONLY___   
2022-11-04 14:38:34,577 INFO     ___FILE_ONLY___ 34.66.38.22
2022-11-04 14:38:34,577 INFO     ___FILE_ONLY___      
2022-11-04 14:38:34,577 INFO     ___FILE_ONLY___ n1-standard-4
2022-11-04 14:38:34,577 INFO     ___FILE_ONLY___   
2022-11-04 14:38:34,577 INFO     ___FILE_ONLY___ 1.21.14-gke.8500
2022-11-04 14:38:34,577 INFO     ___FILE_ONLY___     
2022-11-04 14:38:34,577 INFO     ___FILE_ONLY___ 3
2022-11-04 14:38:34,578 INFO     ___FILE_ONLY___           
2022-11-04 14:38:34,578 INFO     ___FILE_ONLY___ RUNNING
2022-11-04 14:38:34,578 INFO     ___FILE_ONLY___ 

2022-11-04 14:38:34,578 INFO     ___FILE_ONLY___ natali-22
2022-11-04 14:38:34,578 INFO     ___FILE_ONLY___                           
2022-11-04 14:38:34,578 INFO     ___FILE_ONLY___ us-central1-c
2022-11-04 14:38:34,578 INFO     ___FILE_ONLY___    
2022-11-04 14:38:34,578 INFO     ___FILE_ONLY___ 1.22.15-gke.1000
2022-11-04 14:38:34,578 INFO     ___FILE_ONLY___   
2022-11-04 14:38:34,578 INFO     ___FILE_ONLY___ 35.226.54.215
2022-11-04 14:38:34,578 INFO     ___FILE_ONLY___    
2022-11-04 14:38:34,578 INFO     ___FILE_ONLY___ n1-standard-4
2022-11-04 14:38:34,578 INFO     ___FILE_ONLY___   
2022-11-04 14:38:34,578 INFO     ___FILE_ONLY___ 1.22.15-gke.1000
2022-11-04 14:38:34,578 INFO     ___FILE_ONLY___     
2022-11-04 14:38:34,578 INFO     ___FILE_ONLY___ 3
2022-11-04 14:38:34,578 INFO     ___FILE_ONLY___           
2022-11-04 14:38:34,578 INFO     ___FILE_ONLY___ RUNNING
2022-11-04 14:38:34,578 INFO     ___FILE_ONLY___ 

2022-11-04 14:38:34,578 INFO     ___FILE_ONLY___ 
* - There is an upgrade available for your cluster(s).

To upgrade nodes to the latest available version, run
  $ gcloud container clusters upgrade NAME

2022-11-04 14:38:34,585 DEBUG    root            Metrics reporting process started...
