2022-11-04 15:17:30,216 DEBUG    root            Loaded Command Group: ['gcloud', 'config']
2022-11-04 15:17:30,217 DEBUG    root            Loaded Command Group: ['gcloud', 'config', 'config_helper']
2022-11-04 15:17:30,218 DEBUG    root            Running [gcloud.config.config-helper] with arguments: [--format: "json"]
2022-11-04 15:17:30,231 INFO     root            Display format: "default json"
2022-11-04 15:17:30,231 INFO     ___FILE_ONLY___ {
  "configuration": {
    "active_configuration": "percona-cloud-dev",
    "properties": {
      "core": {
        "account": "inel.pandzic@percona.com",
        "disable_usage_reporting": "False",
        "project": "cloud-dev-112233"
      }
    }
  },
  "credential": {
    "access_token": "ya29.a0Aa4xrXPsTg51c5FVcEx_6VWrS9XI0qkz69Y7iaOAvkkmk7C20nRwqDPJZ4H3MzfDUSVVhKK-Dbd9MjqSedjKQChWpjcctyvvLb2oiaTvCxZzwcJrL54WNAh_SEEqN8PNj-yjCbE52WntFvXCU4yM-tUDAlhSduOqoPjkhZAaCgYKAbUSARESFQEjDvL9X-lFLyhqI9YViATSCu3FlQ0174",
    "id_token": "eyJhbGciOiJSUzI1NiIsImtpZCI6Ijc3Y2MwZWY0YzcxODFjZjRjMGRjZWY3YjYwYWUyOGNjOTAyMmM3NmIiLCJ0eXAiOiJKV1QifQ.eyJpc3MiOiJodHRwczovL2FjY291bnRzLmdvb2dsZS5jb20iLCJhenAiOiIzMjU1NTk0MDU1OS5hcHBzLmdvb2dsZXVzZXJjb250ZW50LmNvbSIsImF1ZCI6IjMyNTU1OTQwNTU5LmFwcHMuZ29vZ2xldXNlcmNvbnRlbnQuY29tIiwic3ViIjoiMTA3NDA5ODEzMzQ0NTU5NDQzNDA3IiwiaGQiOiJwZXJjb25hLmNvbSIsImVtYWlsIjoiaW5lbC5wYW5kemljQHBlcmNvbmEuY29tIiwiZW1haWxfdmVyaWZpZWQiOnRydWUsImF0X2hhc2giOiJKRmpXZW5vWUJCXzl5VWR6eVhjT0JRIiwiaWF0IjoxNjY3NTY5MTEzLCJleHAiOjE2Njc1NzI3MTN9.ZpysulMmHZZpOidtx1y_v-pfUZ7jT2ODyuz5hu2J1dadAmOczKnleQsLdTZKwtsx-nH_mttwIR27Cr-5fOZvKNr-DVfN02d9lgsJIPEhNysvH7rvRUJ01Euq91oXqZ8-F4lCbTbyjVLWr3w58pblYUeIp2jxhpO-pJmTMqYToWfC9aQeOUnvPUE34Fkgw3nWzNU0ZgSQg1qSZGUfrR1HtcU__TY9L2M_QHQ6s9X9yYFWxyhPmKfmwopH8onSev4AR0ScFXQPVO5cQy6tS5aoaRrObWaC6h852S9fPZ6DThfnDuIoi3gMigY7sE9UEnro_rFqekkzNdO1CejA4lWrJQ",
    "token_expiry": "2022-11-04T14:38:32Z"
  },
  "sentinels": {
    "config_sentinel": "/Users/inelpandzic/.config/gcloud/config_sentinel"
  }
}
2022-11-04 15:17:30,231 INFO     ___FILE_ONLY___ 

2022-11-04 15:17:30,246 DEBUG    root            Metrics reporting process started...
