2022-11-04 15:40:15,718 DEBUG    root            Loaded Command Group: ['gcloud', 'config']
2022-11-04 15:40:15,720 DEBUG    root            Loaded Command Group: ['gcloud', 'config', 'config_helper']
2022-11-04 15:40:15,721 DEBUG    root            Running [gcloud.config.config-helper] with arguments: [--format: "json"]
2022-11-04 15:40:15,731 DEBUG    google.auth.transport.requests Making request: POST https://oauth2.googleapis.com/token
2022-11-04 15:40:15,744 DEBUG    urllib3.connectionpool Starting new HTTPS connection (1): oauth2.googleapis.com:443
2022-11-04 15:40:15,902 DEBUG    urllib3.connectionpool https://oauth2.googleapis.com:443 "POST /token HTTP/1.1" 200 None
2022-11-04 15:40:15,908 INFO     root            Display format: "default json"
2022-11-04 15:40:15,909 INFO     ___FILE_ONLY___ {
  "configuration": {
    "active_configuration": "percona-cloud-dev",
    "properties": {
      "core": {
        "account": "inel.pandzic@percona.com",
        "disable_usage_reporting": "False",
        "project": "cloud-dev-112233"
      }
    }
  },
  "credential": {
    "access_token": "ya29.a0Aa4xrXO1lLtQa-roFxlanij7wEBQD1Gb0YrA5KpCUjf0BieoB1ksLxEP8qAp7FAW2skwebpXR8CMEbob-FOShiSqLWyKhkZF4QTq7nxnYeDK6HGlXzTJiVM-kBJvJbxyRCCcuO8CMv2RE2A1fohYnGIvKamkZhBPBxpBVFQaCgYKAfgSARESFQEjDvL9qYBkWiavlnwntPSnbZBx-Q0174",
    "id_token": "eyJhbGciOiJSUzI1NiIsImtpZCI6Ijc3Y2MwZWY0YzcxODFjZjRjMGRjZWY3YjYwYWUyOGNjOTAyMmM3NmIiLCJ0eXAiOiJKV1QifQ.eyJpc3MiOiJodHRwczovL2FjY291bnRzLmdvb2dsZS5jb20iLCJhenAiOiIzMjU1NTk0MDU1OS5hcHBzLmdvb2dsZXVzZXJjb250ZW50LmNvbSIsImF1ZCI6IjMyNTU1OTQwNTU5LmFwcHMuZ29vZ2xldXNlcmNvbnRlbnQuY29tIiwic3ViIjoiMTA3NDA5ODEzMzQ0NTU5NDQzNDA3IiwiaGQiOiJwZXJjb25hLmNvbSIsImVtYWlsIjoiaW5lbC5wYW5kemljQHBlcmNvbmEuY29tIiwiZW1haWxfdmVyaWZpZWQiOnRydWUsImF0X2hhc2giOiI1MUFnc0JTcGkwdFJpbFRuY2swd2xBIiwiaWF0IjoxNjY3NTcyODE1LCJleHAiOjE2Njc1NzY0MTV9.QoJ8PvFhEraIjTc4bGkP3zpoK6FJiEJ1Un_HKZGsQCCjLgddP96gHOHoDtP9jTCz0U38iFYFZbQvM-8DhyubvG7bJ23w2RtZoaRj_cC9AGX-82_NRvM70oCp-HLyi2Q_Ui-WOAPAObl9oqn3Mrq1qfv0jU_GlFPntn8wFa3ka7Yc2_ZA_1Lte1oYwjRne1-bazag8J_a_m7GJ8k1op8947pwBhehSYwr0J-KWATa9n2J9MA_XeJ8jpe4OnjGMLbYNN3NaqimDwYty6DTUoZ0h992ZK7vtv3z6b-Am3ZL8jBS9FQROCgySY3xvFqxV4g8QhQv6obXpMXkGeJ5CSY4kQ",
    "token_expiry": "2022-11-04T15:40:14Z"
  },
  "sentinels": {
    "config_sentinel": "/Users/inelpandzic/.config/gcloud/config_sentinel"
  }
}
2022-11-04 15:40:15,909 INFO     ___FILE_ONLY___ 

2022-11-04 15:40:15,923 DEBUG    root            Metrics reporting process started...
