2023-12-15 10:03:01,809 DEBUG    root            Loaded Command Group: ['gcloud', 'config']
2023-12-15 10:03:01,811 DEBUG    root            Loaded Command Group: ['gcloud', 'config', 'config_helper']
2023-12-15 10:03:01,812 DEBUG    root            Running [gcloud.config.config-helper] with arguments: [--format: "json"]
2023-12-15 10:03:01,814 DEBUG    root            Chosen display Format:default json
2023-12-15 10:03:01,814 INFO     root            Display format: "default json"
2023-12-15 10:03:01,815 INFO     ___FILE_ONLY___ {
  "configuration": {
    "active_configuration": "percona-cloud-dev",
    "properties": {
      "core": {
        "account": "inel.pandzic@percona.com",
        "disable_usage_reporting": "False",
        "project": "cloud-dev-112233"
      }
    }
  },
  "credential": {
    "access_token": "ya29.a0AfB_byAo2VSdiaSbiKyYcR61HQhoOl2YkhlT_ORwE5pjvuI7MJkcUXSakzxjsUlJhYrFU_Lbd5KnpCbwEFtzJEnEP23KLWD_BciL1c9-TrOXecuDXK6ft796HOXfEevJtYIFDsFh2HJ8hQCMZAQN6sm1BG5bzkvTNoStaATWTZYcaCgYKAZoSARESFQHGX2MippyzzS2Ft9V2YEjMkmCPRw0179",
    "id_token": "eyJhbGciOiJSUzI1NiIsImtpZCI6IjBhZDFmZWM3ODUwNGY0NDdiYWU2NWJjZjVhZmFlZGI2NWVlYzllODEiLCJ0eXAiOiJKV1QifQ.eyJpc3MiOiJodHRwczovL2FjY291bnRzLmdvb2dsZS5jb20iLCJhenAiOiIzMjU1NTk0MDU1OS5hcHBzLmdvb2dsZXVzZXJjb250ZW50LmNvbSIsImF1ZCI6IjMyNTU1OTQwNTU5LmFwcHMuZ29vZ2xldXNlcmNvbnRlbnQuY29tIiwic3ViIjoiMTA3NDA5ODEzMzQ0NTU5NDQzNDA3IiwiaGQiOiJwZXJjb25hLmNvbSIsImVtYWlsIjoiaW5lbC5wYW5kemljQHBlcmNvbmEuY29tIiwiZW1haWxfdmVyaWZpZWQiOnRydWUsImF0X2hhc2giOiJyNEpIeEh2NXBmUnNTbVplYlFkWlN3IiwiaWF0IjoxNzAyNjMwOTc3LCJleHAiOjE3MDI2MzQ1Nzd9.MGubsItpUYV006GuiwBCMoE0adsjBbbZntedlPq6pvD0xA5hWd9RJeYTBzmSc49aR6nR0Nq_A39utKHve7q2q2F-zB_TqAZiEYGscQXaYYdLxKYMJ6myVu2XH5FeEs27oYcQzZBEV4jgvSH71FEd1UA7mK6bSs9-EGx9JW8LiL-3IcG9ZGYqKvQj-2WNxmuVEp5Er6FbNHvUYPHtgFKQXRxThBvdZNASToNb5_vr1kXwV9taHq4tKolxqp8Y5FEPk03p7QD9pTiVDUBhZ5lThleck-I5fCld2I6KdxYv4BBAG2stOcb_7PGFj7sqDC8-Hx7dzJai0uwchOUlM_7xrw",
    "token_expiry": "2023-12-15T10:02:56Z"
  },
  "sentinels": {
    "config_sentinel": "/Users/inelpandzic/.config/gcloud/config_sentinel"
  }
}
2023-12-15 10:03:01,815 INFO     ___FILE_ONLY___ 

2023-12-15 10:03:01,819 DEBUG    root            Metrics reporting process started...
