2023-12-15 14:55:17,828 DEBUG    root            Loaded Command Group: ['gcloud', 'container', 'clusters']
2023-12-15 14:55:17,830 DEBUG    root            Loaded Command Group: ['gcloud', 'container', 'clusters', 'list']
2023-12-15 14:55:17,853 DEBUG    root            Running [gcloud.container.clusters.list] with arguments: []
2023-12-15 14:55:17,978 DEBUG    urllib3.connectionpool Starting new HTTPS connection (1): container.googleapis.com:443
2023-12-15 14:55:18,773 DEBUG    urllib3.connectionpool https://container.googleapis.com:443 "GET /v1/projects/cloud-dev-112233/locations/-/clusters?alt=json HTTP/1.1" 200 None
2023-12-15 14:55:18,870 DEBUG    root            Chosen display Format:
    table(
        name,
        zone:label=LOCATION,
        master_version():label=MASTER_VERSION,
        endpoint:label=MASTER_IP,
        nodePools[0].config.machineType,
        currentNodeVersion:label=NODE_VERSION,
        firstof(currentNodeCount,initialNodeCount):label=NUM_NODES,
        status
    )

2023-12-15 14:55:18,871 INFO     root            Display format: "
    table(
        name,
        zone:label=LOCATION,
        master_version():label=MASTER_VERSION,
        endpoint:label=MASTER_IP,
        nodePools[0].config.machineType,
        currentNodeVersion:label=NODE_VERSION,
        firstof(currentNodeCount,initialNodeCount):label=NUM_NODES,
        status
    )
"
2023-12-15 14:55:18,898 INFO     ___FILE_ONLY___ NAME
2023-12-15 14:55:18,898 INFO     ___FILE_ONLY___                                
2023-12-15 14:55:18,898 INFO     ___FILE_ONLY___ LOCATION
2023-12-15 14:55:18,898 INFO     ___FILE_ONLY___         
2023-12-15 14:55:18,898 INFO     ___FILE_ONLY___ MASTER_VERSION
2023-12-15 14:55:18,898 INFO     ___FILE_ONLY___        
2023-12-15 14:55:18,898 INFO     ___FILE_ONLY___ MASTER_IP
2023-12-15 14:55:18,898 INFO     ___FILE_ONLY___         
2023-12-15 14:55:18,899 INFO     ___FILE_ONLY___ MACHINE_TYPE
2023-12-15 14:55:18,899 INFO     ___FILE_ONLY___    
2023-12-15 14:55:18,899 INFO     ___FILE_ONLY___ NODE_VERSION
2023-12-15 14:55:18,899 INFO     ___FILE_ONLY___          
2023-12-15 14:55:18,899 INFO     ___FILE_ONLY___ NUM_NODES
2023-12-15 14:55:18,899 INFO     ___FILE_ONLY___   
2023-12-15 14:55:18,899 INFO     ___FILE_ONLY___ STATUS
2023-12-15 14:55:18,899 INFO     ___FILE_ONLY___ 

2023-12-15 14:55:18,899 INFO     ___FILE_ONLY___ andrii-25425
2023-12-15 14:55:18,899 INFO     ___FILE_ONLY___                        
2023-12-15 14:55:18,899 INFO     ___FILE_ONLY___ europe-west1-c
2023-12-15 14:55:18,899 INFO     ___FILE_ONLY___   
2023-12-15 14:55:18,899 INFO     ___FILE_ONLY___ 1.24.17-gke.2364000
2023-12-15 14:55:18,899 INFO     ___FILE_ONLY___   
2023-12-15 14:55:18,899 INFO     ___FILE_ONLY___ 34.78.243.121
2023-12-15 14:55:18,899 INFO     ___FILE_ONLY___     
2023-12-15 14:55:18,899 INFO     ___FILE_ONLY___ n1-standard-4
2023-12-15 14:55:18,899 INFO     ___FILE_ONLY___   
2023-12-15 14:55:18,899 INFO     ___FILE_ONLY___ 1.24.17-gke.2364000
2023-12-15 14:55:18,899 INFO     ___FILE_ONLY___   
2023-12-15 14:55:18,899 INFO     ___FILE_ONLY___ 3
2023-12-15 14:55:18,899 INFO     ___FILE_ONLY___           
2023-12-15 14:55:18,899 INFO     ___FILE_ONLY___ RUNNING
2023-12-15 14:55:18,899 INFO     ___FILE_ONLY___ 

2023-12-15 14:55:18,899 INFO     ___FILE_ONLY___ plavi-1
2023-12-15 14:55:18,899 INFO     ___FILE_ONLY___                             
2023-12-15 14:55:18,899 INFO     ___FILE_ONLY___ europe-west1-c
2023-12-15 14:55:18,899 INFO     ___FILE_ONLY___   
2023-12-15 14:55:18,899 INFO     ___FILE_ONLY___ 1.28.4-gke.1083000
2023-12-15 14:55:18,899 INFO     ___FILE_ONLY___    
2023-12-15 14:55:18,899 INFO     ___FILE_ONLY___ 35.240.70.214
2023-12-15 14:55:18,899 INFO     ___FILE_ONLY___     
2023-12-15 14:55:18,899 INFO     ___FILE_ONLY___ n1-standard-4
2023-12-15 14:55:18,899 INFO     ___FILE_ONLY___   
2023-12-15 14:55:18,899 INFO     ___FILE_ONLY___ 1.28.4-gke.1083000
2023-12-15 14:55:18,899 INFO     ___FILE_ONLY___    
2023-12-15 14:55:18,899 INFO     ___FILE_ONLY___ 3
2023-12-15 14:55:18,899 INFO     ___FILE_ONLY___           
2023-12-15 14:55:18,899 INFO     ___FILE_ONLY___ RECONCILING
2023-12-15 14:55:18,899 INFO     ___FILE_ONLY___ 

2023-12-15 14:55:18,899 INFO     ___FILE_ONLY___ slava-pxc
2023-12-15 14:55:18,899 INFO     ___FILE_ONLY___                           
2023-12-15 14:55:18,899 INFO     ___FILE_ONLY___ europe-west1-c
2023-12-15 14:55:18,899 INFO     ___FILE_ONLY___   
2023-12-15 14:55:18,899 INFO     ___FILE_ONLY___ 1.27.8-gke.1067000
2023-12-15 14:55:18,900 INFO     ___FILE_ONLY___    
2023-12-15 14:55:18,900 INFO     ___FILE_ONLY___ 34.140.6.185
2023-12-15 14:55:18,900 INFO     ___FILE_ONLY___      
2023-12-15 14:55:18,900 INFO     ___FILE_ONLY___ n1-standard-4
2023-12-15 14:55:18,900 INFO     ___FILE_ONLY___   
2023-12-15 14:55:18,900 INFO     ___FILE_ONLY___ 1.27.8-gke.1067000
2023-12-15 14:55:18,900 INFO     ___FILE_ONLY___    
2023-12-15 14:55:18,900 INFO     ___FILE_ONLY___ 3
2023-12-15 14:55:18,900 INFO     ___FILE_ONLY___           
2023-12-15 14:55:18,900 INFO     ___FILE_ONLY___ RUNNING
2023-12-15 14:55:18,900 INFO     ___FILE_ONLY___ 

2023-12-15 14:55:18,900 INFO     ___FILE_ONLY___ ege-12444
2023-12-15 14:55:18,900 INFO     ___FILE_ONLY___                           
2023-12-15 14:55:18,900 INFO     ___FILE_ONLY___ europe-west3
2023-12-15 14:55:18,900 INFO     ___FILE_ONLY___     
2023-12-15 14:55:18,900 INFO     ___FILE_ONLY___ 1.28.4-gke.1083000
2023-12-15 14:55:18,900 INFO     ___FILE_ONLY___    
2023-12-15 14:55:18,900 INFO     ___FILE_ONLY___ 34.141.114.34
2023-12-15 14:55:18,900 INFO     ___FILE_ONLY___     
2023-12-15 14:55:18,900 INFO     ___FILE_ONLY___ n1-standard-4
2023-12-15 14:55:18,900 INFO     ___FILE_ONLY___   
2023-12-15 14:55:18,900 INFO     ___FILE_ONLY___ 1.28.4-gke.1083000
2023-12-15 14:55:18,900 INFO     ___FILE_ONLY___    
2023-12-15 14:55:18,900 INFO     ___FILE_ONLY___ 3
2023-12-15 14:55:18,900 INFO     ___FILE_ONLY___           
2023-12-15 14:55:18,900 INFO     ___FILE_ONLY___ RUNNING
2023-12-15 14:55:18,900 INFO     ___FILE_ONLY___ 

2023-12-15 14:55:18,900 INFO     ___FILE_ONLY___ inel-32674
2023-12-15 14:55:18,900 INFO     ___FILE_ONLY___                          
2023-12-15 14:55:18,900 INFO     ___FILE_ONLY___ europe-west3-b
2023-12-15 14:55:18,900 INFO     ___FILE_ONLY___   
2023-12-15 14:55:18,900 INFO     ___FILE_ONLY___ 1.25.16-gke.1041000
2023-12-15 14:55:18,900 INFO     ___FILE_ONLY___   
2023-12-15 14:55:18,900 INFO     ___FILE_ONLY___ 35.246.147.165
2023-12-15 14:55:18,900 INFO     ___FILE_ONLY___    
2023-12-15 14:55:18,900 INFO     ___FILE_ONLY___ n1-standard-4
2023-12-15 14:55:18,900 INFO     ___FILE_ONLY___   
2023-12-15 14:55:18,900 INFO     ___FILE_ONLY___ 1.25.16-gke.1041000
2023-12-15 14:55:18,900 INFO     ___FILE_ONLY___   
2023-12-15 14:55:18,900 INFO     ___FILE_ONLY___ 3
2023-12-15 14:55:18,900 INFO     ___FILE_ONLY___           
2023-12-15 14:55:18,900 INFO     ___FILE_ONLY___ RUNNING
2023-12-15 14:55:18,900 INFO     ___FILE_ONLY___ 

2023-12-15 14:55:18,900 INFO     ___FILE_ONLY___ jen-pg-611-4a0c4bcbe-5-cluster1
2023-12-15 14:55:18,900 INFO     ___FILE_ONLY___     
2023-12-15 14:55:18,900 INFO     ___FILE_ONLY___ us-central1-a
2023-12-15 14:55:18,900 INFO     ___FILE_ONLY___    
2023-12-15 14:55:18,900 INFO     ___FILE_ONLY___ 1.25.16-gke.1020000
2023-12-15 14:55:18,900 INFO     ___FILE_ONLY___   
2023-12-15 14:55:18,900 INFO     ___FILE_ONLY___ 34.66.161.152
2023-12-15 14:55:18,900 INFO     ___FILE_ONLY___     
2023-12-15 14:55:18,900 INFO     ___FILE_ONLY___ n1-standard-4
2023-12-15 14:55:18,901 INFO     ___FILE_ONLY___   
2023-12-15 14:55:18,901 INFO     ___FILE_ONLY___ 1.25.16-gke.1020000
2023-12-15 14:55:18,901 INFO     ___FILE_ONLY___   
2023-12-15 14:55:18,901 INFO     ___FILE_ONLY___ 3
2023-12-15 14:55:18,901 INFO     ___FILE_ONLY___           
2023-12-15 14:55:18,901 INFO     ___FILE_ONLY___ RUNNING
2023-12-15 14:55:18,901 INFO     ___FILE_ONLY___ 

2023-12-15 14:55:18,901 INFO     ___FILE_ONLY___ jen-pg-612-88fcd42f2-1-cluster1
2023-12-15 14:55:18,901 INFO     ___FILE_ONLY___     
2023-12-15 14:55:18,901 INFO     ___FILE_ONLY___ us-central1-a
2023-12-15 14:55:18,901 INFO     ___FILE_ONLY___    
2023-12-15 14:55:18,901 INFO     ___FILE_ONLY___ 1.25.16-gke.1020000
2023-12-15 14:55:18,901 INFO     ___FILE_ONLY___   
2023-12-15 14:55:18,901 INFO     ___FILE_ONLY___ 35.193.87.91
2023-12-15 14:55:18,901 INFO     ___FILE_ONLY___      
2023-12-15 14:55:18,901 INFO     ___FILE_ONLY___ n1-standard-4
2023-12-15 14:55:18,901 INFO     ___FILE_ONLY___   
2023-12-15 14:55:18,901 INFO     ___FILE_ONLY___ 1.25.16-gke.1020000
2023-12-15 14:55:18,901 INFO     ___FILE_ONLY___   
2023-12-15 14:55:18,901 INFO     ___FILE_ONLY___ 3
2023-12-15 14:55:18,901 INFO     ___FILE_ONLY___           
2023-12-15 14:55:18,901 INFO     ___FILE_ONLY___ RUNNING
2023-12-15 14:55:18,901 INFO     ___FILE_ONLY___ 

2023-12-15 14:55:18,901 INFO     ___FILE_ONLY___ jen-pg-612-88fcd42f2-1-cluster2
2023-12-15 14:55:18,901 INFO     ___FILE_ONLY___     
2023-12-15 14:55:18,901 INFO     ___FILE_ONLY___ us-central1-a
2023-12-15 14:55:18,901 INFO     ___FILE_ONLY___    
2023-12-15 14:55:18,901 INFO     ___FILE_ONLY___ 1.25.16-gke.1020000
2023-12-15 14:55:18,901 INFO     ___FILE_ONLY___   
2023-12-15 14:55:18,901 INFO     ___FILE_ONLY___ 35.232.242.112
2023-12-15 14:55:18,901 INFO     ___FILE_ONLY___    
2023-12-15 14:55:18,901 INFO     ___FILE_ONLY___ n1-standard-4
2023-12-15 14:55:18,901 INFO     ___FILE_ONLY___   
2023-12-15 14:55:18,901 INFO     ___FILE_ONLY___ 1.25.16-gke.1020000
2023-12-15 14:55:18,901 INFO     ___FILE_ONLY___   
2023-12-15 14:55:18,901 INFO     ___FILE_ONLY___ 3
2023-12-15 14:55:18,901 INFO     ___FILE_ONLY___           
2023-12-15 14:55:18,901 INFO     ___FILE_ONLY___ RUNNING
2023-12-15 14:55:18,901 INFO     ___FILE_ONLY___ 

2023-12-15 14:55:18,901 INFO     ___FILE_ONLY___ jen-pg-612-88fcd42f2-1-cluster3
2023-12-15 14:55:18,901 INFO     ___FILE_ONLY___     
2023-12-15 14:55:18,901 INFO     ___FILE_ONLY___ us-central1-a
2023-12-15 14:55:18,901 INFO     ___FILE_ONLY___    
2023-12-15 14:55:18,901 INFO     ___FILE_ONLY___ 1.25.16-gke.1020000
2023-12-15 14:55:18,901 INFO     ___FILE_ONLY___   
2023-12-15 14:55:18,901 INFO     ___FILE_ONLY___ 104.198.228.160
2023-12-15 14:55:18,901 INFO     ___FILE_ONLY___   
2023-12-15 14:55:18,901 INFO     ___FILE_ONLY___ n1-standard-4
2023-12-15 14:55:18,901 INFO     ___FILE_ONLY___   
2023-12-15 14:55:18,901 INFO     ___FILE_ONLY___ 1.25.16-gke.1020000
2023-12-15 14:55:18,901 INFO     ___FILE_ONLY___   
2023-12-15 14:55:18,901 INFO     ___FILE_ONLY___ 3
2023-12-15 14:55:18,901 INFO     ___FILE_ONLY___           
2023-12-15 14:55:18,902 INFO     ___FILE_ONLY___ RUNNING
2023-12-15 14:55:18,902 INFO     ___FILE_ONLY___ 

2023-12-15 14:55:18,902 INFO     ___FILE_ONLY___ jen-pg-612-88fcd42f2-1-cluster4
2023-12-15 14:55:18,902 INFO     ___FILE_ONLY___     
2023-12-15 14:55:18,902 INFO     ___FILE_ONLY___ us-central1-a
2023-12-15 14:55:18,902 INFO     ___FILE_ONLY___    
2023-12-15 14:55:18,902 INFO     ___FILE_ONLY___ 1.25.16-gke.1020000
2023-12-15 14:55:18,902 INFO     ___FILE_ONLY___   
2023-12-15 14:55:18,902 INFO     ___FILE_ONLY___ 34.68.174.4
2023-12-15 14:55:18,902 INFO     ___FILE_ONLY___       
2023-12-15 14:55:18,902 INFO     ___FILE_ONLY___ n1-standard-4
2023-12-15 14:55:18,902 INFO     ___FILE_ONLY___   
2023-12-15 14:55:18,902 INFO     ___FILE_ONLY___ 1.25.16-gke.1020000
2023-12-15 14:55:18,902 INFO     ___FILE_ONLY___   
2023-12-15 14:55:18,902 INFO     ___FILE_ONLY___ 3
2023-12-15 14:55:18,902 INFO     ___FILE_ONLY___           
2023-12-15 14:55:18,902 INFO     ___FILE_ONLY___ RUNNING
2023-12-15 14:55:18,902 INFO     ___FILE_ONLY___ 

2023-12-15 14:55:18,902 INFO     ___FILE_ONLY___ jen-pxc-1559-47c06367-3-cluster1
2023-12-15 14:55:18,902 INFO     ___FILE_ONLY___    
2023-12-15 14:55:18,902 INFO     ___FILE_ONLY___ us-central1-a
2023-12-15 14:55:18,902 INFO     ___FILE_ONLY___    
2023-12-15 14:55:18,902 INFO     ___FILE_ONLY___ 1.25.16-gke.1020000
2023-12-15 14:55:18,902 INFO     ___FILE_ONLY___   
2023-12-15 14:55:18,902 INFO     ___FILE_ONLY___ 34.72.69.221
2023-12-15 14:55:18,902 INFO     ___FILE_ONLY___      
2023-12-15 14:55:18,902 INFO     ___FILE_ONLY___ n1-standard-4
2023-12-15 14:55:18,902 INFO     ___FILE_ONLY___   
2023-12-15 14:55:18,902 INFO     ___FILE_ONLY___ 1.25.16-gke.1020000
2023-12-15 14:55:18,902 INFO     ___FILE_ONLY___   
2023-12-15 14:55:18,902 INFO     ___FILE_ONLY___ 3
2023-12-15 14:55:18,902 INFO     ___FILE_ONLY___           
2023-12-15 14:55:18,902 INFO     ___FILE_ONLY___ RUNNING
2023-12-15 14:55:18,902 INFO     ___FILE_ONLY___ 

2023-12-15 14:55:18,902 INFO     ___FILE_ONLY___ jen-pxc-1560-bd1f8b24-3-cluster8
2023-12-15 14:55:18,902 INFO     ___FILE_ONLY___    
2023-12-15 14:55:18,902 INFO     ___FILE_ONLY___ us-central1-a
2023-12-15 14:55:18,902 INFO     ___FILE_ONLY___    
2023-12-15 14:55:18,902 INFO     ___FILE_ONLY___ 1.25.16-gke.1020000
2023-12-15 14:55:18,902 INFO     ___FILE_ONLY___   
2023-12-15 14:55:18,902 INFO     ___FILE_ONLY___ 35.238.251.50
2023-12-15 14:55:18,902 INFO     ___FILE_ONLY___     
2023-12-15 14:55:18,902 INFO     ___FILE_ONLY___ n1-standard-4
2023-12-15 14:55:18,902 INFO     ___FILE_ONLY___   
2023-12-15 14:55:18,902 INFO     ___FILE_ONLY___ 1.25.16-gke.1020000
2023-12-15 14:55:18,902 INFO     ___FILE_ONLY___   
2023-12-15 14:55:18,902 INFO     ___FILE_ONLY___ 3
2023-12-15 14:55:18,902 INFO     ___FILE_ONLY___           
2023-12-15 14:55:18,902 INFO     ___FILE_ONLY___ RUNNING
2023-12-15 14:55:18,902 INFO     ___FILE_ONLY___ 

2023-12-15 14:55:18,902 INFO     ___FILE_ONLY___ jen-pxc-1560-bd1f8b24-3-cluster9
2023-12-15 14:55:18,902 INFO     ___FILE_ONLY___    
2023-12-15 14:55:18,902 INFO     ___FILE_ONLY___ us-central1-a
2023-12-15 14:55:18,902 INFO     ___FILE_ONLY___    
2023-12-15 14:55:18,903 INFO     ___FILE_ONLY___ 1.25.16-gke.1020000
2023-12-15 14:55:18,903 INFO     ___FILE_ONLY___   
2023-12-15 14:55:18,903 INFO     ___FILE_ONLY___ 34.173.43.101
2023-12-15 14:55:18,903 INFO     ___FILE_ONLY___     
2023-12-15 14:55:18,903 INFO     ___FILE_ONLY___ n1-standard-4
2023-12-15 14:55:18,903 INFO     ___FILE_ONLY___   
2023-12-15 14:55:18,903 INFO     ___FILE_ONLY___ 1.25.16-gke.1020000
2023-12-15 14:55:18,903 INFO     ___FILE_ONLY___   
2023-12-15 14:55:18,903 INFO     ___FILE_ONLY___ 3
2023-12-15 14:55:18,903 INFO     ___FILE_ONLY___           
2023-12-15 14:55:18,903 INFO     ___FILE_ONLY___ RUNNING
2023-12-15 14:55:18,903 INFO     ___FILE_ONLY___ 

2023-12-15 14:55:18,903 INFO     ___FILE_ONLY___ jenkins-ver-pg-c780c8d19-cluster2
2023-12-15 14:55:18,903 INFO     ___FILE_ONLY___   
2023-12-15 14:55:18,903 INFO     ___FILE_ONLY___ us-central1-c
2023-12-15 14:55:18,903 INFO     ___FILE_ONLY___    
2023-12-15 14:55:18,903 INFO     ___FILE_ONLY___ 1.28.4-gke.1083000
2023-12-15 14:55:18,903 INFO     ___FILE_ONLY___    
2023-12-15 14:55:18,903 INFO     ___FILE_ONLY___ 34.170.207.26
2023-12-15 14:55:18,903 INFO     ___FILE_ONLY___     
2023-12-15 14:55:18,903 INFO     ___FILE_ONLY___ n1-standard-4
2023-12-15 14:55:18,903 INFO     ___FILE_ONLY___   
2023-12-15 14:55:18,903 INFO     ___FILE_ONLY___ 1.28.4-gke.1083000
2023-12-15 14:55:18,903 INFO     ___FILE_ONLY___    
2023-12-15 14:55:18,903 INFO     ___FILE_ONLY___ 4
2023-12-15 14:55:18,903 INFO     ___FILE_ONLY___           
2023-12-15 14:55:18,903 INFO     ___FILE_ONLY___ RUNNING
2023-12-15 14:55:18,903 INFO     ___FILE_ONLY___ 

2023-12-15 14:55:18,903 INFO     ___FILE_ONLY___ natali-26
2023-12-15 14:55:18,903 INFO     ___FILE_ONLY___                           
2023-12-15 14:55:18,903 INFO     ___FILE_ONLY___ us-central1-c
2023-12-15 14:55:18,903 INFO     ___FILE_ONLY___    
2023-12-15 14:55:18,903 INFO     ___FILE_ONLY___ 1.26.11-gke.1055000
2023-12-15 14:55:18,903 INFO     ___FILE_ONLY___   
2023-12-15 14:55:18,903 INFO     ___FILE_ONLY___ 34.132.29.26
2023-12-15 14:55:18,903 INFO     ___FILE_ONLY___      
2023-12-15 14:55:18,903 INFO     ___FILE_ONLY___ n1-standard-4
2023-12-15 14:55:18,903 INFO     ___FILE_ONLY___   
2023-12-15 14:55:18,903 INFO     ___FILE_ONLY___ 1.26.11-gke.1055000
2023-12-15 14:55:18,903 INFO     ___FILE_ONLY___   
2023-12-15 14:55:18,903 INFO     ___FILE_ONLY___ 3
2023-12-15 14:55:18,903 INFO     ___FILE_ONLY___           
2023-12-15 14:55:18,903 INFO     ___FILE_ONLY___ RUNNING
2023-12-15 14:55:18,903 INFO     ___FILE_ONLY___ 

2023-12-15 14:55:18,910 DEBUG    root            Metrics reporting process started...
