2023-12-15 17:35:57,355 DEBUG    root            Loaded Command Group: ['gcloud', 'config']
2023-12-15 17:35:57,357 DEBUG    root            Loaded Command Group: ['gcloud', 'config', 'config_helper']
2023-12-15 17:35:57,358 DEBUG    root            Running [gcloud.config.config-helper] with arguments: [--format: "json"]
2023-12-15 17:35:57,371 DEBUG    google.auth.transport.requests Making request: POST https://oauth2.googleapis.com/token
2023-12-15 17:35:57,451 DEBUG    urllib3.connectionpool Starting new HTTPS connection (1): oauth2.googleapis.com:443
2023-12-15 17:35:57,622 DEBUG    urllib3.connectionpool https://oauth2.googleapis.com:443 "POST /token HTTP/1.1" 200 None
2023-12-15 17:35:57,643 DEBUG    root            Chosen display Format:default json
2023-12-15 17:35:57,643 INFO     root            Display format: "default json"
2023-12-15 17:35:57,644 INFO     ___FILE_ONLY___ {
  "configuration": {
    "active_configuration": "percona-cloud-dev",
    "properties": {
      "core": {
        "account": "inel.pandzic@percona.com",
        "disable_usage_reporting": "False",
        "project": "cloud-dev-112233"
      }
    }
  },
  "credential": {
    "access_token": "ya29.a0AfB_byAhgUR6ZgG_WgNO2WVmZb4nTw_HbYWFtCVwXwg5kjJOIYnN32xZh3sQ0B7w4Rs8BVf0MrlcVHOZqFMVJQKSdfx2LuXhYMJ_-O2Vo_Kk-4F7HYgx8EH5XUhQBkKBwmz0g7swx_ZU7hmZCHpInyTi2UGL5KyrtiFOXEAZsPBUaCgYKASwSARESFQHGX2MiZUDoPQW0D-TMUES58h8LWw0179",
    "id_token": "eyJhbGciOiJSUzI1NiIsImtpZCI6IjBhZDFmZWM3ODUwNGY0NDdiYWU2NWJjZjVhZmFlZGI2NWVlYzllODEiLCJ0eXAiOiJKV1QifQ.eyJpc3MiOiJodHRwczovL2FjY291bnRzLmdvb2dsZS5jb20iLCJhenAiOiIzMjU1NTk0MDU1OS5hcHBzLmdvb2dsZXVzZXJjb250ZW50LmNvbSIsImF1ZCI6IjMyNTU1OTQwNTU5LmFwcHMuZ29vZ2xldXNlcmNvbnRlbnQuY29tIiwic3ViIjoiMTA3NDA5ODEzMzQ0NTU5NDQzNDA3IiwiaGQiOiJwZXJjb25hLmNvbSIsImVtYWlsIjoiaW5lbC5wYW5kemljQHBlcmNvbmEuY29tIiwiZW1haWxfdmVyaWZpZWQiOnRydWUsImF0X2hhc2giOiJZeVJlYnIxZktyc05IbkJ4VmFpcVV3IiwiaWF0IjoxNzAyNjU4MTU3LCJleHAiOjE3MDI2NjE3NTd9.HMiCA4aDyE831exK-BXIl6zL8TWQmsaff1GDyMg7x3BQ_c5HeY0yFjZz6GsVNEQuPVOVLg7_9xAmhU5vb6xjnfSoIQI8Qs1HTOYPBOS90aij29Da6ZGhRTCpWabiI2iL7LkSYnPaYfLBm3hi4n7-AT-FX5IyJi7kJKQOmvpOthyUHYsI9ug0mYKOJpSXDgsmVDlQhoSkSPKb1R-Mi7MZq25kIUhD8YS1xTnfovTjxgEOEDvNpA1vF6Qztx1MKMKwAAJZZxujHPJD5u21AKR6GPDp4q74nSln6QUag872ztJx1NSaCLg36xQSYu6-dyXNX65HIapQpykaScoSs-dJNg",
    "token_expiry": "2023-12-15T17:35:56Z"
  },
  "sentinels": {
    "config_sentinel": "/Users/inelpandzic/.config/gcloud/config_sentinel"
  }
}
2023-12-15 17:35:57,644 INFO     ___FILE_ONLY___ 

2023-12-15 17:35:57,659 DEBUG    root            Metrics reporting process started...
