2023-12-15 18:08:29,178 DEBUG    root            Loaded Command Group: ['gcloud', 'projects']
2023-12-15 18:08:29,180 DEBUG    root            Loaded Command Group: ['gcloud', 'projects', 'describe']
2023-12-15 18:08:29,181 DEBUG    root            Running [gcloud.projects.describe] with arguments: [--account: "inel.pandzic@percona.com", --configuration: "percona-cloud-dev", --format: "value(name)", PROJECT_ID_OR_NUMBER: "cloud-dev-112233"]
2023-12-15 18:08:29,201 DEBUG    urllib3.connectionpool Starting new HTTPS connection (1): cloudresourcemanager.googleapis.com:443
2023-12-15 18:08:29,203 DEBUG    root            Caught socket error, retrying: HTTPSConnectionPool(host='cloudresourcemanager.googleapis.com', port=443): Max retries exceeded with url: /v1/projects/cloud-dev-112233?alt=json (Caused by NewConnectionError('<urllib3.connection.HTTPSConnection object at 0x1055b7d10>: Failed to establish a new connection: [Errno 8] nodename nor servname provided, or not known'))
2023-12-15 18:08:29,203 DEBUG    root            Retrying request to url https://cloudresourcemanager.googleapis.com/v1/projects/cloud-dev-112233?alt=json after exception HTTPSConnectionPool(host='cloudresourcemanager.googleapis.com', port=443): Max retries exceeded with url: /v1/projects/cloud-dev-112233?alt=json (Caused by NewConnectionError('<urllib3.connection.HTTPSConnection object at 0x1055b7d10>: Failed to establish a new connection: [Errno 8] nodename nor servname provided, or not known'))
2023-12-15 18:08:31,080 DEBUG    urllib3.connectionpool Starting new HTTPS connection (1): cloudresourcemanager.googleapis.com:443
2023-12-15 18:08:31,082 DEBUG    root            Caught socket error, retrying: HTTPSConnectionPool(host='cloudresourcemanager.googleapis.com', port=443): Max retries exceeded with url: /v1/projects/cloud-dev-112233?alt=json (Caused by NewConnectionError('<urllib3.connection.HTTPSConnection object at 0x1055b6e50>: Failed to establish a new connection: [Errno 8] nodename nor servname provided, or not known'))
2023-12-15 18:08:31,082 DEBUG    root            Retrying request to url https://cloudresourcemanager.googleapis.com/v1/projects/cloud-dev-112233?alt=json after exception HTTPSConnectionPool(host='cloudresourcemanager.googleapis.com', port=443): Max retries exceeded with url: /v1/projects/cloud-dev-112233?alt=json (Caused by NewConnectionError('<urllib3.connection.HTTPSConnection object at 0x1055b6e50>: Failed to establish a new connection: [Errno 8] nodename nor servname provided, or not known'))
2023-12-15 18:25:30,306 DEBUG    urllib3.connectionpool Starting new HTTPS connection (1): cloudresourcemanager.googleapis.com:443
2023-12-15 18:25:30,308 DEBUG    root            Caught socket error, retrying: HTTPSConnectionPool(host='cloudresourcemanager.googleapis.com', port=443): Max retries exceeded with url: /v1/projects/cloud-dev-112233?alt=json (Caused by NewConnectionError('<urllib3.connection.HTTPSConnection object at 0x10565d450>: Failed to establish a new connection: [Errno 8] nodename nor servname provided, or not known'))
2023-12-15 18:25:30,308 DEBUG    root            Retrying request to url https://cloudresourcemanager.googleapis.com/v1/projects/cloud-dev-112233?alt=json after exception HTTPSConnectionPool(host='cloudresourcemanager.googleapis.com', port=443): Max retries exceeded with url: /v1/projects/cloud-dev-112233?alt=json (Caused by NewConnectionError('<urllib3.connection.HTTPSConnection object at 0x10565d450>: Failed to establish a new connection: [Errno 8] nodename nor servname provided, or not known'))
2023-12-15 18:34:33,576 DEBUG    urllib3.connectionpool Starting new HTTPS connection (1): cloudresourcemanager.googleapis.com:443
2023-12-15 18:34:33,580 DEBUG    root            Caught socket error, retrying: HTTPSConnectionPool(host='cloudresourcemanager.googleapis.com', port=443): Max retries exceeded with url: /v1/projects/cloud-dev-112233?alt=json (Caused by NewConnectionError('<urllib3.connection.HTTPSConnection object at 0x10565ca50>: Failed to establish a new connection: [Errno 8] nodename nor servname provided, or not known'))
2023-12-15 18:34:33,581 DEBUG    root            Retrying request to url https://cloudresourcemanager.googleapis.com/v1/projects/cloud-dev-112233?alt=json after exception HTTPSConnectionPool(host='cloudresourcemanager.googleapis.com', port=443): Max retries exceeded with url: /v1/projects/cloud-dev-112233?alt=json (Caused by NewConnectionError('<urllib3.connection.HTTPSConnection object at 0x10565ca50>: Failed to establish a new connection: [Errno 8] nodename nor servname provided, or not known'))
2023-12-15 18:34:50,115 DEBUG    urllib3.connectionpool Starting new HTTPS connection (1): cloudresourcemanager.googleapis.com:443
2023-12-15 18:34:50,988 DEBUG    urllib3.connectionpool https://cloudresourcemanager.googleapis.com:443 "GET /v1/projects/cloud-dev-112233?alt=json HTTP/1.1" 200 None
2023-12-15 18:34:50,998 DEBUG    root            Chosen display Format:default value(name)
2023-12-15 18:34:51,000 INFO     root            Display format: "default value(name)"
2023-12-15 18:34:51,002 INFO     ___FILE_ONLY___ cloud-dev

2023-12-15 18:34:51,021 DEBUG    root            Metrics reporting process started...
