2023-07-03 08:43:01,512 DEBUG    root            Loaded Command Group: ['gcloud', 'container', 'clusters']
2023-07-03 08:43:01,516 DEBUG    root            Loaded Command Group: ['gcloud', 'container', 'clusters', 'create']
2023-07-03 08:43:01,534 DEBUG    root            Running [gcloud.container.clusters.create] with arguments: [--cluster-version: "1.25", --disk-size: "32212254720", --labels: "OrderedDict([('delete-cluster-after-hours', '10')])", --machine-type: "n1-standard-4", --no-enable-autoupgrade: "False", --num-nodes: "3", --preemptible: "True", --zone: "europe-west3-b", NAME: "inel-31776"]
2023-07-03 08:43:01,538 INFO     ___FILE_ONLY___ Default change: VPC-native is the default mode during cluster creation for versions greater than 1.21.0-gke.1500. To create advanced routes based clusters, please pass the `--no-enable-ip-alias` flag

2023-07-03 08:43:01,538 INFO     ___FILE_ONLY___ Default change: During creation of nodepools or autoscaling configuration changes for cluster versions greater than 1.24.1-gke.800 a default location policy is applied. For Spot and PVM it defaults to ANY, and for all other VM kinds a BALANCED policy is used. To change the default values use the `--location-policy` flag.

2023-07-03 08:43:01,538 INFO     ___FILE_ONLY___ Note: Your Pod address range (`--cluster-ipv4-cidr`) can accommodate at most 1008 node(s).

2023-07-03 08:43:01,586 DEBUG    urllib3.connectionpool Starting new HTTPS connection (1): container.googleapis.com:443
2023-07-03 08:43:06,611 DEBUG    urllib3.connectionpool https://container.googleapis.com:443 "POST /v1/projects/cloud-dev-112233/locations/europe-west3-b/clusters?alt=json HTTP/1.1" 200 None
2023-07-03 08:43:06,616 INFO     ___FILE_ONLY___ Creating cluster inel-31776 in europe-west3-b...
2023-07-03 08:43:06,621 DEBUG    urllib3.connectionpool Starting new HTTPS connection (1): container.googleapis.com:443
2023-07-03 08:43:06,839 DEBUG    urllib3.connectionpool https://container.googleapis.com:443 "GET /v1/projects/cloud-dev-112233/locations/europe-west3-b/operations/operation-1688366586473-002044ea-ff2a-4ad5-a662-6219d688b3ce?alt=json HTTP/1.1" 200 None
2023-07-03 08:43:11,852 DEBUG    urllib3.connectionpool Starting new HTTPS connection (1): container.googleapis.com:443
2023-07-03 08:43:12,072 DEBUG    urllib3.connectionpool https://container.googleapis.com:443 "GET /v1/projects/cloud-dev-112233/locations/europe-west3-b/operations/operation-1688366586473-002044ea-ff2a-4ad5-a662-6219d688b3ce?alt=json HTTP/1.1" 200 None
2023-07-03 08:43:17,082 DEBUG    urllib3.connectionpool Starting new HTTPS connection (1): container.googleapis.com:443
2023-07-03 08:43:17,309 DEBUG    urllib3.connectionpool https://container.googleapis.com:443 "GET /v1/projects/cloud-dev-112233/locations/europe-west3-b/operations/operation-1688366586473-002044ea-ff2a-4ad5-a662-6219d688b3ce?alt=json HTTP/1.1" 200 None
2023-07-03 08:43:22,329 DEBUG    urllib3.connectionpool Starting new HTTPS connection (1): container.googleapis.com:443
2023-07-03 08:43:22,558 DEBUG    urllib3.connectionpool https://container.googleapis.com:443 "GET /v1/projects/cloud-dev-112233/locations/europe-west3-b/operations/operation-1688366586473-002044ea-ff2a-4ad5-a662-6219d688b3ce?alt=json HTTP/1.1" 200 None
2023-07-03 08:43:27,574 DEBUG    urllib3.connectionpool Starting new HTTPS connection (1): container.googleapis.com:443
2023-07-03 08:43:27,797 DEBUG    urllib3.connectionpool https://container.googleapis.com:443 "GET /v1/projects/cloud-dev-112233/locations/europe-west3-b/operations/operation-1688366586473-002044ea-ff2a-4ad5-a662-6219d688b3ce?alt=json HTTP/1.1" 200 None
2023-07-03 08:43:32,809 DEBUG    urllib3.connectionpool Starting new HTTPS connection (1): container.googleapis.com:443
2023-07-03 08:43:33,031 DEBUG    urllib3.connectionpool https://container.googleapis.com:443 "GET /v1/projects/cloud-dev-112233/locations/europe-west3-b/operations/operation-1688366586473-002044ea-ff2a-4ad5-a662-6219d688b3ce?alt=json HTTP/1.1" 200 None
2023-07-03 08:43:38,043 DEBUG    urllib3.connectionpool Starting new HTTPS connection (1): container.googleapis.com:443
2023-07-03 08:43:38,231 DEBUG    urllib3.connectionpool https://container.googleapis.com:443 "GET /v1/projects/cloud-dev-112233/locations/europe-west3-b/operations/operation-1688366586473-002044ea-ff2a-4ad5-a662-6219d688b3ce?alt=json HTTP/1.1" 200 None
2023-07-03 08:43:43,243 DEBUG    urllib3.connectionpool Starting new HTTPS connection (1): container.googleapis.com:443
2023-07-03 08:43:43,453 DEBUG    urllib3.connectionpool https://container.googleapis.com:443 "GET /v1/projects/cloud-dev-112233/locations/europe-west3-b/operations/operation-1688366586473-002044ea-ff2a-4ad5-a662-6219d688b3ce?alt=json HTTP/1.1" 200 None
2023-07-03 08:43:48,466 DEBUG    urllib3.connectionpool Starting new HTTPS connection (1): container.googleapis.com:443
2023-07-03 08:43:48,649 DEBUG    urllib3.connectionpool https://container.googleapis.com:443 "GET /v1/projects/cloud-dev-112233/locations/europe-west3-b/operations/operation-1688366586473-002044ea-ff2a-4ad5-a662-6219d688b3ce?alt=json HTTP/1.1" 200 None
2023-07-03 08:43:53,658 DEBUG    urllib3.connectionpool Starting new HTTPS connection (1): container.googleapis.com:443
2023-07-03 08:43:53,844 DEBUG    urllib3.connectionpool https://container.googleapis.com:443 "GET /v1/projects/cloud-dev-112233/locations/europe-west3-b/operations/operation-1688366586473-002044ea-ff2a-4ad5-a662-6219d688b3ce?alt=json HTTP/1.1" 200 None
2023-07-03 08:43:58,852 DEBUG    urllib3.connectionpool Starting new HTTPS connection (1): container.googleapis.com:443
2023-07-03 08:43:59,063 DEBUG    urllib3.connectionpool https://container.googleapis.com:443 "GET /v1/projects/cloud-dev-112233/locations/europe-west3-b/operations/operation-1688366586473-002044ea-ff2a-4ad5-a662-6219d688b3ce?alt=json HTTP/1.1" 200 None
2023-07-03 08:44:04,077 DEBUG    urllib3.connectionpool Starting new HTTPS connection (1): container.googleapis.com:443
2023-07-03 08:44:04,280 DEBUG    urllib3.connectionpool https://container.googleapis.com:443 "GET /v1/projects/cloud-dev-112233/locations/europe-west3-b/operations/operation-1688366586473-002044ea-ff2a-4ad5-a662-6219d688b3ce?alt=json HTTP/1.1" 200 None
2023-07-03 08:44:09,294 DEBUG    urllib3.connectionpool Starting new HTTPS connection (1): container.googleapis.com:443
2023-07-03 08:44:09,515 DEBUG    urllib3.connectionpool https://container.googleapis.com:443 "GET /v1/projects/cloud-dev-112233/locations/europe-west3-b/operations/operation-1688366586473-002044ea-ff2a-4ad5-a662-6219d688b3ce?alt=json HTTP/1.1" 200 None
2023-07-03 08:44:14,525 DEBUG    urllib3.connectionpool Starting new HTTPS connection (1): container.googleapis.com:443
2023-07-03 08:44:14,751 DEBUG    urllib3.connectionpool https://container.googleapis.com:443 "GET /v1/projects/cloud-dev-112233/locations/europe-west3-b/operations/operation-1688366586473-002044ea-ff2a-4ad5-a662-6219d688b3ce?alt=json HTTP/1.1" 200 None
2023-07-03 08:44:19,765 DEBUG    urllib3.connectionpool Starting new HTTPS connection (1): container.googleapis.com:443
2023-07-03 08:44:19,978 DEBUG    urllib3.connectionpool https://container.googleapis.com:443 "GET /v1/projects/cloud-dev-112233/locations/europe-west3-b/operations/operation-1688366586473-002044ea-ff2a-4ad5-a662-6219d688b3ce?alt=json HTTP/1.1" 200 None
2023-07-03 08:44:24,992 DEBUG    urllib3.connectionpool Starting new HTTPS connection (1): container.googleapis.com:443
2023-07-03 08:44:25,213 DEBUG    urllib3.connectionpool https://container.googleapis.com:443 "GET /v1/projects/cloud-dev-112233/locations/europe-west3-b/operations/operation-1688366586473-002044ea-ff2a-4ad5-a662-6219d688b3ce?alt=json HTTP/1.1" 200 None
2023-07-03 08:44:30,228 DEBUG    urllib3.connectionpool Starting new HTTPS connection (1): container.googleapis.com:443
2023-07-03 08:44:30,433 DEBUG    urllib3.connectionpool https://container.googleapis.com:443 "GET /v1/projects/cloud-dev-112233/locations/europe-west3-b/operations/operation-1688366586473-002044ea-ff2a-4ad5-a662-6219d688b3ce?alt=json HTTP/1.1" 200 None
2023-07-03 08:44:35,447 DEBUG    urllib3.connectionpool Starting new HTTPS connection (1): container.googleapis.com:443
2023-07-03 08:44:35,679 DEBUG    urllib3.connectionpool https://container.googleapis.com:443 "GET /v1/projects/cloud-dev-112233/locations/europe-west3-b/operations/operation-1688366586473-002044ea-ff2a-4ad5-a662-6219d688b3ce?alt=json HTTP/1.1" 200 None
2023-07-03 08:44:40,694 DEBUG    urllib3.connectionpool Starting new HTTPS connection (1): container.googleapis.com:443
2023-07-03 08:44:40,917 DEBUG    urllib3.connectionpool https://container.googleapis.com:443 "GET /v1/projects/cloud-dev-112233/locations/europe-west3-b/operations/operation-1688366586473-002044ea-ff2a-4ad5-a662-6219d688b3ce?alt=json HTTP/1.1" 200 None
2023-07-03 08:44:45,933 DEBUG    urllib3.connectionpool Starting new HTTPS connection (1): container.googleapis.com:443
2023-07-03 08:44:46,137 DEBUG    urllib3.connectionpool https://container.googleapis.com:443 "GET /v1/projects/cloud-dev-112233/locations/europe-west3-b/operations/operation-1688366586473-002044ea-ff2a-4ad5-a662-6219d688b3ce?alt=json HTTP/1.1" 200 None
2023-07-03 08:44:51,152 DEBUG    urllib3.connectionpool Starting new HTTPS connection (1): container.googleapis.com:443
2023-07-03 08:44:51,379 DEBUG    urllib3.connectionpool https://container.googleapis.com:443 "GET /v1/projects/cloud-dev-112233/locations/europe-west3-b/operations/operation-1688366586473-002044ea-ff2a-4ad5-a662-6219d688b3ce?alt=json HTTP/1.1" 200 None
2023-07-03 08:44:56,390 DEBUG    urllib3.connectionpool Starting new HTTPS connection (1): container.googleapis.com:443
2023-07-03 08:44:56,637 DEBUG    urllib3.connectionpool https://container.googleapis.com:443 "GET /v1/projects/cloud-dev-112233/locations/europe-west3-b/operations/operation-1688366586473-002044ea-ff2a-4ad5-a662-6219d688b3ce?alt=json HTTP/1.1" 200 None
2023-07-03 08:45:01,653 DEBUG    urllib3.connectionpool Starting new HTTPS connection (1): container.googleapis.com:443
2023-07-03 08:45:01,874 DEBUG    urllib3.connectionpool https://container.googleapis.com:443 "GET /v1/projects/cloud-dev-112233/locations/europe-west3-b/operations/operation-1688366586473-002044ea-ff2a-4ad5-a662-6219d688b3ce?alt=json HTTP/1.1" 200 None
2023-07-03 08:45:06,891 DEBUG    urllib3.connectionpool Starting new HTTPS connection (1): container.googleapis.com:443
2023-07-03 08:45:07,093 DEBUG    urllib3.connectionpool https://container.googleapis.com:443 "GET /v1/projects/cloud-dev-112233/locations/europe-west3-b/operations/operation-1688366586473-002044ea-ff2a-4ad5-a662-6219d688b3ce?alt=json HTTP/1.1" 200 None
2023-07-03 08:45:12,109 DEBUG    urllib3.connectionpool Starting new HTTPS connection (1): container.googleapis.com:443
2023-07-03 08:45:12,328 DEBUG    urllib3.connectionpool https://container.googleapis.com:443 "GET /v1/projects/cloud-dev-112233/locations/europe-west3-b/operations/operation-1688366586473-002044ea-ff2a-4ad5-a662-6219d688b3ce?alt=json HTTP/1.1" 200 None
2023-07-03 08:45:17,348 DEBUG    urllib3.connectionpool Starting new HTTPS connection (1): container.googleapis.com:443
2023-07-03 08:45:17,577 DEBUG    urllib3.connectionpool https://container.googleapis.com:443 "GET /v1/projects/cloud-dev-112233/locations/europe-west3-b/operations/operation-1688366586473-002044ea-ff2a-4ad5-a662-6219d688b3ce?alt=json HTTP/1.1" 200 None
2023-07-03 08:45:22,592 DEBUG    urllib3.connectionpool Starting new HTTPS connection (1): container.googleapis.com:443
2023-07-03 08:45:22,812 DEBUG    urllib3.connectionpool https://container.googleapis.com:443 "GET /v1/projects/cloud-dev-112233/locations/europe-west3-b/operations/operation-1688366586473-002044ea-ff2a-4ad5-a662-6219d688b3ce?alt=json HTTP/1.1" 200 None
2023-07-03 08:45:27,831 DEBUG    urllib3.connectionpool Starting new HTTPS connection (1): container.googleapis.com:443
2023-07-03 08:45:28,051 DEBUG    urllib3.connectionpool https://container.googleapis.com:443 "GET /v1/projects/cloud-dev-112233/locations/europe-west3-b/operations/operation-1688366586473-002044ea-ff2a-4ad5-a662-6219d688b3ce?alt=json HTTP/1.1" 200 None
2023-07-03 08:45:33,069 DEBUG    urllib3.connectionpool Starting new HTTPS connection (1): container.googleapis.com:443
2023-07-03 08:45:33,274 DEBUG    urllib3.connectionpool https://container.googleapis.com:443 "GET /v1/projects/cloud-dev-112233/locations/europe-west3-b/operations/operation-1688366586473-002044ea-ff2a-4ad5-a662-6219d688b3ce?alt=json HTTP/1.1" 200 None
2023-07-03 08:45:38,290 DEBUG    urllib3.connectionpool Starting new HTTPS connection (1): container.googleapis.com:443
2023-07-03 08:45:38,507 DEBUG    urllib3.connectionpool https://container.googleapis.com:443 "GET /v1/projects/cloud-dev-112233/locations/europe-west3-b/operations/operation-1688366586473-002044ea-ff2a-4ad5-a662-6219d688b3ce?alt=json HTTP/1.1" 200 None
2023-07-03 08:45:43,516 DEBUG    urllib3.connectionpool Starting new HTTPS connection (1): container.googleapis.com:443
2023-07-03 08:45:43,732 DEBUG    urllib3.connectionpool https://container.googleapis.com:443 "GET /v1/projects/cloud-dev-112233/locations/europe-west3-b/operations/operation-1688366586473-002044ea-ff2a-4ad5-a662-6219d688b3ce?alt=json HTTP/1.1" 200 None
2023-07-03 08:45:48,743 DEBUG    urllib3.connectionpool Starting new HTTPS connection (1): container.googleapis.com:443
2023-07-03 08:45:48,938 DEBUG    urllib3.connectionpool https://container.googleapis.com:443 "GET /v1/projects/cloud-dev-112233/locations/europe-west3-b/operations/operation-1688366586473-002044ea-ff2a-4ad5-a662-6219d688b3ce?alt=json HTTP/1.1" 200 None
2023-07-03 08:45:53,961 DEBUG    urllib3.connectionpool Starting new HTTPS connection (1): container.googleapis.com:443
2023-07-03 08:45:54,181 DEBUG    urllib3.connectionpool https://container.googleapis.com:443 "GET /v1/projects/cloud-dev-112233/locations/europe-west3-b/operations/operation-1688366586473-002044ea-ff2a-4ad5-a662-6219d688b3ce?alt=json HTTP/1.1" 200 None
2023-07-03 08:45:59,202 DEBUG    urllib3.connectionpool Starting new HTTPS connection (1): container.googleapis.com:443
2023-07-03 08:45:59,431 DEBUG    urllib3.connectionpool https://container.googleapis.com:443 "GET /v1/projects/cloud-dev-112233/locations/europe-west3-b/operations/operation-1688366586473-002044ea-ff2a-4ad5-a662-6219d688b3ce?alt=json HTTP/1.1" 200 None
2023-07-03 08:46:04,450 DEBUG    urllib3.connectionpool Starting new HTTPS connection (1): container.googleapis.com:443
2023-07-03 08:46:04,672 DEBUG    urllib3.connectionpool https://container.googleapis.com:443 "GET /v1/projects/cloud-dev-112233/locations/europe-west3-b/operations/operation-1688366586473-002044ea-ff2a-4ad5-a662-6219d688b3ce?alt=json HTTP/1.1" 200 None
2023-07-03 08:46:09,689 DEBUG    urllib3.connectionpool Starting new HTTPS connection (1): container.googleapis.com:443
2023-07-03 08:46:09,898 DEBUG    urllib3.connectionpool https://container.googleapis.com:443 "GET /v1/projects/cloud-dev-112233/locations/europe-west3-b/operations/operation-1688366586473-002044ea-ff2a-4ad5-a662-6219d688b3ce?alt=json HTTP/1.1" 200 None
2023-07-03 08:46:14,912 DEBUG    urllib3.connectionpool Starting new HTTPS connection (1): container.googleapis.com:443
2023-07-03 08:46:15,136 DEBUG    urllib3.connectionpool https://container.googleapis.com:443 "GET /v1/projects/cloud-dev-112233/locations/europe-west3-b/operations/operation-1688366586473-002044ea-ff2a-4ad5-a662-6219d688b3ce?alt=json HTTP/1.1" 200 None
2023-07-03 08:46:20,152 DEBUG    urllib3.connectionpool Starting new HTTPS connection (1): container.googleapis.com:443
2023-07-03 08:46:20,382 DEBUG    urllib3.connectionpool https://container.googleapis.com:443 "GET /v1/projects/cloud-dev-112233/locations/europe-west3-b/operations/operation-1688366586473-002044ea-ff2a-4ad5-a662-6219d688b3ce?alt=json HTTP/1.1" 200 None
2023-07-03 08:46:25,394 DEBUG    urllib3.connectionpool Starting new HTTPS connection (1): container.googleapis.com:443
2023-07-03 08:46:25,604 DEBUG    urllib3.connectionpool https://container.googleapis.com:443 "GET /v1/projects/cloud-dev-112233/locations/europe-west3-b/operations/operation-1688366586473-002044ea-ff2a-4ad5-a662-6219d688b3ce?alt=json HTTP/1.1" 200 None
2023-07-03 08:46:30,624 DEBUG    urllib3.connectionpool Starting new HTTPS connection (1): container.googleapis.com:443
2023-07-03 08:46:30,847 DEBUG    urllib3.connectionpool https://container.googleapis.com:443 "GET /v1/projects/cloud-dev-112233/locations/europe-west3-b/operations/operation-1688366586473-002044ea-ff2a-4ad5-a662-6219d688b3ce?alt=json HTTP/1.1" 200 None
2023-07-03 08:46:35,862 DEBUG    urllib3.connectionpool Starting new HTTPS connection (1): container.googleapis.com:443
2023-07-03 08:46:36,084 DEBUG    urllib3.connectionpool https://container.googleapis.com:443 "GET /v1/projects/cloud-dev-112233/locations/europe-west3-b/operations/operation-1688366586473-002044ea-ff2a-4ad5-a662-6219d688b3ce?alt=json HTTP/1.1" 200 None
2023-07-03 08:46:41,107 DEBUG    urllib3.connectionpool Starting new HTTPS connection (1): container.googleapis.com:443
2023-07-03 08:46:41,310 DEBUG    urllib3.connectionpool https://container.googleapis.com:443 "GET /v1/projects/cloud-dev-112233/locations/europe-west3-b/operations/operation-1688366586473-002044ea-ff2a-4ad5-a662-6219d688b3ce?alt=json HTTP/1.1" 200 None
2023-07-03 08:46:46,333 DEBUG    urllib3.connectionpool Starting new HTTPS connection (1): container.googleapis.com:443
2023-07-03 08:46:46,558 DEBUG    urllib3.connectionpool https://container.googleapis.com:443 "GET /v1/projects/cloud-dev-112233/locations/europe-west3-b/operations/operation-1688366586473-002044ea-ff2a-4ad5-a662-6219d688b3ce?alt=json HTTP/1.1" 200 None
2023-07-03 08:46:51,574 DEBUG    urllib3.connectionpool Starting new HTTPS connection (1): container.googleapis.com:443
2023-07-03 08:46:51,805 DEBUG    urllib3.connectionpool https://container.googleapis.com:443 "GET /v1/projects/cloud-dev-112233/locations/europe-west3-b/operations/operation-1688366586473-002044ea-ff2a-4ad5-a662-6219d688b3ce?alt=json HTTP/1.1" 200 None
2023-07-03 08:46:56,821 DEBUG    urllib3.connectionpool Starting new HTTPS connection (1): container.googleapis.com:443
2023-07-03 08:46:57,036 DEBUG    urllib3.connectionpool https://container.googleapis.com:443 "GET /v1/projects/cloud-dev-112233/locations/europe-west3-b/operations/operation-1688366586473-002044ea-ff2a-4ad5-a662-6219d688b3ce?alt=json HTTP/1.1" 200 None
2023-07-03 08:47:02,050 DEBUG    urllib3.connectionpool Starting new HTTPS connection (1): container.googleapis.com:443
2023-07-03 08:47:02,269 DEBUG    urllib3.connectionpool https://container.googleapis.com:443 "GET /v1/projects/cloud-dev-112233/locations/europe-west3-b/operations/operation-1688366586473-002044ea-ff2a-4ad5-a662-6219d688b3ce?alt=json HTTP/1.1" 200 None
2023-07-03 08:47:07,288 DEBUG    urllib3.connectionpool Starting new HTTPS connection (1): container.googleapis.com:443
2023-07-03 08:47:07,504 DEBUG    urllib3.connectionpool https://container.googleapis.com:443 "GET /v1/projects/cloud-dev-112233/locations/europe-west3-b/operations/operation-1688366586473-002044ea-ff2a-4ad5-a662-6219d688b3ce?alt=json HTTP/1.1" 200 None
2023-07-03 08:47:12,515 DEBUG    urllib3.connectionpool Starting new HTTPS connection (1): container.googleapis.com:443
2023-07-03 08:47:12,731 DEBUG    urllib3.connectionpool https://container.googleapis.com:443 "GET /v1/projects/cloud-dev-112233/locations/europe-west3-b/operations/operation-1688366586473-002044ea-ff2a-4ad5-a662-6219d688b3ce?alt=json HTTP/1.1" 200 None
2023-07-03 08:47:17,744 DEBUG    urllib3.connectionpool Starting new HTTPS connection (1): container.googleapis.com:443
2023-07-03 08:47:17,957 DEBUG    urllib3.connectionpool https://container.googleapis.com:443 "GET /v1/projects/cloud-dev-112233/locations/europe-west3-b/operations/operation-1688366586473-002044ea-ff2a-4ad5-a662-6219d688b3ce?alt=json HTTP/1.1" 200 None
2023-07-03 08:47:22,970 DEBUG    urllib3.connectionpool Starting new HTTPS connection (1): container.googleapis.com:443
2023-07-03 08:47:23,190 DEBUG    urllib3.connectionpool https://container.googleapis.com:443 "GET /v1/projects/cloud-dev-112233/locations/europe-west3-b/operations/operation-1688366586473-002044ea-ff2a-4ad5-a662-6219d688b3ce?alt=json HTTP/1.1" 200 None
2023-07-03 08:47:28,206 DEBUG    urllib3.connectionpool Starting new HTTPS connection (1): container.googleapis.com:443
2023-07-03 08:47:28,414 DEBUG    urllib3.connectionpool https://container.googleapis.com:443 "GET /v1/projects/cloud-dev-112233/locations/europe-west3-b/operations/operation-1688366586473-002044ea-ff2a-4ad5-a662-6219d688b3ce?alt=json HTTP/1.1" 200 None
2023-07-03 08:47:33,432 DEBUG    urllib3.connectionpool Starting new HTTPS connection (1): container.googleapis.com:443
2023-07-03 08:47:33,656 DEBUG    urllib3.connectionpool https://container.googleapis.com:443 "GET /v1/projects/cloud-dev-112233/locations/europe-west3-b/operations/operation-1688366586473-002044ea-ff2a-4ad5-a662-6219d688b3ce?alt=json HTTP/1.1" 200 None
2023-07-03 08:47:38,684 DEBUG    urllib3.connectionpool Starting new HTTPS connection (1): container.googleapis.com:443
2023-07-03 08:47:38,912 DEBUG    urllib3.connectionpool https://container.googleapis.com:443 "GET /v1/projects/cloud-dev-112233/locations/europe-west3-b/operations/operation-1688366586473-002044ea-ff2a-4ad5-a662-6219d688b3ce?alt=json HTTP/1.1" 200 None
2023-07-03 08:47:43,937 DEBUG    urllib3.connectionpool Starting new HTTPS connection (1): container.googleapis.com:443
2023-07-03 08:47:44,143 DEBUG    urllib3.connectionpool https://container.googleapis.com:443 "GET /v1/projects/cloud-dev-112233/locations/europe-west3-b/operations/operation-1688366586473-002044ea-ff2a-4ad5-a662-6219d688b3ce?alt=json HTTP/1.1" 200 None
2023-07-03 08:47:49,162 DEBUG    urllib3.connectionpool Starting new HTTPS connection (1): container.googleapis.com:443
2023-07-03 08:47:49,383 DEBUG    urllib3.connectionpool https://container.googleapis.com:443 "GET /v1/projects/cloud-dev-112233/locations/europe-west3-b/operations/operation-1688366586473-002044ea-ff2a-4ad5-a662-6219d688b3ce?alt=json HTTP/1.1" 200 None
2023-07-03 08:47:54,400 DEBUG    urllib3.connectionpool Starting new HTTPS connection (1): container.googleapis.com:443
2023-07-03 08:47:54,614 DEBUG    urllib3.connectionpool https://container.googleapis.com:443 "GET /v1/projects/cloud-dev-112233/locations/europe-west3-b/operations/operation-1688366586473-002044ea-ff2a-4ad5-a662-6219d688b3ce?alt=json HTTP/1.1" 200 None
2023-07-03 08:47:59,631 DEBUG    urllib3.connectionpool Starting new HTTPS connection (1): container.googleapis.com:443
2023-07-03 08:47:59,884 DEBUG    urllib3.connectionpool https://container.googleapis.com:443 "GET /v1/projects/cloud-dev-112233/locations/europe-west3-b/operations/operation-1688366586473-002044ea-ff2a-4ad5-a662-6219d688b3ce?alt=json HTTP/1.1" 200 None
2023-07-03 08:48:04,901 DEBUG    urllib3.connectionpool Starting new HTTPS connection (1): container.googleapis.com:443
2023-07-03 08:48:05,120 DEBUG    urllib3.connectionpool https://container.googleapis.com:443 "GET /v1/projects/cloud-dev-112233/locations/europe-west3-b/operations/operation-1688366586473-002044ea-ff2a-4ad5-a662-6219d688b3ce?alt=json HTTP/1.1" 200 None
2023-07-03 08:48:10,135 DEBUG    urllib3.connectionpool Starting new HTTPS connection (1): container.googleapis.com:443
2023-07-03 08:48:10,358 DEBUG    urllib3.connectionpool https://container.googleapis.com:443 "GET /v1/projects/cloud-dev-112233/locations/europe-west3-b/operations/operation-1688366586473-002044ea-ff2a-4ad5-a662-6219d688b3ce?alt=json HTTP/1.1" 200 None
2023-07-03 08:48:15,373 DEBUG    urllib3.connectionpool Starting new HTTPS connection (1): container.googleapis.com:443
2023-07-03 08:48:15,588 DEBUG    urllib3.connectionpool https://container.googleapis.com:443 "GET /v1/projects/cloud-dev-112233/locations/europe-west3-b/operations/operation-1688366586473-002044ea-ff2a-4ad5-a662-6219d688b3ce?alt=json HTTP/1.1" 200 None
2023-07-03 08:48:20,599 DEBUG    urllib3.connectionpool Starting new HTTPS connection (1): container.googleapis.com:443
2023-07-03 08:48:20,810 DEBUG    urllib3.connectionpool https://container.googleapis.com:443 "GET /v1/projects/cloud-dev-112233/locations/europe-west3-b/operations/operation-1688366586473-002044ea-ff2a-4ad5-a662-6219d688b3ce?alt=json HTTP/1.1" 200 None
2023-07-03 08:48:25,830 DEBUG    urllib3.connectionpool Starting new HTTPS connection (1): container.googleapis.com:443
2023-07-03 08:48:26,055 DEBUG    urllib3.connectionpool https://container.googleapis.com:443 "GET /v1/projects/cloud-dev-112233/locations/europe-west3-b/operations/operation-1688366586473-002044ea-ff2a-4ad5-a662-6219d688b3ce?alt=json HTTP/1.1" 200 None
2023-07-03 08:48:31,082 DEBUG    urllib3.connectionpool Starting new HTTPS connection (1): container.googleapis.com:443
2023-07-03 08:48:31,318 DEBUG    urllib3.connectionpool https://container.googleapis.com:443 "GET /v1/projects/cloud-dev-112233/locations/europe-west3-b/operations/operation-1688366586473-002044ea-ff2a-4ad5-a662-6219d688b3ce?alt=json HTTP/1.1" 200 None
2023-07-03 08:48:31,322 INFO     root            Operation <Operation
 clusterConditions: []
 endTime: '2023-07-03T06:48:29.017176875Z'
 name: 'operation-1688366586473-002044ea-ff2a-4ad5-a662-6219d688b3ce'
 nodepoolConditions: []
 operationType: OperationTypeValueValuesEnum(CREATE_CLUSTER, 1)
 progress: <OperationProgress
 metrics: [<Metric
 intValue: 9
 name: 'CLUSTER_CONFIGURING'>, <Metric
 intValue: 9
 name: 'CLUSTER_CONFIGURING_TOTAL'>, <Metric
 intValue: 12
 name: 'CLUSTER_DEPLOYING'>, <Metric
 intValue: 12
 name: 'CLUSTER_DEPLOYING_TOTAL'>, <Metric
 intValue: 1
 name: 'CLUSTER_HEALTHCHECKING'>, <Metric
 intValue: 2
 name: 'CLUSTER_HEALTHCHECKING_TOTAL'>]
 stages: []>
 selfLink: 'https://container.googleapis.com/v1/projects/166042509722/zones/europe-west3-b/operations/operation-1688366586473-002044ea-ff2a-4ad5-a662-6219d688b3ce'
 startTime: '2023-07-03T06:43:06.473830733Z'
 status: StatusValueValuesEnum(DONE, 3)
 targetLink: 'https://container.googleapis.com/v1/projects/166042509722/zones/europe-west3-b/clusters/inel-31776'
 zone: 'europe-west3-b'> succeeded after 324.706 seconds
2023-07-03 08:48:31,349 DEBUG    urllib3.connectionpool Starting new HTTPS connection (1): container.googleapis.com:443
2023-07-03 08:48:31,577 DEBUG    urllib3.connectionpool https://container.googleapis.com:443 "GET /v1/projects/cloud-dev-112233/locations/europe-west3-b/clusters/inel-31776?alt=json HTTP/1.1" 200 None
2023-07-03 08:48:31,587 INFO     ___FILE_ONLY___ Created [https://container.googleapis.com/v1/projects/cloud-dev-112233/zones/europe-west3-b/clusters/inel-31776].

2023-07-03 08:48:31,588 INFO     ___FILE_ONLY___ To inspect the contents of your cluster, go to: https://console.cloud.google.com/kubernetes/workload_/gcloud/europe-west3-b/inel-31776?project=cloud-dev-112233

2023-07-03 08:48:32,108 DEBUG    root            Saved kubeconfig to /Users/inelpandzic/.kube/config
2023-07-03 08:48:32,108 INFO     ___FILE_ONLY___ kubeconfig entry generated for inel-31776.

2023-07-03 08:48:32,108 DEBUG    root            Chosen display Format:
    table(
        name,
        zone:label=LOCATION,
        master_version():label=MASTER_VERSION,
        endpoint:label=MASTER_IP,
        nodePools[0].config.machineType,
        currentNodeVersion:label=NODE_VERSION,
        firstof(currentNodeCount,initialNodeCount):label=NUM_NODES,
        status
    )

2023-07-03 08:48:32,109 INFO     root            Display format: "
    table(
        name,
        zone:label=LOCATION,
        master_version():label=MASTER_VERSION,
        endpoint:label=MASTER_IP,
        nodePools[0].config.machineType,
        currentNodeVersion:label=NODE_VERSION,
        firstof(currentNodeCount,initialNodeCount):label=NUM_NODES,
        status
    )
"
2023-07-03 08:48:32,111 INFO     ___FILE_ONLY___ NAME
2023-07-03 08:48:32,111 INFO     ___FILE_ONLY___         
2023-07-03 08:48:32,111 INFO     ___FILE_ONLY___ LOCATION
2023-07-03 08:48:32,111 INFO     ___FILE_ONLY___         
2023-07-03 08:48:32,111 INFO     ___FILE_ONLY___ MASTER_VERSION
2023-07-03 08:48:32,111 INFO     ___FILE_ONLY___     
2023-07-03 08:48:32,111 INFO     ___FILE_ONLY___ MASTER_IP
2023-07-03 08:48:32,111 INFO     ___FILE_ONLY___        
2023-07-03 08:48:32,111 INFO     ___FILE_ONLY___ MACHINE_TYPE
2023-07-03 08:48:32,111 INFO     ___FILE_ONLY___    
2023-07-03 08:48:32,111 INFO     ___FILE_ONLY___ NODE_VERSION
2023-07-03 08:48:32,111 INFO     ___FILE_ONLY___       
2023-07-03 08:48:32,111 INFO     ___FILE_ONLY___ NUM_NODES
2023-07-03 08:48:32,111 INFO     ___FILE_ONLY___   
2023-07-03 08:48:32,111 INFO     ___FILE_ONLY___ STATUS
2023-07-03 08:48:32,111 INFO     ___FILE_ONLY___ 

2023-07-03 08:48:32,111 INFO     ___FILE_ONLY___ inel-31776
2023-07-03 08:48:32,111 INFO     ___FILE_ONLY___   
2023-07-03 08:48:32,111 INFO     ___FILE_ONLY___ europe-west3-b
2023-07-03 08:48:32,111 INFO     ___FILE_ONLY___   
2023-07-03 08:48:32,111 INFO     ___FILE_ONLY___ 1.25.10-gke.2100
2023-07-03 08:48:32,111 INFO     ___FILE_ONLY___   
2023-07-03 08:48:32,112 INFO     ___FILE_ONLY___ 34.107.116.154
2023-07-03 08:48:32,112 INFO     ___FILE_ONLY___   
2023-07-03 08:48:32,112 INFO     ___FILE_ONLY___ n1-standard-4
2023-07-03 08:48:32,112 INFO     ___FILE_ONLY___   
2023-07-03 08:48:32,112 INFO     ___FILE_ONLY___ 1.25.10-gke.2100
2023-07-03 08:48:32,112 INFO     ___FILE_ONLY___   
2023-07-03 08:48:32,112 INFO     ___FILE_ONLY___ 3
2023-07-03 08:48:32,112 INFO     ___FILE_ONLY___           
2023-07-03 08:48:32,112 INFO     ___FILE_ONLY___ RUNNING
2023-07-03 08:48:32,112 INFO     ___FILE_ONLY___ 

2023-07-03 08:48:32,117 DEBUG    root            Metrics reporting process started...
