2023-07-03 11:42:07,407 DEBUG    root            Loaded Command Group: ['gcloud', 'config']
2023-07-03 11:42:07,409 DEBUG    root            Loaded Command Group: ['gcloud', 'config', 'config_helper']
2023-07-03 11:42:07,410 DEBUG    root            Running [gcloud.config.config-helper] with arguments: [--format: "json"]
2023-07-03 11:42:07,416 DEBUG    root            Chosen display Format:default json
2023-07-03 11:42:07,416 INFO     root            Display format: "default json"
2023-07-03 11:42:07,416 INFO     ___FILE_ONLY___ {
  "configuration": {
    "active_configuration": "percona-cloud-dev",
    "properties": {
      "core": {
        "account": "inel.pandzic@percona.com",
        "disable_usage_reporting": "False",
        "project": "cloud-dev-112233"
      }
    }
  },
  "credential": {
    "access_token": "ya29.a0AbVbY6N0qL9aKrydddxJWjWXi02OIYihhdN-c0AxQv1wMFRaXxVI89LuG4ZS6_2eh2ZOlG5ucMA7fU8GiTzC_g1wanad-pCVWbM8eqLbKL4SzC0SXZ1nXvRGV1F1ayBWTF0V1rzTToHW_t3v4kgcT0JTnTsToMB3VQ_pTxQaCgYKAdgSARESFQFWKvPlWN99pT1c-4HP5clv9zEKWQ0174",
    "id_token": "eyJhbGciOiJSUzI1NiIsImtpZCI6Ijk5YmNiMDY5MzQwYTNmMTQ3NDYyNzk0ZGZlZmE3NWU3OTk2MTM2MzQiLCJ0eXAiOiJKV1QifQ.eyJpc3MiOiJodHRwczovL2FjY291bnRzLmdvb2dsZS5jb20iLCJhenAiOiIzMjU1NTk0MDU1OS5hcHBzLmdvb2dsZXVzZXJjb250ZW50LmNvbSIsImF1ZCI6IjMyNTU1OTQwNTU5LmFwcHMuZ29vZ2xldXNlcmNvbnRlbnQuY29tIiwic3ViIjoiMTA3NDA5ODEzMzQ0NTU5NDQzNDA3IiwiaGQiOiJwZXJjb25hLmNvbSIsImVtYWlsIjoiaW5lbC5wYW5kemljQHBlcmNvbmEuY29tIiwiZW1haWxfdmVyaWZpZWQiOnRydWUsImF0X2hhc2giOiItZ0tCRlNXSjhqTDlUcnhFVzhTbzd3IiwiaWF0IjoxNjg4Mzc3MTA1LCJleHAiOjE2ODgzODA3MDV9.C47ZoIWy6ZgiI0-33SUY-mkOEa2SJfS_tT2_54-wLAENWRblFxR-lmooUmu_mucSf-CxeKJUG18uEuSPeJs0mZR5Yyjs0H7f0MKJprR5_h3plhjQRR2Pq8BCT1wy0fUVcBp_27L3-PQfHSB9LhY_O9vkWFl9knk7IdnYtnGvc6D1-yeYEsWSalo5HOxoNa9ITg84l3EWUoyszDDv2063ISfGAYKhRPqb91SKkugk-SYHsw6AhhrryfnSt2V3ay66p0m6E6TYXVX9WwjqmGcasWpfZ16rPm0FgICnXlYCAvm3Ycxpf7T50WoLg9q5Zyjzu0NXZQtVaPV-SR7JdJ3-Dg",
    "token_expiry": "2023-07-03T10:38:24Z"
  },
  "sentinels": {
    "config_sentinel": "/Users/inelpandzic/.config/gcloud/config_sentinel"
  }
}
2023-07-03 11:42:07,416 INFO     ___FILE_ONLY___ 

2023-07-03 11:42:07,420 DEBUG    root            Metrics reporting process started...
