2023-07-03 12:42:03,941 DEBUG    root            Loaded Command Group: ['gcloud', 'config']
2023-07-03 12:42:03,943 DEBUG    root            Loaded Command Group: ['gcloud', 'config', 'config_helper']
2023-07-03 12:42:03,944 DEBUG    root            Running [gcloud.config.config-helper] with arguments: [--format: "json"]
2023-07-03 12:42:03,949 DEBUG    root            Chosen display Format:default json
2023-07-03 12:42:03,949 INFO     root            Display format: "default json"
2023-07-03 12:42:03,950 INFO     ___FILE_ONLY___ {
  "configuration": {
    "active_configuration": "percona-cloud-dev",
    "properties": {
      "core": {
        "account": "inel.pandzic@percona.com",
        "disable_usage_reporting": "False",
        "project": "cloud-dev-112233"
      }
    }
  },
  "credential": {
    "access_token": "ya29.a0AbVbY6PX4Ok0sbYfwPjhUmGDBoAHXVcF7URQTqYWyaU5vzUJRp9x4bRUhVrXpbzRfe1daMt7p1r2WHaO8fy4APTtq0Cb7RQteq_6tHXdbizUrgtjt93zgO09L4j6_vx-QtwFDKDAKpo8FD3FJM87FwAnJI1pYNYU4ol2XZgaCgYKAV4SARESFQFWKvPlwGUV8Gp4LaxvD9vOP6ZI6Q0174",
    "id_token": "eyJhbGciOiJSUzI1NiIsImtpZCI6Ijk5YmNiMDY5MzQwYTNmMTQ3NDYyNzk0ZGZlZmE3NWU3OTk2MTM2MzQiLCJ0eXAiOiJKV1QifQ.eyJpc3MiOiJodHRwczovL2FjY291bnRzLmdvb2dsZS5jb20iLCJhenAiOiIzMjU1NTk0MDU1OS5hcHBzLmdvb2dsZXVzZXJjb250ZW50LmNvbSIsImF1ZCI6IjMyNTU1OTQwNTU5LmFwcHMuZ29vZ2xldXNlcmNvbnRlbnQuY29tIiwic3ViIjoiMTA3NDA5ODEzMzQ0NTU5NDQzNDA3IiwiaGQiOiJwZXJjb25hLmNvbSIsImVtYWlsIjoiaW5lbC5wYW5kemljQHBlcmNvbmEuY29tIiwiZW1haWxfdmVyaWZpZWQiOnRydWUsImF0X2hhc2giOiJianY1Z29QakJXa0YxbE8tRUJnTFJ3IiwiaWF0IjoxNjg4MzgwNzE2LCJleHAiOjE2ODgzODQzMTZ9.LXONVFzNWzaQEQ2I0fLnL3VdBh2oW--MNOJc48YfG-7I_W-nl-IFD8Jfnz-OxSRrOPStpRCnZXN1xHLyK-Llk6sbllkamwkKmH7uq3H4w-1x6HadAjHK4csqh16O6uSJrIKiWpU88GkFzeMRx4jSTL1eUzw74Ho4SSfWn5VpD0HK8IyqCoTdIzFQBgZojmIiwwDNDtP3_js2CgLwGN9Txcb1LcopDjKviCoZDH9pMrrMtWsHZFDJKXqc9BZmoPOtcG9PR-Uto4-8sm0QKHZVDYk4p3e-m8VLS1sHqMrfySWxNPEXkl3o-oWrUT3Tld2wWVL5ZquJO4szPVYCW1iMLA",
    "token_expiry": "2023-07-03T11:38:35Z"
  },
  "sentinels": {
    "config_sentinel": "/Users/inelpandzic/.config/gcloud/config_sentinel"
  }
}
2023-07-03 12:42:03,950 INFO     ___FILE_ONLY___ 

2023-07-03 12:42:03,953 DEBUG    root            Metrics reporting process started...
