2023-07-03 14:02:56,494 DEBUG    root            Loaded Command Group: ['gcloud', 'container', 'clusters']
2023-07-03 14:02:56,500 DEBUG    root            Loaded Command Group: ['gcloud', 'container', 'clusters', 'create']
2023-07-03 14:02:56,517 DEBUG    root            Running [gcloud.container.clusters.create] with arguments: [--cluster-version: "1.25", --disk-size: "32212254720", --labels: "OrderedDict([('delete-cluster-after-hours', '10')])", --machine-type: "n1-standard-4", --no-enable-autoupgrade: "False", --num-nodes: "3", --preemptible: "True", --zone: "europe-west3-b", NAME: "inel-12122"]
2023-07-03 14:02:56,523 INFO     ___FILE_ONLY___ Default change: VPC-native is the default mode during cluster creation for versions greater than 1.21.0-gke.1500. To create advanced routes based clusters, please pass the `--no-enable-ip-alias` flag

2023-07-03 14:02:56,523 INFO     ___FILE_ONLY___ Default change: During creation of nodepools or autoscaling configuration changes for cluster versions greater than 1.24.1-gke.800 a default location policy is applied. For Spot and PVM it defaults to ANY, and for all other VM kinds a BALANCED policy is used. To change the default values use the `--location-policy` flag.

2023-07-03 14:02:56,523 INFO     ___FILE_ONLY___ Note: Your Pod address range (`--cluster-ipv4-cidr`) can accommodate at most 1008 node(s).

2023-07-03 14:02:56,533 DEBUG    urllib3.connectionpool Starting new HTTPS connection (1): container.googleapis.com:443
2023-07-03 14:03:00,854 DEBUG    urllib3.connectionpool https://container.googleapis.com:443 "POST /v1/projects/cloud-dev-112233/locations/europe-west3-b/clusters?alt=json HTTP/1.1" 200 None
2023-07-03 14:03:00,860 INFO     ___FILE_ONLY___ Creating cluster inel-12122 in europe-west3-b...
2023-07-03 14:03:00,865 DEBUG    urllib3.connectionpool Starting new HTTPS connection (1): container.googleapis.com:443
2023-07-03 14:03:01,114 DEBUG    urllib3.connectionpool https://container.googleapis.com:443 "GET /v1/projects/cloud-dev-112233/locations/europe-west3-b/operations/operation-1688385780874-fc507e2e-66e7-450c-826e-4dceded42607?alt=json HTTP/1.1" 200 None
2023-07-03 14:03:06,132 DEBUG    urllib3.connectionpool Starting new HTTPS connection (1): container.googleapis.com:443
2023-07-03 14:03:06,360 DEBUG    urllib3.connectionpool https://container.googleapis.com:443 "GET /v1/projects/cloud-dev-112233/locations/europe-west3-b/operations/operation-1688385780874-fc507e2e-66e7-450c-826e-4dceded42607?alt=json HTTP/1.1" 200 None
2023-07-03 14:03:11,382 DEBUG    urllib3.connectionpool Starting new HTTPS connection (1): container.googleapis.com:443
2023-07-03 14:03:11,607 DEBUG    urllib3.connectionpool https://container.googleapis.com:443 "GET /v1/projects/cloud-dev-112233/locations/europe-west3-b/operations/operation-1688385780874-fc507e2e-66e7-450c-826e-4dceded42607?alt=json HTTP/1.1" 200 None
2023-07-03 14:03:16,623 DEBUG    urllib3.connectionpool Starting new HTTPS connection (1): container.googleapis.com:443
2023-07-03 14:03:16,849 DEBUG    urllib3.connectionpool https://container.googleapis.com:443 "GET /v1/projects/cloud-dev-112233/locations/europe-west3-b/operations/operation-1688385780874-fc507e2e-66e7-450c-826e-4dceded42607?alt=json HTTP/1.1" 200 None
2023-07-03 14:03:21,867 DEBUG    urllib3.connectionpool Starting new HTTPS connection (1): container.googleapis.com:443
2023-07-03 14:03:22,095 DEBUG    urllib3.connectionpool https://container.googleapis.com:443 "GET /v1/projects/cloud-dev-112233/locations/europe-west3-b/operations/operation-1688385780874-fc507e2e-66e7-450c-826e-4dceded42607?alt=json HTTP/1.1" 200 None
2023-07-03 14:03:27,125 DEBUG    urllib3.connectionpool Starting new HTTPS connection (1): container.googleapis.com:443
2023-07-03 14:03:27,335 DEBUG    urllib3.connectionpool https://container.googleapis.com:443 "GET /v1/projects/cloud-dev-112233/locations/europe-west3-b/operations/operation-1688385780874-fc507e2e-66e7-450c-826e-4dceded42607?alt=json HTTP/1.1" 200 None
2023-07-03 14:03:32,350 DEBUG    urllib3.connectionpool Starting new HTTPS connection (1): container.googleapis.com:443
2023-07-03 14:03:32,578 DEBUG    urllib3.connectionpool https://container.googleapis.com:443 "GET /v1/projects/cloud-dev-112233/locations/europe-west3-b/operations/operation-1688385780874-fc507e2e-66e7-450c-826e-4dceded42607?alt=json HTTP/1.1" 200 None
2023-07-03 14:03:37,597 DEBUG    urllib3.connectionpool Starting new HTTPS connection (1): container.googleapis.com:443
2023-07-03 14:03:37,821 DEBUG    urllib3.connectionpool https://container.googleapis.com:443 "GET /v1/projects/cloud-dev-112233/locations/europe-west3-b/operations/operation-1688385780874-fc507e2e-66e7-450c-826e-4dceded42607?alt=json HTTP/1.1" 200 None
2023-07-03 14:03:42,832 DEBUG    urllib3.connectionpool Starting new HTTPS connection (1): container.googleapis.com:443
2023-07-03 14:03:43,047 DEBUG    urllib3.connectionpool https://container.googleapis.com:443 "GET /v1/projects/cloud-dev-112233/locations/europe-west3-b/operations/operation-1688385780874-fc507e2e-66e7-450c-826e-4dceded42607?alt=json HTTP/1.1" 200 None
2023-07-03 14:03:48,059 DEBUG    urllib3.connectionpool Starting new HTTPS connection (1): container.googleapis.com:443
2023-07-03 14:03:48,287 DEBUG    urllib3.connectionpool https://container.googleapis.com:443 "GET /v1/projects/cloud-dev-112233/locations/europe-west3-b/operations/operation-1688385780874-fc507e2e-66e7-450c-826e-4dceded42607?alt=json HTTP/1.1" 200 None
2023-07-03 14:03:53,303 DEBUG    urllib3.connectionpool Starting new HTTPS connection (1): container.googleapis.com:443
2023-07-03 14:03:53,537 DEBUG    urllib3.connectionpool https://container.googleapis.com:443 "GET /v1/projects/cloud-dev-112233/locations/europe-west3-b/operations/operation-1688385780874-fc507e2e-66e7-450c-826e-4dceded42607?alt=json HTTP/1.1" 200 None
2023-07-03 14:03:58,560 DEBUG    urllib3.connectionpool Starting new HTTPS connection (1): container.googleapis.com:443
2023-07-03 14:03:58,771 DEBUG    urllib3.connectionpool https://container.googleapis.com:443 "GET /v1/projects/cloud-dev-112233/locations/europe-west3-b/operations/operation-1688385780874-fc507e2e-66e7-450c-826e-4dceded42607?alt=json HTTP/1.1" 200 None
2023-07-03 14:04:03,778 DEBUG    urllib3.connectionpool Starting new HTTPS connection (1): container.googleapis.com:443
2023-07-03 14:04:03,982 DEBUG    urllib3.connectionpool https://container.googleapis.com:443 "GET /v1/projects/cloud-dev-112233/locations/europe-west3-b/operations/operation-1688385780874-fc507e2e-66e7-450c-826e-4dceded42607?alt=json HTTP/1.1" 200 None
2023-07-03 14:04:08,994 DEBUG    urllib3.connectionpool Starting new HTTPS connection (1): container.googleapis.com:443
2023-07-03 14:04:09,210 DEBUG    urllib3.connectionpool https://container.googleapis.com:443 "GET /v1/projects/cloud-dev-112233/locations/europe-west3-b/operations/operation-1688385780874-fc507e2e-66e7-450c-826e-4dceded42607?alt=json HTTP/1.1" 200 None
2023-07-03 14:04:14,220 DEBUG    urllib3.connectionpool Starting new HTTPS connection (1): container.googleapis.com:443
2023-07-03 14:04:14,424 DEBUG    urllib3.connectionpool https://container.googleapis.com:443 "GET /v1/projects/cloud-dev-112233/locations/europe-west3-b/operations/operation-1688385780874-fc507e2e-66e7-450c-826e-4dceded42607?alt=json HTTP/1.1" 200 None
2023-07-03 14:04:19,448 DEBUG    urllib3.connectionpool Starting new HTTPS connection (1): container.googleapis.com:443
2023-07-03 14:04:19,665 DEBUG    urllib3.connectionpool https://container.googleapis.com:443 "GET /v1/projects/cloud-dev-112233/locations/europe-west3-b/operations/operation-1688385780874-fc507e2e-66e7-450c-826e-4dceded42607?alt=json HTTP/1.1" 200 None
2023-07-03 14:04:24,680 DEBUG    urllib3.connectionpool Starting new HTTPS connection (1): container.googleapis.com:443
2023-07-03 14:04:24,881 DEBUG    urllib3.connectionpool https://container.googleapis.com:443 "GET /v1/projects/cloud-dev-112233/locations/europe-west3-b/operations/operation-1688385780874-fc507e2e-66e7-450c-826e-4dceded42607?alt=json HTTP/1.1" 200 None
2023-07-03 14:04:29,896 DEBUG    urllib3.connectionpool Starting new HTTPS connection (1): container.googleapis.com:443
2023-07-03 14:04:30,110 DEBUG    urllib3.connectionpool https://container.googleapis.com:443 "GET /v1/projects/cloud-dev-112233/locations/europe-west3-b/operations/operation-1688385780874-fc507e2e-66e7-450c-826e-4dceded42607?alt=json HTTP/1.1" 200 None
2023-07-03 14:04:35,123 DEBUG    urllib3.connectionpool Starting new HTTPS connection (1): container.googleapis.com:443
2023-07-03 14:04:35,343 DEBUG    urllib3.connectionpool https://container.googleapis.com:443 "GET /v1/projects/cloud-dev-112233/locations/europe-west3-b/operations/operation-1688385780874-fc507e2e-66e7-450c-826e-4dceded42607?alt=json HTTP/1.1" 200 None
2023-07-03 14:04:40,355 DEBUG    urllib3.connectionpool Starting new HTTPS connection (1): container.googleapis.com:443
2023-07-03 14:04:40,550 DEBUG    urllib3.connectionpool https://container.googleapis.com:443 "GET /v1/projects/cloud-dev-112233/locations/europe-west3-b/operations/operation-1688385780874-fc507e2e-66e7-450c-826e-4dceded42607?alt=json HTTP/1.1" 200 None
2023-07-03 14:04:45,565 DEBUG    urllib3.connectionpool Starting new HTTPS connection (1): container.googleapis.com:443
2023-07-03 14:04:45,795 DEBUG    urllib3.connectionpool https://container.googleapis.com:443 "GET /v1/projects/cloud-dev-112233/locations/europe-west3-b/operations/operation-1688385780874-fc507e2e-66e7-450c-826e-4dceded42607?alt=json HTTP/1.1" 200 None
2023-07-03 14:04:50,820 DEBUG    urllib3.connectionpool Starting new HTTPS connection (1): container.googleapis.com:443
2023-07-03 14:04:51,057 DEBUG    urllib3.connectionpool https://container.googleapis.com:443 "GET /v1/projects/cloud-dev-112233/locations/europe-west3-b/operations/operation-1688385780874-fc507e2e-66e7-450c-826e-4dceded42607?alt=json HTTP/1.1" 200 None
2023-07-03 14:04:56,073 DEBUG    urllib3.connectionpool Starting new HTTPS connection (1): container.googleapis.com:443
2023-07-03 14:04:56,301 DEBUG    urllib3.connectionpool https://container.googleapis.com:443 "GET /v1/projects/cloud-dev-112233/locations/europe-west3-b/operations/operation-1688385780874-fc507e2e-66e7-450c-826e-4dceded42607?alt=json HTTP/1.1" 200 None
2023-07-03 14:05:01,324 DEBUG    urllib3.connectionpool Starting new HTTPS connection (1): container.googleapis.com:443
2023-07-03 14:05:01,525 DEBUG    urllib3.connectionpool https://container.googleapis.com:443 "GET /v1/projects/cloud-dev-112233/locations/europe-west3-b/operations/operation-1688385780874-fc507e2e-66e7-450c-826e-4dceded42607?alt=json HTTP/1.1" 200 None
2023-07-03 14:05:06,543 DEBUG    urllib3.connectionpool Starting new HTTPS connection (1): container.googleapis.com:443
2023-07-03 14:05:06,764 DEBUG    urllib3.connectionpool https://container.googleapis.com:443 "GET /v1/projects/cloud-dev-112233/locations/europe-west3-b/operations/operation-1688385780874-fc507e2e-66e7-450c-826e-4dceded42607?alt=json HTTP/1.1" 200 None
2023-07-03 14:05:11,777 DEBUG    urllib3.connectionpool Starting new HTTPS connection (1): container.googleapis.com:443
2023-07-03 14:05:11,992 DEBUG    urllib3.connectionpool https://container.googleapis.com:443 "GET /v1/projects/cloud-dev-112233/locations/europe-west3-b/operations/operation-1688385780874-fc507e2e-66e7-450c-826e-4dceded42607?alt=json HTTP/1.1" 200 None
2023-07-03 14:05:17,016 DEBUG    urllib3.connectionpool Starting new HTTPS connection (1): container.googleapis.com:443
2023-07-03 14:05:17,236 DEBUG    urllib3.connectionpool https://container.googleapis.com:443 "GET /v1/projects/cloud-dev-112233/locations/europe-west3-b/operations/operation-1688385780874-fc507e2e-66e7-450c-826e-4dceded42607?alt=json HTTP/1.1" 200 None
2023-07-03 14:05:22,255 DEBUG    urllib3.connectionpool Starting new HTTPS connection (1): container.googleapis.com:443
2023-07-03 14:05:22,460 DEBUG    urllib3.connectionpool https://container.googleapis.com:443 "GET /v1/projects/cloud-dev-112233/locations/europe-west3-b/operations/operation-1688385780874-fc507e2e-66e7-450c-826e-4dceded42607?alt=json HTTP/1.1" 200 None
2023-07-03 14:05:27,481 DEBUG    urllib3.connectionpool Starting new HTTPS connection (1): container.googleapis.com:443
2023-07-03 14:05:27,681 DEBUG    urllib3.connectionpool https://container.googleapis.com:443 "GET /v1/projects/cloud-dev-112233/locations/europe-west3-b/operations/operation-1688385780874-fc507e2e-66e7-450c-826e-4dceded42607?alt=json HTTP/1.1" 200 None
2023-07-03 14:05:32,705 DEBUG    urllib3.connectionpool Starting new HTTPS connection (1): container.googleapis.com:443
2023-07-03 14:05:32,922 DEBUG    urllib3.connectionpool https://container.googleapis.com:443 "GET /v1/projects/cloud-dev-112233/locations/europe-west3-b/operations/operation-1688385780874-fc507e2e-66e7-450c-826e-4dceded42607?alt=json HTTP/1.1" 200 None
2023-07-03 14:05:37,939 DEBUG    urllib3.connectionpool Starting new HTTPS connection (1): container.googleapis.com:443
2023-07-03 14:05:38,159 DEBUG    urllib3.connectionpool https://container.googleapis.com:443 "GET /v1/projects/cloud-dev-112233/locations/europe-west3-b/operations/operation-1688385780874-fc507e2e-66e7-450c-826e-4dceded42607?alt=json HTTP/1.1" 200 None
2023-07-03 14:05:43,181 DEBUG    urllib3.connectionpool Starting new HTTPS connection (1): container.googleapis.com:443
2023-07-03 14:05:43,381 DEBUG    urllib3.connectionpool https://container.googleapis.com:443 "GET /v1/projects/cloud-dev-112233/locations/europe-west3-b/operations/operation-1688385780874-fc507e2e-66e7-450c-826e-4dceded42607?alt=json HTTP/1.1" 200 None
2023-07-03 14:05:48,405 DEBUG    urllib3.connectionpool Starting new HTTPS connection (1): container.googleapis.com:443
2023-07-03 14:05:48,630 DEBUG    urllib3.connectionpool https://container.googleapis.com:443 "GET /v1/projects/cloud-dev-112233/locations/europe-west3-b/operations/operation-1688385780874-fc507e2e-66e7-450c-826e-4dceded42607?alt=json HTTP/1.1" 200 None
2023-07-03 14:05:53,650 DEBUG    urllib3.connectionpool Starting new HTTPS connection (1): container.googleapis.com:443
2023-07-03 14:05:53,894 DEBUG    urllib3.connectionpool https://container.googleapis.com:443 "GET /v1/projects/cloud-dev-112233/locations/europe-west3-b/operations/operation-1688385780874-fc507e2e-66e7-450c-826e-4dceded42607?alt=json HTTP/1.1" 200 None
2023-07-03 14:05:58,912 DEBUG    urllib3.connectionpool Starting new HTTPS connection (1): container.googleapis.com:443
2023-07-03 14:05:59,146 DEBUG    urllib3.connectionpool https://container.googleapis.com:443 "GET /v1/projects/cloud-dev-112233/locations/europe-west3-b/operations/operation-1688385780874-fc507e2e-66e7-450c-826e-4dceded42607?alt=json HTTP/1.1" 200 None
2023-07-03 14:06:04,174 DEBUG    urllib3.connectionpool Starting new HTTPS connection (1): container.googleapis.com:443
2023-07-03 14:06:04,385 DEBUG    urllib3.connectionpool https://container.googleapis.com:443 "GET /v1/projects/cloud-dev-112233/locations/europe-west3-b/operations/operation-1688385780874-fc507e2e-66e7-450c-826e-4dceded42607?alt=json HTTP/1.1" 200 None
2023-07-03 14:06:09,403 DEBUG    urllib3.connectionpool Starting new HTTPS connection (1): container.googleapis.com:443
2023-07-03 14:06:09,600 DEBUG    urllib3.connectionpool https://container.googleapis.com:443 "GET /v1/projects/cloud-dev-112233/locations/europe-west3-b/operations/operation-1688385780874-fc507e2e-66e7-450c-826e-4dceded42607?alt=json HTTP/1.1" 200 None
2023-07-03 14:06:14,618 DEBUG    urllib3.connectionpool Starting new HTTPS connection (1): container.googleapis.com:443
2023-07-03 14:06:14,817 DEBUG    urllib3.connectionpool https://container.googleapis.com:443 "GET /v1/projects/cloud-dev-112233/locations/europe-west3-b/operations/operation-1688385780874-fc507e2e-66e7-450c-826e-4dceded42607?alt=json HTTP/1.1" 200 None
2023-07-03 14:06:19,837 DEBUG    urllib3.connectionpool Starting new HTTPS connection (1): container.googleapis.com:443
2023-07-03 14:06:20,055 DEBUG    urllib3.connectionpool https://container.googleapis.com:443 "GET /v1/projects/cloud-dev-112233/locations/europe-west3-b/operations/operation-1688385780874-fc507e2e-66e7-450c-826e-4dceded42607?alt=json HTTP/1.1" 200 None
2023-07-03 14:06:25,069 DEBUG    urllib3.connectionpool Starting new HTTPS connection (1): container.googleapis.com:443
2023-07-03 14:06:25,286 DEBUG    urllib3.connectionpool https://container.googleapis.com:443 "GET /v1/projects/cloud-dev-112233/locations/europe-west3-b/operations/operation-1688385780874-fc507e2e-66e7-450c-826e-4dceded42607?alt=json HTTP/1.1" 200 None
2023-07-03 14:06:30,304 DEBUG    urllib3.connectionpool Starting new HTTPS connection (1): container.googleapis.com:443
2023-07-03 14:06:30,532 DEBUG    urllib3.connectionpool https://container.googleapis.com:443 "GET /v1/projects/cloud-dev-112233/locations/europe-west3-b/operations/operation-1688385780874-fc507e2e-66e7-450c-826e-4dceded42607?alt=json HTTP/1.1" 200 None
2023-07-03 14:06:35,557 DEBUG    urllib3.connectionpool Starting new HTTPS connection (1): container.googleapis.com:443
2023-07-03 14:06:35,770 DEBUG    urllib3.connectionpool https://container.googleapis.com:443 "GET /v1/projects/cloud-dev-112233/locations/europe-west3-b/operations/operation-1688385780874-fc507e2e-66e7-450c-826e-4dceded42607?alt=json HTTP/1.1" 200 None
2023-07-03 14:06:40,785 DEBUG    urllib3.connectionpool Starting new HTTPS connection (1): container.googleapis.com:443
2023-07-03 14:06:40,993 DEBUG    urllib3.connectionpool https://container.googleapis.com:443 "GET /v1/projects/cloud-dev-112233/locations/europe-west3-b/operations/operation-1688385780874-fc507e2e-66e7-450c-826e-4dceded42607?alt=json HTTP/1.1" 200 None
2023-07-03 14:06:46,013 DEBUG    urllib3.connectionpool Starting new HTTPS connection (1): container.googleapis.com:443
2023-07-03 14:06:46,240 DEBUG    urllib3.connectionpool https://container.googleapis.com:443 "GET /v1/projects/cloud-dev-112233/locations/europe-west3-b/operations/operation-1688385780874-fc507e2e-66e7-450c-826e-4dceded42607?alt=json HTTP/1.1" 200 None
2023-07-03 14:06:51,257 DEBUG    urllib3.connectionpool Starting new HTTPS connection (1): container.googleapis.com:443
2023-07-03 14:06:51,489 DEBUG    urllib3.connectionpool https://container.googleapis.com:443 "GET /v1/projects/cloud-dev-112233/locations/europe-west3-b/operations/operation-1688385780874-fc507e2e-66e7-450c-826e-4dceded42607?alt=json HTTP/1.1" 200 None
2023-07-03 14:06:56,505 DEBUG    urllib3.connectionpool Starting new HTTPS connection (1): container.googleapis.com:443
2023-07-03 14:06:56,732 DEBUG    urllib3.connectionpool https://container.googleapis.com:443 "GET /v1/projects/cloud-dev-112233/locations/europe-west3-b/operations/operation-1688385780874-fc507e2e-66e7-450c-826e-4dceded42607?alt=json HTTP/1.1" 200 None
2023-07-03 14:07:01,754 DEBUG    urllib3.connectionpool Starting new HTTPS connection (1): container.googleapis.com:443
2023-07-03 14:07:01,983 DEBUG    urllib3.connectionpool https://container.googleapis.com:443 "GET /v1/projects/cloud-dev-112233/locations/europe-west3-b/operations/operation-1688385780874-fc507e2e-66e7-450c-826e-4dceded42607?alt=json HTTP/1.1" 200 None
2023-07-03 14:07:07,003 DEBUG    urllib3.connectionpool Starting new HTTPS connection (1): container.googleapis.com:443
2023-07-03 14:07:07,230 DEBUG    urllib3.connectionpool https://container.googleapis.com:443 "GET /v1/projects/cloud-dev-112233/locations/europe-west3-b/operations/operation-1688385780874-fc507e2e-66e7-450c-826e-4dceded42607?alt=json HTTP/1.1" 200 None
2023-07-03 14:07:12,246 DEBUG    urllib3.connectionpool Starting new HTTPS connection (1): container.googleapis.com:443
2023-07-03 14:07:12,466 DEBUG    urllib3.connectionpool https://container.googleapis.com:443 "GET /v1/projects/cloud-dev-112233/locations/europe-west3-b/operations/operation-1688385780874-fc507e2e-66e7-450c-826e-4dceded42607?alt=json HTTP/1.1" 200 None
2023-07-03 14:07:17,489 DEBUG    urllib3.connectionpool Starting new HTTPS connection (1): container.googleapis.com:443
2023-07-03 14:07:17,690 DEBUG    urllib3.connectionpool https://container.googleapis.com:443 "GET /v1/projects/cloud-dev-112233/locations/europe-west3-b/operations/operation-1688385780874-fc507e2e-66e7-450c-826e-4dceded42607?alt=json HTTP/1.1" 200 None
2023-07-03 14:07:22,707 DEBUG    urllib3.connectionpool Starting new HTTPS connection (1): container.googleapis.com:443
2023-07-03 14:07:22,933 DEBUG    urllib3.connectionpool https://container.googleapis.com:443 "GET /v1/projects/cloud-dev-112233/locations/europe-west3-b/operations/operation-1688385780874-fc507e2e-66e7-450c-826e-4dceded42607?alt=json HTTP/1.1" 200 None
2023-07-03 14:07:27,950 DEBUG    urllib3.connectionpool Starting new HTTPS connection (1): container.googleapis.com:443
2023-07-03 14:07:28,152 DEBUG    urllib3.connectionpool https://container.googleapis.com:443 "GET /v1/projects/cloud-dev-112233/locations/europe-west3-b/operations/operation-1688385780874-fc507e2e-66e7-450c-826e-4dceded42607?alt=json HTTP/1.1" 200 None
2023-07-03 14:07:33,162 DEBUG    urllib3.connectionpool Starting new HTTPS connection (1): container.googleapis.com:443
2023-07-03 14:07:33,381 DEBUG    urllib3.connectionpool https://container.googleapis.com:443 "GET /v1/projects/cloud-dev-112233/locations/europe-west3-b/operations/operation-1688385780874-fc507e2e-66e7-450c-826e-4dceded42607?alt=json HTTP/1.1" 200 None
2023-07-03 14:07:38,404 DEBUG    urllib3.connectionpool Starting new HTTPS connection (1): container.googleapis.com:443
2023-07-03 14:07:38,604 DEBUG    urllib3.connectionpool https://container.googleapis.com:443 "GET /v1/projects/cloud-dev-112233/locations/europe-west3-b/operations/operation-1688385780874-fc507e2e-66e7-450c-826e-4dceded42607?alt=json HTTP/1.1" 200 None
2023-07-03 14:07:43,621 DEBUG    urllib3.connectionpool Starting new HTTPS connection (1): container.googleapis.com:443
2023-07-03 14:07:43,835 DEBUG    urllib3.connectionpool https://container.googleapis.com:443 "GET /v1/projects/cloud-dev-112233/locations/europe-west3-b/operations/operation-1688385780874-fc507e2e-66e7-450c-826e-4dceded42607?alt=json HTTP/1.1" 200 None
2023-07-03 14:07:48,857 DEBUG    urllib3.connectionpool Starting new HTTPS connection (1): container.googleapis.com:443
2023-07-03 14:07:49,074 DEBUG    urllib3.connectionpool https://container.googleapis.com:443 "GET /v1/projects/cloud-dev-112233/locations/europe-west3-b/operations/operation-1688385780874-fc507e2e-66e7-450c-826e-4dceded42607?alt=json HTTP/1.1" 200 None
2023-07-03 14:07:54,094 DEBUG    urllib3.connectionpool Starting new HTTPS connection (1): container.googleapis.com:443
2023-07-03 14:07:54,301 DEBUG    urllib3.connectionpool https://container.googleapis.com:443 "GET /v1/projects/cloud-dev-112233/locations/europe-west3-b/operations/operation-1688385780874-fc507e2e-66e7-450c-826e-4dceded42607?alt=json HTTP/1.1" 200 None
2023-07-03 14:07:59,323 DEBUG    urllib3.connectionpool Starting new HTTPS connection (1): container.googleapis.com:443
2023-07-03 14:07:59,540 DEBUG    urllib3.connectionpool https://container.googleapis.com:443 "GET /v1/projects/cloud-dev-112233/locations/europe-west3-b/operations/operation-1688385780874-fc507e2e-66e7-450c-826e-4dceded42607?alt=json HTTP/1.1" 200 None
2023-07-03 14:08:04,565 DEBUG    urllib3.connectionpool Starting new HTTPS connection (1): container.googleapis.com:443
2023-07-03 14:08:04,779 DEBUG    urllib3.connectionpool https://container.googleapis.com:443 "GET /v1/projects/cloud-dev-112233/locations/europe-west3-b/operations/operation-1688385780874-fc507e2e-66e7-450c-826e-4dceded42607?alt=json HTTP/1.1" 200 None
2023-07-03 14:08:09,803 DEBUG    urllib3.connectionpool Starting new HTTPS connection (1): container.googleapis.com:443
2023-07-03 14:08:10,024 DEBUG    urllib3.connectionpool https://container.googleapis.com:443 "GET /v1/projects/cloud-dev-112233/locations/europe-west3-b/operations/operation-1688385780874-fc507e2e-66e7-450c-826e-4dceded42607?alt=json HTTP/1.1" 200 None
2023-07-03 14:08:15,039 DEBUG    urllib3.connectionpool Starting new HTTPS connection (1): container.googleapis.com:443
2023-07-03 14:08:15,254 DEBUG    urllib3.connectionpool https://container.googleapis.com:443 "GET /v1/projects/cloud-dev-112233/locations/europe-west3-b/operations/operation-1688385780874-fc507e2e-66e7-450c-826e-4dceded42607?alt=json HTTP/1.1" 200 None
2023-07-03 14:08:20,275 DEBUG    urllib3.connectionpool Starting new HTTPS connection (1): container.googleapis.com:443
2023-07-03 14:08:20,548 DEBUG    urllib3.connectionpool https://container.googleapis.com:443 "GET /v1/projects/cloud-dev-112233/locations/europe-west3-b/operations/operation-1688385780874-fc507e2e-66e7-450c-826e-4dceded42607?alt=json HTTP/1.1" 200 None
2023-07-03 14:08:25,565 DEBUG    urllib3.connectionpool Starting new HTTPS connection (1): container.googleapis.com:443
2023-07-03 14:08:25,782 DEBUG    urllib3.connectionpool https://container.googleapis.com:443 "GET /v1/projects/cloud-dev-112233/locations/europe-west3-b/operations/operation-1688385780874-fc507e2e-66e7-450c-826e-4dceded42607?alt=json HTTP/1.1" 200 None
2023-07-03 14:08:30,797 DEBUG    urllib3.connectionpool Starting new HTTPS connection (1): container.googleapis.com:443
2023-07-03 14:08:30,995 DEBUG    urllib3.connectionpool https://container.googleapis.com:443 "GET /v1/projects/cloud-dev-112233/locations/europe-west3-b/operations/operation-1688385780874-fc507e2e-66e7-450c-826e-4dceded42607?alt=json HTTP/1.1" 200 None
2023-07-03 14:08:36,009 DEBUG    urllib3.connectionpool Starting new HTTPS connection (1): container.googleapis.com:443
2023-07-03 14:08:36,228 DEBUG    urllib3.connectionpool https://container.googleapis.com:443 "GET /v1/projects/cloud-dev-112233/locations/europe-west3-b/operations/operation-1688385780874-fc507e2e-66e7-450c-826e-4dceded42607?alt=json HTTP/1.1" 200 None
2023-07-03 14:08:41,253 DEBUG    urllib3.connectionpool Starting new HTTPS connection (1): container.googleapis.com:443
2023-07-03 14:08:41,482 DEBUG    urllib3.connectionpool https://container.googleapis.com:443 "GET /v1/projects/cloud-dev-112233/locations/europe-west3-b/operations/operation-1688385780874-fc507e2e-66e7-450c-826e-4dceded42607?alt=json HTTP/1.1" 200 None
2023-07-03 14:08:46,494 DEBUG    urllib3.connectionpool Starting new HTTPS connection (1): container.googleapis.com:443
2023-07-03 14:08:46,695 DEBUG    urllib3.connectionpool https://container.googleapis.com:443 "GET /v1/projects/cloud-dev-112233/locations/europe-west3-b/operations/operation-1688385780874-fc507e2e-66e7-450c-826e-4dceded42607?alt=json HTTP/1.1" 200 None
2023-07-03 14:08:51,714 DEBUG    urllib3.connectionpool Starting new HTTPS connection (1): container.googleapis.com:443
2023-07-03 14:08:51,932 DEBUG    urllib3.connectionpool https://container.googleapis.com:443 "GET /v1/projects/cloud-dev-112233/locations/europe-west3-b/operations/operation-1688385780874-fc507e2e-66e7-450c-826e-4dceded42607?alt=json HTTP/1.1" 200 None
2023-07-03 14:08:51,939 INFO     root            Operation <Operation
 clusterConditions: []
 endTime: '2023-07-03T12:08:50.263178609Z'
 name: 'operation-1688385780874-fc507e2e-66e7-450c-826e-4dceded42607'
 nodepoolConditions: []
 operationType: OperationTypeValueValuesEnum(CREATE_CLUSTER, 1)
 progress: <OperationProgress
 metrics: [<Metric
 intValue: 9
 name: 'CLUSTER_CONFIGURING'>, <Metric
 intValue: 9
 name: 'CLUSTER_CONFIGURING_TOTAL'>, <Metric
 intValue: 12
 name: 'CLUSTER_DEPLOYING'>, <Metric
 intValue: 12
 name: 'CLUSTER_DEPLOYING_TOTAL'>, <Metric
 intValue: 1
 name: 'CLUSTER_HEALTHCHECKING'>, <Metric
 intValue: 2
 name: 'CLUSTER_HEALTHCHECKING_TOTAL'>]
 stages: []>
 selfLink: 'https://container.googleapis.com/v1/projects/166042509722/zones/europe-west3-b/operations/operation-1688385780874-fc507e2e-66e7-450c-826e-4dceded42607'
 startTime: '2023-07-03T12:03:00.874417977Z'
 status: StatusValueValuesEnum(DONE, 3)
 targetLink: 'https://container.googleapis.com/v1/projects/166042509722/zones/europe-west3-b/clusters/inel-12122'
 zone: 'europe-west3-b'> succeeded after 351.078 seconds
2023-07-03 14:08:51,969 DEBUG    urllib3.connectionpool Starting new HTTPS connection (1): container.googleapis.com:443
2023-07-03 14:08:52,179 DEBUG    urllib3.connectionpool https://container.googleapis.com:443 "GET /v1/projects/cloud-dev-112233/locations/europe-west3-b/clusters/inel-12122?alt=json HTTP/1.1" 200 None
2023-07-03 14:08:52,200 INFO     ___FILE_ONLY___ Created [https://container.googleapis.com/v1/projects/cloud-dev-112233/zones/europe-west3-b/clusters/inel-12122].

2023-07-03 14:08:52,200 INFO     ___FILE_ONLY___ To inspect the contents of your cluster, go to: https://console.cloud.google.com/kubernetes/workload_/gcloud/europe-west3-b/inel-12122?project=cloud-dev-112233

2023-07-03 14:08:52,729 DEBUG    root            Saved kubeconfig to /Users/inelpandzic/.kube/config
2023-07-03 14:08:52,729 INFO     ___FILE_ONLY___ kubeconfig entry generated for inel-12122.

2023-07-03 14:08:52,729 DEBUG    root            Chosen display Format:
    table(
        name,
        zone:label=LOCATION,
        master_version():label=MASTER_VERSION,
        endpoint:label=MASTER_IP,
        nodePools[0].config.machineType,
        currentNodeVersion:label=NODE_VERSION,
        firstof(currentNodeCount,initialNodeCount):label=NUM_NODES,
        status
    )

2023-07-03 14:08:52,730 INFO     root            Display format: "
    table(
        name,
        zone:label=LOCATION,
        master_version():label=MASTER_VERSION,
        endpoint:label=MASTER_IP,
        nodePools[0].config.machineType,
        currentNodeVersion:label=NODE_VERSION,
        firstof(currentNodeCount,initialNodeCount):label=NUM_NODES,
        status
    )
"
2023-07-03 14:08:52,732 INFO     ___FILE_ONLY___ NAME
2023-07-03 14:08:52,732 INFO     ___FILE_ONLY___         
2023-07-03 14:08:52,732 INFO     ___FILE_ONLY___ LOCATION
2023-07-03 14:08:52,732 INFO     ___FILE_ONLY___         
2023-07-03 14:08:52,732 INFO     ___FILE_ONLY___ MASTER_VERSION
2023-07-03 14:08:52,732 INFO     ___FILE_ONLY___     
2023-07-03 14:08:52,732 INFO     ___FILE_ONLY___ MASTER_IP
2023-07-03 14:08:52,732 INFO     ___FILE_ONLY___        
2023-07-03 14:08:52,732 INFO     ___FILE_ONLY___ MACHINE_TYPE
2023-07-03 14:08:52,732 INFO     ___FILE_ONLY___    
2023-07-03 14:08:52,732 INFO     ___FILE_ONLY___ NODE_VERSION
2023-07-03 14:08:52,732 INFO     ___FILE_ONLY___       
2023-07-03 14:08:52,732 INFO     ___FILE_ONLY___ NUM_NODES
2023-07-03 14:08:52,732 INFO     ___FILE_ONLY___   
2023-07-03 14:08:52,732 INFO     ___FILE_ONLY___ STATUS
2023-07-03 14:08:52,732 INFO     ___FILE_ONLY___ 

2023-07-03 14:08:52,732 INFO     ___FILE_ONLY___ inel-12122
2023-07-03 14:08:52,732 INFO     ___FILE_ONLY___   
2023-07-03 14:08:52,732 INFO     ___FILE_ONLY___ europe-west3-b
2023-07-03 14:08:52,732 INFO     ___FILE_ONLY___   
2023-07-03 14:08:52,732 INFO     ___FILE_ONLY___ 1.25.10-gke.2100
2023-07-03 14:08:52,732 INFO     ___FILE_ONLY___   
2023-07-03 14:08:52,732 INFO     ___FILE_ONLY___ 34.159.250.196
2023-07-03 14:08:52,732 INFO     ___FILE_ONLY___   
2023-07-03 14:08:52,732 INFO     ___FILE_ONLY___ n1-standard-4
2023-07-03 14:08:52,732 INFO     ___FILE_ONLY___   
2023-07-03 14:08:52,732 INFO     ___FILE_ONLY___ 1.25.10-gke.2100
2023-07-03 14:08:52,732 INFO     ___FILE_ONLY___   
2023-07-03 14:08:52,732 INFO     ___FILE_ONLY___ 3
2023-07-03 14:08:52,732 INFO     ___FILE_ONLY___           
2023-07-03 14:08:52,732 INFO     ___FILE_ONLY___ RUNNING
2023-07-03 14:08:52,732 INFO     ___FILE_ONLY___ 

2023-07-03 14:08:52,739 DEBUG    root            Metrics reporting process started...
