2023-07-03 14:12:14,246 DEBUG    root            Loaded Command Group: ['gcloud', 'config']
2023-07-03 14:12:14,248 DEBUG    root            Loaded Command Group: ['gcloud', 'config', 'config_helper']
2023-07-03 14:12:14,249 DEBUG    root            Running [gcloud.config.config-helper] with arguments: [--format: "json"]
2023-07-03 14:12:14,254 DEBUG    root            Chosen display Format:default json
2023-07-03 14:12:14,254 INFO     root            Display format: "default json"
2023-07-03 14:12:14,255 INFO     ___FILE_ONLY___ {
  "configuration": {
    "active_configuration": "percona-cloud-dev",
    "properties": {
      "core": {
        "account": "inel.pandzic@percona.com",
        "disable_usage_reporting": "False",
        "project": "cloud-dev-112233"
      }
    }
  },
  "credential": {
    "access_token": "ya29.a0AbVbY6PJuq-296zFHpgeuS3CC9QfUv-A4VYSpUmiXwA2FAI-tgBw3PFJpzkQsUFIEjEPdVF82L7HniTpaqLxz7pbkJXcsc3YcTW3Q-uWvlLsU3nmr5TaH-WB8S4JHTzgBDftzsLqkYSjRdyCWUHqe0iJGYydyE3Gpz_-iGQaCgYKAaMSARESFQFWKvPl2IcDv388wjRs-imhsP9r3g0174",
    "id_token": "eyJhbGciOiJSUzI1NiIsImtpZCI6Ijk5YmNiMDY5MzQwYTNmMTQ3NDYyNzk0ZGZlZmE3NWU3OTk2MTM2MzQiLCJ0eXAiOiJKV1QifQ.eyJpc3MiOiJodHRwczovL2FjY291bnRzLmdvb2dsZS5jb20iLCJhenAiOiIzMjU1NTk0MDU1OS5hcHBzLmdvb2dsZXVzZXJjb250ZW50LmNvbSIsImF1ZCI6IjMyNTU1OTQwNTU5LmFwcHMuZ29vZ2xldXNlcmNvbnRlbnQuY29tIiwic3ViIjoiMTA3NDA5ODEzMzQ0NTU5NDQzNDA3IiwiaGQiOiJwZXJjb25hLmNvbSIsImVtYWlsIjoiaW5lbC5wYW5kemljQHBlcmNvbmEuY29tIiwiZW1haWxfdmVyaWZpZWQiOnRydWUsImF0X2hhc2giOiIzSnlma0pKVy1zVWFJMzluZW9jLTR3IiwiaWF0IjoxNjg4Mzg0MzE5LCJleHAiOjE2ODgzODc5MTl9.cmgjtZDsaEyVMaBOapN2n42UXwBYcjOmP0o3RXF8-jVMvOX8_Twx-sGFW251taT3QxYk-9bCfzAeIt-8A95pQPMxOM0qPlg_kYe9LlPWP1kF4n5dAr_KIyHrQ5eEmmV3yRExgXRYyMtK4SWpU6e1Q0m44FEXEe4YXkRul5DhDOxsLpjfhMZ_CD5T2uqHj_jUwlvkx4LBiZb4qp9ATgkfsSQScHKz-l2GCBtTy2zvo5I0KdnvzY-2aHuZSXbq09Uj8jsjn4IKvATpQ9O8r2nehkF8js8Pod6WoKl5HYluIxqPYBlrDMu4ATi8exAOA9UBRsG8jjmEMNVwzRc9xfvLow",
    "token_expiry": "2023-07-03T12:38:38Z"
  },
  "sentinels": {
    "config_sentinel": "/Users/inelpandzic/.config/gcloud/config_sentinel"
  }
}
2023-07-03 14:12:14,255 INFO     ___FILE_ONLY___ 

2023-07-03 14:12:14,259 DEBUG    root            Metrics reporting process started...
