2023-07-03 14:38:42,000 DEBUG    root            Loaded Command Group: ['gcloud', 'config']
2023-07-03 14:38:42,002 DEBUG    root            Loaded Command Group: ['gcloud', 'config', 'config_helper']
2023-07-03 14:38:42,003 DEBUG    root            Running [gcloud.config.config-helper] with arguments: [--format: "json"]
2023-07-03 14:38:42,012 DEBUG    google.auth.transport.requests Making request: POST https://oauth2.googleapis.com/token
2023-07-03 14:38:42,027 DEBUG    urllib3.connectionpool Starting new HTTPS connection (1): oauth2.googleapis.com:443
2023-07-03 14:38:42,183 DEBUG    urllib3.connectionpool https://oauth2.googleapis.com:443 "POST /token HTTP/1.1" 200 None
2023-07-03 14:38:42,193 DEBUG    root            Chosen display Format:default json
2023-07-03 14:38:42,193 INFO     root            Display format: "default json"
2023-07-03 14:38:42,194 INFO     ___FILE_ONLY___ {
  "configuration": {
    "active_configuration": "percona-cloud-dev",
    "properties": {
      "core": {
        "account": "inel.pandzic@percona.com",
        "disable_usage_reporting": "False",
        "project": "cloud-dev-112233"
      }
    }
  },
  "credential": {
    "access_token": "ya29.a0AbVbY6NxhOl-IHyDWS97_tK0ia5OhRjT8QwaRlsO7PzMgYlgkvxOLcDLsjTMFbj7_Ism720A6hsHEYS_YTidTikqem1-RSveX16voROqTMDwcR839moH1O_iGY75FsAuUIEYc4oHNuFsWmvewiBmGognFNC8P16LTtKeYEkaCgYKAUUSARESFQFWKvPlA9TDKIJA4lcjJI1QjQzbJw0174",
    "id_token": "eyJhbGciOiJSUzI1NiIsImtpZCI6Ijk5YmNiMDY5MzQwYTNmMTQ3NDYyNzk0ZGZlZmE3NWU3OTk2MTM2MzQiLCJ0eXAiOiJKV1QifQ.eyJpc3MiOiJodHRwczovL2FjY291bnRzLmdvb2dsZS5jb20iLCJhenAiOiIzMjU1NTk0MDU1OS5hcHBzLmdvb2dsZXVzZXJjb250ZW50LmNvbSIsImF1ZCI6IjMyNTU1OTQwNTU5LmFwcHMuZ29vZ2xldXNlcmNvbnRlbnQuY29tIiwic3ViIjoiMTA3NDA5ODEzMzQ0NTU5NDQzNDA3IiwiaGQiOiJwZXJjb25hLmNvbSIsImVtYWlsIjoiaW5lbC5wYW5kemljQHBlcmNvbmEuY29tIiwiZW1haWxfdmVyaWZpZWQiOnRydWUsImF0X2hhc2giOiJzMFcxUUhzYjdjWHdJNXlaV1VyS1lRIiwiaWF0IjoxNjg4Mzg3OTIyLCJleHAiOjE2ODgzOTE1MjJ9.Q0jWQq-fm6pTnatVi8C_iPJcIu692iUQeQsLtZkRX1LUMW2cNzcosVGwORZG-qcQtTg_-S9wSM-Vje_twe6X-yG4OI2i8zxkZU0VSTAJe3d2fFaRSTuP3bod07klWDA6F3fGM235Jvg8leoS7dDxmgfZmA_-TXk9fCC_-9l9GIQq1_qODCc7RGaCOYuy62zTLoqW7JrfMBlpm6qMrV8_Qhy4AQ1CL2FMtdqoOIAR8UDNtKX9il4s8T7i_FNFPBlxXbFFvHMk39W7l4txvBTyK34fwD22sLnc3-hduAOJt7OF39NphmfSEzs7ZK293pZ4TVCOjdyBXt4s8_r8SXoPgg",
    "token_expiry": "2023-07-03T13:38:41Z"
  },
  "sentinels": {
    "config_sentinel": "/Users/inelpandzic/.config/gcloud/config_sentinel"
  }
}
2023-07-03 14:38:42,194 INFO     ___FILE_ONLY___ 

2023-07-03 14:38:42,202 DEBUG    root            Metrics reporting process started...
