2023-07-03 15:38:44,627 DEBUG    root            Loaded Command Group: ['gcloud', 'config']
2023-07-03 15:38:44,629 DEBUG    root            Loaded Command Group: ['gcloud', 'config', 'config_helper']
2023-07-03 15:38:44,630 DEBUG    root            Running [gcloud.config.config-helper] with arguments: [--format: "json"]
2023-07-03 15:38:44,640 DEBUG    google.auth.transport.requests Making request: POST https://oauth2.googleapis.com/token
2023-07-03 15:38:44,656 DEBUG    urllib3.connectionpool Starting new HTTPS connection (1): oauth2.googleapis.com:443
2023-07-03 15:38:44,820 DEBUG    urllib3.connectionpool https://oauth2.googleapis.com:443 "POST /token HTTP/1.1" 200 None
2023-07-03 15:38:44,835 DEBUG    urllib3.connectionpool Starting new HTTPS connection (1): www.gstatic.com:443
2023-07-03 15:38:44,938 DEBUG    urllib3.connectionpool https://www.gstatic.com:443 "GET /cloudsdk/feature_flag_config_file.yaml HTTP/1.1" 200 101
2023-07-03 15:38:44,948 DEBUG    root            Chosen display Format:default json
2023-07-03 15:38:44,948 INFO     root            Display format: "default json"
2023-07-03 15:38:44,949 INFO     ___FILE_ONLY___ {
  "configuration": {
    "active_configuration": "percona-cloud-dev",
    "properties": {
      "core": {
        "account": "inel.pandzic@percona.com",
        "disable_usage_reporting": "False",
        "project": "cloud-dev-112233"
      }
    }
  },
  "credential": {
    "access_token": "ya29.a0AbVbY6P9Wxu3nFlbocAwQdChDu-uYvG3VCWLMl7uDHb0m5JgcGjnb2aXkHqCmactoxN18WKYt-_DamBLGgm5xI0UDaf-Lr1IafXeVL1Plsr45yoWTReCEWlxOUL4FI3VD_X2szcMpRqzObpY1jN05x8RJZsBv_1X8iHOIkcaCgYKAXUSARESFQFWKvPlpW573T-8TJGUwTgGBJ6ewg0174",
    "id_token": "eyJhbGciOiJSUzI1NiIsImtpZCI6Ijk5YmNiMDY5MzQwYTNmMTQ3NDYyNzk0ZGZlZmE3NWU3OTk2MTM2MzQiLCJ0eXAiOiJKV1QifQ.eyJpc3MiOiJodHRwczovL2FjY291bnRzLmdvb2dsZS5jb20iLCJhenAiOiIzMjU1NTk0MDU1OS5hcHBzLmdvb2dsZXVzZXJjb250ZW50LmNvbSIsImF1ZCI6IjMyNTU1OTQwNTU5LmFwcHMuZ29vZ2xldXNlcmNvbnRlbnQuY29tIiwic3ViIjoiMTA3NDA5ODEzMzQ0NTU5NDQzNDA3IiwiaGQiOiJwZXJjb25hLmNvbSIsImVtYWlsIjoiaW5lbC5wYW5kemljQHBlcmNvbmEuY29tIiwiZW1haWxfdmVyaWZpZWQiOnRydWUsImF0X2hhc2giOiJZVk4waXZieXI3bElnMTk1TDBfVm13IiwiaWF0IjoxNjg4MzkxNTI0LCJleHAiOjE2ODgzOTUxMjR9.DyTKvvwQkekbYfNow3lsTuVqxx55hlzqxRk_FSPq0DsR6XkPxVUNTXHuDLi3nWlzvW1IuaVJrfgeDOJGv5K_TC3bILae5NY_c0G6y277AgXZGlkTR9oNwPoR5PS0CizdTTAO1K6PwncWW4z7Do0kmfEp9EruclFHsNoE-gYI6816ZJcwFvP0HZkuYdNuIOFASriCBFUndRoihew6Ybawb34P8wcnAprVCDzkFT1n3cIsaS8YgDdaTaZqX85P3j67WVHgGwMbl4NgNg9dIM0TuzaKJjmxctjskJrjOEutAqODlvgbtlZsUkjAAgeu4HUkI5nMuDv-2mGP4GAmGHb-sA",
    "token_expiry": "2023-07-03T14:38:43Z"
  },
  "sentinels": {
    "config_sentinel": "/Users/inelpandzic/.config/gcloud/config_sentinel"
  }
}
2023-07-03 15:38:44,949 INFO     ___FILE_ONLY___ 

2023-07-03 15:38:44,960 DEBUG    root            Metrics reporting process started...
