2023-07-03 17:23:12,929 DEBUG    root            Loaded Command Group: ['gcloud', 'container', 'clusters']
2023-07-03 17:23:12,932 DEBUG    root            Loaded Command Group: ['gcloud', 'container', 'clusters', 'list']
2023-07-03 17:23:12,944 DEBUG    root            Running [gcloud.container.clusters.list] with arguments: []
2023-07-03 17:23:13,000 DEBUG    urllib3.connectionpool Starting new HTTPS connection (1): container.googleapis.com:443
2023-07-03 17:23:13,725 DEBUG    urllib3.connectionpool https://container.googleapis.com:443 "GET /v1/projects/cloud-dev-112233/locations/-/clusters?alt=json HTTP/1.1" 200 None
2023-07-03 17:23:13,865 DEBUG    root            Chosen display Format:
    table(
        name,
        zone:label=LOCATION,
        master_version():label=MASTER_VERSION,
        endpoint:label=MASTER_IP,
        nodePools[0].config.machineType,
        currentNodeVersion:label=NODE_VERSION,
        firstof(currentNodeCount,initialNodeCount):label=NUM_NODES,
        status
    )

2023-07-03 17:23:13,865 INFO     root            Display format: "
    table(
        name,
        zone:label=LOCATION,
        master_version():label=MASTER_VERSION,
        endpoint:label=MASTER_IP,
        nodePools[0].config.machineType,
        currentNodeVersion:label=NODE_VERSION,
        firstof(currentNodeCount,initialNodeCount):label=NUM_NODES,
        status
    )
"
2023-07-03 17:23:13,911 INFO     ___FILE_ONLY___ NAME
2023-07-03 17:23:13,911 INFO     ___FILE_ONLY___                                
2023-07-03 17:23:13,911 INFO     ___FILE_ONLY___ LOCATION
2023-07-03 17:23:13,911 INFO     ___FILE_ONLY___         
2023-07-03 17:23:13,911 INFO     ___FILE_ONLY___ MASTER_VERSION
2023-07-03 17:23:13,911 INFO     ___FILE_ONLY___     
2023-07-03 17:23:13,911 INFO     ___FILE_ONLY___ MASTER_IP
2023-07-03 17:23:13,911 INFO     ___FILE_ONLY___         
2023-07-03 17:23:13,911 INFO     ___FILE_ONLY___ MACHINE_TYPE
2023-07-03 17:23:13,911 INFO     ___FILE_ONLY___    
2023-07-03 17:23:13,911 INFO     ___FILE_ONLY___ NODE_VERSION
2023-07-03 17:23:13,911 INFO     ___FILE_ONLY___         
2023-07-03 17:23:13,911 INFO     ___FILE_ONLY___ NUM_NODES
2023-07-03 17:23:13,911 INFO     ___FILE_ONLY___   
2023-07-03 17:23:13,911 INFO     ___FILE_ONLY___ STATUS
2023-07-03 17:23:13,911 INFO     ___FILE_ONLY___ 

2023-07-03 17:23:13,911 INFO     ___FILE_ONLY___ slava-pxc
2023-07-03 17:23:13,911 INFO     ___FILE_ONLY___                           
2023-07-03 17:23:13,911 INFO     ___FILE_ONLY___ europe-west1-c
2023-07-03 17:23:13,911 INFO     ___FILE_ONLY___   
2023-07-03 17:23:13,911 INFO     ___FILE_ONLY___ 1.25.9-gke.2300
2023-07-03 17:23:13,911 INFO     ___FILE_ONLY___    
2023-07-03 17:23:13,911 INFO     ___FILE_ONLY___ 34.140.60.149
2023-07-03 17:23:13,911 INFO     ___FILE_ONLY___     
2023-07-03 17:23:13,911 INFO     ___FILE_ONLY___ n1-standard-4
2023-07-03 17:23:13,911 INFO     ___FILE_ONLY___   
2023-07-03 17:23:13,911 INFO     ___FILE_ONLY___ 1.25.9-gke.2300
2023-07-03 17:23:13,911 INFO     ___FILE_ONLY___      
2023-07-03 17:23:13,911 INFO     ___FILE_ONLY___ 3
2023-07-03 17:23:13,911 INFO     ___FILE_ONLY___           
2023-07-03 17:23:13,911 INFO     ___FILE_ONLY___ RUNNING
2023-07-03 17:23:13,911 INFO     ___FILE_ONLY___ 

2023-07-03 17:23:13,911 INFO     ___FILE_ONLY___ ege-12889
2023-07-03 17:23:13,911 INFO     ___FILE_ONLY___                           
2023-07-03 17:23:13,911 INFO     ___FILE_ONLY___ europe-west3
2023-07-03 17:23:13,911 INFO     ___FILE_ONLY___     
2023-07-03 17:23:13,912 INFO     ___FILE_ONLY___ 1.27.2-gke.2100
2023-07-03 17:23:13,912 INFO     ___FILE_ONLY___    
2023-07-03 17:23:13,912 INFO     ___FILE_ONLY___ 35.246.244.206
2023-07-03 17:23:13,912 INFO     ___FILE_ONLY___    
2023-07-03 17:23:13,912 INFO     ___FILE_ONLY___ n1-standard-4
2023-07-03 17:23:13,912 INFO     ___FILE_ONLY___   
2023-07-03 17:23:13,912 INFO     ___FILE_ONLY___ 1.27.2-gke.2100
2023-07-03 17:23:13,912 INFO     ___FILE_ONLY___      
2023-07-03 17:23:13,912 INFO     ___FILE_ONLY___ 3
2023-07-03 17:23:13,912 INFO     ___FILE_ONLY___           
2023-07-03 17:23:13,912 INFO     ___FILE_ONLY___ RUNNING
2023-07-03 17:23:13,912 INFO     ___FILE_ONLY___ 

2023-07-03 17:23:13,912 INFO     ___FILE_ONLY___ inel-12122
2023-07-03 17:23:13,912 INFO     ___FILE_ONLY___                          
2023-07-03 17:23:13,912 INFO     ___FILE_ONLY___ europe-west3-b
2023-07-03 17:23:13,912 INFO     ___FILE_ONLY___   
2023-07-03 17:23:13,912 INFO     ___FILE_ONLY___ 1.25.10-gke.2100
2023-07-03 17:23:13,912 INFO     ___FILE_ONLY___   
2023-07-03 17:23:13,912 INFO     ___FILE_ONLY___ 34.159.250.196
2023-07-03 17:23:13,912 INFO     ___FILE_ONLY___    
2023-07-03 17:23:13,912 INFO     ___FILE_ONLY___ n1-standard-4
2023-07-03 17:23:13,912 INFO     ___FILE_ONLY___   
2023-07-03 17:23:13,912 INFO     ___FILE_ONLY___ 1.25.10-gke.2100
2023-07-03 17:23:13,912 INFO     ___FILE_ONLY___     
2023-07-03 17:23:13,912 INFO     ___FILE_ONLY___ 3
2023-07-03 17:23:13,912 INFO     ___FILE_ONLY___           
2023-07-03 17:23:13,912 INFO     ___FILE_ONLY___ RUNNING
2023-07-03 17:23:13,912 INFO     ___FILE_ONLY___ 

2023-07-03 17:23:13,912 INFO     ___FILE_ONLY___ jen-pxc-1361-782b9136-6-cluster1
2023-07-03 17:23:13,912 INFO     ___FILE_ONLY___    
2023-07-03 17:23:13,912 INFO     ___FILE_ONLY___ us-central1-a
2023-07-03 17:23:13,912 INFO     ___FILE_ONLY___    
2023-07-03 17:23:13,912 INFO     ___FILE_ONLY___ 1.23.17-gke.7000
2023-07-03 17:23:13,912 INFO     ___FILE_ONLY___   
2023-07-03 17:23:13,912 INFO     ___FILE_ONLY___ 34.66.201.4
2023-07-03 17:23:13,912 INFO     ___FILE_ONLY___       
2023-07-03 17:23:13,912 INFO     ___FILE_ONLY___ n1-standard-4
2023-07-03 17:23:13,912 INFO     ___FILE_ONLY___   
2023-07-03 17:23:13,912 INFO     ___FILE_ONLY___ 1.23.17-gke.7000
2023-07-03 17:23:13,912 INFO     ___FILE_ONLY___     
2023-07-03 17:23:13,912 INFO     ___FILE_ONLY___ 3
2023-07-03 17:23:13,912 INFO     ___FILE_ONLY___           
2023-07-03 17:23:13,912 INFO     ___FILE_ONLY___ RUNNING
2023-07-03 17:23:13,912 INFO     ___FILE_ONLY___ 

2023-07-03 17:23:13,912 INFO     ___FILE_ONLY___ jen-pxc-1361-782b9136-6-cluster2
2023-07-03 17:23:13,912 INFO     ___FILE_ONLY___    
2023-07-03 17:23:13,912 INFO     ___FILE_ONLY___ us-central1-a
2023-07-03 17:23:13,912 INFO     ___FILE_ONLY___    
2023-07-03 17:23:13,912 INFO     ___FILE_ONLY___ 1.23.17-gke.7000
2023-07-03 17:23:13,912 INFO     ___FILE_ONLY___   
2023-07-03 17:23:13,912 INFO     ___FILE_ONLY___ 35.238.249.133
2023-07-03 17:23:13,912 INFO     ___FILE_ONLY___    
2023-07-03 17:23:13,912 INFO     ___FILE_ONLY___ n1-standard-4
2023-07-03 17:23:13,912 INFO     ___FILE_ONLY___   
2023-07-03 17:23:13,912 INFO     ___FILE_ONLY___ 1.23.17-gke.7000
2023-07-03 17:23:13,912 INFO     ___FILE_ONLY___     
2023-07-03 17:23:13,912 INFO     ___FILE_ONLY___ 3
2023-07-03 17:23:13,912 INFO     ___FILE_ONLY___           
2023-07-03 17:23:13,912 INFO     ___FILE_ONLY___ RUNNING
2023-07-03 17:23:13,912 INFO     ___FILE_ONLY___ 

2023-07-03 17:23:13,912 INFO     ___FILE_ONLY___ jen-pxc-1361-782b9136-6-cluster3
2023-07-03 17:23:13,912 INFO     ___FILE_ONLY___    
2023-07-03 17:23:13,912 INFO     ___FILE_ONLY___ us-central1-a
2023-07-03 17:23:13,912 INFO     ___FILE_ONLY___    
2023-07-03 17:23:13,912 INFO     ___FILE_ONLY___ 1.23.17-gke.7000
2023-07-03 17:23:13,912 INFO     ___FILE_ONLY___   
2023-07-03 17:23:13,912 INFO     ___FILE_ONLY___ 34.133.37.116
2023-07-03 17:23:13,913 INFO     ___FILE_ONLY___     
2023-07-03 17:23:13,913 INFO     ___FILE_ONLY___ n1-standard-4
2023-07-03 17:23:13,913 INFO     ___FILE_ONLY___   
2023-07-03 17:23:13,913 INFO     ___FILE_ONLY___ 1.23.17-gke.7000
2023-07-03 17:23:13,913 INFO     ___FILE_ONLY___     
2023-07-03 17:23:13,913 INFO     ___FILE_ONLY___ 3
2023-07-03 17:23:13,913 INFO     ___FILE_ONLY___           
2023-07-03 17:23:13,913 INFO     ___FILE_ONLY___ RUNNING
2023-07-03 17:23:13,913 INFO     ___FILE_ONLY___ 

2023-07-03 17:23:13,913 INFO     ___FILE_ONLY___ jen-pxc-1361-782b9136-6-cluster4
2023-07-03 17:23:13,913 INFO     ___FILE_ONLY___    
2023-07-03 17:23:13,913 INFO     ___FILE_ONLY___ us-central1-a
2023-07-03 17:23:13,913 INFO     ___FILE_ONLY___    
2023-07-03 17:23:13,913 INFO     ___FILE_ONLY___ 1.23.17-gke.7000
2023-07-03 17:23:13,913 INFO     ___FILE_ONLY___   
2023-07-03 17:23:13,913 INFO     ___FILE_ONLY___ 34.31.104.50
2023-07-03 17:23:13,913 INFO     ___FILE_ONLY___      
2023-07-03 17:23:13,913 INFO     ___FILE_ONLY___ n1-standard-4
2023-07-03 17:23:13,913 INFO     ___FILE_ONLY___   
2023-07-03 17:23:13,913 INFO     ___FILE_ONLY___ 1.23.17-gke.7000
2023-07-03 17:23:13,913 INFO     ___FILE_ONLY___     
2023-07-03 17:23:13,913 INFO     ___FILE_ONLY___ 3
2023-07-03 17:23:13,913 INFO     ___FILE_ONLY___           
2023-07-03 17:23:13,913 INFO     ___FILE_ONLY___ RUNNING
2023-07-03 17:23:13,913 INFO     ___FILE_ONLY___ 

2023-07-03 17:23:13,913 INFO     ___FILE_ONLY___ jen-pxc-1361-782b9136-6-cluster5
2023-07-03 17:23:13,913 INFO     ___FILE_ONLY___    
2023-07-03 17:23:13,913 INFO     ___FILE_ONLY___ us-central1-a
2023-07-03 17:23:13,913 INFO     ___FILE_ONLY___    
2023-07-03 17:23:13,913 INFO     ___FILE_ONLY___ 1.23.17-gke.7000
2023-07-03 17:23:13,913 INFO     ___FILE_ONLY___   
2023-07-03 17:23:13,913 INFO     ___FILE_ONLY___ 34.171.4.129
2023-07-03 17:23:13,913 INFO     ___FILE_ONLY___      
2023-07-03 17:23:13,913 INFO     ___FILE_ONLY___ n1-standard-4
2023-07-03 17:23:13,913 INFO     ___FILE_ONLY___   
2023-07-03 17:23:13,913 INFO     ___FILE_ONLY___ 1.23.17-gke.7000
2023-07-03 17:23:13,913 INFO     ___FILE_ONLY___     
2023-07-03 17:23:13,913 INFO     ___FILE_ONLY___ 3
2023-07-03 17:23:13,913 INFO     ___FILE_ONLY___           
2023-07-03 17:23:13,913 INFO     ___FILE_ONLY___ RUNNING
2023-07-03 17:23:13,913 INFO     ___FILE_ONLY___ 

2023-07-03 17:23:13,913 INFO     ___FILE_ONLY___ jen-pxc-1361-782b9136-6-cluster6
2023-07-03 17:23:13,913 INFO     ___FILE_ONLY___    
2023-07-03 17:23:13,913 INFO     ___FILE_ONLY___ us-central1-a
2023-07-03 17:23:13,913 INFO     ___FILE_ONLY___    
2023-07-03 17:23:13,913 INFO     ___FILE_ONLY___ 1.23.17-gke.7000
2023-07-03 17:23:13,913 INFO     ___FILE_ONLY___   
2023-07-03 17:23:13,913 INFO     ___FILE_ONLY___ 35.225.10.124
2023-07-03 17:23:13,913 INFO     ___FILE_ONLY___     
2023-07-03 17:23:13,913 INFO     ___FILE_ONLY___ n1-standard-4
2023-07-03 17:23:13,913 INFO     ___FILE_ONLY___   
2023-07-03 17:23:13,913 INFO     ___FILE_ONLY___ 1.23.17-gke.7000
2023-07-03 17:23:13,913 INFO     ___FILE_ONLY___     
2023-07-03 17:23:13,913 INFO     ___FILE_ONLY___ 3
2023-07-03 17:23:13,913 INFO     ___FILE_ONLY___           
2023-07-03 17:23:13,913 INFO     ___FILE_ONLY___ RUNNING
2023-07-03 17:23:13,913 INFO     ___FILE_ONLY___ 

2023-07-03 17:23:13,913 INFO     ___FILE_ONLY___ jen-pxc-1361-782b9136-6-cluster7
2023-07-03 17:23:13,913 INFO     ___FILE_ONLY___    
2023-07-03 17:23:13,913 INFO     ___FILE_ONLY___ us-central1-a
2023-07-03 17:23:13,913 INFO     ___FILE_ONLY___    
2023-07-03 17:23:13,913 INFO     ___FILE_ONLY___ 1.23.17-gke.7000
2023-07-03 17:23:13,913 INFO     ___FILE_ONLY___   
2023-07-03 17:23:13,913 INFO     ___FILE_ONLY___ 34.170.27.34
2023-07-03 17:23:13,913 INFO     ___FILE_ONLY___      
2023-07-03 17:23:13,913 INFO     ___FILE_ONLY___ n1-standard-4
2023-07-03 17:23:13,913 INFO     ___FILE_ONLY___   
2023-07-03 17:23:13,913 INFO     ___FILE_ONLY___ 1.23.17-gke.7000
2023-07-03 17:23:13,913 INFO     ___FILE_ONLY___     
2023-07-03 17:23:13,913 INFO     ___FILE_ONLY___ 3
2023-07-03 17:23:13,913 INFO     ___FILE_ONLY___           
2023-07-03 17:23:13,914 INFO     ___FILE_ONLY___ RUNNING
2023-07-03 17:23:13,914 INFO     ___FILE_ONLY___ 

2023-07-03 17:23:13,914 INFO     ___FILE_ONLY___ jen-pxc-1361-782b9136-6-cluster8
2023-07-03 17:23:13,914 INFO     ___FILE_ONLY___    
2023-07-03 17:23:13,914 INFO     ___FILE_ONLY___ us-central1-a
2023-07-03 17:23:13,914 INFO     ___FILE_ONLY___    
2023-07-03 17:23:13,914 INFO     ___FILE_ONLY___ 1.23.17-gke.7000
2023-07-03 17:23:13,914 INFO     ___FILE_ONLY___   
2023-07-03 17:23:13,914 INFO     ___FILE_ONLY___ 34.71.236.157
2023-07-03 17:23:13,914 INFO     ___FILE_ONLY___     
2023-07-03 17:23:13,914 INFO     ___FILE_ONLY___ n1-standard-4
2023-07-03 17:23:13,914 INFO     ___FILE_ONLY___   
2023-07-03 17:23:13,914 INFO     ___FILE_ONLY___ 1.23.17-gke.7000
2023-07-03 17:23:13,914 INFO     ___FILE_ONLY___     
2023-07-03 17:23:13,914 INFO     ___FILE_ONLY___ 3
2023-07-03 17:23:13,914 INFO     ___FILE_ONLY___           
2023-07-03 17:23:13,914 INFO     ___FILE_ONLY___ RUNNING
2023-07-03 17:23:13,914 INFO     ___FILE_ONLY___ 

2023-07-03 17:23:13,914 INFO     ___FILE_ONLY___ jen-pxc-1361-782b9136-6-cluster9
2023-07-03 17:23:13,914 INFO     ___FILE_ONLY___    
2023-07-03 17:23:13,914 INFO     ___FILE_ONLY___ us-central1-a
2023-07-03 17:23:13,914 INFO     ___FILE_ONLY___    
2023-07-03 17:23:13,914 INFO     ___FILE_ONLY___ 1.23.17-gke.7000
2023-07-03 17:23:13,914 INFO     ___FILE_ONLY___   
2023-07-03 17:23:13,914 INFO     ___FILE_ONLY___ 34.31.237.82
2023-07-03 17:23:13,914 INFO     ___FILE_ONLY___      
2023-07-03 17:23:13,914 INFO     ___FILE_ONLY___ n1-standard-4
2023-07-03 17:23:13,914 INFO     ___FILE_ONLY___   
2023-07-03 17:23:13,914 INFO     ___FILE_ONLY___ 1.23.17-gke.7000
2023-07-03 17:23:13,914 INFO     ___FILE_ONLY___     
2023-07-03 17:23:13,914 INFO     ___FILE_ONLY___ 3
2023-07-03 17:23:13,914 INFO     ___FILE_ONLY___           
2023-07-03 17:23:13,914 INFO     ___FILE_ONLY___ RUNNING
2023-07-03 17:23:13,914 INFO     ___FILE_ONLY___ 

2023-07-03 17:23:13,914 INFO     ___FILE_ONLY___ jen-pxc-1435-680ebc34-3-cluster1
2023-07-03 17:23:13,914 INFO     ___FILE_ONLY___    
2023-07-03 17:23:13,914 INFO     ___FILE_ONLY___ us-central1-a
2023-07-03 17:23:13,914 INFO     ___FILE_ONLY___    
2023-07-03 17:23:13,914 INFO     ___FILE_ONLY___ 1.23.17-gke.7000
2023-07-03 17:23:13,914 INFO     ___FILE_ONLY___   
2023-07-03 17:23:13,914 INFO     ___FILE_ONLY___ 104.155.174.242
2023-07-03 17:23:13,914 INFO     ___FILE_ONLY___   
2023-07-03 17:23:13,914 INFO     ___FILE_ONLY___ n1-standard-4
2023-07-03 17:23:13,914 INFO     ___FILE_ONLY___   
2023-07-03 17:23:13,914 INFO     ___FILE_ONLY___ 1.23.17-gke.7000
2023-07-03 17:23:13,914 INFO     ___FILE_ONLY___     
2023-07-03 17:23:13,914 INFO     ___FILE_ONLY___ 3
2023-07-03 17:23:13,914 INFO     ___FILE_ONLY___           
2023-07-03 17:23:13,914 INFO     ___FILE_ONLY___ RUNNING
2023-07-03 17:23:13,914 INFO     ___FILE_ONLY___ 

2023-07-03 17:23:13,914 INFO     ___FILE_ONLY___ jen-pxc-1435-680ebc34-3-cluster2
2023-07-03 17:23:13,914 INFO     ___FILE_ONLY___    
2023-07-03 17:23:13,914 INFO     ___FILE_ONLY___ us-central1-a
2023-07-03 17:23:13,914 INFO     ___FILE_ONLY___    
2023-07-03 17:23:13,914 INFO     ___FILE_ONLY___ 1.23.17-gke.7000
2023-07-03 17:23:13,914 INFO     ___FILE_ONLY___   
2023-07-03 17:23:13,914 INFO     ___FILE_ONLY___ 35.223.195.155
2023-07-03 17:23:13,914 INFO     ___FILE_ONLY___    
2023-07-03 17:23:13,914 INFO     ___FILE_ONLY___ n1-standard-4
2023-07-03 17:23:13,914 INFO     ___FILE_ONLY___   
2023-07-03 17:23:13,914 INFO     ___FILE_ONLY___ 1.23.17-gke.7000
2023-07-03 17:23:13,914 INFO     ___FILE_ONLY___     
2023-07-03 17:23:13,914 INFO     ___FILE_ONLY___ 3
2023-07-03 17:23:13,914 INFO     ___FILE_ONLY___           
2023-07-03 17:23:13,914 INFO     ___FILE_ONLY___ RUNNING
2023-07-03 17:23:13,914 INFO     ___FILE_ONLY___ 

2023-07-03 17:23:13,914 INFO     ___FILE_ONLY___ jen-pxc-1435-680ebc34-3-cluster3
2023-07-03 17:23:13,914 INFO     ___FILE_ONLY___    
2023-07-03 17:23:13,914 INFO     ___FILE_ONLY___ us-central1-a
2023-07-03 17:23:13,914 INFO     ___FILE_ONLY___    
2023-07-03 17:23:13,914 INFO     ___FILE_ONLY___ 1.23.17-gke.7000
2023-07-03 17:23:13,914 INFO     ___FILE_ONLY___   
2023-07-03 17:23:13,914 INFO     ___FILE_ONLY___ 34.69.138.120
2023-07-03 17:23:13,915 INFO     ___FILE_ONLY___     
2023-07-03 17:23:13,915 INFO     ___FILE_ONLY___ n1-standard-4
2023-07-03 17:23:13,915 INFO     ___FILE_ONLY___   
2023-07-03 17:23:13,915 INFO     ___FILE_ONLY___ 1.23.17-gke.7000
2023-07-03 17:23:13,915 INFO     ___FILE_ONLY___     
2023-07-03 17:23:13,915 INFO     ___FILE_ONLY___ 3
2023-07-03 17:23:13,915 INFO     ___FILE_ONLY___           
2023-07-03 17:23:13,915 INFO     ___FILE_ONLY___ RUNNING
2023-07-03 17:23:13,915 INFO     ___FILE_ONLY___ 

2023-07-03 17:23:13,915 INFO     ___FILE_ONLY___ jen-pxc-1435-680ebc34-3-cluster4
2023-07-03 17:23:13,915 INFO     ___FILE_ONLY___    
2023-07-03 17:23:13,915 INFO     ___FILE_ONLY___ us-central1-a
2023-07-03 17:23:13,915 INFO     ___FILE_ONLY___    
2023-07-03 17:23:13,915 INFO     ___FILE_ONLY___ 1.23.17-gke.7000
2023-07-03 17:23:13,915 INFO     ___FILE_ONLY___   
2023-07-03 17:23:13,915 INFO     ___FILE_ONLY___ 34.72.99.129
2023-07-03 17:23:13,915 INFO     ___FILE_ONLY___      
2023-07-03 17:23:13,915 INFO     ___FILE_ONLY___ n1-standard-4
2023-07-03 17:23:13,915 INFO     ___FILE_ONLY___   
2023-07-03 17:23:13,915 INFO     ___FILE_ONLY___ 1.23.17-gke.7000
2023-07-03 17:23:13,915 INFO     ___FILE_ONLY___     
2023-07-03 17:23:13,915 INFO     ___FILE_ONLY___ 3
2023-07-03 17:23:13,915 INFO     ___FILE_ONLY___           
2023-07-03 17:23:13,915 INFO     ___FILE_ONLY___ RUNNING
2023-07-03 17:23:13,915 INFO     ___FILE_ONLY___ 

2023-07-03 17:23:13,915 INFO     ___FILE_ONLY___ jen-pxc-1435-680ebc34-3-cluster5
2023-07-03 17:23:13,915 INFO     ___FILE_ONLY___    
2023-07-03 17:23:13,915 INFO     ___FILE_ONLY___ us-central1-a
2023-07-03 17:23:13,915 INFO     ___FILE_ONLY___    
2023-07-03 17:23:13,915 INFO     ___FILE_ONLY___ 1.23.17-gke.7000
2023-07-03 17:23:13,915 INFO     ___FILE_ONLY___   
2023-07-03 17:23:13,915 INFO     ___FILE_ONLY___ 104.154.89.18
2023-07-03 17:23:13,915 INFO     ___FILE_ONLY___     
2023-07-03 17:23:13,915 INFO     ___FILE_ONLY___ n1-standard-4
2023-07-03 17:23:13,915 INFO     ___FILE_ONLY___   
2023-07-03 17:23:13,915 INFO     ___FILE_ONLY___ 1.23.17-gke.7000
2023-07-03 17:23:13,915 INFO     ___FILE_ONLY___     
2023-07-03 17:23:13,915 INFO     ___FILE_ONLY___ 3
2023-07-03 17:23:13,915 INFO     ___FILE_ONLY___           
2023-07-03 17:23:13,915 INFO     ___FILE_ONLY___ RUNNING
2023-07-03 17:23:13,915 INFO     ___FILE_ONLY___ 

2023-07-03 17:23:13,915 INFO     ___FILE_ONLY___ jen-pxc-1435-680ebc34-3-cluster6
2023-07-03 17:23:13,915 INFO     ___FILE_ONLY___    
2023-07-03 17:23:13,915 INFO     ___FILE_ONLY___ us-central1-a
2023-07-03 17:23:13,915 INFO     ___FILE_ONLY___    
2023-07-03 17:23:13,915 INFO     ___FILE_ONLY___ 1.23.17-gke.7000
2023-07-03 17:23:13,915 INFO     ___FILE_ONLY___   
2023-07-03 17:23:13,915 INFO     ___FILE_ONLY___ 34.170.54.76
2023-07-03 17:23:13,915 INFO     ___FILE_ONLY___      
2023-07-03 17:23:13,915 INFO     ___FILE_ONLY___ n1-standard-4
2023-07-03 17:23:13,915 INFO     ___FILE_ONLY___   
2023-07-03 17:23:13,915 INFO     ___FILE_ONLY___ 1.23.17-gke.7000
2023-07-03 17:23:13,915 INFO     ___FILE_ONLY___     
2023-07-03 17:23:13,915 INFO     ___FILE_ONLY___ 3
2023-07-03 17:23:13,915 INFO     ___FILE_ONLY___           
2023-07-03 17:23:13,915 INFO     ___FILE_ONLY___ RUNNING
2023-07-03 17:23:13,915 INFO     ___FILE_ONLY___ 

2023-07-03 17:23:13,915 INFO     ___FILE_ONLY___ jen-pxc-1435-680ebc34-3-cluster7
2023-07-03 17:23:13,915 INFO     ___FILE_ONLY___    
2023-07-03 17:23:13,915 INFO     ___FILE_ONLY___ us-central1-a
2023-07-03 17:23:13,915 INFO     ___FILE_ONLY___    
2023-07-03 17:23:13,915 INFO     ___FILE_ONLY___ 1.23.17-gke.7000
2023-07-03 17:23:13,915 INFO     ___FILE_ONLY___   
2023-07-03 17:23:13,915 INFO     ___FILE_ONLY___ 35.202.148.40
2023-07-03 17:23:13,915 INFO     ___FILE_ONLY___     
2023-07-03 17:23:13,915 INFO     ___FILE_ONLY___ n1-standard-4
2023-07-03 17:23:13,915 INFO     ___FILE_ONLY___   
2023-07-03 17:23:13,915 INFO     ___FILE_ONLY___ 1.23.17-gke.7000
2023-07-03 17:23:13,915 INFO     ___FILE_ONLY___     
2023-07-03 17:23:13,915 INFO     ___FILE_ONLY___ 3
2023-07-03 17:23:13,915 INFO     ___FILE_ONLY___           
2023-07-03 17:23:13,915 INFO     ___FILE_ONLY___ RUNNING
2023-07-03 17:23:13,916 INFO     ___FILE_ONLY___ 

2023-07-03 17:23:13,916 INFO     ___FILE_ONLY___ jen-pxc-1435-680ebc34-3-cluster8
2023-07-03 17:23:13,916 INFO     ___FILE_ONLY___    
2023-07-03 17:23:13,916 INFO     ___FILE_ONLY___ us-central1-a
2023-07-03 17:23:13,916 INFO     ___FILE_ONLY___    
2023-07-03 17:23:13,916 INFO     ___FILE_ONLY___ 1.23.17-gke.7000
2023-07-03 17:23:13,916 INFO     ___FILE_ONLY___   
2023-07-03 17:23:13,916 INFO     ___FILE_ONLY___ 35.239.150.219
2023-07-03 17:23:13,916 INFO     ___FILE_ONLY___    
2023-07-03 17:23:13,916 INFO     ___FILE_ONLY___ n1-standard-4
2023-07-03 17:23:13,916 INFO     ___FILE_ONLY___   
2023-07-03 17:23:13,916 INFO     ___FILE_ONLY___ 1.23.17-gke.7000
2023-07-03 17:23:13,916 INFO     ___FILE_ONLY___     
2023-07-03 17:23:13,916 INFO     ___FILE_ONLY___ 3
2023-07-03 17:23:13,916 INFO     ___FILE_ONLY___           
2023-07-03 17:23:13,916 INFO     ___FILE_ONLY___ RUNNING
2023-07-03 17:23:13,916 INFO     ___FILE_ONLY___ 

2023-07-03 17:23:13,916 INFO     ___FILE_ONLY___ jen-pxc-1435-680ebc34-3-cluster9
2023-07-03 17:23:13,916 INFO     ___FILE_ONLY___    
2023-07-03 17:23:13,916 INFO     ___FILE_ONLY___ us-central1-a
2023-07-03 17:23:13,916 INFO     ___FILE_ONLY___    
2023-07-03 17:23:13,916 INFO     ___FILE_ONLY___ 1.23.17-gke.7000
2023-07-03 17:23:13,916 INFO     ___FILE_ONLY___   
2023-07-03 17:23:13,916 INFO     ___FILE_ONLY___ 34.70.120.116
2023-07-03 17:23:13,916 INFO     ___FILE_ONLY___     
2023-07-03 17:23:13,916 INFO     ___FILE_ONLY___ n1-standard-4
2023-07-03 17:23:13,916 INFO     ___FILE_ONLY___   
2023-07-03 17:23:13,916 INFO     ___FILE_ONLY___ 1.23.17-gke.7000
2023-07-03 17:23:13,916 INFO     ___FILE_ONLY___     
2023-07-03 17:23:13,916 INFO     ___FILE_ONLY___ 3
2023-07-03 17:23:13,916 INFO     ___FILE_ONLY___           
2023-07-03 17:23:13,916 INFO     ___FILE_ONLY___ RUNNING
2023-07-03 17:23:13,916 INFO     ___FILE_ONLY___ 

2023-07-03 17:23:13,916 INFO     ___FILE_ONLY___ jen-pxc-1455-af9de3e3-1-cluster1
2023-07-03 17:23:13,916 INFO     ___FILE_ONLY___    
2023-07-03 17:23:13,916 INFO     ___FILE_ONLY___ us-central1-a
2023-07-03 17:23:13,916 INFO     ___FILE_ONLY___    
2023-07-03 17:23:13,916 INFO     ___FILE_ONLY___ 1.23.17-gke.7000
2023-07-03 17:23:13,916 INFO     ___FILE_ONLY___   
2023-07-03 17:23:13,916 INFO     ___FILE_ONLY___ 34.172.91.202
2023-07-03 17:23:13,916 INFO     ___FILE_ONLY___     
2023-07-03 17:23:13,916 INFO     ___FILE_ONLY___ n1-standard-4
2023-07-03 17:23:13,916 INFO     ___FILE_ONLY___   
2023-07-03 17:23:13,916 INFO     ___FILE_ONLY___ 1.23.17-gke.7000
2023-07-03 17:23:13,916 INFO     ___FILE_ONLY___     
2023-07-03 17:23:13,916 INFO     ___FILE_ONLY___ 3
2023-07-03 17:23:13,916 INFO     ___FILE_ONLY___           
2023-07-03 17:23:13,916 INFO     ___FILE_ONLY___ RUNNING
2023-07-03 17:23:13,916 INFO     ___FILE_ONLY___ 

2023-07-03 17:23:13,916 INFO     ___FILE_ONLY___ jen-pxc-1455-af9de3e3-1-cluster2
2023-07-03 17:23:13,916 INFO     ___FILE_ONLY___    
2023-07-03 17:23:13,916 INFO     ___FILE_ONLY___ us-central1-a
2023-07-03 17:23:13,916 INFO     ___FILE_ONLY___    
2023-07-03 17:23:13,916 INFO     ___FILE_ONLY___ 1.23.17-gke.7000
2023-07-03 17:23:13,916 INFO     ___FILE_ONLY___   
2023-07-03 17:23:13,916 INFO     ___FILE_ONLY___ 146.148.74.242
2023-07-03 17:23:13,916 INFO     ___FILE_ONLY___    
2023-07-03 17:23:13,916 INFO     ___FILE_ONLY___ n1-standard-4
2023-07-03 17:23:13,916 INFO     ___FILE_ONLY___   
2023-07-03 17:23:13,916 INFO     ___FILE_ONLY___ 1.23.17-gke.7000
2023-07-03 17:23:13,916 INFO     ___FILE_ONLY___     
2023-07-03 17:23:13,916 INFO     ___FILE_ONLY___ 3
2023-07-03 17:23:13,916 INFO     ___FILE_ONLY___           
2023-07-03 17:23:13,916 INFO     ___FILE_ONLY___ RUNNING
2023-07-03 17:23:13,916 INFO     ___FILE_ONLY___ 

2023-07-03 17:23:13,916 INFO     ___FILE_ONLY___ jen-pxc-1455-af9de3e3-1-cluster3
2023-07-03 17:23:13,916 INFO     ___FILE_ONLY___    
2023-07-03 17:23:13,916 INFO     ___FILE_ONLY___ us-central1-a
2023-07-03 17:23:13,916 INFO     ___FILE_ONLY___    
2023-07-03 17:23:13,916 INFO     ___FILE_ONLY___ 1.23.17-gke.7000
2023-07-03 17:23:13,916 INFO     ___FILE_ONLY___   
2023-07-03 17:23:13,916 INFO     ___FILE_ONLY___ 34.70.170.36
2023-07-03 17:23:13,917 INFO     ___FILE_ONLY___      
2023-07-03 17:23:13,917 INFO     ___FILE_ONLY___ n1-standard-4
2023-07-03 17:23:13,917 INFO     ___FILE_ONLY___   
2023-07-03 17:23:13,917 INFO     ___FILE_ONLY___ 1.23.17-gke.7000
2023-07-03 17:23:13,917 INFO     ___FILE_ONLY___     
2023-07-03 17:23:13,917 INFO     ___FILE_ONLY___ 3
2023-07-03 17:23:13,917 INFO     ___FILE_ONLY___           
2023-07-03 17:23:13,917 INFO     ___FILE_ONLY___ RUNNING
2023-07-03 17:23:13,917 INFO     ___FILE_ONLY___ 

2023-07-03 17:23:13,917 INFO     ___FILE_ONLY___ jen-pxc-1455-af9de3e3-1-cluster4
2023-07-03 17:23:13,917 INFO     ___FILE_ONLY___    
2023-07-03 17:23:13,917 INFO     ___FILE_ONLY___ us-central1-a
2023-07-03 17:23:13,917 INFO     ___FILE_ONLY___    
2023-07-03 17:23:13,917 INFO     ___FILE_ONLY___ 1.23.17-gke.7000
2023-07-03 17:23:13,917 INFO     ___FILE_ONLY___   
2023-07-03 17:23:13,917 INFO     ___FILE_ONLY___ 34.136.187.207
2023-07-03 17:23:13,917 INFO     ___FILE_ONLY___    
2023-07-03 17:23:13,917 INFO     ___FILE_ONLY___ n1-standard-4
2023-07-03 17:23:13,917 INFO     ___FILE_ONLY___   
2023-07-03 17:23:13,917 INFO     ___FILE_ONLY___ 1.23.17-gke.7000
2023-07-03 17:23:13,917 INFO     ___FILE_ONLY___     
2023-07-03 17:23:13,917 INFO     ___FILE_ONLY___ 3
2023-07-03 17:23:13,917 INFO     ___FILE_ONLY___           
2023-07-03 17:23:13,917 INFO     ___FILE_ONLY___ RUNNING
2023-07-03 17:23:13,917 INFO     ___FILE_ONLY___ 

2023-07-03 17:23:13,917 INFO     ___FILE_ONLY___ jen-pxc-1455-af9de3e3-1-cluster5
2023-07-03 17:23:13,917 INFO     ___FILE_ONLY___    
2023-07-03 17:23:13,917 INFO     ___FILE_ONLY___ us-central1-a
2023-07-03 17:23:13,917 INFO     ___FILE_ONLY___    
2023-07-03 17:23:13,917 INFO     ___FILE_ONLY___ 1.23.17-gke.7000
2023-07-03 17:23:13,917 INFO     ___FILE_ONLY___   
2023-07-03 17:23:13,917 INFO     ___FILE_ONLY___ 34.134.239.32
2023-07-03 17:23:13,917 INFO     ___FILE_ONLY___     
2023-07-03 17:23:13,917 INFO     ___FILE_ONLY___ n1-standard-4
2023-07-03 17:23:13,917 INFO     ___FILE_ONLY___   
2023-07-03 17:23:13,917 INFO     ___FILE_ONLY___ 1.23.17-gke.7000
2023-07-03 17:23:13,917 INFO     ___FILE_ONLY___     
2023-07-03 17:23:13,917 INFO     ___FILE_ONLY___ 3
2023-07-03 17:23:13,917 INFO     ___FILE_ONLY___           
2023-07-03 17:23:13,917 INFO     ___FILE_ONLY___ RUNNING
2023-07-03 17:23:13,917 INFO     ___FILE_ONLY___ 

2023-07-03 17:23:13,917 INFO     ___FILE_ONLY___ jen-pxc-1455-af9de3e3-1-cluster6
2023-07-03 17:23:13,917 INFO     ___FILE_ONLY___    
2023-07-03 17:23:13,917 INFO     ___FILE_ONLY___ us-central1-a
2023-07-03 17:23:13,917 INFO     ___FILE_ONLY___    
2023-07-03 17:23:13,917 INFO     ___FILE_ONLY___ 1.23.17-gke.7000
2023-07-03 17:23:13,917 INFO     ___FILE_ONLY___   
2023-07-03 17:23:13,917 INFO     ___FILE_ONLY___ 35.232.46.199
2023-07-03 17:23:13,917 INFO     ___FILE_ONLY___     
2023-07-03 17:23:13,917 INFO     ___FILE_ONLY___ n1-standard-4
2023-07-03 17:23:13,917 INFO     ___FILE_ONLY___   
2023-07-03 17:23:13,917 INFO     ___FILE_ONLY___ 1.23.17-gke.7000
2023-07-03 17:23:13,917 INFO     ___FILE_ONLY___     
2023-07-03 17:23:13,917 INFO     ___FILE_ONLY___ 3
2023-07-03 17:23:13,917 INFO     ___FILE_ONLY___           
2023-07-03 17:23:13,917 INFO     ___FILE_ONLY___ RUNNING
2023-07-03 17:23:13,917 INFO     ___FILE_ONLY___ 

2023-07-03 17:23:13,917 INFO     ___FILE_ONLY___ jen-pxc-1455-af9de3e3-1-cluster7
2023-07-03 17:23:13,917 INFO     ___FILE_ONLY___    
2023-07-03 17:23:13,917 INFO     ___FILE_ONLY___ us-central1-a
2023-07-03 17:23:13,917 INFO     ___FILE_ONLY___    
2023-07-03 17:23:13,917 INFO     ___FILE_ONLY___ 1.23.17-gke.7000
2023-07-03 17:23:13,917 INFO     ___FILE_ONLY___   
2023-07-03 17:23:13,917 INFO     ___FILE_ONLY___ 104.198.186.231
2023-07-03 17:23:13,917 INFO     ___FILE_ONLY___   
2023-07-03 17:23:13,917 INFO     ___FILE_ONLY___ n1-standard-4
2023-07-03 17:23:13,917 INFO     ___FILE_ONLY___   
2023-07-03 17:23:13,917 INFO     ___FILE_ONLY___ 1.23.17-gke.7000
2023-07-03 17:23:13,917 INFO     ___FILE_ONLY___     
2023-07-03 17:23:13,917 INFO     ___FILE_ONLY___ 3
2023-07-03 17:23:13,917 INFO     ___FILE_ONLY___           
2023-07-03 17:23:13,917 INFO     ___FILE_ONLY___ RUNNING
2023-07-03 17:23:13,917 INFO     ___FILE_ONLY___ 

2023-07-03 17:23:13,917 INFO     ___FILE_ONLY___ jen-pxc-1455-af9de3e3-1-cluster8
2023-07-03 17:23:13,918 INFO     ___FILE_ONLY___    
2023-07-03 17:23:13,918 INFO     ___FILE_ONLY___ us-central1-a
2023-07-03 17:23:13,918 INFO     ___FILE_ONLY___    
2023-07-03 17:23:13,918 INFO     ___FILE_ONLY___ 1.23.17-gke.7000
2023-07-03 17:23:13,918 INFO     ___FILE_ONLY___   
2023-07-03 17:23:13,918 INFO     ___FILE_ONLY___ 34.31.151.203
2023-07-03 17:23:13,918 INFO     ___FILE_ONLY___     
2023-07-03 17:23:13,918 INFO     ___FILE_ONLY___ n1-standard-4
2023-07-03 17:23:13,918 INFO     ___FILE_ONLY___   
2023-07-03 17:23:13,918 INFO     ___FILE_ONLY___ 1.23.17-gke.7000
2023-07-03 17:23:13,918 INFO     ___FILE_ONLY___     
2023-07-03 17:23:13,918 INFO     ___FILE_ONLY___ 3
2023-07-03 17:23:13,918 INFO     ___FILE_ONLY___           
2023-07-03 17:23:13,918 INFO     ___FILE_ONLY___ RUNNING
2023-07-03 17:23:13,918 INFO     ___FILE_ONLY___ 

2023-07-03 17:23:13,918 INFO     ___FILE_ONLY___ jen-pxc-1455-af9de3e3-1-cluster9
2023-07-03 17:23:13,918 INFO     ___FILE_ONLY___    
2023-07-03 17:23:13,918 INFO     ___FILE_ONLY___ us-central1-a
2023-07-03 17:23:13,918 INFO     ___FILE_ONLY___    
2023-07-03 17:23:13,918 INFO     ___FILE_ONLY___ 1.23.17-gke.7000
2023-07-03 17:23:13,918 INFO     ___FILE_ONLY___   
2023-07-03 17:23:13,918 INFO     ___FILE_ONLY___ 34.136.41.233
2023-07-03 17:23:13,918 INFO     ___FILE_ONLY___     
2023-07-03 17:23:13,918 INFO     ___FILE_ONLY___ n1-standard-4
2023-07-03 17:23:13,918 INFO     ___FILE_ONLY___   
2023-07-03 17:23:13,918 INFO     ___FILE_ONLY___ 1.23.17-gke.7000
2023-07-03 17:23:13,918 INFO     ___FILE_ONLY___     
2023-07-03 17:23:13,918 INFO     ___FILE_ONLY___ 3
2023-07-03 17:23:13,918 INFO     ___FILE_ONLY___           
2023-07-03 17:23:13,918 INFO     ___FILE_ONLY___ RUNNING
2023-07-03 17:23:13,918 INFO     ___FILE_ONLY___ 

2023-07-03 17:23:13,918 INFO     ___FILE_ONLY___ jenkins-par-pxc-e74de964-cluster1
2023-07-03 17:23:13,918 INFO     ___FILE_ONLY___   
2023-07-03 17:23:13,918 INFO     ___FILE_ONLY___ us-central1-a
2023-07-03 17:23:13,918 INFO     ___FILE_ONLY___    
2023-07-03 17:23:13,918 INFO     ___FILE_ONLY___ 1.25.10-gke.1400
2023-07-03 17:23:13,918 INFO     ___FILE_ONLY___   
2023-07-03 17:23:13,918 INFO     ___FILE_ONLY___ 34.172.22.223
2023-07-03 17:23:13,918 INFO     ___FILE_ONLY___     
2023-07-03 17:23:13,918 INFO     ___FILE_ONLY___ n1-standard-4
2023-07-03 17:23:13,918 INFO     ___FILE_ONLY___   
2023-07-03 17:23:13,918 INFO     ___FILE_ONLY___ 1.25.10-gke.1400
2023-07-03 17:23:13,918 INFO     ___FILE_ONLY___     
2023-07-03 17:23:13,918 INFO     ___FILE_ONLY___ 3
2023-07-03 17:23:13,918 INFO     ___FILE_ONLY___           
2023-07-03 17:23:13,918 INFO     ___FILE_ONLY___ RUNNING
2023-07-03 17:23:13,918 INFO     ___FILE_ONLY___ 

2023-07-03 17:23:13,918 INFO     ___FILE_ONLY___ jenkins-par-pxc-e74de964-cluster2
2023-07-03 17:23:13,918 INFO     ___FILE_ONLY___   
2023-07-03 17:23:13,918 INFO     ___FILE_ONLY___ us-central1-a
2023-07-03 17:23:13,918 INFO     ___FILE_ONLY___    
2023-07-03 17:23:13,918 INFO     ___FILE_ONLY___ 1.25.10-gke.1400
2023-07-03 17:23:13,918 INFO     ___FILE_ONLY___   
2023-07-03 17:23:13,918 INFO     ___FILE_ONLY___ 35.222.216.31
2023-07-03 17:23:13,918 INFO     ___FILE_ONLY___     
2023-07-03 17:23:13,918 INFO     ___FILE_ONLY___ n1-standard-4
2023-07-03 17:23:13,918 INFO     ___FILE_ONLY___   
2023-07-03 17:23:13,918 INFO     ___FILE_ONLY___ 1.25.10-gke.1400
2023-07-03 17:23:13,918 INFO     ___FILE_ONLY___     
2023-07-03 17:23:13,918 INFO     ___FILE_ONLY___ 3
2023-07-03 17:23:13,918 INFO     ___FILE_ONLY___           
2023-07-03 17:23:13,918 INFO     ___FILE_ONLY___ RUNNING
2023-07-03 17:23:13,918 INFO     ___FILE_ONLY___ 

2023-07-03 17:23:13,918 INFO     ___FILE_ONLY___ jenkins-par-pxc-e74de964-cluster3
2023-07-03 17:23:13,918 INFO     ___FILE_ONLY___   
2023-07-03 17:23:13,918 INFO     ___FILE_ONLY___ us-central1-a
2023-07-03 17:23:13,918 INFO     ___FILE_ONLY___    
2023-07-03 17:23:13,918 INFO     ___FILE_ONLY___ 1.25.10-gke.1400
2023-07-03 17:23:13,918 INFO     ___FILE_ONLY___   
2023-07-03 17:23:13,918 INFO     ___FILE_ONLY___ 35.193.123.94
2023-07-03 17:23:13,918 INFO     ___FILE_ONLY___     
2023-07-03 17:23:13,918 INFO     ___FILE_ONLY___ n1-standard-4
2023-07-03 17:23:13,918 INFO     ___FILE_ONLY___   
2023-07-03 17:23:13,919 INFO     ___FILE_ONLY___ 1.25.10-gke.1400
2023-07-03 17:23:13,919 INFO     ___FILE_ONLY___     
2023-07-03 17:23:13,919 INFO     ___FILE_ONLY___ 3
2023-07-03 17:23:13,919 INFO     ___FILE_ONLY___           
2023-07-03 17:23:13,919 INFO     ___FILE_ONLY___ RUNNING
2023-07-03 17:23:13,919 INFO     ___FILE_ONLY___ 

2023-07-03 17:23:13,919 INFO     ___FILE_ONLY___ jenkins-par-pxc-e74de964-cluster4
2023-07-03 17:23:13,919 INFO     ___FILE_ONLY___   
2023-07-03 17:23:13,919 INFO     ___FILE_ONLY___ us-central1-a
2023-07-03 17:23:13,919 INFO     ___FILE_ONLY___    
2023-07-03 17:23:13,919 INFO     ___FILE_ONLY___ 1.25.10-gke.1400
2023-07-03 17:23:13,919 INFO     ___FILE_ONLY___   
2023-07-03 17:23:13,919 INFO     ___FILE_ONLY___ 34.172.112.191
2023-07-03 17:23:13,919 INFO     ___FILE_ONLY___    
2023-07-03 17:23:13,919 INFO     ___FILE_ONLY___ n1-standard-4
2023-07-03 17:23:13,919 INFO     ___FILE_ONLY___   
2023-07-03 17:23:13,919 INFO     ___FILE_ONLY___ 1.25.10-gke.1400
2023-07-03 17:23:13,919 INFO     ___FILE_ONLY___     
2023-07-03 17:23:13,919 INFO     ___FILE_ONLY___ 3
2023-07-03 17:23:13,919 INFO     ___FILE_ONLY___           
2023-07-03 17:23:13,919 INFO     ___FILE_ONLY___ RUNNING
2023-07-03 17:23:13,919 INFO     ___FILE_ONLY___ 

2023-07-03 17:23:13,919 INFO     ___FILE_ONLY___ jenkins-par-pxc-e74de964-cluster5
2023-07-03 17:23:13,919 INFO     ___FILE_ONLY___   
2023-07-03 17:23:13,919 INFO     ___FILE_ONLY___ us-central1-a
2023-07-03 17:23:13,919 INFO     ___FILE_ONLY___    
2023-07-03 17:23:13,919 INFO     ___FILE_ONLY___ 1.25.10-gke.1400
2023-07-03 17:23:13,919 INFO     ___FILE_ONLY___   
2023-07-03 17:23:13,919 INFO     ___FILE_ONLY___ 34.123.73.83
2023-07-03 17:23:13,919 INFO     ___FILE_ONLY___      
2023-07-03 17:23:13,919 INFO     ___FILE_ONLY___ n1-standard-4
2023-07-03 17:23:13,919 INFO     ___FILE_ONLY___   
2023-07-03 17:23:13,919 INFO     ___FILE_ONLY___ 1.25.10-gke.1400
2023-07-03 17:23:13,919 INFO     ___FILE_ONLY___     
2023-07-03 17:23:13,919 INFO     ___FILE_ONLY___ 3
2023-07-03 17:23:13,919 INFO     ___FILE_ONLY___           
2023-07-03 17:23:13,919 INFO     ___FILE_ONLY___ RUNNING
2023-07-03 17:23:13,919 INFO     ___FILE_ONLY___ 

2023-07-03 17:23:13,919 INFO     ___FILE_ONLY___ jenkins-par-pxc-e74de964-cluster6
2023-07-03 17:23:13,919 INFO     ___FILE_ONLY___   
2023-07-03 17:23:13,919 INFO     ___FILE_ONLY___ us-central1-a
2023-07-03 17:23:13,919 INFO     ___FILE_ONLY___    
2023-07-03 17:23:13,919 INFO     ___FILE_ONLY___ 1.25.10-gke.1400
2023-07-03 17:23:13,919 INFO     ___FILE_ONLY___   
2023-07-03 17:23:13,919 INFO     ___FILE_ONLY___ 34.70.95.173
2023-07-03 17:23:13,919 INFO     ___FILE_ONLY___      
2023-07-03 17:23:13,919 INFO     ___FILE_ONLY___ n1-standard-4
2023-07-03 17:23:13,919 INFO     ___FILE_ONLY___   
2023-07-03 17:23:13,919 INFO     ___FILE_ONLY___ 1.25.10-gke.1400
2023-07-03 17:23:13,919 INFO     ___FILE_ONLY___     
2023-07-03 17:23:13,919 INFO     ___FILE_ONLY___ 3
2023-07-03 17:23:13,919 INFO     ___FILE_ONLY___           
2023-07-03 17:23:13,919 INFO     ___FILE_ONLY___ RUNNING
2023-07-03 17:23:13,919 INFO     ___FILE_ONLY___ 

2023-07-03 17:23:13,919 INFO     ___FILE_ONLY___ jenkins-par-pxc-e74de964-cluster7
2023-07-03 17:23:13,919 INFO     ___FILE_ONLY___   
2023-07-03 17:23:13,919 INFO     ___FILE_ONLY___ us-central1-a
2023-07-03 17:23:13,919 INFO     ___FILE_ONLY___    
2023-07-03 17:23:13,919 INFO     ___FILE_ONLY___ 1.25.10-gke.1400
2023-07-03 17:23:13,919 INFO     ___FILE_ONLY___   
2023-07-03 17:23:13,919 INFO     ___FILE_ONLY___ 34.68.79.134
2023-07-03 17:23:13,919 INFO     ___FILE_ONLY___      
2023-07-03 17:23:13,919 INFO     ___FILE_ONLY___ n1-standard-4
2023-07-03 17:23:13,919 INFO     ___FILE_ONLY___   
2023-07-03 17:23:13,919 INFO     ___FILE_ONLY___ 1.25.10-gke.1400
2023-07-03 17:23:13,919 INFO     ___FILE_ONLY___     
2023-07-03 17:23:13,919 INFO     ___FILE_ONLY___ 3
2023-07-03 17:23:13,919 INFO     ___FILE_ONLY___           
2023-07-03 17:23:13,919 INFO     ___FILE_ONLY___ RUNNING
2023-07-03 17:23:13,919 INFO     ___FILE_ONLY___ 

2023-07-03 17:23:13,919 INFO     ___FILE_ONLY___ jenkins-par-pxc-e74de964-cluster8
2023-07-03 17:23:13,919 INFO     ___FILE_ONLY___   
2023-07-03 17:23:13,919 INFO     ___FILE_ONLY___ us-central1-a
2023-07-03 17:23:13,919 INFO     ___FILE_ONLY___    
2023-07-03 17:23:13,919 INFO     ___FILE_ONLY___ 1.25.10-gke.1400
2023-07-03 17:23:13,919 INFO     ___FILE_ONLY___   
2023-07-03 17:23:13,919 INFO     ___FILE_ONLY___ 35.238.201.133
2023-07-03 17:23:13,920 INFO     ___FILE_ONLY___    
2023-07-03 17:23:13,920 INFO     ___FILE_ONLY___ n1-standard-4
2023-07-03 17:23:13,920 INFO     ___FILE_ONLY___   
2023-07-03 17:23:13,920 INFO     ___FILE_ONLY___ 1.25.10-gke.1400
2023-07-03 17:23:13,920 INFO     ___FILE_ONLY___     
2023-07-03 17:23:13,920 INFO     ___FILE_ONLY___ 3
2023-07-03 17:23:13,920 INFO     ___FILE_ONLY___           
2023-07-03 17:23:13,920 INFO     ___FILE_ONLY___ RUNNING
2023-07-03 17:23:13,920 INFO     ___FILE_ONLY___ 

2023-07-03 17:23:13,920 INFO     ___FILE_ONLY___ plavi-125
2023-07-03 17:23:13,920 INFO     ___FILE_ONLY___                           
2023-07-03 17:23:13,920 INFO     ___FILE_ONLY___ us-central1-a
2023-07-03 17:23:13,920 INFO     ___FILE_ONLY___    
2023-07-03 17:23:13,920 INFO     ___FILE_ONLY___ 1.25.10-gke.1400
2023-07-03 17:23:13,920 INFO     ___FILE_ONLY___   
2023-07-03 17:23:13,920 INFO     ___FILE_ONLY___ 34.69.127.211
2023-07-03 17:23:13,920 INFO     ___FILE_ONLY___     
2023-07-03 17:23:13,920 INFO     ___FILE_ONLY___ n1-standard-4
2023-07-03 17:23:13,920 INFO     ___FILE_ONLY___   
2023-07-03 17:23:13,920 INFO     ___FILE_ONLY___ 1.25.10-gke.1400
2023-07-03 17:23:13,920 INFO     ___FILE_ONLY___     
2023-07-03 17:23:13,920 INFO     ___FILE_ONLY___ 3
2023-07-03 17:23:13,920 INFO     ___FILE_ONLY___           
2023-07-03 17:23:13,920 INFO     ___FILE_ONLY___ RUNNING
2023-07-03 17:23:13,920 INFO     ___FILE_ONLY___ 

2023-07-03 17:23:13,920 INFO     ___FILE_ONLY___ ptankov
2023-07-03 17:23:13,920 INFO     ___FILE_ONLY___                             
2023-07-03 17:23:13,920 INFO     ___FILE_ONLY___ us-central1-a
2023-07-03 17:23:13,920 INFO     ___FILE_ONLY___    
2023-07-03 17:23:13,920 INFO     ___FILE_ONLY___ 1.25.10-gke.1400
2023-07-03 17:23:13,920 INFO     ___FILE_ONLY___   
2023-07-03 17:23:13,920 INFO     ___FILE_ONLY___ 34.68.92.164
2023-07-03 17:23:13,920 INFO     ___FILE_ONLY___      
2023-07-03 17:23:13,920 INFO     ___FILE_ONLY___ n1-standard-4
2023-07-03 17:23:13,920 INFO     ___FILE_ONLY___   
2023-07-03 17:23:13,920 INFO     ___FILE_ONLY___ 1.25.10-gke.1400
2023-07-03 17:23:13,920 INFO     ___FILE_ONLY___     
2023-07-03 17:23:13,920 INFO     ___FILE_ONLY___ 3
2023-07-03 17:23:13,920 INFO     ___FILE_ONLY___           
2023-07-03 17:23:13,920 INFO     ___FILE_ONLY___ RUNNING
2023-07-03 17:23:13,920 INFO     ___FILE_ONLY___ 

2023-07-03 17:23:13,920 INFO     ___FILE_ONLY___ natali-23
2023-07-03 17:23:13,920 INFO     ___FILE_ONLY___                           
2023-07-03 17:23:13,920 INFO     ___FILE_ONLY___ us-central1-c
2023-07-03 17:23:13,920 INFO     ___FILE_ONLY___    
2023-07-03 17:23:13,920 INFO     ___FILE_ONLY___ 1.24.12-gke.500
2023-07-03 17:23:13,920 INFO     ___FILE_ONLY___    
2023-07-03 17:23:13,920 INFO     ___FILE_ONLY___ 35.193.135.168
2023-07-03 17:23:13,920 INFO     ___FILE_ONLY___    
2023-07-03 17:23:13,920 INFO     ___FILE_ONLY___ n1-standard-4
2023-07-03 17:23:13,920 INFO     ___FILE_ONLY___   
2023-07-03 17:23:13,920 INFO     ___FILE_ONLY___ 1.23.17-gke.7700 *
2023-07-03 17:23:13,920 INFO     ___FILE_ONLY___   
2023-07-03 17:23:13,920 INFO     ___FILE_ONLY___ 3
2023-07-03 17:23:13,920 INFO     ___FILE_ONLY___           
2023-07-03 17:23:13,920 INFO     ___FILE_ONLY___ RUNNING
2023-07-03 17:23:13,920 INFO     ___FILE_ONLY___ 

2023-07-03 17:23:13,920 INFO     ___FILE_ONLY___ natali-23-test
2023-07-03 17:23:13,920 INFO     ___FILE_ONLY___                      
2023-07-03 17:23:13,920 INFO     ___FILE_ONLY___ us-central1-c
2023-07-03 17:23:13,920 INFO     ___FILE_ONLY___    
2023-07-03 17:23:13,920 INFO     ___FILE_ONLY___ 1.24.12-gke.500
2023-07-03 17:23:13,920 INFO     ___FILE_ONLY___    
2023-07-03 17:23:13,920 INFO     ___FILE_ONLY___ 34.29.65.6
2023-07-03 17:23:13,920 INFO     ___FILE_ONLY___        
2023-07-03 17:23:13,920 INFO     ___FILE_ONLY___ n1-standard-4
2023-07-03 17:23:13,920 INFO     ___FILE_ONLY___   
2023-07-03 17:23:13,920 INFO     ___FILE_ONLY___ 1.23.17-gke.7000 *
2023-07-03 17:23:13,920 INFO     ___FILE_ONLY___   
2023-07-03 17:23:13,920 INFO     ___FILE_ONLY___ 3
2023-07-03 17:23:13,920 INFO     ___FILE_ONLY___           
2023-07-03 17:23:13,920 INFO     ___FILE_ONLY___ RUNNING
2023-07-03 17:23:13,921 INFO     ___FILE_ONLY___ 

2023-07-03 17:23:13,921 INFO     ___FILE_ONLY___ 
* - There is an upgrade available for your cluster(s).

To upgrade nodes to the latest available version, run
  $ gcloud container clusters upgrade NAME

2023-07-03 17:23:13,925 DEBUG    root            Metrics reporting process started...
