2023-11-20 07:02:04,541 DEBUG    root            Loaded Command Group: ['gcloud', 'container', 'clusters']
2023-11-20 07:02:04,547 DEBUG    root            Loaded Command Group: ['gcloud', 'container', 'clusters', 'create']
2023-11-20 07:02:04,566 DEBUG    root            Running [gcloud.container.clusters.create] with arguments: [--cluster-version: "1.25", --disk-size: "32212254720", --labels: "OrderedDict([('delete-cluster-after-hours', '10')])", --machine-type: "n1-standard-4", --no-enable-autoupgrade: "False", --num-nodes: "3", --preemptible: "True", --zone: "europe-west3-b", NAME: "inel-9495"]
2023-11-20 07:02:04,571 INFO     ___FILE_ONLY___ Default change: VPC-native is the default mode during cluster creation for versions greater than 1.21.0-gke.1500. To create advanced routes based clusters, please pass the `--no-enable-ip-alias` flag

2023-11-20 07:02:04,571 INFO     ___FILE_ONLY___ Default change: During creation of nodepools or autoscaling configuration changes for cluster versions greater than 1.24.1-gke.800 a default location policy is applied. For Spot and PVM it defaults to ANY, and for all other VM kinds a BALANCED policy is used. To change the default values use the `--location-policy` flag.

2023-11-20 07:02:04,571 INFO     ___FILE_ONLY___ Note: Your Pod address range (`--cluster-ipv4-cidr`) can accommodate at most 1008 node(s).

2023-11-20 07:02:04,624 DEBUG    urllib3.connectionpool Starting new HTTPS connection (1): container.googleapis.com:443
2023-11-20 07:02:08,389 DEBUG    urllib3.connectionpool https://container.googleapis.com:443 "POST /v1/projects/cloud-dev-112233/locations/europe-west3-b/clusters?alt=json HTTP/1.1" 200 None
2023-11-20 07:02:08,394 INFO     ___FILE_ONLY___ Creating cluster inel-9495 in europe-west3-b...
2023-11-20 07:02:08,398 DEBUG    urllib3.connectionpool Starting new HTTPS connection (1): container.googleapis.com:443
2023-11-20 07:02:08,625 DEBUG    urllib3.connectionpool https://container.googleapis.com:443 "GET /v1/projects/cloud-dev-112233/locations/europe-west3-b/operations/operation-1700460128342-f4c5dc16-bb10-4ef1-a398-891e712b9ed7?alt=json HTTP/1.1" 200 None
2023-11-20 07:02:13,631 DEBUG    urllib3.connectionpool Starting new HTTPS connection (1): container.googleapis.com:443
2023-11-20 07:02:13,866 DEBUG    urllib3.connectionpool https://container.googleapis.com:443 "GET /v1/projects/cloud-dev-112233/locations/europe-west3-b/operations/operation-1700460128342-f4c5dc16-bb10-4ef1-a398-891e712b9ed7?alt=json HTTP/1.1" 200 None
2023-11-20 07:02:18,878 DEBUG    urllib3.connectionpool Starting new HTTPS connection (1): container.googleapis.com:443
2023-11-20 07:02:19,126 DEBUG    urllib3.connectionpool https://container.googleapis.com:443 "GET /v1/projects/cloud-dev-112233/locations/europe-west3-b/operations/operation-1700460128342-f4c5dc16-bb10-4ef1-a398-891e712b9ed7?alt=json HTTP/1.1" 200 None
2023-11-20 07:02:24,137 DEBUG    urllib3.connectionpool Starting new HTTPS connection (1): container.googleapis.com:443
2023-11-20 07:02:24,367 DEBUG    urllib3.connectionpool https://container.googleapis.com:443 "GET /v1/projects/cloud-dev-112233/locations/europe-west3-b/operations/operation-1700460128342-f4c5dc16-bb10-4ef1-a398-891e712b9ed7?alt=json HTTP/1.1" 200 None
2023-11-20 07:02:29,379 DEBUG    urllib3.connectionpool Starting new HTTPS connection (1): container.googleapis.com:443
2023-11-20 07:02:29,658 DEBUG    urllib3.connectionpool https://container.googleapis.com:443 "GET /v1/projects/cloud-dev-112233/locations/europe-west3-b/operations/operation-1700460128342-f4c5dc16-bb10-4ef1-a398-891e712b9ed7?alt=json HTTP/1.1" 200 None
2023-11-20 07:02:34,670 DEBUG    urllib3.connectionpool Starting new HTTPS connection (1): container.googleapis.com:443
2023-11-20 07:02:34,870 DEBUG    urllib3.connectionpool https://container.googleapis.com:443 "GET /v1/projects/cloud-dev-112233/locations/europe-west3-b/operations/operation-1700460128342-f4c5dc16-bb10-4ef1-a398-891e712b9ed7?alt=json HTTP/1.1" 200 None
2023-11-20 07:02:39,886 DEBUG    urllib3.connectionpool Starting new HTTPS connection (1): container.googleapis.com:443
2023-11-20 07:02:40,143 DEBUG    urllib3.connectionpool https://container.googleapis.com:443 "GET /v1/projects/cloud-dev-112233/locations/europe-west3-b/operations/operation-1700460128342-f4c5dc16-bb10-4ef1-a398-891e712b9ed7?alt=json HTTP/1.1" 200 None
2023-11-20 07:02:45,160 DEBUG    urllib3.connectionpool Starting new HTTPS connection (1): container.googleapis.com:443
2023-11-20 07:02:45,393 DEBUG    urllib3.connectionpool https://container.googleapis.com:443 "GET /v1/projects/cloud-dev-112233/locations/europe-west3-b/operations/operation-1700460128342-f4c5dc16-bb10-4ef1-a398-891e712b9ed7?alt=json HTTP/1.1" 200 None
2023-11-20 07:02:50,412 DEBUG    urllib3.connectionpool Starting new HTTPS connection (1): container.googleapis.com:443
2023-11-20 07:02:50,638 DEBUG    urllib3.connectionpool https://container.googleapis.com:443 "GET /v1/projects/cloud-dev-112233/locations/europe-west3-b/operations/operation-1700460128342-f4c5dc16-bb10-4ef1-a398-891e712b9ed7?alt=json HTTP/1.1" 200 None
2023-11-20 07:02:55,653 DEBUG    urllib3.connectionpool Starting new HTTPS connection (1): container.googleapis.com:443
2023-11-20 07:02:55,881 DEBUG    urllib3.connectionpool https://container.googleapis.com:443 "GET /v1/projects/cloud-dev-112233/locations/europe-west3-b/operations/operation-1700460128342-f4c5dc16-bb10-4ef1-a398-891e712b9ed7?alt=json HTTP/1.1" 200 None
2023-11-20 07:03:00,892 DEBUG    urllib3.connectionpool Starting new HTTPS connection (1): container.googleapis.com:443
2023-11-20 07:03:01,187 DEBUG    urllib3.connectionpool https://container.googleapis.com:443 "GET /v1/projects/cloud-dev-112233/locations/europe-west3-b/operations/operation-1700460128342-f4c5dc16-bb10-4ef1-a398-891e712b9ed7?alt=json HTTP/1.1" 200 None
2023-11-20 07:03:06,203 DEBUG    urllib3.connectionpool Starting new HTTPS connection (1): container.googleapis.com:443
2023-11-20 07:03:06,456 DEBUG    urllib3.connectionpool https://container.googleapis.com:443 "GET /v1/projects/cloud-dev-112233/locations/europe-west3-b/operations/operation-1700460128342-f4c5dc16-bb10-4ef1-a398-891e712b9ed7?alt=json HTTP/1.1" 200 None
2023-11-20 07:03:11,466 DEBUG    urllib3.connectionpool Starting new HTTPS connection (1): container.googleapis.com:443
2023-11-20 07:03:11,672 DEBUG    urllib3.connectionpool https://container.googleapis.com:443 "GET /v1/projects/cloud-dev-112233/locations/europe-west3-b/operations/operation-1700460128342-f4c5dc16-bb10-4ef1-a398-891e712b9ed7?alt=json HTTP/1.1" 200 None
2023-11-20 07:03:16,690 DEBUG    urllib3.connectionpool Starting new HTTPS connection (1): container.googleapis.com:443
2023-11-20 07:03:16,911 DEBUG    urllib3.connectionpool https://container.googleapis.com:443 "GET /v1/projects/cloud-dev-112233/locations/europe-west3-b/operations/operation-1700460128342-f4c5dc16-bb10-4ef1-a398-891e712b9ed7?alt=json HTTP/1.1" 200 None
2023-11-20 07:03:21,920 DEBUG    urllib3.connectionpool Starting new HTTPS connection (1): container.googleapis.com:443
2023-11-20 07:03:22,196 DEBUG    urllib3.connectionpool https://container.googleapis.com:443 "GET /v1/projects/cloud-dev-112233/locations/europe-west3-b/operations/operation-1700460128342-f4c5dc16-bb10-4ef1-a398-891e712b9ed7?alt=json HTTP/1.1" 200 None
2023-11-20 07:03:27,214 DEBUG    urllib3.connectionpool Starting new HTTPS connection (1): container.googleapis.com:443
2023-11-20 07:03:27,426 DEBUG    urllib3.connectionpool https://container.googleapis.com:443 "GET /v1/projects/cloud-dev-112233/locations/europe-west3-b/operations/operation-1700460128342-f4c5dc16-bb10-4ef1-a398-891e712b9ed7?alt=json HTTP/1.1" 200 None
2023-11-20 07:03:32,440 DEBUG    urllib3.connectionpool Starting new HTTPS connection (1): container.googleapis.com:443
2023-11-20 07:03:32,667 DEBUG    urllib3.connectionpool https://container.googleapis.com:443 "GET /v1/projects/cloud-dev-112233/locations/europe-west3-b/operations/operation-1700460128342-f4c5dc16-bb10-4ef1-a398-891e712b9ed7?alt=json HTTP/1.1" 200 None
2023-11-20 07:03:37,684 DEBUG    urllib3.connectionpool Starting new HTTPS connection (1): container.googleapis.com:443
2023-11-20 07:03:37,884 DEBUG    urllib3.connectionpool https://container.googleapis.com:443 "GET /v1/projects/cloud-dev-112233/locations/europe-west3-b/operations/operation-1700460128342-f4c5dc16-bb10-4ef1-a398-891e712b9ed7?alt=json HTTP/1.1" 200 None
2023-11-20 07:03:42,898 DEBUG    urllib3.connectionpool Starting new HTTPS connection (1): container.googleapis.com:443
2023-11-20 07:03:43,130 DEBUG    urllib3.connectionpool https://container.googleapis.com:443 "GET /v1/projects/cloud-dev-112233/locations/europe-west3-b/operations/operation-1700460128342-f4c5dc16-bb10-4ef1-a398-891e712b9ed7?alt=json HTTP/1.1" 200 None
2023-11-20 07:03:48,145 DEBUG    urllib3.connectionpool Starting new HTTPS connection (1): container.googleapis.com:443
2023-11-20 07:03:48,352 DEBUG    urllib3.connectionpool https://container.googleapis.com:443 "GET /v1/projects/cloud-dev-112233/locations/europe-west3-b/operations/operation-1700460128342-f4c5dc16-bb10-4ef1-a398-891e712b9ed7?alt=json HTTP/1.1" 200 None
2023-11-20 07:03:53,362 DEBUG    urllib3.connectionpool Starting new HTTPS connection (1): container.googleapis.com:443
2023-11-20 07:03:53,597 DEBUG    urllib3.connectionpool https://container.googleapis.com:443 "GET /v1/projects/cloud-dev-112233/locations/europe-west3-b/operations/operation-1700460128342-f4c5dc16-bb10-4ef1-a398-891e712b9ed7?alt=json HTTP/1.1" 200 None
2023-11-20 07:03:58,613 DEBUG    urllib3.connectionpool Starting new HTTPS connection (1): container.googleapis.com:443
2023-11-20 07:03:58,847 DEBUG    urllib3.connectionpool https://container.googleapis.com:443 "GET /v1/projects/cloud-dev-112233/locations/europe-west3-b/operations/operation-1700460128342-f4c5dc16-bb10-4ef1-a398-891e712b9ed7?alt=json HTTP/1.1" 200 None
2023-11-20 07:04:03,864 DEBUG    urllib3.connectionpool Starting new HTTPS connection (1): container.googleapis.com:443
2023-11-20 07:04:04,151 DEBUG    urllib3.connectionpool https://container.googleapis.com:443 "GET /v1/projects/cloud-dev-112233/locations/europe-west3-b/operations/operation-1700460128342-f4c5dc16-bb10-4ef1-a398-891e712b9ed7?alt=json HTTP/1.1" 200 None
2023-11-20 07:04:09,173 DEBUG    urllib3.connectionpool Starting new HTTPS connection (1): container.googleapis.com:443
2023-11-20 07:04:09,403 DEBUG    urllib3.connectionpool https://container.googleapis.com:443 "GET /v1/projects/cloud-dev-112233/locations/europe-west3-b/operations/operation-1700460128342-f4c5dc16-bb10-4ef1-a398-891e712b9ed7?alt=json HTTP/1.1" 200 None
2023-11-20 07:04:14,417 DEBUG    urllib3.connectionpool Starting new HTTPS connection (1): container.googleapis.com:443
2023-11-20 07:04:14,628 DEBUG    urllib3.connectionpool https://container.googleapis.com:443 "GET /v1/projects/cloud-dev-112233/locations/europe-west3-b/operations/operation-1700460128342-f4c5dc16-bb10-4ef1-a398-891e712b9ed7?alt=json HTTP/1.1" 200 None
2023-11-20 07:04:19,648 DEBUG    urllib3.connectionpool Starting new HTTPS connection (1): container.googleapis.com:443
2023-11-20 07:04:19,869 DEBUG    urllib3.connectionpool https://container.googleapis.com:443 "GET /v1/projects/cloud-dev-112233/locations/europe-west3-b/operations/operation-1700460128342-f4c5dc16-bb10-4ef1-a398-891e712b9ed7?alt=json HTTP/1.1" 200 None
2023-11-20 07:04:24,887 DEBUG    urllib3.connectionpool Starting new HTTPS connection (1): container.googleapis.com:443
2023-11-20 07:04:25,116 DEBUG    urllib3.connectionpool https://container.googleapis.com:443 "GET /v1/projects/cloud-dev-112233/locations/europe-west3-b/operations/operation-1700460128342-f4c5dc16-bb10-4ef1-a398-891e712b9ed7?alt=json HTTP/1.1" 200 None
2023-11-20 07:04:30,126 DEBUG    urllib3.connectionpool Starting new HTTPS connection (1): container.googleapis.com:443
2023-11-20 07:04:30,360 DEBUG    urllib3.connectionpool https://container.googleapis.com:443 "GET /v1/projects/cloud-dev-112233/locations/europe-west3-b/operations/operation-1700460128342-f4c5dc16-bb10-4ef1-a398-891e712b9ed7?alt=json HTTP/1.1" 200 None
2023-11-20 07:04:35,387 DEBUG    urllib3.connectionpool Starting new HTTPS connection (1): container.googleapis.com:443
2023-11-20 07:04:35,605 DEBUG    urllib3.connectionpool https://container.googleapis.com:443 "GET /v1/projects/cloud-dev-112233/locations/europe-west3-b/operations/operation-1700460128342-f4c5dc16-bb10-4ef1-a398-891e712b9ed7?alt=json HTTP/1.1" 200 None
2023-11-20 07:04:40,619 DEBUG    urllib3.connectionpool Starting new HTTPS connection (1): container.googleapis.com:443
2023-11-20 07:04:40,819 DEBUG    urllib3.connectionpool https://container.googleapis.com:443 "GET /v1/projects/cloud-dev-112233/locations/europe-west3-b/operations/operation-1700460128342-f4c5dc16-bb10-4ef1-a398-891e712b9ed7?alt=json HTTP/1.1" 200 None
2023-11-20 07:04:45,833 DEBUG    urllib3.connectionpool Starting new HTTPS connection (1): container.googleapis.com:443
2023-11-20 07:04:46,058 DEBUG    urllib3.connectionpool https://container.googleapis.com:443 "GET /v1/projects/cloud-dev-112233/locations/europe-west3-b/operations/operation-1700460128342-f4c5dc16-bb10-4ef1-a398-891e712b9ed7?alt=json HTTP/1.1" 200 None
2023-11-20 07:04:51,077 DEBUG    urllib3.connectionpool Starting new HTTPS connection (1): container.googleapis.com:443
2023-11-20 07:04:51,295 DEBUG    urllib3.connectionpool https://container.googleapis.com:443 "GET /v1/projects/cloud-dev-112233/locations/europe-west3-b/operations/operation-1700460128342-f4c5dc16-bb10-4ef1-a398-891e712b9ed7?alt=json HTTP/1.1" 200 None
2023-11-20 07:04:56,308 DEBUG    urllib3.connectionpool Starting new HTTPS connection (1): container.googleapis.com:443
2023-11-20 07:04:56,522 DEBUG    urllib3.connectionpool https://container.googleapis.com:443 "GET /v1/projects/cloud-dev-112233/locations/europe-west3-b/operations/operation-1700460128342-f4c5dc16-bb10-4ef1-a398-891e712b9ed7?alt=json HTTP/1.1" 200 None
2023-11-20 07:05:01,535 DEBUG    urllib3.connectionpool Starting new HTTPS connection (1): container.googleapis.com:443
2023-11-20 07:05:01,799 DEBUG    urllib3.connectionpool https://container.googleapis.com:443 "GET /v1/projects/cloud-dev-112233/locations/europe-west3-b/operations/operation-1700460128342-f4c5dc16-bb10-4ef1-a398-891e712b9ed7?alt=json HTTP/1.1" 200 None
2023-11-20 07:05:06,816 DEBUG    urllib3.connectionpool Starting new HTTPS connection (1): container.googleapis.com:443
2023-11-20 07:05:07,032 DEBUG    urllib3.connectionpool https://container.googleapis.com:443 "GET /v1/projects/cloud-dev-112233/locations/europe-west3-b/operations/operation-1700460128342-f4c5dc16-bb10-4ef1-a398-891e712b9ed7?alt=json HTTP/1.1" 200 None
2023-11-20 07:05:12,047 DEBUG    urllib3.connectionpool Starting new HTTPS connection (1): container.googleapis.com:443
2023-11-20 07:05:12,275 DEBUG    urllib3.connectionpool https://container.googleapis.com:443 "GET /v1/projects/cloud-dev-112233/locations/europe-west3-b/operations/operation-1700460128342-f4c5dc16-bb10-4ef1-a398-891e712b9ed7?alt=json HTTP/1.1" 200 None
2023-11-20 07:05:17,287 DEBUG    urllib3.connectionpool Starting new HTTPS connection (1): container.googleapis.com:443
2023-11-20 07:05:17,505 DEBUG    urllib3.connectionpool https://container.googleapis.com:443 "GET /v1/projects/cloud-dev-112233/locations/europe-west3-b/operations/operation-1700460128342-f4c5dc16-bb10-4ef1-a398-891e712b9ed7?alt=json HTTP/1.1" 200 None
2023-11-20 07:05:22,524 DEBUG    urllib3.connectionpool Starting new HTTPS connection (1): container.googleapis.com:443
2023-11-20 07:05:22,821 DEBUG    urllib3.connectionpool https://container.googleapis.com:443 "GET /v1/projects/cloud-dev-112233/locations/europe-west3-b/operations/operation-1700460128342-f4c5dc16-bb10-4ef1-a398-891e712b9ed7?alt=json HTTP/1.1" 200 None
2023-11-20 07:05:27,837 DEBUG    urllib3.connectionpool Starting new HTTPS connection (1): container.googleapis.com:443
2023-11-20 07:05:28,065 DEBUG    urllib3.connectionpool https://container.googleapis.com:443 "GET /v1/projects/cloud-dev-112233/locations/europe-west3-b/operations/operation-1700460128342-f4c5dc16-bb10-4ef1-a398-891e712b9ed7?alt=json HTTP/1.1" 200 None
2023-11-20 07:05:33,083 DEBUG    urllib3.connectionpool Starting new HTTPS connection (1): container.googleapis.com:443
2023-11-20 07:05:33,290 DEBUG    urllib3.connectionpool https://container.googleapis.com:443 "GET /v1/projects/cloud-dev-112233/locations/europe-west3-b/operations/operation-1700460128342-f4c5dc16-bb10-4ef1-a398-891e712b9ed7?alt=json HTTP/1.1" 200 None
2023-11-20 07:05:38,308 DEBUG    urllib3.connectionpool Starting new HTTPS connection (1): container.googleapis.com:443
2023-11-20 07:05:38,529 DEBUG    urllib3.connectionpool https://container.googleapis.com:443 "GET /v1/projects/cloud-dev-112233/locations/europe-west3-b/operations/operation-1700460128342-f4c5dc16-bb10-4ef1-a398-891e712b9ed7?alt=json HTTP/1.1" 200 None
2023-11-20 07:05:43,540 DEBUG    urllib3.connectionpool Starting new HTTPS connection (1): container.googleapis.com:443
2023-11-20 07:05:43,776 DEBUG    urllib3.connectionpool https://container.googleapis.com:443 "GET /v1/projects/cloud-dev-112233/locations/europe-west3-b/operations/operation-1700460128342-f4c5dc16-bb10-4ef1-a398-891e712b9ed7?alt=json HTTP/1.1" 200 None
2023-11-20 07:05:48,793 DEBUG    urllib3.connectionpool Starting new HTTPS connection (1): container.googleapis.com:443
2023-11-20 07:05:49,017 DEBUG    urllib3.connectionpool https://container.googleapis.com:443 "GET /v1/projects/cloud-dev-112233/locations/europe-west3-b/operations/operation-1700460128342-f4c5dc16-bb10-4ef1-a398-891e712b9ed7?alt=json HTTP/1.1" 200 None
2023-11-20 07:05:54,032 DEBUG    urllib3.connectionpool Starting new HTTPS connection (1): container.googleapis.com:443
2023-11-20 07:05:54,304 DEBUG    urllib3.connectionpool https://container.googleapis.com:443 "GET /v1/projects/cloud-dev-112233/locations/europe-west3-b/operations/operation-1700460128342-f4c5dc16-bb10-4ef1-a398-891e712b9ed7?alt=json HTTP/1.1" 200 None
2023-11-20 07:05:59,315 DEBUG    urllib3.connectionpool Starting new HTTPS connection (1): container.googleapis.com:443
2023-11-20 07:05:59,521 DEBUG    urllib3.connectionpool https://container.googleapis.com:443 "GET /v1/projects/cloud-dev-112233/locations/europe-west3-b/operations/operation-1700460128342-f4c5dc16-bb10-4ef1-a398-891e712b9ed7?alt=json HTTP/1.1" 200 None
2023-11-20 07:06:04,537 DEBUG    urllib3.connectionpool Starting new HTTPS connection (1): container.googleapis.com:443
2023-11-20 07:06:04,762 DEBUG    urllib3.connectionpool https://container.googleapis.com:443 "GET /v1/projects/cloud-dev-112233/locations/europe-west3-b/operations/operation-1700460128342-f4c5dc16-bb10-4ef1-a398-891e712b9ed7?alt=json HTTP/1.1" 200 None
2023-11-20 07:06:09,773 DEBUG    urllib3.connectionpool Starting new HTTPS connection (1): container.googleapis.com:443
2023-11-20 07:06:09,978 DEBUG    urllib3.connectionpool https://container.googleapis.com:443 "GET /v1/projects/cloud-dev-112233/locations/europe-west3-b/operations/operation-1700460128342-f4c5dc16-bb10-4ef1-a398-891e712b9ed7?alt=json HTTP/1.1" 200 None
2023-11-20 07:06:14,997 DEBUG    urllib3.connectionpool Starting new HTTPS connection (1): container.googleapis.com:443
2023-11-20 07:06:15,210 DEBUG    urllib3.connectionpool https://container.googleapis.com:443 "GET /v1/projects/cloud-dev-112233/locations/europe-west3-b/operations/operation-1700460128342-f4c5dc16-bb10-4ef1-a398-891e712b9ed7?alt=json HTTP/1.1" 200 None
2023-11-20 07:06:20,225 DEBUG    urllib3.connectionpool Starting new HTTPS connection (1): container.googleapis.com:443
2023-11-20 07:06:20,456 DEBUG    urllib3.connectionpool https://container.googleapis.com:443 "GET /v1/projects/cloud-dev-112233/locations/europe-west3-b/operations/operation-1700460128342-f4c5dc16-bb10-4ef1-a398-891e712b9ed7?alt=json HTTP/1.1" 200 None
2023-11-20 07:06:25,462 DEBUG    urllib3.connectionpool Starting new HTTPS connection (1): container.googleapis.com:443
2023-11-20 07:06:25,674 DEBUG    urllib3.connectionpool https://container.googleapis.com:443 "GET /v1/projects/cloud-dev-112233/locations/europe-west3-b/operations/operation-1700460128342-f4c5dc16-bb10-4ef1-a398-891e712b9ed7?alt=json HTTP/1.1" 200 None
2023-11-20 07:06:30,684 DEBUG    urllib3.connectionpool Starting new HTTPS connection (1): container.googleapis.com:443
2023-11-20 07:06:30,904 DEBUG    urllib3.connectionpool https://container.googleapis.com:443 "GET /v1/projects/cloud-dev-112233/locations/europe-west3-b/operations/operation-1700460128342-f4c5dc16-bb10-4ef1-a398-891e712b9ed7?alt=json HTTP/1.1" 200 None
2023-11-20 07:06:35,913 DEBUG    urllib3.connectionpool Starting new HTTPS connection (1): container.googleapis.com:443
2023-11-20 07:06:36,126 DEBUG    urllib3.connectionpool https://container.googleapis.com:443 "GET /v1/projects/cloud-dev-112233/locations/europe-west3-b/operations/operation-1700460128342-f4c5dc16-bb10-4ef1-a398-891e712b9ed7?alt=json HTTP/1.1" 200 None
2023-11-20 07:06:41,139 DEBUG    urllib3.connectionpool Starting new HTTPS connection (1): container.googleapis.com:443
2023-11-20 07:06:41,335 DEBUG    urllib3.connectionpool https://container.googleapis.com:443 "GET /v1/projects/cloud-dev-112233/locations/europe-west3-b/operations/operation-1700460128342-f4c5dc16-bb10-4ef1-a398-891e712b9ed7?alt=json HTTP/1.1" 200 None
2023-11-20 07:06:46,348 DEBUG    urllib3.connectionpool Starting new HTTPS connection (1): container.googleapis.com:443
2023-11-20 07:06:46,621 DEBUG    urllib3.connectionpool https://container.googleapis.com:443 "GET /v1/projects/cloud-dev-112233/locations/europe-west3-b/operations/operation-1700460128342-f4c5dc16-bb10-4ef1-a398-891e712b9ed7?alt=json HTTP/1.1" 200 None
2023-11-20 07:06:51,634 DEBUG    urllib3.connectionpool Starting new HTTPS connection (1): container.googleapis.com:443
2023-11-20 07:06:51,867 DEBUG    urllib3.connectionpool https://container.googleapis.com:443 "GET /v1/projects/cloud-dev-112233/locations/europe-west3-b/operations/operation-1700460128342-f4c5dc16-bb10-4ef1-a398-891e712b9ed7?alt=json HTTP/1.1" 200 None
2023-11-20 07:06:56,879 DEBUG    urllib3.connectionpool Starting new HTTPS connection (1): container.googleapis.com:443
2023-11-20 07:06:57,037 DEBUG    urllib3.connectionpool https://container.googleapis.com:443 "GET /v1/projects/cloud-dev-112233/locations/europe-west3-b/operations/operation-1700460128342-f4c5dc16-bb10-4ef1-a398-891e712b9ed7?alt=json HTTP/1.1" 200 None
2023-11-20 07:07:02,052 DEBUG    urllib3.connectionpool Starting new HTTPS connection (1): container.googleapis.com:443
2023-11-20 07:07:02,250 DEBUG    urllib3.connectionpool https://container.googleapis.com:443 "GET /v1/projects/cloud-dev-112233/locations/europe-west3-b/operations/operation-1700460128342-f4c5dc16-bb10-4ef1-a398-891e712b9ed7?alt=json HTTP/1.1" 200 None
2023-11-20 07:07:07,263 DEBUG    urllib3.connectionpool Starting new HTTPS connection (1): container.googleapis.com:443
2023-11-20 07:07:07,503 DEBUG    urllib3.connectionpool https://container.googleapis.com:443 "GET /v1/projects/cloud-dev-112233/locations/europe-west3-b/operations/operation-1700460128342-f4c5dc16-bb10-4ef1-a398-891e712b9ed7?alt=json HTTP/1.1" 200 None
2023-11-20 07:07:12,515 DEBUG    urllib3.connectionpool Starting new HTTPS connection (1): container.googleapis.com:443
2023-11-20 07:07:12,783 DEBUG    urllib3.connectionpool https://container.googleapis.com:443 "GET /v1/projects/cloud-dev-112233/locations/europe-west3-b/operations/operation-1700460128342-f4c5dc16-bb10-4ef1-a398-891e712b9ed7?alt=json HTTP/1.1" 200 None
2023-11-20 07:07:17,804 DEBUG    urllib3.connectionpool Starting new HTTPS connection (1): container.googleapis.com:443
2023-11-20 07:07:18,033 DEBUG    urllib3.connectionpool https://container.googleapis.com:443 "GET /v1/projects/cloud-dev-112233/locations/europe-west3-b/operations/operation-1700460128342-f4c5dc16-bb10-4ef1-a398-891e712b9ed7?alt=json HTTP/1.1" 200 None
2023-11-20 07:07:23,051 DEBUG    urllib3.connectionpool Starting new HTTPS connection (1): container.googleapis.com:443
2023-11-20 07:07:23,264 DEBUG    urllib3.connectionpool https://container.googleapis.com:443 "GET /v1/projects/cloud-dev-112233/locations/europe-west3-b/operations/operation-1700460128342-f4c5dc16-bb10-4ef1-a398-891e712b9ed7?alt=json HTTP/1.1" 200 None
2023-11-20 07:07:28,279 DEBUG    urllib3.connectionpool Starting new HTTPS connection (1): container.googleapis.com:443
2023-11-20 07:07:28,502 DEBUG    urllib3.connectionpool https://container.googleapis.com:443 "GET /v1/projects/cloud-dev-112233/locations/europe-west3-b/operations/operation-1700460128342-f4c5dc16-bb10-4ef1-a398-891e712b9ed7?alt=json HTTP/1.1" 200 None
2023-11-20 07:07:33,516 DEBUG    urllib3.connectionpool Starting new HTTPS connection (1): container.googleapis.com:443
2023-11-20 07:07:33,714 DEBUG    urllib3.connectionpool https://container.googleapis.com:443 "GET /v1/projects/cloud-dev-112233/locations/europe-west3-b/operations/operation-1700460128342-f4c5dc16-bb10-4ef1-a398-891e712b9ed7?alt=json HTTP/1.1" 200 None
2023-11-20 07:07:38,732 DEBUG    urllib3.connectionpool Starting new HTTPS connection (1): container.googleapis.com:443
2023-11-20 07:07:38,957 DEBUG    urllib3.connectionpool https://container.googleapis.com:443 "GET /v1/projects/cloud-dev-112233/locations/europe-west3-b/operations/operation-1700460128342-f4c5dc16-bb10-4ef1-a398-891e712b9ed7?alt=json HTTP/1.1" 200 None
2023-11-20 07:07:43,976 DEBUG    urllib3.connectionpool Starting new HTTPS connection (1): container.googleapis.com:443
2023-11-20 07:07:44,198 DEBUG    urllib3.connectionpool https://container.googleapis.com:443 "GET /v1/projects/cloud-dev-112233/locations/europe-west3-b/operations/operation-1700460128342-f4c5dc16-bb10-4ef1-a398-891e712b9ed7?alt=json HTTP/1.1" 200 None
2023-11-20 07:07:49,215 DEBUG    urllib3.connectionpool Starting new HTTPS connection (1): container.googleapis.com:443
2023-11-20 07:07:49,433 DEBUG    urllib3.connectionpool https://container.googleapis.com:443 "GET /v1/projects/cloud-dev-112233/locations/europe-west3-b/operations/operation-1700460128342-f4c5dc16-bb10-4ef1-a398-891e712b9ed7?alt=json HTTP/1.1" 200 None
2023-11-20 07:07:54,439 DEBUG    urllib3.connectionpool Starting new HTTPS connection (1): container.googleapis.com:443
2023-11-20 07:07:54,708 DEBUG    urllib3.connectionpool https://container.googleapis.com:443 "GET /v1/projects/cloud-dev-112233/locations/europe-west3-b/operations/operation-1700460128342-f4c5dc16-bb10-4ef1-a398-891e712b9ed7?alt=json HTTP/1.1" 200 None
2023-11-20 07:07:54,713 INFO     root            Operation <Operation
 clusterConditions: []
 endTime: '2023-11-20T06:07:49.622162717Z'
 name: 'operation-1700460128342-f4c5dc16-bb10-4ef1-a398-891e712b9ed7'
 nodepoolConditions: []
 operationType: OperationTypeValueValuesEnum(CREATE_CLUSTER, 1)
 progress: <OperationProgress
 metrics: [<Metric
 intValue: 10
 name: 'CLUSTER_CONFIGURING'>, <Metric
 intValue: 10
 name: 'CLUSTER_CONFIGURING_TOTAL'>, <Metric
 intValue: 12
 name: 'CLUSTER_DEPLOYING'>, <Metric
 intValue: 12
 name: 'CLUSTER_DEPLOYING_TOTAL'>, <Metric
 intValue: 1
 name: 'CLUSTER_HEALTHCHECKING'>, <Metric
 intValue: 2
 name: 'CLUSTER_HEALTHCHECKING_TOTAL'>]
 stages: []>
 selfLink: 'https://container.googleapis.com/v1/projects/166042509722/zones/europe-west3-b/operations/operation-1700460128342-f4c5dc16-bb10-4ef1-a398-891e712b9ed7'
 startTime: '2023-11-20T06:02:08.342837034Z'
 status: StatusValueValuesEnum(DONE, 3)
 targetLink: 'https://container.googleapis.com/v1/projects/166042509722/zones/europe-west3-b/clusters/inel-9495'
 zone: 'europe-west3-b'> succeeded after 346.319 seconds
2023-11-20 07:07:54,905 DEBUG    urllib3.connectionpool Starting new HTTPS connection (1): container.googleapis.com:443
2023-11-20 07:07:55,189 DEBUG    urllib3.connectionpool https://container.googleapis.com:443 "GET /v1/projects/cloud-dev-112233/locations/europe-west3-b/clusters/inel-9495?alt=json HTTP/1.1" 200 None
2023-11-20 07:07:55,204 INFO     ___FILE_ONLY___ Created [https://container.googleapis.com/v1/projects/cloud-dev-112233/zones/europe-west3-b/clusters/inel-9495].

2023-11-20 07:07:55,205 INFO     ___FILE_ONLY___ To inspect the contents of your cluster, go to: https://console.cloud.google.com/kubernetes/workload_/gcloud/europe-west3-b/inel-9495?project=cloud-dev-112233

2023-11-20 07:07:56,235 DEBUG    root            Saved kubeconfig to /Users/inelpandzic/.kube/config
2023-11-20 07:07:56,236 INFO     ___FILE_ONLY___ kubeconfig entry generated for inel-9495.

2023-11-20 07:07:56,237 DEBUG    root            Chosen display Format:
    table(
        name,
        zone:label=LOCATION,
        master_version():label=MASTER_VERSION,
        endpoint:label=MASTER_IP,
        nodePools[0].config.machineType,
        currentNodeVersion:label=NODE_VERSION,
        firstof(currentNodeCount,initialNodeCount):label=NUM_NODES,
        status
    )

2023-11-20 07:07:56,237 INFO     root            Display format: "
    table(
        name,
        zone:label=LOCATION,
        master_version():label=MASTER_VERSION,
        endpoint:label=MASTER_IP,
        nodePools[0].config.machineType,
        currentNodeVersion:label=NODE_VERSION,
        firstof(currentNodeCount,initialNodeCount):label=NUM_NODES,
        status
    )
"
2023-11-20 07:07:56,241 INFO     ___FILE_ONLY___ NAME
2023-11-20 07:07:56,241 INFO     ___FILE_ONLY___        
2023-11-20 07:07:56,241 INFO     ___FILE_ONLY___ LOCATION
2023-11-20 07:07:56,242 INFO     ___FILE_ONLY___         
2023-11-20 07:07:56,242 INFO     ___FILE_ONLY___ MASTER_VERSION
2023-11-20 07:07:56,242 INFO     ___FILE_ONLY___        
2023-11-20 07:07:56,242 INFO     ___FILE_ONLY___ MASTER_IP
2023-11-20 07:07:56,242 INFO     ___FILE_ONLY___        
2023-11-20 07:07:56,242 INFO     ___FILE_ONLY___ MACHINE_TYPE
2023-11-20 07:07:56,242 INFO     ___FILE_ONLY___    
2023-11-20 07:07:56,242 INFO     ___FILE_ONLY___ NODE_VERSION
2023-11-20 07:07:56,242 INFO     ___FILE_ONLY___          
2023-11-20 07:07:56,242 INFO     ___FILE_ONLY___ NUM_NODES
2023-11-20 07:07:56,242 INFO     ___FILE_ONLY___   
2023-11-20 07:07:56,242 INFO     ___FILE_ONLY___ STATUS
2023-11-20 07:07:56,242 INFO     ___FILE_ONLY___ 

2023-11-20 07:07:56,242 INFO     ___FILE_ONLY___ inel-9495
2023-11-20 07:07:56,242 INFO     ___FILE_ONLY___   
2023-11-20 07:07:56,242 INFO     ___FILE_ONLY___ europe-west3-b
2023-11-20 07:07:56,243 INFO     ___FILE_ONLY___   
2023-11-20 07:07:56,243 INFO     ___FILE_ONLY___ 1.25.15-gke.1115000
2023-11-20 07:07:56,243 INFO     ___FILE_ONLY___   
2023-11-20 07:07:56,243 INFO     ___FILE_ONLY___ 35.246.143.152
2023-11-20 07:07:56,243 INFO     ___FILE_ONLY___   
2023-11-20 07:07:56,243 INFO     ___FILE_ONLY___ n1-standard-4
2023-11-20 07:07:56,243 INFO     ___FILE_ONLY___   
2023-11-20 07:07:56,243 INFO     ___FILE_ONLY___ 1.25.15-gke.1115000
2023-11-20 07:07:56,243 INFO     ___FILE_ONLY___   
2023-11-20 07:07:56,243 INFO     ___FILE_ONLY___ 3
2023-11-20 07:07:56,243 INFO     ___FILE_ONLY___           
2023-11-20 07:07:56,243 INFO     ___FILE_ONLY___ RUNNING
2023-11-20 07:07:56,243 INFO     ___FILE_ONLY___ 

2023-11-20 07:07:56,253 DEBUG    root            Metrics reporting process started...
