2023-11-20 08:01:59,436 DEBUG    root            Loaded Command Group: ['gcloud', 'config']
2023-11-20 08:01:59,438 DEBUG    root            Loaded Command Group: ['gcloud', 'config', 'config_helper']
2023-11-20 08:01:59,439 DEBUG    root            Running [gcloud.config.config-helper] with arguments: [--format: "json"]
2023-11-20 08:01:59,453 DEBUG    google.auth.transport.requests Making request: POST https://oauth2.googleapis.com/token
2023-11-20 08:01:59,475 DEBUG    urllib3.connectionpool Starting new HTTPS connection (1): oauth2.googleapis.com:443
2023-11-20 08:01:59,632 DEBUG    urllib3.connectionpool https://oauth2.googleapis.com:443 "POST /token HTTP/1.1" 200 None
2023-11-20 08:01:59,638 DEBUG    root            Chosen display Format:default json
2023-11-20 08:01:59,638 INFO     root            Display format: "default json"
2023-11-20 08:01:59,638 INFO     ___FILE_ONLY___ {
  "configuration": {
    "active_configuration": "percona-cloud-dev",
    "properties": {
      "core": {
        "account": "inel.pandzic@percona.com",
        "disable_usage_reporting": "False",
        "project": "cloud-dev-112233"
      }
    }
  },
  "credential": {
    "access_token": "ya29.a0AfB_byA-eVy9Re_DsA6Nnf_13BPGjdAA8PInXgvLqjenr8Lpn7m_N676F7kEhq5ckTVcOrXQ-29Fpesln66isQaA_B6ukSa77CJRjP22CxEDmlZHYyLVfOjDNkZqa8bGD1LcJjHxIkGFR9rURsqUkhWNY1HKZxw5RzNknSLu8D_AaCgYKAegSARESFQHGX2MiDPC9g6hiPeQsyrAWz8Pd5Q0179",
    "id_token": "eyJhbGciOiJSUzI1NiIsImtpZCI6IjViMzcwNjk2MGUzZTYwMDI0YTI2NTVlNzhjZmE2M2Y4N2M5N2QzMDkiLCJ0eXAiOiJKV1QifQ.eyJpc3MiOiJodHRwczovL2FjY291bnRzLmdvb2dsZS5jb20iLCJhenAiOiIzMjU1NTk0MDU1OS5hcHBzLmdvb2dsZXVzZXJjb250ZW50LmNvbSIsImF1ZCI6IjMyNTU1OTQwNTU5LmFwcHMuZ29vZ2xldXNlcmNvbnRlbnQuY29tIiwic3ViIjoiMTA3NDA5ODEzMzQ0NTU5NDQzNDA3IiwiaGQiOiJwZXJjb25hLmNvbSIsImVtYWlsIjoiaW5lbC5wYW5kemljQHBlcmNvbmEuY29tIiwiZW1haWxfdmVyaWZpZWQiOnRydWUsImF0X2hhc2giOiJPMjAzN09qTjBhZXdRR25GU3JvZ0xRIiwiaWF0IjoxNzAwNDYzNzE5LCJleHAiOjE3MDA0NjczMTl9.FyNJS2mtjU9ybhhbrzJnORxVwJ3YafQoPeN_WVeW_2dwMTDYvh_C1LFMp6u0TruMzfL07SwHvVfahD6aJbQ2x0RWJjIpppbxffZF4td_esRZ6ujq0wB8CouCQopIquMs2Dh4dP6Icx76FR8yxjHK2OGj0Dfti5Dr2F6ad3Qc83QIaW62BABhEbX6fKJ0BK7VOXOfcral6Dbc0wGhdMMLolO99EX-mvkhjTD9uiLETuiXCKWoJouXGrakN4J44dCbTShtRIYrOTx3aPzBZ4OtOADhJlr5HsVZtToYh5uerlz5jMxPDZKjBTkZd3Yx-Sss-tTblbQ1Vh-xqdYw_EEKkA",
    "token_expiry": "2023-11-20T08:01:58Z"
  },
  "sentinels": {
    "config_sentinel": "/Users/inelpandzic/.config/gcloud/config_sentinel"
  }
}
2023-11-20 08:01:59,638 INFO     ___FILE_ONLY___ 

2023-11-20 08:01:59,646 DEBUG    root            Metrics reporting process started...
