2023-11-20 09:58:45,680 DEBUG    root            Loaded Command Group: ['gcloud', 'container', 'clusters']
2023-11-20 09:58:45,686 DEBUG    root            Loaded Command Group: ['gcloud', 'container', 'clusters', 'create']
2023-11-20 09:58:45,703 DEBUG    root            Running [gcloud.container.clusters.create] with arguments: [--cluster-version: "1.25", --disk-size: "32212254720", --labels: "OrderedDict([('delete-cluster-after-hours', '10')])", --machine-type: "n1-standard-4", --no-enable-autoupgrade: "False", --num-nodes: "3", --preemptible: "True", --zone: "europe-west3-b", NAME: "inel-6568"]
2023-11-20 09:58:45,708 INFO     ___FILE_ONLY___ Default change: VPC-native is the default mode during cluster creation for versions greater than 1.21.0-gke.1500. To create advanced routes based clusters, please pass the `--no-enable-ip-alias` flag

2023-11-20 09:58:45,708 INFO     ___FILE_ONLY___ Default change: During creation of nodepools or autoscaling configuration changes for cluster versions greater than 1.24.1-gke.800 a default location policy is applied. For Spot and PVM it defaults to ANY, and for all other VM kinds a BALANCED policy is used. To change the default values use the `--location-policy` flag.

2023-11-20 09:58:45,708 INFO     ___FILE_ONLY___ Note: Your Pod address range (`--cluster-ipv4-cidr`) can accommodate at most 1008 node(s).

2023-11-20 09:58:45,720 DEBUG    urllib3.connectionpool Starting new HTTPS connection (1): container.googleapis.com:443
2023-11-20 09:58:49,239 DEBUG    urllib3.connectionpool https://container.googleapis.com:443 "POST /v1/projects/cloud-dev-112233/locations/europe-west3-b/clusters?alt=json HTTP/1.1" 200 None
2023-11-20 09:58:49,243 INFO     ___FILE_ONLY___ Creating cluster inel-6568 in europe-west3-b...
2023-11-20 09:58:49,246 DEBUG    urllib3.connectionpool Starting new HTTPS connection (1): container.googleapis.com:443
2023-11-20 09:58:49,460 DEBUG    urllib3.connectionpool https://container.googleapis.com:443 "GET /v1/projects/cloud-dev-112233/locations/europe-west3-b/operations/operation-1700470729297-7148c803-1d19-4e61-ac7d-ccb583b307ae?alt=json HTTP/1.1" 200 None
2023-11-20 09:58:54,475 DEBUG    urllib3.connectionpool Starting new HTTPS connection (1): container.googleapis.com:443
2023-11-20 09:58:54,698 DEBUG    urllib3.connectionpool https://container.googleapis.com:443 "GET /v1/projects/cloud-dev-112233/locations/europe-west3-b/operations/operation-1700470729297-7148c803-1d19-4e61-ac7d-ccb583b307ae?alt=json HTTP/1.1" 200 None
2023-11-20 09:58:59,714 DEBUG    urllib3.connectionpool Starting new HTTPS connection (1): container.googleapis.com:443
2023-11-20 09:58:59,959 DEBUG    urllib3.connectionpool https://container.googleapis.com:443 "GET /v1/projects/cloud-dev-112233/locations/europe-west3-b/operations/operation-1700470729297-7148c803-1d19-4e61-ac7d-ccb583b307ae?alt=json HTTP/1.1" 200 None
2023-11-20 09:59:04,974 DEBUG    urllib3.connectionpool Starting new HTTPS connection (1): container.googleapis.com:443
2023-11-20 09:59:05,192 DEBUG    urllib3.connectionpool https://container.googleapis.com:443 "GET /v1/projects/cloud-dev-112233/locations/europe-west3-b/operations/operation-1700470729297-7148c803-1d19-4e61-ac7d-ccb583b307ae?alt=json HTTP/1.1" 200 None
2023-11-20 09:59:10,199 DEBUG    urllib3.connectionpool Starting new HTTPS connection (1): container.googleapis.com:443
2023-11-20 09:59:10,402 DEBUG    urllib3.connectionpool https://container.googleapis.com:443 "GET /v1/projects/cloud-dev-112233/locations/europe-west3-b/operations/operation-1700470729297-7148c803-1d19-4e61-ac7d-ccb583b307ae?alt=json HTTP/1.1" 200 None
2023-11-20 09:59:15,414 DEBUG    urllib3.connectionpool Starting new HTTPS connection (1): container.googleapis.com:443
2023-11-20 09:59:15,620 DEBUG    urllib3.connectionpool https://container.googleapis.com:443 "GET /v1/projects/cloud-dev-112233/locations/europe-west3-b/operations/operation-1700470729297-7148c803-1d19-4e61-ac7d-ccb583b307ae?alt=json HTTP/1.1" 200 None
2023-11-20 09:59:20,634 DEBUG    urllib3.connectionpool Starting new HTTPS connection (1): container.googleapis.com:443
2023-11-20 09:59:20,864 DEBUG    urllib3.connectionpool https://container.googleapis.com:443 "GET /v1/projects/cloud-dev-112233/locations/europe-west3-b/operations/operation-1700470729297-7148c803-1d19-4e61-ac7d-ccb583b307ae?alt=json HTTP/1.1" 200 None
2023-11-20 09:59:25,878 DEBUG    urllib3.connectionpool Starting new HTTPS connection (1): container.googleapis.com:443
2023-11-20 09:59:26,102 DEBUG    urllib3.connectionpool https://container.googleapis.com:443 "GET /v1/projects/cloud-dev-112233/locations/europe-west3-b/operations/operation-1700470729297-7148c803-1d19-4e61-ac7d-ccb583b307ae?alt=json HTTP/1.1" 200 None
2023-11-20 09:59:31,118 DEBUG    urllib3.connectionpool Starting new HTTPS connection (1): container.googleapis.com:443
2023-11-20 09:59:31,334 DEBUG    urllib3.connectionpool https://container.googleapis.com:443 "GET /v1/projects/cloud-dev-112233/locations/europe-west3-b/operations/operation-1700470729297-7148c803-1d19-4e61-ac7d-ccb583b307ae?alt=json HTTP/1.1" 200 None
2023-11-20 09:59:36,348 DEBUG    urllib3.connectionpool Starting new HTTPS connection (1): container.googleapis.com:443
2023-11-20 09:59:36,562 DEBUG    urllib3.connectionpool https://container.googleapis.com:443 "GET /v1/projects/cloud-dev-112233/locations/europe-west3-b/operations/operation-1700470729297-7148c803-1d19-4e61-ac7d-ccb583b307ae?alt=json HTTP/1.1" 200 None
2023-11-20 09:59:41,581 DEBUG    urllib3.connectionpool Starting new HTTPS connection (1): container.googleapis.com:443
2023-11-20 09:59:41,796 DEBUG    urllib3.connectionpool https://container.googleapis.com:443 "GET /v1/projects/cloud-dev-112233/locations/europe-west3-b/operations/operation-1700470729297-7148c803-1d19-4e61-ac7d-ccb583b307ae?alt=json HTTP/1.1" 200 None
2023-11-20 09:59:46,811 DEBUG    urllib3.connectionpool Starting new HTTPS connection (1): container.googleapis.com:443
2023-11-20 09:59:47,022 DEBUG    urllib3.connectionpool https://container.googleapis.com:443 "GET /v1/projects/cloud-dev-112233/locations/europe-west3-b/operations/operation-1700470729297-7148c803-1d19-4e61-ac7d-ccb583b307ae?alt=json HTTP/1.1" 200 None
2023-11-20 09:59:52,031 DEBUG    urllib3.connectionpool Starting new HTTPS connection (1): container.googleapis.com:443
2023-11-20 09:59:52,258 DEBUG    urllib3.connectionpool https://container.googleapis.com:443 "GET /v1/projects/cloud-dev-112233/locations/europe-west3-b/operations/operation-1700470729297-7148c803-1d19-4e61-ac7d-ccb583b307ae?alt=json HTTP/1.1" 200 None
2023-11-20 09:59:57,271 DEBUG    urllib3.connectionpool Starting new HTTPS connection (1): container.googleapis.com:443
2023-11-20 09:59:57,493 DEBUG    urllib3.connectionpool https://container.googleapis.com:443 "GET /v1/projects/cloud-dev-112233/locations/europe-west3-b/operations/operation-1700470729297-7148c803-1d19-4e61-ac7d-ccb583b307ae?alt=json HTTP/1.1" 200 None
2023-11-20 10:00:02,510 DEBUG    urllib3.connectionpool Starting new HTTPS connection (1): container.googleapis.com:443
2023-11-20 10:00:02,748 DEBUG    urllib3.connectionpool https://container.googleapis.com:443 "GET /v1/projects/cloud-dev-112233/locations/europe-west3-b/operations/operation-1700470729297-7148c803-1d19-4e61-ac7d-ccb583b307ae?alt=json HTTP/1.1" 200 None
2023-11-20 10:00:07,757 DEBUG    urllib3.connectionpool Starting new HTTPS connection (1): container.googleapis.com:443
2023-11-20 10:00:07,954 DEBUG    urllib3.connectionpool https://container.googleapis.com:443 "GET /v1/projects/cloud-dev-112233/locations/europe-west3-b/operations/operation-1700470729297-7148c803-1d19-4e61-ac7d-ccb583b307ae?alt=json HTTP/1.1" 200 None
2023-11-20 10:00:12,971 DEBUG    urllib3.connectionpool Starting new HTTPS connection (1): container.googleapis.com:443
2023-11-20 10:00:13,188 DEBUG    urllib3.connectionpool https://container.googleapis.com:443 "GET /v1/projects/cloud-dev-112233/locations/europe-west3-b/operations/operation-1700470729297-7148c803-1d19-4e61-ac7d-ccb583b307ae?alt=json HTTP/1.1" 200 None
2023-11-20 10:00:18,197 DEBUG    urllib3.connectionpool Starting new HTTPS connection (1): container.googleapis.com:443
2023-11-20 10:00:18,390 DEBUG    urllib3.connectionpool https://container.googleapis.com:443 "GET /v1/projects/cloud-dev-112233/locations/europe-west3-b/operations/operation-1700470729297-7148c803-1d19-4e61-ac7d-ccb583b307ae?alt=json HTTP/1.1" 200 None
2023-11-20 10:00:23,401 DEBUG    urllib3.connectionpool Starting new HTTPS connection (1): container.googleapis.com:443
2023-11-20 10:00:23,598 DEBUG    urllib3.connectionpool https://container.googleapis.com:443 "GET /v1/projects/cloud-dev-112233/locations/europe-west3-b/operations/operation-1700470729297-7148c803-1d19-4e61-ac7d-ccb583b307ae?alt=json HTTP/1.1" 200 None
2023-11-20 10:00:28,613 DEBUG    urllib3.connectionpool Starting new HTTPS connection (1): container.googleapis.com:443
2023-11-20 10:00:28,823 DEBUG    urllib3.connectionpool https://container.googleapis.com:443 "GET /v1/projects/cloud-dev-112233/locations/europe-west3-b/operations/operation-1700470729297-7148c803-1d19-4e61-ac7d-ccb583b307ae?alt=json HTTP/1.1" 200 None
2023-11-20 10:00:33,836 DEBUG    urllib3.connectionpool Starting new HTTPS connection (1): container.googleapis.com:443
2023-11-20 10:00:34,055 DEBUG    urllib3.connectionpool https://container.googleapis.com:443 "GET /v1/projects/cloud-dev-112233/locations/europe-west3-b/operations/operation-1700470729297-7148c803-1d19-4e61-ac7d-ccb583b307ae?alt=json HTTP/1.1" 200 None
2023-11-20 10:00:39,066 DEBUG    urllib3.connectionpool Starting new HTTPS connection (1): container.googleapis.com:443
2023-11-20 10:00:39,257 DEBUG    urllib3.connectionpool https://container.googleapis.com:443 "GET /v1/projects/cloud-dev-112233/locations/europe-west3-b/operations/operation-1700470729297-7148c803-1d19-4e61-ac7d-ccb583b307ae?alt=json HTTP/1.1" 200 None
2023-11-20 10:00:44,267 DEBUG    urllib3.connectionpool Starting new HTTPS connection (1): container.googleapis.com:443
2023-11-20 10:00:44,488 DEBUG    urllib3.connectionpool https://container.googleapis.com:443 "GET /v1/projects/cloud-dev-112233/locations/europe-west3-b/operations/operation-1700470729297-7148c803-1d19-4e61-ac7d-ccb583b307ae?alt=json HTTP/1.1" 200 None
2023-11-20 10:00:49,501 DEBUG    urllib3.connectionpool Starting new HTTPS connection (1): container.googleapis.com:443
2023-11-20 10:00:49,713 DEBUG    urllib3.connectionpool https://container.googleapis.com:443 "GET /v1/projects/cloud-dev-112233/locations/europe-west3-b/operations/operation-1700470729297-7148c803-1d19-4e61-ac7d-ccb583b307ae?alt=json HTTP/1.1" 200 None
2023-11-20 10:00:54,726 DEBUG    urllib3.connectionpool Starting new HTTPS connection (1): container.googleapis.com:443
2023-11-20 10:00:54,942 DEBUG    urllib3.connectionpool https://container.googleapis.com:443 "GET /v1/projects/cloud-dev-112233/locations/europe-west3-b/operations/operation-1700470729297-7148c803-1d19-4e61-ac7d-ccb583b307ae?alt=json HTTP/1.1" 200 None
2023-11-20 10:00:59,964 DEBUG    urllib3.connectionpool Starting new HTTPS connection (1): container.googleapis.com:443
2023-11-20 10:01:00,174 DEBUG    urllib3.connectionpool https://container.googleapis.com:443 "GET /v1/projects/cloud-dev-112233/locations/europe-west3-b/operations/operation-1700470729297-7148c803-1d19-4e61-ac7d-ccb583b307ae?alt=json HTTP/1.1" 200 None
2023-11-20 10:01:05,184 DEBUG    urllib3.connectionpool Starting new HTTPS connection (1): container.googleapis.com:443
2023-11-20 10:01:05,402 DEBUG    urllib3.connectionpool https://container.googleapis.com:443 "GET /v1/projects/cloud-dev-112233/locations/europe-west3-b/operations/operation-1700470729297-7148c803-1d19-4e61-ac7d-ccb583b307ae?alt=json HTTP/1.1" 200 None
2023-11-20 10:01:10,414 DEBUG    urllib3.connectionpool Starting new HTTPS connection (1): container.googleapis.com:443
2023-11-20 10:01:10,640 DEBUG    urllib3.connectionpool https://container.googleapis.com:443 "GET /v1/projects/cloud-dev-112233/locations/europe-west3-b/operations/operation-1700470729297-7148c803-1d19-4e61-ac7d-ccb583b307ae?alt=json HTTP/1.1" 200 None
2023-11-20 10:01:15,656 DEBUG    urllib3.connectionpool Starting new HTTPS connection (1): container.googleapis.com:443
2023-11-20 10:01:15,892 DEBUG    urllib3.connectionpool https://container.googleapis.com:443 "GET /v1/projects/cloud-dev-112233/locations/europe-west3-b/operations/operation-1700470729297-7148c803-1d19-4e61-ac7d-ccb583b307ae?alt=json HTTP/1.1" 200 None
2023-11-20 10:01:20,913 DEBUG    urllib3.connectionpool Starting new HTTPS connection (1): container.googleapis.com:443
2023-11-20 10:01:21,115 DEBUG    urllib3.connectionpool https://container.googleapis.com:443 "GET /v1/projects/cloud-dev-112233/locations/europe-west3-b/operations/operation-1700470729297-7148c803-1d19-4e61-ac7d-ccb583b307ae?alt=json HTTP/1.1" 200 None
2023-11-20 10:01:26,132 DEBUG    urllib3.connectionpool Starting new HTTPS connection (1): container.googleapis.com:443
2023-11-20 10:01:26,354 DEBUG    urllib3.connectionpool https://container.googleapis.com:443 "GET /v1/projects/cloud-dev-112233/locations/europe-west3-b/operations/operation-1700470729297-7148c803-1d19-4e61-ac7d-ccb583b307ae?alt=json HTTP/1.1" 200 None
2023-11-20 10:01:31,363 DEBUG    urllib3.connectionpool Starting new HTTPS connection (1): container.googleapis.com:443
2023-11-20 10:01:31,641 DEBUG    urllib3.connectionpool https://container.googleapis.com:443 "GET /v1/projects/cloud-dev-112233/locations/europe-west3-b/operations/operation-1700470729297-7148c803-1d19-4e61-ac7d-ccb583b307ae?alt=json HTTP/1.1" 200 None
2023-11-20 10:01:36,649 DEBUG    urllib3.connectionpool Starting new HTTPS connection (1): container.googleapis.com:443
2023-11-20 10:01:36,847 DEBUG    urllib3.connectionpool https://container.googleapis.com:443 "GET /v1/projects/cloud-dev-112233/locations/europe-west3-b/operations/operation-1700470729297-7148c803-1d19-4e61-ac7d-ccb583b307ae?alt=json HTTP/1.1" 200 None
2023-11-20 10:01:41,862 DEBUG    urllib3.connectionpool Starting new HTTPS connection (1): container.googleapis.com:443
2023-11-20 10:01:42,108 DEBUG    urllib3.connectionpool https://container.googleapis.com:443 "GET /v1/projects/cloud-dev-112233/locations/europe-west3-b/operations/operation-1700470729297-7148c803-1d19-4e61-ac7d-ccb583b307ae?alt=json HTTP/1.1" 200 None
2023-11-20 10:01:47,119 DEBUG    urllib3.connectionpool Starting new HTTPS connection (1): container.googleapis.com:443
2023-11-20 10:01:47,394 DEBUG    urllib3.connectionpool https://container.googleapis.com:443 "GET /v1/projects/cloud-dev-112233/locations/europe-west3-b/operations/operation-1700470729297-7148c803-1d19-4e61-ac7d-ccb583b307ae?alt=json HTTP/1.1" 200 None
2023-11-20 10:01:52,408 DEBUG    urllib3.connectionpool Starting new HTTPS connection (1): container.googleapis.com:443
2023-11-20 10:01:52,628 DEBUG    urllib3.connectionpool https://container.googleapis.com:443 "GET /v1/projects/cloud-dev-112233/locations/europe-west3-b/operations/operation-1700470729297-7148c803-1d19-4e61-ac7d-ccb583b307ae?alt=json HTTP/1.1" 200 None
2023-11-20 10:01:57,643 DEBUG    urllib3.connectionpool Starting new HTTPS connection (1): container.googleapis.com:443
2023-11-20 10:01:57,877 DEBUG    urllib3.connectionpool https://container.googleapis.com:443 "GET /v1/projects/cloud-dev-112233/locations/europe-west3-b/operations/operation-1700470729297-7148c803-1d19-4e61-ac7d-ccb583b307ae?alt=json HTTP/1.1" 200 None
2023-11-20 10:02:02,887 DEBUG    urllib3.connectionpool Starting new HTTPS connection (1): container.googleapis.com:443
2023-11-20 10:02:03,093 DEBUG    urllib3.connectionpool https://container.googleapis.com:443 "GET /v1/projects/cloud-dev-112233/locations/europe-west3-b/operations/operation-1700470729297-7148c803-1d19-4e61-ac7d-ccb583b307ae?alt=json HTTP/1.1" 200 None
2023-11-20 10:02:08,108 DEBUG    urllib3.connectionpool Starting new HTTPS connection (1): container.googleapis.com:443
2023-11-20 10:02:08,347 DEBUG    urllib3.connectionpool https://container.googleapis.com:443 "GET /v1/projects/cloud-dev-112233/locations/europe-west3-b/operations/operation-1700470729297-7148c803-1d19-4e61-ac7d-ccb583b307ae?alt=json HTTP/1.1" 200 None
2023-11-20 10:02:13,367 DEBUG    urllib3.connectionpool Starting new HTTPS connection (1): container.googleapis.com:443
2023-11-20 10:02:13,618 DEBUG    urllib3.connectionpool https://container.googleapis.com:443 "GET /v1/projects/cloud-dev-112233/locations/europe-west3-b/operations/operation-1700470729297-7148c803-1d19-4e61-ac7d-ccb583b307ae?alt=json HTTP/1.1" 200 None
2023-11-20 10:02:18,630 DEBUG    urllib3.connectionpool Starting new HTTPS connection (1): container.googleapis.com:443
2023-11-20 10:02:18,851 DEBUG    urllib3.connectionpool https://container.googleapis.com:443 "GET /v1/projects/cloud-dev-112233/locations/europe-west3-b/operations/operation-1700470729297-7148c803-1d19-4e61-ac7d-ccb583b307ae?alt=json HTTP/1.1" 200 None
2023-11-20 10:02:23,863 DEBUG    urllib3.connectionpool Starting new HTTPS connection (1): container.googleapis.com:443
2023-11-20 10:02:24,093 DEBUG    urllib3.connectionpool https://container.googleapis.com:443 "GET /v1/projects/cloud-dev-112233/locations/europe-west3-b/operations/operation-1700470729297-7148c803-1d19-4e61-ac7d-ccb583b307ae?alt=json HTTP/1.1" 200 None
2023-11-20 10:02:29,101 DEBUG    urllib3.connectionpool Starting new HTTPS connection (1): container.googleapis.com:443
2023-11-20 10:02:29,323 DEBUG    urllib3.connectionpool https://container.googleapis.com:443 "GET /v1/projects/cloud-dev-112233/locations/europe-west3-b/operations/operation-1700470729297-7148c803-1d19-4e61-ac7d-ccb583b307ae?alt=json HTTP/1.1" 200 None
2023-11-20 10:02:34,335 DEBUG    urllib3.connectionpool Starting new HTTPS connection (1): container.googleapis.com:443
2023-11-20 10:02:34,550 DEBUG    urllib3.connectionpool https://container.googleapis.com:443 "GET /v1/projects/cloud-dev-112233/locations/europe-west3-b/operations/operation-1700470729297-7148c803-1d19-4e61-ac7d-ccb583b307ae?alt=json HTTP/1.1" 200 None
2023-11-20 10:02:39,570 DEBUG    urllib3.connectionpool Starting new HTTPS connection (1): container.googleapis.com:443
2023-11-20 10:02:39,839 DEBUG    urllib3.connectionpool https://container.googleapis.com:443 "GET /v1/projects/cloud-dev-112233/locations/europe-west3-b/operations/operation-1700470729297-7148c803-1d19-4e61-ac7d-ccb583b307ae?alt=json HTTP/1.1" 200 None
2023-11-20 10:02:44,856 DEBUG    urllib3.connectionpool Starting new HTTPS connection (1): container.googleapis.com:443
2023-11-20 10:02:45,088 DEBUG    urllib3.connectionpool https://container.googleapis.com:443 "GET /v1/projects/cloud-dev-112233/locations/europe-west3-b/operations/operation-1700470729297-7148c803-1d19-4e61-ac7d-ccb583b307ae?alt=json HTTP/1.1" 200 None
2023-11-20 10:02:50,101 DEBUG    urllib3.connectionpool Starting new HTTPS connection (1): container.googleapis.com:443
2023-11-20 10:02:50,339 DEBUG    urllib3.connectionpool https://container.googleapis.com:443 "GET /v1/projects/cloud-dev-112233/locations/europe-west3-b/operations/operation-1700470729297-7148c803-1d19-4e61-ac7d-ccb583b307ae?alt=json HTTP/1.1" 200 None
2023-11-20 10:02:55,350 DEBUG    urllib3.connectionpool Starting new HTTPS connection (1): container.googleapis.com:443
2023-11-20 10:02:55,565 DEBUG    urllib3.connectionpool https://container.googleapis.com:443 "GET /v1/projects/cloud-dev-112233/locations/europe-west3-b/operations/operation-1700470729297-7148c803-1d19-4e61-ac7d-ccb583b307ae?alt=json HTTP/1.1" 200 None
2023-11-20 10:03:00,581 DEBUG    urllib3.connectionpool Starting new HTTPS connection (1): container.googleapis.com:443
2023-11-20 10:03:00,815 DEBUG    urllib3.connectionpool https://container.googleapis.com:443 "GET /v1/projects/cloud-dev-112233/locations/europe-west3-b/operations/operation-1700470729297-7148c803-1d19-4e61-ac7d-ccb583b307ae?alt=json HTTP/1.1" 200 None
2023-11-20 10:03:05,827 DEBUG    urllib3.connectionpool Starting new HTTPS connection (1): container.googleapis.com:443
2023-11-20 10:03:06,031 DEBUG    urllib3.connectionpool https://container.googleapis.com:443 "GET /v1/projects/cloud-dev-112233/locations/europe-west3-b/operations/operation-1700470729297-7148c803-1d19-4e61-ac7d-ccb583b307ae?alt=json HTTP/1.1" 200 None
2023-11-20 10:03:11,046 DEBUG    urllib3.connectionpool Starting new HTTPS connection (1): container.googleapis.com:443
2023-11-20 10:03:11,271 DEBUG    urllib3.connectionpool https://container.googleapis.com:443 "GET /v1/projects/cloud-dev-112233/locations/europe-west3-b/operations/operation-1700470729297-7148c803-1d19-4e61-ac7d-ccb583b307ae?alt=json HTTP/1.1" 200 None
2023-11-20 10:03:16,284 DEBUG    urllib3.connectionpool Starting new HTTPS connection (1): container.googleapis.com:443
2023-11-20 10:03:16,516 DEBUG    urllib3.connectionpool https://container.googleapis.com:443 "GET /v1/projects/cloud-dev-112233/locations/europe-west3-b/operations/operation-1700470729297-7148c803-1d19-4e61-ac7d-ccb583b307ae?alt=json HTTP/1.1" 200 None
2023-11-20 10:03:21,531 DEBUG    urllib3.connectionpool Starting new HTTPS connection (1): container.googleapis.com:443
2023-11-20 10:03:21,753 DEBUG    urllib3.connectionpool https://container.googleapis.com:443 "GET /v1/projects/cloud-dev-112233/locations/europe-west3-b/operations/operation-1700470729297-7148c803-1d19-4e61-ac7d-ccb583b307ae?alt=json HTTP/1.1" 200 None
2023-11-20 10:03:26,776 DEBUG    urllib3.connectionpool Starting new HTTPS connection (1): container.googleapis.com:443
2023-11-20 10:03:27,007 DEBUG    urllib3.connectionpool https://container.googleapis.com:443 "GET /v1/projects/cloud-dev-112233/locations/europe-west3-b/operations/operation-1700470729297-7148c803-1d19-4e61-ac7d-ccb583b307ae?alt=json HTTP/1.1" 200 None
2023-11-20 10:03:32,016 DEBUG    urllib3.connectionpool Starting new HTTPS connection (1): container.googleapis.com:443
2023-11-20 10:03:32,251 DEBUG    urllib3.connectionpool https://container.googleapis.com:443 "GET /v1/projects/cloud-dev-112233/locations/europe-west3-b/operations/operation-1700470729297-7148c803-1d19-4e61-ac7d-ccb583b307ae?alt=json HTTP/1.1" 200 None
2023-11-20 10:03:37,268 DEBUG    urllib3.connectionpool Starting new HTTPS connection (1): container.googleapis.com:443
2023-11-20 10:03:37,495 DEBUG    urllib3.connectionpool https://container.googleapis.com:443 "GET /v1/projects/cloud-dev-112233/locations/europe-west3-b/operations/operation-1700470729297-7148c803-1d19-4e61-ac7d-ccb583b307ae?alt=json HTTP/1.1" 200 None
2023-11-20 10:03:42,505 DEBUG    urllib3.connectionpool Starting new HTTPS connection (1): container.googleapis.com:443
2023-11-20 10:03:42,716 DEBUG    urllib3.connectionpool https://container.googleapis.com:443 "GET /v1/projects/cloud-dev-112233/locations/europe-west3-b/operations/operation-1700470729297-7148c803-1d19-4e61-ac7d-ccb583b307ae?alt=json HTTP/1.1" 200 None
2023-11-20 10:03:47,727 DEBUG    urllib3.connectionpool Starting new HTTPS connection (1): container.googleapis.com:443
2023-11-20 10:03:47,953 DEBUG    urllib3.connectionpool https://container.googleapis.com:443 "GET /v1/projects/cloud-dev-112233/locations/europe-west3-b/operations/operation-1700470729297-7148c803-1d19-4e61-ac7d-ccb583b307ae?alt=json HTTP/1.1" 200 None
2023-11-20 10:03:52,983 DEBUG    urllib3.connectionpool Starting new HTTPS connection (1): container.googleapis.com:443
2023-11-20 10:03:53,219 DEBUG    urllib3.connectionpool https://container.googleapis.com:443 "GET /v1/projects/cloud-dev-112233/locations/europe-west3-b/operations/operation-1700470729297-7148c803-1d19-4e61-ac7d-ccb583b307ae?alt=json HTTP/1.1" 200 None
2023-11-20 10:03:58,226 DEBUG    urllib3.connectionpool Starting new HTTPS connection (1): container.googleapis.com:443
2023-11-20 10:03:58,431 DEBUG    urllib3.connectionpool https://container.googleapis.com:443 "GET /v1/projects/cloud-dev-112233/locations/europe-west3-b/operations/operation-1700470729297-7148c803-1d19-4e61-ac7d-ccb583b307ae?alt=json HTTP/1.1" 200 None
2023-11-20 10:04:03,450 DEBUG    urllib3.connectionpool Starting new HTTPS connection (1): container.googleapis.com:443
2023-11-20 10:04:03,674 DEBUG    urllib3.connectionpool https://container.googleapis.com:443 "GET /v1/projects/cloud-dev-112233/locations/europe-west3-b/operations/operation-1700470729297-7148c803-1d19-4e61-ac7d-ccb583b307ae?alt=json HTTP/1.1" 200 None
2023-11-20 10:04:08,692 DEBUG    urllib3.connectionpool Starting new HTTPS connection (1): container.googleapis.com:443
2023-11-20 10:04:08,922 DEBUG    urllib3.connectionpool https://container.googleapis.com:443 "GET /v1/projects/cloud-dev-112233/locations/europe-west3-b/operations/operation-1700470729297-7148c803-1d19-4e61-ac7d-ccb583b307ae?alt=json HTTP/1.1" 200 None
2023-11-20 10:04:13,934 DEBUG    urllib3.connectionpool Starting new HTTPS connection (1): container.googleapis.com:443
2023-11-20 10:04:14,135 DEBUG    urllib3.connectionpool https://container.googleapis.com:443 "GET /v1/projects/cloud-dev-112233/locations/europe-west3-b/operations/operation-1700470729297-7148c803-1d19-4e61-ac7d-ccb583b307ae?alt=json HTTP/1.1" 200 None
2023-11-20 10:04:14,139 INFO     root            Operation <Operation
 clusterConditions: []
 endTime: '2023-11-20T09:04:10.124273368Z'
 name: 'operation-1700470729297-7148c803-1d19-4e61-ac7d-ccb583b307ae'
 nodepoolConditions: []
 operationType: OperationTypeValueValuesEnum(CREATE_CLUSTER, 1)
 progress: <OperationProgress
 metrics: [<Metric
 intValue: 10
 name: 'CLUSTER_CONFIGURING'>, <Metric
 intValue: 10
 name: 'CLUSTER_CONFIGURING_TOTAL'>, <Metric
 intValue: 12
 name: 'CLUSTER_DEPLOYING'>, <Metric
 intValue: 12
 name: 'CLUSTER_DEPLOYING_TOTAL'>, <Metric
 intValue: 1
 name: 'CLUSTER_HEALTHCHECKING'>, <Metric
 intValue: 2
 name: 'CLUSTER_HEALTHCHECKING_TOTAL'>]
 stages: []>
 selfLink: 'https://container.googleapis.com/v1/projects/166042509722/zones/europe-west3-b/operations/operation-1700470729297-7148c803-1d19-4e61-ac7d-ccb583b307ae'
 startTime: '2023-11-20T08:58:49.297336989Z'
 status: StatusValueValuesEnum(DONE, 3)
 targetLink: 'https://container.googleapis.com/v1/projects/166042509722/zones/europe-west3-b/clusters/inel-6568'
 zone: 'europe-west3-b'> succeeded after 324.895 seconds
2023-11-20 10:04:14,220 DEBUG    urllib3.connectionpool Starting new HTTPS connection (1): container.googleapis.com:443
2023-11-20 10:04:14,461 DEBUG    urllib3.connectionpool https://container.googleapis.com:443 "GET /v1/projects/cloud-dev-112233/locations/europe-west3-b/clusters/inel-6568?alt=json HTTP/1.1" 200 None
2023-11-20 10:04:14,472 INFO     ___FILE_ONLY___ Created [https://container.googleapis.com/v1/projects/cloud-dev-112233/zones/europe-west3-b/clusters/inel-6568].

2023-11-20 10:04:14,472 INFO     ___FILE_ONLY___ To inspect the contents of your cluster, go to: https://console.cloud.google.com/kubernetes/workload_/gcloud/europe-west3-b/inel-6568?project=cloud-dev-112233

2023-11-20 10:04:15,517 DEBUG    root            Saved kubeconfig to /Users/inelpandzic/.kube/config
2023-11-20 10:04:15,517 INFO     ___FILE_ONLY___ kubeconfig entry generated for inel-6568.

2023-11-20 10:04:15,518 DEBUG    root            Chosen display Format:
    table(
        name,
        zone:label=LOCATION,
        master_version():label=MASTER_VERSION,
        endpoint:label=MASTER_IP,
        nodePools[0].config.machineType,
        currentNodeVersion:label=NODE_VERSION,
        firstof(currentNodeCount,initialNodeCount):label=NUM_NODES,
        status
    )

2023-11-20 10:04:15,518 INFO     root            Display format: "
    table(
        name,
        zone:label=LOCATION,
        master_version():label=MASTER_VERSION,
        endpoint:label=MASTER_IP,
        nodePools[0].config.machineType,
        currentNodeVersion:label=NODE_VERSION,
        firstof(currentNodeCount,initialNodeCount):label=NUM_NODES,
        status
    )
"
2023-11-20 10:04:15,520 INFO     ___FILE_ONLY___ NAME
2023-11-20 10:04:15,520 INFO     ___FILE_ONLY___        
2023-11-20 10:04:15,520 INFO     ___FILE_ONLY___ LOCATION
2023-11-20 10:04:15,520 INFO     ___FILE_ONLY___         
2023-11-20 10:04:15,520 INFO     ___FILE_ONLY___ MASTER_VERSION
2023-11-20 10:04:15,520 INFO     ___FILE_ONLY___        
2023-11-20 10:04:15,520 INFO     ___FILE_ONLY___ MASTER_IP
2023-11-20 10:04:15,520 INFO     ___FILE_ONLY___       
2023-11-20 10:04:15,520 INFO     ___FILE_ONLY___ MACHINE_TYPE
2023-11-20 10:04:15,520 INFO     ___FILE_ONLY___    
2023-11-20 10:04:15,520 INFO     ___FILE_ONLY___ NODE_VERSION
2023-11-20 10:04:15,520 INFO     ___FILE_ONLY___          
2023-11-20 10:04:15,520 INFO     ___FILE_ONLY___ NUM_NODES
2023-11-20 10:04:15,520 INFO     ___FILE_ONLY___   
2023-11-20 10:04:15,520 INFO     ___FILE_ONLY___ STATUS
2023-11-20 10:04:15,520 INFO     ___FILE_ONLY___ 

2023-11-20 10:04:15,520 INFO     ___FILE_ONLY___ inel-6568
2023-11-20 10:04:15,520 INFO     ___FILE_ONLY___   
2023-11-20 10:04:15,520 INFO     ___FILE_ONLY___ europe-west3-b
2023-11-20 10:04:15,520 INFO     ___FILE_ONLY___   
2023-11-20 10:04:15,520 INFO     ___FILE_ONLY___ 1.25.15-gke.1115000
2023-11-20 10:04:15,520 INFO     ___FILE_ONLY___   
2023-11-20 10:04:15,520 INFO     ___FILE_ONLY___ 35.198.156.15
2023-11-20 10:04:15,520 INFO     ___FILE_ONLY___   
2023-11-20 10:04:15,520 INFO     ___FILE_ONLY___ n1-standard-4
2023-11-20 10:04:15,520 INFO     ___FILE_ONLY___   
2023-11-20 10:04:15,520 INFO     ___FILE_ONLY___ 1.25.15-gke.1115000
2023-11-20 10:04:15,520 INFO     ___FILE_ONLY___   
2023-11-20 10:04:15,520 INFO     ___FILE_ONLY___ 3
2023-11-20 10:04:15,520 INFO     ___FILE_ONLY___           
2023-11-20 10:04:15,520 INFO     ___FILE_ONLY___ RUNNING
2023-11-20 10:04:15,521 INFO     ___FILE_ONLY___ 

2023-11-20 10:04:15,560 DEBUG    root            Metrics reporting process started...
