2023-11-20 13:00:24,910 DEBUG    root            Loaded Command Group: ['gcloud', 'config']
2023-11-20 13:00:24,911 DEBUG    root            Loaded Command Group: ['gcloud', 'config', 'config_helper']
2023-11-20 13:00:24,912 DEBUG    root            Running [gcloud.config.config-helper] with arguments: [--format: "json"]
2023-11-20 13:00:24,931 DEBUG    google.auth.transport.requests Making request: POST https://oauth2.googleapis.com/token
2023-11-20 13:00:24,947 DEBUG    urllib3.connectionpool Starting new HTTPS connection (1): oauth2.googleapis.com:443
2023-11-20 13:00:25,097 DEBUG    urllib3.connectionpool https://oauth2.googleapis.com:443 "POST /token HTTP/1.1" 200 None
2023-11-20 13:00:25,101 DEBUG    root            Chosen display Format:default json
2023-11-20 13:00:25,101 INFO     root            Display format: "default json"
2023-11-20 13:00:25,102 INFO     ___FILE_ONLY___ {
  "configuration": {
    "active_configuration": "percona-cloud-dev",
    "properties": {
      "core": {
        "account": "inel.pandzic@percona.com",
        "disable_usage_reporting": "False",
        "project": "cloud-dev-112233"
      }
    }
  },
  "credential": {
    "access_token": "ya29.a0AfB_byAkyPoHJA1iDYlMPX7JA0_Rwgguhr2rXGnqIDVhq3XTuadaoHfeeaBDdBpMVxSmaksFCH8qx02A2Zk_nqSGpisu1GOJbiI9iFtvD7Zq1Zag6nYXMUdB0b6lRw8UVEZpr8sBTtcyMLNzckpcdbYNadUGCoXbvP-QlDqo-74naCgYKAfASARESFQHGX2MiZuRKnD3gHdqTLDKR1vHpzA0179",
    "id_token": "eyJhbGciOiJSUzI1NiIsImtpZCI6IjViMzcwNjk2MGUzZTYwMDI0YTI2NTVlNzhjZmE2M2Y4N2M5N2QzMDkiLCJ0eXAiOiJKV1QifQ.eyJpc3MiOiJodHRwczovL2FjY291bnRzLmdvb2dsZS5jb20iLCJhenAiOiIzMjU1NTk0MDU1OS5hcHBzLmdvb2dsZXVzZXJjb250ZW50LmNvbSIsImF1ZCI6IjMyNTU1OTQwNTU5LmFwcHMuZ29vZ2xldXNlcmNvbnRlbnQuY29tIiwic3ViIjoiMTA3NDA5ODEzMzQ0NTU5NDQzNDA3IiwiaGQiOiJwZXJjb25hLmNvbSIsImVtYWlsIjoiaW5lbC5wYW5kemljQHBlcmNvbmEuY29tIiwiZW1haWxfdmVyaWZpZWQiOnRydWUsImF0X2hhc2giOiJUd25BMkhJazE2VmUxMk95YVBmRS13IiwiaWF0IjoxNzAwNDgxNjI1LCJleHAiOjE3MDA0ODUyMjV9.uBdoLNXfkjYpleRyyV0HP-mLaGjg2_bjf1JXaQK_XxGVsUtBsUmDMMcsFBI1yJKhUPyW1UdScSU2tBOfc4phMBjJO0d6yBmcX24qLYrw6WVnitC6NvzX98fWRUGFU2cwQ0gF6QFiypg9fFrHyhuWdwwdRqa-PDDZjM_zU80XeQfRJqr4dVFx6eAcUdztFojuNSzs0c-iF6Vw6mQUPW7lKrWs9jrm941FrPw5Mq_5fCeujmNGZrKigxvIwlXeMWaAFbKzHLok5SZj73juFmnT9whB0vGnVTU8jJjOx7fRb_nGn4bFMWWcpNlhtkEDgH97xDR0pw59pzIhM8Q-Trulqw",
    "token_expiry": "2023-11-20T13:00:24Z"
  },
  "sentinels": {
    "config_sentinel": "/Users/inelpandzic/.config/gcloud/config_sentinel"
  }
}
2023-11-20 13:00:25,102 INFO     ___FILE_ONLY___ 

2023-11-20 13:00:25,108 DEBUG    root            Metrics reporting process started...
