2023-11-20 15:20:28,702 DEBUG    root            Loaded Command Group: ['gcloud', 'config']
2023-11-20 15:20:28,705 DEBUG    root            Loaded Command Group: ['gcloud', 'config', 'config_helper']
2023-11-20 15:20:28,706 DEBUG    root            Running [gcloud.config.config-helper] with arguments: [--format: "json"]
2023-11-20 15:20:28,722 DEBUG    google.auth.transport.requests Making request: POST https://oauth2.googleapis.com/token
2023-11-20 15:20:28,747 DEBUG    urllib3.connectionpool Starting new HTTPS connection (1): oauth2.googleapis.com:443
2023-11-20 15:20:28,899 DEBUG    urllib3.connectionpool https://oauth2.googleapis.com:443 "POST /token HTTP/1.1" 200 None
2023-11-20 15:20:28,902 DEBUG    root            Chosen display Format:default json
2023-11-20 15:20:28,903 INFO     root            Display format: "default json"
2023-11-20 15:20:28,903 INFO     ___FILE_ONLY___ {
  "configuration": {
    "active_configuration": "percona-cloud-dev",
    "properties": {
      "core": {
        "account": "inel.pandzic@percona.com",
        "disable_usage_reporting": "False",
        "project": "cloud-dev-112233"
      }
    }
  },
  "credential": {
    "access_token": "ya29.a0AfB_byBI_S8R6zy4b3MNhx6wBDq48q_EsC4JBkHBm3HwRjB0070uAiEMImTYZkbv96P90bYWl51HSPZL9vS1_MY-0bMAtphEhh1bLFGmHmfw8IgL8rdsZlmEqG6mzeOtqJ6CiMcaKPeHeVtEtFy74_o1KAN1gCkq89pm4ZTKVfpaaCgYKAYoSARESFQHGX2MiO4_PrbQjhssnL172_mWECQ0179",
    "id_token": "eyJhbGciOiJSUzI1NiIsImtpZCI6IjViMzcwNjk2MGUzZTYwMDI0YTI2NTVlNzhjZmE2M2Y4N2M5N2QzMDkiLCJ0eXAiOiJKV1QifQ.eyJpc3MiOiJodHRwczovL2FjY291bnRzLmdvb2dsZS5jb20iLCJhenAiOiIzMjU1NTk0MDU1OS5hcHBzLmdvb2dsZXVzZXJjb250ZW50LmNvbSIsImF1ZCI6IjMyNTU1OTQwNTU5LmFwcHMuZ29vZ2xldXNlcmNvbnRlbnQuY29tIiwic3ViIjoiMTA3NDA5ODEzMzQ0NTU5NDQzNDA3IiwiaGQiOiJwZXJjb25hLmNvbSIsImVtYWlsIjoiaW5lbC5wYW5kemljQHBlcmNvbmEuY29tIiwiZW1haWxfdmVyaWZpZWQiOnRydWUsImF0X2hhc2giOiI0VjRub3d6Ml9FMEtlX3pKb18yR0VRIiwiaWF0IjoxNzAwNDkwMDI4LCJleHAiOjE3MDA0OTM2Mjh9.vsXuFF0saB0N_YLD3KMdyb2vy-z1alnkET1y3I4_5IgDMY8HDa1cnEl5cGt1T0tN32d6b0zBXJdHuzE4AguikCA4fpXTM3X6ASDmI9FA62OluK3SfYSFCa3IK5GBj3ccB-MQqQGuYLhVIRAY-M04GcNcQaOTSsznfYzkOwLE_pYO6gAA0Syty3104Y8pEancRyr5CWU71xQz8dht_DFUEOeZRcWnud5kLaujayp5nyB2iO0X3E4HxnZU0p71pHr2juh-NPWAfNu8cK2YgCyeoqRTD5FZw6UFfgfn2WpYt3zM61QLovpgo9-Cd0h4-6a8F_xNgkZV-PBFOk3yoect5Q",
    "token_expiry": "2023-11-20T15:20:27Z"
  },
  "sentinels": {
    "config_sentinel": "/Users/inelpandzic/.config/gcloud/config_sentinel"
  }
}
2023-11-20 15:20:28,903 INFO     ___FILE_ONLY___ 

2023-11-20 15:20:28,908 DEBUG    root            Metrics reporting process started...
