2023-11-20 17:27:36,237 DEBUG    root            Loaded Command Group: ['gcloud', 'projects']
2023-11-20 17:27:36,239 DEBUG    root            Loaded Command Group: ['gcloud', 'projects', 'describe']
2023-11-20 17:27:36,240 DEBUG    root            Running [gcloud.projects.describe] with arguments: [--account: "inel.pandzic@percona.com", --configuration: "percona-cloud-dev", --format: "value(name)", PROJECT_ID_OR_NUMBER: "cloud-dev-112233"]
2023-11-20 17:27:36,259 DEBUG    urllib3.connectionpool Starting new HTTPS connection (1): cloudresourcemanager.googleapis.com:443
2023-11-20 17:27:36,266 DEBUG    root            Caught socket error, retrying: HTTPSConnectionPool(host='cloudresourcemanager.googleapis.com', port=443): Max retries exceeded with url: /v1/projects/cloud-dev-112233?alt=json (Caused by NewConnectionError('<urllib3.connection.HTTPSConnection object at 0x10564e810>: Failed to establish a new connection: [Errno 8] nodename nor servname provided, or not known'))
2023-11-20 17:27:36,266 DEBUG    root            Retrying request to url https://cloudresourcemanager.googleapis.com/v1/projects/cloud-dev-112233?alt=json after exception HTTPSConnectionPool(host='cloudresourcemanager.googleapis.com', port=443): Max retries exceeded with url: /v1/projects/cloud-dev-112233?alt=json (Caused by NewConnectionError('<urllib3.connection.HTTPSConnection object at 0x10564e810>: Failed to establish a new connection: [Errno 8] nodename nor servname provided, or not known'))
2023-11-20 17:27:37,973 DEBUG    urllib3.connectionpool Starting new HTTPS connection (1): cloudresourcemanager.googleapis.com:443
2023-11-20 17:27:37,978 DEBUG    root            Caught socket error, retrying: HTTPSConnectionPool(host='cloudresourcemanager.googleapis.com', port=443): Max retries exceeded with url: /v1/projects/cloud-dev-112233?alt=json (Caused by NewConnectionError('<urllib3.connection.HTTPSConnection object at 0x10579d010>: Failed to establish a new connection: [Errno 8] nodename nor servname provided, or not known'))
2023-11-20 17:27:37,978 DEBUG    root            Retrying request to url https://cloudresourcemanager.googleapis.com/v1/projects/cloud-dev-112233?alt=json after exception HTTPSConnectionPool(host='cloudresourcemanager.googleapis.com', port=443): Max retries exceeded with url: /v1/projects/cloud-dev-112233?alt=json (Caused by NewConnectionError('<urllib3.connection.HTTPSConnection object at 0x10579d010>: Failed to establish a new connection: [Errno 8] nodename nor servname provided, or not known'))
2023-11-20 17:27:41,136 DEBUG    urllib3.connectionpool Starting new HTTPS connection (1): cloudresourcemanager.googleapis.com:443
2023-11-20 17:27:41,138 DEBUG    root            Caught socket error, retrying: HTTPSConnectionPool(host='cloudresourcemanager.googleapis.com', port=443): Max retries exceeded with url: /v1/projects/cloud-dev-112233?alt=json (Caused by NewConnectionError('<urllib3.connection.HTTPSConnection object at 0x10579d010>: Failed to establish a new connection: [Errno 8] nodename nor servname provided, or not known'))
2023-11-20 17:27:41,139 DEBUG    root            Retrying request to url https://cloudresourcemanager.googleapis.com/v1/projects/cloud-dev-112233?alt=json after exception HTTPSConnectionPool(host='cloudresourcemanager.googleapis.com', port=443): Max retries exceeded with url: /v1/projects/cloud-dev-112233?alt=json (Caused by NewConnectionError('<urllib3.connection.HTTPSConnection object at 0x10579d010>: Failed to establish a new connection: [Errno 8] nodename nor servname provided, or not known'))
2023-11-20 17:40:14,153 DEBUG    urllib3.connectionpool Starting new HTTPS connection (1): cloudresourcemanager.googleapis.com:443
2023-11-20 17:40:14,156 DEBUG    root            Caught socket error, retrying: HTTPSConnectionPool(host='cloudresourcemanager.googleapis.com', port=443): Max retries exceeded with url: /v1/projects/cloud-dev-112233?alt=json (Caused by NewConnectionError('<urllib3.connection.HTTPSConnection object at 0x10579d010>: Failed to establish a new connection: [Errno 8] nodename nor servname provided, or not known'))
2023-11-20 17:40:14,156 DEBUG    root            Retrying request to url https://cloudresourcemanager.googleapis.com/v1/projects/cloud-dev-112233?alt=json after exception HTTPSConnectionPool(host='cloudresourcemanager.googleapis.com', port=443): Max retries exceeded with url: /v1/projects/cloud-dev-112233?alt=json (Caused by NewConnectionError('<urllib3.connection.HTTPSConnection object at 0x10579d010>: Failed to establish a new connection: [Errno 8] nodename nor servname provided, or not known'))
2023-11-20 17:41:18,603 DEBUG    urllib3.connectionpool Starting new HTTPS connection (1): cloudresourcemanager.googleapis.com:443
2023-11-20 17:41:19,472 DEBUG    urllib3.connectionpool https://cloudresourcemanager.googleapis.com:443 "GET /v1/projects/cloud-dev-112233?alt=json HTTP/1.1" 200 None
2023-11-20 17:41:19,480 DEBUG    root            Chosen display Format:default value(name)
2023-11-20 17:41:19,483 INFO     root            Display format: "default value(name)"
2023-11-20 17:41:19,485 INFO     ___FILE_ONLY___ cloud-dev

2023-11-20 17:41:19,499 DEBUG    root            Metrics reporting process started...
