2023-11-20 18:18:06,515 DEBUG    root            Loaded Command Group: ['gcloud', 'config']
2023-11-20 18:18:06,516 DEBUG    root            Loaded Command Group: ['gcloud', 'config', 'config_helper']
2023-11-20 18:18:06,517 DEBUG    root            Running [gcloud.config.config-helper] with arguments: [--format: "json"]
2023-11-20 18:18:06,551 DEBUG    google.auth.transport.requests Making request: POST https://oauth2.googleapis.com/token
2023-11-20 18:18:06,582 DEBUG    urllib3.connectionpool Starting new HTTPS connection (1): oauth2.googleapis.com:443
2023-11-20 18:18:06,759 DEBUG    urllib3.connectionpool https://oauth2.googleapis.com:443 "POST /token HTTP/1.1" 200 None
2023-11-20 18:18:06,772 DEBUG    root            Chosen display Format:default json
2023-11-20 18:18:06,772 INFO     root            Display format: "default json"
2023-11-20 18:18:06,773 INFO     ___FILE_ONLY___ {
  "configuration": {
    "active_configuration": "percona-cloud-dev",
    "properties": {
      "core": {
        "account": "inel.pandzic@percona.com",
        "disable_usage_reporting": "False",
        "project": "cloud-dev-112233"
      }
    }
  },
  "credential": {
    "access_token": "ya29.a0AfB_byDS4580kVDjgwW-9whMGIueCDx24OVvBwrhYgB3HSmwgh6GI6HtlTEx_OZ_k2O-qYgWwi2tK-hYOipA75tB_VXUiWZ56akp6ve8U3FddJgWuxFP2bfZdYYgSN97ydBAM83ntFdGeK_LKrC48yZXL_t7XPLhg0CvJW2C4231aCgYKAcYSARESFQHGX2MiA5dgOTjLcReyySjl_1N1jg0179",
    "id_token": "eyJhbGciOiJSUzI1NiIsImtpZCI6IjViMzcwNjk2MGUzZTYwMDI0YTI2NTVlNzhjZmE2M2Y4N2M5N2QzMDkiLCJ0eXAiOiJKV1QifQ.eyJpc3MiOiJodHRwczovL2FjY291bnRzLmdvb2dsZS5jb20iLCJhenAiOiIzMjU1NTk0MDU1OS5hcHBzLmdvb2dsZXVzZXJjb250ZW50LmNvbSIsImF1ZCI6IjMyNTU1OTQwNTU5LmFwcHMuZ29vZ2xldXNlcmNvbnRlbnQuY29tIiwic3ViIjoiMTA3NDA5ODEzMzQ0NTU5NDQzNDA3IiwiaGQiOiJwZXJjb25hLmNvbSIsImVtYWlsIjoiaW5lbC5wYW5kemljQHBlcmNvbmEuY29tIiwiZW1haWxfdmVyaWZpZWQiOnRydWUsImF0X2hhc2giOiJxX1ZVNEpZQklIS09PblVkZklVellBIiwiaWF0IjoxNzAwNTAwNjg2LCJleHAiOjE3MDA1MDQyODZ9.HMeSSfkfF0ULnCzJQNI_iSV6GplPCYjqrnxhkd6hV2O8LC9fTtp3c7-yjqRhZThNCmd6_pcERCYOCZlq0sQSOBrwu4oVfrx8Aojkx_UANEdNK8fXp99Fg_0VnFIydC0aGqLA1WdhkTD9CTMTx9Loy0JeiX7WAW0wk4FlHYf0cIsv25OxTwkUQtk-XoPqxH6dojuVbemkjxoytI0Fw2KwA6ObDXTmvXyzwxujMWhFRyggA2NGr1CiwuZolm-7KeHYj8N6nqcMuqsga1R69W5GklTzhd9S9LkDCb2NV-WXQz2g6rEMXBAtc9YN6XaMjxPIhBM6_kDWc68Xb7_ajfiFug",
    "token_expiry": "2023-11-20T18:18:05Z"
  },
  "sentinels": {
    "config_sentinel": "/Users/inelpandzic/.config/gcloud/config_sentinel"
  }
}
2023-11-20 18:18:06,773 INFO     ___FILE_ONLY___ 

2023-11-20 18:18:06,786 DEBUG    root            Metrics reporting process started...
