2023-11-20 19:23:58,385 DEBUG    root            Loaded Command Group: ['gcloud', 'config']
2023-11-20 19:23:58,387 DEBUG    root            Loaded Command Group: ['gcloud', 'config', 'config_helper']
2023-11-20 19:23:58,388 DEBUG    root            Running [gcloud.config.config-helper] with arguments: [--format: "json"]
2023-11-20 19:23:58,415 DEBUG    google.auth.transport.requests Making request: POST https://oauth2.googleapis.com/token
2023-11-20 19:23:58,431 DEBUG    urllib3.connectionpool Starting new HTTPS connection (1): oauth2.googleapis.com:443
2023-11-20 19:23:58,590 DEBUG    urllib3.connectionpool https://oauth2.googleapis.com:443 "POST /token HTTP/1.1" 200 None
2023-11-20 19:23:58,597 DEBUG    root            Chosen display Format:default json
2023-11-20 19:23:58,597 INFO     root            Display format: "default json"
2023-11-20 19:23:58,598 INFO     ___FILE_ONLY___ {
  "configuration": {
    "active_configuration": "percona-cloud-dev",
    "properties": {
      "core": {
        "account": "inel.pandzic@percona.com",
        "disable_usage_reporting": "False",
        "project": "cloud-dev-112233"
      }
    }
  },
  "credential": {
    "access_token": "ya29.a0AfB_byAnfy5xaSoPXsKP_6eLhmh5OoPtJhO7ubi0w3wg7Vfn_kbdB2oLiAKKHIYqnUGoMN5HF68moi3Mv-wQ4A8BBiNqXwR8yFkNL-JytLzk2Pq7-JJAH4QP56ChZ0e8yJYZ_6t7-V_lepoTseBS-TeXzrCalpmDYf0gYwpLJTziaCgYKAekSARESFQHGX2MilX6XLSZb3HLGVrMfZZFgsQ0179",
    "id_token": "eyJhbGciOiJSUzI1NiIsImtpZCI6IjViMzcwNjk2MGUzZTYwMDI0YTI2NTVlNzhjZmE2M2Y4N2M5N2QzMDkiLCJ0eXAiOiJKV1QifQ.eyJpc3MiOiJodHRwczovL2FjY291bnRzLmdvb2dsZS5jb20iLCJhenAiOiIzMjU1NTk0MDU1OS5hcHBzLmdvb2dsZXVzZXJjb250ZW50LmNvbSIsImF1ZCI6IjMyNTU1OTQwNTU5LmFwcHMuZ29vZ2xldXNlcmNvbnRlbnQuY29tIiwic3ViIjoiMTA3NDA5ODEzMzQ0NTU5NDQzNDA3IiwiaGQiOiJwZXJjb25hLmNvbSIsImVtYWlsIjoiaW5lbC5wYW5kemljQHBlcmNvbmEuY29tIiwiZW1haWxfdmVyaWZpZWQiOnRydWUsImF0X2hhc2giOiJQQ1hObjFFdmcyNllQUW9NU0NpMTdnIiwiaWF0IjoxNzAwNTA0NjM4LCJleHAiOjE3MDA1MDgyMzh9.296P2sVihu2o2-zGbMPFZdvkB6Yq_H70HFOkdQSFjpiL0ql7vRoHZcT86_1a9nWiR_yTSD9lqB3r0dQMB5yctuoal67X7vyZdgG48CshEqdXSEQtUHvrZUu_KeWExWRCYGMoijU_zFhuUnblIpkbWOYMpV2CUN-xwDxQJ0_Mok694vpq37rntnb25tY5uXnE0MXA5OhkNOodN5Fo4NXpFlNwkc0dG09vafJ9qahSuxXcgxaJTecxYkWHnARd89HiRnlxsUglH3G2weslqYq1almXvgTF-APga0r-q4J-8UrUc4B4ba9EhAiY-HXpBxqoMriVaIys8gpCzMTUhzu3-A",
    "token_expiry": "2023-11-20T19:23:57Z"
  },
  "sentinels": {
    "config_sentinel": "/Users/inelpandzic/.config/gcloud/config_sentinel"
  }
}
2023-11-20 19:23:58,598 INFO     ___FILE_ONLY___ 

2023-11-20 19:23:58,607 DEBUG    root            Metrics reporting process started...
