2022-10-26 10:20:48,814 DEBUG    root            Loaded Command Group: ['gcloud', 'config']
2022-10-26 10:20:48,817 DEBUG    root            Loaded Command Group: ['gcloud', 'config', 'config_helper']
2022-10-26 10:20:48,817 DEBUG    root            Running [gcloud.config.config-helper] with arguments: [--format: "json"]
2022-10-26 10:20:48,829 INFO     root            Display format: "default json"
2022-10-26 10:20:48,829 INFO     ___FILE_ONLY___ {
  "configuration": {
    "active_configuration": "percona-cloud-dev",
    "properties": {
      "core": {
        "account": "inel.pandzic@percona.com",
        "disable_usage_reporting": "False",
        "project": "cloud-dev-112233"
      }
    }
  },
  "credential": {
    "access_token": "ya29.a0Aa4xrXOqP7h1ZMX5Hsp5x-DtZU6sm5WP329ovCZ4btoPJla4J3RJus7hZ8f7doziStAs2tMQpgGn7oyLlyEUWR2a9bufRb2rRq1p2X0h2wEgpe0hlz7DKMveeQrfuhJ0jL5Lc-9pk58_ik7zlbfXAO5S2YKRBKd3irzfjzUaCgYKATASAQ4SFQEjDvL9KTbBQHVxPhTyawQSmA_4XA0174",
    "id_token": "eyJhbGciOiJSUzI1NiIsImtpZCI6ImVlMWI5Zjg4Y2ZlMzE1MWRkZDI4NGE2MWJmOGNlY2Y2NTliMTMwY2YiLCJ0eXAiOiJKV1QifQ.eyJpc3MiOiJodHRwczovL2FjY291bnRzLmdvb2dsZS5jb20iLCJhenAiOiIzMjU1NTk0MDU1OS5hcHBzLmdvb2dsZXVzZXJjb250ZW50LmNvbSIsImF1ZCI6IjMyNTU1OTQwNTU5LmFwcHMuZ29vZ2xldXNlcmNvbnRlbnQuY29tIiwic3ViIjoiMTA3NDA5ODEzMzQ0NTU5NDQzNDA3IiwiaGQiOiJwZXJjb25hLmNvbSIsImVtYWlsIjoiaW5lbC5wYW5kemljQHBlcmNvbmEuY29tIiwiZW1haWxfdmVyaWZpZWQiOnRydWUsImF0X2hhc2giOiJNem84OGlnOEhvUjBjMVV6OW4ySnNnIiwiaWF0IjoxNjY2NzcwMDE0LCJleHAiOjE2NjY3NzM2MTR9.LUnKKVB8psTIlAqu89dfI4JUTQGleFkyXpiIOzuSZv1YZmM-kFnUQgKqa1x-9SXrTMoiPK42WMZRrbltjFj-FbBLFMlorWhHOuDCFJLF7TSlc-4tl0mnTX_sugnniS_4vGMLrqhvULdJCjzRVLacdLy2SxxG51-lHTdRwZRyUq3sN-G2m3Wl3BxSRjsOdzKkyiUeHwBBAqTvIsHdSRbxCUqGXOKktLLSjVsPyyEmrJ0oRE91mXNGAZ6iRS5pHBqdQ06ZC3hH7Gyo4KI1ZgwnJM4UEs8U8xsTwl5KOOg6-7-FmntjFW9ij1h9yh1-qLRrtn3ULjryZ2fg3VXme2rUOw",
    "token_expiry": "2022-10-26T08:40:13Z"
  },
  "sentinels": {
    "config_sentinel": "/Users/inelpandzic/.config/gcloud/config_sentinel"
  }
}
2022-10-26 10:20:48,829 INFO     ___FILE_ONLY___ 

2022-10-26 10:20:48,842 DEBUG    root            Metrics reporting process started...
