2022-10-26 11:44:39,893 DEBUG    root            Loaded Command Group: ['gcloud', 'container', 'clusters']
2022-10-26 11:44:39,895 DEBUG    root            Loaded Command Group: ['gcloud', 'container', 'clusters', 'list']
2022-10-26 11:44:39,919 DEBUG    root            Running [gcloud.container.clusters.list] with arguments: []
2022-10-26 11:44:39,978 DEBUG    urllib3.connectionpool Starting new HTTPS connection (1): container.googleapis.com:443
2022-10-26 11:44:40,622 DEBUG    urllib3.connectionpool https://container.googleapis.com:443 "GET /v1/projects/cloud-dev-112233/locations/-/clusters?alt=json HTTP/1.1" 200 None
2022-10-26 11:44:40,749 INFO     root            Display format: "
    table(
        name,
        zone:label=LOCATION,
        master_version():label=MASTER_VERSION,
        endpoint:label=MASTER_IP,
        nodePools[0].config.machineType,
        currentNodeVersion:label=NODE_VERSION,
        firstof(currentNodeCount,initialNodeCount):label=NUM_NODES,
        status
    )
"
2022-10-26 11:44:40,802 INFO     ___FILE_ONLY___ NAME
2022-10-26 11:44:40,803 INFO     ___FILE_ONLY___                             
2022-10-26 11:44:40,803 INFO     ___FILE_ONLY___ LOCATION
2022-10-26 11:44:40,803 INFO     ___FILE_ONLY___         
2022-10-26 11:44:40,803 INFO     ___FILE_ONLY___ MASTER_VERSION
2022-10-26 11:44:40,803 INFO     ___FILE_ONLY___     
2022-10-26 11:44:40,803 INFO     ___FILE_ONLY___ MASTER_IP
2022-10-26 11:44:40,803 INFO     ___FILE_ONLY___        
2022-10-26 11:44:40,803 INFO     ___FILE_ONLY___ MACHINE_TYPE
2022-10-26 11:44:40,803 INFO     ___FILE_ONLY___    
2022-10-26 11:44:40,803 INFO     ___FILE_ONLY___ NODE_VERSION
2022-10-26 11:44:40,803 INFO     ___FILE_ONLY___       
2022-10-26 11:44:40,803 INFO     ___FILE_ONLY___ NUM_NODES
2022-10-26 11:44:40,803 INFO     ___FILE_ONLY___   
2022-10-26 11:44:40,803 INFO     ___FILE_ONLY___ STATUS
2022-10-26 11:44:40,803 INFO     ___FILE_ONLY___ 

2022-10-26 11:44:40,803 INFO     ___FILE_ONLY___ ondrei-8728
2022-10-26 11:44:40,803 INFO     ___FILE_ONLY___                      
2022-10-26 11:44:40,803 INFO     ___FILE_ONLY___ europe-west1-c
2022-10-26 11:44:40,803 INFO     ___FILE_ONLY___   
2022-10-26 11:44:40,803 INFO     ___FILE_ONLY___ 1.21.14-gke.7100
2022-10-26 11:44:40,803 INFO     ___FILE_ONLY___   
2022-10-26 11:44:40,803 INFO     ___FILE_ONLY___ 35.205.162.69
2022-10-26 11:44:40,803 INFO     ___FILE_ONLY___    
2022-10-26 11:44:40,803 INFO     ___FILE_ONLY___ n1-standard-4
2022-10-26 11:44:40,803 INFO     ___FILE_ONLY___   
2022-10-26 11:44:40,803 INFO     ___FILE_ONLY___ 1.21.14-gke.7100
2022-10-26 11:44:40,803 INFO     ___FILE_ONLY___   
2022-10-26 11:44:40,803 INFO     ___FILE_ONLY___ 3
2022-10-26 11:44:40,803 INFO     ___FILE_ONLY___           
2022-10-26 11:44:40,803 INFO     ___FILE_ONLY___ RUNNING
2022-10-26 11:44:40,803 INFO     ___FILE_ONLY___ 

2022-10-26 11:44:40,803 INFO     ___FILE_ONLY___ ege-10903
2022-10-26 11:44:40,803 INFO     ___FILE_ONLY___                        
2022-10-26 11:44:40,803 INFO     ___FILE_ONLY___ europe-west3
2022-10-26 11:44:40,803 INFO     ___FILE_ONLY___     
2022-10-26 11:44:40,803 INFO     ___FILE_ONLY___ 1.25.1-gke.500
2022-10-26 11:44:40,803 INFO     ___FILE_ONLY___     
2022-10-26 11:44:40,803 INFO     ___FILE_ONLY___ 34.159.252.223
2022-10-26 11:44:40,803 INFO     ___FILE_ONLY___   
2022-10-26 11:44:40,803 INFO     ___FILE_ONLY___ n1-standard-4
2022-10-26 11:44:40,804 INFO     ___FILE_ONLY___   
2022-10-26 11:44:40,804 INFO     ___FILE_ONLY___ 1.25.1-gke.500
2022-10-26 11:44:40,804 INFO     ___FILE_ONLY___     
2022-10-26 11:44:40,804 INFO     ___FILE_ONLY___ 3
2022-10-26 11:44:40,804 INFO     ___FILE_ONLY___           
2022-10-26 11:44:40,804 INFO     ___FILE_ONLY___ RUNNING
2022-10-26 11:44:40,804 INFO     ___FILE_ONLY___ 

2022-10-26 11:44:40,804 INFO     ___FILE_ONLY___ slava-pxc
2022-10-26 11:44:40,804 INFO     ___FILE_ONLY___                        
2022-10-26 11:44:40,804 INFO     ___FILE_ONLY___ europe-west3-a
2022-10-26 11:44:40,804 INFO     ___FILE_ONLY___   
2022-10-26 11:44:40,804 INFO     ___FILE_ONLY___ 1.23.12-gke.100
2022-10-26 11:44:40,804 INFO     ___FILE_ONLY___    
2022-10-26 11:44:40,804 INFO     ___FILE_ONLY___ 35.198.76.28
2022-10-26 11:44:40,804 INFO     ___FILE_ONLY___     
2022-10-26 11:44:40,804 INFO     ___FILE_ONLY___ n1-standard-4
2022-10-26 11:44:40,804 INFO     ___FILE_ONLY___   
2022-10-26 11:44:40,804 INFO     ___FILE_ONLY___ 1.23.12-gke.100
2022-10-26 11:44:40,804 INFO     ___FILE_ONLY___    
2022-10-26 11:44:40,804 INFO     ___FILE_ONLY___ 3
2022-10-26 11:44:40,804 INFO     ___FILE_ONLY___           
2022-10-26 11:44:40,804 INFO     ___FILE_ONLY___ RUNNING
2022-10-26 11:44:40,804 INFO     ___FILE_ONLY___ 

2022-10-26 11:44:40,804 INFO     ___FILE_ONLY___ inel-9557
2022-10-26 11:44:40,804 INFO     ___FILE_ONLY___                        
2022-10-26 11:44:40,804 INFO     ___FILE_ONLY___ europe-west3-b
2022-10-26 11:44:40,804 INFO     ___FILE_ONLY___   
2022-10-26 11:44:40,804 INFO     ___FILE_ONLY___ 1.21.14-gke.7100
2022-10-26 11:44:40,804 INFO     ___FILE_ONLY___   
2022-10-26 11:44:40,804 INFO     ___FILE_ONLY___ 34.159.250.59
2022-10-26 11:44:40,804 INFO     ___FILE_ONLY___    
2022-10-26 11:44:40,804 INFO     ___FILE_ONLY___ n1-standard-4
2022-10-26 11:44:40,804 INFO     ___FILE_ONLY___   
2022-10-26 11:44:40,804 INFO     ___FILE_ONLY___ 1.21.14-gke.7100
2022-10-26 11:44:40,804 INFO     ___FILE_ONLY___   
2022-10-26 11:44:40,804 INFO     ___FILE_ONLY___ 3
2022-10-26 11:44:40,804 INFO     ___FILE_ONLY___           
2022-10-26 11:44:40,804 INFO     ___FILE_ONLY___ RUNNING
2022-10-26 11:44:40,804 INFO     ___FILE_ONLY___ 

2022-10-26 11:44:40,804 INFO     ___FILE_ONLY___ max-30844
2022-10-26 11:44:40,804 INFO     ___FILE_ONLY___                        
2022-10-26 11:44:40,804 INFO     ___FILE_ONLY___ europe-west3-b
2022-10-26 11:44:40,804 INFO     ___FILE_ONLY___   
2022-10-26 11:44:40,804 INFO     ___FILE_ONLY___ 1.21.14-gke.2700
2022-10-26 11:44:40,805 INFO     ___FILE_ONLY___   
2022-10-26 11:44:40,805 INFO     ___FILE_ONLY___ 35.246.193.17
2022-10-26 11:44:40,805 INFO     ___FILE_ONLY___    
2022-10-26 11:44:40,805 INFO     ___FILE_ONLY___ n1-standard-4
2022-10-26 11:44:40,805 INFO     ___FILE_ONLY___   
2022-10-26 11:44:40,805 INFO     ___FILE_ONLY___ 1.21.14-gke.2700
2022-10-26 11:44:40,805 INFO     ___FILE_ONLY___   
2022-10-26 11:44:40,805 INFO     ___FILE_ONLY___ 3
2022-10-26 11:44:40,805 INFO     ___FILE_ONLY___           
2022-10-26 11:44:40,805 INFO     ___FILE_ONLY___ RUNNING
2022-10-26 11:44:40,805 INFO     ___FILE_ONLY___ 

2022-10-26 11:44:40,805 INFO     ___FILE_ONLY___ jenkins-pxc-618ff389-cluster4
2022-10-26 11:44:40,805 INFO     ___FILE_ONLY___    
2022-10-26 11:44:40,805 INFO     ___FILE_ONLY___ us-central1-a
2022-10-26 11:44:40,805 INFO     ___FILE_ONLY___    
2022-10-26 11:44:40,805 INFO     ___FILE_ONLY___ 1.21.14-gke.7100
2022-10-26 11:44:40,805 INFO     ___FILE_ONLY___   
2022-10-26 11:44:40,805 INFO     ___FILE_ONLY___ 104.197.174.17
2022-10-26 11:44:40,805 INFO     ___FILE_ONLY___   
2022-10-26 11:44:40,805 INFO     ___FILE_ONLY___ n1-standard-4
2022-10-26 11:44:40,805 INFO     ___FILE_ONLY___   
2022-10-26 11:44:40,805 INFO     ___FILE_ONLY___ 1.21.14-gke.7100
2022-10-26 11:44:40,805 INFO     ___FILE_ONLY___   
2022-10-26 11:44:40,805 INFO     ___FILE_ONLY___ 3
2022-10-26 11:44:40,805 INFO     ___FILE_ONLY___           
2022-10-26 11:44:40,805 INFO     ___FILE_ONLY___ RUNNING
2022-10-26 11:44:40,805 INFO     ___FILE_ONLY___ 

2022-10-26 11:44:40,805 INFO     ___FILE_ONLY___ jenkins-pxc-62f4bb33-cluster1
2022-10-26 11:44:40,805 INFO     ___FILE_ONLY___    
2022-10-26 11:44:40,805 INFO     ___FILE_ONLY___ us-central1-a
2022-10-26 11:44:40,805 INFO     ___FILE_ONLY___    
2022-10-26 11:44:40,805 INFO     ___FILE_ONLY___ 1.21.14-gke.7100
2022-10-26 11:44:40,805 INFO     ___FILE_ONLY___   
2022-10-26 11:44:40,805 INFO     ___FILE_ONLY___ 34.68.141.10
2022-10-26 11:44:40,805 INFO     ___FILE_ONLY___     
2022-10-26 11:44:40,805 INFO     ___FILE_ONLY___ n1-standard-4
2022-10-26 11:44:40,805 INFO     ___FILE_ONLY___   
2022-10-26 11:44:40,805 INFO     ___FILE_ONLY___ 1.21.14-gke.7100
2022-10-26 11:44:40,805 INFO     ___FILE_ONLY___   
2022-10-26 11:44:40,805 INFO     ___FILE_ONLY___ 3
2022-10-26 11:44:40,805 INFO     ___FILE_ONLY___           
2022-10-26 11:44:40,805 INFO     ___FILE_ONLY___ RUNNING
2022-10-26 11:44:40,805 INFO     ___FILE_ONLY___ 

2022-10-26 11:44:40,805 INFO     ___FILE_ONLY___ jenkins-pxc-62f4bb33-cluster10
2022-10-26 11:44:40,805 INFO     ___FILE_ONLY___   
2022-10-26 11:44:40,805 INFO     ___FILE_ONLY___ us-central1-a
2022-10-26 11:44:40,805 INFO     ___FILE_ONLY___    
2022-10-26 11:44:40,805 INFO     ___FILE_ONLY___ 1.21.14-gke.7100
2022-10-26 11:44:40,805 INFO     ___FILE_ONLY___   
2022-10-26 11:44:40,806 INFO     ___FILE_ONLY___ 35.192.168.10
2022-10-26 11:44:40,806 INFO     ___FILE_ONLY___    
2022-10-26 11:44:40,806 INFO     ___FILE_ONLY___ n1-standard-4
2022-10-26 11:44:40,806 INFO     ___FILE_ONLY___   
2022-10-26 11:44:40,806 INFO     ___FILE_ONLY___ 1.21.14-gke.7100
2022-10-26 11:44:40,806 INFO     ___FILE_ONLY___   
2022-10-26 11:44:40,806 INFO     ___FILE_ONLY___ 3
2022-10-26 11:44:40,806 INFO     ___FILE_ONLY___           
2022-10-26 11:44:40,806 INFO     ___FILE_ONLY___ RUNNING
2022-10-26 11:44:40,806 INFO     ___FILE_ONLY___ 

2022-10-26 11:44:40,806 INFO     ___FILE_ONLY___ jenkins-pxc-62f4bb33-cluster11
2022-10-26 11:44:40,806 INFO     ___FILE_ONLY___   
2022-10-26 11:44:40,806 INFO     ___FILE_ONLY___ us-central1-a
2022-10-26 11:44:40,806 INFO     ___FILE_ONLY___    
2022-10-26 11:44:40,806 INFO     ___FILE_ONLY___ 1.21.14-gke.7100
2022-10-26 11:44:40,806 INFO     ___FILE_ONLY___   
2022-10-26 11:44:40,806 INFO     ___FILE_ONLY___ 34.171.186.46
2022-10-26 11:44:40,806 INFO     ___FILE_ONLY___    
2022-10-26 11:44:40,806 INFO     ___FILE_ONLY___ n1-standard-4
2022-10-26 11:44:40,806 INFO     ___FILE_ONLY___   
2022-10-26 11:44:40,806 INFO     ___FILE_ONLY___ 1.21.14-gke.7100
2022-10-26 11:44:40,806 INFO     ___FILE_ONLY___   
2022-10-26 11:44:40,806 INFO     ___FILE_ONLY___ 3
2022-10-26 11:44:40,806 INFO     ___FILE_ONLY___           
2022-10-26 11:44:40,806 INFO     ___FILE_ONLY___ RUNNING
2022-10-26 11:44:40,806 INFO     ___FILE_ONLY___ 

2022-10-26 11:44:40,806 INFO     ___FILE_ONLY___ jenkins-pxc-62f4bb33-cluster12
2022-10-26 11:44:40,806 INFO     ___FILE_ONLY___   
2022-10-26 11:44:40,806 INFO     ___FILE_ONLY___ us-central1-a
2022-10-26 11:44:40,806 INFO     ___FILE_ONLY___    
2022-10-26 11:44:40,806 INFO     ___FILE_ONLY___ 1.21.14-gke.7100
2022-10-26 11:44:40,806 INFO     ___FILE_ONLY___   
2022-10-26 11:44:40,806 INFO     ___FILE_ONLY___ 104.198.148.74
2022-10-26 11:44:40,806 INFO     ___FILE_ONLY___   
2022-10-26 11:44:40,806 INFO     ___FILE_ONLY___ n1-standard-4
2022-10-26 11:44:40,806 INFO     ___FILE_ONLY___   
2022-10-26 11:44:40,806 INFO     ___FILE_ONLY___ 1.21.14-gke.7100
2022-10-26 11:44:40,806 INFO     ___FILE_ONLY___   
2022-10-26 11:44:40,806 INFO     ___FILE_ONLY___ 3
2022-10-26 11:44:40,806 INFO     ___FILE_ONLY___           
2022-10-26 11:44:40,806 INFO     ___FILE_ONLY___ RUNNING
2022-10-26 11:44:40,806 INFO     ___FILE_ONLY___ 

2022-10-26 11:44:40,806 INFO     ___FILE_ONLY___ jenkins-pxc-62f4bb33-cluster13
2022-10-26 11:44:40,806 INFO     ___FILE_ONLY___   
2022-10-26 11:44:40,806 INFO     ___FILE_ONLY___ us-central1-a
2022-10-26 11:44:40,806 INFO     ___FILE_ONLY___    
2022-10-26 11:44:40,806 INFO     ___FILE_ONLY___ 1.21.14-gke.7100
2022-10-26 11:44:40,806 INFO     ___FILE_ONLY___   
2022-10-26 11:44:40,806 INFO     ___FILE_ONLY___ 35.192.198.222
2022-10-26 11:44:40,806 INFO     ___FILE_ONLY___   
2022-10-26 11:44:40,806 INFO     ___FILE_ONLY___ n1-standard-4
2022-10-26 11:44:40,806 INFO     ___FILE_ONLY___   
2022-10-26 11:44:40,807 INFO     ___FILE_ONLY___ 1.21.14-gke.7100
2022-10-26 11:44:40,807 INFO     ___FILE_ONLY___   
2022-10-26 11:44:40,807 INFO     ___FILE_ONLY___ 3
2022-10-26 11:44:40,807 INFO     ___FILE_ONLY___           
2022-10-26 11:44:40,807 INFO     ___FILE_ONLY___ RUNNING
2022-10-26 11:44:40,807 INFO     ___FILE_ONLY___ 

2022-10-26 11:44:40,807 INFO     ___FILE_ONLY___ jenkins-pxc-62f4bb33-cluster14
2022-10-26 11:44:40,807 INFO     ___FILE_ONLY___   
2022-10-26 11:44:40,807 INFO     ___FILE_ONLY___ us-central1-a
2022-10-26 11:44:40,807 INFO     ___FILE_ONLY___    
2022-10-26 11:44:40,807 INFO     ___FILE_ONLY___ 1.21.14-gke.7100
2022-10-26 11:44:40,807 INFO     ___FILE_ONLY___   
2022-10-26 11:44:40,807 INFO     ___FILE_ONLY___ 104.154.98.199
2022-10-26 11:44:40,807 INFO     ___FILE_ONLY___   
2022-10-26 11:44:40,807 INFO     ___FILE_ONLY___ n1-standard-4
2022-10-26 11:44:40,807 INFO     ___FILE_ONLY___   
2022-10-26 11:44:40,807 INFO     ___FILE_ONLY___ 1.21.14-gke.7100
2022-10-26 11:44:40,807 INFO     ___FILE_ONLY___   
2022-10-26 11:44:40,807 INFO     ___FILE_ONLY___ 3
2022-10-26 11:44:40,807 INFO     ___FILE_ONLY___           
2022-10-26 11:44:40,807 INFO     ___FILE_ONLY___ RUNNING
2022-10-26 11:44:40,807 INFO     ___FILE_ONLY___ 

2022-10-26 11:44:40,807 INFO     ___FILE_ONLY___ jenkins-pxc-62f4bb33-cluster15
2022-10-26 11:44:40,807 INFO     ___FILE_ONLY___   
2022-10-26 11:44:40,807 INFO     ___FILE_ONLY___ us-central1-a
2022-10-26 11:44:40,807 INFO     ___FILE_ONLY___    
2022-10-26 11:44:40,807 INFO     ___FILE_ONLY___ 1.21.14-gke.7100
2022-10-26 11:44:40,807 INFO     ___FILE_ONLY___   
2022-10-26 11:44:40,807 INFO     ___FILE_ONLY___ 35.188.136.2
2022-10-26 11:44:40,807 INFO     ___FILE_ONLY___     
2022-10-26 11:44:40,807 INFO     ___FILE_ONLY___ n1-standard-4
2022-10-26 11:44:40,807 INFO     ___FILE_ONLY___   
2022-10-26 11:44:40,807 INFO     ___FILE_ONLY___ 1.21.14-gke.7100
2022-10-26 11:44:40,807 INFO     ___FILE_ONLY___   
2022-10-26 11:44:40,807 INFO     ___FILE_ONLY___ 3
2022-10-26 11:44:40,807 INFO     ___FILE_ONLY___           
2022-10-26 11:44:40,807 INFO     ___FILE_ONLY___ RUNNING
2022-10-26 11:44:40,807 INFO     ___FILE_ONLY___ 

2022-10-26 11:44:40,807 INFO     ___FILE_ONLY___ jenkins-pxc-62f4bb33-cluster2
2022-10-26 11:44:40,807 INFO     ___FILE_ONLY___    
2022-10-26 11:44:40,807 INFO     ___FILE_ONLY___ us-central1-a
2022-10-26 11:44:40,807 INFO     ___FILE_ONLY___    
2022-10-26 11:44:40,807 INFO     ___FILE_ONLY___ 1.21.14-gke.7100
2022-10-26 11:44:40,807 INFO     ___FILE_ONLY___   
2022-10-26 11:44:40,807 INFO     ___FILE_ONLY___ 34.133.81.129
2022-10-26 11:44:40,807 INFO     ___FILE_ONLY___    
2022-10-26 11:44:40,807 INFO     ___FILE_ONLY___ n1-standard-4
2022-10-26 11:44:40,807 INFO     ___FILE_ONLY___   
2022-10-26 11:44:40,807 INFO     ___FILE_ONLY___ 1.21.14-gke.7100
2022-10-26 11:44:40,807 INFO     ___FILE_ONLY___   
2022-10-26 11:44:40,808 INFO     ___FILE_ONLY___ 3
2022-10-26 11:44:40,808 INFO     ___FILE_ONLY___           
2022-10-26 11:44:40,808 INFO     ___FILE_ONLY___ RUNNING
2022-10-26 11:44:40,808 INFO     ___FILE_ONLY___ 

2022-10-26 11:44:40,808 INFO     ___FILE_ONLY___ jenkins-pxc-62f4bb33-cluster3
2022-10-26 11:44:40,808 INFO     ___FILE_ONLY___    
2022-10-26 11:44:40,808 INFO     ___FILE_ONLY___ us-central1-a
2022-10-26 11:44:40,808 INFO     ___FILE_ONLY___    
2022-10-26 11:44:40,808 INFO     ___FILE_ONLY___ 1.21.14-gke.7100
2022-10-26 11:44:40,808 INFO     ___FILE_ONLY___   
2022-10-26 11:44:40,808 INFO     ___FILE_ONLY___ 35.225.250.255
2022-10-26 11:44:40,808 INFO     ___FILE_ONLY___   
2022-10-26 11:44:40,808 INFO     ___FILE_ONLY___ n1-standard-4
2022-10-26 11:44:40,808 INFO     ___FILE_ONLY___   
2022-10-26 11:44:40,808 INFO     ___FILE_ONLY___ 1.21.14-gke.7100
2022-10-26 11:44:40,808 INFO     ___FILE_ONLY___   
2022-10-26 11:44:40,808 INFO     ___FILE_ONLY___ 3
2022-10-26 11:44:40,808 INFO     ___FILE_ONLY___           
2022-10-26 11:44:40,808 INFO     ___FILE_ONLY___ RUNNING
2022-10-26 11:44:40,808 INFO     ___FILE_ONLY___ 

2022-10-26 11:44:40,808 INFO     ___FILE_ONLY___ jenkins-pxc-62f4bb33-cluster4
2022-10-26 11:44:40,808 INFO     ___FILE_ONLY___    
2022-10-26 11:44:40,808 INFO     ___FILE_ONLY___ us-central1-a
2022-10-26 11:44:40,808 INFO     ___FILE_ONLY___    
2022-10-26 11:44:40,808 INFO     ___FILE_ONLY___ 1.21.14-gke.7100
2022-10-26 11:44:40,808 INFO     ___FILE_ONLY___   
2022-10-26 11:44:40,808 INFO     ___FILE_ONLY___ 35.232.106.15
2022-10-26 11:44:40,808 INFO     ___FILE_ONLY___    
2022-10-26 11:44:40,808 INFO     ___FILE_ONLY___ n1-standard-4
2022-10-26 11:44:40,808 INFO     ___FILE_ONLY___   
2022-10-26 11:44:40,808 INFO     ___FILE_ONLY___ 1.21.14-gke.7100
2022-10-26 11:44:40,808 INFO     ___FILE_ONLY___   
2022-10-26 11:44:40,808 INFO     ___FILE_ONLY___ 3
2022-10-26 11:44:40,808 INFO     ___FILE_ONLY___           
2022-10-26 11:44:40,808 INFO     ___FILE_ONLY___ RUNNING
2022-10-26 11:44:40,808 INFO     ___FILE_ONLY___ 

2022-10-26 11:44:40,808 INFO     ___FILE_ONLY___ jenkins-pxc-62f4bb33-cluster5
2022-10-26 11:44:40,808 INFO     ___FILE_ONLY___    
2022-10-26 11:44:40,808 INFO     ___FILE_ONLY___ us-central1-a
2022-10-26 11:44:40,808 INFO     ___FILE_ONLY___    
2022-10-26 11:44:40,808 INFO     ___FILE_ONLY___ 1.21.14-gke.7100
2022-10-26 11:44:40,808 INFO     ___FILE_ONLY___   
2022-10-26 11:44:40,808 INFO     ___FILE_ONLY___ 34.72.235.243
2022-10-26 11:44:40,808 INFO     ___FILE_ONLY___    
2022-10-26 11:44:40,808 INFO     ___FILE_ONLY___ n1-standard-4
2022-10-26 11:44:40,808 INFO     ___FILE_ONLY___   
2022-10-26 11:44:40,808 INFO     ___FILE_ONLY___ 1.21.14-gke.7100
2022-10-26 11:44:40,809 INFO     ___FILE_ONLY___   
2022-10-26 11:44:40,809 INFO     ___FILE_ONLY___ 3
2022-10-26 11:44:40,809 INFO     ___FILE_ONLY___           
2022-10-26 11:44:40,809 INFO     ___FILE_ONLY___ RUNNING
2022-10-26 11:44:40,809 INFO     ___FILE_ONLY___ 

2022-10-26 11:44:40,809 INFO     ___FILE_ONLY___ jenkins-pxc-62f4bb33-cluster6
2022-10-26 11:44:40,809 INFO     ___FILE_ONLY___    
2022-10-26 11:44:40,809 INFO     ___FILE_ONLY___ us-central1-a
2022-10-26 11:44:40,809 INFO     ___FILE_ONLY___    
2022-10-26 11:44:40,809 INFO     ___FILE_ONLY___ 1.21.14-gke.7100
2022-10-26 11:44:40,809 INFO     ___FILE_ONLY___   
2022-10-26 11:44:40,809 INFO     ___FILE_ONLY___ 34.172.12.254
2022-10-26 11:44:40,809 INFO     ___FILE_ONLY___    
2022-10-26 11:44:40,809 INFO     ___FILE_ONLY___ n1-standard-4
2022-10-26 11:44:40,809 INFO     ___FILE_ONLY___   
2022-10-26 11:44:40,809 INFO     ___FILE_ONLY___ 1.21.14-gke.7100
2022-10-26 11:44:40,809 INFO     ___FILE_ONLY___   
2022-10-26 11:44:40,809 INFO     ___FILE_ONLY___ 3
2022-10-26 11:44:40,809 INFO     ___FILE_ONLY___           
2022-10-26 11:44:40,809 INFO     ___FILE_ONLY___ RUNNING
2022-10-26 11:44:40,809 INFO     ___FILE_ONLY___ 

2022-10-26 11:44:40,809 INFO     ___FILE_ONLY___ jenkins-pxc-62f4bb33-cluster7
2022-10-26 11:44:40,809 INFO     ___FILE_ONLY___    
2022-10-26 11:44:40,809 INFO     ___FILE_ONLY___ us-central1-a
2022-10-26 11:44:40,809 INFO     ___FILE_ONLY___    
2022-10-26 11:44:40,809 INFO     ___FILE_ONLY___ 1.21.14-gke.7100
2022-10-26 11:44:40,809 INFO     ___FILE_ONLY___   
2022-10-26 11:44:40,809 INFO     ___FILE_ONLY___ 104.154.26.253
2022-10-26 11:44:40,809 INFO     ___FILE_ONLY___   
2022-10-26 11:44:40,809 INFO     ___FILE_ONLY___ n1-standard-4
2022-10-26 11:44:40,809 INFO     ___FILE_ONLY___   
2022-10-26 11:44:40,809 INFO     ___FILE_ONLY___ 1.21.14-gke.7100
2022-10-26 11:44:40,809 INFO     ___FILE_ONLY___   
2022-10-26 11:44:40,809 INFO     ___FILE_ONLY___ 3
2022-10-26 11:44:40,809 INFO     ___FILE_ONLY___           
2022-10-26 11:44:40,809 INFO     ___FILE_ONLY___ RUNNING
2022-10-26 11:44:40,809 INFO     ___FILE_ONLY___ 

2022-10-26 11:44:40,809 INFO     ___FILE_ONLY___ jenkins-pxc-62f4bb33-cluster8
2022-10-26 11:44:40,809 INFO     ___FILE_ONLY___    
2022-10-26 11:44:40,809 INFO     ___FILE_ONLY___ us-central1-a
2022-10-26 11:44:40,809 INFO     ___FILE_ONLY___    
2022-10-26 11:44:40,809 INFO     ___FILE_ONLY___ 1.21.14-gke.7100
2022-10-26 11:44:40,809 INFO     ___FILE_ONLY___   
2022-10-26 11:44:40,809 INFO     ___FILE_ONLY___ 34.68.234.40
2022-10-26 11:44:40,810 INFO     ___FILE_ONLY___     
2022-10-26 11:44:40,810 INFO     ___FILE_ONLY___ n1-standard-4
2022-10-26 11:44:40,810 INFO     ___FILE_ONLY___   
2022-10-26 11:44:40,810 INFO     ___FILE_ONLY___ 1.21.14-gke.7100
2022-10-26 11:44:40,810 INFO     ___FILE_ONLY___   
2022-10-26 11:44:40,810 INFO     ___FILE_ONLY___ 3
2022-10-26 11:44:40,810 INFO     ___FILE_ONLY___           
2022-10-26 11:44:40,810 INFO     ___FILE_ONLY___ RUNNING
2022-10-26 11:44:40,810 INFO     ___FILE_ONLY___ 

2022-10-26 11:44:40,810 INFO     ___FILE_ONLY___ jenkins-pxc-62f4bb33-cluster9
2022-10-26 11:44:40,810 INFO     ___FILE_ONLY___    
2022-10-26 11:44:40,810 INFO     ___FILE_ONLY___ us-central1-a
2022-10-26 11:44:40,810 INFO     ___FILE_ONLY___    
2022-10-26 11:44:40,810 INFO     ___FILE_ONLY___ 1.21.14-gke.7100
2022-10-26 11:44:40,810 INFO     ___FILE_ONLY___   
2022-10-26 11:44:40,810 INFO     ___FILE_ONLY___ 34.172.66.202
2022-10-26 11:44:40,810 INFO     ___FILE_ONLY___    
2022-10-26 11:44:40,810 INFO     ___FILE_ONLY___ n1-standard-4
2022-10-26 11:44:40,810 INFO     ___FILE_ONLY___   
2022-10-26 11:44:40,810 INFO     ___FILE_ONLY___ 1.21.14-gke.7100
2022-10-26 11:44:40,810 INFO     ___FILE_ONLY___   
2022-10-26 11:44:40,810 INFO     ___FILE_ONLY___ 3
2022-10-26 11:44:40,810 INFO     ___FILE_ONLY___           
2022-10-26 11:44:40,810 INFO     ___FILE_ONLY___ RUNNING
2022-10-26 11:44:40,810 INFO     ___FILE_ONLY___ 

2022-10-26 11:44:40,810 INFO     ___FILE_ONLY___ jenkins-pxc-ab1d2b34-cluster1
2022-10-26 11:44:40,810 INFO     ___FILE_ONLY___    
2022-10-26 11:44:40,810 INFO     ___FILE_ONLY___ us-central1-a
2022-10-26 11:44:40,810 INFO     ___FILE_ONLY___    
2022-10-26 11:44:40,810 INFO     ___FILE_ONLY___ 1.21.14-gke.7100
2022-10-26 11:44:40,810 INFO     ___FILE_ONLY___                   
2022-10-26 11:44:40,810 INFO     ___FILE_ONLY___ n1-standard-4
2022-10-26 11:44:40,810 INFO     ___FILE_ONLY___   
2022-10-26 11:44:40,810 INFO     ___FILE_ONLY___ 1.21.14-gke.7100
2022-10-26 11:44:40,810 INFO     ___FILE_ONLY___   
2022-10-26 11:44:40,810 INFO     ___FILE_ONLY___ 3
2022-10-26 11:44:40,810 INFO     ___FILE_ONLY___           
2022-10-26 11:44:40,810 INFO     ___FILE_ONLY___ PROVISIONING
2022-10-26 11:44:40,810 INFO     ___FILE_ONLY___ 

2022-10-26 11:44:40,810 INFO     ___FILE_ONLY___ jenkins-pxc-ab1d2b34-cluster10
2022-10-26 11:44:40,810 INFO     ___FILE_ONLY___   
2022-10-26 11:44:40,810 INFO     ___FILE_ONLY___ us-central1-a
2022-10-26 11:44:40,810 INFO     ___FILE_ONLY___    
2022-10-26 11:44:40,810 INFO     ___FILE_ONLY___ 1.21.14-gke.7100
2022-10-26 11:44:40,810 INFO     ___FILE_ONLY___                   
2022-10-26 11:44:40,810 INFO     ___FILE_ONLY___ n1-standard-4
2022-10-26 11:44:40,810 INFO     ___FILE_ONLY___   
2022-10-26 11:44:40,810 INFO     ___FILE_ONLY___ 1.21.14-gke.7100
2022-10-26 11:44:40,811 INFO     ___FILE_ONLY___   
2022-10-26 11:44:40,811 INFO     ___FILE_ONLY___ 3
2022-10-26 11:44:40,811 INFO     ___FILE_ONLY___           
2022-10-26 11:44:40,811 INFO     ___FILE_ONLY___ PROVISIONING
2022-10-26 11:44:40,811 INFO     ___FILE_ONLY___ 

2022-10-26 11:44:40,811 INFO     ___FILE_ONLY___ jenkins-pxc-ab1d2b34-cluster12
2022-10-26 11:44:40,811 INFO     ___FILE_ONLY___   
2022-10-26 11:44:40,811 INFO     ___FILE_ONLY___ us-central1-a
2022-10-26 11:44:40,811 INFO     ___FILE_ONLY___    
2022-10-26 11:44:40,811 INFO     ___FILE_ONLY___ 1.21.14-gke.7100
2022-10-26 11:44:40,811 INFO     ___FILE_ONLY___                   
2022-10-26 11:44:40,811 INFO     ___FILE_ONLY___ n1-standard-4
2022-10-26 11:44:40,811 INFO     ___FILE_ONLY___   
2022-10-26 11:44:40,811 INFO     ___FILE_ONLY___ 1.21.14-gke.7100
2022-10-26 11:44:40,811 INFO     ___FILE_ONLY___   
2022-10-26 11:44:40,811 INFO     ___FILE_ONLY___ 3
2022-10-26 11:44:40,811 INFO     ___FILE_ONLY___           
2022-10-26 11:44:40,811 INFO     ___FILE_ONLY___ PROVISIONING
2022-10-26 11:44:40,811 INFO     ___FILE_ONLY___ 

2022-10-26 11:44:40,811 INFO     ___FILE_ONLY___ jenkins-pxc-ab1d2b34-cluster2
2022-10-26 11:44:40,811 INFO     ___FILE_ONLY___    
2022-10-26 11:44:40,811 INFO     ___FILE_ONLY___ us-central1-a
2022-10-26 11:44:40,811 INFO     ___FILE_ONLY___    
2022-10-26 11:44:40,811 INFO     ___FILE_ONLY___ 1.21.14-gke.7100
2022-10-26 11:44:40,811 INFO     ___FILE_ONLY___                   
2022-10-26 11:44:40,811 INFO     ___FILE_ONLY___ n1-standard-4
2022-10-26 11:44:40,811 INFO     ___FILE_ONLY___   
2022-10-26 11:44:40,811 INFO     ___FILE_ONLY___ 1.21.14-gke.7100
2022-10-26 11:44:40,811 INFO     ___FILE_ONLY___   
2022-10-26 11:44:40,811 INFO     ___FILE_ONLY___ 3
2022-10-26 11:44:40,811 INFO     ___FILE_ONLY___           
2022-10-26 11:44:40,811 INFO     ___FILE_ONLY___ PROVISIONING
2022-10-26 11:44:40,811 INFO     ___FILE_ONLY___ 

2022-10-26 11:44:40,811 INFO     ___FILE_ONLY___ jenkins-pxc-ab1d2b34-cluster3
2022-10-26 11:44:40,811 INFO     ___FILE_ONLY___    
2022-10-26 11:44:40,811 INFO     ___FILE_ONLY___ us-central1-a
2022-10-26 11:44:40,811 INFO     ___FILE_ONLY___    
2022-10-26 11:44:40,811 INFO     ___FILE_ONLY___ 1.21.14-gke.7100
2022-10-26 11:44:40,811 INFO     ___FILE_ONLY___                   
2022-10-26 11:44:40,811 INFO     ___FILE_ONLY___ n1-standard-4
2022-10-26 11:44:40,811 INFO     ___FILE_ONLY___   
2022-10-26 11:44:40,811 INFO     ___FILE_ONLY___ 1.21.14-gke.7100
2022-10-26 11:44:40,811 INFO     ___FILE_ONLY___   
2022-10-26 11:44:40,811 INFO     ___FILE_ONLY___ 3
2022-10-26 11:44:40,811 INFO     ___FILE_ONLY___           
2022-10-26 11:44:40,812 INFO     ___FILE_ONLY___ PROVISIONING
2022-10-26 11:44:40,812 INFO     ___FILE_ONLY___ 

2022-10-26 11:44:40,812 INFO     ___FILE_ONLY___ jenkins-pxc-ab1d2b34-cluster4
2022-10-26 11:44:40,812 INFO     ___FILE_ONLY___    
2022-10-26 11:44:40,812 INFO     ___FILE_ONLY___ us-central1-a
2022-10-26 11:44:40,812 INFO     ___FILE_ONLY___    
2022-10-26 11:44:40,812 INFO     ___FILE_ONLY___ 1.21.14-gke.7100
2022-10-26 11:44:40,812 INFO     ___FILE_ONLY___                   
2022-10-26 11:44:40,812 INFO     ___FILE_ONLY___ n1-standard-4
2022-10-26 11:44:40,812 INFO     ___FILE_ONLY___   
2022-10-26 11:44:40,812 INFO     ___FILE_ONLY___ 1.21.14-gke.7100
2022-10-26 11:44:40,812 INFO     ___FILE_ONLY___   
2022-10-26 11:44:40,812 INFO     ___FILE_ONLY___ 3
2022-10-26 11:44:40,812 INFO     ___FILE_ONLY___           
2022-10-26 11:44:40,812 INFO     ___FILE_ONLY___ PROVISIONING
2022-10-26 11:44:40,812 INFO     ___FILE_ONLY___ 

2022-10-26 11:44:40,812 INFO     ___FILE_ONLY___ jenkins-pxc-ab1d2b34-cluster5
2022-10-26 11:44:40,812 INFO     ___FILE_ONLY___    
2022-10-26 11:44:40,812 INFO     ___FILE_ONLY___ us-central1-a
2022-10-26 11:44:40,812 INFO     ___FILE_ONLY___    
2022-10-26 11:44:40,812 INFO     ___FILE_ONLY___ 1.21.14-gke.7100
2022-10-26 11:44:40,812 INFO     ___FILE_ONLY___                   
2022-10-26 11:44:40,812 INFO     ___FILE_ONLY___ n1-standard-4
2022-10-26 11:44:40,812 INFO     ___FILE_ONLY___   
2022-10-26 11:44:40,812 INFO     ___FILE_ONLY___ 1.21.14-gke.7100
2022-10-26 11:44:40,812 INFO     ___FILE_ONLY___   
2022-10-26 11:44:40,812 INFO     ___FILE_ONLY___ 3
2022-10-26 11:44:40,812 INFO     ___FILE_ONLY___           
2022-10-26 11:44:40,812 INFO     ___FILE_ONLY___ PROVISIONING
2022-10-26 11:44:40,812 INFO     ___FILE_ONLY___ 

2022-10-26 11:44:40,812 INFO     ___FILE_ONLY___ jenkins-pxc-ab1d2b34-cluster6
2022-10-26 11:44:40,812 INFO     ___FILE_ONLY___    
2022-10-26 11:44:40,812 INFO     ___FILE_ONLY___ us-central1-a
2022-10-26 11:44:40,812 INFO     ___FILE_ONLY___    
2022-10-26 11:44:40,812 INFO     ___FILE_ONLY___ 1.21.14-gke.7100
2022-10-26 11:44:40,812 INFO     ___FILE_ONLY___                   
2022-10-26 11:44:40,812 INFO     ___FILE_ONLY___ n1-standard-4
2022-10-26 11:44:40,812 INFO     ___FILE_ONLY___   
2022-10-26 11:44:40,812 INFO     ___FILE_ONLY___ 1.21.14-gke.7100
2022-10-26 11:44:40,812 INFO     ___FILE_ONLY___   
2022-10-26 11:44:40,812 INFO     ___FILE_ONLY___ 3
2022-10-26 11:44:40,812 INFO     ___FILE_ONLY___           
2022-10-26 11:44:40,812 INFO     ___FILE_ONLY___ PROVISIONING
2022-10-26 11:44:40,812 INFO     ___FILE_ONLY___ 

2022-10-26 11:44:40,812 INFO     ___FILE_ONLY___ jenkins-pxc-ab1d2b34-cluster9
2022-10-26 11:44:40,812 INFO     ___FILE_ONLY___    
2022-10-26 11:44:40,812 INFO     ___FILE_ONLY___ us-central1-a
2022-10-26 11:44:40,813 INFO     ___FILE_ONLY___    
2022-10-26 11:44:40,813 INFO     ___FILE_ONLY___ 1.21.14-gke.7100
2022-10-26 11:44:40,813 INFO     ___FILE_ONLY___                   
2022-10-26 11:44:40,813 INFO     ___FILE_ONLY___ n1-standard-4
2022-10-26 11:44:40,813 INFO     ___FILE_ONLY___   
2022-10-26 11:44:40,813 INFO     ___FILE_ONLY___ 1.21.14-gke.7100
2022-10-26 11:44:40,813 INFO     ___FILE_ONLY___   
2022-10-26 11:44:40,813 INFO     ___FILE_ONLY___ 3
2022-10-26 11:44:40,813 INFO     ___FILE_ONLY___           
2022-10-26 11:44:40,813 INFO     ___FILE_ONLY___ PROVISIONING
2022-10-26 11:44:40,813 INFO     ___FILE_ONLY___ 

2022-10-26 11:44:40,813 INFO     ___FILE_ONLY___ jenkins-pxc-bf7420b7-cluster1
2022-10-26 11:44:40,813 INFO     ___FILE_ONLY___    
2022-10-26 11:44:40,813 INFO     ___FILE_ONLY___ us-central1-a
2022-10-26 11:44:40,813 INFO     ___FILE_ONLY___    
2022-10-26 11:44:40,813 INFO     ___FILE_ONLY___ 1.21.14-gke.7100
2022-10-26 11:44:40,813 INFO     ___FILE_ONLY___   
2022-10-26 11:44:40,813 INFO     ___FILE_ONLY___ 35.188.16.237
2022-10-26 11:44:40,813 INFO     ___FILE_ONLY___    
2022-10-26 11:44:40,813 INFO     ___FILE_ONLY___ n1-standard-4
2022-10-26 11:44:40,813 INFO     ___FILE_ONLY___   
2022-10-26 11:44:40,813 INFO     ___FILE_ONLY___ 1.21.14-gke.7100
2022-10-26 11:44:40,813 INFO     ___FILE_ONLY___   
2022-10-26 11:44:40,813 INFO     ___FILE_ONLY___ 3
2022-10-26 11:44:40,813 INFO     ___FILE_ONLY___           
2022-10-26 11:44:40,813 INFO     ___FILE_ONLY___ RUNNING
2022-10-26 11:44:40,813 INFO     ___FILE_ONLY___ 

2022-10-26 11:44:40,813 INFO     ___FILE_ONLY___ jenkins-pxc-bf7420b7-cluster10
2022-10-26 11:44:40,813 INFO     ___FILE_ONLY___   
2022-10-26 11:44:40,813 INFO     ___FILE_ONLY___ us-central1-a
2022-10-26 11:44:40,813 INFO     ___FILE_ONLY___    
2022-10-26 11:44:40,813 INFO     ___FILE_ONLY___ 1.21.14-gke.7100
2022-10-26 11:44:40,813 INFO     ___FILE_ONLY___   
2022-10-26 11:44:40,813 INFO     ___FILE_ONLY___ 34.66.175.13
2022-10-26 11:44:40,813 INFO     ___FILE_ONLY___     
2022-10-26 11:44:40,813 INFO     ___FILE_ONLY___ n1-standard-4
2022-10-26 11:44:40,813 INFO     ___FILE_ONLY___   
2022-10-26 11:44:40,813 INFO     ___FILE_ONLY___ 1.21.14-gke.7100
2022-10-26 11:44:40,813 INFO     ___FILE_ONLY___   
2022-10-26 11:44:40,813 INFO     ___FILE_ONLY___ 3
2022-10-26 11:44:40,813 INFO     ___FILE_ONLY___           
2022-10-26 11:44:40,813 INFO     ___FILE_ONLY___ RUNNING
2022-10-26 11:44:40,813 INFO     ___FILE_ONLY___ 

2022-10-26 11:44:40,813 INFO     ___FILE_ONLY___ jenkins-pxc-bf7420b7-cluster11
2022-10-26 11:44:40,813 INFO     ___FILE_ONLY___   
2022-10-26 11:44:40,813 INFO     ___FILE_ONLY___ us-central1-a
2022-10-26 11:44:40,813 INFO     ___FILE_ONLY___    
2022-10-26 11:44:40,813 INFO     ___FILE_ONLY___ 1.21.14-gke.7100
2022-10-26 11:44:40,813 INFO     ___FILE_ONLY___   
2022-10-26 11:44:40,814 INFO     ___FILE_ONLY___ 34.71.200.185
2022-10-26 11:44:40,814 INFO     ___FILE_ONLY___    
2022-10-26 11:44:40,814 INFO     ___FILE_ONLY___ n1-standard-4
2022-10-26 11:44:40,814 INFO     ___FILE_ONLY___   
2022-10-26 11:44:40,814 INFO     ___FILE_ONLY___ 1.21.14-gke.7100
2022-10-26 11:44:40,814 INFO     ___FILE_ONLY___   
2022-10-26 11:44:40,814 INFO     ___FILE_ONLY___ 3
2022-10-26 11:44:40,814 INFO     ___FILE_ONLY___           
2022-10-26 11:44:40,814 INFO     ___FILE_ONLY___ RUNNING
2022-10-26 11:44:40,814 INFO     ___FILE_ONLY___ 

2022-10-26 11:44:40,814 INFO     ___FILE_ONLY___ jenkins-pxc-bf7420b7-cluster12
2022-10-26 11:44:40,814 INFO     ___FILE_ONLY___   
2022-10-26 11:44:40,814 INFO     ___FILE_ONLY___ us-central1-a
2022-10-26 11:44:40,814 INFO     ___FILE_ONLY___    
2022-10-26 11:44:40,814 INFO     ___FILE_ONLY___ 1.21.14-gke.7100
2022-10-26 11:44:40,814 INFO     ___FILE_ONLY___   
2022-10-26 11:44:40,814 INFO     ___FILE_ONLY___ 35.188.57.195
2022-10-26 11:44:40,814 INFO     ___FILE_ONLY___    
2022-10-26 11:44:40,814 INFO     ___FILE_ONLY___ n1-standard-4
2022-10-26 11:44:40,814 INFO     ___FILE_ONLY___   
2022-10-26 11:44:40,814 INFO     ___FILE_ONLY___ 1.21.14-gke.7100
2022-10-26 11:44:40,814 INFO     ___FILE_ONLY___   
2022-10-26 11:44:40,814 INFO     ___FILE_ONLY___ 3
2022-10-26 11:44:40,814 INFO     ___FILE_ONLY___           
2022-10-26 11:44:40,814 INFO     ___FILE_ONLY___ RUNNING
2022-10-26 11:44:40,814 INFO     ___FILE_ONLY___ 

2022-10-26 11:44:40,814 INFO     ___FILE_ONLY___ jenkins-pxc-bf7420b7-cluster13
2022-10-26 11:44:40,814 INFO     ___FILE_ONLY___   
2022-10-26 11:44:40,814 INFO     ___FILE_ONLY___ us-central1-a
2022-10-26 11:44:40,814 INFO     ___FILE_ONLY___    
2022-10-26 11:44:40,814 INFO     ___FILE_ONLY___ 1.21.14-gke.7100
2022-10-26 11:44:40,814 INFO     ___FILE_ONLY___   
2022-10-26 11:44:40,814 INFO     ___FILE_ONLY___ 34.133.117.125
2022-10-26 11:44:40,814 INFO     ___FILE_ONLY___   
2022-10-26 11:44:40,814 INFO     ___FILE_ONLY___ n1-standard-4
2022-10-26 11:44:40,814 INFO     ___FILE_ONLY___   
2022-10-26 11:44:40,814 INFO     ___FILE_ONLY___ 1.21.14-gke.7100
2022-10-26 11:44:40,814 INFO     ___FILE_ONLY___   
2022-10-26 11:44:40,814 INFO     ___FILE_ONLY___ 3
2022-10-26 11:44:40,814 INFO     ___FILE_ONLY___           
2022-10-26 11:44:40,814 INFO     ___FILE_ONLY___ RUNNING
2022-10-26 11:44:40,814 INFO     ___FILE_ONLY___ 

2022-10-26 11:44:40,814 INFO     ___FILE_ONLY___ jenkins-pxc-bf7420b7-cluster14
2022-10-26 11:44:40,814 INFO     ___FILE_ONLY___   
2022-10-26 11:44:40,814 INFO     ___FILE_ONLY___ us-central1-a
2022-10-26 11:44:40,814 INFO     ___FILE_ONLY___    
2022-10-26 11:44:40,814 INFO     ___FILE_ONLY___ 1.21.14-gke.7100
2022-10-26 11:44:40,814 INFO     ___FILE_ONLY___   
2022-10-26 11:44:40,814 INFO     ___FILE_ONLY___ 35.225.154.56
2022-10-26 11:44:40,814 INFO     ___FILE_ONLY___    
2022-10-26 11:44:40,815 INFO     ___FILE_ONLY___ n1-standard-4
2022-10-26 11:44:40,815 INFO     ___FILE_ONLY___   
2022-10-26 11:44:40,815 INFO     ___FILE_ONLY___ 1.21.14-gke.7100
2022-10-26 11:44:40,815 INFO     ___FILE_ONLY___   
2022-10-26 11:44:40,815 INFO     ___FILE_ONLY___ 3
2022-10-26 11:44:40,815 INFO     ___FILE_ONLY___           
2022-10-26 11:44:40,815 INFO     ___FILE_ONLY___ RUNNING
2022-10-26 11:44:40,815 INFO     ___FILE_ONLY___ 

2022-10-26 11:44:40,815 INFO     ___FILE_ONLY___ jenkins-pxc-bf7420b7-cluster15
2022-10-26 11:44:40,815 INFO     ___FILE_ONLY___   
2022-10-26 11:44:40,815 INFO     ___FILE_ONLY___ us-central1-a
2022-10-26 11:44:40,815 INFO     ___FILE_ONLY___    
2022-10-26 11:44:40,815 INFO     ___FILE_ONLY___ 1.21.14-gke.7100
2022-10-26 11:44:40,815 INFO     ___FILE_ONLY___   
2022-10-26 11:44:40,815 INFO     ___FILE_ONLY___ 34.66.174.4
2022-10-26 11:44:40,815 INFO     ___FILE_ONLY___      
2022-10-26 11:44:40,815 INFO     ___FILE_ONLY___ n1-standard-4
2022-10-26 11:44:40,815 INFO     ___FILE_ONLY___   
2022-10-26 11:44:40,815 INFO     ___FILE_ONLY___ 1.21.14-gke.7100
2022-10-26 11:44:40,815 INFO     ___FILE_ONLY___   
2022-10-26 11:44:40,815 INFO     ___FILE_ONLY___ 3
2022-10-26 11:44:40,815 INFO     ___FILE_ONLY___           
2022-10-26 11:44:40,815 INFO     ___FILE_ONLY___ RUNNING
2022-10-26 11:44:40,815 INFO     ___FILE_ONLY___ 

2022-10-26 11:44:40,815 INFO     ___FILE_ONLY___ jenkins-pxc-bf7420b7-cluster2
2022-10-26 11:44:40,815 INFO     ___FILE_ONLY___    
2022-10-26 11:44:40,815 INFO     ___FILE_ONLY___ us-central1-a
2022-10-26 11:44:40,815 INFO     ___FILE_ONLY___    
2022-10-26 11:44:40,815 INFO     ___FILE_ONLY___ 1.21.14-gke.7100
2022-10-26 11:44:40,815 INFO     ___FILE_ONLY___   
2022-10-26 11:44:40,815 INFO     ___FILE_ONLY___ 34.67.7.40
2022-10-26 11:44:40,815 INFO     ___FILE_ONLY___       
2022-10-26 11:44:40,815 INFO     ___FILE_ONLY___ n1-standard-4
2022-10-26 11:44:40,815 INFO     ___FILE_ONLY___   
2022-10-26 11:44:40,815 INFO     ___FILE_ONLY___ 1.21.14-gke.7100
2022-10-26 11:44:40,815 INFO     ___FILE_ONLY___   
2022-10-26 11:44:40,815 INFO     ___FILE_ONLY___ 3
2022-10-26 11:44:40,815 INFO     ___FILE_ONLY___           
2022-10-26 11:44:40,815 INFO     ___FILE_ONLY___ RUNNING
2022-10-26 11:44:40,815 INFO     ___FILE_ONLY___ 

2022-10-26 11:44:40,815 INFO     ___FILE_ONLY___ jenkins-pxc-bf7420b7-cluster3
2022-10-26 11:44:40,815 INFO     ___FILE_ONLY___    
2022-10-26 11:44:40,815 INFO     ___FILE_ONLY___ us-central1-a
2022-10-26 11:44:40,815 INFO     ___FILE_ONLY___    
2022-10-26 11:44:40,815 INFO     ___FILE_ONLY___ 1.21.14-gke.7100
2022-10-26 11:44:40,816 INFO     ___FILE_ONLY___   
2022-10-26 11:44:40,816 INFO     ___FILE_ONLY___ 34.172.108.48
2022-10-26 11:44:40,816 INFO     ___FILE_ONLY___    
2022-10-26 11:44:40,816 INFO     ___FILE_ONLY___ n1-standard-4
2022-10-26 11:44:40,816 INFO     ___FILE_ONLY___   
2022-10-26 11:44:40,816 INFO     ___FILE_ONLY___ 1.21.14-gke.7100
2022-10-26 11:44:40,816 INFO     ___FILE_ONLY___   
2022-10-26 11:44:40,816 INFO     ___FILE_ONLY___ 3
2022-10-26 11:44:40,816 INFO     ___FILE_ONLY___           
2022-10-26 11:44:40,816 INFO     ___FILE_ONLY___ RUNNING
2022-10-26 11:44:40,816 INFO     ___FILE_ONLY___ 

2022-10-26 11:44:40,816 INFO     ___FILE_ONLY___ jenkins-pxc-bf7420b7-cluster4
2022-10-26 11:44:40,816 INFO     ___FILE_ONLY___    
2022-10-26 11:44:40,816 INFO     ___FILE_ONLY___ us-central1-a
2022-10-26 11:44:40,816 INFO     ___FILE_ONLY___    
2022-10-26 11:44:40,816 INFO     ___FILE_ONLY___ 1.21.14-gke.7100
2022-10-26 11:44:40,816 INFO     ___FILE_ONLY___   
2022-10-26 11:44:40,816 INFO     ___FILE_ONLY___ 34.67.91.168
2022-10-26 11:44:40,816 INFO     ___FILE_ONLY___     
2022-10-26 11:44:40,816 INFO     ___FILE_ONLY___ n1-standard-4
2022-10-26 11:44:40,816 INFO     ___FILE_ONLY___   
2022-10-26 11:44:40,816 INFO     ___FILE_ONLY___ 1.21.14-gke.7100
2022-10-26 11:44:40,816 INFO     ___FILE_ONLY___   
2022-10-26 11:44:40,816 INFO     ___FILE_ONLY___ 3
2022-10-26 11:44:40,816 INFO     ___FILE_ONLY___           
2022-10-26 11:44:40,816 INFO     ___FILE_ONLY___ RUNNING
2022-10-26 11:44:40,816 INFO     ___FILE_ONLY___ 

2022-10-26 11:44:40,816 INFO     ___FILE_ONLY___ jenkins-pxc-bf7420b7-cluster5
2022-10-26 11:44:40,816 INFO     ___FILE_ONLY___    
2022-10-26 11:44:40,816 INFO     ___FILE_ONLY___ us-central1-a
2022-10-26 11:44:40,816 INFO     ___FILE_ONLY___    
2022-10-26 11:44:40,816 INFO     ___FILE_ONLY___ 1.21.14-gke.7100
2022-10-26 11:44:40,816 INFO     ___FILE_ONLY___   
2022-10-26 11:44:40,816 INFO     ___FILE_ONLY___ 34.132.115.193
2022-10-26 11:44:40,816 INFO     ___FILE_ONLY___   
2022-10-26 11:44:40,816 INFO     ___FILE_ONLY___ n1-standard-4
2022-10-26 11:44:40,816 INFO     ___FILE_ONLY___   
2022-10-26 11:44:40,816 INFO     ___FILE_ONLY___ 1.21.14-gke.7100
2022-10-26 11:44:40,816 INFO     ___FILE_ONLY___   
2022-10-26 11:44:40,816 INFO     ___FILE_ONLY___ 3
2022-10-26 11:44:40,816 INFO     ___FILE_ONLY___           
2022-10-26 11:44:40,816 INFO     ___FILE_ONLY___ RUNNING
2022-10-26 11:44:40,816 INFO     ___FILE_ONLY___ 

2022-10-26 11:44:40,816 INFO     ___FILE_ONLY___ jenkins-pxc-bf7420b7-cluster6
2022-10-26 11:44:40,816 INFO     ___FILE_ONLY___    
2022-10-26 11:44:40,816 INFO     ___FILE_ONLY___ us-central1-a
2022-10-26 11:44:40,816 INFO     ___FILE_ONLY___    
2022-10-26 11:44:40,816 INFO     ___FILE_ONLY___ 1.21.14-gke.7100
2022-10-26 11:44:40,817 INFO     ___FILE_ONLY___   
2022-10-26 11:44:40,817 INFO     ___FILE_ONLY___ 34.133.127.14
2022-10-26 11:44:40,817 INFO     ___FILE_ONLY___    
2022-10-26 11:44:40,817 INFO     ___FILE_ONLY___ n1-standard-4
2022-10-26 11:44:40,817 INFO     ___FILE_ONLY___   
2022-10-26 11:44:40,817 INFO     ___FILE_ONLY___ 1.21.14-gke.7100
2022-10-26 11:44:40,817 INFO     ___FILE_ONLY___   
2022-10-26 11:44:40,817 INFO     ___FILE_ONLY___ 3
2022-10-26 11:44:40,817 INFO     ___FILE_ONLY___           
2022-10-26 11:44:40,817 INFO     ___FILE_ONLY___ RUNNING
2022-10-26 11:44:40,817 INFO     ___FILE_ONLY___ 

2022-10-26 11:44:40,817 INFO     ___FILE_ONLY___ jenkins-pxc-bf7420b7-cluster7
2022-10-26 11:44:40,817 INFO     ___FILE_ONLY___    
2022-10-26 11:44:40,817 INFO     ___FILE_ONLY___ us-central1-a
2022-10-26 11:44:40,817 INFO     ___FILE_ONLY___    
2022-10-26 11:44:40,817 INFO     ___FILE_ONLY___ 1.21.14-gke.7100
2022-10-26 11:44:40,817 INFO     ___FILE_ONLY___   
2022-10-26 11:44:40,817 INFO     ___FILE_ONLY___ 34.172.159.126
2022-10-26 11:44:40,817 INFO     ___FILE_ONLY___   
2022-10-26 11:44:40,817 INFO     ___FILE_ONLY___ n1-standard-4
2022-10-26 11:44:40,817 INFO     ___FILE_ONLY___   
2022-10-26 11:44:40,817 INFO     ___FILE_ONLY___ 1.21.14-gke.7100
2022-10-26 11:44:40,817 INFO     ___FILE_ONLY___   
2022-10-26 11:44:40,817 INFO     ___FILE_ONLY___ 3
2022-10-26 11:44:40,817 INFO     ___FILE_ONLY___           
2022-10-26 11:44:40,817 INFO     ___FILE_ONLY___ RUNNING
2022-10-26 11:44:40,817 INFO     ___FILE_ONLY___ 

2022-10-26 11:44:40,817 INFO     ___FILE_ONLY___ jenkins-pxc-bf7420b7-cluster8
2022-10-26 11:44:40,817 INFO     ___FILE_ONLY___    
2022-10-26 11:44:40,817 INFO     ___FILE_ONLY___ us-central1-a
2022-10-26 11:44:40,817 INFO     ___FILE_ONLY___    
2022-10-26 11:44:40,817 INFO     ___FILE_ONLY___ 1.21.14-gke.7100
2022-10-26 11:44:40,817 INFO     ___FILE_ONLY___   
2022-10-26 11:44:40,817 INFO     ___FILE_ONLY___ 104.154.161.83
2022-10-26 11:44:40,817 INFO     ___FILE_ONLY___   
2022-10-26 11:44:40,817 INFO     ___FILE_ONLY___ n1-standard-4
2022-10-26 11:44:40,817 INFO     ___FILE_ONLY___   
2022-10-26 11:44:40,817 INFO     ___FILE_ONLY___ 1.21.14-gke.7100
2022-10-26 11:44:40,817 INFO     ___FILE_ONLY___   
2022-10-26 11:44:40,817 INFO     ___FILE_ONLY___ 3
2022-10-26 11:44:40,817 INFO     ___FILE_ONLY___           
2022-10-26 11:44:40,817 INFO     ___FILE_ONLY___ RUNNING
2022-10-26 11:44:40,817 INFO     ___FILE_ONLY___ 

2022-10-26 11:44:40,817 INFO     ___FILE_ONLY___ jenkins-pxc-bf7420b7-cluster9
2022-10-26 11:44:40,817 INFO     ___FILE_ONLY___    
2022-10-26 11:44:40,817 INFO     ___FILE_ONLY___ us-central1-a
2022-10-26 11:44:40,817 INFO     ___FILE_ONLY___    
2022-10-26 11:44:40,817 INFO     ___FILE_ONLY___ 1.21.14-gke.7100
2022-10-26 11:44:40,817 INFO     ___FILE_ONLY___   
2022-10-26 11:44:40,818 INFO     ___FILE_ONLY___ 34.136.143.209
2022-10-26 11:44:40,818 INFO     ___FILE_ONLY___   
2022-10-26 11:44:40,818 INFO     ___FILE_ONLY___ n1-standard-4
2022-10-26 11:44:40,818 INFO     ___FILE_ONLY___   
2022-10-26 11:44:40,818 INFO     ___FILE_ONLY___ 1.21.14-gke.7100
2022-10-26 11:44:40,818 INFO     ___FILE_ONLY___   
2022-10-26 11:44:40,818 INFO     ___FILE_ONLY___ 3
2022-10-26 11:44:40,818 INFO     ___FILE_ONLY___           
2022-10-26 11:44:40,818 INFO     ___FILE_ONLY___ RUNNING
2022-10-26 11:44:40,818 INFO     ___FILE_ONLY___ 

2022-10-26 11:44:40,818 INFO     ___FILE_ONLY___ cap-666
2022-10-26 11:44:40,818 INFO     ___FILE_ONLY___                          
2022-10-26 11:44:40,818 INFO     ___FILE_ONLY___ us-central1-c
2022-10-26 11:44:40,818 INFO     ___FILE_ONLY___    
2022-10-26 11:44:40,818 INFO     ___FILE_ONLY___ 1.21.14-gke.8500
2022-10-26 11:44:40,818 INFO     ___FILE_ONLY___   
2022-10-26 11:44:40,818 INFO     ___FILE_ONLY___ 34.72.251.11
2022-10-26 11:44:40,818 INFO     ___FILE_ONLY___     
2022-10-26 11:44:40,818 INFO     ___FILE_ONLY___ n1-standard-4
2022-10-26 11:44:40,818 INFO     ___FILE_ONLY___   
2022-10-26 11:44:40,818 INFO     ___FILE_ONLY___ 1.21.14-gke.8500
2022-10-26 11:44:40,818 INFO     ___FILE_ONLY___   
2022-10-26 11:44:40,818 INFO     ___FILE_ONLY___ 3
2022-10-26 11:44:40,818 INFO     ___FILE_ONLY___           
2022-10-26 11:44:40,818 INFO     ___FILE_ONLY___ RUNNING
2022-10-26 11:44:40,818 INFO     ___FILE_ONLY___ 

2022-10-26 11:44:40,826 DEBUG    root            Metrics reporting process started...
