2022-10-26 11:56:03,113 DEBUG    root            Loaded Command Group: ['gcloud', 'config']
2022-10-26 11:56:03,114 DEBUG    root            Loaded Command Group: ['gcloud', 'config', 'config_helper']
2022-10-26 11:56:03,115 DEBUG    root            Running [gcloud.config.config-helper] with arguments: [--format: "json"]
2022-10-26 11:56:03,132 DEBUG    google.auth.transport.requests Making request: POST https://oauth2.googleapis.com/token
2022-10-26 11:56:03,147 DEBUG    urllib3.connectionpool Starting new HTTPS connection (1): oauth2.googleapis.com:443
2022-10-26 11:56:03,309 DEBUG    urllib3.connectionpool https://oauth2.googleapis.com:443 "POST /token HTTP/1.1" 200 None
2022-10-26 11:56:03,316 INFO     root            Display format: "default json"
2022-10-26 11:56:03,317 INFO     ___FILE_ONLY___ {
  "configuration": {
    "active_configuration": "percona-cloud-dev",
    "properties": {
      "core": {
        "account": "inel.pandzic@percona.com",
        "disable_usage_reporting": "False",
        "project": "cloud-dev-112233"
      }
    }
  },
  "credential": {
    "access_token": "ya29.a0Aa4xrXOyV6YipRUV1ASnQ92txjSe4fIJqFzxzC0KKoOCk-2qs6tCcUnw6sMFReQu6IsqrBm8tbmjkyK-0pxfQ0GYW98M725ZkM0bil2qmFVqfDkB8syOKiZGGSnCxsYs5cQjRfF1K-p6sAndrPeQCEmfoSotJ_uz_qVQsuMaCgYKATASAQ4SFQEjDvL9wcw_Ywegp-YNVJ1ga9uJ2A0174",
    "id_token": "eyJhbGciOiJSUzI1NiIsImtpZCI6ImVlMWI5Zjg4Y2ZlMzE1MWRkZDI4NGE2MWJmOGNlY2Y2NTliMTMwY2YiLCJ0eXAiOiJKV1QifQ.eyJpc3MiOiJodHRwczovL2FjY291bnRzLmdvb2dsZS5jb20iLCJhenAiOiIzMjU1NTk0MDU1OS5hcHBzLmdvb2dsZXVzZXJjb250ZW50LmNvbSIsImF1ZCI6IjMyNTU1OTQwNTU5LmFwcHMuZ29vZ2xldXNlcmNvbnRlbnQuY29tIiwic3ViIjoiMTA3NDA5ODEzMzQ0NTU5NDQzNDA3IiwiaGQiOiJwZXJjb25hLmNvbSIsImVtYWlsIjoiaW5lbC5wYW5kemljQHBlcmNvbmEuY29tIiwiZW1haWxfdmVyaWZpZWQiOnRydWUsImF0X2hhc2giOiJZaXZlVWlDN1V4RERQZlByY29oQnVnIiwiaWF0IjoxNjY2Nzc4MTYzLCJleHAiOjE2NjY3ODE3NjN9.RZlHR69LQTJFnRtB2uumALu1GsGhEkNBjcX-jpHKIRu4qvZkiQcXy3bbMj6Bma1x0mw6awKZ1gzDINGWU2Q5ipDc-QlxsrE9ewy7OTpPlJUnrB8X7zG7kh2ISSzgHzclqFlPh-betxKK5Ww4r3TMsqWDn30y9H60z6nUgDB8JKSOPtvX0HjzgWZ5EMiQKohBlq1R8S7z49jVMJpVgn-jDU2I9QdpEkf5ao4Jr-I8LVaxF__N1sl6mWY7qsht7HqvRH3egSJQVf-rNxBHHtal85EN0YmuKHiSoq6vz95Sd5MKptr7GzZ2PAl_AmqWXJK4sJWIUSe8n2pjSsC9o_eyvA",
    "token_expiry": "2022-10-26T10:56:02Z"
  },
  "sentinels": {
    "config_sentinel": "/Users/inelpandzic/.config/gcloud/config_sentinel"
  }
}
2022-10-26 11:56:03,317 INFO     ___FILE_ONLY___ 

2022-10-26 11:56:03,326 DEBUG    root            Metrics reporting process started...
