2022-10-26 13:30:22,325 DEBUG    root            Loaded Command Group: ['gcloud', 'container', 'clusters']
2022-10-26 13:30:22,327 DEBUG    root            Loaded Command Group: ['gcloud', 'container', 'clusters', 'list']
2022-10-26 13:30:22,342 DEBUG    root            Running [gcloud.container.clusters.list] with arguments: []
2022-10-26 13:30:22,388 DEBUG    urllib3.connectionpool Starting new HTTPS connection (1): container.googleapis.com:443
2022-10-26 13:30:23,018 DEBUG    urllib3.connectionpool https://container.googleapis.com:443 "GET /v1/projects/cloud-dev-112233/locations/-/clusters?alt=json HTTP/1.1" 200 None
2022-10-26 13:30:23,110 INFO     root            Display format: "
    table(
        name,
        zone:label=LOCATION,
        master_version():label=MASTER_VERSION,
        endpoint:label=MASTER_IP,
        nodePools[0].config.machineType,
        currentNodeVersion:label=NODE_VERSION,
        firstof(currentNodeCount,initialNodeCount):label=NUM_NODES,
        status
    )
"
2022-10-26 13:30:23,149 INFO     ___FILE_ONLY___ NAME
2022-10-26 13:30:23,149 INFO     ___FILE_ONLY___                             
2022-10-26 13:30:23,149 INFO     ___FILE_ONLY___ LOCATION
2022-10-26 13:30:23,149 INFO     ___FILE_ONLY___         
2022-10-26 13:30:23,149 INFO     ___FILE_ONLY___ MASTER_VERSION
2022-10-26 13:30:23,149 INFO     ___FILE_ONLY___     
2022-10-26 13:30:23,149 INFO     ___FILE_ONLY___ MASTER_IP
2022-10-26 13:30:23,149 INFO     ___FILE_ONLY___        
2022-10-26 13:30:23,149 INFO     ___FILE_ONLY___ MACHINE_TYPE
2022-10-26 13:30:23,149 INFO     ___FILE_ONLY___    
2022-10-26 13:30:23,149 INFO     ___FILE_ONLY___ NODE_VERSION
2022-10-26 13:30:23,149 INFO     ___FILE_ONLY___       
2022-10-26 13:30:23,149 INFO     ___FILE_ONLY___ NUM_NODES
2022-10-26 13:30:23,149 INFO     ___FILE_ONLY___   
2022-10-26 13:30:23,149 INFO     ___FILE_ONLY___ STATUS
2022-10-26 13:30:23,149 INFO     ___FILE_ONLY___ 

2022-10-26 13:30:23,149 INFO     ___FILE_ONLY___ ondrei-8728
2022-10-26 13:30:23,149 INFO     ___FILE_ONLY___                      
2022-10-26 13:30:23,149 INFO     ___FILE_ONLY___ europe-west1-c
2022-10-26 13:30:23,149 INFO     ___FILE_ONLY___   
2022-10-26 13:30:23,149 INFO     ___FILE_ONLY___ 1.21.14-gke.7100
2022-10-26 13:30:23,149 INFO     ___FILE_ONLY___   
2022-10-26 13:30:23,149 INFO     ___FILE_ONLY___ 35.205.162.69
2022-10-26 13:30:23,149 INFO     ___FILE_ONLY___    
2022-10-26 13:30:23,149 INFO     ___FILE_ONLY___ n1-standard-4
2022-10-26 13:30:23,149 INFO     ___FILE_ONLY___   
2022-10-26 13:30:23,149 INFO     ___FILE_ONLY___ 1.21.14-gke.7100
2022-10-26 13:30:23,149 INFO     ___FILE_ONLY___   
2022-10-26 13:30:23,149 INFO     ___FILE_ONLY___ 3
2022-10-26 13:30:23,149 INFO     ___FILE_ONLY___           
2022-10-26 13:30:23,149 INFO     ___FILE_ONLY___ RUNNING
2022-10-26 13:30:23,149 INFO     ___FILE_ONLY___ 

2022-10-26 13:30:23,149 INFO     ___FILE_ONLY___ ege-10903
2022-10-26 13:30:23,149 INFO     ___FILE_ONLY___                        
2022-10-26 13:30:23,149 INFO     ___FILE_ONLY___ europe-west3
2022-10-26 13:30:23,150 INFO     ___FILE_ONLY___     
2022-10-26 13:30:23,150 INFO     ___FILE_ONLY___ 1.25.1-gke.500
2022-10-26 13:30:23,150 INFO     ___FILE_ONLY___     
2022-10-26 13:30:23,150 INFO     ___FILE_ONLY___ 34.159.252.223
2022-10-26 13:30:23,150 INFO     ___FILE_ONLY___   
2022-10-26 13:30:23,150 INFO     ___FILE_ONLY___ n1-standard-4
2022-10-26 13:30:23,150 INFO     ___FILE_ONLY___   
2022-10-26 13:30:23,150 INFO     ___FILE_ONLY___ 1.25.1-gke.500
2022-10-26 13:30:23,150 INFO     ___FILE_ONLY___     
2022-10-26 13:30:23,150 INFO     ___FILE_ONLY___ 3
2022-10-26 13:30:23,150 INFO     ___FILE_ONLY___           
2022-10-26 13:30:23,150 INFO     ___FILE_ONLY___ RUNNING
2022-10-26 13:30:23,150 INFO     ___FILE_ONLY___ 

2022-10-26 13:30:23,150 INFO     ___FILE_ONLY___ slava-pxc
2022-10-26 13:30:23,150 INFO     ___FILE_ONLY___                        
2022-10-26 13:30:23,150 INFO     ___FILE_ONLY___ europe-west3-a
2022-10-26 13:30:23,150 INFO     ___FILE_ONLY___   
2022-10-26 13:30:23,150 INFO     ___FILE_ONLY___ 1.23.12-gke.100
2022-10-26 13:30:23,150 INFO     ___FILE_ONLY___    
2022-10-26 13:30:23,150 INFO     ___FILE_ONLY___ 35.198.76.28
2022-10-26 13:30:23,150 INFO     ___FILE_ONLY___     
2022-10-26 13:30:23,150 INFO     ___FILE_ONLY___ n1-standard-4
2022-10-26 13:30:23,150 INFO     ___FILE_ONLY___   
2022-10-26 13:30:23,150 INFO     ___FILE_ONLY___ 1.23.12-gke.100
2022-10-26 13:30:23,150 INFO     ___FILE_ONLY___    
2022-10-26 13:30:23,150 INFO     ___FILE_ONLY___ 3
2022-10-26 13:30:23,150 INFO     ___FILE_ONLY___           
2022-10-26 13:30:23,150 INFO     ___FILE_ONLY___ RUNNING
2022-10-26 13:30:23,150 INFO     ___FILE_ONLY___ 

2022-10-26 13:30:23,150 INFO     ___FILE_ONLY___ inel-3308
2022-10-26 13:30:23,150 INFO     ___FILE_ONLY___                        
2022-10-26 13:30:23,150 INFO     ___FILE_ONLY___ europe-west3-b
2022-10-26 13:30:23,150 INFO     ___FILE_ONLY___   
2022-10-26 13:30:23,150 INFO     ___FILE_ONLY___ 1.21.14-gke.7100
2022-10-26 13:30:23,150 INFO     ___FILE_ONLY___   
2022-10-26 13:30:23,150 INFO     ___FILE_ONLY___ 35.246.237.188
2022-10-26 13:30:23,150 INFO     ___FILE_ONLY___   
2022-10-26 13:30:23,150 INFO     ___FILE_ONLY___ n1-standard-4
2022-10-26 13:30:23,150 INFO     ___FILE_ONLY___   
2022-10-26 13:30:23,150 INFO     ___FILE_ONLY___ 1.21.14-gke.7100
2022-10-26 13:30:23,150 INFO     ___FILE_ONLY___   
2022-10-26 13:30:23,150 INFO     ___FILE_ONLY___ 3
2022-10-26 13:30:23,151 INFO     ___FILE_ONLY___           
2022-10-26 13:30:23,151 INFO     ___FILE_ONLY___ RUNNING
2022-10-26 13:30:23,151 INFO     ___FILE_ONLY___ 

2022-10-26 13:30:23,151 INFO     ___FILE_ONLY___ max-30844
2022-10-26 13:30:23,151 INFO     ___FILE_ONLY___                        
2022-10-26 13:30:23,151 INFO     ___FILE_ONLY___ europe-west3-b
2022-10-26 13:30:23,151 INFO     ___FILE_ONLY___   
2022-10-26 13:30:23,151 INFO     ___FILE_ONLY___ 1.21.14-gke.2700
2022-10-26 13:30:23,151 INFO     ___FILE_ONLY___   
2022-10-26 13:30:23,151 INFO     ___FILE_ONLY___ 35.246.193.17
2022-10-26 13:30:23,151 INFO     ___FILE_ONLY___    
2022-10-26 13:30:23,151 INFO     ___FILE_ONLY___ n1-standard-4
2022-10-26 13:30:23,151 INFO     ___FILE_ONLY___   
2022-10-26 13:30:23,151 INFO     ___FILE_ONLY___ 1.21.14-gke.2700
2022-10-26 13:30:23,151 INFO     ___FILE_ONLY___   
2022-10-26 13:30:23,151 INFO     ___FILE_ONLY___ 3
2022-10-26 13:30:23,151 INFO     ___FILE_ONLY___           
2022-10-26 13:30:23,151 INFO     ___FILE_ONLY___ RUNNING
2022-10-26 13:30:23,151 INFO     ___FILE_ONLY___ 

2022-10-26 13:30:23,151 INFO     ___FILE_ONLY___ jenkins-pxc-59ee10a5-cluster11
2022-10-26 13:30:23,151 INFO     ___FILE_ONLY___   
2022-10-26 13:30:23,151 INFO     ___FILE_ONLY___ us-central1-a
2022-10-26 13:30:23,151 INFO     ___FILE_ONLY___    
2022-10-26 13:30:23,151 INFO     ___FILE_ONLY___ 1.21.14-gke.7100
2022-10-26 13:30:23,151 INFO     ___FILE_ONLY___   
2022-10-26 13:30:23,151 INFO     ___FILE_ONLY___ 34.171.104.85
2022-10-26 13:30:23,151 INFO     ___FILE_ONLY___    
2022-10-26 13:30:23,151 INFO     ___FILE_ONLY___ n1-standard-4
2022-10-26 13:30:23,151 INFO     ___FILE_ONLY___   
2022-10-26 13:30:23,151 INFO     ___FILE_ONLY___ 1.21.14-gke.7100
2022-10-26 13:30:23,151 INFO     ___FILE_ONLY___   
2022-10-26 13:30:23,151 INFO     ___FILE_ONLY___ 3
2022-10-26 13:30:23,151 INFO     ___FILE_ONLY___           
2022-10-26 13:30:23,151 INFO     ___FILE_ONLY___ RUNNING
2022-10-26 13:30:23,151 INFO     ___FILE_ONLY___ 

2022-10-26 13:30:23,151 INFO     ___FILE_ONLY___ jenkins-pxc-59ee10a5-cluster3
2022-10-26 13:30:23,151 INFO     ___FILE_ONLY___    
2022-10-26 13:30:23,151 INFO     ___FILE_ONLY___ us-central1-a
2022-10-26 13:30:23,151 INFO     ___FILE_ONLY___    
2022-10-26 13:30:23,151 INFO     ___FILE_ONLY___ 1.21.14-gke.7100
2022-10-26 13:30:23,151 INFO     ___FILE_ONLY___   
2022-10-26 13:30:23,151 INFO     ___FILE_ONLY___ 34.170.225.225
2022-10-26 13:30:23,151 INFO     ___FILE_ONLY___   
2022-10-26 13:30:23,151 INFO     ___FILE_ONLY___ n1-standard-4
2022-10-26 13:30:23,151 INFO     ___FILE_ONLY___   
2022-10-26 13:30:23,151 INFO     ___FILE_ONLY___ 1.21.14-gke.7100
2022-10-26 13:30:23,151 INFO     ___FILE_ONLY___   
2022-10-26 13:30:23,151 INFO     ___FILE_ONLY___ 3
2022-10-26 13:30:23,152 INFO     ___FILE_ONLY___           
2022-10-26 13:30:23,152 INFO     ___FILE_ONLY___ RUNNING
2022-10-26 13:30:23,152 INFO     ___FILE_ONLY___ 

2022-10-26 13:30:23,152 INFO     ___FILE_ONLY___ jenkins-pxc-62f4bb33-cluster15
2022-10-26 13:30:23,152 INFO     ___FILE_ONLY___   
2022-10-26 13:30:23,152 INFO     ___FILE_ONLY___ us-central1-a
2022-10-26 13:30:23,152 INFO     ___FILE_ONLY___    
2022-10-26 13:30:23,152 INFO     ___FILE_ONLY___ 1.21.14-gke.7100
2022-10-26 13:30:23,152 INFO     ___FILE_ONLY___   
2022-10-26 13:30:23,152 INFO     ___FILE_ONLY___ 35.188.136.2
2022-10-26 13:30:23,152 INFO     ___FILE_ONLY___     
2022-10-26 13:30:23,152 INFO     ___FILE_ONLY___ n1-standard-4
2022-10-26 13:30:23,152 INFO     ___FILE_ONLY___   
2022-10-26 13:30:23,152 INFO     ___FILE_ONLY___ 1.21.14-gke.7100
2022-10-26 13:30:23,152 INFO     ___FILE_ONLY___   
2022-10-26 13:30:23,152 INFO     ___FILE_ONLY___ 3
2022-10-26 13:30:23,152 INFO     ___FILE_ONLY___           
2022-10-26 13:30:23,152 INFO     ___FILE_ONLY___ RUNNING
2022-10-26 13:30:23,152 INFO     ___FILE_ONLY___ 

2022-10-26 13:30:23,152 INFO     ___FILE_ONLY___ jenkins-pxc-62f4bb33-cluster2
2022-10-26 13:30:23,152 INFO     ___FILE_ONLY___    
2022-10-26 13:30:23,152 INFO     ___FILE_ONLY___ us-central1-a
2022-10-26 13:30:23,152 INFO     ___FILE_ONLY___    
2022-10-26 13:30:23,152 INFO     ___FILE_ONLY___ 1.21.14-gke.7100
2022-10-26 13:30:23,152 INFO     ___FILE_ONLY___   
2022-10-26 13:30:23,152 INFO     ___FILE_ONLY___ 34.133.81.129
2022-10-26 13:30:23,152 INFO     ___FILE_ONLY___    
2022-10-26 13:30:23,152 INFO     ___FILE_ONLY___ n1-standard-4
2022-10-26 13:30:23,152 INFO     ___FILE_ONLY___   
2022-10-26 13:30:23,152 INFO     ___FILE_ONLY___ 1.21.14-gke.7100
2022-10-26 13:30:23,152 INFO     ___FILE_ONLY___   
2022-10-26 13:30:23,152 INFO     ___FILE_ONLY___ 3
2022-10-26 13:30:23,152 INFO     ___FILE_ONLY___           
2022-10-26 13:30:23,152 INFO     ___FILE_ONLY___ RUNNING
2022-10-26 13:30:23,152 INFO     ___FILE_ONLY___ 

2022-10-26 13:30:23,152 INFO     ___FILE_ONLY___ jenkins-pxc-62f4bb33-cluster6
2022-10-26 13:30:23,152 INFO     ___FILE_ONLY___    
2022-10-26 13:30:23,152 INFO     ___FILE_ONLY___ us-central1-a
2022-10-26 13:30:23,152 INFO     ___FILE_ONLY___    
2022-10-26 13:30:23,152 INFO     ___FILE_ONLY___ 1.21.14-gke.7100
2022-10-26 13:30:23,152 INFO     ___FILE_ONLY___   
2022-10-26 13:30:23,152 INFO     ___FILE_ONLY___ 34.172.12.254
2022-10-26 13:30:23,152 INFO     ___FILE_ONLY___    
2022-10-26 13:30:23,152 INFO     ___FILE_ONLY___ n1-standard-4
2022-10-26 13:30:23,152 INFO     ___FILE_ONLY___   
2022-10-26 13:30:23,152 INFO     ___FILE_ONLY___ 1.21.14-gke.7100
2022-10-26 13:30:23,152 INFO     ___FILE_ONLY___   
2022-10-26 13:30:23,152 INFO     ___FILE_ONLY___ 3
2022-10-26 13:30:23,152 INFO     ___FILE_ONLY___           
2022-10-26 13:30:23,153 INFO     ___FILE_ONLY___ RUNNING
2022-10-26 13:30:23,153 INFO     ___FILE_ONLY___ 

2022-10-26 13:30:23,153 INFO     ___FILE_ONLY___ jenkins-pxc-62f4bb33-cluster7
2022-10-26 13:30:23,153 INFO     ___FILE_ONLY___    
2022-10-26 13:30:23,153 INFO     ___FILE_ONLY___ us-central1-a
2022-10-26 13:30:23,153 INFO     ___FILE_ONLY___    
2022-10-26 13:30:23,153 INFO     ___FILE_ONLY___ 1.21.14-gke.7100
2022-10-26 13:30:23,153 INFO     ___FILE_ONLY___   
2022-10-26 13:30:23,153 INFO     ___FILE_ONLY___ 104.154.26.253
2022-10-26 13:30:23,153 INFO     ___FILE_ONLY___   
2022-10-26 13:30:23,153 INFO     ___FILE_ONLY___ n1-standard-4
2022-10-26 13:30:23,153 INFO     ___FILE_ONLY___   
2022-10-26 13:30:23,153 INFO     ___FILE_ONLY___ 1.21.14-gke.7100
2022-10-26 13:30:23,153 INFO     ___FILE_ONLY___   
2022-10-26 13:30:23,153 INFO     ___FILE_ONLY___ 3
2022-10-26 13:30:23,153 INFO     ___FILE_ONLY___           
2022-10-26 13:30:23,153 INFO     ___FILE_ONLY___ RUNNING
2022-10-26 13:30:23,153 INFO     ___FILE_ONLY___ 

2022-10-26 13:30:23,153 INFO     ___FILE_ONLY___ jenkins-pxc-ab1d2b34-cluster12
2022-10-26 13:30:23,153 INFO     ___FILE_ONLY___   
2022-10-26 13:30:23,153 INFO     ___FILE_ONLY___ us-central1-a
2022-10-26 13:30:23,153 INFO     ___FILE_ONLY___    
2022-10-26 13:30:23,153 INFO     ___FILE_ONLY___ 1.21.14-gke.7100
2022-10-26 13:30:23,153 INFO     ___FILE_ONLY___   
2022-10-26 13:30:23,153 INFO     ___FILE_ONLY___ 35.226.12.182
2022-10-26 13:30:23,153 INFO     ___FILE_ONLY___    
2022-10-26 13:30:23,153 INFO     ___FILE_ONLY___ n1-standard-4
2022-10-26 13:30:23,153 INFO     ___FILE_ONLY___   
2022-10-26 13:30:23,153 INFO     ___FILE_ONLY___ 1.21.14-gke.7100
2022-10-26 13:30:23,153 INFO     ___FILE_ONLY___   
2022-10-26 13:30:23,153 INFO     ___FILE_ONLY___ 3
2022-10-26 13:30:23,153 INFO     ___FILE_ONLY___           
2022-10-26 13:30:23,153 INFO     ___FILE_ONLY___ RUNNING
2022-10-26 13:30:23,153 INFO     ___FILE_ONLY___ 

2022-10-26 13:30:23,153 INFO     ___FILE_ONLY___ jenkins-pxc-ab1d2b34-cluster13
2022-10-26 13:30:23,153 INFO     ___FILE_ONLY___   
2022-10-26 13:30:23,153 INFO     ___FILE_ONLY___ us-central1-a
2022-10-26 13:30:23,153 INFO     ___FILE_ONLY___    
2022-10-26 13:30:23,153 INFO     ___FILE_ONLY___ 1.21.14-gke.7100
2022-10-26 13:30:23,153 INFO     ___FILE_ONLY___   
2022-10-26 13:30:23,153 INFO     ___FILE_ONLY___ 35.222.205.76
2022-10-26 13:30:23,153 INFO     ___FILE_ONLY___    
2022-10-26 13:30:23,154 INFO     ___FILE_ONLY___ n1-standard-4
2022-10-26 13:30:23,154 INFO     ___FILE_ONLY___   
2022-10-26 13:30:23,154 INFO     ___FILE_ONLY___ 1.21.14-gke.7100
2022-10-26 13:30:23,154 INFO     ___FILE_ONLY___   
2022-10-26 13:30:23,154 INFO     ___FILE_ONLY___ 3
2022-10-26 13:30:23,154 INFO     ___FILE_ONLY___           
2022-10-26 13:30:23,154 INFO     ___FILE_ONLY___ STOPPING
2022-10-26 13:30:23,154 INFO     ___FILE_ONLY___ 

2022-10-26 13:30:23,154 INFO     ___FILE_ONLY___ jenkins-pxc-ab1d2b34-cluster15
2022-10-26 13:30:23,154 INFO     ___FILE_ONLY___   
2022-10-26 13:30:23,154 INFO     ___FILE_ONLY___ us-central1-a
2022-10-26 13:30:23,154 INFO     ___FILE_ONLY___    
2022-10-26 13:30:23,154 INFO     ___FILE_ONLY___ 1.21.14-gke.7100
2022-10-26 13:30:23,154 INFO     ___FILE_ONLY___   
2022-10-26 13:30:23,154 INFO     ___FILE_ONLY___ 34.133.11.236
2022-10-26 13:30:23,154 INFO     ___FILE_ONLY___    
2022-10-26 13:30:23,154 INFO     ___FILE_ONLY___ n1-standard-4
2022-10-26 13:30:23,154 INFO     ___FILE_ONLY___   
2022-10-26 13:30:23,154 INFO     ___FILE_ONLY___ 1.21.14-gke.7100
2022-10-26 13:30:23,154 INFO     ___FILE_ONLY___   
2022-10-26 13:30:23,154 INFO     ___FILE_ONLY___ 3
2022-10-26 13:30:23,154 INFO     ___FILE_ONLY___           
2022-10-26 13:30:23,154 INFO     ___FILE_ONLY___ RUNNING
2022-10-26 13:30:23,154 INFO     ___FILE_ONLY___ 

2022-10-26 13:30:23,154 INFO     ___FILE_ONLY___ jenkins-pxc-ab1d2b34-cluster2
2022-10-26 13:30:23,154 INFO     ___FILE_ONLY___    
2022-10-26 13:30:23,154 INFO     ___FILE_ONLY___ us-central1-a
2022-10-26 13:30:23,154 INFO     ___FILE_ONLY___    
2022-10-26 13:30:23,154 INFO     ___FILE_ONLY___ 1.21.14-gke.7100
2022-10-26 13:30:23,154 INFO     ___FILE_ONLY___   
2022-10-26 13:30:23,154 INFO     ___FILE_ONLY___ 34.121.94.97
2022-10-26 13:30:23,154 INFO     ___FILE_ONLY___     
2022-10-26 13:30:23,154 INFO     ___FILE_ONLY___ n1-standard-4
2022-10-26 13:30:23,154 INFO     ___FILE_ONLY___   
2022-10-26 13:30:23,154 INFO     ___FILE_ONLY___ 1.21.14-gke.7100
2022-10-26 13:30:23,154 INFO     ___FILE_ONLY___   
2022-10-26 13:30:23,154 INFO     ___FILE_ONLY___ 3
2022-10-26 13:30:23,154 INFO     ___FILE_ONLY___           
2022-10-26 13:30:23,154 INFO     ___FILE_ONLY___ RUNNING
2022-10-26 13:30:23,154 INFO     ___FILE_ONLY___ 

2022-10-26 13:30:23,154 INFO     ___FILE_ONLY___ jenkins-pxc-ab1d2b34-cluster7
2022-10-26 13:30:23,154 INFO     ___FILE_ONLY___    
2022-10-26 13:30:23,154 INFO     ___FILE_ONLY___ us-central1-a
2022-10-26 13:30:23,154 INFO     ___FILE_ONLY___    
2022-10-26 13:30:23,155 INFO     ___FILE_ONLY___ 1.21.14-gke.7100
2022-10-26 13:30:23,155 INFO     ___FILE_ONLY___   
2022-10-26 13:30:23,155 INFO     ___FILE_ONLY___ 34.121.237.178
2022-10-26 13:30:23,155 INFO     ___FILE_ONLY___   
2022-10-26 13:30:23,155 INFO     ___FILE_ONLY___ n1-standard-4
2022-10-26 13:30:23,155 INFO     ___FILE_ONLY___   
2022-10-26 13:30:23,155 INFO     ___FILE_ONLY___ 1.21.14-gke.7100
2022-10-26 13:30:23,155 INFO     ___FILE_ONLY___   
2022-10-26 13:30:23,155 INFO     ___FILE_ONLY___ 3
2022-10-26 13:30:23,155 INFO     ___FILE_ONLY___           
2022-10-26 13:30:23,155 INFO     ___FILE_ONLY___ STOPPING
2022-10-26 13:30:23,155 INFO     ___FILE_ONLY___ 

2022-10-26 13:30:23,155 INFO     ___FILE_ONLY___ jenkins-pxc-ab1d2b34-cluster8
2022-10-26 13:30:23,155 INFO     ___FILE_ONLY___    
2022-10-26 13:30:23,155 INFO     ___FILE_ONLY___ us-central1-a
2022-10-26 13:30:23,155 INFO     ___FILE_ONLY___    
2022-10-26 13:30:23,155 INFO     ___FILE_ONLY___ 1.21.14-gke.7100
2022-10-26 13:30:23,155 INFO     ___FILE_ONLY___   
2022-10-26 13:30:23,155 INFO     ___FILE_ONLY___ 34.121.122.77
2022-10-26 13:30:23,155 INFO     ___FILE_ONLY___    
2022-10-26 13:30:23,155 INFO     ___FILE_ONLY___ n1-standard-4
2022-10-26 13:30:23,155 INFO     ___FILE_ONLY___   
2022-10-26 13:30:23,155 INFO     ___FILE_ONLY___ 1.21.14-gke.7100
2022-10-26 13:30:23,155 INFO     ___FILE_ONLY___   
2022-10-26 13:30:23,155 INFO     ___FILE_ONLY___ 3
2022-10-26 13:30:23,155 INFO     ___FILE_ONLY___           
2022-10-26 13:30:23,155 INFO     ___FILE_ONLY___ RUNNING
2022-10-26 13:30:23,155 INFO     ___FILE_ONLY___ 

2022-10-26 13:30:23,155 INFO     ___FILE_ONLY___ jenkins-pxc-bf7420b7-cluster13
2022-10-26 13:30:23,155 INFO     ___FILE_ONLY___   
2022-10-26 13:30:23,155 INFO     ___FILE_ONLY___ us-central1-a
2022-10-26 13:30:23,155 INFO     ___FILE_ONLY___    
2022-10-26 13:30:23,155 INFO     ___FILE_ONLY___ 1.21.14-gke.7100
2022-10-26 13:30:23,155 INFO     ___FILE_ONLY___   
2022-10-26 13:30:23,155 INFO     ___FILE_ONLY___ 34.133.117.125
2022-10-26 13:30:23,155 INFO     ___FILE_ONLY___   
2022-10-26 13:30:23,155 INFO     ___FILE_ONLY___ n1-standard-4
2022-10-26 13:30:23,155 INFO     ___FILE_ONLY___   
2022-10-26 13:30:23,155 INFO     ___FILE_ONLY___ 1.21.14-gke.7100
2022-10-26 13:30:23,155 INFO     ___FILE_ONLY___   
2022-10-26 13:30:23,155 INFO     ___FILE_ONLY___ 3
2022-10-26 13:30:23,155 INFO     ___FILE_ONLY___           
2022-10-26 13:30:23,155 INFO     ___FILE_ONLY___ RUNNING
2022-10-26 13:30:23,155 INFO     ___FILE_ONLY___ 

2022-10-26 13:30:23,155 INFO     ___FILE_ONLY___ jenkins-pxc-bf7420b7-cluster15
2022-10-26 13:30:23,155 INFO     ___FILE_ONLY___   
2022-10-26 13:30:23,155 INFO     ___FILE_ONLY___ us-central1-a
2022-10-26 13:30:23,155 INFO     ___FILE_ONLY___    
2022-10-26 13:30:23,155 INFO     ___FILE_ONLY___ 1.21.14-gke.7100
2022-10-26 13:30:23,155 INFO     ___FILE_ONLY___   
2022-10-26 13:30:23,155 INFO     ___FILE_ONLY___ 34.66.174.4
2022-10-26 13:30:23,155 INFO     ___FILE_ONLY___      
2022-10-26 13:30:23,156 INFO     ___FILE_ONLY___ n1-standard-4
2022-10-26 13:30:23,156 INFO     ___FILE_ONLY___   
2022-10-26 13:30:23,156 INFO     ___FILE_ONLY___ 1.21.14-gke.7100
2022-10-26 13:30:23,156 INFO     ___FILE_ONLY___   
2022-10-26 13:30:23,156 INFO     ___FILE_ONLY___ 3
2022-10-26 13:30:23,156 INFO     ___FILE_ONLY___           
2022-10-26 13:30:23,156 INFO     ___FILE_ONLY___ RUNNING
2022-10-26 13:30:23,156 INFO     ___FILE_ONLY___ 

2022-10-26 13:30:23,156 INFO     ___FILE_ONLY___ jenkins-pxc-bf7420b7-cluster3
2022-10-26 13:30:23,156 INFO     ___FILE_ONLY___    
2022-10-26 13:30:23,156 INFO     ___FILE_ONLY___ us-central1-a
2022-10-26 13:30:23,156 INFO     ___FILE_ONLY___    
2022-10-26 13:30:23,156 INFO     ___FILE_ONLY___ 1.21.14-gke.7100
2022-10-26 13:30:23,156 INFO     ___FILE_ONLY___   
2022-10-26 13:30:23,156 INFO     ___FILE_ONLY___ 34.172.108.48
2022-10-26 13:30:23,156 INFO     ___FILE_ONLY___    
2022-10-26 13:30:23,156 INFO     ___FILE_ONLY___ n1-standard-4
2022-10-26 13:30:23,156 INFO     ___FILE_ONLY___   
2022-10-26 13:30:23,156 INFO     ___FILE_ONLY___ 1.21.14-gke.7100
2022-10-26 13:30:23,156 INFO     ___FILE_ONLY___   
2022-10-26 13:30:23,156 INFO     ___FILE_ONLY___ 3
2022-10-26 13:30:23,156 INFO     ___FILE_ONLY___           
2022-10-26 13:30:23,156 INFO     ___FILE_ONLY___ RUNNING
2022-10-26 13:30:23,156 INFO     ___FILE_ONLY___ 

2022-10-26 13:30:23,156 INFO     ___FILE_ONLY___ jenkins-pxc-bf7420b7-cluster4
2022-10-26 13:30:23,156 INFO     ___FILE_ONLY___    
2022-10-26 13:30:23,156 INFO     ___FILE_ONLY___ us-central1-a
2022-10-26 13:30:23,156 INFO     ___FILE_ONLY___    
2022-10-26 13:30:23,156 INFO     ___FILE_ONLY___ 1.21.14-gke.7100
2022-10-26 13:30:23,156 INFO     ___FILE_ONLY___   
2022-10-26 13:30:23,156 INFO     ___FILE_ONLY___ 34.67.91.168
2022-10-26 13:30:23,156 INFO     ___FILE_ONLY___     
2022-10-26 13:30:23,156 INFO     ___FILE_ONLY___ n1-standard-4
2022-10-26 13:30:23,156 INFO     ___FILE_ONLY___   
2022-10-26 13:30:23,156 INFO     ___FILE_ONLY___ 1.21.14-gke.7100
2022-10-26 13:30:23,156 INFO     ___FILE_ONLY___   
2022-10-26 13:30:23,156 INFO     ___FILE_ONLY___ 3
2022-10-26 13:30:23,156 INFO     ___FILE_ONLY___           
2022-10-26 13:30:23,156 INFO     ___FILE_ONLY___ RUNNING
2022-10-26 13:30:23,156 INFO     ___FILE_ONLY___ 

2022-10-26 13:30:23,156 INFO     ___FILE_ONLY___ jenkins-pxc-bf7420b7-cluster5
2022-10-26 13:30:23,156 INFO     ___FILE_ONLY___    
2022-10-26 13:30:23,156 INFO     ___FILE_ONLY___ us-central1-a
2022-10-26 13:30:23,156 INFO     ___FILE_ONLY___    
2022-10-26 13:30:23,156 INFO     ___FILE_ONLY___ 1.21.14-gke.7100
2022-10-26 13:30:23,156 INFO     ___FILE_ONLY___   
2022-10-26 13:30:23,156 INFO     ___FILE_ONLY___ 34.132.115.193
2022-10-26 13:30:23,156 INFO     ___FILE_ONLY___   
2022-10-26 13:30:23,156 INFO     ___FILE_ONLY___ n1-standard-4
2022-10-26 13:30:23,157 INFO     ___FILE_ONLY___   
2022-10-26 13:30:23,157 INFO     ___FILE_ONLY___ 1.21.14-gke.7100
2022-10-26 13:30:23,157 INFO     ___FILE_ONLY___   
2022-10-26 13:30:23,157 INFO     ___FILE_ONLY___ 3
2022-10-26 13:30:23,157 INFO     ___FILE_ONLY___           
2022-10-26 13:30:23,157 INFO     ___FILE_ONLY___ RUNNING
2022-10-26 13:30:23,157 INFO     ___FILE_ONLY___ 

2022-10-26 13:30:23,157 INFO     ___FILE_ONLY___ jenkins-pxc-bf7420b7-cluster6
2022-10-26 13:30:23,157 INFO     ___FILE_ONLY___    
2022-10-26 13:30:23,157 INFO     ___FILE_ONLY___ us-central1-a
2022-10-26 13:30:23,157 INFO     ___FILE_ONLY___    
2022-10-26 13:30:23,157 INFO     ___FILE_ONLY___ 1.21.14-gke.7100
2022-10-26 13:30:23,157 INFO     ___FILE_ONLY___   
2022-10-26 13:30:23,157 INFO     ___FILE_ONLY___ 34.133.127.14
2022-10-26 13:30:23,157 INFO     ___FILE_ONLY___    
2022-10-26 13:30:23,157 INFO     ___FILE_ONLY___ n1-standard-4
2022-10-26 13:30:23,157 INFO     ___FILE_ONLY___   
2022-10-26 13:30:23,157 INFO     ___FILE_ONLY___ 1.21.14-gke.7100
2022-10-26 13:30:23,157 INFO     ___FILE_ONLY___   
2022-10-26 13:30:23,157 INFO     ___FILE_ONLY___ 3
2022-10-26 13:30:23,157 INFO     ___FILE_ONLY___           
2022-10-26 13:30:23,157 INFO     ___FILE_ONLY___ RUNNING
2022-10-26 13:30:23,157 INFO     ___FILE_ONLY___ 

2022-10-26 13:30:23,157 INFO     ___FILE_ONLY___ jenkins-pxc-bf7420b7-cluster7
2022-10-26 13:30:23,157 INFO     ___FILE_ONLY___    
2022-10-26 13:30:23,157 INFO     ___FILE_ONLY___ us-central1-a
2022-10-26 13:30:23,157 INFO     ___FILE_ONLY___    
2022-10-26 13:30:23,157 INFO     ___FILE_ONLY___ 1.21.14-gke.7100
2022-10-26 13:30:23,157 INFO     ___FILE_ONLY___   
2022-10-26 13:30:23,157 INFO     ___FILE_ONLY___ 34.172.159.126
2022-10-26 13:30:23,157 INFO     ___FILE_ONLY___   
2022-10-26 13:30:23,157 INFO     ___FILE_ONLY___ n1-standard-4
2022-10-26 13:30:23,157 INFO     ___FILE_ONLY___   
2022-10-26 13:30:23,157 INFO     ___FILE_ONLY___ 1.21.14-gke.7100
2022-10-26 13:30:23,157 INFO     ___FILE_ONLY___   
2022-10-26 13:30:23,157 INFO     ___FILE_ONLY___ 3
2022-10-26 13:30:23,157 INFO     ___FILE_ONLY___           
2022-10-26 13:30:23,157 INFO     ___FILE_ONLY___ RUNNING
2022-10-26 13:30:23,157 INFO     ___FILE_ONLY___ 

2022-10-26 13:30:23,157 INFO     ___FILE_ONLY___ jenkins-pxc-e9f09bb4-cluster1
2022-10-26 13:30:23,157 INFO     ___FILE_ONLY___    
2022-10-26 13:30:23,157 INFO     ___FILE_ONLY___ us-central1-a
2022-10-26 13:30:23,157 INFO     ___FILE_ONLY___    
2022-10-26 13:30:23,157 INFO     ___FILE_ONLY___ 1.21.14-gke.7100
2022-10-26 13:30:23,157 INFO     ___FILE_ONLY___   
2022-10-26 13:30:23,157 INFO     ___FILE_ONLY___ 35.238.196.69
2022-10-26 13:30:23,157 INFO     ___FILE_ONLY___    
2022-10-26 13:30:23,158 INFO     ___FILE_ONLY___ n1-standard-4
2022-10-26 13:30:23,158 INFO     ___FILE_ONLY___   
2022-10-26 13:30:23,158 INFO     ___FILE_ONLY___ 1.21.14-gke.7100
2022-10-26 13:30:23,158 INFO     ___FILE_ONLY___   
2022-10-26 13:30:23,158 INFO     ___FILE_ONLY___ 3
2022-10-26 13:30:23,158 INFO     ___FILE_ONLY___           
2022-10-26 13:30:23,158 INFO     ___FILE_ONLY___ RUNNING
2022-10-26 13:30:23,158 INFO     ___FILE_ONLY___ 

2022-10-26 13:30:23,158 INFO     ___FILE_ONLY___ jenkins-pxc-e9f09bb4-cluster10
2022-10-26 13:30:23,158 INFO     ___FILE_ONLY___   
2022-10-26 13:30:23,158 INFO     ___FILE_ONLY___ us-central1-a
2022-10-26 13:30:23,158 INFO     ___FILE_ONLY___    
2022-10-26 13:30:23,158 INFO     ___FILE_ONLY___ 1.21.14-gke.7100
2022-10-26 13:30:23,158 INFO     ___FILE_ONLY___   
2022-10-26 13:30:23,158 INFO     ___FILE_ONLY___ 35.226.99.61
2022-10-26 13:30:23,158 INFO     ___FILE_ONLY___     
2022-10-26 13:30:23,158 INFO     ___FILE_ONLY___ n1-standard-4
2022-10-26 13:30:23,158 INFO     ___FILE_ONLY___   
2022-10-26 13:30:23,158 INFO     ___FILE_ONLY___ 1.21.14-gke.7100
2022-10-26 13:30:23,158 INFO     ___FILE_ONLY___   
2022-10-26 13:30:23,158 INFO     ___FILE_ONLY___ 3
2022-10-26 13:30:23,158 INFO     ___FILE_ONLY___           
2022-10-26 13:30:23,158 INFO     ___FILE_ONLY___ RUNNING
2022-10-26 13:30:23,158 INFO     ___FILE_ONLY___ 

2022-10-26 13:30:23,158 INFO     ___FILE_ONLY___ jenkins-pxc-e9f09bb4-cluster11
2022-10-26 13:30:23,158 INFO     ___FILE_ONLY___   
2022-10-26 13:30:23,158 INFO     ___FILE_ONLY___ us-central1-a
2022-10-26 13:30:23,158 INFO     ___FILE_ONLY___    
2022-10-26 13:30:23,158 INFO     ___FILE_ONLY___ 1.21.14-gke.7100
2022-10-26 13:30:23,158 INFO     ___FILE_ONLY___   
2022-10-26 13:30:23,158 INFO     ___FILE_ONLY___ 34.71.17.184
2022-10-26 13:30:23,158 INFO     ___FILE_ONLY___     
2022-10-26 13:30:23,158 INFO     ___FILE_ONLY___ n1-standard-4
2022-10-26 13:30:23,158 INFO     ___FILE_ONLY___   
2022-10-26 13:30:23,158 INFO     ___FILE_ONLY___ 1.21.14-gke.7100
2022-10-26 13:30:23,158 INFO     ___FILE_ONLY___   
2022-10-26 13:30:23,158 INFO     ___FILE_ONLY___ 3
2022-10-26 13:30:23,158 INFO     ___FILE_ONLY___           
2022-10-26 13:30:23,158 INFO     ___FILE_ONLY___ RUNNING
2022-10-26 13:30:23,158 INFO     ___FILE_ONLY___ 

2022-10-26 13:30:23,158 INFO     ___FILE_ONLY___ jenkins-pxc-e9f09bb4-cluster15
2022-10-26 13:30:23,158 INFO     ___FILE_ONLY___   
2022-10-26 13:30:23,158 INFO     ___FILE_ONLY___ us-central1-a
2022-10-26 13:30:23,158 INFO     ___FILE_ONLY___    
2022-10-26 13:30:23,158 INFO     ___FILE_ONLY___ 1.21.14-gke.7100
2022-10-26 13:30:23,158 INFO     ___FILE_ONLY___   
2022-10-26 13:30:23,158 INFO     ___FILE_ONLY___ 34.136.167.78
2022-10-26 13:30:23,158 INFO     ___FILE_ONLY___    
2022-10-26 13:30:23,158 INFO     ___FILE_ONLY___ n1-standard-4
2022-10-26 13:30:23,158 INFO     ___FILE_ONLY___   
2022-10-26 13:30:23,159 INFO     ___FILE_ONLY___ 1.21.14-gke.7100
2022-10-26 13:30:23,159 INFO     ___FILE_ONLY___   
2022-10-26 13:30:23,159 INFO     ___FILE_ONLY___ 3
2022-10-26 13:30:23,159 INFO     ___FILE_ONLY___           
2022-10-26 13:30:23,159 INFO     ___FILE_ONLY___ RUNNING
2022-10-26 13:30:23,159 INFO     ___FILE_ONLY___ 

2022-10-26 13:30:23,159 INFO     ___FILE_ONLY___ jenkins-pxc-e9f09bb4-cluster3
2022-10-26 13:30:23,159 INFO     ___FILE_ONLY___    
2022-10-26 13:30:23,159 INFO     ___FILE_ONLY___ us-central1-a
2022-10-26 13:30:23,159 INFO     ___FILE_ONLY___    
2022-10-26 13:30:23,159 INFO     ___FILE_ONLY___ 1.21.14-gke.7100
2022-10-26 13:30:23,159 INFO     ___FILE_ONLY___   
2022-10-26 13:30:23,159 INFO     ___FILE_ONLY___ 35.222.56.20
2022-10-26 13:30:23,159 INFO     ___FILE_ONLY___     
2022-10-26 13:30:23,159 INFO     ___FILE_ONLY___ n1-standard-4
2022-10-26 13:30:23,159 INFO     ___FILE_ONLY___   
2022-10-26 13:30:23,159 INFO     ___FILE_ONLY___ 1.21.14-gke.7100
2022-10-26 13:30:23,159 INFO     ___FILE_ONLY___   
2022-10-26 13:30:23,159 INFO     ___FILE_ONLY___ 3
2022-10-26 13:30:23,159 INFO     ___FILE_ONLY___           
2022-10-26 13:30:23,159 INFO     ___FILE_ONLY___ RUNNING
2022-10-26 13:30:23,159 INFO     ___FILE_ONLY___ 

2022-10-26 13:30:23,159 INFO     ___FILE_ONLY___ jenkins-pxc-e9f09bb4-cluster5
2022-10-26 13:30:23,159 INFO     ___FILE_ONLY___    
2022-10-26 13:30:23,159 INFO     ___FILE_ONLY___ us-central1-a
2022-10-26 13:30:23,159 INFO     ___FILE_ONLY___    
2022-10-26 13:30:23,159 INFO     ___FILE_ONLY___ 1.21.14-gke.7100
2022-10-26 13:30:23,159 INFO     ___FILE_ONLY___   
2022-10-26 13:30:23,159 INFO     ___FILE_ONLY___ 35.223.243.47
2022-10-26 13:30:23,159 INFO     ___FILE_ONLY___    
2022-10-26 13:30:23,159 INFO     ___FILE_ONLY___ n1-standard-4
2022-10-26 13:30:23,159 INFO     ___FILE_ONLY___   
2022-10-26 13:30:23,159 INFO     ___FILE_ONLY___ 1.21.14-gke.7100
2022-10-26 13:30:23,159 INFO     ___FILE_ONLY___   
2022-10-26 13:30:23,159 INFO     ___FILE_ONLY___ 3
2022-10-26 13:30:23,159 INFO     ___FILE_ONLY___           
2022-10-26 13:30:23,159 INFO     ___FILE_ONLY___ RUNNING
2022-10-26 13:30:23,159 INFO     ___FILE_ONLY___ 

2022-10-26 13:30:23,159 INFO     ___FILE_ONLY___ jenkins-pxc-e9f09bb4-cluster8
2022-10-26 13:30:23,159 INFO     ___FILE_ONLY___    
2022-10-26 13:30:23,159 INFO     ___FILE_ONLY___ us-central1-a
2022-10-26 13:30:23,159 INFO     ___FILE_ONLY___    
2022-10-26 13:30:23,159 INFO     ___FILE_ONLY___ 1.21.14-gke.7100
2022-10-26 13:30:23,159 INFO     ___FILE_ONLY___   
2022-10-26 13:30:23,159 INFO     ___FILE_ONLY___ 34.72.189.228
2022-10-26 13:30:23,159 INFO     ___FILE_ONLY___    
2022-10-26 13:30:23,159 INFO     ___FILE_ONLY___ n1-standard-4
2022-10-26 13:30:23,159 INFO     ___FILE_ONLY___   
2022-10-26 13:30:23,159 INFO     ___FILE_ONLY___ 1.21.14-gke.7100
2022-10-26 13:30:23,160 INFO     ___FILE_ONLY___   
2022-10-26 13:30:23,160 INFO     ___FILE_ONLY___ 3
2022-10-26 13:30:23,160 INFO     ___FILE_ONLY___           
2022-10-26 13:30:23,160 INFO     ___FILE_ONLY___ RUNNING
2022-10-26 13:30:23,160 INFO     ___FILE_ONLY___ 

2022-10-26 13:30:23,160 INFO     ___FILE_ONLY___ plavi-121
2022-10-26 13:30:23,160 INFO     ___FILE_ONLY___                        
2022-10-26 13:30:23,160 INFO     ___FILE_ONLY___ us-central1-a
2022-10-26 13:30:23,160 INFO     ___FILE_ONLY___    
2022-10-26 13:30:23,160 INFO     ___FILE_ONLY___ 1.21.14-gke.7100
2022-10-26 13:30:23,160 INFO     ___FILE_ONLY___   
2022-10-26 13:30:23,160 INFO     ___FILE_ONLY___ 35.238.60.44
2022-10-26 13:30:23,160 INFO     ___FILE_ONLY___     
2022-10-26 13:30:23,160 INFO     ___FILE_ONLY___ n1-standard-4
2022-10-26 13:30:23,160 INFO     ___FILE_ONLY___   
2022-10-26 13:30:23,160 INFO     ___FILE_ONLY___ 1.21.14-gke.7100
2022-10-26 13:30:23,160 INFO     ___FILE_ONLY___   
2022-10-26 13:30:23,160 INFO     ___FILE_ONLY___ 3
2022-10-26 13:30:23,160 INFO     ___FILE_ONLY___           
2022-10-26 13:30:23,160 INFO     ___FILE_ONLY___ PROVISIONING
2022-10-26 13:30:23,160 INFO     ___FILE_ONLY___ 

2022-10-26 13:30:23,160 INFO     ___FILE_ONLY___ cap-666
2022-10-26 13:30:23,160 INFO     ___FILE_ONLY___                          
2022-10-26 13:30:23,160 INFO     ___FILE_ONLY___ us-central1-c
2022-10-26 13:30:23,160 INFO     ___FILE_ONLY___    
2022-10-26 13:30:23,160 INFO     ___FILE_ONLY___ 1.21.14-gke.8500
2022-10-26 13:30:23,160 INFO     ___FILE_ONLY___   
2022-10-26 13:30:23,160 INFO     ___FILE_ONLY___ 34.72.251.11
2022-10-26 13:30:23,160 INFO     ___FILE_ONLY___     
2022-10-26 13:30:23,160 INFO     ___FILE_ONLY___ n1-standard-4
2022-10-26 13:30:23,160 INFO     ___FILE_ONLY___   
2022-10-26 13:30:23,160 INFO     ___FILE_ONLY___ 1.21.14-gke.8500
2022-10-26 13:30:23,160 INFO     ___FILE_ONLY___   
2022-10-26 13:30:23,160 INFO     ___FILE_ONLY___ 3
2022-10-26 13:30:23,160 INFO     ___FILE_ONLY___           
2022-10-26 13:30:23,160 INFO     ___FILE_ONLY___ RUNNING
2022-10-26 13:30:23,160 INFO     ___FILE_ONLY___ 

2022-10-26 13:30:23,167 DEBUG    root            Metrics reporting process started...
