2022-10-26 16:12:36,791 DEBUG    root            Loaded Command Group: ['gcloud', 'container', 'clusters']
2022-10-26 16:12:36,793 DEBUG    root            Loaded Command Group: ['gcloud', 'container', 'clusters', 'list']
2022-10-26 16:12:36,814 DEBUG    root            Running [gcloud.container.clusters.list] with arguments: []
2022-10-26 16:12:36,887 DEBUG    urllib3.connectionpool Starting new HTTPS connection (1): container.googleapis.com:443
2022-10-26 16:12:37,600 DEBUG    urllib3.connectionpool https://container.googleapis.com:443 "GET /v1/projects/cloud-dev-112233/locations/-/clusters?alt=json HTTP/1.1" 200 None
2022-10-26 16:12:37,756 INFO     root            Display format: "
    table(
        name,
        zone:label=LOCATION,
        master_version():label=MASTER_VERSION,
        endpoint:label=MASTER_IP,
        nodePools[0].config.machineType,
        currentNodeVersion:label=NODE_VERSION,
        firstof(currentNodeCount,initialNodeCount):label=NUM_NODES,
        status
    )
"
2022-10-26 16:12:37,793 INFO     ___FILE_ONLY___ NAME
2022-10-26 16:12:37,793 INFO     ___FILE_ONLY___                                    
2022-10-26 16:12:37,793 INFO     ___FILE_ONLY___ LOCATION
2022-10-26 16:12:37,793 INFO     ___FILE_ONLY___         
2022-10-26 16:12:37,793 INFO     ___FILE_ONLY___ MASTER_VERSION
2022-10-26 16:12:37,793 INFO     ___FILE_ONLY___                        
2022-10-26 16:12:37,793 INFO     ___FILE_ONLY___ MASTER_IP
2022-10-26 16:12:37,793 INFO     ___FILE_ONLY___        
2022-10-26 16:12:37,793 INFO     ___FILE_ONLY___ MACHINE_TYPE
2022-10-26 16:12:37,793 INFO     ___FILE_ONLY___    
2022-10-26 16:12:37,793 INFO     ___FILE_ONLY___ NODE_VERSION
2022-10-26 16:12:37,793 INFO     ___FILE_ONLY___       
2022-10-26 16:12:37,793 INFO     ___FILE_ONLY___ NUM_NODES
2022-10-26 16:12:37,793 INFO     ___FILE_ONLY___   
2022-10-26 16:12:37,793 INFO     ___FILE_ONLY___ STATUS
2022-10-26 16:12:37,793 INFO     ___FILE_ONLY___ 

2022-10-26 16:12:37,793 INFO     ___FILE_ONLY___ ondrei-8728
2022-10-26 16:12:37,793 INFO     ___FILE_ONLY___                             
2022-10-26 16:12:37,793 INFO     ___FILE_ONLY___ europe-west1-c
2022-10-26 16:12:37,793 INFO     ___FILE_ONLY___   
2022-10-26 16:12:37,793 INFO     ___FILE_ONLY___ 1.21.14-gke.7100
2022-10-26 16:12:37,793 INFO     ___FILE_ONLY___                      
2022-10-26 16:12:37,794 INFO     ___FILE_ONLY___ 35.205.162.69
2022-10-26 16:12:37,794 INFO     ___FILE_ONLY___    
2022-10-26 16:12:37,794 INFO     ___FILE_ONLY___ n1-standard-4
2022-10-26 16:12:37,794 INFO     ___FILE_ONLY___   
2022-10-26 16:12:37,794 INFO     ___FILE_ONLY___ 1.21.14-gke.7100
2022-10-26 16:12:37,794 INFO     ___FILE_ONLY___   
2022-10-26 16:12:37,794 INFO     ___FILE_ONLY___ 3
2022-10-26 16:12:37,794 INFO     ___FILE_ONLY___           
2022-10-26 16:12:37,794 INFO     ___FILE_ONLY___ RUNNING
2022-10-26 16:12:37,794 INFO     ___FILE_ONLY___ 

2022-10-26 16:12:37,794 INFO     ___FILE_ONLY___ ege-10903
2022-10-26 16:12:37,794 INFO     ___FILE_ONLY___                               
2022-10-26 16:12:37,794 INFO     ___FILE_ONLY___ europe-west3
2022-10-26 16:12:37,794 INFO     ___FILE_ONLY___     
2022-10-26 16:12:37,794 INFO     ___FILE_ONLY___ 1.25.1-gke.500
2022-10-26 16:12:37,794 INFO     ___FILE_ONLY___                        
2022-10-26 16:12:37,794 INFO     ___FILE_ONLY___ 34.159.252.223
2022-10-26 16:12:37,794 INFO     ___FILE_ONLY___   
2022-10-26 16:12:37,794 INFO     ___FILE_ONLY___ n1-standard-4
2022-10-26 16:12:37,794 INFO     ___FILE_ONLY___   
2022-10-26 16:12:37,794 INFO     ___FILE_ONLY___ 1.25.1-gke.500
2022-10-26 16:12:37,794 INFO     ___FILE_ONLY___     
2022-10-26 16:12:37,794 INFO     ___FILE_ONLY___ 3
2022-10-26 16:12:37,794 INFO     ___FILE_ONLY___           
2022-10-26 16:12:37,794 INFO     ___FILE_ONLY___ RUNNING
2022-10-26 16:12:37,794 INFO     ___FILE_ONLY___ 

2022-10-26 16:12:37,794 INFO     ___FILE_ONLY___ slava-pxc
2022-10-26 16:12:37,794 INFO     ___FILE_ONLY___                               
2022-10-26 16:12:37,794 INFO     ___FILE_ONLY___ europe-west3-a
2022-10-26 16:12:37,794 INFO     ___FILE_ONLY___   
2022-10-26 16:12:37,794 INFO     ___FILE_ONLY___ 1.23.12-gke.100
2022-10-26 16:12:37,794 INFO     ___FILE_ONLY___                       
2022-10-26 16:12:37,794 INFO     ___FILE_ONLY___ 35.198.76.28
2022-10-26 16:12:37,794 INFO     ___FILE_ONLY___     
2022-10-26 16:12:37,794 INFO     ___FILE_ONLY___ n1-standard-4
2022-10-26 16:12:37,794 INFO     ___FILE_ONLY___   
2022-10-26 16:12:37,794 INFO     ___FILE_ONLY___ 1.23.12-gke.100
2022-10-26 16:12:37,794 INFO     ___FILE_ONLY___    
2022-10-26 16:12:37,794 INFO     ___FILE_ONLY___ 3
2022-10-26 16:12:37,794 INFO     ___FILE_ONLY___           
2022-10-26 16:12:37,794 INFO     ___FILE_ONLY___ RUNNING
2022-10-26 16:12:37,794 INFO     ___FILE_ONLY___ 

2022-10-26 16:12:37,794 INFO     ___FILE_ONLY___ inel-26754
2022-10-26 16:12:37,795 INFO     ___FILE_ONLY___                              
2022-10-26 16:12:37,795 INFO     ___FILE_ONLY___ europe-west3-b
2022-10-26 16:12:37,795 INFO     ___FILE_ONLY___   
2022-10-26 16:12:37,795 INFO     ___FILE_ONLY___ 1.21.14-gke.7100
2022-10-26 16:12:37,795 INFO     ___FILE_ONLY___                      
2022-10-26 16:12:37,795 INFO     ___FILE_ONLY___ 35.198.125.215
2022-10-26 16:12:37,795 INFO     ___FILE_ONLY___   
2022-10-26 16:12:37,795 INFO     ___FILE_ONLY___ n1-standard-4
2022-10-26 16:12:37,795 INFO     ___FILE_ONLY___   
2022-10-26 16:12:37,795 INFO     ___FILE_ONLY___ 1.21.14-gke.7100
2022-10-26 16:12:37,795 INFO     ___FILE_ONLY___   
2022-10-26 16:12:37,795 INFO     ___FILE_ONLY___ 3
2022-10-26 16:12:37,795 INFO     ___FILE_ONLY___           
2022-10-26 16:12:37,795 INFO     ___FILE_ONLY___ RUNNING
2022-10-26 16:12:37,795 INFO     ___FILE_ONLY___ 

2022-10-26 16:12:37,795 INFO     ___FILE_ONLY___ max-30844
2022-10-26 16:12:37,795 INFO     ___FILE_ONLY___                               
2022-10-26 16:12:37,795 INFO     ___FILE_ONLY___ europe-west3-b
2022-10-26 16:12:37,795 INFO     ___FILE_ONLY___   
2022-10-26 16:12:37,795 INFO     ___FILE_ONLY___ 1.21.14-gke.2700
2022-10-26 16:12:37,795 INFO     ___FILE_ONLY___                      
2022-10-26 16:12:37,795 INFO     ___FILE_ONLY___ 35.246.193.17
2022-10-26 16:12:37,795 INFO     ___FILE_ONLY___    
2022-10-26 16:12:37,795 INFO     ___FILE_ONLY___ n1-standard-4
2022-10-26 16:12:37,795 INFO     ___FILE_ONLY___   
2022-10-26 16:12:37,795 INFO     ___FILE_ONLY___ 1.21.14-gke.2700
2022-10-26 16:12:37,795 INFO     ___FILE_ONLY___   
2022-10-26 16:12:37,795 INFO     ___FILE_ONLY___ 3
2022-10-26 16:12:37,795 INFO     ___FILE_ONLY___           
2022-10-26 16:12:37,795 INFO     ___FILE_ONLY___ RUNNING
2022-10-26 16:12:37,795 INFO     ___FILE_ONLY___ 

2022-10-26 16:12:37,795 INFO     ___FILE_ONLY___ jenkins-psmdb-95b7f3b9-backups
2022-10-26 16:12:37,795 INFO     ___FILE_ONLY___          
2022-10-26 16:12:37,795 INFO     ___FILE_ONLY___ us-central1-a
2022-10-26 16:12:37,795 INFO     ___FILE_ONLY___    
2022-10-26 16:12:37,795 INFO     ___FILE_ONLY___ 1.21.14-gke.7100 (! 13 days left !)
2022-10-26 16:12:37,795 INFO     ___FILE_ONLY___   
2022-10-26 16:12:37,795 INFO     ___FILE_ONLY___ 34.134.86.138
2022-10-26 16:12:37,795 INFO     ___FILE_ONLY___    
2022-10-26 16:12:37,795 INFO     ___FILE_ONLY___ n1-standard-4
2022-10-26 16:12:37,795 INFO     ___FILE_ONLY___   
2022-10-26 16:12:37,795 INFO     ___FILE_ONLY___ 1.21.14-gke.7100
2022-10-26 16:12:37,795 INFO     ___FILE_ONLY___   
2022-10-26 16:12:37,795 INFO     ___FILE_ONLY___ 3
2022-10-26 16:12:37,795 INFO     ___FILE_ONLY___           
2022-10-26 16:12:37,795 INFO     ___FILE_ONLY___ ERROR
2022-10-26 16:12:37,796 INFO     ___FILE_ONLY___ 

2022-10-26 16:12:37,796 INFO     ___FILE_ONLY___ jenkins-psmdb-95b7f3b9-basic
2022-10-26 16:12:37,796 INFO     ___FILE_ONLY___            
2022-10-26 16:12:37,796 INFO     ___FILE_ONLY___ us-central1-a
2022-10-26 16:12:37,796 INFO     ___FILE_ONLY___    
2022-10-26 16:12:37,796 INFO     ___FILE_ONLY___ 1.21.14-gke.7100
2022-10-26 16:12:37,796 INFO     ___FILE_ONLY___                      
2022-10-26 16:12:37,796 INFO     ___FILE_ONLY___ 35.232.3.216
2022-10-26 16:12:37,796 INFO     ___FILE_ONLY___     
2022-10-26 16:12:37,796 INFO     ___FILE_ONLY___ n1-standard-4
2022-10-26 16:12:37,796 INFO     ___FILE_ONLY___   
2022-10-26 16:12:37,796 INFO     ___FILE_ONLY___ 1.21.14-gke.7100
2022-10-26 16:12:37,796 INFO     ___FILE_ONLY___   
2022-10-26 16:12:37,796 INFO     ___FILE_ONLY___ 3
2022-10-26 16:12:37,796 INFO     ___FILE_ONLY___           
2022-10-26 16:12:37,796 INFO     ___FILE_ONLY___ RUNNING
2022-10-26 16:12:37,796 INFO     ___FILE_ONLY___ 

2022-10-26 16:12:37,796 INFO     ___FILE_ONLY___ jenkins-psmdb-95b7f3b9-cross-site
2022-10-26 16:12:37,796 INFO     ___FILE_ONLY___       
2022-10-26 16:12:37,796 INFO     ___FILE_ONLY___ us-central1-a
2022-10-26 16:12:37,796 INFO     ___FILE_ONLY___    
2022-10-26 16:12:37,796 INFO     ___FILE_ONLY___ 1.21.14-gke.7100 (! 13 days left !)
2022-10-26 16:12:37,796 INFO     ___FILE_ONLY___   
2022-10-26 16:12:37,796 INFO     ___FILE_ONLY___ 34.123.147.217
2022-10-26 16:12:37,796 INFO     ___FILE_ONLY___   
2022-10-26 16:12:37,796 INFO     ___FILE_ONLY___ n1-standard-4
2022-10-26 16:12:37,796 INFO     ___FILE_ONLY___   
2022-10-26 16:12:37,796 INFO     ___FILE_ONLY___ 1.21.14-gke.7100
2022-10-26 16:12:37,796 INFO     ___FILE_ONLY___   
2022-10-26 16:12:37,796 INFO     ___FILE_ONLY___ 3
2022-10-26 16:12:37,796 INFO     ___FILE_ONLY___           
2022-10-26 16:12:37,796 INFO     ___FILE_ONLY___ ERROR
2022-10-26 16:12:37,796 INFO     ___FILE_ONLY___ 

2022-10-26 16:12:37,796 INFO     ___FILE_ONLY___ jenkins-psmdb-95b7f3b9-scaling
2022-10-26 16:12:37,796 INFO     ___FILE_ONLY___          
2022-10-26 16:12:37,796 INFO     ___FILE_ONLY___ us-central1-a
2022-10-26 16:12:37,796 INFO     ___FILE_ONLY___    
2022-10-26 16:12:37,796 INFO     ___FILE_ONLY___ 1.21.14-gke.7100
2022-10-26 16:12:37,796 INFO     ___FILE_ONLY___                      
2022-10-26 16:12:37,796 INFO     ___FILE_ONLY___ 104.197.79.32
2022-10-26 16:12:37,796 INFO     ___FILE_ONLY___    
2022-10-26 16:12:37,796 INFO     ___FILE_ONLY___ n1-standard-4
2022-10-26 16:12:37,796 INFO     ___FILE_ONLY___   
2022-10-26 16:12:37,796 INFO     ___FILE_ONLY___ 1.21.14-gke.7100
2022-10-26 16:12:37,796 INFO     ___FILE_ONLY___   
2022-10-26 16:12:37,796 INFO     ___FILE_ONLY___ 3
2022-10-26 16:12:37,796 INFO     ___FILE_ONLY___           
2022-10-26 16:12:37,797 INFO     ___FILE_ONLY___ RUNNING
2022-10-26 16:12:37,797 INFO     ___FILE_ONLY___ 

2022-10-26 16:12:37,797 INFO     ___FILE_ONLY___ jenkins-psmdb-95b7f3b9-selfhealing
2022-10-26 16:12:37,797 INFO     ___FILE_ONLY___      
2022-10-26 16:12:37,797 INFO     ___FILE_ONLY___ us-central1-a
2022-10-26 16:12:37,797 INFO     ___FILE_ONLY___    
2022-10-26 16:12:37,797 INFO     ___FILE_ONLY___ 1.21.14-gke.7100
2022-10-26 16:12:37,797 INFO     ___FILE_ONLY___                      
2022-10-26 16:12:37,797 INFO     ___FILE_ONLY___ 34.171.118.3
2022-10-26 16:12:37,797 INFO     ___FILE_ONLY___     
2022-10-26 16:12:37,797 INFO     ___FILE_ONLY___ n1-standard-4
2022-10-26 16:12:37,797 INFO     ___FILE_ONLY___   
2022-10-26 16:12:37,797 INFO     ___FILE_ONLY___ 1.21.14-gke.7100
2022-10-26 16:12:37,797 INFO     ___FILE_ONLY___   
2022-10-26 16:12:37,797 INFO     ___FILE_ONLY___ 3
2022-10-26 16:12:37,797 INFO     ___FILE_ONLY___           
2022-10-26 16:12:37,797 INFO     ___FILE_ONLY___ RUNNING
2022-10-26 16:12:37,797 INFO     ___FILE_ONLY___ 

2022-10-26 16:12:37,797 INFO     ___FILE_ONLY___ jenkins-pso-85c9b31-cluster1
2022-10-26 16:12:37,797 INFO     ___FILE_ONLY___            
2022-10-26 16:12:37,797 INFO     ___FILE_ONLY___ us-central1-a
2022-10-26 16:12:37,797 INFO     ___FILE_ONLY___    
2022-10-26 16:12:37,797 INFO     ___FILE_ONLY___ 1.21.14-gke.7100
2022-10-26 16:12:37,797 INFO     ___FILE_ONLY___                      
2022-10-26 16:12:37,797 INFO     ___FILE_ONLY___ 35.193.107.177
2022-10-26 16:12:37,797 INFO     ___FILE_ONLY___   
2022-10-26 16:12:37,797 INFO     ___FILE_ONLY___ n1-standard-4
2022-10-26 16:12:37,797 INFO     ___FILE_ONLY___   
2022-10-26 16:12:37,797 INFO     ___FILE_ONLY___ 1.21.14-gke.7100
2022-10-26 16:12:37,797 INFO     ___FILE_ONLY___   
2022-10-26 16:12:37,797 INFO     ___FILE_ONLY___ 3
2022-10-26 16:12:37,797 INFO     ___FILE_ONLY___           
2022-10-26 16:12:37,797 INFO     ___FILE_ONLY___ RUNNING
2022-10-26 16:12:37,797 INFO     ___FILE_ONLY___ 

2022-10-26 16:12:37,797 INFO     ___FILE_ONLY___ jenkins-pso-85c9b31-cluster2
2022-10-26 16:12:37,797 INFO     ___FILE_ONLY___            
2022-10-26 16:12:37,797 INFO     ___FILE_ONLY___ us-central1-a
2022-10-26 16:12:37,797 INFO     ___FILE_ONLY___    
2022-10-26 16:12:37,797 INFO     ___FILE_ONLY___ 1.21.14-gke.7100
2022-10-26 16:12:37,797 INFO     ___FILE_ONLY___                      
2022-10-26 16:12:37,797 INFO     ___FILE_ONLY___ 35.238.68.252
2022-10-26 16:12:37,797 INFO     ___FILE_ONLY___    
2022-10-26 16:12:37,797 INFO     ___FILE_ONLY___ n1-standard-4
2022-10-26 16:12:37,798 INFO     ___FILE_ONLY___   
2022-10-26 16:12:37,798 INFO     ___FILE_ONLY___ 1.21.14-gke.7100
2022-10-26 16:12:37,798 INFO     ___FILE_ONLY___   
2022-10-26 16:12:37,798 INFO     ___FILE_ONLY___ 3
2022-10-26 16:12:37,798 INFO     ___FILE_ONLY___           
2022-10-26 16:12:37,798 INFO     ___FILE_ONLY___ RUNNING
2022-10-26 16:12:37,798 INFO     ___FILE_ONLY___ 

2022-10-26 16:12:37,798 INFO     ___FILE_ONLY___ jenkins-pso-85c9b31-cluster3
2022-10-26 16:12:37,798 INFO     ___FILE_ONLY___            
2022-10-26 16:12:37,798 INFO     ___FILE_ONLY___ us-central1-a
2022-10-26 16:12:37,798 INFO     ___FILE_ONLY___    
2022-10-26 16:12:37,798 INFO     ___FILE_ONLY___ 1.21.14-gke.7100
2022-10-26 16:12:37,798 INFO     ___FILE_ONLY___                      
2022-10-26 16:12:37,798 INFO     ___FILE_ONLY___ 34.121.14.152
2022-10-26 16:12:37,798 INFO     ___FILE_ONLY___    
2022-10-26 16:12:37,798 INFO     ___FILE_ONLY___ n1-standard-4
2022-10-26 16:12:37,798 INFO     ___FILE_ONLY___   
2022-10-26 16:12:37,798 INFO     ___FILE_ONLY___ 1.21.14-gke.7100
2022-10-26 16:12:37,798 INFO     ___FILE_ONLY___   
2022-10-26 16:12:37,798 INFO     ___FILE_ONLY___ 3
2022-10-26 16:12:37,798 INFO     ___FILE_ONLY___           
2022-10-26 16:12:37,798 INFO     ___FILE_ONLY___ RUNNING
2022-10-26 16:12:37,798 INFO     ___FILE_ONLY___ 

2022-10-26 16:12:37,798 INFO     ___FILE_ONLY___ jenkins-pso-fbd004d-cluster3
2022-10-26 16:12:37,798 INFO     ___FILE_ONLY___            
2022-10-26 16:12:37,798 INFO     ___FILE_ONLY___ us-central1-a
2022-10-26 16:12:37,798 INFO     ___FILE_ONLY___    
2022-10-26 16:12:37,798 INFO     ___FILE_ONLY___ 1.21.14-gke.7100
2022-10-26 16:12:37,798 INFO     ___FILE_ONLY___                      
2022-10-26 16:12:37,798 INFO     ___FILE_ONLY___ 34.71.97.190
2022-10-26 16:12:37,798 INFO     ___FILE_ONLY___     
2022-10-26 16:12:37,798 INFO     ___FILE_ONLY___ n1-standard-4
2022-10-26 16:12:37,798 INFO     ___FILE_ONLY___   
2022-10-26 16:12:37,798 INFO     ___FILE_ONLY___ 1.21.14-gke.7100
2022-10-26 16:12:37,798 INFO     ___FILE_ONLY___   
2022-10-26 16:12:37,798 INFO     ___FILE_ONLY___ 3
2022-10-26 16:12:37,798 INFO     ___FILE_ONLY___           
2022-10-26 16:12:37,798 INFO     ___FILE_ONLY___ RUNNING
2022-10-26 16:12:37,798 INFO     ___FILE_ONLY___ 

2022-10-26 16:12:37,798 INFO     ___FILE_ONLY___ jenkins-pxc-62f4bb33-cluster6
2022-10-26 16:12:37,798 INFO     ___FILE_ONLY___           
2022-10-26 16:12:37,798 INFO     ___FILE_ONLY___ us-central1-a
2022-10-26 16:12:37,798 INFO     ___FILE_ONLY___    
2022-10-26 16:12:37,798 INFO     ___FILE_ONLY___ 1.21.14-gke.7100
2022-10-26 16:12:37,798 INFO     ___FILE_ONLY___                      
2022-10-26 16:12:37,798 INFO     ___FILE_ONLY___ 34.172.12.254
2022-10-26 16:12:37,798 INFO     ___FILE_ONLY___    
2022-10-26 16:12:37,798 INFO     ___FILE_ONLY___ n1-standard-4
2022-10-26 16:12:37,799 INFO     ___FILE_ONLY___   
2022-10-26 16:12:37,799 INFO     ___FILE_ONLY___ 1.21.14-gke.7100
2022-10-26 16:12:37,799 INFO     ___FILE_ONLY___   
2022-10-26 16:12:37,799 INFO     ___FILE_ONLY___ 3
2022-10-26 16:12:37,799 INFO     ___FILE_ONLY___           
2022-10-26 16:12:37,799 INFO     ___FILE_ONLY___ RUNNING
2022-10-26 16:12:37,799 INFO     ___FILE_ONLY___ 

2022-10-26 16:12:37,799 INFO     ___FILE_ONLY___ jenkins-pxc-766d48a3-cluster15
2022-10-26 16:12:37,799 INFO     ___FILE_ONLY___          
2022-10-26 16:12:37,799 INFO     ___FILE_ONLY___ us-central1-a
2022-10-26 16:12:37,799 INFO     ___FILE_ONLY___    
2022-10-26 16:12:37,799 INFO     ___FILE_ONLY___ 1.21.14-gke.7100
2022-10-26 16:12:37,799 INFO     ___FILE_ONLY___                      
2022-10-26 16:12:37,799 INFO     ___FILE_ONLY___ 35.232.176.112
2022-10-26 16:12:37,799 INFO     ___FILE_ONLY___   
2022-10-26 16:12:37,799 INFO     ___FILE_ONLY___ n1-standard-4
2022-10-26 16:12:37,799 INFO     ___FILE_ONLY___   
2022-10-26 16:12:37,799 INFO     ___FILE_ONLY___ 1.21.14-gke.7100
2022-10-26 16:12:37,799 INFO     ___FILE_ONLY___   
2022-10-26 16:12:37,799 INFO     ___FILE_ONLY___ 3
2022-10-26 16:12:37,799 INFO     ___FILE_ONLY___           
2022-10-26 16:12:37,799 INFO     ___FILE_ONLY___ RUNNING
2022-10-26 16:12:37,799 INFO     ___FILE_ONLY___ 

2022-10-26 16:12:37,799 INFO     ___FILE_ONLY___ jenkins-pxc-9f6e42ef-cluster10
2022-10-26 16:12:37,799 INFO     ___FILE_ONLY___          
2022-10-26 16:12:37,799 INFO     ___FILE_ONLY___ us-central1-a
2022-10-26 16:12:37,799 INFO     ___FILE_ONLY___    
2022-10-26 16:12:37,799 INFO     ___FILE_ONLY___ 1.21.14-gke.7100
2022-10-26 16:12:37,799 INFO     ___FILE_ONLY___                      
2022-10-26 16:12:37,799 INFO     ___FILE_ONLY___ 35.239.132.59
2022-10-26 16:12:37,799 INFO     ___FILE_ONLY___    
2022-10-26 16:12:37,799 INFO     ___FILE_ONLY___ n1-standard-4
2022-10-26 16:12:37,799 INFO     ___FILE_ONLY___   
2022-10-26 16:12:37,799 INFO     ___FILE_ONLY___ 1.21.14-gke.7100
2022-10-26 16:12:37,799 INFO     ___FILE_ONLY___   
2022-10-26 16:12:37,799 INFO     ___FILE_ONLY___ 3
2022-10-26 16:12:37,799 INFO     ___FILE_ONLY___           
2022-10-26 16:12:37,799 INFO     ___FILE_ONLY___ RUNNING
2022-10-26 16:12:37,799 INFO     ___FILE_ONLY___ 

2022-10-26 16:12:37,799 INFO     ___FILE_ONLY___ jenkins-pxc-9f6e42ef-cluster15
2022-10-26 16:12:37,799 INFO     ___FILE_ONLY___          
2022-10-26 16:12:37,799 INFO     ___FILE_ONLY___ us-central1-a
2022-10-26 16:12:37,799 INFO     ___FILE_ONLY___    
2022-10-26 16:12:37,799 INFO     ___FILE_ONLY___ 1.21.14-gke.7100
2022-10-26 16:12:37,799 INFO     ___FILE_ONLY___                      
2022-10-26 16:12:37,799 INFO     ___FILE_ONLY___ 34.173.149.16
2022-10-26 16:12:37,799 INFO     ___FILE_ONLY___    
2022-10-26 16:12:37,800 INFO     ___FILE_ONLY___ n1-standard-4
2022-10-26 16:12:37,800 INFO     ___FILE_ONLY___   
2022-10-26 16:12:37,800 INFO     ___FILE_ONLY___ 1.21.14-gke.7100
2022-10-26 16:12:37,800 INFO     ___FILE_ONLY___   
2022-10-26 16:12:37,800 INFO     ___FILE_ONLY___ 3
2022-10-26 16:12:37,800 INFO     ___FILE_ONLY___           
2022-10-26 16:12:37,800 INFO     ___FILE_ONLY___ RUNNING
2022-10-26 16:12:37,800 INFO     ___FILE_ONLY___ 

2022-10-26 16:12:37,800 INFO     ___FILE_ONLY___ jenkins-pxc-9f6e42ef-cluster2
2022-10-26 16:12:37,800 INFO     ___FILE_ONLY___           
2022-10-26 16:12:37,800 INFO     ___FILE_ONLY___ us-central1-a
2022-10-26 16:12:37,800 INFO     ___FILE_ONLY___    
2022-10-26 16:12:37,800 INFO     ___FILE_ONLY___ 1.21.14-gke.7100
2022-10-26 16:12:37,800 INFO     ___FILE_ONLY___                      
2022-10-26 16:12:37,800 INFO     ___FILE_ONLY___ 34.122.240.217
2022-10-26 16:12:37,800 INFO     ___FILE_ONLY___   
2022-10-26 16:12:37,800 INFO     ___FILE_ONLY___ n1-standard-4
2022-10-26 16:12:37,800 INFO     ___FILE_ONLY___   
2022-10-26 16:12:37,800 INFO     ___FILE_ONLY___ 1.21.14-gke.7100
2022-10-26 16:12:37,800 INFO     ___FILE_ONLY___   
2022-10-26 16:12:37,800 INFO     ___FILE_ONLY___ 3
2022-10-26 16:12:37,800 INFO     ___FILE_ONLY___           
2022-10-26 16:12:37,800 INFO     ___FILE_ONLY___ RUNNING
2022-10-26 16:12:37,800 INFO     ___FILE_ONLY___ 

2022-10-26 16:12:37,800 INFO     ___FILE_ONLY___ jenkins-pxc-9f6e42ef-cluster5
2022-10-26 16:12:37,800 INFO     ___FILE_ONLY___           
2022-10-26 16:12:37,800 INFO     ___FILE_ONLY___ us-central1-a
2022-10-26 16:12:37,800 INFO     ___FILE_ONLY___    
2022-10-26 16:12:37,800 INFO     ___FILE_ONLY___ 1.21.14-gke.7100
2022-10-26 16:12:37,800 INFO     ___FILE_ONLY___                      
2022-10-26 16:12:37,800 INFO     ___FILE_ONLY___ 34.66.63.198
2022-10-26 16:12:37,800 INFO     ___FILE_ONLY___     
2022-10-26 16:12:37,800 INFO     ___FILE_ONLY___ n1-standard-4
2022-10-26 16:12:37,800 INFO     ___FILE_ONLY___   
2022-10-26 16:12:37,800 INFO     ___FILE_ONLY___ 1.21.14-gke.7100
2022-10-26 16:12:37,800 INFO     ___FILE_ONLY___   
2022-10-26 16:12:37,800 INFO     ___FILE_ONLY___ 3
2022-10-26 16:12:37,800 INFO     ___FILE_ONLY___           
2022-10-26 16:12:37,800 INFO     ___FILE_ONLY___ RUNNING
2022-10-26 16:12:37,800 INFO     ___FILE_ONLY___ 

2022-10-26 16:12:37,800 INFO     ___FILE_ONLY___ jenkins-pxc-a5c67904-cluster1
2022-10-26 16:12:37,800 INFO     ___FILE_ONLY___           
2022-10-26 16:12:37,800 INFO     ___FILE_ONLY___ us-central1-a
2022-10-26 16:12:37,800 INFO     ___FILE_ONLY___    
2022-10-26 16:12:37,800 INFO     ___FILE_ONLY___ 1.21.14-gke.7100
2022-10-26 16:12:37,800 INFO     ___FILE_ONLY___                      
2022-10-26 16:12:37,800 INFO     ___FILE_ONLY___ 34.71.180.75
2022-10-26 16:12:37,801 INFO     ___FILE_ONLY___     
2022-10-26 16:12:37,801 INFO     ___FILE_ONLY___ n1-standard-4
2022-10-26 16:12:37,801 INFO     ___FILE_ONLY___   
2022-10-26 16:12:37,801 INFO     ___FILE_ONLY___ 1.21.14-gke.7100
2022-10-26 16:12:37,801 INFO     ___FILE_ONLY___   
2022-10-26 16:12:37,801 INFO     ___FILE_ONLY___ 3
2022-10-26 16:12:37,801 INFO     ___FILE_ONLY___           
2022-10-26 16:12:37,801 INFO     ___FILE_ONLY___ STOPPING
2022-10-26 16:12:37,801 INFO     ___FILE_ONLY___ 

2022-10-26 16:12:37,801 INFO     ___FILE_ONLY___ jenkins-pxc-a5c67904-cluster11
2022-10-26 16:12:37,801 INFO     ___FILE_ONLY___          
2022-10-26 16:12:37,801 INFO     ___FILE_ONLY___ us-central1-a
2022-10-26 16:12:37,801 INFO     ___FILE_ONLY___    
2022-10-26 16:12:37,801 INFO     ___FILE_ONLY___ 1.21.14-gke.7100
2022-10-26 16:12:37,801 INFO     ___FILE_ONLY___                      
2022-10-26 16:12:37,801 INFO     ___FILE_ONLY___ 34.135.125.150
2022-10-26 16:12:37,801 INFO     ___FILE_ONLY___   
2022-10-26 16:12:37,801 INFO     ___FILE_ONLY___ n1-standard-4
2022-10-26 16:12:37,801 INFO     ___FILE_ONLY___   
2022-10-26 16:12:37,801 INFO     ___FILE_ONLY___ 1.21.14-gke.7100
2022-10-26 16:12:37,801 INFO     ___FILE_ONLY___   
2022-10-26 16:12:37,801 INFO     ___FILE_ONLY___ 3
2022-10-26 16:12:37,801 INFO     ___FILE_ONLY___           
2022-10-26 16:12:37,801 INFO     ___FILE_ONLY___ RUNNING
2022-10-26 16:12:37,801 INFO     ___FILE_ONLY___ 

2022-10-26 16:12:37,801 INFO     ___FILE_ONLY___ jenkins-pxc-a5c67904-cluster14
2022-10-26 16:12:37,801 INFO     ___FILE_ONLY___          
2022-10-26 16:12:37,801 INFO     ___FILE_ONLY___ us-central1-a
2022-10-26 16:12:37,801 INFO     ___FILE_ONLY___    
2022-10-26 16:12:37,801 INFO     ___FILE_ONLY___ 1.21.14-gke.7100
2022-10-26 16:12:37,801 INFO     ___FILE_ONLY___                      
2022-10-26 16:12:37,801 INFO     ___FILE_ONLY___ 34.171.40.234
2022-10-26 16:12:37,801 INFO     ___FILE_ONLY___    
2022-10-26 16:12:37,801 INFO     ___FILE_ONLY___ n1-standard-4
2022-10-26 16:12:37,801 INFO     ___FILE_ONLY___   
2022-10-26 16:12:37,801 INFO     ___FILE_ONLY___ 1.21.14-gke.7100
2022-10-26 16:12:37,801 INFO     ___FILE_ONLY___   
2022-10-26 16:12:37,801 INFO     ___FILE_ONLY___ 3
2022-10-26 16:12:37,801 INFO     ___FILE_ONLY___           
2022-10-26 16:12:37,801 INFO     ___FILE_ONLY___ STOPPING
2022-10-26 16:12:37,802 INFO     ___FILE_ONLY___ 

2022-10-26 16:12:37,802 INFO     ___FILE_ONLY___ jenkins-pxc-a5c67904-cluster15
2022-10-26 16:12:37,802 INFO     ___FILE_ONLY___          
2022-10-26 16:12:37,802 INFO     ___FILE_ONLY___ us-central1-a
2022-10-26 16:12:37,802 INFO     ___FILE_ONLY___    
2022-10-26 16:12:37,802 INFO     ___FILE_ONLY___ 1.21.14-gke.7100
2022-10-26 16:12:37,802 INFO     ___FILE_ONLY___                      
2022-10-26 16:12:37,802 INFO     ___FILE_ONLY___ 104.198.148.62
2022-10-26 16:12:37,802 INFO     ___FILE_ONLY___   
2022-10-26 16:12:37,802 INFO     ___FILE_ONLY___ n1-standard-4
2022-10-26 16:12:37,802 INFO     ___FILE_ONLY___   
2022-10-26 16:12:37,802 INFO     ___FILE_ONLY___ 1.21.14-gke.7100
2022-10-26 16:12:37,802 INFO     ___FILE_ONLY___   
2022-10-26 16:12:37,802 INFO     ___FILE_ONLY___ 3
2022-10-26 16:12:37,802 INFO     ___FILE_ONLY___           
2022-10-26 16:12:37,802 INFO     ___FILE_ONLY___ RUNNING
2022-10-26 16:12:37,802 INFO     ___FILE_ONLY___ 

2022-10-26 16:12:37,802 INFO     ___FILE_ONLY___ jenkins-pxc-a5c67904-cluster2
2022-10-26 16:12:37,802 INFO     ___FILE_ONLY___           
2022-10-26 16:12:37,802 INFO     ___FILE_ONLY___ us-central1-a
2022-10-26 16:12:37,802 INFO     ___FILE_ONLY___    
2022-10-26 16:12:37,802 INFO     ___FILE_ONLY___ 1.21.14-gke.7100
2022-10-26 16:12:37,802 INFO     ___FILE_ONLY___                      
2022-10-26 16:12:37,802 INFO     ___FILE_ONLY___ 34.170.33.171
2022-10-26 16:12:37,802 INFO     ___FILE_ONLY___    
2022-10-26 16:12:37,802 INFO     ___FILE_ONLY___ n1-standard-4
2022-10-26 16:12:37,802 INFO     ___FILE_ONLY___   
2022-10-26 16:12:37,802 INFO     ___FILE_ONLY___ 1.21.14-gke.7100
2022-10-26 16:12:37,802 INFO     ___FILE_ONLY___   
2022-10-26 16:12:37,802 INFO     ___FILE_ONLY___ 3
2022-10-26 16:12:37,802 INFO     ___FILE_ONLY___           
2022-10-26 16:12:37,802 INFO     ___FILE_ONLY___ RUNNING
2022-10-26 16:12:37,802 INFO     ___FILE_ONLY___ 

2022-10-26 16:12:37,802 INFO     ___FILE_ONLY___ cap-666
2022-10-26 16:12:37,802 INFO     ___FILE_ONLY___                                 
2022-10-26 16:12:37,802 INFO     ___FILE_ONLY___ us-central1-c
2022-10-26 16:12:37,802 INFO     ___FILE_ONLY___    
2022-10-26 16:12:37,802 INFO     ___FILE_ONLY___ 1.21.14-gke.8500
2022-10-26 16:12:37,802 INFO     ___FILE_ONLY___                      
2022-10-26 16:12:37,802 INFO     ___FILE_ONLY___ 34.72.251.11
2022-10-26 16:12:37,802 INFO     ___FILE_ONLY___     
2022-10-26 16:12:37,802 INFO     ___FILE_ONLY___ n1-standard-4
2022-10-26 16:12:37,802 INFO     ___FILE_ONLY___   
2022-10-26 16:12:37,802 INFO     ___FILE_ONLY___ 1.21.14-gke.8500
2022-10-26 16:12:37,802 INFO     ___FILE_ONLY___   
2022-10-26 16:12:37,802 INFO     ___FILE_ONLY___ 3
2022-10-26 16:12:37,803 INFO     ___FILE_ONLY___           
2022-10-26 16:12:37,803 INFO     ___FILE_ONLY___ RUNNING
2022-10-26 16:12:37,803 INFO     ___FILE_ONLY___ 

2022-10-26 16:12:37,803 INFO     ___FILE_ONLY___ jenkins-pgo-cc4c391e-demand-backup
2022-10-26 16:12:37,803 INFO     ___FILE_ONLY___      
2022-10-26 16:12:37,803 INFO     ___FILE_ONLY___ us-central1-c
2022-10-26 16:12:37,803 INFO     ___FILE_ONLY___    
2022-10-26 16:12:37,803 INFO     ___FILE_ONLY___ 1.21.14-gke.8500 (! 13 days left !)
2022-10-26 16:12:37,803 INFO     ___FILE_ONLY___   
2022-10-26 16:12:37,803 INFO     ___FILE_ONLY___ 35.192.49.118
2022-10-26 16:12:37,803 INFO     ___FILE_ONLY___    
2022-10-26 16:12:37,803 INFO     ___FILE_ONLY___ n1-standard-4
2022-10-26 16:12:37,803 INFO     ___FILE_ONLY___   
2022-10-26 16:12:37,803 INFO     ___FILE_ONLY___ 1.21.14-gke.8500
2022-10-26 16:12:37,803 INFO     ___FILE_ONLY___   
2022-10-26 16:12:37,803 INFO     ___FILE_ONLY___ 3
2022-10-26 16:12:37,803 INFO     ___FILE_ONLY___           
2022-10-26 16:12:37,803 INFO     ___FILE_ONLY___ ERROR
2022-10-26 16:12:37,803 INFO     ___FILE_ONLY___ 

2022-10-26 16:12:37,803 INFO     ___FILE_ONLY___ jenkins-pgo-cc4c391e-sandbox
2022-10-26 16:12:37,803 INFO     ___FILE_ONLY___            
2022-10-26 16:12:37,803 INFO     ___FILE_ONLY___ us-central1-c
2022-10-26 16:12:37,803 INFO     ___FILE_ONLY___    
2022-10-26 16:12:37,803 INFO     ___FILE_ONLY___ 1.21.14-gke.8500 (! 13 days left !)
2022-10-26 16:12:37,803 INFO     ___FILE_ONLY___   
2022-10-26 16:12:37,803 INFO     ___FILE_ONLY___ 34.135.50.236
2022-10-26 16:12:37,803 INFO     ___FILE_ONLY___    
2022-10-26 16:12:37,803 INFO     ___FILE_ONLY___ n1-standard-4
2022-10-26 16:12:37,803 INFO     ___FILE_ONLY___   
2022-10-26 16:12:37,803 INFO     ___FILE_ONLY___ 1.21.14-gke.8500
2022-10-26 16:12:37,803 INFO     ___FILE_ONLY___   
2022-10-26 16:12:37,803 INFO     ___FILE_ONLY___ 3
2022-10-26 16:12:37,803 INFO     ___FILE_ONLY___           
2022-10-26 16:12:37,803 INFO     ___FILE_ONLY___ ERROR
2022-10-26 16:12:37,803 INFO     ___FILE_ONLY___ 

2022-10-26 16:12:37,803 INFO     ___FILE_ONLY___ jenkins-pgo-cc4c391e-scheduled-backup
2022-10-26 16:12:37,804 INFO     ___FILE_ONLY___   
2022-10-26 16:12:37,804 INFO     ___FILE_ONLY___ us-central1-c
2022-10-26 16:12:37,804 INFO     ___FILE_ONLY___    
2022-10-26 16:12:37,804 INFO     ___FILE_ONLY___ 1.21.14-gke.8500 (! 13 days left !)
2022-10-26 16:12:37,804 INFO     ___FILE_ONLY___   
2022-10-26 16:12:37,804 INFO     ___FILE_ONLY___ 34.122.221.176
2022-10-26 16:12:37,804 INFO     ___FILE_ONLY___   
2022-10-26 16:12:37,804 INFO     ___FILE_ONLY___ n1-standard-4
2022-10-26 16:12:37,804 INFO     ___FILE_ONLY___   
2022-10-26 16:12:37,804 INFO     ___FILE_ONLY___ 1.21.14-gke.8500
2022-10-26 16:12:37,804 INFO     ___FILE_ONLY___   
2022-10-26 16:12:37,804 INFO     ___FILE_ONLY___ 3
2022-10-26 16:12:37,804 INFO     ___FILE_ONLY___           
2022-10-26 16:12:37,804 INFO     ___FILE_ONLY___ ERROR
2022-10-26 16:12:37,804 INFO     ___FILE_ONLY___ 

2022-10-26 16:12:37,804 INFO     ___FILE_ONLY___ jenkins-pgo-cc4c391e-upgrade
2022-10-26 16:12:37,804 INFO     ___FILE_ONLY___            
2022-10-26 16:12:37,804 INFO     ___FILE_ONLY___ us-central1-c
2022-10-26 16:12:37,804 INFO     ___FILE_ONLY___    
2022-10-26 16:12:37,804 INFO     ___FILE_ONLY___ 1.21.14-gke.8500
2022-10-26 16:12:37,804 INFO     ___FILE_ONLY___                      
2022-10-26 16:12:37,804 INFO     ___FILE_ONLY___ 34.121.3.31
2022-10-26 16:12:37,804 INFO     ___FILE_ONLY___      
2022-10-26 16:12:37,804 INFO     ___FILE_ONLY___ n1-standard-4
2022-10-26 16:12:37,804 INFO     ___FILE_ONLY___   
2022-10-26 16:12:37,804 INFO     ___FILE_ONLY___ 1.21.14-gke.8500
2022-10-26 16:12:37,804 INFO     ___FILE_ONLY___   
2022-10-26 16:12:37,804 INFO     ___FILE_ONLY___ 3
2022-10-26 16:12:37,804 INFO     ___FILE_ONLY___           
2022-10-26 16:12:37,804 INFO     ___FILE_ONLY___ RUNNING
2022-10-26 16:12:37,804 INFO     ___FILE_ONLY___ 

2022-10-26 16:12:37,804 INFO     ___FILE_ONLY___ jenkins-pgo-cc4c391e-version-service
2022-10-26 16:12:37,804 INFO     ___FILE_ONLY___    
2022-10-26 16:12:37,804 INFO     ___FILE_ONLY___ us-central1-c
2022-10-26 16:12:37,804 INFO     ___FILE_ONLY___    
2022-10-26 16:12:37,804 INFO     ___FILE_ONLY___ 1.21.14-gke.8500 (! 13 days left !)
2022-10-26 16:12:37,804 INFO     ___FILE_ONLY___   
2022-10-26 16:12:37,804 INFO     ___FILE_ONLY___ 34.68.220.17
2022-10-26 16:12:37,804 INFO     ___FILE_ONLY___     
2022-10-26 16:12:37,804 INFO     ___FILE_ONLY___ n1-standard-4
2022-10-26 16:12:37,804 INFO     ___FILE_ONLY___   
2022-10-26 16:12:37,804 INFO     ___FILE_ONLY___ 1.21.14-gke.8500
2022-10-26 16:12:37,804 INFO     ___FILE_ONLY___   
2022-10-26 16:12:37,804 INFO     ___FILE_ONLY___ 3
2022-10-26 16:12:37,804 INFO     ___FILE_ONLY___           
2022-10-26 16:12:37,804 INFO     ___FILE_ONLY___ ERROR
2022-10-26 16:12:37,804 INFO     ___FILE_ONLY___ 

2022-10-26 16:12:37,804 WARNING  root            
! One or more clusters are approaching expiration and will be deleted.

2022-10-26 16:12:37,812 DEBUG    root            Metrics reporting process started...
