2022-07-30 11:02:09,676 DEBUG    root            Loaded Command Group: ['gcloud', 'config']
2022-07-30 11:02:09,678 DEBUG    root            Loaded Command Group: ['gcloud', 'config', 'config_helper']
2022-07-30 11:02:09,679 DEBUG    root            Running [gcloud.config.config-helper] with arguments: [--format: "json"]
2022-07-30 11:02:09,705 DEBUG    google.auth.transport.requests Making request: POST https://oauth2.googleapis.com/token
2022-07-30 11:02:09,716 DEBUG    urllib3.connectionpool Starting new HTTPS connection (1): oauth2.googleapis.com:443
2022-07-30 11:02:09,892 DEBUG    urllib3.connectionpool https://oauth2.googleapis.com:443 "POST /token HTTP/1.1" 200 None
2022-07-30 11:02:09,909 INFO     root            Display format: "default json"
2022-07-30 11:02:09,910 INFO     ___FILE_ONLY___ {
  "configuration": {
    "active_configuration": "percona-cloud-dev",
    "properties": {
      "core": {
        "account": "inel.pandzic@percona.com",
        "disable_usage_reporting": "False",
        "project": "cloud-dev-112233"
      }
    }
  },
  "credential": {
    "access_token": "ya29.A0AVA9y1s_R5UHCbbyyS-d_C9qo1-Y6HJ_4Y9yVsWGkOeHRHhHGaWRYPFWRnE3mqzsD8LzEeuH6jvN3oFfIoCITiHHRU35bBtwYMhZacKTTe--Cph4dRWY0K_yj2ie25KZbm1JZdeFkl3R6uTZDMqKVsM5QCLy5Z7i2vDoMZEYUNnWUtBVEFTQVRBU0ZRRTY1ZHI4VmhPUnpHcTRycm53QzFEUEhqQ19qZw0174",
    "id_token": "eyJhbGciOiJSUzI1NiIsImtpZCI6IjA3NGI5MjhlZGY2NWE2ZjQ3MGM3MWIwYTI0N2JkMGY3YTRjOWNjYmMiLCJ0eXAiOiJKV1QifQ.eyJpc3MiOiJodHRwczovL2FjY291bnRzLmdvb2dsZS5jb20iLCJhenAiOiIzMjU1NTk0MDU1OS5hcHBzLmdvb2dsZXVzZXJjb250ZW50LmNvbSIsImF1ZCI6IjMyNTU1OTQwNTU5LmFwcHMuZ29vZ2xldXNlcmNvbnRlbnQuY29tIiwic3ViIjoiMTA3NDA5ODEzMzQ0NTU5NDQzNDA3IiwiaGQiOiJwZXJjb25hLmNvbSIsImVtYWlsIjoiaW5lbC5wYW5kemljQHBlcmNvbmEuY29tIiwiZW1haWxfdmVyaWZpZWQiOnRydWUsImF0X2hhc2giOiJGTXg1NDN6UzJXWFNIM1plckgyYmdnIiwiaWF0IjoxNjU5MTcxNzMwLCJleHAiOjE2NTkxNzUzMzB9.lHEy9UJ7bt7KHxxInkDNbG0nG_JNqDaLYSiU9RQOE8zKWCsE9jmsSA9KOA0wj06ao_-z-igQY8NSdATW2KRlAjM1bv13N1i9D2KSjIfn1RofHhw27qkAXh_WG_VsKSuqSx9pyhqL4NhmMJB2gOI2lpvFsfZ1LKukJqzt82Nr70FBYbIRruVjolKZBmu0zJsgIqf-U6q9T-onhHPeG7dZ_guNHbbkENcezOLgCH7UBBFoSqn9lDjSzsL5WefcNzEoxHFb0xVZ7M_vlvWhljtkzBAnBANJ19vrPdeygHu8c8y3usBzlhZHuhIeZtfNSQjrYVMvnL_6zb4D4qWLMhvQXg",
    "token_expiry": "2022-07-30T10:02:08Z"
  },
  "sentinels": {
    "config_sentinel": "/Users/inelpandzic/.config/gcloud/config_sentinel"
  }
}
2022-07-30 11:02:09,910 INFO     ___FILE_ONLY___ 

2022-07-30 11:02:09,912 DEBUG    root            Checking for updates...
2022-07-30 11:02:09,929 DEBUG    urllib3.connectionpool Starting new HTTPS connection (1): dl.google.com:443
2022-07-30 11:02:10,084 DEBUG    urllib3.connectionpool https://dl.google.com:443 "GET /dl/cloudsdk/channels/rapid/components-2.json HTTP/1.1" 200 192560
2022-07-30 11:02:10,182 DEBUG    root            Metrics reporting process started...
