2023-07-10 18:03:13,546 DEBUG    root            Loaded Command Group: ['gcloud', 'config']
2023-07-10 18:03:13,548 DEBUG    root            Loaded Command Group: ['gcloud', 'config', 'config_helper']
2023-07-10 18:03:13,549 DEBUG    root            Running [gcloud.config.config-helper] with arguments: [--format: "json"]
2023-07-10 18:03:13,597 DEBUG    urllib3.connectionpool Starting new HTTPS connection (1): www.gstatic.com:443
2023-07-10 18:03:13,743 DEBUG    urllib3.connectionpool https://www.gstatic.com:443 "GET /cloudsdk/feature_flag_config_file.yaml HTTP/1.1" 200 101
2023-07-10 18:03:13,755 DEBUG    root            Chosen display Format:default json
2023-07-10 18:03:13,756 INFO     root            Display format: "default json"
2023-07-10 18:03:13,756 INFO     ___FILE_ONLY___ {
  "configuration": {
    "active_configuration": "percona-cloud-dev",
    "properties": {
      "core": {
        "account": "inel.pandzic@percona.com",
        "disable_usage_reporting": "False",
        "project": "cloud-dev-112233"
      }
    }
  },
  "credential": {
    "access_token": "ya29.a0AbVbY6M4MznMB79fMxkrVLPswGaY-NwdRwZ0jOBEtGdH3YItrz7gPTRU5M0-4i21oM87q_3a9_uOtInoAS7XsxBpuh019Rlt-NFqA0IHNLWRYKuXQYbPeVtl6o6x96hDBCJBh3bER2nhjqctdIM_sWn1VTXHLtO7bBUq6IEaCgYKAWwSARESFQFWKvPlOqFqOlIRfFuCnhF5VZVMzw0174",
    "id_token": "eyJhbGciOiJSUzI1NiIsImtpZCI6IjkzNDFkZWRlZWUyZDE4NjliNjU3ZmE5MzAzMDAwODJmZTI2YjNkOTIiLCJ0eXAiOiJKV1QifQ.eyJpc3MiOiJodHRwczovL2FjY291bnRzLmdvb2dsZS5jb20iLCJhenAiOiIzMjU1NTk0MDU1OS5hcHBzLmdvb2dsZXVzZXJjb250ZW50LmNvbSIsImF1ZCI6IjMyNTU1OTQwNTU5LmFwcHMuZ29vZ2xldXNlcmNvbnRlbnQuY29tIiwic3ViIjoiMTA3NDA5ODEzMzQ0NTU5NDQzNDA3IiwiaGQiOiJwZXJjb25hLmNvbSIsImVtYWlsIjoiaW5lbC5wYW5kemljQHBlcmNvbmEuY29tIiwiZW1haWxfdmVyaWZpZWQiOnRydWUsImF0X2hhc2giOiJESDU2Y1Y2ZXp3Q0FqUWlucDIzYjVRIiwiaWF0IjoxNjg5MDA0NjU5LCJleHAiOjE2ODkwMDgyNTl9.h5t3fNAcpJ-a3x6ryNoanpOTjtHv9GLZV97K6a5f__o4qBjDwRhLKiPZp6Vt5qUwrjO8O0qy5gDDwgIz7lLXQ4A7yFOEpzqvAYl7IAtptQoZO8UZujpXLE4iZM4WxtPDrgN5UopwBY60m9wnZNvpcLRZOn6jltpfnpI226YJxUPxfFbW_7le1GSAFP4bAxlan8tUUSgC6g7nj-7YqglHME23C4sOm8XwuEYx-u-zTqH3gw1Mo8TiZ5nKKHXS084c_JBOGRsu92SHOX0_FJ3065DSA7Dm8i1h2PGy4MKKWMKV5C5YxHCTOuD0Eyc7y4RJutpgUaykw_ExB1jtCd-NIw",
    "token_expiry": "2023-07-10T16:57:38Z"
  },
  "sentinels": {
    "config_sentinel": "/Users/inelpandzic/.config/gcloud/config_sentinel"
  }
}
2023-07-10 18:03:13,756 INFO     ___FILE_ONLY___ 

2023-07-10 18:03:13,766 DEBUG    root            Metrics reporting process started...
