2023-07-10 20:01:14,310 DEBUG    root            Loaded Command Group: ['gcloud', 'config']
2023-07-10 20:01:14,312 DEBUG    root            Loaded Command Group: ['gcloud', 'config', 'config_helper']
2023-07-10 20:01:14,312 DEBUG    root            Running [gcloud.config.config-helper] with arguments: [--format: "json"]
2023-07-10 20:01:14,319 DEBUG    google.auth.transport.requests Making request: POST https://oauth2.googleapis.com/token
2023-07-10 20:01:14,333 DEBUG    urllib3.connectionpool Starting new HTTPS connection (1): oauth2.googleapis.com:443
2023-07-10 20:01:14,481 DEBUG    urllib3.connectionpool https://oauth2.googleapis.com:443 "POST /token HTTP/1.1" 200 None
2023-07-10 20:01:14,502 DEBUG    urllib3.connectionpool Starting new HTTPS connection (1): www.gstatic.com:443
2023-07-10 20:01:14,611 DEBUG    urllib3.connectionpool https://www.gstatic.com:443 "GET /cloudsdk/feature_flag_config_file.yaml HTTP/1.1" 200 101
2023-07-10 20:01:14,623 DEBUG    root            Chosen display Format:default json
2023-07-10 20:01:14,624 INFO     root            Display format: "default json"
2023-07-10 20:01:14,625 INFO     ___FILE_ONLY___ {
  "configuration": {
    "active_configuration": "percona-cloud-dev",
    "properties": {
      "core": {
        "account": "inel.pandzic@percona.com",
        "disable_usage_reporting": "False",
        "project": "cloud-dev-112233"
      }
    }
  },
  "credential": {
    "access_token": "ya29.a0AbVbY6MDEoN_-ilxZG_plxx8eKF0yaLoypTDW3u1hY_pmAaw4PT0YHcW9AzIKsMrN0itYZihe5Gtl4A5VG4INvEvnSsk7YJpqUKcgWt3gIQP9BSKqAOT230DvK7CwceIcdnB4a4djVj7EENq5aUHDW5A4niqNZTMqIvOpisaCgYKAeISARESFQFWKvPlv-hbkT9k7oLwP3TdKe9fow0174",
    "id_token": "eyJhbGciOiJSUzI1NiIsImtpZCI6IjkzNDFkZWRlZWUyZDE4NjliNjU3ZmE5MzAzMDAwODJmZTI2YjNkOTIiLCJ0eXAiOiJKV1QifQ.eyJpc3MiOiJodHRwczovL2FjY291bnRzLmdvb2dsZS5jb20iLCJhenAiOiIzMjU1NTk0MDU1OS5hcHBzLmdvb2dsZXVzZXJjb250ZW50LmNvbSIsImF1ZCI6IjMyNTU1OTQwNTU5LmFwcHMuZ29vZ2xldXNlcmNvbnRlbnQuY29tIiwic3ViIjoiMTA3NDA5ODEzMzQ0NTU5NDQzNDA3IiwiaGQiOiJwZXJjb25hLmNvbSIsImVtYWlsIjoiaW5lbC5wYW5kemljQHBlcmNvbmEuY29tIiwiZW1haWxfdmVyaWZpZWQiOnRydWUsImF0X2hhc2giOiJ6SzVHNWhDMGtkQzBGTHpTQ0RrV3p3IiwiaWF0IjoxNjg5MDEyMDc0LCJleHAiOjE2ODkwMTU2NzR9.kBCh8DzwrMb9yda8GJ5vcx35cT7HuEQ3FgaasfG0POUD2bbEBJpnMbK6akrmQRmYFDnx_rixN6Mkcq01Qv9uGNxw6lCtpnSk6WuBxRwYZy0rzos2JyL3JxqyKhmIakXrOy3RqZ9Y2NshKoJXDT3sLo1YsJTyBuy0n4CGEdhWY7EEhR-f4G8fJGNMlVCHQn5MMEHGr30QEKMB6_01oiBRezKzf8vbMkE8IFzzEKkquQyxX7kG2DUL58NywcLoZjDqo49aPrPhtpyRnLZ8rHnpIgFvL5Tvy1D-4sLDo82-GUHMFROAj7va7r5UtdC5oXAxARyz67riTO4GrWYphQWp3Q",
    "token_expiry": "2023-07-10T19:01:13Z"
  },
  "sentinels": {
    "config_sentinel": "/Users/inelpandzic/.config/gcloud/config_sentinel"
  }
}
2023-07-10 20:01:14,625 INFO     ___FILE_ONLY___ 

2023-07-10 20:01:14,641 DEBUG    root            Metrics reporting process started...
