2023-07-10 22:18:05,252 DEBUG    root            Loaded Command Group: ['gcloud', 'config']
2023-07-10 22:18:05,254 DEBUG    root            Loaded Command Group: ['gcloud', 'config', 'config_helper']
2023-07-10 22:18:05,254 DEBUG    root            Running [gcloud.config.config-helper] with arguments: [--format: "json"]
2023-07-10 22:18:05,260 DEBUG    google.auth.transport.requests Making request: POST https://oauth2.googleapis.com/token
2023-07-10 22:18:05,455 DEBUG    urllib3.connectionpool Starting new HTTPS connection (1): oauth2.googleapis.com:443
2023-07-10 22:18:05,623 DEBUG    urllib3.connectionpool https://oauth2.googleapis.com:443 "POST /token HTTP/1.1" 200 None
2023-07-10 22:18:05,639 DEBUG    urllib3.connectionpool Starting new HTTPS connection (1): www.gstatic.com:443
2023-07-10 22:18:05,739 DEBUG    urllib3.connectionpool https://www.gstatic.com:443 "GET /cloudsdk/feature_flag_config_file.yaml HTTP/1.1" 200 101
2023-07-10 22:18:05,741 DEBUG    root            Chosen display Format:default json
2023-07-10 22:18:05,741 INFO     root            Display format: "default json"
2023-07-10 22:18:05,741 INFO     ___FILE_ONLY___ {
  "configuration": {
    "active_configuration": "percona-cloud-dev",
    "properties": {
      "core": {
        "account": "inel.pandzic@percona.com",
        "disable_usage_reporting": "False",
        "project": "cloud-dev-112233"
      }
    }
  },
  "credential": {
    "access_token": "ya29.a0AbVbY6PId7unFad6txXwYV6I666IeRwXPD0XbjnSfWlakx_REiO8DSUol9GA2oUHL_4ii3H26KLgtkaXyLmDF5OSp_DfycsjwYd99guUojfIzgWafCxy5rxm15LbzfL0zKLo5Ufn1UPi-oNhAzlc1W77Q0wKqDxQdQf8-5MaCgYKAdQSARESFQFWKvPlGJUpbR6M7zc4g12fdlL_xA0174",
    "id_token": "eyJhbGciOiJSUzI1NiIsImtpZCI6IjkzNDFkZWRlZWUyZDE4NjliNjU3ZmE5MzAzMDAwODJmZTI2YjNkOTIiLCJ0eXAiOiJKV1QifQ.eyJpc3MiOiJodHRwczovL2FjY291bnRzLmdvb2dsZS5jb20iLCJhenAiOiIzMjU1NTk0MDU1OS5hcHBzLmdvb2dsZXVzZXJjb250ZW50LmNvbSIsImF1ZCI6IjMyNTU1OTQwNTU5LmFwcHMuZ29vZ2xldXNlcmNvbnRlbnQuY29tIiwic3ViIjoiMTA3NDA5ODEzMzQ0NTU5NDQzNDA3IiwiaGQiOiJwZXJjb25hLmNvbSIsImVtYWlsIjoiaW5lbC5wYW5kemljQHBlcmNvbmEuY29tIiwiZW1haWxfdmVyaWZpZWQiOnRydWUsImF0X2hhc2giOiJ3MHdvNjNxRURMMGpsR240aERIX2hnIiwiaWF0IjoxNjg5MDIwMjg1LCJleHAiOjE2ODkwMjM4ODV9.CA5SWuius7Pw2YCDWiPmL0TTOOlwO_xPcmxBH-8R7VES5U9snCzVYTNSQNFhjEbbp_MHuEUlrqaUDjj49ohFxqGVbj1hEXhf9BDNDlIWpGwLxxE0eeGWQ6jFn5rMuZY7NG-UPYDLbmtgqCDfCbzJ9mfxTgm6hsr2HngATZwIkgI2rpf9YeTl_0Ab36PZ1B8ZlO6KJBTX6xebCCNVLf-tN4SKm36JIHwOcdg-vBrgEateaNvRloruJBVrl2MA27MooJPCt4sDLQi_Ir7Ru_Qy9W70QQTjYNFfTiJHD-S8tkdgXzi7H7_hFmk84AFgiW2NwrK1sbWKBJDdoj-T-jUsHQ",
    "token_expiry": "2023-07-10T21:18:04Z"
  },
  "sentinels": {
    "config_sentinel": "/Users/inelpandzic/.config/gcloud/config_sentinel"
  }
}
2023-07-10 22:18:05,741 INFO     ___FILE_ONLY___ 

2023-07-10 22:18:05,745 DEBUG    root            Metrics reporting process started...
