2022-11-02 06:51:50,421 DEBUG    root            Loaded Command Group: ['gcloud', 'container', 'clusters']
2022-11-02 06:51:50,424 DEBUG    root            Loaded Command Group: ['gcloud', 'container', 'clusters', 'create']
2022-11-02 06:51:50,441 DEBUG    root            Running [gcloud.container.clusters.create] with arguments: [--cluster-version: "1.21", --machine-type: "n1-standard-4", --num-nodes: "3", --preemptible: "True", --zone: "europe-west3-b", NAME: "inel-24230"]
2022-11-02 06:51:50,444 INFO     ___FILE_ONLY___ Default change: VPC-native is the default mode during cluster creation for versions greater than 1.21.0-gke.1500. To create advanced routes based clusters, please pass the `--no-enable-ip-alias` flag

2022-11-02 06:51:50,444 INFO     ___FILE_ONLY___ Note: Your Pod address range (`--cluster-ipv4-cidr`) can accommodate at most 1008 node(s).

2022-11-02 06:51:50,450 DEBUG    urllib3.connectionpool Starting new HTTPS connection (1): container.googleapis.com:443
2022-11-02 06:51:53,446 DEBUG    urllib3.connectionpool https://container.googleapis.com:443 "POST /v1/projects/cloud-dev-112233/locations/europe-west3-b/clusters?alt=json HTTP/1.1" 200 None
2022-11-02 06:51:53,453 INFO     ___FILE_ONLY___ Creating cluster inel-24230 in europe-west3-b...
2022-11-02 06:51:53,458 DEBUG    urllib3.connectionpool Starting new HTTPS connection (1): container.googleapis.com:443
2022-11-02 06:51:53,666 DEBUG    urllib3.connectionpool https://container.googleapis.com:443 "GET /v1/projects/cloud-dev-112233/locations/europe-west3-b/operations/operation-1667368313462-1083598c?alt=json HTTP/1.1" 200 None
2022-11-02 06:51:58,682 DEBUG    urllib3.connectionpool Starting new HTTPS connection (1): container.googleapis.com:443
2022-11-02 06:51:58,916 DEBUG    urllib3.connectionpool https://container.googleapis.com:443 "GET /v1/projects/cloud-dev-112233/locations/europe-west3-b/operations/operation-1667368313462-1083598c?alt=json HTTP/1.1" 200 None
2022-11-02 06:52:03,930 DEBUG    urllib3.connectionpool Starting new HTTPS connection (1): container.googleapis.com:443
2022-11-02 06:52:04,166 DEBUG    urllib3.connectionpool https://container.googleapis.com:443 "GET /v1/projects/cloud-dev-112233/locations/europe-west3-b/operations/operation-1667368313462-1083598c?alt=json HTTP/1.1" 200 None
2022-11-02 06:52:09,184 DEBUG    urllib3.connectionpool Starting new HTTPS connection (1): container.googleapis.com:443
2022-11-02 06:52:09,394 DEBUG    urllib3.connectionpool https://container.googleapis.com:443 "GET /v1/projects/cloud-dev-112233/locations/europe-west3-b/operations/operation-1667368313462-1083598c?alt=json HTTP/1.1" 200 None
2022-11-02 06:52:14,411 DEBUG    urllib3.connectionpool Starting new HTTPS connection (1): container.googleapis.com:443
2022-11-02 06:52:14,641 DEBUG    urllib3.connectionpool https://container.googleapis.com:443 "GET /v1/projects/cloud-dev-112233/locations/europe-west3-b/operations/operation-1667368313462-1083598c?alt=json HTTP/1.1" 200 None
2022-11-02 06:52:19,656 DEBUG    urllib3.connectionpool Starting new HTTPS connection (1): container.googleapis.com:443
2022-11-02 06:52:19,870 DEBUG    urllib3.connectionpool https://container.googleapis.com:443 "GET /v1/projects/cloud-dev-112233/locations/europe-west3-b/operations/operation-1667368313462-1083598c?alt=json HTTP/1.1" 200 None
2022-11-02 06:52:24,886 DEBUG    urllib3.connectionpool Starting new HTTPS connection (1): container.googleapis.com:443
2022-11-02 06:52:25,119 DEBUG    urllib3.connectionpool https://container.googleapis.com:443 "GET /v1/projects/cloud-dev-112233/locations/europe-west3-b/operations/operation-1667368313462-1083598c?alt=json HTTP/1.1" 200 None
2022-11-02 06:52:30,136 DEBUG    urllib3.connectionpool Starting new HTTPS connection (1): container.googleapis.com:443
2022-11-02 06:52:30,359 DEBUG    urllib3.connectionpool https://container.googleapis.com:443 "GET /v1/projects/cloud-dev-112233/locations/europe-west3-b/operations/operation-1667368313462-1083598c?alt=json HTTP/1.1" 200 None
2022-11-02 06:52:35,378 DEBUG    urllib3.connectionpool Starting new HTTPS connection (1): container.googleapis.com:443
2022-11-02 06:52:35,585 DEBUG    urllib3.connectionpool https://container.googleapis.com:443 "GET /v1/projects/cloud-dev-112233/locations/europe-west3-b/operations/operation-1667368313462-1083598c?alt=json HTTP/1.1" 200 None
2022-11-02 06:52:40,602 DEBUG    urllib3.connectionpool Starting new HTTPS connection (1): container.googleapis.com:443
2022-11-02 06:52:40,810 DEBUG    urllib3.connectionpool https://container.googleapis.com:443 "GET /v1/projects/cloud-dev-112233/locations/europe-west3-b/operations/operation-1667368313462-1083598c?alt=json HTTP/1.1" 200 None
2022-11-02 06:52:45,828 DEBUG    urllib3.connectionpool Starting new HTTPS connection (1): container.googleapis.com:443
2022-11-02 06:52:46,052 DEBUG    urllib3.connectionpool https://container.googleapis.com:443 "GET /v1/projects/cloud-dev-112233/locations/europe-west3-b/operations/operation-1667368313462-1083598c?alt=json HTTP/1.1" 200 None
2022-11-02 06:52:51,066 DEBUG    urllib3.connectionpool Starting new HTTPS connection (1): container.googleapis.com:443
2022-11-02 06:52:51,295 DEBUG    urllib3.connectionpool https://container.googleapis.com:443 "GET /v1/projects/cloud-dev-112233/locations/europe-west3-b/operations/operation-1667368313462-1083598c?alt=json HTTP/1.1" 200 None
2022-11-02 06:52:56,315 DEBUG    urllib3.connectionpool Starting new HTTPS connection (1): container.googleapis.com:443
2022-11-02 06:52:56,451 DEBUG    urllib3.connectionpool https://container.googleapis.com:443 "GET /v1/projects/cloud-dev-112233/locations/europe-west3-b/operations/operation-1667368313462-1083598c?alt=json HTTP/1.1" 200 None
2022-11-02 06:53:01,466 DEBUG    urllib3.connectionpool Starting new HTTPS connection (1): container.googleapis.com:443
2022-11-02 06:53:01,692 DEBUG    urllib3.connectionpool https://container.googleapis.com:443 "GET /v1/projects/cloud-dev-112233/locations/europe-west3-b/operations/operation-1667368313462-1083598c?alt=json HTTP/1.1" 200 None
2022-11-02 06:53:06,707 DEBUG    urllib3.connectionpool Starting new HTTPS connection (1): container.googleapis.com:443
2022-11-02 06:53:06,931 DEBUG    urllib3.connectionpool https://container.googleapis.com:443 "GET /v1/projects/cloud-dev-112233/locations/europe-west3-b/operations/operation-1667368313462-1083598c?alt=json HTTP/1.1" 200 None
2022-11-02 06:53:11,950 DEBUG    urllib3.connectionpool Starting new HTTPS connection (1): container.googleapis.com:443
2022-11-02 06:53:12,084 DEBUG    urllib3.connectionpool https://container.googleapis.com:443 "GET /v1/projects/cloud-dev-112233/locations/europe-west3-b/operations/operation-1667368313462-1083598c?alt=json HTTP/1.1" 200 None
2022-11-02 06:53:17,099 DEBUG    urllib3.connectionpool Starting new HTTPS connection (1): container.googleapis.com:443
2022-11-02 06:53:17,303 DEBUG    urllib3.connectionpool https://container.googleapis.com:443 "GET /v1/projects/cloud-dev-112233/locations/europe-west3-b/operations/operation-1667368313462-1083598c?alt=json HTTP/1.1" 200 None
2022-11-02 06:53:22,322 DEBUG    urllib3.connectionpool Starting new HTTPS connection (1): container.googleapis.com:443
2022-11-02 06:53:22,543 DEBUG    urllib3.connectionpool https://container.googleapis.com:443 "GET /v1/projects/cloud-dev-112233/locations/europe-west3-b/operations/operation-1667368313462-1083598c?alt=json HTTP/1.1" 200 None
2022-11-02 06:53:27,555 DEBUG    urllib3.connectionpool Starting new HTTPS connection (1): container.googleapis.com:443
2022-11-02 06:53:27,771 DEBUG    urllib3.connectionpool https://container.googleapis.com:443 "GET /v1/projects/cloud-dev-112233/locations/europe-west3-b/operations/operation-1667368313462-1083598c?alt=json HTTP/1.1" 200 None
2022-11-02 06:53:32,785 DEBUG    urllib3.connectionpool Starting new HTTPS connection (1): container.googleapis.com:443
2022-11-02 06:53:32,994 DEBUG    urllib3.connectionpool https://container.googleapis.com:443 "GET /v1/projects/cloud-dev-112233/locations/europe-west3-b/operations/operation-1667368313462-1083598c?alt=json HTTP/1.1" 200 None
2022-11-02 06:53:38,009 DEBUG    urllib3.connectionpool Starting new HTTPS connection (1): container.googleapis.com:443
2022-11-02 06:53:38,208 DEBUG    urllib3.connectionpool https://container.googleapis.com:443 "GET /v1/projects/cloud-dev-112233/locations/europe-west3-b/operations/operation-1667368313462-1083598c?alt=json HTTP/1.1" 200 None
2022-11-02 06:53:43,225 DEBUG    urllib3.connectionpool Starting new HTTPS connection (1): container.googleapis.com:443
2022-11-02 06:53:43,421 DEBUG    urllib3.connectionpool https://container.googleapis.com:443 "GET /v1/projects/cloud-dev-112233/locations/europe-west3-b/operations/operation-1667368313462-1083598c?alt=json HTTP/1.1" 200 None
2022-11-02 06:53:48,435 DEBUG    urllib3.connectionpool Starting new HTTPS connection (1): container.googleapis.com:443
2022-11-02 06:53:48,660 DEBUG    urllib3.connectionpool https://container.googleapis.com:443 "GET /v1/projects/cloud-dev-112233/locations/europe-west3-b/operations/operation-1667368313462-1083598c?alt=json HTTP/1.1" 200 None
2022-11-02 06:53:53,675 DEBUG    urllib3.connectionpool Starting new HTTPS connection (1): container.googleapis.com:443
2022-11-02 06:53:53,878 DEBUG    urllib3.connectionpool https://container.googleapis.com:443 "GET /v1/projects/cloud-dev-112233/locations/europe-west3-b/operations/operation-1667368313462-1083598c?alt=json HTTP/1.1" 200 None
2022-11-02 06:53:58,896 DEBUG    urllib3.connectionpool Starting new HTTPS connection (1): container.googleapis.com:443
2022-11-02 06:53:59,099 DEBUG    urllib3.connectionpool https://container.googleapis.com:443 "GET /v1/projects/cloud-dev-112233/locations/europe-west3-b/operations/operation-1667368313462-1083598c?alt=json HTTP/1.1" 200 None
2022-11-02 06:54:04,116 DEBUG    urllib3.connectionpool Starting new HTTPS connection (1): container.googleapis.com:443
2022-11-02 06:54:04,329 DEBUG    urllib3.connectionpool https://container.googleapis.com:443 "GET /v1/projects/cloud-dev-112233/locations/europe-west3-b/operations/operation-1667368313462-1083598c?alt=json HTTP/1.1" 200 None
2022-11-02 06:54:09,348 DEBUG    urllib3.connectionpool Starting new HTTPS connection (1): container.googleapis.com:443
2022-11-02 06:54:09,573 DEBUG    urllib3.connectionpool https://container.googleapis.com:443 "GET /v1/projects/cloud-dev-112233/locations/europe-west3-b/operations/operation-1667368313462-1083598c?alt=json HTTP/1.1" 200 None
2022-11-02 06:54:14,590 DEBUG    urllib3.connectionpool Starting new HTTPS connection (1): container.googleapis.com:443
2022-11-02 06:54:14,796 DEBUG    urllib3.connectionpool https://container.googleapis.com:443 "GET /v1/projects/cloud-dev-112233/locations/europe-west3-b/operations/operation-1667368313462-1083598c?alt=json HTTP/1.1" 200 None
2022-11-02 06:54:19,811 DEBUG    urllib3.connectionpool Starting new HTTPS connection (1): container.googleapis.com:443
2022-11-02 06:54:20,045 DEBUG    urllib3.connectionpool https://container.googleapis.com:443 "GET /v1/projects/cloud-dev-112233/locations/europe-west3-b/operations/operation-1667368313462-1083598c?alt=json HTTP/1.1" 200 None
2022-11-02 06:54:25,062 DEBUG    urllib3.connectionpool Starting new HTTPS connection (1): container.googleapis.com:443
2022-11-02 06:54:25,296 DEBUG    urllib3.connectionpool https://container.googleapis.com:443 "GET /v1/projects/cloud-dev-112233/locations/europe-west3-b/operations/operation-1667368313462-1083598c?alt=json HTTP/1.1" 200 None
2022-11-02 06:54:30,312 DEBUG    urllib3.connectionpool Starting new HTTPS connection (1): container.googleapis.com:443
2022-11-02 06:54:30,545 DEBUG    urllib3.connectionpool https://container.googleapis.com:443 "GET /v1/projects/cloud-dev-112233/locations/europe-west3-b/operations/operation-1667368313462-1083598c?alt=json HTTP/1.1" 200 None
2022-11-02 06:54:35,567 DEBUG    urllib3.connectionpool Starting new HTTPS connection (1): container.googleapis.com:443
2022-11-02 06:54:35,793 DEBUG    urllib3.connectionpool https://container.googleapis.com:443 "GET /v1/projects/cloud-dev-112233/locations/europe-west3-b/operations/operation-1667368313462-1083598c?alt=json HTTP/1.1" 200 None
2022-11-02 06:54:40,810 DEBUG    urllib3.connectionpool Starting new HTTPS connection (1): container.googleapis.com:443
2022-11-02 06:54:40,979 DEBUG    urllib3.connectionpool https://container.googleapis.com:443 "GET /v1/projects/cloud-dev-112233/locations/europe-west3-b/operations/operation-1667368313462-1083598c?alt=json HTTP/1.1" 200 None
2022-11-02 06:54:45,995 DEBUG    urllib3.connectionpool Starting new HTTPS connection (1): container.googleapis.com:443
2022-11-02 06:54:46,199 DEBUG    urllib3.connectionpool https://container.googleapis.com:443 "GET /v1/projects/cloud-dev-112233/locations/europe-west3-b/operations/operation-1667368313462-1083598c?alt=json HTTP/1.1" 200 None
2022-11-02 06:54:51,219 DEBUG    urllib3.connectionpool Starting new HTTPS connection (1): container.googleapis.com:443
2022-11-02 06:54:51,424 DEBUG    urllib3.connectionpool https://container.googleapis.com:443 "GET /v1/projects/cloud-dev-112233/locations/europe-west3-b/operations/operation-1667368313462-1083598c?alt=json HTTP/1.1" 200 None
2022-11-02 06:54:56,443 DEBUG    urllib3.connectionpool Starting new HTTPS connection (1): container.googleapis.com:443
2022-11-02 06:54:56,670 DEBUG    urllib3.connectionpool https://container.googleapis.com:443 "GET /v1/projects/cloud-dev-112233/locations/europe-west3-b/operations/operation-1667368313462-1083598c?alt=json HTTP/1.1" 200 None
2022-11-02 06:55:01,689 DEBUG    urllib3.connectionpool Starting new HTTPS connection (1): container.googleapis.com:443
2022-11-02 06:55:01,892 DEBUG    urllib3.connectionpool https://container.googleapis.com:443 "GET /v1/projects/cloud-dev-112233/locations/europe-west3-b/operations/operation-1667368313462-1083598c?alt=json HTTP/1.1" 200 None
2022-11-02 06:55:06,909 DEBUG    urllib3.connectionpool Starting new HTTPS connection (1): container.googleapis.com:443
2022-11-02 06:55:07,136 DEBUG    urllib3.connectionpool https://container.googleapis.com:443 "GET /v1/projects/cloud-dev-112233/locations/europe-west3-b/operations/operation-1667368313462-1083598c?alt=json HTTP/1.1" 200 None
2022-11-02 06:55:12,154 DEBUG    urllib3.connectionpool Starting new HTTPS connection (1): container.googleapis.com:443
2022-11-02 06:55:12,358 DEBUG    urllib3.connectionpool https://container.googleapis.com:443 "GET /v1/projects/cloud-dev-112233/locations/europe-west3-b/operations/operation-1667368313462-1083598c?alt=json HTTP/1.1" 200 None
2022-11-02 06:55:17,380 DEBUG    urllib3.connectionpool Starting new HTTPS connection (1): container.googleapis.com:443
2022-11-02 06:55:17,608 DEBUG    urllib3.connectionpool https://container.googleapis.com:443 "GET /v1/projects/cloud-dev-112233/locations/europe-west3-b/operations/operation-1667368313462-1083598c?alt=json HTTP/1.1" 200 None
2022-11-02 06:55:22,624 DEBUG    urllib3.connectionpool Starting new HTTPS connection (1): container.googleapis.com:443
2022-11-02 06:55:22,867 DEBUG    urllib3.connectionpool https://container.googleapis.com:443 "GET /v1/projects/cloud-dev-112233/locations/europe-west3-b/operations/operation-1667368313462-1083598c?alt=json HTTP/1.1" 200 None
2022-11-02 06:55:27,883 DEBUG    urllib3.connectionpool Starting new HTTPS connection (1): container.googleapis.com:443
2022-11-02 06:55:28,112 DEBUG    urllib3.connectionpool https://container.googleapis.com:443 "GET /v1/projects/cloud-dev-112233/locations/europe-west3-b/operations/operation-1667368313462-1083598c?alt=json HTTP/1.1" 200 None
2022-11-02 06:55:28,119 INFO     root            Operation <Operation
 clusterConditions: []
 endTime: '2022-11-02T05:55:28.038694Z'
 name: 'operation-1667368313462-1083598c'
 nodepoolConditions: []
 operationType: OperationTypeValueValuesEnum(CREATE_CLUSTER, 1)
 progress: <OperationProgress
 metrics: [<Metric
 intValue: 4
 name: 'CLUSTER_CONFIGURING'>, <Metric
 intValue: 4
 name: 'CLUSTER_CONFIGURING_TOTAL'>, <Metric
 intValue: 7
 name: 'CLUSTER_DEPLOYING'>, <Metric
 intValue: 7
 name: 'CLUSTER_DEPLOYING_TOTAL'>, <Metric
 intValue: 1
 name: 'CLUSTER_HEALTHCHECKING'>, <Metric
 intValue: 2
 name: 'CLUSTER_HEALTHCHECKING_TOTAL'>]
 stages: []>
 selfLink: 'https://container.googleapis.com/v1/projects/166042509722/zones/europe-west3-b/operations/operation-1667368313462-1083598c'
 startTime: '2022-11-02T05:51:53.462920741Z'
 status: StatusValueValuesEnum(DONE, 3)
 targetLink: 'https://container.googleapis.com/v1/projects/166042509722/zones/europe-west3-b/clusters/inel-24230'
 zone: 'europe-west3-b'> succeeded after 214.665 seconds
2022-11-02 06:55:28,253 DEBUG    urllib3.connectionpool Starting new HTTPS connection (1): container.googleapis.com:443
2022-11-02 06:55:28,488 DEBUG    urllib3.connectionpool https://container.googleapis.com:443 "GET /v1/projects/cloud-dev-112233/locations/europe-west3-b/clusters/inel-24230?alt=json HTTP/1.1" 200 None
2022-11-02 06:55:28,498 INFO     ___FILE_ONLY___ Created [https://container.googleapis.com/v1/projects/cloud-dev-112233/zones/europe-west3-b/clusters/inel-24230].

2022-11-02 06:55:28,498 INFO     ___FILE_ONLY___ To inspect the contents of your cluster, go to: https://console.cloud.google.com/kubernetes/workload_/gcloud/europe-west3-b/inel-24230?project=cloud-dev-112233

2022-11-02 06:55:28,646 DEBUG    root            Saved kubeconfig to /Users/inelpandzic/.kube/config
2022-11-02 06:55:28,646 INFO     ___FILE_ONLY___ kubeconfig entry generated for inel-24230.

2022-11-02 06:55:28,648 INFO     root            Display format: "
    table(
        name,
        zone:label=LOCATION,
        master_version():label=MASTER_VERSION,
        endpoint:label=MASTER_IP,
        nodePools[0].config.machineType,
        currentNodeVersion:label=NODE_VERSION,
        firstof(currentNodeCount,initialNodeCount):label=NUM_NODES,
        status
    )
"
2022-11-02 06:55:28,652 INFO     ___FILE_ONLY___ NAME
2022-11-02 06:55:28,653 INFO     ___FILE_ONLY___         
2022-11-02 06:55:28,653 INFO     ___FILE_ONLY___ LOCATION
2022-11-02 06:55:28,653 INFO     ___FILE_ONLY___         
2022-11-02 06:55:28,653 INFO     ___FILE_ONLY___ MASTER_VERSION
2022-11-02 06:55:28,653 INFO     ___FILE_ONLY___     
2022-11-02 06:55:28,653 INFO     ___FILE_ONLY___ MASTER_IP
2022-11-02 06:55:28,653 INFO     ___FILE_ONLY___        
2022-11-02 06:55:28,653 INFO     ___FILE_ONLY___ MACHINE_TYPE
2022-11-02 06:55:28,653 INFO     ___FILE_ONLY___    
2022-11-02 06:55:28,653 INFO     ___FILE_ONLY___ NODE_VERSION
2022-11-02 06:55:28,653 INFO     ___FILE_ONLY___       
2022-11-02 06:55:28,653 INFO     ___FILE_ONLY___ NUM_NODES
2022-11-02 06:55:28,653 INFO     ___FILE_ONLY___   
2022-11-02 06:55:28,653 INFO     ___FILE_ONLY___ STATUS
2022-11-02 06:55:28,653 INFO     ___FILE_ONLY___ 

2022-11-02 06:55:28,653 INFO     ___FILE_ONLY___ inel-24230
2022-11-02 06:55:28,653 INFO     ___FILE_ONLY___   
2022-11-02 06:55:28,653 INFO     ___FILE_ONLY___ europe-west3-b
2022-11-02 06:55:28,653 INFO     ___FILE_ONLY___   
2022-11-02 06:55:28,653 INFO     ___FILE_ONLY___ 1.21.14-gke.8500
2022-11-02 06:55:28,654 INFO     ___FILE_ONLY___   
2022-11-02 06:55:28,654 INFO     ___FILE_ONLY___ 35.242.240.174
2022-11-02 06:55:28,654 INFO     ___FILE_ONLY___   
2022-11-02 06:55:28,654 INFO     ___FILE_ONLY___ n1-standard-4
2022-11-02 06:55:28,654 INFO     ___FILE_ONLY___   
2022-11-02 06:55:28,654 INFO     ___FILE_ONLY___ 1.21.14-gke.8500
2022-11-02 06:55:28,654 INFO     ___FILE_ONLY___   
2022-11-02 06:55:28,654 INFO     ___FILE_ONLY___ 3
2022-11-02 06:55:28,654 INFO     ___FILE_ONLY___           
2022-11-02 06:55:28,654 INFO     ___FILE_ONLY___ RUNNING
2022-11-02 06:55:28,654 INFO     ___FILE_ONLY___ 

2022-11-02 06:55:28,668 DEBUG    root            Metrics reporting process started...
