2022-11-02 08:56:05,886 DEBUG    root            Loaded Command Group: ['gcloud', 'container', 'clusters']
2022-11-02 08:56:05,887 DEBUG    root            Loaded Command Group: ['gcloud', 'container', 'clusters', 'delete']
2022-11-02 08:56:05,901 DEBUG    root            Running [gcloud.container.clusters.delete] with arguments: [--zone: "europe-west3-b", NAME:1: "['inel-24230']"]
2022-11-02 08:56:07,609 DEBUG    urllib3.connectionpool Starting new HTTPS connection (1): container.googleapis.com:443
2022-11-02 08:56:08,108 DEBUG    urllib3.connectionpool https://container.googleapis.com:443 "DELETE /v1/projects/cloud-dev-112233/locations/europe-west3-b/clusters/inel-24230?alt=json HTTP/1.1" 200 None
2022-11-02 08:56:08,114 INFO     ___FILE_ONLY___ Deleting cluster inel-24230...
2022-11-02 08:56:08,118 DEBUG    urllib3.connectionpool Starting new HTTPS connection (1): container.googleapis.com:443
2022-11-02 08:56:08,347 DEBUG    urllib3.connectionpool https://container.googleapis.com:443 "GET /v1/projects/cloud-dev-112233/locations/europe-west3-b/operations/operation-1667375768154-97ccfce2?alt=json HTTP/1.1" 200 None
2022-11-02 08:56:13,360 DEBUG    urllib3.connectionpool Starting new HTTPS connection (1): container.googleapis.com:443
2022-11-02 08:56:13,589 DEBUG    urllib3.connectionpool https://container.googleapis.com:443 "GET /v1/projects/cloud-dev-112233/locations/europe-west3-b/operations/operation-1667375768154-97ccfce2?alt=json HTTP/1.1" 200 None
2022-11-02 08:56:18,595 DEBUG    urllib3.connectionpool Starting new HTTPS connection (1): container.googleapis.com:443
2022-11-02 08:56:18,800 DEBUG    urllib3.connectionpool https://container.googleapis.com:443 "GET /v1/projects/cloud-dev-112233/locations/europe-west3-b/operations/operation-1667375768154-97ccfce2?alt=json HTTP/1.1" 200 None
2022-11-02 08:56:23,814 DEBUG    urllib3.connectionpool Starting new HTTPS connection (1): container.googleapis.com:443
2022-11-02 08:56:24,043 DEBUG    urllib3.connectionpool https://container.googleapis.com:443 "GET /v1/projects/cloud-dev-112233/locations/europe-west3-b/operations/operation-1667375768154-97ccfce2?alt=json HTTP/1.1" 200 None
2022-11-02 08:56:29,058 DEBUG    urllib3.connectionpool Starting new HTTPS connection (1): container.googleapis.com:443
2022-11-02 08:56:29,298 DEBUG    urllib3.connectionpool https://container.googleapis.com:443 "GET /v1/projects/cloud-dev-112233/locations/europe-west3-b/operations/operation-1667375768154-97ccfce2?alt=json HTTP/1.1" 200 None
2022-11-02 08:56:34,316 DEBUG    urllib3.connectionpool Starting new HTTPS connection (1): container.googleapis.com:443
2022-11-02 08:56:34,567 DEBUG    urllib3.connectionpool https://container.googleapis.com:443 "GET /v1/projects/cloud-dev-112233/locations/europe-west3-b/operations/operation-1667375768154-97ccfce2?alt=json HTTP/1.1" 200 None
2022-11-02 08:56:39,591 DEBUG    urllib3.connectionpool Starting new HTTPS connection (1): container.googleapis.com:443
2022-11-02 08:56:39,833 DEBUG    urllib3.connectionpool https://container.googleapis.com:443 "GET /v1/projects/cloud-dev-112233/locations/europe-west3-b/operations/operation-1667375768154-97ccfce2?alt=json HTTP/1.1" 200 None
2022-11-02 08:56:44,850 DEBUG    urllib3.connectionpool Starting new HTTPS connection (1): container.googleapis.com:443
2022-11-02 08:56:45,091 DEBUG    urllib3.connectionpool https://container.googleapis.com:443 "GET /v1/projects/cloud-dev-112233/locations/europe-west3-b/operations/operation-1667375768154-97ccfce2?alt=json HTTP/1.1" 200 None
2022-11-02 08:56:50,113 DEBUG    urllib3.connectionpool Starting new HTTPS connection (1): container.googleapis.com:443
2022-11-02 08:56:50,353 DEBUG    urllib3.connectionpool https://container.googleapis.com:443 "GET /v1/projects/cloud-dev-112233/locations/europe-west3-b/operations/operation-1667375768154-97ccfce2?alt=json HTTP/1.1" 200 None
2022-11-02 08:56:55,370 DEBUG    urllib3.connectionpool Starting new HTTPS connection (1): container.googleapis.com:443
2022-11-02 08:56:55,606 DEBUG    urllib3.connectionpool https://container.googleapis.com:443 "GET /v1/projects/cloud-dev-112233/locations/europe-west3-b/operations/operation-1667375768154-97ccfce2?alt=json HTTP/1.1" 200 None
2022-11-02 08:57:00,649 DEBUG    urllib3.connectionpool Starting new HTTPS connection (1): container.googleapis.com:443
2022-11-02 08:57:00,892 DEBUG    urllib3.connectionpool https://container.googleapis.com:443 "GET /v1/projects/cloud-dev-112233/locations/europe-west3-b/operations/operation-1667375768154-97ccfce2?alt=json HTTP/1.1" 200 None
2022-11-02 08:57:05,911 DEBUG    urllib3.connectionpool Starting new HTTPS connection (1): container.googleapis.com:443
2022-11-02 08:57:06,149 DEBUG    urllib3.connectionpool https://container.googleapis.com:443 "GET /v1/projects/cloud-dev-112233/locations/europe-west3-b/operations/operation-1667375768154-97ccfce2?alt=json HTTP/1.1" 200 None
2022-11-02 08:57:11,168 DEBUG    urllib3.connectionpool Starting new HTTPS connection (1): container.googleapis.com:443
2022-11-02 08:57:11,395 DEBUG    urllib3.connectionpool https://container.googleapis.com:443 "GET /v1/projects/cloud-dev-112233/locations/europe-west3-b/operations/operation-1667375768154-97ccfce2?alt=json HTTP/1.1" 200 None
2022-11-02 08:57:16,416 DEBUG    urllib3.connectionpool Starting new HTTPS connection (1): container.googleapis.com:443
2022-11-02 08:57:16,632 DEBUG    urllib3.connectionpool https://container.googleapis.com:443 "GET /v1/projects/cloud-dev-112233/locations/europe-west3-b/operations/operation-1667375768154-97ccfce2?alt=json HTTP/1.1" 200 None
2022-11-02 08:57:21,658 DEBUG    urllib3.connectionpool Starting new HTTPS connection (1): container.googleapis.com:443
2022-11-02 08:57:21,880 DEBUG    urllib3.connectionpool https://container.googleapis.com:443 "GET /v1/projects/cloud-dev-112233/locations/europe-west3-b/operations/operation-1667375768154-97ccfce2?alt=json HTTP/1.1" 200 None
2022-11-02 08:57:26,899 DEBUG    urllib3.connectionpool Starting new HTTPS connection (1): container.googleapis.com:443
2022-11-02 08:57:27,137 DEBUG    urllib3.connectionpool https://container.googleapis.com:443 "GET /v1/projects/cloud-dev-112233/locations/europe-west3-b/operations/operation-1667375768154-97ccfce2?alt=json HTTP/1.1" 200 None
2022-11-02 08:57:32,159 DEBUG    urllib3.connectionpool Starting new HTTPS connection (1): container.googleapis.com:443
2022-11-02 08:57:32,395 DEBUG    urllib3.connectionpool https://container.googleapis.com:443 "GET /v1/projects/cloud-dev-112233/locations/europe-west3-b/operations/operation-1667375768154-97ccfce2?alt=json HTTP/1.1" 200 None
2022-11-02 08:57:37,412 DEBUG    urllib3.connectionpool Starting new HTTPS connection (1): container.googleapis.com:443
2022-11-02 08:57:37,643 DEBUG    urllib3.connectionpool https://container.googleapis.com:443 "GET /v1/projects/cloud-dev-112233/locations/europe-west3-b/operations/operation-1667375768154-97ccfce2?alt=json HTTP/1.1" 200 None
2022-11-02 08:57:42,664 DEBUG    urllib3.connectionpool Starting new HTTPS connection (1): container.googleapis.com:443
2022-11-02 08:57:42,894 DEBUG    urllib3.connectionpool https://container.googleapis.com:443 "GET /v1/projects/cloud-dev-112233/locations/europe-west3-b/operations/operation-1667375768154-97ccfce2?alt=json HTTP/1.1" 200 None
2022-11-02 08:57:47,909 DEBUG    urllib3.connectionpool Starting new HTTPS connection (1): container.googleapis.com:443
2022-11-02 08:57:48,142 DEBUG    urllib3.connectionpool https://container.googleapis.com:443 "GET /v1/projects/cloud-dev-112233/locations/europe-west3-b/operations/operation-1667375768154-97ccfce2?alt=json HTTP/1.1" 200 None
2022-11-02 08:57:53,163 DEBUG    urllib3.connectionpool Starting new HTTPS connection (1): container.googleapis.com:443
2022-11-02 08:57:53,405 DEBUG    urllib3.connectionpool https://container.googleapis.com:443 "GET /v1/projects/cloud-dev-112233/locations/europe-west3-b/operations/operation-1667375768154-97ccfce2?alt=json HTTP/1.1" 200 None
2022-11-02 08:57:58,436 DEBUG    urllib3.connectionpool Starting new HTTPS connection (1): container.googleapis.com:443
2022-11-02 08:57:58,648 DEBUG    urllib3.connectionpool https://container.googleapis.com:443 "GET /v1/projects/cloud-dev-112233/locations/europe-west3-b/operations/operation-1667375768154-97ccfce2?alt=json HTTP/1.1" 200 None
2022-11-02 08:58:03,666 DEBUG    urllib3.connectionpool Starting new HTTPS connection (1): container.googleapis.com:443
2022-11-02 08:58:03,911 DEBUG    urllib3.connectionpool https://container.googleapis.com:443 "GET /v1/projects/cloud-dev-112233/locations/europe-west3-b/operations/operation-1667375768154-97ccfce2?alt=json HTTP/1.1" 200 None
2022-11-02 08:58:08,934 DEBUG    urllib3.connectionpool Starting new HTTPS connection (1): container.googleapis.com:443
2022-11-02 08:58:09,147 DEBUG    urllib3.connectionpool https://container.googleapis.com:443 "GET /v1/projects/cloud-dev-112233/locations/europe-west3-b/operations/operation-1667375768154-97ccfce2?alt=json HTTP/1.1" 200 None
2022-11-02 08:58:14,169 DEBUG    urllib3.connectionpool Starting new HTTPS connection (1): container.googleapis.com:443
2022-11-02 08:58:14,385 DEBUG    urllib3.connectionpool https://container.googleapis.com:443 "GET /v1/projects/cloud-dev-112233/locations/europe-west3-b/operations/operation-1667375768154-97ccfce2?alt=json HTTP/1.1" 200 None
2022-11-02 08:58:19,405 DEBUG    urllib3.connectionpool Starting new HTTPS connection (1): container.googleapis.com:443
2022-11-02 08:58:19,615 DEBUG    urllib3.connectionpool https://container.googleapis.com:443 "GET /v1/projects/cloud-dev-112233/locations/europe-west3-b/operations/operation-1667375768154-97ccfce2?alt=json HTTP/1.1" 200 None
2022-11-02 08:58:24,629 DEBUG    urllib3.connectionpool Starting new HTTPS connection (1): container.googleapis.com:443
2022-11-02 08:58:24,860 DEBUG    urllib3.connectionpool https://container.googleapis.com:443 "GET /v1/projects/cloud-dev-112233/locations/europe-west3-b/operations/operation-1667375768154-97ccfce2?alt=json HTTP/1.1" 200 None
2022-11-02 08:58:24,866 INFO     root            Operation <Operation
 clusterConditions: []
 endTime: '2022-11-02T07:58:22.256605264Z'
 name: 'operation-1667375768154-97ccfce2'
 nodepoolConditions: []
 operationType: OperationTypeValueValuesEnum(DELETE_CLUSTER, 2)
 selfLink: 'https://container.googleapis.com/v1/projects/166042509722/zones/europe-west3-b/operations/operation-1667375768154-97ccfce2'
 startTime: '2022-11-02T07:56:08.154926437Z'
 status: StatusValueValuesEnum(DONE, 3)
 targetLink: 'https://container.googleapis.com/v1/projects/166042509722/zones/europe-west3-b/clusters/inel-24230'
 zone: 'europe-west3-b'> succeeded after 136.752 seconds
2022-11-02 08:58:24,977 DEBUG    root            Purged cluster config from /Users/inelpandzic/.config/gcloud/kubernetes/cloud-dev-112233_europe-west3-b_inel-24230
2022-11-02 08:58:24,979 INFO     ___FILE_ONLY___ Deleted [https://container.googleapis.com/v1/projects/cloud-dev-112233/zones/europe-west3-b/clusters/inel-24230].

2022-11-02 08:58:24,980 INFO     root            Display format: "none"
2022-11-02 08:58:24,999 DEBUG    root            Metrics reporting process started...
