2022-11-02 08:56:18,266 DEBUG    root            Loaded Command Group: ['gcloud', 'container', 'clusters']
2022-11-02 08:56:18,269 DEBUG    root            Loaded Command Group: ['gcloud', 'container', 'clusters', 'create']
2022-11-02 08:56:18,289 DEBUG    root            Running [gcloud.container.clusters.create] with arguments: [--cluster-version: "1.21", --machine-type: "n1-standard-4", --num-nodes: "3", --preemptible: "True", --zone: "europe-west3-b", NAME: "inel-32001"]
2022-11-02 08:56:18,293 INFO     ___FILE_ONLY___ Default change: VPC-native is the default mode during cluster creation for versions greater than 1.21.0-gke.1500. To create advanced routes based clusters, please pass the `--no-enable-ip-alias` flag

2022-11-02 08:56:18,293 INFO     ___FILE_ONLY___ Note: Your Pod address range (`--cluster-ipv4-cidr`) can accommodate at most 1008 node(s).

2022-11-02 08:56:18,300 DEBUG    urllib3.connectionpool Starting new HTTPS connection (1): container.googleapis.com:443
2022-11-02 08:56:21,608 DEBUG    urllib3.connectionpool https://container.googleapis.com:443 "POST /v1/projects/cloud-dev-112233/locations/europe-west3-b/clusters?alt=json HTTP/1.1" 200 None
2022-11-02 08:56:21,614 INFO     ___FILE_ONLY___ Creating cluster inel-32001 in europe-west3-b...
2022-11-02 08:56:21,618 DEBUG    urllib3.connectionpool Starting new HTTPS connection (1): container.googleapis.com:443
2022-11-02 08:56:21,850 DEBUG    urllib3.connectionpool https://container.googleapis.com:443 "GET /v1/projects/cloud-dev-112233/locations/europe-west3-b/operations/operation-1667375781648-c60e352a?alt=json HTTP/1.1" 200 None
2022-11-02 08:56:26,874 DEBUG    urllib3.connectionpool Starting new HTTPS connection (1): container.googleapis.com:443
2022-11-02 08:56:27,123 DEBUG    urllib3.connectionpool https://container.googleapis.com:443 "GET /v1/projects/cloud-dev-112233/locations/europe-west3-b/operations/operation-1667375781648-c60e352a?alt=json HTTP/1.1" 200 None
2022-11-02 08:56:32,139 DEBUG    urllib3.connectionpool Starting new HTTPS connection (1): container.googleapis.com:443
2022-11-02 08:56:32,384 DEBUG    urllib3.connectionpool https://container.googleapis.com:443 "GET /v1/projects/cloud-dev-112233/locations/europe-west3-b/operations/operation-1667375781648-c60e352a?alt=json HTTP/1.1" 200 None
2022-11-02 08:56:37,412 DEBUG    urllib3.connectionpool Starting new HTTPS connection (1): container.googleapis.com:443
2022-11-02 08:56:37,647 DEBUG    urllib3.connectionpool https://container.googleapis.com:443 "GET /v1/projects/cloud-dev-112233/locations/europe-west3-b/operations/operation-1667375781648-c60e352a?alt=json HTTP/1.1" 200 None
2022-11-02 08:56:42,667 DEBUG    urllib3.connectionpool Starting new HTTPS connection (1): container.googleapis.com:443
2022-11-02 08:56:42,888 DEBUG    urllib3.connectionpool https://container.googleapis.com:443 "GET /v1/projects/cloud-dev-112233/locations/europe-west3-b/operations/operation-1667375781648-c60e352a?alt=json HTTP/1.1" 200 None
2022-11-02 08:56:47,913 DEBUG    urllib3.connectionpool Starting new HTTPS connection (1): container.googleapis.com:443
2022-11-02 08:56:48,159 DEBUG    urllib3.connectionpool https://container.googleapis.com:443 "GET /v1/projects/cloud-dev-112233/locations/europe-west3-b/operations/operation-1667375781648-c60e352a?alt=json HTTP/1.1" 200 None
2022-11-02 08:56:53,180 DEBUG    urllib3.connectionpool Starting new HTTPS connection (1): container.googleapis.com:443
2022-11-02 08:56:53,425 DEBUG    urllib3.connectionpool https://container.googleapis.com:443 "GET /v1/projects/cloud-dev-112233/locations/europe-west3-b/operations/operation-1667375781648-c60e352a?alt=json HTTP/1.1" 200 None
2022-11-02 08:56:58,470 DEBUG    urllib3.connectionpool Starting new HTTPS connection (1): container.googleapis.com:443
2022-11-02 08:56:58,718 DEBUG    urllib3.connectionpool https://container.googleapis.com:443 "GET /v1/projects/cloud-dev-112233/locations/europe-west3-b/operations/operation-1667375781648-c60e352a?alt=json HTTP/1.1" 200 None
2022-11-02 08:57:03,733 DEBUG    urllib3.connectionpool Starting new HTTPS connection (1): container.googleapis.com:443
2022-11-02 08:57:03,946 DEBUG    urllib3.connectionpool https://container.googleapis.com:443 "GET /v1/projects/cloud-dev-112233/locations/europe-west3-b/operations/operation-1667375781648-c60e352a?alt=json HTTP/1.1" 200 None
2022-11-02 08:57:08,968 DEBUG    urllib3.connectionpool Starting new HTTPS connection (1): container.googleapis.com:443
2022-11-02 08:57:09,174 DEBUG    urllib3.connectionpool https://container.googleapis.com:443 "GET /v1/projects/cloud-dev-112233/locations/europe-west3-b/operations/operation-1667375781648-c60e352a?alt=json HTTP/1.1" 200 None
2022-11-02 08:57:14,197 DEBUG    urllib3.connectionpool Starting new HTTPS connection (1): container.googleapis.com:443
2022-11-02 08:57:14,423 DEBUG    urllib3.connectionpool https://container.googleapis.com:443 "GET /v1/projects/cloud-dev-112233/locations/europe-west3-b/operations/operation-1667375781648-c60e352a?alt=json HTTP/1.1" 200 None
2022-11-02 08:57:19,442 DEBUG    urllib3.connectionpool Starting new HTTPS connection (1): container.googleapis.com:443
2022-11-02 08:57:19,691 DEBUG    urllib3.connectionpool https://container.googleapis.com:443 "GET /v1/projects/cloud-dev-112233/locations/europe-west3-b/operations/operation-1667375781648-c60e352a?alt=json HTTP/1.1" 200 None
2022-11-02 08:57:24,724 DEBUG    urllib3.connectionpool Starting new HTTPS connection (1): container.googleapis.com:443
2022-11-02 08:57:24,976 DEBUG    urllib3.connectionpool https://container.googleapis.com:443 "GET /v1/projects/cloud-dev-112233/locations/europe-west3-b/operations/operation-1667375781648-c60e352a?alt=json HTTP/1.1" 200 None
2022-11-02 08:57:29,995 DEBUG    urllib3.connectionpool Starting new HTTPS connection (1): container.googleapis.com:443
2022-11-02 08:57:30,225 DEBUG    urllib3.connectionpool https://container.googleapis.com:443 "GET /v1/projects/cloud-dev-112233/locations/europe-west3-b/operations/operation-1667375781648-c60e352a?alt=json HTTP/1.1" 200 None
2022-11-02 08:57:35,244 DEBUG    urllib3.connectionpool Starting new HTTPS connection (1): container.googleapis.com:443
2022-11-02 08:57:35,454 DEBUG    urllib3.connectionpool https://container.googleapis.com:443 "GET /v1/projects/cloud-dev-112233/locations/europe-west3-b/operations/operation-1667375781648-c60e352a?alt=json HTTP/1.1" 200 None
2022-11-02 08:57:40,475 DEBUG    urllib3.connectionpool Starting new HTTPS connection (1): container.googleapis.com:443
2022-11-02 08:57:40,690 DEBUG    urllib3.connectionpool https://container.googleapis.com:443 "GET /v1/projects/cloud-dev-112233/locations/europe-west3-b/operations/operation-1667375781648-c60e352a?alt=json HTTP/1.1" 200 None
2022-11-02 08:57:45,703 DEBUG    urllib3.connectionpool Starting new HTTPS connection (1): container.googleapis.com:443
2022-11-02 08:57:45,945 DEBUG    urllib3.connectionpool https://container.googleapis.com:443 "GET /v1/projects/cloud-dev-112233/locations/europe-west3-b/operations/operation-1667375781648-c60e352a?alt=json HTTP/1.1" 200 None
2022-11-02 08:57:50,978 DEBUG    urllib3.connectionpool Starting new HTTPS connection (1): container.googleapis.com:443
2022-11-02 08:57:51,207 DEBUG    urllib3.connectionpool https://container.googleapis.com:443 "GET /v1/projects/cloud-dev-112233/locations/europe-west3-b/operations/operation-1667375781648-c60e352a?alt=json HTTP/1.1" 200 None
2022-11-02 08:57:56,231 DEBUG    urllib3.connectionpool Starting new HTTPS connection (1): container.googleapis.com:443
2022-11-02 08:57:56,465 DEBUG    urllib3.connectionpool https://container.googleapis.com:443 "GET /v1/projects/cloud-dev-112233/locations/europe-west3-b/operations/operation-1667375781648-c60e352a?alt=json HTTP/1.1" 200 None
2022-11-02 08:58:01,483 DEBUG    urllib3.connectionpool Starting new HTTPS connection (1): container.googleapis.com:443
2022-11-02 08:58:01,717 DEBUG    urllib3.connectionpool https://container.googleapis.com:443 "GET /v1/projects/cloud-dev-112233/locations/europe-west3-b/operations/operation-1667375781648-c60e352a?alt=json HTTP/1.1" 200 None
2022-11-02 08:58:06,738 DEBUG    urllib3.connectionpool Starting new HTTPS connection (1): container.googleapis.com:443
2022-11-02 08:58:06,952 DEBUG    urllib3.connectionpool https://container.googleapis.com:443 "GET /v1/projects/cloud-dev-112233/locations/europe-west3-b/operations/operation-1667375781648-c60e352a?alt=json HTTP/1.1" 200 None
2022-11-02 08:58:11,974 DEBUG    urllib3.connectionpool Starting new HTTPS connection (1): container.googleapis.com:443
2022-11-02 08:58:12,209 DEBUG    urllib3.connectionpool https://container.googleapis.com:443 "GET /v1/projects/cloud-dev-112233/locations/europe-west3-b/operations/operation-1667375781648-c60e352a?alt=json HTTP/1.1" 200 None
2022-11-02 08:58:17,231 DEBUG    urllib3.connectionpool Starting new HTTPS connection (1): container.googleapis.com:443
2022-11-02 08:58:17,464 DEBUG    urllib3.connectionpool https://container.googleapis.com:443 "GET /v1/projects/cloud-dev-112233/locations/europe-west3-b/operations/operation-1667375781648-c60e352a?alt=json HTTP/1.1" 200 None
2022-11-02 08:58:22,482 DEBUG    urllib3.connectionpool Starting new HTTPS connection (1): container.googleapis.com:443
2022-11-02 08:58:22,721 DEBUG    urllib3.connectionpool https://container.googleapis.com:443 "GET /v1/projects/cloud-dev-112233/locations/europe-west3-b/operations/operation-1667375781648-c60e352a?alt=json HTTP/1.1" 200 None
2022-11-02 08:58:27,737 DEBUG    urllib3.connectionpool Starting new HTTPS connection (1): container.googleapis.com:443
2022-11-02 08:58:27,965 DEBUG    urllib3.connectionpool https://container.googleapis.com:443 "GET /v1/projects/cloud-dev-112233/locations/europe-west3-b/operations/operation-1667375781648-c60e352a?alt=json HTTP/1.1" 200 None
2022-11-02 08:58:32,979 DEBUG    urllib3.connectionpool Starting new HTTPS connection (1): container.googleapis.com:443
2022-11-02 08:58:33,208 DEBUG    urllib3.connectionpool https://container.googleapis.com:443 "GET /v1/projects/cloud-dev-112233/locations/europe-west3-b/operations/operation-1667375781648-c60e352a?alt=json HTTP/1.1" 200 None
2022-11-02 08:58:38,228 DEBUG    urllib3.connectionpool Starting new HTTPS connection (1): container.googleapis.com:443
2022-11-02 08:58:38,435 DEBUG    urllib3.connectionpool https://container.googleapis.com:443 "GET /v1/projects/cloud-dev-112233/locations/europe-west3-b/operations/operation-1667375781648-c60e352a?alt=json HTTP/1.1" 200 None
2022-11-02 08:58:43,452 DEBUG    urllib3.connectionpool Starting new HTTPS connection (1): container.googleapis.com:443
2022-11-02 08:58:43,657 DEBUG    urllib3.connectionpool https://container.googleapis.com:443 "GET /v1/projects/cloud-dev-112233/locations/europe-west3-b/operations/operation-1667375781648-c60e352a?alt=json HTTP/1.1" 200 None
2022-11-02 08:58:48,673 DEBUG    urllib3.connectionpool Starting new HTTPS connection (1): container.googleapis.com:443
2022-11-02 08:58:48,913 DEBUG    urllib3.connectionpool https://container.googleapis.com:443 "GET /v1/projects/cloud-dev-112233/locations/europe-west3-b/operations/operation-1667375781648-c60e352a?alt=json HTTP/1.1" 200 None
2022-11-02 08:58:53,926 DEBUG    urllib3.connectionpool Starting new HTTPS connection (1): container.googleapis.com:443
2022-11-02 08:58:54,151 DEBUG    urllib3.connectionpool https://container.googleapis.com:443 "GET /v1/projects/cloud-dev-112233/locations/europe-west3-b/operations/operation-1667375781648-c60e352a?alt=json HTTP/1.1" 200 None
2022-11-02 08:58:59,168 DEBUG    urllib3.connectionpool Starting new HTTPS connection (1): container.googleapis.com:443
2022-11-02 08:58:59,377 DEBUG    urllib3.connectionpool https://container.googleapis.com:443 "GET /v1/projects/cloud-dev-112233/locations/europe-west3-b/operations/operation-1667375781648-c60e352a?alt=json HTTP/1.1" 200 None
2022-11-02 08:59:04,403 DEBUG    urllib3.connectionpool Starting new HTTPS connection (1): container.googleapis.com:443
2022-11-02 08:59:04,607 DEBUG    urllib3.connectionpool https://container.googleapis.com:443 "GET /v1/projects/cloud-dev-112233/locations/europe-west3-b/operations/operation-1667375781648-c60e352a?alt=json HTTP/1.1" 200 None
2022-11-02 08:59:09,634 DEBUG    urllib3.connectionpool Starting new HTTPS connection (1): container.googleapis.com:443
2022-11-02 08:59:09,854 DEBUG    urllib3.connectionpool https://container.googleapis.com:443 "GET /v1/projects/cloud-dev-112233/locations/europe-west3-b/operations/operation-1667375781648-c60e352a?alt=json HTTP/1.1" 200 None
2022-11-02 08:59:14,870 DEBUG    urllib3.connectionpool Starting new HTTPS connection (1): container.googleapis.com:443
2022-11-02 08:59:15,083 DEBUG    urllib3.connectionpool https://container.googleapis.com:443 "GET /v1/projects/cloud-dev-112233/locations/europe-west3-b/operations/operation-1667375781648-c60e352a?alt=json HTTP/1.1" 200 None
2022-11-02 08:59:20,104 DEBUG    urllib3.connectionpool Starting new HTTPS connection (1): container.googleapis.com:443
2022-11-02 08:59:20,331 DEBUG    urllib3.connectionpool https://container.googleapis.com:443 "GET /v1/projects/cloud-dev-112233/locations/europe-west3-b/operations/operation-1667375781648-c60e352a?alt=json HTTP/1.1" 200 None
2022-11-02 08:59:25,357 DEBUG    urllib3.connectionpool Starting new HTTPS connection (1): container.googleapis.com:443
2022-11-02 08:59:25,569 DEBUG    urllib3.connectionpool https://container.googleapis.com:443 "GET /v1/projects/cloud-dev-112233/locations/europe-west3-b/operations/operation-1667375781648-c60e352a?alt=json HTTP/1.1" 200 None
2022-11-02 08:59:30,593 DEBUG    urllib3.connectionpool Starting new HTTPS connection (1): container.googleapis.com:443
2022-11-02 08:59:30,834 DEBUG    urllib3.connectionpool https://container.googleapis.com:443 "GET /v1/projects/cloud-dev-112233/locations/europe-west3-b/operations/operation-1667375781648-c60e352a?alt=json HTTP/1.1" 200 None
2022-11-02 08:59:35,846 DEBUG    urllib3.connectionpool Starting new HTTPS connection (1): container.googleapis.com:443
2022-11-02 08:59:36,091 DEBUG    urllib3.connectionpool https://container.googleapis.com:443 "GET /v1/projects/cloud-dev-112233/locations/europe-west3-b/operations/operation-1667375781648-c60e352a?alt=json HTTP/1.1" 200 None
2022-11-02 08:59:41,111 DEBUG    urllib3.connectionpool Starting new HTTPS connection (1): container.googleapis.com:443
2022-11-02 08:59:41,378 DEBUG    urllib3.connectionpool https://container.googleapis.com:443 "GET /v1/projects/cloud-dev-112233/locations/europe-west3-b/operations/operation-1667375781648-c60e352a?alt=json HTTP/1.1" 200 None
2022-11-02 08:59:46,396 DEBUG    urllib3.connectionpool Starting new HTTPS connection (1): container.googleapis.com:443
2022-11-02 08:59:46,632 DEBUG    urllib3.connectionpool https://container.googleapis.com:443 "GET /v1/projects/cloud-dev-112233/locations/europe-west3-b/operations/operation-1667375781648-c60e352a?alt=json HTTP/1.1" 200 None
2022-11-02 08:59:51,651 DEBUG    urllib3.connectionpool Starting new HTTPS connection (1): container.googleapis.com:443
2022-11-02 08:59:51,929 DEBUG    urllib3.connectionpool https://container.googleapis.com:443 "GET /v1/projects/cloud-dev-112233/locations/europe-west3-b/operations/operation-1667375781648-c60e352a?alt=json HTTP/1.1" 200 None
2022-11-02 08:59:56,953 DEBUG    urllib3.connectionpool Starting new HTTPS connection (1): container.googleapis.com:443
2022-11-02 08:59:57,192 DEBUG    urllib3.connectionpool https://container.googleapis.com:443 "GET /v1/projects/cloud-dev-112233/locations/europe-west3-b/operations/operation-1667375781648-c60e352a?alt=json HTTP/1.1" 200 None
2022-11-02 09:00:02,213 DEBUG    urllib3.connectionpool Starting new HTTPS connection (1): container.googleapis.com:443
2022-11-02 09:00:02,453 DEBUG    urllib3.connectionpool https://container.googleapis.com:443 "GET /v1/projects/cloud-dev-112233/locations/europe-west3-b/operations/operation-1667375781648-c60e352a?alt=json HTTP/1.1" 200 None
2022-11-02 09:00:07,474 DEBUG    urllib3.connectionpool Starting new HTTPS connection (1): container.googleapis.com:443
2022-11-02 09:00:07,706 DEBUG    urllib3.connectionpool https://container.googleapis.com:443 "GET /v1/projects/cloud-dev-112233/locations/europe-west3-b/operations/operation-1667375781648-c60e352a?alt=json HTTP/1.1" 200 None
2022-11-02 09:00:07,714 INFO     root            Operation <Operation
 clusterConditions: []
 endTime: '2022-11-02T08:00:05.6397801Z'
 name: 'operation-1667375781648-c60e352a'
 nodepoolConditions: []
 operationType: OperationTypeValueValuesEnum(CREATE_CLUSTER, 1)
 progress: <OperationProgress
 metrics: [<Metric
 intValue: 4
 name: 'CLUSTER_CONFIGURING'>, <Metric
 intValue: 4
 name: 'CLUSTER_CONFIGURING_TOTAL'>, <Metric
 intValue: 7
 name: 'CLUSTER_DEPLOYING'>, <Metric
 intValue: 7
 name: 'CLUSTER_DEPLOYING_TOTAL'>, <Metric
 intValue: 1
 name: 'CLUSTER_HEALTHCHECKING'>, <Metric
 intValue: 2
 name: 'CLUSTER_HEALTHCHECKING_TOTAL'>]
 stages: []>
 selfLink: 'https://container.googleapis.com/v1/projects/166042509722/zones/europe-west3-b/operations/operation-1667375781648-c60e352a'
 startTime: '2022-11-02T07:56:21.648032611Z'
 status: StatusValueValuesEnum(DONE, 3)
 targetLink: 'https://container.googleapis.com/v1/projects/166042509722/zones/europe-west3-b/clusters/inel-32001'
 zone: 'europe-west3-b'> succeeded after 226.100 seconds
2022-11-02 09:00:07,726 DEBUG    urllib3.connectionpool Starting new HTTPS connection (1): container.googleapis.com:443
2022-11-02 09:00:07,983 DEBUG    urllib3.connectionpool https://container.googleapis.com:443 "GET /v1/projects/cloud-dev-112233/locations/europe-west3-b/clusters/inel-32001?alt=json HTTP/1.1" 200 None
2022-11-02 09:00:07,996 INFO     ___FILE_ONLY___ Created [https://container.googleapis.com/v1/projects/cloud-dev-112233/zones/europe-west3-b/clusters/inel-32001].

2022-11-02 09:00:07,996 INFO     ___FILE_ONLY___ To inspect the contents of your cluster, go to: https://console.cloud.google.com/kubernetes/workload_/gcloud/europe-west3-b/inel-32001?project=cloud-dev-112233

2022-11-02 09:00:08,084 DEBUG    root            Saved kubeconfig to /Users/inelpandzic/.kube/config
2022-11-02 09:00:08,085 INFO     ___FILE_ONLY___ kubeconfig entry generated for inel-32001.

2022-11-02 09:00:08,086 INFO     root            Display format: "
    table(
        name,
        zone:label=LOCATION,
        master_version():label=MASTER_VERSION,
        endpoint:label=MASTER_IP,
        nodePools[0].config.machineType,
        currentNodeVersion:label=NODE_VERSION,
        firstof(currentNodeCount,initialNodeCount):label=NUM_NODES,
        status
    )
"
2022-11-02 09:00:08,090 INFO     ___FILE_ONLY___ NAME
2022-11-02 09:00:08,090 INFO     ___FILE_ONLY___         
2022-11-02 09:00:08,090 INFO     ___FILE_ONLY___ LOCATION
2022-11-02 09:00:08,090 INFO     ___FILE_ONLY___         
2022-11-02 09:00:08,090 INFO     ___FILE_ONLY___ MASTER_VERSION
2022-11-02 09:00:08,090 INFO     ___FILE_ONLY___     
2022-11-02 09:00:08,090 INFO     ___FILE_ONLY___ MASTER_IP
2022-11-02 09:00:08,090 INFO     ___FILE_ONLY___       
2022-11-02 09:00:08,090 INFO     ___FILE_ONLY___ MACHINE_TYPE
2022-11-02 09:00:08,091 INFO     ___FILE_ONLY___    
2022-11-02 09:00:08,091 INFO     ___FILE_ONLY___ NODE_VERSION
2022-11-02 09:00:08,091 INFO     ___FILE_ONLY___       
2022-11-02 09:00:08,091 INFO     ___FILE_ONLY___ NUM_NODES
2022-11-02 09:00:08,091 INFO     ___FILE_ONLY___   
2022-11-02 09:00:08,091 INFO     ___FILE_ONLY___ STATUS
2022-11-02 09:00:08,091 INFO     ___FILE_ONLY___ 

2022-11-02 09:00:08,091 INFO     ___FILE_ONLY___ inel-32001
2022-11-02 09:00:08,091 INFO     ___FILE_ONLY___   
2022-11-02 09:00:08,091 INFO     ___FILE_ONLY___ europe-west3-b
2022-11-02 09:00:08,091 INFO     ___FILE_ONLY___   
2022-11-02 09:00:08,091 INFO     ___FILE_ONLY___ 1.21.14-gke.8500
2022-11-02 09:00:08,091 INFO     ___FILE_ONLY___   
2022-11-02 09:00:08,091 INFO     ___FILE_ONLY___ 35.234.93.110
2022-11-02 09:00:08,091 INFO     ___FILE_ONLY___   
2022-11-02 09:00:08,091 INFO     ___FILE_ONLY___ n1-standard-4
2022-11-02 09:00:08,091 INFO     ___FILE_ONLY___   
2022-11-02 09:00:08,091 INFO     ___FILE_ONLY___ 1.21.14-gke.8500
2022-11-02 09:00:08,091 INFO     ___FILE_ONLY___   
2022-11-02 09:00:08,091 INFO     ___FILE_ONLY___ 3
2022-11-02 09:00:08,091 INFO     ___FILE_ONLY___           
2022-11-02 09:00:08,091 INFO     ___FILE_ONLY___ RUNNING
2022-11-02 09:00:08,091 INFO     ___FILE_ONLY___ 

2022-11-02 09:00:08,111 DEBUG    root            Metrics reporting process started...
