2022-11-02 09:42:29,314 DEBUG    root            Loaded Command Group: ['gcloud', 'container', 'clusters']
2022-11-02 09:42:29,316 DEBUG    root            Loaded Command Group: ['gcloud', 'container', 'clusters', 'list']
2022-11-02 09:42:29,342 DEBUG    root            Running [gcloud.container.clusters.list] with arguments: []
2022-11-02 09:42:29,392 DEBUG    urllib3.connectionpool Starting new HTTPS connection (1): container.googleapis.com:443
2022-11-02 09:42:30,012 DEBUG    urllib3.connectionpool https://container.googleapis.com:443 "GET /v1/projects/cloud-dev-112233/locations/-/clusters?alt=json HTTP/1.1" 200 None
2022-11-02 09:42:30,063 INFO     root            Display format: "
    table(
        name,
        zone:label=LOCATION,
        master_version():label=MASTER_VERSION,
        endpoint:label=MASTER_IP,
        nodePools[0].config.machineType,
        currentNodeVersion:label=NODE_VERSION,
        firstof(currentNodeCount,initialNodeCount):label=NUM_NODES,
        status
    )
"
2022-11-02 09:42:30,090 INFO     ___FILE_ONLY___ NAME
2022-11-02 09:42:30,090 INFO     ___FILE_ONLY___                           
2022-11-02 09:42:30,090 INFO     ___FILE_ONLY___ LOCATION
2022-11-02 09:42:30,090 INFO     ___FILE_ONLY___         
2022-11-02 09:42:30,090 INFO     ___FILE_ONLY___ MASTER_VERSION
2022-11-02 09:42:30,090 INFO     ___FILE_ONLY___     
2022-11-02 09:42:30,090 INFO     ___FILE_ONLY___ MASTER_IP
2022-11-02 09:42:30,090 INFO     ___FILE_ONLY___        
2022-11-02 09:42:30,090 INFO     ___FILE_ONLY___ MACHINE_TYPE
2022-11-02 09:42:30,090 INFO     ___FILE_ONLY___    
2022-11-02 09:42:30,090 INFO     ___FILE_ONLY___ NODE_VERSION
2022-11-02 09:42:30,090 INFO     ___FILE_ONLY___         
2022-11-02 09:42:30,090 INFO     ___FILE_ONLY___ NUM_NODES
2022-11-02 09:42:30,091 INFO     ___FILE_ONLY___   
2022-11-02 09:42:30,091 INFO     ___FILE_ONLY___ STATUS
2022-11-02 09:42:30,091 INFO     ___FILE_ONLY___ 

2022-11-02 09:42:30,091 INFO     ___FILE_ONLY___ ondrei-13193
2022-11-02 09:42:30,091 INFO     ___FILE_ONLY___                   
2022-11-02 09:42:30,091 INFO     ___FILE_ONLY___ europe-west1-c
2022-11-02 09:42:30,091 INFO     ___FILE_ONLY___   
2022-11-02 09:42:30,091 INFO     ___FILE_ONLY___ 1.22.12-gke.2300
2022-11-02 09:42:30,091 INFO     ___FILE_ONLY___   
2022-11-02 09:42:30,091 INFO     ___FILE_ONLY___ 104.155.15.56
2022-11-02 09:42:30,091 INFO     ___FILE_ONLY___    
2022-11-02 09:42:30,091 INFO     ___FILE_ONLY___ n1-standard-4
2022-11-02 09:42:30,091 INFO     ___FILE_ONLY___   
2022-11-02 09:42:30,091 INFO     ___FILE_ONLY___ 1.21.14-gke.8500 *
2022-11-02 09:42:30,091 INFO     ___FILE_ONLY___   
2022-11-02 09:42:30,091 INFO     ___FILE_ONLY___ 3
2022-11-02 09:42:30,091 INFO     ___FILE_ONLY___           
2022-11-02 09:42:30,091 INFO     ___FILE_ONLY___ RUNNING
2022-11-02 09:42:30,091 INFO     ___FILE_ONLY___ 

2022-11-02 09:42:30,091 INFO     ___FILE_ONLY___ slava-pxc
2022-11-02 09:42:30,091 INFO     ___FILE_ONLY___                      
2022-11-02 09:42:30,091 INFO     ___FILE_ONLY___ europe-west3-a
2022-11-02 09:42:30,091 INFO     ___FILE_ONLY___   
2022-11-02 09:42:30,091 INFO     ___FILE_ONLY___ 1.23.12-gke.100
2022-11-02 09:42:30,091 INFO     ___FILE_ONLY___    
2022-11-02 09:42:30,091 INFO     ___FILE_ONLY___ 35.246.129.244
2022-11-02 09:42:30,091 INFO     ___FILE_ONLY___   
2022-11-02 09:42:30,091 INFO     ___FILE_ONLY___ n1-standard-4
2022-11-02 09:42:30,091 INFO     ___FILE_ONLY___   
2022-11-02 09:42:30,091 INFO     ___FILE_ONLY___ 1.23.12-gke.100
2022-11-02 09:42:30,091 INFO     ___FILE_ONLY___      
2022-11-02 09:42:30,091 INFO     ___FILE_ONLY___ 3
2022-11-02 09:42:30,091 INFO     ___FILE_ONLY___           
2022-11-02 09:42:30,092 INFO     ___FILE_ONLY___ RUNNING
2022-11-02 09:42:30,092 INFO     ___FILE_ONLY___ 

2022-11-02 09:42:30,092 INFO     ___FILE_ONLY___ inel-32001
2022-11-02 09:42:30,092 INFO     ___FILE_ONLY___                     
2022-11-02 09:42:30,092 INFO     ___FILE_ONLY___ europe-west3-b
2022-11-02 09:42:30,092 INFO     ___FILE_ONLY___   
2022-11-02 09:42:30,092 INFO     ___FILE_ONLY___ 1.21.14-gke.8500
2022-11-02 09:42:30,092 INFO     ___FILE_ONLY___   
2022-11-02 09:42:30,092 INFO     ___FILE_ONLY___ 35.234.93.110
2022-11-02 09:42:30,092 INFO     ___FILE_ONLY___    
2022-11-02 09:42:30,092 INFO     ___FILE_ONLY___ n1-standard-4
2022-11-02 09:42:30,092 INFO     ___FILE_ONLY___   
2022-11-02 09:42:30,092 INFO     ___FILE_ONLY___ 1.21.14-gke.8500
2022-11-02 09:42:30,092 INFO     ___FILE_ONLY___     
2022-11-02 09:42:30,092 INFO     ___FILE_ONLY___ 3
2022-11-02 09:42:30,092 INFO     ___FILE_ONLY___           
2022-11-02 09:42:30,092 INFO     ___FILE_ONLY___ RUNNING
2022-11-02 09:42:30,092 INFO     ___FILE_ONLY___ 

2022-11-02 09:42:30,092 INFO     ___FILE_ONLY___ max-30844
2022-11-02 09:42:30,092 INFO     ___FILE_ONLY___                      
2022-11-02 09:42:30,092 INFO     ___FILE_ONLY___ europe-west3-b
2022-11-02 09:42:30,092 INFO     ___FILE_ONLY___   
2022-11-02 09:42:30,092 INFO     ___FILE_ONLY___ 1.22.12-gke.2300
2022-11-02 09:42:30,092 INFO     ___FILE_ONLY___   
2022-11-02 09:42:30,092 INFO     ___FILE_ONLY___ 35.246.193.17
2022-11-02 09:42:30,092 INFO     ___FILE_ONLY___    
2022-11-02 09:42:30,092 INFO     ___FILE_ONLY___ n1-standard-4
2022-11-02 09:42:30,092 INFO     ___FILE_ONLY___   
2022-11-02 09:42:30,092 INFO     ___FILE_ONLY___ 1.21.14-gke.2700 *
2022-11-02 09:42:30,092 INFO     ___FILE_ONLY___   
2022-11-02 09:42:30,092 INFO     ___FILE_ONLY___ 3
2022-11-02 09:42:30,092 INFO     ___FILE_ONLY___           
2022-11-02 09:42:30,092 INFO     ___FILE_ONLY___ RUNNING
2022-11-02 09:42:30,092 INFO     ___FILE_ONLY___ 

2022-11-02 09:42:30,092 INFO     ___FILE_ONLY___ natali-22
2022-11-02 09:42:30,093 INFO     ___FILE_ONLY___                      
2022-11-02 09:42:30,093 INFO     ___FILE_ONLY___ europe-west3-b
2022-11-02 09:42:30,093 INFO     ___FILE_ONLY___   
2022-11-02 09:42:30,093 INFO     ___FILE_ONLY___ 1.22.15-gke.1000
2022-11-02 09:42:30,093 INFO     ___FILE_ONLY___   
2022-11-02 09:42:30,093 INFO     ___FILE_ONLY___ 35.234.100.36
2022-11-02 09:42:30,093 INFO     ___FILE_ONLY___    
2022-11-02 09:42:30,093 INFO     ___FILE_ONLY___ n1-standard-4
2022-11-02 09:42:30,093 INFO     ___FILE_ONLY___   
2022-11-02 09:42:30,093 INFO     ___FILE_ONLY___ 1.22.15-gke.1000
2022-11-02 09:42:30,093 INFO     ___FILE_ONLY___     
2022-11-02 09:42:30,093 INFO     ___FILE_ONLY___ 3
2022-11-02 09:42:30,093 INFO     ___FILE_ONLY___           
2022-11-02 09:42:30,093 INFO     ___FILE_ONLY___ RUNNING
2022-11-02 09:42:30,093 INFO     ___FILE_ONLY___ 

2022-11-02 09:42:30,093 INFO     ___FILE_ONLY___ jen-pxc-8041c1e6-38-cluster1
2022-11-02 09:42:30,093 INFO     ___FILE_ONLY___   
2022-11-02 09:42:30,093 INFO     ___FILE_ONLY___ us-central1-a
2022-11-02 09:42:30,093 INFO     ___FILE_ONLY___    
2022-11-02 09:42:30,093 INFO     ___FILE_ONLY___ 1.21.14-gke.7100
2022-11-02 09:42:30,093 INFO     ___FILE_ONLY___   
2022-11-02 09:42:30,093 INFO     ___FILE_ONLY___ 35.232.121.199
2022-11-02 09:42:30,093 INFO     ___FILE_ONLY___   
2022-11-02 09:42:30,093 INFO     ___FILE_ONLY___ n1-standard-4
2022-11-02 09:42:30,093 INFO     ___FILE_ONLY___   
2022-11-02 09:42:30,093 INFO     ___FILE_ONLY___ 1.21.14-gke.7100
2022-11-02 09:42:30,093 INFO     ___FILE_ONLY___     
2022-11-02 09:42:30,093 INFO     ___FILE_ONLY___ 3
2022-11-02 09:42:30,093 INFO     ___FILE_ONLY___           
2022-11-02 09:42:30,093 INFO     ___FILE_ONLY___ RUNNING
2022-11-02 09:42:30,093 INFO     ___FILE_ONLY___ 

2022-11-02 09:42:30,093 INFO     ___FILE_ONLY___ jen-pxc-8041c1e6-38-cluster2
2022-11-02 09:42:30,093 INFO     ___FILE_ONLY___   
2022-11-02 09:42:30,093 INFO     ___FILE_ONLY___ us-central1-a
2022-11-02 09:42:30,093 INFO     ___FILE_ONLY___    
2022-11-02 09:42:30,093 INFO     ___FILE_ONLY___ 1.21.14-gke.7100
2022-11-02 09:42:30,093 INFO     ___FILE_ONLY___   
2022-11-02 09:42:30,093 INFO     ___FILE_ONLY___ 34.133.140.14
2022-11-02 09:42:30,093 INFO     ___FILE_ONLY___    
2022-11-02 09:42:30,093 INFO     ___FILE_ONLY___ n1-standard-4
2022-11-02 09:42:30,093 INFO     ___FILE_ONLY___   
2022-11-02 09:42:30,093 INFO     ___FILE_ONLY___ 1.21.14-gke.7100
2022-11-02 09:42:30,094 INFO     ___FILE_ONLY___     
2022-11-02 09:42:30,094 INFO     ___FILE_ONLY___ 3
2022-11-02 09:42:30,094 INFO     ___FILE_ONLY___           
2022-11-02 09:42:30,094 INFO     ___FILE_ONLY___ RUNNING
2022-11-02 09:42:30,094 INFO     ___FILE_ONLY___ 

2022-11-02 09:42:30,094 INFO     ___FILE_ONLY___ jen-pxc-8041c1e6-38-cluster3
2022-11-02 09:42:30,094 INFO     ___FILE_ONLY___   
2022-11-02 09:42:30,094 INFO     ___FILE_ONLY___ us-central1-a
2022-11-02 09:42:30,094 INFO     ___FILE_ONLY___    
2022-11-02 09:42:30,094 INFO     ___FILE_ONLY___ 1.21.14-gke.7100
2022-11-02 09:42:30,094 INFO     ___FILE_ONLY___   
2022-11-02 09:42:30,094 INFO     ___FILE_ONLY___ 34.135.246.32
2022-11-02 09:42:30,094 INFO     ___FILE_ONLY___    
2022-11-02 09:42:30,094 INFO     ___FILE_ONLY___ n1-standard-4
2022-11-02 09:42:30,094 INFO     ___FILE_ONLY___   
2022-11-02 09:42:30,094 INFO     ___FILE_ONLY___ 1.21.14-gke.7100
2022-11-02 09:42:30,094 INFO     ___FILE_ONLY___     
2022-11-02 09:42:30,094 INFO     ___FILE_ONLY___ 3
2022-11-02 09:42:30,094 INFO     ___FILE_ONLY___           
2022-11-02 09:42:30,094 INFO     ___FILE_ONLY___ RUNNING
2022-11-02 09:42:30,094 INFO     ___FILE_ONLY___ 

2022-11-02 09:42:30,094 INFO     ___FILE_ONLY___ jen-pxc-8041c1e6-38-cluster4
2022-11-02 09:42:30,094 INFO     ___FILE_ONLY___   
2022-11-02 09:42:30,094 INFO     ___FILE_ONLY___ us-central1-a
2022-11-02 09:42:30,094 INFO     ___FILE_ONLY___    
2022-11-02 09:42:30,094 INFO     ___FILE_ONLY___ 1.21.14-gke.7100
2022-11-02 09:42:30,094 INFO     ___FILE_ONLY___   
2022-11-02 09:42:30,094 INFO     ___FILE_ONLY___ 34.69.227.98
2022-11-02 09:42:30,094 INFO     ___FILE_ONLY___     
2022-11-02 09:42:30,094 INFO     ___FILE_ONLY___ n1-standard-4
2022-11-02 09:42:30,094 INFO     ___FILE_ONLY___   
2022-11-02 09:42:30,094 INFO     ___FILE_ONLY___ 1.21.14-gke.7100
2022-11-02 09:42:30,094 INFO     ___FILE_ONLY___     
2022-11-02 09:42:30,094 INFO     ___FILE_ONLY___ 3
2022-11-02 09:42:30,095 INFO     ___FILE_ONLY___           
2022-11-02 09:42:30,095 INFO     ___FILE_ONLY___ RUNNING
2022-11-02 09:42:30,095 INFO     ___FILE_ONLY___ 

2022-11-02 09:42:30,095 INFO     ___FILE_ONLY___ jen-pxc-8041c1e6-38-cluster5
2022-11-02 09:42:30,095 INFO     ___FILE_ONLY___   
2022-11-02 09:42:30,095 INFO     ___FILE_ONLY___ us-central1-a
2022-11-02 09:42:30,095 INFO     ___FILE_ONLY___    
2022-11-02 09:42:30,095 INFO     ___FILE_ONLY___ 1.21.14-gke.7100
2022-11-02 09:42:30,095 INFO     ___FILE_ONLY___   
2022-11-02 09:42:30,095 INFO     ___FILE_ONLY___ 34.121.249.192
2022-11-02 09:42:30,095 INFO     ___FILE_ONLY___   
2022-11-02 09:42:30,095 INFO     ___FILE_ONLY___ n1-standard-4
2022-11-02 09:42:30,095 INFO     ___FILE_ONLY___   
2022-11-02 09:42:30,095 INFO     ___FILE_ONLY___ 1.21.14-gke.7100
2022-11-02 09:42:30,095 INFO     ___FILE_ONLY___     
2022-11-02 09:42:30,095 INFO     ___FILE_ONLY___ 3
2022-11-02 09:42:30,095 INFO     ___FILE_ONLY___           
2022-11-02 09:42:30,095 INFO     ___FILE_ONLY___ RUNNING
2022-11-02 09:42:30,095 INFO     ___FILE_ONLY___ 

2022-11-02 09:42:30,095 INFO     ___FILE_ONLY___ jen-pxc-8041c1e6-38-cluster7
2022-11-02 09:42:30,095 INFO     ___FILE_ONLY___   
2022-11-02 09:42:30,095 INFO     ___FILE_ONLY___ us-central1-a
2022-11-02 09:42:30,095 INFO     ___FILE_ONLY___    
2022-11-02 09:42:30,095 INFO     ___FILE_ONLY___ 1.21.14-gke.7100
2022-11-02 09:42:30,095 INFO     ___FILE_ONLY___   
2022-11-02 09:42:30,095 INFO     ___FILE_ONLY___ 34.67.154.216
2022-11-02 09:42:30,095 INFO     ___FILE_ONLY___    
2022-11-02 09:42:30,095 INFO     ___FILE_ONLY___ n1-standard-4
2022-11-02 09:42:30,095 INFO     ___FILE_ONLY___   
2022-11-02 09:42:30,095 INFO     ___FILE_ONLY___ 1.21.14-gke.7100
2022-11-02 09:42:30,095 INFO     ___FILE_ONLY___     
2022-11-02 09:42:30,095 INFO     ___FILE_ONLY___ 3
2022-11-02 09:42:30,095 INFO     ___FILE_ONLY___           
2022-11-02 09:42:30,095 INFO     ___FILE_ONLY___ RUNNING
2022-11-02 09:42:30,095 INFO     ___FILE_ONLY___ 

2022-11-02 09:42:30,095 INFO     ___FILE_ONLY___ jen-pxc-8041c1e6-38-cluster8
2022-11-02 09:42:30,095 INFO     ___FILE_ONLY___   
2022-11-02 09:42:30,095 INFO     ___FILE_ONLY___ us-central1-a
2022-11-02 09:42:30,095 INFO     ___FILE_ONLY___    
2022-11-02 09:42:30,095 INFO     ___FILE_ONLY___ 1.21.14-gke.7100
2022-11-02 09:42:30,095 INFO     ___FILE_ONLY___   
2022-11-02 09:42:30,096 INFO     ___FILE_ONLY___ 162.222.180.78
2022-11-02 09:42:30,096 INFO     ___FILE_ONLY___   
2022-11-02 09:42:30,096 INFO     ___FILE_ONLY___ n1-standard-4
2022-11-02 09:42:30,096 INFO     ___FILE_ONLY___   
2022-11-02 09:42:30,096 INFO     ___FILE_ONLY___ 1.21.14-gke.7100
2022-11-02 09:42:30,096 INFO     ___FILE_ONLY___     
2022-11-02 09:42:30,096 INFO     ___FILE_ONLY___ 3
2022-11-02 09:42:30,096 INFO     ___FILE_ONLY___           
2022-11-02 09:42:30,096 INFO     ___FILE_ONLY___ RUNNING
2022-11-02 09:42:30,096 INFO     ___FILE_ONLY___ 

2022-11-02 09:42:30,096 INFO     ___FILE_ONLY___ jen-pxc-8041c1e6-38-cluster9
2022-11-02 09:42:30,096 INFO     ___FILE_ONLY___   
2022-11-02 09:42:30,096 INFO     ___FILE_ONLY___ us-central1-a
2022-11-02 09:42:30,096 INFO     ___FILE_ONLY___    
2022-11-02 09:42:30,096 INFO     ___FILE_ONLY___ 1.21.14-gke.7100
2022-11-02 09:42:30,096 INFO     ___FILE_ONLY___   
2022-11-02 09:42:30,096 INFO     ___FILE_ONLY___ 35.188.57.110
2022-11-02 09:42:30,096 INFO     ___FILE_ONLY___    
2022-11-02 09:42:30,096 INFO     ___FILE_ONLY___ n1-standard-4
2022-11-02 09:42:30,096 INFO     ___FILE_ONLY___   
2022-11-02 09:42:30,096 INFO     ___FILE_ONLY___ 1.21.14-gke.7100
2022-11-02 09:42:30,096 INFO     ___FILE_ONLY___     
2022-11-02 09:42:30,096 INFO     ___FILE_ONLY___ 3
2022-11-02 09:42:30,096 INFO     ___FILE_ONLY___           
2022-11-02 09:42:30,096 INFO     ___FILE_ONLY___ RUNNING
2022-11-02 09:42:30,096 INFO     ___FILE_ONLY___ 

2022-11-02 09:42:30,096 INFO     ___FILE_ONLY___ jenkins-pso-105593d-cluster1
2022-11-02 09:42:30,096 INFO     ___FILE_ONLY___   
2022-11-02 09:42:30,096 INFO     ___FILE_ONLY___ us-central1-a
2022-11-02 09:42:30,096 INFO     ___FILE_ONLY___    
2022-11-02 09:42:30,096 INFO     ___FILE_ONLY___ 1.21.14-gke.7100
2022-11-02 09:42:30,096 INFO     ___FILE_ONLY___   
2022-11-02 09:42:30,096 INFO     ___FILE_ONLY___ 34.72.19.56
2022-11-02 09:42:30,096 INFO     ___FILE_ONLY___      
2022-11-02 09:42:30,096 INFO     ___FILE_ONLY___ n1-standard-4
2022-11-02 09:42:30,096 INFO     ___FILE_ONLY___   
2022-11-02 09:42:30,096 INFO     ___FILE_ONLY___ 1.21.14-gke.7100
2022-11-02 09:42:30,096 INFO     ___FILE_ONLY___     
2022-11-02 09:42:30,096 INFO     ___FILE_ONLY___ 3
2022-11-02 09:42:30,096 INFO     ___FILE_ONLY___           
2022-11-02 09:42:30,096 INFO     ___FILE_ONLY___ RUNNING
2022-11-02 09:42:30,096 INFO     ___FILE_ONLY___ 

2022-11-02 09:42:30,097 INFO     ___FILE_ONLY___ jenkins-pso-105593d-cluster2
2022-11-02 09:42:30,097 INFO     ___FILE_ONLY___   
2022-11-02 09:42:30,097 INFO     ___FILE_ONLY___ us-central1-a
2022-11-02 09:42:30,097 INFO     ___FILE_ONLY___    
2022-11-02 09:42:30,097 INFO     ___FILE_ONLY___ 1.21.14-gke.7100
2022-11-02 09:42:30,097 INFO     ___FILE_ONLY___   
2022-11-02 09:42:30,097 INFO     ___FILE_ONLY___ 35.224.198.244
2022-11-02 09:42:30,097 INFO     ___FILE_ONLY___   
2022-11-02 09:42:30,097 INFO     ___FILE_ONLY___ n1-standard-4
2022-11-02 09:42:30,097 INFO     ___FILE_ONLY___   
2022-11-02 09:42:30,097 INFO     ___FILE_ONLY___ 1.21.14-gke.7100
2022-11-02 09:42:30,097 INFO     ___FILE_ONLY___     
2022-11-02 09:42:30,097 INFO     ___FILE_ONLY___ 3
2022-11-02 09:42:30,097 INFO     ___FILE_ONLY___           
2022-11-02 09:42:30,097 INFO     ___FILE_ONLY___ RUNNING
2022-11-02 09:42:30,097 INFO     ___FILE_ONLY___ 

2022-11-02 09:42:30,097 INFO     ___FILE_ONLY___ plavi-121
2022-11-02 09:42:30,097 INFO     ___FILE_ONLY___                      
2022-11-02 09:42:30,097 INFO     ___FILE_ONLY___ us-central1-a
2022-11-02 09:42:30,097 INFO     ___FILE_ONLY___    
2022-11-02 09:42:30,097 INFO     ___FILE_ONLY___ 1.21.14-gke.7100
2022-11-02 09:42:30,097 INFO     ___FILE_ONLY___   
2022-11-02 09:42:30,097 INFO     ___FILE_ONLY___ 34.123.44.231
2022-11-02 09:42:30,097 INFO     ___FILE_ONLY___    
2022-11-02 09:42:30,097 INFO     ___FILE_ONLY___ n1-standard-4
2022-11-02 09:42:30,097 INFO     ___FILE_ONLY___   
2022-11-02 09:42:30,097 INFO     ___FILE_ONLY___ 1.21.14-gke.7100
2022-11-02 09:42:30,097 INFO     ___FILE_ONLY___     
2022-11-02 09:42:30,097 INFO     ___FILE_ONLY___ 3
2022-11-02 09:42:30,097 INFO     ___FILE_ONLY___           
2022-11-02 09:42:30,097 INFO     ___FILE_ONLY___ RUNNING
2022-11-02 09:42:30,097 INFO     ___FILE_ONLY___ 

2022-11-02 09:42:30,097 INFO     ___FILE_ONLY___ cap-666
2022-11-02 09:42:30,097 INFO     ___FILE_ONLY___                        
2022-11-02 09:42:30,097 INFO     ___FILE_ONLY___ us-central1-c
2022-11-02 09:42:30,097 INFO     ___FILE_ONLY___    
2022-11-02 09:42:30,097 INFO     ___FILE_ONLY___ 1.21.14-gke.8500
2022-11-02 09:42:30,097 INFO     ___FILE_ONLY___   
2022-11-02 09:42:30,097 INFO     ___FILE_ONLY___ 34.27.67.2
2022-11-02 09:42:30,097 INFO     ___FILE_ONLY___       
2022-11-02 09:42:30,097 INFO     ___FILE_ONLY___ n1-standard-4
2022-11-02 09:42:30,098 INFO     ___FILE_ONLY___   
2022-11-02 09:42:30,098 INFO     ___FILE_ONLY___ 1.21.14-gke.8500
2022-11-02 09:42:30,098 INFO     ___FILE_ONLY___                
2022-11-02 09:42:30,098 INFO     ___FILE_ONLY___ PROVISIONING
2022-11-02 09:42:30,098 INFO     ___FILE_ONLY___ 

2022-11-02 09:42:30,098 INFO     ___FILE_ONLY___ 
* - There is an upgrade available for your cluster(s).

To upgrade nodes to the latest available version, run
  $ gcloud container clusters upgrade NAME

2022-11-02 09:42:30,105 DEBUG    root            Metrics reporting process started...
