2022-11-02 09:43:01,344 DEBUG    root            Loaded Command Group: ['gcloud', 'container', 'clusters']
2022-11-02 09:43:01,347 DEBUG    root            Loaded Command Group: ['gcloud', 'container', 'clusters', 'create']
2022-11-02 09:43:01,363 DEBUG    root            Running [gcloud.container.clusters.create] with arguments: [--cluster-version: "1.21", --machine-type: "n1-standard-4", --num-nodes: "3", --preemptible: "True", --zone: "europe-west3-b", NAME: "inel-16303"]
2022-11-02 09:43:01,366 INFO     ___FILE_ONLY___ Default change: VPC-native is the default mode during cluster creation for versions greater than 1.21.0-gke.1500. To create advanced routes based clusters, please pass the `--no-enable-ip-alias` flag

2022-11-02 09:43:01,366 INFO     ___FILE_ONLY___ Note: Your Pod address range (`--cluster-ipv4-cidr`) can accommodate at most 1008 node(s).

2022-11-02 09:43:01,372 DEBUG    urllib3.connectionpool Starting new HTTPS connection (1): container.googleapis.com:443
2022-11-02 09:43:04,616 DEBUG    urllib3.connectionpool https://container.googleapis.com:443 "POST /v1/projects/cloud-dev-112233/locations/europe-west3-b/clusters?alt=json HTTP/1.1" 200 None
2022-11-02 09:43:04,618 INFO     ___FILE_ONLY___ Creating cluster inel-16303 in europe-west3-b...
2022-11-02 09:43:04,621 DEBUG    urllib3.connectionpool Starting new HTTPS connection (1): container.googleapis.com:443
2022-11-02 09:43:04,851 DEBUG    urllib3.connectionpool https://container.googleapis.com:443 "GET /v1/projects/cloud-dev-112233/locations/europe-west3-b/operations/operation-1667378584628-e1d28ea5?alt=json HTTP/1.1" 200 None
2022-11-02 09:43:09,861 DEBUG    urllib3.connectionpool Starting new HTTPS connection (1): container.googleapis.com:443
2022-11-02 09:43:10,089 DEBUG    urllib3.connectionpool https://container.googleapis.com:443 "GET /v1/projects/cloud-dev-112233/locations/europe-west3-b/operations/operation-1667378584628-e1d28ea5?alt=json HTTP/1.1" 200 None
2022-11-02 09:43:15,099 DEBUG    urllib3.connectionpool Starting new HTTPS connection (1): container.googleapis.com:443
2022-11-02 09:43:15,340 DEBUG    urllib3.connectionpool https://container.googleapis.com:443 "GET /v1/projects/cloud-dev-112233/locations/europe-west3-b/operations/operation-1667378584628-e1d28ea5?alt=json HTTP/1.1" 200 None
2022-11-02 09:43:20,357 DEBUG    urllib3.connectionpool Starting new HTTPS connection (1): container.googleapis.com:443
2022-11-02 09:43:20,580 DEBUG    urllib3.connectionpool https://container.googleapis.com:443 "GET /v1/projects/cloud-dev-112233/locations/europe-west3-b/operations/operation-1667378584628-e1d28ea5?alt=json HTTP/1.1" 200 None
2022-11-02 09:43:25,616 DEBUG    urllib3.connectionpool Starting new HTTPS connection (1): container.googleapis.com:443
2022-11-02 09:43:25,867 DEBUG    urllib3.connectionpool https://container.googleapis.com:443 "GET /v1/projects/cloud-dev-112233/locations/europe-west3-b/operations/operation-1667378584628-e1d28ea5?alt=json HTTP/1.1" 200 None
2022-11-02 09:43:30,888 DEBUG    urllib3.connectionpool Starting new HTTPS connection (1): container.googleapis.com:443
2022-11-02 09:43:31,145 DEBUG    urllib3.connectionpool https://container.googleapis.com:443 "GET /v1/projects/cloud-dev-112233/locations/europe-west3-b/operations/operation-1667378584628-e1d28ea5?alt=json HTTP/1.1" 200 None
2022-11-02 09:43:36,154 DEBUG    urllib3.connectionpool Starting new HTTPS connection (1): container.googleapis.com:443
2022-11-02 09:43:36,370 DEBUG    urllib3.connectionpool https://container.googleapis.com:443 "GET /v1/projects/cloud-dev-112233/locations/europe-west3-b/operations/operation-1667378584628-e1d28ea5?alt=json HTTP/1.1" 200 None
2022-11-02 09:43:41,384 DEBUG    urllib3.connectionpool Starting new HTTPS connection (1): container.googleapis.com:443
2022-11-02 09:43:41,617 DEBUG    urllib3.connectionpool https://container.googleapis.com:443 "GET /v1/projects/cloud-dev-112233/locations/europe-west3-b/operations/operation-1667378584628-e1d28ea5?alt=json HTTP/1.1" 200 None
2022-11-02 09:43:46,632 DEBUG    urllib3.connectionpool Starting new HTTPS connection (1): container.googleapis.com:443
2022-11-02 09:43:46,860 DEBUG    urllib3.connectionpool https://container.googleapis.com:443 "GET /v1/projects/cloud-dev-112233/locations/europe-west3-b/operations/operation-1667378584628-e1d28ea5?alt=json HTTP/1.1" 200 None
2022-11-02 09:43:51,878 DEBUG    urllib3.connectionpool Starting new HTTPS connection (1): container.googleapis.com:443
2022-11-02 09:43:52,081 DEBUG    urllib3.connectionpool https://container.googleapis.com:443 "GET /v1/projects/cloud-dev-112233/locations/europe-west3-b/operations/operation-1667378584628-e1d28ea5?alt=json HTTP/1.1" 200 None
2022-11-02 09:43:57,100 DEBUG    urllib3.connectionpool Starting new HTTPS connection (1): container.googleapis.com:443
2022-11-02 09:43:57,300 DEBUG    urllib3.connectionpool https://container.googleapis.com:443 "GET /v1/projects/cloud-dev-112233/locations/europe-west3-b/operations/operation-1667378584628-e1d28ea5?alt=json HTTP/1.1" 200 None
2022-11-02 09:44:02,316 DEBUG    urllib3.connectionpool Starting new HTTPS connection (1): container.googleapis.com:443
2022-11-02 09:44:02,546 DEBUG    urllib3.connectionpool https://container.googleapis.com:443 "GET /v1/projects/cloud-dev-112233/locations/europe-west3-b/operations/operation-1667378584628-e1d28ea5?alt=json HTTP/1.1" 200 None
2022-11-02 09:44:07,564 DEBUG    urllib3.connectionpool Starting new HTTPS connection (1): container.googleapis.com:443
2022-11-02 09:44:07,791 DEBUG    urllib3.connectionpool https://container.googleapis.com:443 "GET /v1/projects/cloud-dev-112233/locations/europe-west3-b/operations/operation-1667378584628-e1d28ea5?alt=json HTTP/1.1" 200 None
2022-11-02 09:44:12,816 DEBUG    urllib3.connectionpool Starting new HTTPS connection (1): container.googleapis.com:443
2022-11-02 09:44:13,016 DEBUG    urllib3.connectionpool https://container.googleapis.com:443 "GET /v1/projects/cloud-dev-112233/locations/europe-west3-b/operations/operation-1667378584628-e1d28ea5?alt=json HTTP/1.1" 200 None
2022-11-02 09:44:18,034 DEBUG    urllib3.connectionpool Starting new HTTPS connection (1): container.googleapis.com:443
2022-11-02 09:44:18,249 DEBUG    urllib3.connectionpool https://container.googleapis.com:443 "GET /v1/projects/cloud-dev-112233/locations/europe-west3-b/operations/operation-1667378584628-e1d28ea5?alt=json HTTP/1.1" 200 None
2022-11-02 09:44:23,265 DEBUG    urllib3.connectionpool Starting new HTTPS connection (1): container.googleapis.com:443
2022-11-02 09:44:23,498 DEBUG    urllib3.connectionpool https://container.googleapis.com:443 "GET /v1/projects/cloud-dev-112233/locations/europe-west3-b/operations/operation-1667378584628-e1d28ea5?alt=json HTTP/1.1" 200 None
2022-11-02 09:44:28,508 DEBUG    urllib3.connectionpool Starting new HTTPS connection (1): container.googleapis.com:443
2022-11-02 09:44:28,738 DEBUG    urllib3.connectionpool https://container.googleapis.com:443 "GET /v1/projects/cloud-dev-112233/locations/europe-west3-b/operations/operation-1667378584628-e1d28ea5?alt=json HTTP/1.1" 200 None
2022-11-02 09:44:33,756 DEBUG    urllib3.connectionpool Starting new HTTPS connection (1): container.googleapis.com:443
2022-11-02 09:44:33,999 DEBUG    urllib3.connectionpool https://container.googleapis.com:443 "GET /v1/projects/cloud-dev-112233/locations/europe-west3-b/operations/operation-1667378584628-e1d28ea5?alt=json HTTP/1.1" 200 None
2022-11-02 09:44:39,019 DEBUG    urllib3.connectionpool Starting new HTTPS connection (1): container.googleapis.com:443
2022-11-02 09:44:39,257 DEBUG    urllib3.connectionpool https://container.googleapis.com:443 "GET /v1/projects/cloud-dev-112233/locations/europe-west3-b/operations/operation-1667378584628-e1d28ea5?alt=json HTTP/1.1" 200 None
2022-11-02 09:44:44,273 DEBUG    urllib3.connectionpool Starting new HTTPS connection (1): container.googleapis.com:443
2022-11-02 09:44:44,502 DEBUG    urllib3.connectionpool https://container.googleapis.com:443 "GET /v1/projects/cloud-dev-112233/locations/europe-west3-b/operations/operation-1667378584628-e1d28ea5?alt=json HTTP/1.1" 200 None
2022-11-02 09:44:49,522 DEBUG    urllib3.connectionpool Starting new HTTPS connection (1): container.googleapis.com:443
2022-11-02 09:44:49,748 DEBUG    urllib3.connectionpool https://container.googleapis.com:443 "GET /v1/projects/cloud-dev-112233/locations/europe-west3-b/operations/operation-1667378584628-e1d28ea5?alt=json HTTP/1.1" 200 None
2022-11-02 09:44:54,767 DEBUG    urllib3.connectionpool Starting new HTTPS connection (1): container.googleapis.com:443
2022-11-02 09:44:55,005 DEBUG    urllib3.connectionpool https://container.googleapis.com:443 "GET /v1/projects/cloud-dev-112233/locations/europe-west3-b/operations/operation-1667378584628-e1d28ea5?alt=json HTTP/1.1" 200 None
2022-11-02 09:45:00,024 DEBUG    urllib3.connectionpool Starting new HTTPS connection (1): container.googleapis.com:443
2022-11-02 09:45:00,259 DEBUG    urllib3.connectionpool https://container.googleapis.com:443 "GET /v1/projects/cloud-dev-112233/locations/europe-west3-b/operations/operation-1667378584628-e1d28ea5?alt=json HTTP/1.1" 200 None
2022-11-02 09:45:05,282 DEBUG    urllib3.connectionpool Starting new HTTPS connection (1): container.googleapis.com:443
2022-11-02 09:45:05,524 DEBUG    urllib3.connectionpool https://container.googleapis.com:443 "GET /v1/projects/cloud-dev-112233/locations/europe-west3-b/operations/operation-1667378584628-e1d28ea5?alt=json HTTP/1.1" 200 None
2022-11-02 09:45:10,546 DEBUG    urllib3.connectionpool Starting new HTTPS connection (1): container.googleapis.com:443
2022-11-02 09:45:10,763 DEBUG    urllib3.connectionpool https://container.googleapis.com:443 "GET /v1/projects/cloud-dev-112233/locations/europe-west3-b/operations/operation-1667378584628-e1d28ea5?alt=json HTTP/1.1" 200 None
2022-11-02 09:45:15,784 DEBUG    urllib3.connectionpool Starting new HTTPS connection (1): container.googleapis.com:443
2022-11-02 09:45:16,013 DEBUG    urllib3.connectionpool https://container.googleapis.com:443 "GET /v1/projects/cloud-dev-112233/locations/europe-west3-b/operations/operation-1667378584628-e1d28ea5?alt=json HTTP/1.1" 200 None
2022-11-02 09:45:21,037 DEBUG    urllib3.connectionpool Starting new HTTPS connection (1): container.googleapis.com:443
2022-11-02 09:45:21,274 DEBUG    urllib3.connectionpool https://container.googleapis.com:443 "GET /v1/projects/cloud-dev-112233/locations/europe-west3-b/operations/operation-1667378584628-e1d28ea5?alt=json HTTP/1.1" 200 None
2022-11-02 09:45:26,289 DEBUG    urllib3.connectionpool Starting new HTTPS connection (1): container.googleapis.com:443
2022-11-02 09:45:26,498 DEBUG    urllib3.connectionpool https://container.googleapis.com:443 "GET /v1/projects/cloud-dev-112233/locations/europe-west3-b/operations/operation-1667378584628-e1d28ea5?alt=json HTTP/1.1" 200 None
2022-11-02 09:45:31,516 DEBUG    urllib3.connectionpool Starting new HTTPS connection (1): container.googleapis.com:443
2022-11-02 09:45:31,722 DEBUG    urllib3.connectionpool https://container.googleapis.com:443 "GET /v1/projects/cloud-dev-112233/locations/europe-west3-b/operations/operation-1667378584628-e1d28ea5?alt=json HTTP/1.1" 200 None
2022-11-02 09:45:36,739 DEBUG    urllib3.connectionpool Starting new HTTPS connection (1): container.googleapis.com:443
2022-11-02 09:45:36,942 DEBUG    urllib3.connectionpool https://container.googleapis.com:443 "GET /v1/projects/cloud-dev-112233/locations/europe-west3-b/operations/operation-1667378584628-e1d28ea5?alt=json HTTP/1.1" 200 None
2022-11-02 09:45:41,960 DEBUG    urllib3.connectionpool Starting new HTTPS connection (1): container.googleapis.com:443
2022-11-02 09:45:42,191 DEBUG    urllib3.connectionpool https://container.googleapis.com:443 "GET /v1/projects/cloud-dev-112233/locations/europe-west3-b/operations/operation-1667378584628-e1d28ea5?alt=json HTTP/1.1" 200 None
2022-11-02 09:45:47,210 DEBUG    urllib3.connectionpool Starting new HTTPS connection (1): container.googleapis.com:443
2022-11-02 09:45:47,448 DEBUG    urllib3.connectionpool https://container.googleapis.com:443 "GET /v1/projects/cloud-dev-112233/locations/europe-west3-b/operations/operation-1667378584628-e1d28ea5?alt=json HTTP/1.1" 200 None
2022-11-02 09:45:52,467 DEBUG    urllib3.connectionpool Starting new HTTPS connection (1): container.googleapis.com:443
2022-11-02 09:45:52,709 DEBUG    urllib3.connectionpool https://container.googleapis.com:443 "GET /v1/projects/cloud-dev-112233/locations/europe-west3-b/operations/operation-1667378584628-e1d28ea5?alt=json HTTP/1.1" 200 None
2022-11-02 09:45:57,726 DEBUG    urllib3.connectionpool Starting new HTTPS connection (1): container.googleapis.com:443
2022-11-02 09:45:57,959 DEBUG    urllib3.connectionpool https://container.googleapis.com:443 "GET /v1/projects/cloud-dev-112233/locations/europe-west3-b/operations/operation-1667378584628-e1d28ea5?alt=json HTTP/1.1" 200 None
2022-11-02 09:46:02,994 DEBUG    urllib3.connectionpool Starting new HTTPS connection (1): container.googleapis.com:443
2022-11-02 09:46:03,226 DEBUG    urllib3.connectionpool https://container.googleapis.com:443 "GET /v1/projects/cloud-dev-112233/locations/europe-west3-b/operations/operation-1667378584628-e1d28ea5?alt=json HTTP/1.1" 200 None
2022-11-02 09:46:08,239 DEBUG    urllib3.connectionpool Starting new HTTPS connection (1): container.googleapis.com:443
2022-11-02 09:46:08,465 DEBUG    urllib3.connectionpool https://container.googleapis.com:443 "GET /v1/projects/cloud-dev-112233/locations/europe-west3-b/operations/operation-1667378584628-e1d28ea5?alt=json HTTP/1.1" 200 None
2022-11-02 09:46:13,482 DEBUG    urllib3.connectionpool Starting new HTTPS connection (1): container.googleapis.com:443
2022-11-02 09:46:13,690 DEBUG    urllib3.connectionpool https://container.googleapis.com:443 "GET /v1/projects/cloud-dev-112233/locations/europe-west3-b/operations/operation-1667378584628-e1d28ea5?alt=json HTTP/1.1" 200 None
2022-11-02 09:46:18,707 DEBUG    urllib3.connectionpool Starting new HTTPS connection (1): container.googleapis.com:443
2022-11-02 09:46:18,929 DEBUG    urllib3.connectionpool https://container.googleapis.com:443 "GET /v1/projects/cloud-dev-112233/locations/europe-west3-b/operations/operation-1667378584628-e1d28ea5?alt=json HTTP/1.1" 200 None
2022-11-02 09:46:23,949 DEBUG    urllib3.connectionpool Starting new HTTPS connection (1): container.googleapis.com:443
2022-11-02 09:46:24,187 DEBUG    urllib3.connectionpool https://container.googleapis.com:443 "GET /v1/projects/cloud-dev-112233/locations/europe-west3-b/operations/operation-1667378584628-e1d28ea5?alt=json HTTP/1.1" 200 None
2022-11-02 09:46:29,204 DEBUG    urllib3.connectionpool Starting new HTTPS connection (1): container.googleapis.com:443
2022-11-02 09:46:29,444 DEBUG    urllib3.connectionpool https://container.googleapis.com:443 "GET /v1/projects/cloud-dev-112233/locations/europe-west3-b/operations/operation-1667378584628-e1d28ea5?alt=json HTTP/1.1" 200 None
2022-11-02 09:46:34,461 DEBUG    urllib3.connectionpool Starting new HTTPS connection (1): container.googleapis.com:443
2022-11-02 09:46:34,690 DEBUG    urllib3.connectionpool https://container.googleapis.com:443 "GET /v1/projects/cloud-dev-112233/locations/europe-west3-b/operations/operation-1667378584628-e1d28ea5?alt=json HTTP/1.1" 200 None
2022-11-02 09:46:39,705 DEBUG    urllib3.connectionpool Starting new HTTPS connection (1): container.googleapis.com:443
2022-11-02 09:46:39,936 DEBUG    urllib3.connectionpool https://container.googleapis.com:443 "GET /v1/projects/cloud-dev-112233/locations/europe-west3-b/operations/operation-1667378584628-e1d28ea5?alt=json HTTP/1.1" 200 None
2022-11-02 09:46:44,955 DEBUG    urllib3.connectionpool Starting new HTTPS connection (1): container.googleapis.com:443
2022-11-02 09:46:45,158 DEBUG    urllib3.connectionpool https://container.googleapis.com:443 "GET /v1/projects/cloud-dev-112233/locations/europe-west3-b/operations/operation-1667378584628-e1d28ea5?alt=json HTTP/1.1" 200 None
2022-11-02 09:46:50,173 DEBUG    urllib3.connectionpool Starting new HTTPS connection (1): container.googleapis.com:443
2022-11-02 09:46:50,399 DEBUG    urllib3.connectionpool https://container.googleapis.com:443 "GET /v1/projects/cloud-dev-112233/locations/europe-west3-b/operations/operation-1667378584628-e1d28ea5?alt=json HTTP/1.1" 200 None
2022-11-02 09:46:55,415 DEBUG    urllib3.connectionpool Starting new HTTPS connection (1): container.googleapis.com:443
2022-11-02 09:46:55,646 DEBUG    urllib3.connectionpool https://container.googleapis.com:443 "GET /v1/projects/cloud-dev-112233/locations/europe-west3-b/operations/operation-1667378584628-e1d28ea5?alt=json HTTP/1.1" 200 None
2022-11-02 09:46:55,651 INFO     root            Operation <Operation
 clusterConditions: []
 endTime: '2022-11-02T08:46:55.602887305Z'
 name: 'operation-1667378584628-e1d28ea5'
 nodepoolConditions: []
 operationType: OperationTypeValueValuesEnum(CREATE_CLUSTER, 1)
 progress: <OperationProgress
 metrics: [<Metric
 intValue: 4
 name: 'CLUSTER_CONFIGURING'>, <Metric
 intValue: 4
 name: 'CLUSTER_CONFIGURING_TOTAL'>, <Metric
 intValue: 7
 name: 'CLUSTER_DEPLOYING'>, <Metric
 intValue: 7
 name: 'CLUSTER_DEPLOYING_TOTAL'>, <Metric
 intValue: 1
 name: 'CLUSTER_HEALTHCHECKING'>, <Metric
 intValue: 2
 name: 'CLUSTER_HEALTHCHECKING_TOTAL'>]
 stages: []>
 selfLink: 'https://container.googleapis.com/v1/projects/166042509722/zones/europe-west3-b/operations/operation-1667378584628-e1d28ea5'
 startTime: '2022-11-02T08:43:04.628840632Z'
 status: StatusValueValuesEnum(DONE, 3)
 targetLink: 'https://container.googleapis.com/v1/projects/166042509722/zones/europe-west3-b/clusters/inel-16303'
 zone: 'europe-west3-b'> succeeded after 231.033 seconds
2022-11-02 09:46:55,792 DEBUG    urllib3.connectionpool Starting new HTTPS connection (1): container.googleapis.com:443
2022-11-02 09:46:56,038 DEBUG    urllib3.connectionpool https://container.googleapis.com:443 "GET /v1/projects/cloud-dev-112233/locations/europe-west3-b/clusters/inel-16303?alt=json HTTP/1.1" 200 None
2022-11-02 09:46:56,048 INFO     ___FILE_ONLY___ Created [https://container.googleapis.com/v1/projects/cloud-dev-112233/zones/europe-west3-b/clusters/inel-16303].

2022-11-02 09:46:56,049 INFO     ___FILE_ONLY___ To inspect the contents of your cluster, go to: https://console.cloud.google.com/kubernetes/workload_/gcloud/europe-west3-b/inel-16303?project=cloud-dev-112233

2022-11-02 09:46:56,140 DEBUG    root            Saved kubeconfig to /Users/inelpandzic/.kube/config
2022-11-02 09:46:56,140 INFO     ___FILE_ONLY___ kubeconfig entry generated for inel-16303.

2022-11-02 09:46:56,141 INFO     root            Display format: "
    table(
        name,
        zone:label=LOCATION,
        master_version():label=MASTER_VERSION,
        endpoint:label=MASTER_IP,
        nodePools[0].config.machineType,
        currentNodeVersion:label=NODE_VERSION,
        firstof(currentNodeCount,initialNodeCount):label=NUM_NODES,
        status
    )
"
2022-11-02 09:46:56,145 INFO     ___FILE_ONLY___ NAME
2022-11-02 09:46:56,145 INFO     ___FILE_ONLY___         
2022-11-02 09:46:56,145 INFO     ___FILE_ONLY___ LOCATION
2022-11-02 09:46:56,145 INFO     ___FILE_ONLY___         
2022-11-02 09:46:56,145 INFO     ___FILE_ONLY___ MASTER_VERSION
2022-11-02 09:46:56,145 INFO     ___FILE_ONLY___     
2022-11-02 09:46:56,145 INFO     ___FILE_ONLY___ MASTER_IP
2022-11-02 09:46:56,145 INFO     ___FILE_ONLY___        
2022-11-02 09:46:56,145 INFO     ___FILE_ONLY___ MACHINE_TYPE
2022-11-02 09:46:56,145 INFO     ___FILE_ONLY___    
2022-11-02 09:46:56,145 INFO     ___FILE_ONLY___ NODE_VERSION
2022-11-02 09:46:56,145 INFO     ___FILE_ONLY___       
2022-11-02 09:46:56,145 INFO     ___FILE_ONLY___ NUM_NODES
2022-11-02 09:46:56,145 INFO     ___FILE_ONLY___   
2022-11-02 09:46:56,145 INFO     ___FILE_ONLY___ STATUS
2022-11-02 09:46:56,145 INFO     ___FILE_ONLY___ 

2022-11-02 09:46:56,145 INFO     ___FILE_ONLY___ inel-16303
2022-11-02 09:46:56,145 INFO     ___FILE_ONLY___   
2022-11-02 09:46:56,145 INFO     ___FILE_ONLY___ europe-west3-b
2022-11-02 09:46:56,146 INFO     ___FILE_ONLY___   
2022-11-02 09:46:56,146 INFO     ___FILE_ONLY___ 1.21.14-gke.8500
2022-11-02 09:46:56,146 INFO     ___FILE_ONLY___   
2022-11-02 09:46:56,146 INFO     ___FILE_ONLY___ 35.234.112.177
2022-11-02 09:46:56,146 INFO     ___FILE_ONLY___   
2022-11-02 09:46:56,146 INFO     ___FILE_ONLY___ n1-standard-4
2022-11-02 09:46:56,146 INFO     ___FILE_ONLY___   
2022-11-02 09:46:56,146 INFO     ___FILE_ONLY___ 1.21.14-gke.8500
2022-11-02 09:46:56,146 INFO     ___FILE_ONLY___   
2022-11-02 09:46:56,146 INFO     ___FILE_ONLY___ 3
2022-11-02 09:46:56,146 INFO     ___FILE_ONLY___           
2022-11-02 09:46:56,146 INFO     ___FILE_ONLY___ RUNNING
2022-11-02 09:46:56,146 INFO     ___FILE_ONLY___ 

2022-11-02 09:46:56,154 DEBUG    root            Metrics reporting process started...
