2022-11-02 09:49:42,826 DEBUG    root            Loaded Command Group: ['gcloud', 'config']
2022-11-02 09:49:42,828 DEBUG    root            Loaded Command Group: ['gcloud', 'config', 'config_helper']
2022-11-02 09:49:42,829 DEBUG    root            Running [gcloud.config.config-helper] with arguments: [--format: "json"]
2022-11-02 09:49:42,834 INFO     root            Display format: "default json"
2022-11-02 09:49:42,835 INFO     ___FILE_ONLY___ {
  "configuration": {
    "active_configuration": "percona-cloud-dev",
    "properties": {
      "core": {
        "account": "inel.pandzic@percona.com",
        "disable_usage_reporting": "False",
        "project": "cloud-dev-112233"
      }
    }
  },
  "credential": {
    "access_token": "ya29.a0Aa4xrXOlMmRbIxdFBO9v9jWs0H0YgMuOtT0WUhVLJOAWNhqCITwokdJRlNPHXobpnET1_nAfC-PkZdGG_LWPOKrxeepgE3MVjwDnJuOvlEWD5TxBq7gwv-al27E1yGSAHZ03SEE787y8s1_ezRV8c9vfMXEKby1LRwLB3v8aCgYKATASARESFQEjDvL9hrQ-72KwCih8mMkTFUiOyA0174",
    "id_token": "eyJhbGciOiJSUzI1NiIsImtpZCI6Ijc3Y2MwZWY0YzcxODFjZjRjMGRjZWY3YjYwYWUyOGNjOTAyMmM3NmIiLCJ0eXAiOiJKV1QifQ.eyJpc3MiOiJodHRwczovL2FjY291bnRzLmdvb2dsZS5jb20iLCJhenAiOiIzMjU1NTk0MDU1OS5hcHBzLmdvb2dsZXVzZXJjb250ZW50LmNvbSIsImF1ZCI6IjMyNTU1OTQwNTU5LmFwcHMuZ29vZ2xldXNlcmNvbnRlbnQuY29tIiwic3ViIjoiMTA3NDA5ODEzMzQ0NTU5NDQzNDA3IiwiaGQiOiJwZXJjb25hLmNvbSIsImVtYWlsIjoiaW5lbC5wYW5kemljQHBlcmNvbmEuY29tIiwiZW1haWxfdmVyaWZpZWQiOnRydWUsImF0X2hhc2giOiJ4TEk5VlVqb1JZVno5REZwLXpJbWd3IiwiaWF0IjoxNjY3Mzc3MDUyLCJleHAiOjE2NjczODA2NTJ9.TxZqevPdHUGDj9wsX_5A0Y0jhwugUkfq9rkQsGqos_doGyNuEbe7r5luTRyji7IG7EbixxvklTaLhej27Az1fENShx2wtqoJ8tpJsxtZKsIyEMJKZ_6YzhB0CUKdd6NJGFbVUM3RkZhNLUW4x6VGFTC3325t2QFljFne3lvGRlLFcvYYWH9lQSff-XNoyXa9I-bGfxFryPzaa63FXXlBTXNfiR9WlllC5cf4c6TT3AyCcnJDpv4escOySI1-uN_T0Idru9shF4BPK8OCrvnHmbMQQ_WIS_awsC2V-_pHtXD_K3W7cHD4ZLSt44dJ29MQ_cPDiPR0TvOHEgLvU-d9eQ",
    "token_expiry": "2022-11-02T09:17:31Z"
  },
  "sentinels": {
    "config_sentinel": "/Users/inelpandzic/.config/gcloud/config_sentinel"
  }
}
2022-11-02 09:49:42,835 INFO     ___FILE_ONLY___ 

2022-11-02 09:49:42,845 DEBUG    root            Metrics reporting process started...
