2022-11-02 11:27:35,325 DEBUG    root            Loaded Command Group: ['gcloud', 'container', 'clusters']
2022-11-02 11:27:35,327 DEBUG    root            Loaded Command Group: ['gcloud', 'container', 'clusters', 'list']
2022-11-02 11:27:35,340 DEBUG    google.auth.transport.requests Making request: POST https://oauth2.googleapis.com/token
2022-11-02 11:27:35,360 DEBUG    urllib3.connectionpool Starting new HTTPS connection (1): oauth2.googleapis.com:443
2022-11-02 11:27:35,496 DEBUG    urllib3.connectionpool https://oauth2.googleapis.com:443 "POST /token HTTP/1.1" 200 None
2022-11-02 11:27:35,508 DEBUG    root            Running [gcloud.container.clusters.list] with arguments: []
2022-11-02 11:27:35,552 DEBUG    urllib3.connectionpool Starting new HTTPS connection (1): container.googleapis.com:443
2022-11-02 11:27:36,165 DEBUG    urllib3.connectionpool https://container.googleapis.com:443 "GET /v1/projects/cloud-dev-112233/locations/-/clusters?alt=json HTTP/1.1" 200 None
2022-11-02 11:27:36,212 INFO     root            Display format: "
    table(
        name,
        zone:label=LOCATION,
        master_version():label=MASTER_VERSION,
        endpoint:label=MASTER_IP,
        nodePools[0].config.machineType,
        currentNodeVersion:label=NODE_VERSION,
        firstof(currentNodeCount,initialNodeCount):label=NUM_NODES,
        status
    )
"
2022-11-02 11:27:36,234 INFO     ___FILE_ONLY___ NAME
2022-11-02 11:27:36,234 INFO     ___FILE_ONLY___                           
2022-11-02 11:27:36,234 INFO     ___FILE_ONLY___ LOCATION
2022-11-02 11:27:36,234 INFO     ___FILE_ONLY___         
2022-11-02 11:27:36,234 INFO     ___FILE_ONLY___ MASTER_VERSION
2022-11-02 11:27:36,234 INFO     ___FILE_ONLY___     
2022-11-02 11:27:36,235 INFO     ___FILE_ONLY___ MASTER_IP
2022-11-02 11:27:36,235 INFO     ___FILE_ONLY___        
2022-11-02 11:27:36,235 INFO     ___FILE_ONLY___ MACHINE_TYPE
2022-11-02 11:27:36,235 INFO     ___FILE_ONLY___    
2022-11-02 11:27:36,235 INFO     ___FILE_ONLY___ NODE_VERSION
2022-11-02 11:27:36,235 INFO     ___FILE_ONLY___         
2022-11-02 11:27:36,235 INFO     ___FILE_ONLY___ NUM_NODES
2022-11-02 11:27:36,235 INFO     ___FILE_ONLY___   
2022-11-02 11:27:36,235 INFO     ___FILE_ONLY___ STATUS
2022-11-02 11:27:36,235 INFO     ___FILE_ONLY___ 

2022-11-02 11:27:36,235 INFO     ___FILE_ONLY___ ondrei-13193
2022-11-02 11:27:36,235 INFO     ___FILE_ONLY___                   
2022-11-02 11:27:36,235 INFO     ___FILE_ONLY___ europe-west1-c
2022-11-02 11:27:36,235 INFO     ___FILE_ONLY___   
2022-11-02 11:27:36,235 INFO     ___FILE_ONLY___ 1.22.12-gke.2300
2022-11-02 11:27:36,235 INFO     ___FILE_ONLY___   
2022-11-02 11:27:36,235 INFO     ___FILE_ONLY___ 104.155.15.56
2022-11-02 11:27:36,235 INFO     ___FILE_ONLY___    
2022-11-02 11:27:36,235 INFO     ___FILE_ONLY___ n1-standard-4
2022-11-02 11:27:36,235 INFO     ___FILE_ONLY___   
2022-11-02 11:27:36,235 INFO     ___FILE_ONLY___ 1.21.14-gke.8500 *
2022-11-02 11:27:36,235 INFO     ___FILE_ONLY___   
2022-11-02 11:27:36,235 INFO     ___FILE_ONLY___ 3
2022-11-02 11:27:36,235 INFO     ___FILE_ONLY___           
2022-11-02 11:27:36,235 INFO     ___FILE_ONLY___ RUNNING
2022-11-02 11:27:36,235 INFO     ___FILE_ONLY___ 

2022-11-02 11:27:36,235 INFO     ___FILE_ONLY___ slava-pxc
2022-11-02 11:27:36,235 INFO     ___FILE_ONLY___                      
2022-11-02 11:27:36,235 INFO     ___FILE_ONLY___ europe-west3-a
2022-11-02 11:27:36,235 INFO     ___FILE_ONLY___   
2022-11-02 11:27:36,235 INFO     ___FILE_ONLY___ 1.23.12-gke.100
2022-11-02 11:27:36,235 INFO     ___FILE_ONLY___    
2022-11-02 11:27:36,235 INFO     ___FILE_ONLY___ 35.246.129.244
2022-11-02 11:27:36,235 INFO     ___FILE_ONLY___   
2022-11-02 11:27:36,235 INFO     ___FILE_ONLY___ n1-standard-4
2022-11-02 11:27:36,235 INFO     ___FILE_ONLY___   
2022-11-02 11:27:36,235 INFO     ___FILE_ONLY___ 1.23.12-gke.100
2022-11-02 11:27:36,236 INFO     ___FILE_ONLY___      
2022-11-02 11:27:36,236 INFO     ___FILE_ONLY___ 3
2022-11-02 11:27:36,236 INFO     ___FILE_ONLY___           
2022-11-02 11:27:36,236 INFO     ___FILE_ONLY___ RUNNING
2022-11-02 11:27:36,236 INFO     ___FILE_ONLY___ 

2022-11-02 11:27:36,236 INFO     ___FILE_ONLY___ inel-16303
2022-11-02 11:27:36,236 INFO     ___FILE_ONLY___                     
2022-11-02 11:27:36,236 INFO     ___FILE_ONLY___ europe-west3-b
2022-11-02 11:27:36,236 INFO     ___FILE_ONLY___   
2022-11-02 11:27:36,236 INFO     ___FILE_ONLY___ 1.21.14-gke.8500
2022-11-02 11:27:36,236 INFO     ___FILE_ONLY___   
2022-11-02 11:27:36,236 INFO     ___FILE_ONLY___ 35.234.112.177
2022-11-02 11:27:36,236 INFO     ___FILE_ONLY___   
2022-11-02 11:27:36,236 INFO     ___FILE_ONLY___ n1-standard-4
2022-11-02 11:27:36,236 INFO     ___FILE_ONLY___   
2022-11-02 11:27:36,236 INFO     ___FILE_ONLY___ 1.21.14-gke.8500
2022-11-02 11:27:36,236 INFO     ___FILE_ONLY___     
2022-11-02 11:27:36,236 INFO     ___FILE_ONLY___ 3
2022-11-02 11:27:36,236 INFO     ___FILE_ONLY___           
2022-11-02 11:27:36,236 INFO     ___FILE_ONLY___ RUNNING
2022-11-02 11:27:36,236 INFO     ___FILE_ONLY___ 

2022-11-02 11:27:36,236 INFO     ___FILE_ONLY___ max-30844
2022-11-02 11:27:36,236 INFO     ___FILE_ONLY___                      
2022-11-02 11:27:36,236 INFO     ___FILE_ONLY___ europe-west3-b
2022-11-02 11:27:36,236 INFO     ___FILE_ONLY___   
2022-11-02 11:27:36,236 INFO     ___FILE_ONLY___ 1.22.12-gke.2300
2022-11-02 11:27:36,236 INFO     ___FILE_ONLY___   
2022-11-02 11:27:36,236 INFO     ___FILE_ONLY___ 35.246.193.17
2022-11-02 11:27:36,236 INFO     ___FILE_ONLY___    
2022-11-02 11:27:36,236 INFO     ___FILE_ONLY___ n1-standard-4
2022-11-02 11:27:36,236 INFO     ___FILE_ONLY___   
2022-11-02 11:27:36,236 INFO     ___FILE_ONLY___ 1.21.14-gke.2700 *
2022-11-02 11:27:36,236 INFO     ___FILE_ONLY___   
2022-11-02 11:27:36,236 INFO     ___FILE_ONLY___ 3
2022-11-02 11:27:36,236 INFO     ___FILE_ONLY___           
2022-11-02 11:27:36,236 INFO     ___FILE_ONLY___ RUNNING
2022-11-02 11:27:36,236 INFO     ___FILE_ONLY___ 

2022-11-02 11:27:36,236 INFO     ___FILE_ONLY___ natali-22
2022-11-02 11:27:36,236 INFO     ___FILE_ONLY___                      
2022-11-02 11:27:36,236 INFO     ___FILE_ONLY___ europe-west3-b
2022-11-02 11:27:36,236 INFO     ___FILE_ONLY___   
2022-11-02 11:27:36,237 INFO     ___FILE_ONLY___ 1.22.15-gke.1000
2022-11-02 11:27:36,237 INFO     ___FILE_ONLY___   
2022-11-02 11:27:36,237 INFO     ___FILE_ONLY___ 35.234.100.36
2022-11-02 11:27:36,237 INFO     ___FILE_ONLY___    
2022-11-02 11:27:36,237 INFO     ___FILE_ONLY___ n1-standard-4
2022-11-02 11:27:36,237 INFO     ___FILE_ONLY___   
2022-11-02 11:27:36,237 INFO     ___FILE_ONLY___ 1.22.15-gke.1000
2022-11-02 11:27:36,237 INFO     ___FILE_ONLY___     
2022-11-02 11:27:36,237 INFO     ___FILE_ONLY___ 3
2022-11-02 11:27:36,237 INFO     ___FILE_ONLY___           
2022-11-02 11:27:36,237 INFO     ___FILE_ONLY___ RUNNING
2022-11-02 11:27:36,237 INFO     ___FILE_ONLY___ 

2022-11-02 11:27:36,237 INFO     ___FILE_ONLY___ jen-pxc-25fb4a71-39-cluster1
2022-11-02 11:27:36,237 INFO     ___FILE_ONLY___   
2022-11-02 11:27:36,237 INFO     ___FILE_ONLY___ us-central1-a
2022-11-02 11:27:36,237 INFO     ___FILE_ONLY___    
2022-11-02 11:27:36,237 INFO     ___FILE_ONLY___ 1.21.14-gke.7100
2022-11-02 11:27:36,237 INFO     ___FILE_ONLY___   
2022-11-02 11:27:36,237 INFO     ___FILE_ONLY___ 35.222.192.106
2022-11-02 11:27:36,237 INFO     ___FILE_ONLY___   
2022-11-02 11:27:36,237 INFO     ___FILE_ONLY___ n1-standard-4
2022-11-02 11:27:36,237 INFO     ___FILE_ONLY___   
2022-11-02 11:27:36,237 INFO     ___FILE_ONLY___ 1.21.14-gke.7100
2022-11-02 11:27:36,237 INFO     ___FILE_ONLY___     
2022-11-02 11:27:36,237 INFO     ___FILE_ONLY___ 3
2022-11-02 11:27:36,237 INFO     ___FILE_ONLY___           
2022-11-02 11:27:36,237 INFO     ___FILE_ONLY___ RUNNING
2022-11-02 11:27:36,237 INFO     ___FILE_ONLY___ 

2022-11-02 11:27:36,237 INFO     ___FILE_ONLY___ jen-pxc-25fb4a71-39-cluster2
2022-11-02 11:27:36,237 INFO     ___FILE_ONLY___   
2022-11-02 11:27:36,237 INFO     ___FILE_ONLY___ us-central1-a
2022-11-02 11:27:36,237 INFO     ___FILE_ONLY___    
2022-11-02 11:27:36,237 INFO     ___FILE_ONLY___ 1.21.14-gke.7100
2022-11-02 11:27:36,237 INFO     ___FILE_ONLY___   
2022-11-02 11:27:36,237 INFO     ___FILE_ONLY___ 34.67.77.135
2022-11-02 11:27:36,237 INFO     ___FILE_ONLY___     
2022-11-02 11:27:36,237 INFO     ___FILE_ONLY___ n1-standard-4
2022-11-02 11:27:36,237 INFO     ___FILE_ONLY___   
2022-11-02 11:27:36,237 INFO     ___FILE_ONLY___ 1.21.14-gke.7100
2022-11-02 11:27:36,238 INFO     ___FILE_ONLY___     
2022-11-02 11:27:36,238 INFO     ___FILE_ONLY___ 3
2022-11-02 11:27:36,238 INFO     ___FILE_ONLY___           
2022-11-02 11:27:36,238 INFO     ___FILE_ONLY___ RUNNING
2022-11-02 11:27:36,238 INFO     ___FILE_ONLY___ 

2022-11-02 11:27:36,238 INFO     ___FILE_ONLY___ jen-pxc-25fb4a71-39-cluster3
2022-11-02 11:27:36,238 INFO     ___FILE_ONLY___   
2022-11-02 11:27:36,238 INFO     ___FILE_ONLY___ us-central1-a
2022-11-02 11:27:36,238 INFO     ___FILE_ONLY___    
2022-11-02 11:27:36,238 INFO     ___FILE_ONLY___ 1.21.14-gke.7100
2022-11-02 11:27:36,238 INFO     ___FILE_ONLY___   
2022-11-02 11:27:36,238 INFO     ___FILE_ONLY___ 34.121.42.73
2022-11-02 11:27:36,238 INFO     ___FILE_ONLY___     
2022-11-02 11:27:36,238 INFO     ___FILE_ONLY___ n1-standard-4
2022-11-02 11:27:36,238 INFO     ___FILE_ONLY___   
2022-11-02 11:27:36,238 INFO     ___FILE_ONLY___ 1.21.14-gke.7100
2022-11-02 11:27:36,238 INFO     ___FILE_ONLY___     
2022-11-02 11:27:36,238 INFO     ___FILE_ONLY___ 3
2022-11-02 11:27:36,238 INFO     ___FILE_ONLY___           
2022-11-02 11:27:36,238 INFO     ___FILE_ONLY___ RUNNING
2022-11-02 11:27:36,238 INFO     ___FILE_ONLY___ 

2022-11-02 11:27:36,238 INFO     ___FILE_ONLY___ jen-pxc-25fb4a71-39-cluster4
2022-11-02 11:27:36,238 INFO     ___FILE_ONLY___   
2022-11-02 11:27:36,238 INFO     ___FILE_ONLY___ us-central1-a
2022-11-02 11:27:36,238 INFO     ___FILE_ONLY___    
2022-11-02 11:27:36,238 INFO     ___FILE_ONLY___ 1.21.14-gke.7100
2022-11-02 11:27:36,238 INFO     ___FILE_ONLY___   
2022-11-02 11:27:36,238 INFO     ___FILE_ONLY___ 34.133.144.102
2022-11-02 11:27:36,238 INFO     ___FILE_ONLY___   
2022-11-02 11:27:36,238 INFO     ___FILE_ONLY___ n1-standard-4
2022-11-02 11:27:36,238 INFO     ___FILE_ONLY___   
2022-11-02 11:27:36,238 INFO     ___FILE_ONLY___ 1.21.14-gke.7100
2022-11-02 11:27:36,238 INFO     ___FILE_ONLY___     
2022-11-02 11:27:36,238 INFO     ___FILE_ONLY___ 3
2022-11-02 11:27:36,238 INFO     ___FILE_ONLY___           
2022-11-02 11:27:36,238 INFO     ___FILE_ONLY___ RUNNING
2022-11-02 11:27:36,238 INFO     ___FILE_ONLY___ 

2022-11-02 11:27:36,239 INFO     ___FILE_ONLY___ jen-pxc-25fb4a71-39-cluster5
2022-11-02 11:27:36,239 INFO     ___FILE_ONLY___   
2022-11-02 11:27:36,239 INFO     ___FILE_ONLY___ us-central1-a
2022-11-02 11:27:36,239 INFO     ___FILE_ONLY___    
2022-11-02 11:27:36,239 INFO     ___FILE_ONLY___ 1.21.14-gke.7100
2022-11-02 11:27:36,239 INFO     ___FILE_ONLY___   
2022-11-02 11:27:36,239 INFO     ___FILE_ONLY___ 34.172.117.84
2022-11-02 11:27:36,239 INFO     ___FILE_ONLY___    
2022-11-02 11:27:36,239 INFO     ___FILE_ONLY___ n1-standard-4
2022-11-02 11:27:36,239 INFO     ___FILE_ONLY___   
2022-11-02 11:27:36,239 INFO     ___FILE_ONLY___ 1.21.14-gke.7100
2022-11-02 11:27:36,239 INFO     ___FILE_ONLY___     
2022-11-02 11:27:36,239 INFO     ___FILE_ONLY___ 3
2022-11-02 11:27:36,239 INFO     ___FILE_ONLY___           
2022-11-02 11:27:36,239 INFO     ___FILE_ONLY___ RUNNING
2022-11-02 11:27:36,239 INFO     ___FILE_ONLY___ 

2022-11-02 11:27:36,239 INFO     ___FILE_ONLY___ jen-pxc-25fb4a71-39-cluster6
2022-11-02 11:27:36,239 INFO     ___FILE_ONLY___   
2022-11-02 11:27:36,239 INFO     ___FILE_ONLY___ us-central1-a
2022-11-02 11:27:36,239 INFO     ___FILE_ONLY___    
2022-11-02 11:27:36,239 INFO     ___FILE_ONLY___ 1.21.14-gke.7100
2022-11-02 11:27:36,239 INFO     ___FILE_ONLY___   
2022-11-02 11:27:36,239 INFO     ___FILE_ONLY___ 34.135.165.158
2022-11-02 11:27:36,239 INFO     ___FILE_ONLY___   
2022-11-02 11:27:36,239 INFO     ___FILE_ONLY___ n1-standard-4
2022-11-02 11:27:36,239 INFO     ___FILE_ONLY___   
2022-11-02 11:27:36,239 INFO     ___FILE_ONLY___ 1.21.14-gke.7100
2022-11-02 11:27:36,239 INFO     ___FILE_ONLY___     
2022-11-02 11:27:36,239 INFO     ___FILE_ONLY___ 3
2022-11-02 11:27:36,239 INFO     ___FILE_ONLY___           
2022-11-02 11:27:36,239 INFO     ___FILE_ONLY___ RUNNING
2022-11-02 11:27:36,239 INFO     ___FILE_ONLY___ 

2022-11-02 11:27:36,239 INFO     ___FILE_ONLY___ jen-pxc-25fb4a71-39-cluster7
2022-11-02 11:27:36,239 INFO     ___FILE_ONLY___   
2022-11-02 11:27:36,239 INFO     ___FILE_ONLY___ us-central1-a
2022-11-02 11:27:36,239 INFO     ___FILE_ONLY___    
2022-11-02 11:27:36,239 INFO     ___FILE_ONLY___ 1.21.14-gke.7100
2022-11-02 11:27:36,240 INFO     ___FILE_ONLY___   
2022-11-02 11:27:36,240 INFO     ___FILE_ONLY___ 35.222.210.143
2022-11-02 11:27:36,240 INFO     ___FILE_ONLY___   
2022-11-02 11:27:36,240 INFO     ___FILE_ONLY___ n1-standard-4
2022-11-02 11:27:36,240 INFO     ___FILE_ONLY___   
2022-11-02 11:27:36,240 INFO     ___FILE_ONLY___ 1.21.14-gke.7100
2022-11-02 11:27:36,240 INFO     ___FILE_ONLY___     
2022-11-02 11:27:36,240 INFO     ___FILE_ONLY___ 3
2022-11-02 11:27:36,240 INFO     ___FILE_ONLY___           
2022-11-02 11:27:36,240 INFO     ___FILE_ONLY___ RUNNING
2022-11-02 11:27:36,240 INFO     ___FILE_ONLY___ 

2022-11-02 11:27:36,240 INFO     ___FILE_ONLY___ jen-pxc-25fb4a71-39-cluster8
2022-11-02 11:27:36,240 INFO     ___FILE_ONLY___   
2022-11-02 11:27:36,240 INFO     ___FILE_ONLY___ us-central1-a
2022-11-02 11:27:36,240 INFO     ___FILE_ONLY___    
2022-11-02 11:27:36,240 INFO     ___FILE_ONLY___ 1.21.14-gke.7100
2022-11-02 11:27:36,240 INFO     ___FILE_ONLY___   
2022-11-02 11:27:36,240 INFO     ___FILE_ONLY___ 35.192.9.106
2022-11-02 11:27:36,240 INFO     ___FILE_ONLY___     
2022-11-02 11:27:36,240 INFO     ___FILE_ONLY___ n1-standard-4
2022-11-02 11:27:36,240 INFO     ___FILE_ONLY___   
2022-11-02 11:27:36,240 INFO     ___FILE_ONLY___ 1.21.14-gke.7100
2022-11-02 11:27:36,240 INFO     ___FILE_ONLY___     
2022-11-02 11:27:36,240 INFO     ___FILE_ONLY___ 3
2022-11-02 11:27:36,240 INFO     ___FILE_ONLY___           
2022-11-02 11:27:36,240 INFO     ___FILE_ONLY___ RUNNING
2022-11-02 11:27:36,240 INFO     ___FILE_ONLY___ 

2022-11-02 11:27:36,240 INFO     ___FILE_ONLY___ jen-pxc-25fb4a71-39-cluster9
2022-11-02 11:27:36,240 INFO     ___FILE_ONLY___   
2022-11-02 11:27:36,240 INFO     ___FILE_ONLY___ us-central1-a
2022-11-02 11:27:36,240 INFO     ___FILE_ONLY___    
2022-11-02 11:27:36,240 INFO     ___FILE_ONLY___ 1.21.14-gke.7100
2022-11-02 11:27:36,240 INFO     ___FILE_ONLY___   
2022-11-02 11:27:36,240 INFO     ___FILE_ONLY___ 35.193.220.61
2022-11-02 11:27:36,240 INFO     ___FILE_ONLY___    
2022-11-02 11:27:36,240 INFO     ___FILE_ONLY___ n1-standard-4
2022-11-02 11:27:36,240 INFO     ___FILE_ONLY___   
2022-11-02 11:27:36,241 INFO     ___FILE_ONLY___ 1.21.14-gke.7100
2022-11-02 11:27:36,241 INFO     ___FILE_ONLY___     
2022-11-02 11:27:36,241 INFO     ___FILE_ONLY___ 3
2022-11-02 11:27:36,241 INFO     ___FILE_ONLY___           
2022-11-02 11:27:36,241 INFO     ___FILE_ONLY___ RUNNING
2022-11-02 11:27:36,241 INFO     ___FILE_ONLY___ 

2022-11-02 11:27:36,241 INFO     ___FILE_ONLY___ plavi-121
2022-11-02 11:27:36,241 INFO     ___FILE_ONLY___                      
2022-11-02 11:27:36,241 INFO     ___FILE_ONLY___ us-central1-a
2022-11-02 11:27:36,241 INFO     ___FILE_ONLY___    
2022-11-02 11:27:36,241 INFO     ___FILE_ONLY___ 1.21.14-gke.7100
2022-11-02 11:27:36,241 INFO     ___FILE_ONLY___   
2022-11-02 11:27:36,241 INFO     ___FILE_ONLY___ 34.123.44.231
2022-11-02 11:27:36,241 INFO     ___FILE_ONLY___    
2022-11-02 11:27:36,241 INFO     ___FILE_ONLY___ n1-standard-4
2022-11-02 11:27:36,241 INFO     ___FILE_ONLY___   
2022-11-02 11:27:36,241 INFO     ___FILE_ONLY___ 1.21.14-gke.7100
2022-11-02 11:27:36,241 INFO     ___FILE_ONLY___     
2022-11-02 11:27:36,241 INFO     ___FILE_ONLY___ 3
2022-11-02 11:27:36,241 INFO     ___FILE_ONLY___           
2022-11-02 11:27:36,241 INFO     ___FILE_ONLY___ RUNNING
2022-11-02 11:27:36,241 INFO     ___FILE_ONLY___ 

2022-11-02 11:27:36,241 INFO     ___FILE_ONLY___ cap-666
2022-11-02 11:27:36,241 INFO     ___FILE_ONLY___                        
2022-11-02 11:27:36,241 INFO     ___FILE_ONLY___ us-central1-c
2022-11-02 11:27:36,241 INFO     ___FILE_ONLY___    
2022-11-02 11:27:36,241 INFO     ___FILE_ONLY___ 1.21.14-gke.8500
2022-11-02 11:27:36,241 INFO     ___FILE_ONLY___   
2022-11-02 11:27:36,241 INFO     ___FILE_ONLY___ 34.27.67.2
2022-11-02 11:27:36,241 INFO     ___FILE_ONLY___       
2022-11-02 11:27:36,241 INFO     ___FILE_ONLY___ n1-standard-4
2022-11-02 11:27:36,241 INFO     ___FILE_ONLY___   
2022-11-02 11:27:36,241 INFO     ___FILE_ONLY___ 1.21.14-gke.8500
2022-11-02 11:27:36,242 INFO     ___FILE_ONLY___     
2022-11-02 11:27:36,242 INFO     ___FILE_ONLY___ 3
2022-11-02 11:27:36,242 INFO     ___FILE_ONLY___           
2022-11-02 11:27:36,242 INFO     ___FILE_ONLY___ RUNNING
2022-11-02 11:27:36,242 INFO     ___FILE_ONLY___ 

2022-11-02 11:27:36,242 INFO     ___FILE_ONLY___ 
* - There is an upgrade available for your cluster(s).

To upgrade nodes to the latest available version, run
  $ gcloud container clusters upgrade NAME

2022-11-02 11:27:36,243 DEBUG    root            Checking for updates...
2022-11-02 11:27:36,255 DEBUG    urllib3.connectionpool Starting new HTTPS connection (1): dl.google.com:443
2022-11-02 11:27:36,381 DEBUG    urllib3.connectionpool https://dl.google.com:443 "GET /dl/cloudsdk/channels/rapid/components-2.json HTTP/1.1" 200 203446
2022-11-02 11:27:36,461 DEBUG    root            Updating notification cache...
2022-11-02 11:27:36,461 DEBUG    root            Activating notification: [default]
2022-11-02 11:27:36,467 DEBUG    root            Metrics reporting process started...
