2022-11-02 13:51:45,495 DEBUG    root            Loaded Command Group: ['gcloud', 'config']
2022-11-02 13:51:45,497 DEBUG    root            Loaded Command Group: ['gcloud', 'config', 'config_helper']
2022-11-02 13:51:45,498 DEBUG    root            Running [gcloud.config.config-helper] with arguments: [--format: "json"]
2022-11-02 13:51:45,513 DEBUG    google.auth.transport.requests Making request: POST https://oauth2.googleapis.com/token
2022-11-02 13:51:45,531 DEBUG    urllib3.connectionpool Starting new HTTPS connection (1): oauth2.googleapis.com:443
2022-11-02 13:51:45,685 DEBUG    urllib3.connectionpool https://oauth2.googleapis.com:443 "POST /token HTTP/1.1" 200 None
2022-11-02 13:51:45,691 INFO     root            Display format: "default json"
2022-11-02 13:51:45,692 INFO     ___FILE_ONLY___ {
  "configuration": {
    "active_configuration": "percona-cloud-dev",
    "properties": {
      "core": {
        "account": "inel.pandzic@percona.com",
        "disable_usage_reporting": "False",
        "project": "cloud-dev-112233"
      }
    }
  },
  "credential": {
    "access_token": "ya29.a0Aa4xrXMcHdYD500_TFu8Z_8llbszggdfbA8kNFK8X3vnc3X9hM2KRIFuPoiMxC4AqLO0kSlWahrCx9R7P0UuX4nn4DXJLLZ1RukNDCkmhKmjHOh-3ERiVb_oAR5oJemy8T8S_kN1Qbp9Z-Ky8op_fqG34eDFKHPnfTEZmGEaCgYKATASARESFQEjDvL96PO2kvFAhV5imV07J6HQ9A0174",
    "id_token": "eyJhbGciOiJSUzI1NiIsImtpZCI6Ijc3Y2MwZWY0YzcxODFjZjRjMGRjZWY3YjYwYWUyOGNjOTAyMmM3NmIiLCJ0eXAiOiJKV1QifQ.eyJpc3MiOiJodHRwczovL2FjY291bnRzLmdvb2dsZS5jb20iLCJhenAiOiIzMjU1NTk0MDU1OS5hcHBzLmdvb2dsZXVzZXJjb250ZW50LmNvbSIsImF1ZCI6IjMyNTU1OTQwNTU5LmFwcHMuZ29vZ2xldXNlcmNvbnRlbnQuY29tIiwic3ViIjoiMTA3NDA5ODEzMzQ0NTU5NDQzNDA3IiwiaGQiOiJwZXJjb25hLmNvbSIsImVtYWlsIjoiaW5lbC5wYW5kemljQHBlcmNvbmEuY29tIiwiZW1haWxfdmVyaWZpZWQiOnRydWUsImF0X2hhc2giOiJXQUNwVndzRlBOSVk0d1ZUNzNtS253IiwiaWF0IjoxNjY3MzkzNTA1LCJleHAiOjE2NjczOTcxMDV9.bW3-eB3HjFFkqin8ikywx2WBxv_9Myqsu-BVPlTbXujVuHG9eeYLh96goOZvDrXsNSKCmEL6ooOEl4LDloX8LFf_c4t0QxX2kurg-12VRnT9V8jG6S0ZSuBaJC4ZVoFgHNqsJGLiVoctx6FOvLKwrcTvr37QKJ1FUdjZboOO_PWIpH4K7DTSep9XYEXmCJRfUCbFSlyTjDDGUIJAIeyMGW6GlfnbhNxALPqpetvGsDm7_Gzbji3627EKCfTGVE572JuNPRFvzBueU52mp9_sqtJdttQTf1bVk5fzQBbR1DCmObIRu9fgZxVkrhpvT5v3GfHcojaAzfyzBK1_7upNyQ",
    "token_expiry": "2022-11-02T13:51:44Z"
  },
  "sentinels": {
    "config_sentinel": "/Users/inelpandzic/.config/gcloud/config_sentinel"
  }
}
2022-11-02 13:51:45,692 INFO     ___FILE_ONLY___ 

2022-11-02 13:51:45,703 DEBUG    root            Metrics reporting process started...
