2022-11-02 21:40:09,799 DEBUG    root            Loaded Command Group: ['gcloud', 'container', 'clusters']
2022-11-02 21:40:09,801 DEBUG    root            Loaded Command Group: ['gcloud', 'container', 'clusters', 'list']
2022-11-02 21:40:09,824 DEBUG    google.auth.transport.requests Making request: POST https://oauth2.googleapis.com/token
2022-11-02 21:40:09,848 DEBUG    urllib3.connectionpool Starting new HTTPS connection (1): oauth2.googleapis.com:443
2022-11-02 21:40:10,020 DEBUG    urllib3.connectionpool https://oauth2.googleapis.com:443 "POST /token HTTP/1.1" 200 None
2022-11-02 21:40:10,039 DEBUG    root            Running [gcloud.container.clusters.list] with arguments: []
2022-11-02 21:40:10,089 DEBUG    urllib3.connectionpool Starting new HTTPS connection (1): container.googleapis.com:443
2022-11-02 21:40:10,709 DEBUG    urllib3.connectionpool https://container.googleapis.com:443 "GET /v1/projects/cloud-dev-112233/locations/-/clusters?alt=json HTTP/1.1" 200 None
2022-11-02 21:40:10,749 INFO     root            Display format: "
    table(
        name,
        zone:label=LOCATION,
        master_version():label=MASTER_VERSION,
        endpoint:label=MASTER_IP,
        nodePools[0].config.machineType,
        currentNodeVersion:label=NODE_VERSION,
        firstof(currentNodeCount,initialNodeCount):label=NUM_NODES,
        status
    )
"
2022-11-02 21:40:10,762 INFO     ___FILE_ONLY___ NAME
2022-11-02 21:40:10,762 INFO     ___FILE_ONLY___                           
2022-11-02 21:40:10,762 INFO     ___FILE_ONLY___ LOCATION
2022-11-02 21:40:10,762 INFO     ___FILE_ONLY___         
2022-11-02 21:40:10,762 INFO     ___FILE_ONLY___ MASTER_VERSION
2022-11-02 21:40:10,762 INFO     ___FILE_ONLY___     
2022-11-02 21:40:10,762 INFO     ___FILE_ONLY___ MASTER_IP
2022-11-02 21:40:10,762 INFO     ___FILE_ONLY___        
2022-11-02 21:40:10,762 INFO     ___FILE_ONLY___ MACHINE_TYPE
2022-11-02 21:40:10,762 INFO     ___FILE_ONLY___    
2022-11-02 21:40:10,762 INFO     ___FILE_ONLY___ NODE_VERSION
2022-11-02 21:40:10,762 INFO     ___FILE_ONLY___         
2022-11-02 21:40:10,762 INFO     ___FILE_ONLY___ NUM_NODES
2022-11-02 21:40:10,762 INFO     ___FILE_ONLY___   
2022-11-02 21:40:10,762 INFO     ___FILE_ONLY___ STATUS
2022-11-02 21:40:10,762 INFO     ___FILE_ONLY___ 

2022-11-02 21:40:10,762 INFO     ___FILE_ONLY___ ondrei-13193
2022-11-02 21:40:10,762 INFO     ___FILE_ONLY___                   
2022-11-02 21:40:10,762 INFO     ___FILE_ONLY___ europe-west1-c
2022-11-02 21:40:10,762 INFO     ___FILE_ONLY___   
2022-11-02 21:40:10,762 INFO     ___FILE_ONLY___ 1.22.12-gke.2300
2022-11-02 21:40:10,762 INFO     ___FILE_ONLY___   
2022-11-02 21:40:10,762 INFO     ___FILE_ONLY___ 104.155.15.56
2022-11-02 21:40:10,763 INFO     ___FILE_ONLY___    
2022-11-02 21:40:10,763 INFO     ___FILE_ONLY___ n1-standard-4
2022-11-02 21:40:10,763 INFO     ___FILE_ONLY___   
2022-11-02 21:40:10,763 INFO     ___FILE_ONLY___ 1.21.14-gke.8500 *
2022-11-02 21:40:10,763 INFO     ___FILE_ONLY___   
2022-11-02 21:40:10,763 INFO     ___FILE_ONLY___ 3
2022-11-02 21:40:10,763 INFO     ___FILE_ONLY___           
2022-11-02 21:40:10,763 INFO     ___FILE_ONLY___ RUNNING
2022-11-02 21:40:10,763 INFO     ___FILE_ONLY___ 

2022-11-02 21:40:10,763 INFO     ___FILE_ONLY___ slava-pxc
2022-11-02 21:40:10,763 INFO     ___FILE_ONLY___                      
2022-11-02 21:40:10,763 INFO     ___FILE_ONLY___ europe-west3-a
2022-11-02 21:40:10,763 INFO     ___FILE_ONLY___   
2022-11-02 21:40:10,763 INFO     ___FILE_ONLY___ 1.23.12-gke.100
2022-11-02 21:40:10,763 INFO     ___FILE_ONLY___    
2022-11-02 21:40:10,763 INFO     ___FILE_ONLY___ 35.246.129.244
2022-11-02 21:40:10,763 INFO     ___FILE_ONLY___   
2022-11-02 21:40:10,763 INFO     ___FILE_ONLY___ n1-standard-4
2022-11-02 21:40:10,763 INFO     ___FILE_ONLY___   
2022-11-02 21:40:10,763 INFO     ___FILE_ONLY___ 1.23.12-gke.100
2022-11-02 21:40:10,763 INFO     ___FILE_ONLY___      
2022-11-02 21:40:10,763 INFO     ___FILE_ONLY___ 3
2022-11-02 21:40:10,763 INFO     ___FILE_ONLY___           
2022-11-02 21:40:10,763 INFO     ___FILE_ONLY___ RUNNING
2022-11-02 21:40:10,763 INFO     ___FILE_ONLY___ 

2022-11-02 21:40:10,763 INFO     ___FILE_ONLY___ inel-26056
2022-11-02 21:40:10,763 INFO     ___FILE_ONLY___                     
2022-11-02 21:40:10,763 INFO     ___FILE_ONLY___ europe-west3-b
2022-11-02 21:40:10,763 INFO     ___FILE_ONLY___   
2022-11-02 21:40:10,763 INFO     ___FILE_ONLY___ 1.21.14-gke.8500
2022-11-02 21:40:10,763 INFO     ___FILE_ONLY___   
2022-11-02 21:40:10,763 INFO     ___FILE_ONLY___ 35.198.105.37
2022-11-02 21:40:10,763 INFO     ___FILE_ONLY___    
2022-11-02 21:40:10,763 INFO     ___FILE_ONLY___ n1-standard-4
2022-11-02 21:40:10,763 INFO     ___FILE_ONLY___   
2022-11-02 21:40:10,763 INFO     ___FILE_ONLY___ 1.21.14-gke.8500
2022-11-02 21:40:10,763 INFO     ___FILE_ONLY___     
2022-11-02 21:40:10,763 INFO     ___FILE_ONLY___ 3
2022-11-02 21:40:10,763 INFO     ___FILE_ONLY___           
2022-11-02 21:40:10,763 INFO     ___FILE_ONLY___ RUNNING
2022-11-02 21:40:10,763 INFO     ___FILE_ONLY___ 

2022-11-02 21:40:10,763 INFO     ___FILE_ONLY___ max-30844
2022-11-02 21:40:10,763 INFO     ___FILE_ONLY___                      
2022-11-02 21:40:10,764 INFO     ___FILE_ONLY___ europe-west3-b
2022-11-02 21:40:10,764 INFO     ___FILE_ONLY___   
2022-11-02 21:40:10,764 INFO     ___FILE_ONLY___ 1.22.12-gke.2300
2022-11-02 21:40:10,764 INFO     ___FILE_ONLY___   
2022-11-02 21:40:10,764 INFO     ___FILE_ONLY___ 35.246.193.17
2022-11-02 21:40:10,764 INFO     ___FILE_ONLY___    
2022-11-02 21:40:10,764 INFO     ___FILE_ONLY___ n1-standard-4
2022-11-02 21:40:10,764 INFO     ___FILE_ONLY___   
2022-11-02 21:40:10,764 INFO     ___FILE_ONLY___ 1.21.14-gke.2700 *
2022-11-02 21:40:10,764 INFO     ___FILE_ONLY___   
2022-11-02 21:40:10,764 INFO     ___FILE_ONLY___ 3
2022-11-02 21:40:10,764 INFO     ___FILE_ONLY___           
2022-11-02 21:40:10,764 INFO     ___FILE_ONLY___ RUNNING
2022-11-02 21:40:10,764 INFO     ___FILE_ONLY___ 

2022-11-02 21:40:10,764 INFO     ___FILE_ONLY___ plavi-122
2022-11-02 21:40:10,764 INFO     ___FILE_ONLY___                      
2022-11-02 21:40:10,764 INFO     ___FILE_ONLY___ us-central1
2022-11-02 21:40:10,764 INFO     ___FILE_ONLY___      
2022-11-02 21:40:10,764 INFO     ___FILE_ONLY___ 1.21.14-gke.8500
2022-11-02 21:40:10,764 INFO     ___FILE_ONLY___   
2022-11-02 21:40:10,764 INFO     ___FILE_ONLY___ 34.71.188.254
2022-11-02 21:40:10,764 INFO     ___FILE_ONLY___    
2022-11-02 21:40:10,764 INFO     ___FILE_ONLY___ n1-standard-4
2022-11-02 21:40:10,764 INFO     ___FILE_ONLY___   
2022-11-02 21:40:10,764 INFO     ___FILE_ONLY___ 1.21.14-gke.8500
2022-11-02 21:40:10,764 INFO     ___FILE_ONLY___     
2022-11-02 21:40:10,764 INFO     ___FILE_ONLY___ 9
2022-11-02 21:40:10,764 INFO     ___FILE_ONLY___           
2022-11-02 21:40:10,764 INFO     ___FILE_ONLY___ RUNNING
2022-11-02 21:40:10,764 INFO     ___FILE_ONLY___ 

2022-11-02 21:40:10,764 INFO     ___FILE_ONLY___ plavi-123
2022-11-02 21:40:10,764 INFO     ___FILE_ONLY___                      
2022-11-02 21:40:10,764 INFO     ___FILE_ONLY___ us-central1
2022-11-02 21:40:10,764 INFO     ___FILE_ONLY___      
2022-11-02 21:40:10,764 INFO     ___FILE_ONLY___ 1.21.14-gke.8500
2022-11-02 21:40:10,764 INFO     ___FILE_ONLY___   
2022-11-02 21:40:10,764 INFO     ___FILE_ONLY___ 34.27.170.42
2022-11-02 21:40:10,764 INFO     ___FILE_ONLY___     
2022-11-02 21:40:10,764 INFO     ___FILE_ONLY___ n1-standard-4
2022-11-02 21:40:10,764 INFO     ___FILE_ONLY___   
2022-11-02 21:40:10,764 INFO     ___FILE_ONLY___ 1.21.14-gke.8500
2022-11-02 21:40:10,764 INFO     ___FILE_ONLY___     
2022-11-02 21:40:10,764 INFO     ___FILE_ONLY___ 8
2022-11-02 21:40:10,764 INFO     ___FILE_ONLY___           
2022-11-02 21:40:10,764 INFO     ___FILE_ONLY___ RUNNING
2022-11-02 21:40:10,764 INFO     ___FILE_ONLY___ 

2022-11-02 21:40:10,764 INFO     ___FILE_ONLY___ jen-pxc-3ec00da9-43-cluster2
2022-11-02 21:40:10,765 INFO     ___FILE_ONLY___   
2022-11-02 21:40:10,765 INFO     ___FILE_ONLY___ us-central1-a
2022-11-02 21:40:10,765 INFO     ___FILE_ONLY___    
2022-11-02 21:40:10,765 INFO     ___FILE_ONLY___ 1.21.14-gke.7100
2022-11-02 21:40:10,765 INFO     ___FILE_ONLY___   
2022-11-02 21:40:10,765 INFO     ___FILE_ONLY___ 34.71.52.89
2022-11-02 21:40:10,765 INFO     ___FILE_ONLY___      
2022-11-02 21:40:10,765 INFO     ___FILE_ONLY___ n1-standard-4
2022-11-02 21:40:10,765 INFO     ___FILE_ONLY___   
2022-11-02 21:40:10,765 INFO     ___FILE_ONLY___ 1.21.14-gke.7100
2022-11-02 21:40:10,765 INFO     ___FILE_ONLY___     
2022-11-02 21:40:10,765 INFO     ___FILE_ONLY___ 3
2022-11-02 21:40:10,765 INFO     ___FILE_ONLY___           
2022-11-02 21:40:10,765 INFO     ___FILE_ONLY___ RUNNING
2022-11-02 21:40:10,765 INFO     ___FILE_ONLY___ 

2022-11-02 21:40:10,765 INFO     ___FILE_ONLY___ jen-pxc-3ec00da9-43-cluster4
2022-11-02 21:40:10,765 INFO     ___FILE_ONLY___   
2022-11-02 21:40:10,765 INFO     ___FILE_ONLY___ us-central1-a
2022-11-02 21:40:10,765 INFO     ___FILE_ONLY___    
2022-11-02 21:40:10,765 INFO     ___FILE_ONLY___ 1.21.14-gke.7100
2022-11-02 21:40:10,765 INFO     ___FILE_ONLY___   
2022-11-02 21:40:10,765 INFO     ___FILE_ONLY___ 34.69.42.190
2022-11-02 21:40:10,765 INFO     ___FILE_ONLY___     
2022-11-02 21:40:10,765 INFO     ___FILE_ONLY___ n1-standard-4
2022-11-02 21:40:10,765 INFO     ___FILE_ONLY___   
2022-11-02 21:40:10,765 INFO     ___FILE_ONLY___ 1.21.14-gke.7100
2022-11-02 21:40:10,765 INFO     ___FILE_ONLY___     
2022-11-02 21:40:10,765 INFO     ___FILE_ONLY___ 3
2022-11-02 21:40:10,765 INFO     ___FILE_ONLY___           
2022-11-02 21:40:10,765 INFO     ___FILE_ONLY___ RUNNING
2022-11-02 21:40:10,765 INFO     ___FILE_ONLY___ 

2022-11-02 21:40:10,765 INFO     ___FILE_ONLY___ plavi-121
2022-11-02 21:40:10,765 INFO     ___FILE_ONLY___                      
2022-11-02 21:40:10,765 INFO     ___FILE_ONLY___ us-central1-a
2022-11-02 21:40:10,765 INFO     ___FILE_ONLY___    
2022-11-02 21:40:10,765 INFO     ___FILE_ONLY___ 1.21.14-gke.7100
2022-11-02 21:40:10,765 INFO     ___FILE_ONLY___   
2022-11-02 21:40:10,765 INFO     ___FILE_ONLY___ 34.123.44.231
2022-11-02 21:40:10,765 INFO     ___FILE_ONLY___    
2022-11-02 21:40:10,765 INFO     ___FILE_ONLY___ n1-standard-4
2022-11-02 21:40:10,765 INFO     ___FILE_ONLY___   
2022-11-02 21:40:10,765 INFO     ___FILE_ONLY___ 1.21.14-gke.7100
2022-11-02 21:40:10,765 INFO     ___FILE_ONLY___     
2022-11-02 21:40:10,765 INFO     ___FILE_ONLY___ 3
2022-11-02 21:40:10,765 INFO     ___FILE_ONLY___           
2022-11-02 21:40:10,765 INFO     ___FILE_ONLY___ RUNNING
2022-11-02 21:40:10,765 INFO     ___FILE_ONLY___ 

2022-11-02 21:40:10,765 INFO     ___FILE_ONLY___ spronin-1337
2022-11-02 21:40:10,766 INFO     ___FILE_ONLY___                   
2022-11-02 21:40:10,766 INFO     ___FILE_ONLY___ us-central1-a
2022-11-02 21:40:10,766 INFO     ___FILE_ONLY___    
2022-11-02 21:40:10,766 INFO     ___FILE_ONLY___ 1.23.12-gke.100
2022-11-02 21:40:10,766 INFO     ___FILE_ONLY___    
2022-11-02 21:40:10,766 INFO     ___FILE_ONLY___ 35.239.186.108
2022-11-02 21:40:10,766 INFO     ___FILE_ONLY___   
2022-11-02 21:40:10,766 INFO     ___FILE_ONLY___ n1-standard-4
2022-11-02 21:40:10,766 INFO     ___FILE_ONLY___   
2022-11-02 21:40:10,766 INFO     ___FILE_ONLY___ 1.23.12-gke.100
2022-11-02 21:40:10,766 INFO     ___FILE_ONLY___      
2022-11-02 21:40:10,766 INFO     ___FILE_ONLY___ 3
2022-11-02 21:40:10,766 INFO     ___FILE_ONLY___           
2022-11-02 21:40:10,766 INFO     ___FILE_ONLY___ RUNNING
2022-11-02 21:40:10,766 INFO     ___FILE_ONLY___ 

2022-11-02 21:40:10,766 INFO     ___FILE_ONLY___ cap-666
2022-11-02 21:40:10,766 INFO     ___FILE_ONLY___                        
2022-11-02 21:40:10,766 INFO     ___FILE_ONLY___ us-central1-c
2022-11-02 21:40:10,766 INFO     ___FILE_ONLY___    
2022-11-02 21:40:10,766 INFO     ___FILE_ONLY___ 1.21.14-gke.8500
2022-11-02 21:40:10,766 INFO     ___FILE_ONLY___   
2022-11-02 21:40:10,766 INFO     ___FILE_ONLY___ 34.123.135.200
2022-11-02 21:40:10,766 INFO     ___FILE_ONLY___   
2022-11-02 21:40:10,766 INFO     ___FILE_ONLY___ n1-standard-4
2022-11-02 21:40:10,766 INFO     ___FILE_ONLY___   
2022-11-02 21:40:10,766 INFO     ___FILE_ONLY___ 1.21.14-gke.8500
2022-11-02 21:40:10,766 INFO     ___FILE_ONLY___     
2022-11-02 21:40:10,766 INFO     ___FILE_ONLY___ 3
2022-11-02 21:40:10,766 INFO     ___FILE_ONLY___           
2022-11-02 21:40:10,766 INFO     ___FILE_ONLY___ RUNNING
2022-11-02 21:40:10,766 INFO     ___FILE_ONLY___ 

2022-11-02 21:40:10,766 INFO     ___FILE_ONLY___ 
* - There is an upgrade available for your cluster(s).

To upgrade nodes to the latest available version, run
  $ gcloud container clusters upgrade NAME

2022-11-02 21:40:10,777 DEBUG    root            Metrics reporting process started...
