2022-11-06 09:39:01,375 DEBUG    root            Loaded Command Group: ['gcloud', 'container', 'clusters']
2022-11-06 09:39:01,379 DEBUG    root            Loaded Command Group: ['gcloud', 'container', 'clusters', 'create']
2022-11-06 09:39:01,397 DEBUG    root            Running [gcloud.container.clusters.create] with arguments: [--cluster-version: "1.21", --machine-type: "n1-standard-4", --num-nodes: "3", --preemptible: "True", --zone: "europe-west3-b", NAME: "inel-31681"]
2022-11-06 09:39:01,400 INFO     ___FILE_ONLY___ Default change: VPC-native is the default mode during cluster creation for versions greater than 1.21.0-gke.1500. To create advanced routes based clusters, please pass the `--no-enable-ip-alias` flag

2022-11-06 09:39:01,400 INFO     ___FILE_ONLY___ Note: Your Pod address range (`--cluster-ipv4-cidr`) can accommodate at most 1008 node(s).

2022-11-06 09:39:01,407 DEBUG    urllib3.connectionpool Starting new HTTPS connection (1): container.googleapis.com:443
2022-11-06 09:39:05,144 DEBUG    urllib3.connectionpool https://container.googleapis.com:443 "POST /v1/projects/cloud-dev-112233/locations/europe-west3-b/clusters?alt=json HTTP/1.1" 200 None
2022-11-06 09:39:05,150 INFO     ___FILE_ONLY___ Creating cluster inel-31681 in europe-west3-b...
2022-11-06 09:39:05,154 DEBUG    urllib3.connectionpool Starting new HTTPS connection (1): container.googleapis.com:443
2022-11-06 09:39:05,384 DEBUG    urllib3.connectionpool https://container.googleapis.com:443 "GET /v1/projects/cloud-dev-112233/locations/europe-west3-b/operations/operation-1667723945178-cff8153d?alt=json HTTP/1.1" 200 None
2022-11-06 09:39:10,401 DEBUG    urllib3.connectionpool Starting new HTTPS connection (1): container.googleapis.com:443
2022-11-06 09:39:10,609 DEBUG    urllib3.connectionpool https://container.googleapis.com:443 "GET /v1/projects/cloud-dev-112233/locations/europe-west3-b/operations/operation-1667723945178-cff8153d?alt=json HTTP/1.1" 200 None
2022-11-06 09:39:15,626 DEBUG    urllib3.connectionpool Starting new HTTPS connection (1): container.googleapis.com:443
2022-11-06 09:39:15,861 DEBUG    urllib3.connectionpool https://container.googleapis.com:443 "GET /v1/projects/cloud-dev-112233/locations/europe-west3-b/operations/operation-1667723945178-cff8153d?alt=json HTTP/1.1" 200 None
2022-11-06 09:39:20,879 DEBUG    urllib3.connectionpool Starting new HTTPS connection (1): container.googleapis.com:443
2022-11-06 09:39:21,121 DEBUG    urllib3.connectionpool https://container.googleapis.com:443 "GET /v1/projects/cloud-dev-112233/locations/europe-west3-b/operations/operation-1667723945178-cff8153d?alt=json HTTP/1.1" 200 None
2022-11-06 09:39:26,136 DEBUG    urllib3.connectionpool Starting new HTTPS connection (1): container.googleapis.com:443
2022-11-06 09:39:26,371 DEBUG    urllib3.connectionpool https://container.googleapis.com:443 "GET /v1/projects/cloud-dev-112233/locations/europe-west3-b/operations/operation-1667723945178-cff8153d?alt=json HTTP/1.1" 200 None
2022-11-06 09:39:31,384 DEBUG    urllib3.connectionpool Starting new HTTPS connection (1): container.googleapis.com:443
2022-11-06 09:39:31,618 DEBUG    urllib3.connectionpool https://container.googleapis.com:443 "GET /v1/projects/cloud-dev-112233/locations/europe-west3-b/operations/operation-1667723945178-cff8153d?alt=json HTTP/1.1" 200 None
2022-11-06 09:39:36,629 DEBUG    urllib3.connectionpool Starting new HTTPS connection (1): container.googleapis.com:443
2022-11-06 09:39:36,850 DEBUG    urllib3.connectionpool https://container.googleapis.com:443 "GET /v1/projects/cloud-dev-112233/locations/europe-west3-b/operations/operation-1667723945178-cff8153d?alt=json HTTP/1.1" 200 None
2022-11-06 09:39:41,866 DEBUG    urllib3.connectionpool Starting new HTTPS connection (1): container.googleapis.com:443
2022-11-06 09:39:42,096 DEBUG    urllib3.connectionpool https://container.googleapis.com:443 "GET /v1/projects/cloud-dev-112233/locations/europe-west3-b/operations/operation-1667723945178-cff8153d?alt=json HTTP/1.1" 200 None
2022-11-06 09:39:47,117 DEBUG    urllib3.connectionpool Starting new HTTPS connection (1): container.googleapis.com:443
2022-11-06 09:39:47,348 DEBUG    urllib3.connectionpool https://container.googleapis.com:443 "GET /v1/projects/cloud-dev-112233/locations/europe-west3-b/operations/operation-1667723945178-cff8153d?alt=json HTTP/1.1" 200 None
2022-11-06 09:39:52,361 DEBUG    urllib3.connectionpool Starting new HTTPS connection (1): container.googleapis.com:443
2022-11-06 09:39:52,568 DEBUG    urllib3.connectionpool https://container.googleapis.com:443 "GET /v1/projects/cloud-dev-112233/locations/europe-west3-b/operations/operation-1667723945178-cff8153d?alt=json HTTP/1.1" 200 None
2022-11-06 09:39:57,583 DEBUG    urllib3.connectionpool Starting new HTTPS connection (1): container.googleapis.com:443
2022-11-06 09:39:57,787 DEBUG    urllib3.connectionpool https://container.googleapis.com:443 "GET /v1/projects/cloud-dev-112233/locations/europe-west3-b/operations/operation-1667723945178-cff8153d?alt=json HTTP/1.1" 200 None
2022-11-06 09:40:02,805 DEBUG    urllib3.connectionpool Starting new HTTPS connection (1): container.googleapis.com:443
2022-11-06 09:40:03,035 DEBUG    urllib3.connectionpool https://container.googleapis.com:443 "GET /v1/projects/cloud-dev-112233/locations/europe-west3-b/operations/operation-1667723945178-cff8153d?alt=json HTTP/1.1" 200 None
2022-11-06 09:40:08,048 DEBUG    urllib3.connectionpool Starting new HTTPS connection (1): container.googleapis.com:443
2022-11-06 09:40:08,276 DEBUG    urllib3.connectionpool https://container.googleapis.com:443 "GET /v1/projects/cloud-dev-112233/locations/europe-west3-b/operations/operation-1667723945178-cff8153d?alt=json HTTP/1.1" 200 None
2022-11-06 09:40:13,291 DEBUG    urllib3.connectionpool Starting new HTTPS connection (1): container.googleapis.com:443
2022-11-06 09:40:13,528 DEBUG    urllib3.connectionpool https://container.googleapis.com:443 "GET /v1/projects/cloud-dev-112233/locations/europe-west3-b/operations/operation-1667723945178-cff8153d?alt=json HTTP/1.1" 200 None
2022-11-06 09:40:18,551 DEBUG    urllib3.connectionpool Starting new HTTPS connection (1): container.googleapis.com:443
2022-11-06 09:40:18,782 DEBUG    urllib3.connectionpool https://container.googleapis.com:443 "GET /v1/projects/cloud-dev-112233/locations/europe-west3-b/operations/operation-1667723945178-cff8153d?alt=json HTTP/1.1" 200 None
2022-11-06 09:40:23,801 DEBUG    urllib3.connectionpool Starting new HTTPS connection (1): container.googleapis.com:443
2022-11-06 09:40:24,014 DEBUG    urllib3.connectionpool https://container.googleapis.com:443 "GET /v1/projects/cloud-dev-112233/locations/europe-west3-b/operations/operation-1667723945178-cff8153d?alt=json HTTP/1.1" 200 None
2022-11-06 09:40:29,035 DEBUG    urllib3.connectionpool Starting new HTTPS connection (1): container.googleapis.com:443
2022-11-06 09:40:29,246 DEBUG    urllib3.connectionpool https://container.googleapis.com:443 "GET /v1/projects/cloud-dev-112233/locations/europe-west3-b/operations/operation-1667723945178-cff8153d?alt=json HTTP/1.1" 200 None
2022-11-06 09:40:34,253 DEBUG    urllib3.connectionpool Starting new HTTPS connection (1): container.googleapis.com:443
2022-11-06 09:40:34,451 DEBUG    urllib3.connectionpool https://container.googleapis.com:443 "GET /v1/projects/cloud-dev-112233/locations/europe-west3-b/operations/operation-1667723945178-cff8153d?alt=json HTTP/1.1" 200 None
2022-11-06 09:40:39,464 DEBUG    urllib3.connectionpool Starting new HTTPS connection (1): container.googleapis.com:443
2022-11-06 09:40:39,666 DEBUG    urllib3.connectionpool https://container.googleapis.com:443 "GET /v1/projects/cloud-dev-112233/locations/europe-west3-b/operations/operation-1667723945178-cff8153d?alt=json HTTP/1.1" 200 None
2022-11-06 09:40:44,682 DEBUG    urllib3.connectionpool Starting new HTTPS connection (1): container.googleapis.com:443
2022-11-06 09:40:44,917 DEBUG    urllib3.connectionpool https://container.googleapis.com:443 "GET /v1/projects/cloud-dev-112233/locations/europe-west3-b/operations/operation-1667723945178-cff8153d?alt=json HTTP/1.1" 200 None
2022-11-06 09:40:49,927 DEBUG    urllib3.connectionpool Starting new HTTPS connection (1): container.googleapis.com:443
2022-11-06 09:40:50,161 DEBUG    urllib3.connectionpool https://container.googleapis.com:443 "GET /v1/projects/cloud-dev-112233/locations/europe-west3-b/operations/operation-1667723945178-cff8153d?alt=json HTTP/1.1" 200 None
2022-11-06 09:40:55,175 DEBUG    urllib3.connectionpool Starting new HTTPS connection (1): container.googleapis.com:443
2022-11-06 09:40:55,408 DEBUG    urllib3.connectionpool https://container.googleapis.com:443 "GET /v1/projects/cloud-dev-112233/locations/europe-west3-b/operations/operation-1667723945178-cff8153d?alt=json HTTP/1.1" 200 None
2022-11-06 09:41:00,419 DEBUG    urllib3.connectionpool Starting new HTTPS connection (1): container.googleapis.com:443
2022-11-06 09:41:00,644 DEBUG    urllib3.connectionpool https://container.googleapis.com:443 "GET /v1/projects/cloud-dev-112233/locations/europe-west3-b/operations/operation-1667723945178-cff8153d?alt=json HTTP/1.1" 200 None
2022-11-06 09:41:05,662 DEBUG    urllib3.connectionpool Starting new HTTPS connection (1): container.googleapis.com:443
2022-11-06 09:41:05,853 DEBUG    urllib3.connectionpool https://container.googleapis.com:443 "GET /v1/projects/cloud-dev-112233/locations/europe-west3-b/operations/operation-1667723945178-cff8153d?alt=json HTTP/1.1" 200 None
2022-11-06 09:41:10,869 DEBUG    urllib3.connectionpool Starting new HTTPS connection (1): container.googleapis.com:443
2022-11-06 09:41:11,082 DEBUG    urllib3.connectionpool https://container.googleapis.com:443 "GET /v1/projects/cloud-dev-112233/locations/europe-west3-b/operations/operation-1667723945178-cff8153d?alt=json HTTP/1.1" 200 None
2022-11-06 09:41:16,098 DEBUG    urllib3.connectionpool Starting new HTTPS connection (1): container.googleapis.com:443
2022-11-06 09:41:16,330 DEBUG    urllib3.connectionpool https://container.googleapis.com:443 "GET /v1/projects/cloud-dev-112233/locations/europe-west3-b/operations/operation-1667723945178-cff8153d?alt=json HTTP/1.1" 200 None
2022-11-06 09:41:21,360 DEBUG    urllib3.connectionpool Starting new HTTPS connection (1): container.googleapis.com:443
2022-11-06 09:41:21,585 DEBUG    urllib3.connectionpool https://container.googleapis.com:443 "GET /v1/projects/cloud-dev-112233/locations/europe-west3-b/operations/operation-1667723945178-cff8153d?alt=json HTTP/1.1" 200 None
2022-11-06 09:41:26,605 DEBUG    urllib3.connectionpool Starting new HTTPS connection (1): container.googleapis.com:443
2022-11-06 09:41:26,829 DEBUG    urllib3.connectionpool https://container.googleapis.com:443 "GET /v1/projects/cloud-dev-112233/locations/europe-west3-b/operations/operation-1667723945178-cff8153d?alt=json HTTP/1.1" 200 None
2022-11-06 09:41:31,852 DEBUG    urllib3.connectionpool Starting new HTTPS connection (1): container.googleapis.com:443
2022-11-06 09:41:32,091 DEBUG    urllib3.connectionpool https://container.googleapis.com:443 "GET /v1/projects/cloud-dev-112233/locations/europe-west3-b/operations/operation-1667723945178-cff8153d?alt=json HTTP/1.1" 200 None
2022-11-06 09:41:37,115 DEBUG    urllib3.connectionpool Starting new HTTPS connection (1): container.googleapis.com:443
2022-11-06 09:41:37,346 DEBUG    urllib3.connectionpool https://container.googleapis.com:443 "GET /v1/projects/cloud-dev-112233/locations/europe-west3-b/operations/operation-1667723945178-cff8153d?alt=json HTTP/1.1" 200 None
2022-11-06 09:41:42,364 DEBUG    urllib3.connectionpool Starting new HTTPS connection (1): container.googleapis.com:443
2022-11-06 09:41:42,592 DEBUG    urllib3.connectionpool https://container.googleapis.com:443 "GET /v1/projects/cloud-dev-112233/locations/europe-west3-b/operations/operation-1667723945178-cff8153d?alt=json HTTP/1.1" 200 None
2022-11-06 09:41:47,611 DEBUG    urllib3.connectionpool Starting new HTTPS connection (1): container.googleapis.com:443
2022-11-06 09:41:47,819 DEBUG    urllib3.connectionpool https://container.googleapis.com:443 "GET /v1/projects/cloud-dev-112233/locations/europe-west3-b/operations/operation-1667723945178-cff8153d?alt=json HTTP/1.1" 200 None
2022-11-06 09:41:52,840 DEBUG    urllib3.connectionpool Starting new HTTPS connection (1): container.googleapis.com:443
2022-11-06 09:41:53,064 DEBUG    urllib3.connectionpool https://container.googleapis.com:443 "GET /v1/projects/cloud-dev-112233/locations/europe-west3-b/operations/operation-1667723945178-cff8153d?alt=json HTTP/1.1" 200 None
2022-11-06 09:41:58,076 DEBUG    urllib3.connectionpool Starting new HTTPS connection (1): container.googleapis.com:443
2022-11-06 09:41:58,313 DEBUG    urllib3.connectionpool https://container.googleapis.com:443 "GET /v1/projects/cloud-dev-112233/locations/europe-west3-b/operations/operation-1667723945178-cff8153d?alt=json HTTP/1.1" 200 None
2022-11-06 09:42:03,333 DEBUG    urllib3.connectionpool Starting new HTTPS connection (1): container.googleapis.com:443
2022-11-06 09:42:03,567 DEBUG    urllib3.connectionpool https://container.googleapis.com:443 "GET /v1/projects/cloud-dev-112233/locations/europe-west3-b/operations/operation-1667723945178-cff8153d?alt=json HTTP/1.1" 200 None
2022-11-06 09:42:08,576 DEBUG    urllib3.connectionpool Starting new HTTPS connection (1): container.googleapis.com:443
2022-11-06 09:42:08,799 DEBUG    urllib3.connectionpool https://container.googleapis.com:443 "GET /v1/projects/cloud-dev-112233/locations/europe-west3-b/operations/operation-1667723945178-cff8153d?alt=json HTTP/1.1" 200 None
2022-11-06 09:42:13,812 DEBUG    urllib3.connectionpool Starting new HTTPS connection (1): container.googleapis.com:443
2022-11-06 09:42:14,029 DEBUG    urllib3.connectionpool https://container.googleapis.com:443 "GET /v1/projects/cloud-dev-112233/locations/europe-west3-b/operations/operation-1667723945178-cff8153d?alt=json HTTP/1.1" 200 None
2022-11-06 09:42:19,046 DEBUG    urllib3.connectionpool Starting new HTTPS connection (1): container.googleapis.com:443
2022-11-06 09:42:19,257 DEBUG    urllib3.connectionpool https://container.googleapis.com:443 "GET /v1/projects/cloud-dev-112233/locations/europe-west3-b/operations/operation-1667723945178-cff8153d?alt=json HTTP/1.1" 200 None
2022-11-06 09:42:24,269 DEBUG    urllib3.connectionpool Starting new HTTPS connection (1): container.googleapis.com:443
2022-11-06 09:42:24,498 DEBUG    urllib3.connectionpool https://container.googleapis.com:443 "GET /v1/projects/cloud-dev-112233/locations/europe-west3-b/operations/operation-1667723945178-cff8153d?alt=json HTTP/1.1" 200 None
2022-11-06 09:42:29,516 DEBUG    urllib3.connectionpool Starting new HTTPS connection (1): container.googleapis.com:443
2022-11-06 09:42:29,722 DEBUG    urllib3.connectionpool https://container.googleapis.com:443 "GET /v1/projects/cloud-dev-112233/locations/europe-west3-b/operations/operation-1667723945178-cff8153d?alt=json HTTP/1.1" 200 None
2022-11-06 09:42:34,739 DEBUG    urllib3.connectionpool Starting new HTTPS connection (1): container.googleapis.com:443
2022-11-06 09:42:34,968 DEBUG    urllib3.connectionpool https://container.googleapis.com:443 "GET /v1/projects/cloud-dev-112233/locations/europe-west3-b/operations/operation-1667723945178-cff8153d?alt=json HTTP/1.1" 200 None
2022-11-06 09:42:39,986 DEBUG    urllib3.connectionpool Starting new HTTPS connection (1): container.googleapis.com:443
2022-11-06 09:42:40,209 DEBUG    urllib3.connectionpool https://container.googleapis.com:443 "GET /v1/projects/cloud-dev-112233/locations/europe-west3-b/operations/operation-1667723945178-cff8153d?alt=json HTTP/1.1" 200 None
2022-11-06 09:42:45,233 DEBUG    urllib3.connectionpool Starting new HTTPS connection (1): container.googleapis.com:443
2022-11-06 09:42:45,467 DEBUG    urllib3.connectionpool https://container.googleapis.com:443 "GET /v1/projects/cloud-dev-112233/locations/europe-west3-b/operations/operation-1667723945178-cff8153d?alt=json HTTP/1.1" 200 None
2022-11-06 09:42:50,491 DEBUG    urllib3.connectionpool Starting new HTTPS connection (1): container.googleapis.com:443
2022-11-06 09:42:50,725 DEBUG    urllib3.connectionpool https://container.googleapis.com:443 "GET /v1/projects/cloud-dev-112233/locations/europe-west3-b/operations/operation-1667723945178-cff8153d?alt=json HTTP/1.1" 200 None
2022-11-06 09:42:50,732 INFO     root            Operation <Operation
 clusterConditions: []
 endTime: '2022-11-06T08:42:48.075603903Z'
 name: 'operation-1667723945178-cff8153d'
 nodepoolConditions: []
 operationType: OperationTypeValueValuesEnum(CREATE_CLUSTER, 1)
 progress: <OperationProgress
 metrics: [<Metric
 intValue: 4
 name: 'CLUSTER_CONFIGURING'>, <Metric
 intValue: 4
 name: 'CLUSTER_CONFIGURING_TOTAL'>, <Metric
 intValue: 7
 name: 'CLUSTER_DEPLOYING'>, <Metric
 intValue: 7
 name: 'CLUSTER_DEPLOYING_TOTAL'>, <Metric
 intValue: 1
 name: 'CLUSTER_HEALTHCHECKING'>, <Metric
 intValue: 2
 name: 'CLUSTER_HEALTHCHECKING_TOTAL'>]
 stages: []>
 selfLink: 'https://container.googleapis.com/v1/projects/166042509722/zones/europe-west3-b/operations/operation-1667723945178-cff8153d'
 startTime: '2022-11-06T08:39:05.178445975Z'
 status: StatusValueValuesEnum(DONE, 3)
 targetLink: 'https://container.googleapis.com/v1/projects/166042509722/zones/europe-west3-b/clusters/inel-31681'
 zone: 'europe-west3-b'> succeeded after 225.582 seconds
2022-11-06 09:42:50,879 DEBUG    urllib3.connectionpool Starting new HTTPS connection (1): container.googleapis.com:443
2022-11-06 09:42:51,104 DEBUG    urllib3.connectionpool https://container.googleapis.com:443 "GET /v1/projects/cloud-dev-112233/locations/europe-west3-b/clusters/inel-31681?alt=json HTTP/1.1" 200 None
2022-11-06 09:42:51,120 INFO     ___FILE_ONLY___ Created [https://container.googleapis.com/v1/projects/cloud-dev-112233/zones/europe-west3-b/clusters/inel-31681].

2022-11-06 09:42:51,121 INFO     ___FILE_ONLY___ To inspect the contents of your cluster, go to: https://console.cloud.google.com/kubernetes/workload_/gcloud/europe-west3-b/inel-31681?project=cloud-dev-112233

2022-11-06 09:42:51,384 DEBUG    root            Saved kubeconfig to /Users/inelpandzic/.kube/config
2022-11-06 09:42:51,384 INFO     ___FILE_ONLY___ kubeconfig entry generated for inel-31681.

2022-11-06 09:42:51,387 INFO     root            Display format: "
    table(
        name,
        zone:label=LOCATION,
        master_version():label=MASTER_VERSION,
        endpoint:label=MASTER_IP,
        nodePools[0].config.machineType,
        currentNodeVersion:label=NODE_VERSION,
        firstof(currentNodeCount,initialNodeCount):label=NUM_NODES,
        status
    )
"
2022-11-06 09:42:51,389 INFO     ___FILE_ONLY___ NAME
2022-11-06 09:42:51,389 INFO     ___FILE_ONLY___         
2022-11-06 09:42:51,389 INFO     ___FILE_ONLY___ LOCATION
2022-11-06 09:42:51,389 INFO     ___FILE_ONLY___         
2022-11-06 09:42:51,389 INFO     ___FILE_ONLY___ MASTER_VERSION
2022-11-06 09:42:51,389 INFO     ___FILE_ONLY___     
2022-11-06 09:42:51,389 INFO     ___FILE_ONLY___ MASTER_IP
2022-11-06 09:42:51,389 INFO     ___FILE_ONLY___       
2022-11-06 09:42:51,389 INFO     ___FILE_ONLY___ MACHINE_TYPE
2022-11-06 09:42:51,389 INFO     ___FILE_ONLY___    
2022-11-06 09:42:51,389 INFO     ___FILE_ONLY___ NODE_VERSION
2022-11-06 09:42:51,389 INFO     ___FILE_ONLY___       
2022-11-06 09:42:51,389 INFO     ___FILE_ONLY___ NUM_NODES
2022-11-06 09:42:51,389 INFO     ___FILE_ONLY___   
2022-11-06 09:42:51,389 INFO     ___FILE_ONLY___ STATUS
2022-11-06 09:42:51,389 INFO     ___FILE_ONLY___ 

2022-11-06 09:42:51,390 INFO     ___FILE_ONLY___ inel-31681
2022-11-06 09:42:51,390 INFO     ___FILE_ONLY___   
2022-11-06 09:42:51,390 INFO     ___FILE_ONLY___ europe-west3-b
2022-11-06 09:42:51,390 INFO     ___FILE_ONLY___   
2022-11-06 09:42:51,390 INFO     ___FILE_ONLY___ 1.21.14-gke.8500
2022-11-06 09:42:51,390 INFO     ___FILE_ONLY___   
2022-11-06 09:42:51,390 INFO     ___FILE_ONLY___ 35.242.249.61
2022-11-06 09:42:51,390 INFO     ___FILE_ONLY___   
2022-11-06 09:42:51,390 INFO     ___FILE_ONLY___ n1-standard-4
2022-11-06 09:42:51,390 INFO     ___FILE_ONLY___   
2022-11-06 09:42:51,390 INFO     ___FILE_ONLY___ 1.21.14-gke.8500
2022-11-06 09:42:51,390 INFO     ___FILE_ONLY___   
2022-11-06 09:42:51,390 INFO     ___FILE_ONLY___ 3
2022-11-06 09:42:51,390 INFO     ___FILE_ONLY___           
2022-11-06 09:42:51,390 INFO     ___FILE_ONLY___ RUNNING
2022-11-06 09:42:51,390 INFO     ___FILE_ONLY___ 

2022-11-06 09:42:51,398 DEBUG    root            Metrics reporting process started...
