2022-11-01 06:24:00,414 DEBUG    root            Loaded Command Group: ['gcloud', 'container', 'clusters']
2022-11-01 06:24:00,417 DEBUG    root            Loaded Command Group: ['gcloud', 'container', 'clusters', 'create']
2022-11-01 06:24:00,434 DEBUG    root            Running [gcloud.container.clusters.create] with arguments: [--cluster-version: "1.21", --machine-type: "n1-standard-4", --num-nodes: "3", --preemptible: "True", --zone: "europe-west3-b", NAME: "inel-6519"]
2022-11-01 06:24:00,436 INFO     ___FILE_ONLY___ Default change: VPC-native is the default mode during cluster creation for versions greater than 1.21.0-gke.1500. To create advanced routes based clusters, please pass the `--no-enable-ip-alias` flag

2022-11-01 06:24:00,436 INFO     ___FILE_ONLY___ Note: Your Pod address range (`--cluster-ipv4-cidr`) can accommodate at most 1008 node(s).

2022-11-01 06:24:00,443 DEBUG    urllib3.connectionpool Starting new HTTPS connection (1): container.googleapis.com:443
2022-11-01 06:24:03,843 DEBUG    urllib3.connectionpool https://container.googleapis.com:443 "POST /v1/projects/cloud-dev-112233/locations/europe-west3-b/clusters?alt=json HTTP/1.1" 200 None
2022-11-01 06:24:03,849 INFO     ___FILE_ONLY___ Creating cluster inel-6519 in europe-west3-b...
2022-11-01 06:24:03,854 DEBUG    urllib3.connectionpool Starting new HTTPS connection (1): container.googleapis.com:443
2022-11-01 06:24:04,090 DEBUG    urllib3.connectionpool https://container.googleapis.com:443 "GET /v1/projects/cloud-dev-112233/locations/europe-west3-b/operations/operation-1667280243815-5149f9dd?alt=json HTTP/1.1" 200 None
2022-11-01 06:24:09,114 DEBUG    urllib3.connectionpool Starting new HTTPS connection (1): container.googleapis.com:443
2022-11-01 06:24:09,371 DEBUG    urllib3.connectionpool https://container.googleapis.com:443 "GET /v1/projects/cloud-dev-112233/locations/europe-west3-b/operations/operation-1667280243815-5149f9dd?alt=json HTTP/1.1" 200 None
2022-11-01 06:24:14,394 DEBUG    urllib3.connectionpool Starting new HTTPS connection (1): container.googleapis.com:443
2022-11-01 06:24:14,647 DEBUG    urllib3.connectionpool https://container.googleapis.com:443 "GET /v1/projects/cloud-dev-112233/locations/europe-west3-b/operations/operation-1667280243815-5149f9dd?alt=json HTTP/1.1" 200 None
2022-11-01 06:24:19,661 DEBUG    urllib3.connectionpool Starting new HTTPS connection (1): container.googleapis.com:443
2022-11-01 06:24:19,905 DEBUG    urllib3.connectionpool https://container.googleapis.com:443 "GET /v1/projects/cloud-dev-112233/locations/europe-west3-b/operations/operation-1667280243815-5149f9dd?alt=json HTTP/1.1" 200 None
2022-11-01 06:24:24,928 DEBUG    urllib3.connectionpool Starting new HTTPS connection (1): container.googleapis.com:443
2022-11-01 06:24:25,158 DEBUG    urllib3.connectionpool https://container.googleapis.com:443 "GET /v1/projects/cloud-dev-112233/locations/europe-west3-b/operations/operation-1667280243815-5149f9dd?alt=json HTTP/1.1" 200 None
2022-11-01 06:24:30,181 DEBUG    urllib3.connectionpool Starting new HTTPS connection (1): container.googleapis.com:443
2022-11-01 06:24:30,412 DEBUG    urllib3.connectionpool https://container.googleapis.com:443 "GET /v1/projects/cloud-dev-112233/locations/europe-west3-b/operations/operation-1667280243815-5149f9dd?alt=json HTTP/1.1" 200 None
2022-11-01 06:24:35,434 DEBUG    urllib3.connectionpool Starting new HTTPS connection (1): container.googleapis.com:443
2022-11-01 06:24:35,685 DEBUG    urllib3.connectionpool https://container.googleapis.com:443 "GET /v1/projects/cloud-dev-112233/locations/europe-west3-b/operations/operation-1667280243815-5149f9dd?alt=json HTTP/1.1" 200 None
2022-11-01 06:24:40,712 DEBUG    urllib3.connectionpool Starting new HTTPS connection (1): container.googleapis.com:443
2022-11-01 06:24:40,957 DEBUG    urllib3.connectionpool https://container.googleapis.com:443 "GET /v1/projects/cloud-dev-112233/locations/europe-west3-b/operations/operation-1667280243815-5149f9dd?alt=json HTTP/1.1" 200 None
2022-11-01 06:24:45,979 DEBUG    urllib3.connectionpool Starting new HTTPS connection (1): container.googleapis.com:443
2022-11-01 06:24:46,226 DEBUG    urllib3.connectionpool https://container.googleapis.com:443 "GET /v1/projects/cloud-dev-112233/locations/europe-west3-b/operations/operation-1667280243815-5149f9dd?alt=json HTTP/1.1" 200 None
2022-11-01 06:24:51,252 DEBUG    urllib3.connectionpool Starting new HTTPS connection (1): container.googleapis.com:443
2022-11-01 06:24:51,470 DEBUG    urllib3.connectionpool https://container.googleapis.com:443 "GET /v1/projects/cloud-dev-112233/locations/europe-west3-b/operations/operation-1667280243815-5149f9dd?alt=json HTTP/1.1" 200 None
2022-11-01 06:24:56,491 DEBUG    urllib3.connectionpool Starting new HTTPS connection (1): container.googleapis.com:443
2022-11-01 06:24:56,736 DEBUG    urllib3.connectionpool https://container.googleapis.com:443 "GET /v1/projects/cloud-dev-112233/locations/europe-west3-b/operations/operation-1667280243815-5149f9dd?alt=json HTTP/1.1" 200 None
2022-11-01 06:25:01,759 DEBUG    urllib3.connectionpool Starting new HTTPS connection (1): container.googleapis.com:443
2022-11-01 06:25:01,967 DEBUG    urllib3.connectionpool https://container.googleapis.com:443 "GET /v1/projects/cloud-dev-112233/locations/europe-west3-b/operations/operation-1667280243815-5149f9dd?alt=json HTTP/1.1" 200 None
2022-11-01 06:25:06,984 DEBUG    urllib3.connectionpool Starting new HTTPS connection (1): container.googleapis.com:443
2022-11-01 06:25:07,219 DEBUG    urllib3.connectionpool https://container.googleapis.com:443 "GET /v1/projects/cloud-dev-112233/locations/europe-west3-b/operations/operation-1667280243815-5149f9dd?alt=json HTTP/1.1" 200 None
2022-11-01 06:25:12,237 DEBUG    urllib3.connectionpool Starting new HTTPS connection (1): container.googleapis.com:443
2022-11-01 06:25:12,462 DEBUG    urllib3.connectionpool https://container.googleapis.com:443 "GET /v1/projects/cloud-dev-112233/locations/europe-west3-b/operations/operation-1667280243815-5149f9dd?alt=json HTTP/1.1" 200 None
2022-11-01 06:25:17,488 DEBUG    urllib3.connectionpool Starting new HTTPS connection (1): container.googleapis.com:443
2022-11-01 06:25:17,733 DEBUG    urllib3.connectionpool https://container.googleapis.com:443 "GET /v1/projects/cloud-dev-112233/locations/europe-west3-b/operations/operation-1667280243815-5149f9dd?alt=json HTTP/1.1" 200 None
2022-11-01 06:25:22,755 DEBUG    urllib3.connectionpool Starting new HTTPS connection (1): container.googleapis.com:443
2022-11-01 06:25:22,999 DEBUG    urllib3.connectionpool https://container.googleapis.com:443 "GET /v1/projects/cloud-dev-112233/locations/europe-west3-b/operations/operation-1667280243815-5149f9dd?alt=json HTTP/1.1" 200 None
2022-11-01 06:25:28,020 DEBUG    urllib3.connectionpool Starting new HTTPS connection (1): container.googleapis.com:443
2022-11-01 06:25:28,243 DEBUG    urllib3.connectionpool https://container.googleapis.com:443 "GET /v1/projects/cloud-dev-112233/locations/europe-west3-b/operations/operation-1667280243815-5149f9dd?alt=json HTTP/1.1" 200 None
2022-11-01 06:25:33,263 DEBUG    urllib3.connectionpool Starting new HTTPS connection (1): container.googleapis.com:443
2022-11-01 06:25:33,513 DEBUG    urllib3.connectionpool https://container.googleapis.com:443 "GET /v1/projects/cloud-dev-112233/locations/europe-west3-b/operations/operation-1667280243815-5149f9dd?alt=json HTTP/1.1" 200 None
2022-11-01 06:25:38,532 DEBUG    urllib3.connectionpool Starting new HTTPS connection (1): container.googleapis.com:443
2022-11-01 06:25:38,746 DEBUG    urllib3.connectionpool https://container.googleapis.com:443 "GET /v1/projects/cloud-dev-112233/locations/europe-west3-b/operations/operation-1667280243815-5149f9dd?alt=json HTTP/1.1" 200 None
2022-11-01 06:25:43,771 DEBUG    urllib3.connectionpool Starting new HTTPS connection (1): container.googleapis.com:443
2022-11-01 06:25:43,993 DEBUG    urllib3.connectionpool https://container.googleapis.com:443 "GET /v1/projects/cloud-dev-112233/locations/europe-west3-b/operations/operation-1667280243815-5149f9dd?alt=json HTTP/1.1" 200 None
2022-11-01 06:25:49,014 DEBUG    urllib3.connectionpool Starting new HTTPS connection (1): container.googleapis.com:443
2022-11-01 06:25:49,253 DEBUG    urllib3.connectionpool https://container.googleapis.com:443 "GET /v1/projects/cloud-dev-112233/locations/europe-west3-b/operations/operation-1667280243815-5149f9dd?alt=json HTTP/1.1" 200 None
2022-11-01 06:25:54,280 DEBUG    urllib3.connectionpool Starting new HTTPS connection (1): container.googleapis.com:443
2022-11-01 06:25:54,496 DEBUG    urllib3.connectionpool https://container.googleapis.com:443 "GET /v1/projects/cloud-dev-112233/locations/europe-west3-b/operations/operation-1667280243815-5149f9dd?alt=json HTTP/1.1" 200 None
2022-11-01 06:25:59,520 DEBUG    urllib3.connectionpool Starting new HTTPS connection (1): container.googleapis.com:443
2022-11-01 06:25:59,770 DEBUG    urllib3.connectionpool https://container.googleapis.com:443 "GET /v1/projects/cloud-dev-112233/locations/europe-west3-b/operations/operation-1667280243815-5149f9dd?alt=json HTTP/1.1" 200 None
2022-11-01 06:26:04,793 DEBUG    urllib3.connectionpool Starting new HTTPS connection (1): container.googleapis.com:443
2022-11-01 06:26:05,017 DEBUG    urllib3.connectionpool https://container.googleapis.com:443 "GET /v1/projects/cloud-dev-112233/locations/europe-west3-b/operations/operation-1667280243815-5149f9dd?alt=json HTTP/1.1" 200 None
2022-11-01 06:26:10,042 DEBUG    urllib3.connectionpool Starting new HTTPS connection (1): container.googleapis.com:443
2022-11-01 06:26:10,205 DEBUG    urllib3.connectionpool https://container.googleapis.com:443 "GET /v1/projects/cloud-dev-112233/locations/europe-west3-b/operations/operation-1667280243815-5149f9dd?alt=json HTTP/1.1" 200 None
2022-11-01 06:26:15,228 DEBUG    urllib3.connectionpool Starting new HTTPS connection (1): container.googleapis.com:443
2022-11-01 06:26:15,490 DEBUG    urllib3.connectionpool https://container.googleapis.com:443 "GET /v1/projects/cloud-dev-112233/locations/europe-west3-b/operations/operation-1667280243815-5149f9dd?alt=json HTTP/1.1" 200 None
2022-11-01 06:26:20,511 DEBUG    urllib3.connectionpool Starting new HTTPS connection (1): container.googleapis.com:443
2022-11-01 06:26:20,755 DEBUG    urllib3.connectionpool https://container.googleapis.com:443 "GET /v1/projects/cloud-dev-112233/locations/europe-west3-b/operations/operation-1667280243815-5149f9dd?alt=json HTTP/1.1" 200 None
2022-11-01 06:26:25,776 DEBUG    urllib3.connectionpool Starting new HTTPS connection (1): container.googleapis.com:443
2022-11-01 06:26:26,014 DEBUG    urllib3.connectionpool https://container.googleapis.com:443 "GET /v1/projects/cloud-dev-112233/locations/europe-west3-b/operations/operation-1667280243815-5149f9dd?alt=json HTTP/1.1" 200 None
2022-11-01 06:26:31,035 DEBUG    urllib3.connectionpool Starting new HTTPS connection (1): container.googleapis.com:443
2022-11-01 06:26:31,288 DEBUG    urllib3.connectionpool https://container.googleapis.com:443 "GET /v1/projects/cloud-dev-112233/locations/europe-west3-b/operations/operation-1667280243815-5149f9dd?alt=json HTTP/1.1" 200 None
2022-11-01 06:26:36,309 DEBUG    urllib3.connectionpool Starting new HTTPS connection (1): container.googleapis.com:443
2022-11-01 06:26:36,551 DEBUG    urllib3.connectionpool https://container.googleapis.com:443 "GET /v1/projects/cloud-dev-112233/locations/europe-west3-b/operations/operation-1667280243815-5149f9dd?alt=json HTTP/1.1" 200 None
2022-11-01 06:26:41,571 DEBUG    urllib3.connectionpool Starting new HTTPS connection (1): container.googleapis.com:443
2022-11-01 06:26:41,808 DEBUG    urllib3.connectionpool https://container.googleapis.com:443 "GET /v1/projects/cloud-dev-112233/locations/europe-west3-b/operations/operation-1667280243815-5149f9dd?alt=json HTTP/1.1" 200 None
2022-11-01 06:26:46,830 DEBUG    urllib3.connectionpool Starting new HTTPS connection (1): container.googleapis.com:443
2022-11-01 06:26:47,050 DEBUG    urllib3.connectionpool https://container.googleapis.com:443 "GET /v1/projects/cloud-dev-112233/locations/europe-west3-b/operations/operation-1667280243815-5149f9dd?alt=json HTTP/1.1" 200 None
2022-11-01 06:26:52,074 DEBUG    urllib3.connectionpool Starting new HTTPS connection (1): container.googleapis.com:443
2022-11-01 06:26:52,285 DEBUG    urllib3.connectionpool https://container.googleapis.com:443 "GET /v1/projects/cloud-dev-112233/locations/europe-west3-b/operations/operation-1667280243815-5149f9dd?alt=json HTTP/1.1" 200 None
2022-11-01 06:26:57,306 DEBUG    urllib3.connectionpool Starting new HTTPS connection (1): container.googleapis.com:443
2022-11-01 06:26:57,524 DEBUG    urllib3.connectionpool https://container.googleapis.com:443 "GET /v1/projects/cloud-dev-112233/locations/europe-west3-b/operations/operation-1667280243815-5149f9dd?alt=json HTTP/1.1" 200 None
2022-11-01 06:27:02,544 DEBUG    urllib3.connectionpool Starting new HTTPS connection (1): container.googleapis.com:443
2022-11-01 06:27:02,760 DEBUG    urllib3.connectionpool https://container.googleapis.com:443 "GET /v1/projects/cloud-dev-112233/locations/europe-west3-b/operations/operation-1667280243815-5149f9dd?alt=json HTTP/1.1" 200 None
2022-11-01 06:27:07,783 DEBUG    urllib3.connectionpool Starting new HTTPS connection (1): container.googleapis.com:443
2022-11-01 06:27:08,017 DEBUG    urllib3.connectionpool https://container.googleapis.com:443 "GET /v1/projects/cloud-dev-112233/locations/europe-west3-b/operations/operation-1667280243815-5149f9dd?alt=json HTTP/1.1" 200 None
2022-11-01 06:27:13,037 DEBUG    urllib3.connectionpool Starting new HTTPS connection (1): container.googleapis.com:443
2022-11-01 06:27:13,281 DEBUG    urllib3.connectionpool https://container.googleapis.com:443 "GET /v1/projects/cloud-dev-112233/locations/europe-west3-b/operations/operation-1667280243815-5149f9dd?alt=json HTTP/1.1" 200 None
2022-11-01 06:27:18,299 DEBUG    urllib3.connectionpool Starting new HTTPS connection (1): container.googleapis.com:443
2022-11-01 06:27:18,523 DEBUG    urllib3.connectionpool https://container.googleapis.com:443 "GET /v1/projects/cloud-dev-112233/locations/europe-west3-b/operations/operation-1667280243815-5149f9dd?alt=json HTTP/1.1" 200 None
2022-11-01 06:27:23,550 DEBUG    urllib3.connectionpool Starting new HTTPS connection (1): container.googleapis.com:443
2022-11-01 06:27:23,792 DEBUG    urllib3.connectionpool https://container.googleapis.com:443 "GET /v1/projects/cloud-dev-112233/locations/europe-west3-b/operations/operation-1667280243815-5149f9dd?alt=json HTTP/1.1" 200 None
2022-11-01 06:27:28,815 DEBUG    urllib3.connectionpool Starting new HTTPS connection (1): container.googleapis.com:443
2022-11-01 06:27:29,033 DEBUG    urllib3.connectionpool https://container.googleapis.com:443 "GET /v1/projects/cloud-dev-112233/locations/europe-west3-b/operations/operation-1667280243815-5149f9dd?alt=json HTTP/1.1" 200 None
2022-11-01 06:27:34,051 DEBUG    urllib3.connectionpool Starting new HTTPS connection (1): container.googleapis.com:443
2022-11-01 06:27:34,296 DEBUG    urllib3.connectionpool https://container.googleapis.com:443 "GET /v1/projects/cloud-dev-112233/locations/europe-west3-b/operations/operation-1667280243815-5149f9dd?alt=json HTTP/1.1" 200 None
2022-11-01 06:27:39,324 DEBUG    urllib3.connectionpool Starting new HTTPS connection (1): container.googleapis.com:443
2022-11-01 06:27:39,524 DEBUG    urllib3.connectionpool https://container.googleapis.com:443 "GET /v1/projects/cloud-dev-112233/locations/europe-west3-b/operations/operation-1667280243815-5149f9dd?alt=json HTTP/1.1" 200 None
2022-11-01 06:27:44,550 DEBUG    urllib3.connectionpool Starting new HTTPS connection (1): container.googleapis.com:443
2022-11-01 06:27:44,771 DEBUG    urllib3.connectionpool https://container.googleapis.com:443 "GET /v1/projects/cloud-dev-112233/locations/europe-west3-b/operations/operation-1667280243815-5149f9dd?alt=json HTTP/1.1" 200 None
2022-11-01 06:27:49,792 DEBUG    urllib3.connectionpool Starting new HTTPS connection (1): container.googleapis.com:443
2022-11-01 06:27:50,023 DEBUG    urllib3.connectionpool https://container.googleapis.com:443 "GET /v1/projects/cloud-dev-112233/locations/europe-west3-b/operations/operation-1667280243815-5149f9dd?alt=json HTTP/1.1" 200 None
2022-11-01 06:27:55,041 DEBUG    urllib3.connectionpool Starting new HTTPS connection (1): container.googleapis.com:443
2022-11-01 06:27:55,284 DEBUG    urllib3.connectionpool https://container.googleapis.com:443 "GET /v1/projects/cloud-dev-112233/locations/europe-west3-b/operations/operation-1667280243815-5149f9dd?alt=json HTTP/1.1" 200 None
2022-11-01 06:27:55,294 INFO     root            Operation <Operation
 clusterConditions: []
 endTime: '2022-11-01T05:27:51.563786112Z'
 name: 'operation-1667280243815-5149f9dd'
 nodepoolConditions: []
 operationType: OperationTypeValueValuesEnum(CREATE_CLUSTER, 1)
 progress: <OperationProgress
 metrics: [<Metric
 intValue: 4
 name: 'CLUSTER_CONFIGURING'>, <Metric
 intValue: 4
 name: 'CLUSTER_CONFIGURING_TOTAL'>, <Metric
 intValue: 7
 name: 'CLUSTER_DEPLOYING'>, <Metric
 intValue: 7
 name: 'CLUSTER_DEPLOYING_TOTAL'>, <Metric
 intValue: 1
 name: 'CLUSTER_HEALTHCHECKING'>, <Metric
 intValue: 2
 name: 'CLUSTER_HEALTHCHECKING_TOTAL'>]
 stages: []>
 selfLink: 'https://container.googleapis.com/v1/projects/166042509722/zones/europe-west3-b/operations/operation-1667280243815-5149f9dd'
 startTime: '2022-11-01T05:24:03.815071468Z'
 status: StatusValueValuesEnum(DONE, 3)
 targetLink: 'https://container.googleapis.com/v1/projects/166042509722/zones/europe-west3-b/clusters/inel-6519'
 zone: 'europe-west3-b'> succeeded after 231.444 seconds
2022-11-01 06:27:55,325 DEBUG    urllib3.connectionpool Starting new HTTPS connection (1): container.googleapis.com:443
2022-11-01 06:27:55,546 DEBUG    urllib3.connectionpool https://container.googleapis.com:443 "GET /v1/projects/cloud-dev-112233/locations/europe-west3-b/clusters/inel-6519?alt=json HTTP/1.1" 200 None
2022-11-01 06:27:55,562 INFO     ___FILE_ONLY___ Created [https://container.googleapis.com/v1/projects/cloud-dev-112233/zones/europe-west3-b/clusters/inel-6519].

2022-11-01 06:27:55,570 INFO     ___FILE_ONLY___ To inspect the contents of your cluster, go to: https://console.cloud.google.com/kubernetes/workload_/gcloud/europe-west3-b/inel-6519?project=cloud-dev-112233

2022-11-01 06:27:55,781 DEBUG    root            Saved kubeconfig to /Users/inelpandzic/.kube/config
2022-11-01 06:27:55,782 INFO     ___FILE_ONLY___ kubeconfig entry generated for inel-6519.

2022-11-01 06:27:55,783 INFO     root            Display format: "
    table(
        name,
        zone:label=LOCATION,
        master_version():label=MASTER_VERSION,
        endpoint:label=MASTER_IP,
        nodePools[0].config.machineType,
        currentNodeVersion:label=NODE_VERSION,
        firstof(currentNodeCount,initialNodeCount):label=NUM_NODES,
        status
    )
"
2022-11-01 06:27:55,786 INFO     ___FILE_ONLY___ NAME
2022-11-01 06:27:55,786 INFO     ___FILE_ONLY___        
2022-11-01 06:27:55,786 INFO     ___FILE_ONLY___ LOCATION
2022-11-01 06:27:55,786 INFO     ___FILE_ONLY___         
2022-11-01 06:27:55,786 INFO     ___FILE_ONLY___ MASTER_VERSION
2022-11-01 06:27:55,786 INFO     ___FILE_ONLY___     
2022-11-01 06:27:55,787 INFO     ___FILE_ONLY___ MASTER_IP
2022-11-01 06:27:55,787 INFO     ___FILE_ONLY___       
2022-11-01 06:27:55,787 INFO     ___FILE_ONLY___ MACHINE_TYPE
2022-11-01 06:27:55,787 INFO     ___FILE_ONLY___    
2022-11-01 06:27:55,787 INFO     ___FILE_ONLY___ NODE_VERSION
2022-11-01 06:27:55,787 INFO     ___FILE_ONLY___       
2022-11-01 06:27:55,787 INFO     ___FILE_ONLY___ NUM_NODES
2022-11-01 06:27:55,787 INFO     ___FILE_ONLY___   
2022-11-01 06:27:55,787 INFO     ___FILE_ONLY___ STATUS
2022-11-01 06:27:55,787 INFO     ___FILE_ONLY___ 

2022-11-01 06:27:55,787 INFO     ___FILE_ONLY___ inel-6519
2022-11-01 06:27:55,787 INFO     ___FILE_ONLY___   
2022-11-01 06:27:55,787 INFO     ___FILE_ONLY___ europe-west3-b
2022-11-01 06:27:55,787 INFO     ___FILE_ONLY___   
2022-11-01 06:27:55,787 INFO     ___FILE_ONLY___ 1.21.14-gke.8500
2022-11-01 06:27:55,787 INFO     ___FILE_ONLY___   
2022-11-01 06:27:55,787 INFO     ___FILE_ONLY___ 34.107.104.76
2022-11-01 06:27:55,787 INFO     ___FILE_ONLY___   
2022-11-01 06:27:55,787 INFO     ___FILE_ONLY___ n1-standard-4
2022-11-01 06:27:55,787 INFO     ___FILE_ONLY___   
2022-11-01 06:27:55,787 INFO     ___FILE_ONLY___ 1.21.14-gke.8500
2022-11-01 06:27:55,787 INFO     ___FILE_ONLY___   
2022-11-01 06:27:55,787 INFO     ___FILE_ONLY___ 3
2022-11-01 06:27:55,787 INFO     ___FILE_ONLY___           
2022-11-01 06:27:55,787 INFO     ___FILE_ONLY___ RUNNING
2022-11-01 06:27:55,787 INFO     ___FILE_ONLY___ 

2022-11-01 06:27:55,804 DEBUG    root            Metrics reporting process started...
