2022-11-01 08:09:17,957 DEBUG    root            Loaded Command Group: ['gcloud', 'config']
2022-11-01 08:09:17,959 DEBUG    root            Loaded Command Group: ['gcloud', 'config', 'config_helper']
2022-11-01 08:09:17,959 DEBUG    root            Running [gcloud.config.config-helper] with arguments: [--format: "json"]
2022-11-01 08:09:17,981 DEBUG    google.auth.transport.requests Making request: POST https://oauth2.googleapis.com/token
2022-11-01 08:09:17,997 DEBUG    urllib3.connectionpool Starting new HTTPS connection (1): oauth2.googleapis.com:443
2022-11-01 08:09:18,146 DEBUG    urllib3.connectionpool https://oauth2.googleapis.com:443 "POST /token HTTP/1.1" 200 None
2022-11-01 08:09:18,171 INFO     root            Display format: "default json"
2022-11-01 08:09:18,171 INFO     ___FILE_ONLY___ {
  "configuration": {
    "active_configuration": "percona-cloud-dev",
    "properties": {
      "core": {
        "account": "inel.pandzic@percona.com",
        "disable_usage_reporting": "False",
        "project": "cloud-dev-112233"
      }
    }
  },
  "credential": {
    "access_token": "ya29.a0Aa4xrXP6nPyS3JEb68atOflZQzKO-1CUSs9SYtgZjucpLAxNWUm479b2uiAX3Go4V3BlK7BIXvpuXQgvwxwBJX7py0cuPkIeVHKTmEUCgS9F4zV0AVwy7gwGuo4Hwyrqa8trpHrMqZICS0CivOt591d4fLkGVEwJLtGDUc4aCgYKATASARESFQEjDvL9SJxZEvpfLcnulXvg4_hrJA0174",
    "id_token": "eyJhbGciOiJSUzI1NiIsImtpZCI6Ijc3Y2MwZWY0YzcxODFjZjRjMGRjZWY3YjYwYWUyOGNjOTAyMmM3NmIiLCJ0eXAiOiJKV1QifQ.eyJpc3MiOiJodHRwczovL2FjY291bnRzLmdvb2dsZS5jb20iLCJhenAiOiIzMjU1NTk0MDU1OS5hcHBzLmdvb2dsZXVzZXJjb250ZW50LmNvbSIsImF1ZCI6IjMyNTU1OTQwNTU5LmFwcHMuZ29vZ2xldXNlcmNvbnRlbnQuY29tIiwic3ViIjoiMTA3NDA5ODEzMzQ0NTU5NDQzNDA3IiwiaGQiOiJwZXJjb25hLmNvbSIsImVtYWlsIjoiaW5lbC5wYW5kemljQHBlcmNvbmEuY29tIiwiZW1haWxfdmVyaWZpZWQiOnRydWUsImF0X2hhc2giOiJ1YlVJREE0cVNvVWZpWkNiNU5RbmxRIiwiaWF0IjoxNjY3Mjg2NTU4LCJleHAiOjE2NjcyOTAxNTh9.hgu4ljLN0ZbyOhX1EufOPKJhpU8kATHsBlp-8Usb4KBbU6nCkIJASTWFd_vshpR3LL1WlxrjBv4uU-oiM2sLxjx6XSxkZr5hyD4ttc5rj3vPDFi8cC5BSJOnfZwIDp-sToie2OG8teFO1lz_ZxsT1wGlFMgfF6nLPV7mlSqsbITKtKOHTcxmEP1vqt99EothDpUFiXTNtUNhxnsfnqw5bUoWcAWyVzM8cmW_Hmcvq0ZAcZkbEezMp9I3wiLDfIDxsyI-Fpgf2TuC0Rczw8pDaROUszVNLMJR1yAR9WMgK1gjfINfJzKZstOCZBKoqCZAeBygtiemwU5aJh2TfMoSPw",
    "token_expiry": "2022-11-01T08:09:17Z"
  },
  "sentinels": {
    "config_sentinel": "/Users/inelpandzic/.config/gcloud/config_sentinel"
  }
}
2022-11-01 08:09:18,172 INFO     ___FILE_ONLY___ 

2022-11-01 08:09:18,185 DEBUG    root            Metrics reporting process started...
