2022-11-01 09:14:50,606 DEBUG    root            Loaded Command Group: ['gcloud', 'config']
2022-11-01 09:14:50,608 DEBUG    root            Loaded Command Group: ['gcloud', 'config', 'config_helper']
2022-11-01 09:14:50,608 DEBUG    root            Running [gcloud.config.config-helper] with arguments: [--format: "json"]
2022-11-01 09:14:50,635 DEBUG    google.auth.transport.requests Making request: POST https://oauth2.googleapis.com/token
2022-11-01 09:14:50,646 DEBUG    urllib3.connectionpool Starting new HTTPS connection (1): oauth2.googleapis.com:443
2022-11-01 09:14:50,807 DEBUG    urllib3.connectionpool https://oauth2.googleapis.com:443 "POST /token HTTP/1.1" 200 None
2022-11-01 09:14:50,814 INFO     root            Display format: "default json"
2022-11-01 09:14:50,814 INFO     ___FILE_ONLY___ {
  "configuration": {
    "active_configuration": "percona-cloud-dev",
    "properties": {
      "core": {
        "account": "inel.pandzic@percona.com",
        "disable_usage_reporting": "False",
        "project": "cloud-dev-112233"
      }
    }
  },
  "credential": {
    "access_token": "ya29.a0Aa4xrXM6B0w570InOPa71e2FC7doE2ayN18UMhXEai4nIblitV9trdzQ_fQyDg_apEH68r-I_ukLGPUw2IlyG53AK5Xw8eVvWh1-7Siy41WrCxBS5LNxN6SpR1vu6mX8dpFoudAXGajCPvBVamAQ9KBU-0cjzwjidq3_mIYaCgYKATASARESFQEjDvL9m303gxua275_uZKNLes7aA0174",
    "id_token": "eyJhbGciOiJSUzI1NiIsImtpZCI6Ijc3Y2MwZWY0YzcxODFjZjRjMGRjZWY3YjYwYWUyOGNjOTAyMmM3NmIiLCJ0eXAiOiJKV1QifQ.eyJpc3MiOiJodHRwczovL2FjY291bnRzLmdvb2dsZS5jb20iLCJhenAiOiIzMjU1NTk0MDU1OS5hcHBzLmdvb2dsZXVzZXJjb250ZW50LmNvbSIsImF1ZCI6IjMyNTU1OTQwNTU5LmFwcHMuZ29vZ2xldXNlcmNvbnRlbnQuY29tIiwic3ViIjoiMTA3NDA5ODEzMzQ0NTU5NDQzNDA3IiwiaGQiOiJwZXJjb25hLmNvbSIsImVtYWlsIjoiaW5lbC5wYW5kemljQHBlcmNvbmEuY29tIiwiZW1haWxfdmVyaWZpZWQiOnRydWUsImF0X2hhc2giOiJEWjZwWnMtYWc4SzRkLTBQYXR2NF9BIiwiaWF0IjoxNjY3MjkwNDkwLCJleHAiOjE2NjcyOTQwOTB9.ubo0o-gY_5-xUpz_6ijmAA54TfWJkXk4Pzb4-liZQQAGgLxA7MQea0bWhSnwfzykkQo41kE3S3UJJ_q84e3DeMjBlSozLhVY79y2Ipj3imtfKyknjuEz74EWm_Lj5Xd560Ryq36aNATN2w3bUFQpsSIP4ABRCSqAv6hJEkSB2Q6CQ-k8vz-h-Hf6o1ilTBne_7JR0O2YysF5Q1CXdG1LrEnEIuRnaLcu9qx4MOe2Yhdmvi0-BYAt-ppY3PKYaIpRU6BucosM05XJ207AiooGnSf31Qs0p1RDF8wFt0TnoQNx4Cd-_oMSJT-gWYcfYFtGWlp_WHg72GIYT3Lm-C9Zjg",
    "token_expiry": "2022-11-01T09:14:49Z"
  },
  "sentinels": {
    "config_sentinel": "/Users/inelpandzic/.config/gcloud/config_sentinel"
  }
}
2022-11-01 09:14:50,814 INFO     ___FILE_ONLY___ 

2022-11-01 09:14:50,826 DEBUG    root            Metrics reporting process started...
