2022-11-01 12:16:23,834 DEBUG    root            Loaded Command Group: ['gcloud', 'config']
2022-11-01 12:16:23,836 DEBUG    root            Loaded Command Group: ['gcloud', 'config', 'config_helper']
2022-11-01 12:16:23,837 DEBUG    root            Running [gcloud.config.config-helper] with arguments: [--format: "json"]
2022-11-01 12:16:23,858 DEBUG    google.auth.transport.requests Making request: POST https://oauth2.googleapis.com/token
2022-11-01 12:16:23,873 DEBUG    urllib3.connectionpool Starting new HTTPS connection (1): oauth2.googleapis.com:443
2022-11-01 12:16:24,030 DEBUG    urllib3.connectionpool https://oauth2.googleapis.com:443 "POST /token HTTP/1.1" 200 None
2022-11-01 12:16:24,037 INFO     root            Display format: "default json"
2022-11-01 12:16:24,037 INFO     ___FILE_ONLY___ {
  "configuration": {
    "active_configuration": "percona-cloud-dev",
    "properties": {
      "core": {
        "account": "inel.pandzic@percona.com",
        "disable_usage_reporting": "False",
        "project": "cloud-dev-112233"
      }
    }
  },
  "credential": {
    "access_token": "ya29.a0Aa4xrXNbb4dU98_dknk4vGC19fUzWOxi1soWGr-KVYNMoKLXBlRCoxU9zCTG8CwohEWB8GfjKeUbCg0Xlrxlz11AVjsLyswrPnRqaavdacW1Gn2gvTiudhmZCnyvrifakbSjRMYPI9rCnhPmJnqvU5HkaUmaht9StwsVaZUaCgYKATASARESFQEjDvL9Bemu7Ax8vhSvIQhRkHvIGA0174",
    "id_token": "eyJhbGciOiJSUzI1NiIsImtpZCI6Ijc3Y2MwZWY0YzcxODFjZjRjMGRjZWY3YjYwYWUyOGNjOTAyMmM3NmIiLCJ0eXAiOiJKV1QifQ.eyJpc3MiOiJodHRwczovL2FjY291bnRzLmdvb2dsZS5jb20iLCJhenAiOiIzMjU1NTk0MDU1OS5hcHBzLmdvb2dsZXVzZXJjb250ZW50LmNvbSIsImF1ZCI6IjMyNTU1OTQwNTU5LmFwcHMuZ29vZ2xldXNlcmNvbnRlbnQuY29tIiwic3ViIjoiMTA3NDA5ODEzMzQ0NTU5NDQzNDA3IiwiaGQiOiJwZXJjb25hLmNvbSIsImVtYWlsIjoiaW5lbC5wYW5kemljQHBlcmNvbmEuY29tIiwiZW1haWxfdmVyaWZpZWQiOnRydWUsImF0X2hhc2giOiJfWHpocldUNFhMUll1Wkw0aFAyc01RIiwiaWF0IjoxNjY3MzAxMzg0LCJleHAiOjE2NjczMDQ5ODR9.tN1AaZQXCfWzT-djNakv_y8GVAjA8UrfrbxQFT-a5bhFiqdkBeYEeLeDWTUi5_EBKPgGGjaGiGoekxwBysIF7SmZMuv3hC1g-qEUaq6F-6PqF9MzPdZLMNwBVBX3JzwfK2iLXfKJYs7UjPjxfomQBwt3EwFqWh_4ulxm6I2oLAeprl_Pr1fLqskdUApOsuDsk2eXSxpNcy8RohApyCU9Xl7xseqA3fXWckMY-dlvjUkq2RAr2POFaHPqZahYOUMg5RIKam1o8iH19oR0GF8pq1d4Cu0ZeR06TndIKfq_91I8Ju7izA1vQ_4E1sdlDedT1If-Z0hXY7LZhU0HwCF0zQ",
    "token_expiry": "2022-11-01T12:16:23Z"
  },
  "sentinels": {
    "config_sentinel": "/Users/inelpandzic/.config/gcloud/config_sentinel"
  }
}
2022-11-01 12:16:24,037 INFO     ___FILE_ONLY___ 

2022-11-01 12:16:24,047 DEBUG    root            Metrics reporting process started...
