2022-11-01 14:50:45,672 DEBUG    root            Loaded Command Group: ['gcloud', 'container', 'clusters']
2022-11-01 14:50:45,675 DEBUG    root            Loaded Command Group: ['gcloud', 'container', 'clusters', 'list']
2022-11-01 14:50:45,706 DEBUG    root            Running [gcloud.container.clusters.list] with arguments: []
2022-11-01 14:50:45,758 DEBUG    urllib3.connectionpool Starting new HTTPS connection (1): container.googleapis.com:443
2022-11-01 14:50:46,392 DEBUG    urllib3.connectionpool https://container.googleapis.com:443 "GET /v1/projects/cloud-dev-112233/locations/-/clusters?alt=json HTTP/1.1" 200 None
2022-11-01 14:50:46,454 INFO     root            Display format: "
    table(
        name,
        zone:label=LOCATION,
        master_version():label=MASTER_VERSION,
        endpoint:label=MASTER_IP,
        nodePools[0].config.machineType,
        currentNodeVersion:label=NODE_VERSION,
        firstof(currentNodeCount,initialNodeCount):label=NUM_NODES,
        status
    )
"
2022-11-01 14:50:46,485 INFO     ___FILE_ONLY___ NAME
2022-11-01 14:50:46,485 INFO     ___FILE_ONLY___                                
2022-11-01 14:50:46,485 INFO     ___FILE_ONLY___ LOCATION
2022-11-01 14:50:46,485 INFO     ___FILE_ONLY___         
2022-11-01 14:50:46,485 INFO     ___FILE_ONLY___ MASTER_VERSION
2022-11-01 14:50:46,486 INFO     ___FILE_ONLY___     
2022-11-01 14:50:46,486 INFO     ___FILE_ONLY___ MASTER_IP
2022-11-01 14:50:46,486 INFO     ___FILE_ONLY___         
2022-11-01 14:50:46,486 INFO     ___FILE_ONLY___ MACHINE_TYPE
2022-11-01 14:50:46,486 INFO     ___FILE_ONLY___    
2022-11-01 14:50:46,486 INFO     ___FILE_ONLY___ NODE_VERSION
2022-11-01 14:50:46,486 INFO     ___FILE_ONLY___         
2022-11-01 14:50:46,486 INFO     ___FILE_ONLY___ NUM_NODES
2022-11-01 14:50:46,486 INFO     ___FILE_ONLY___   
2022-11-01 14:50:46,486 INFO     ___FILE_ONLY___ STATUS
2022-11-01 14:50:46,486 INFO     ___FILE_ONLY___ 

2022-11-01 14:50:46,486 INFO     ___FILE_ONLY___ ondrei-13193
2022-11-01 14:50:46,486 INFO     ___FILE_ONLY___                        
2022-11-01 14:50:46,486 INFO     ___FILE_ONLY___ europe-west1-c
2022-11-01 14:50:46,486 INFO     ___FILE_ONLY___   
2022-11-01 14:50:46,486 INFO     ___FILE_ONLY___ 1.22.12-gke.2300
2022-11-01 14:50:46,486 INFO     ___FILE_ONLY___   
2022-11-01 14:50:46,486 INFO     ___FILE_ONLY___ 104.155.15.56
2022-11-01 14:50:46,486 INFO     ___FILE_ONLY___     
2022-11-01 14:50:46,486 INFO     ___FILE_ONLY___ n1-standard-4
2022-11-01 14:50:46,486 INFO     ___FILE_ONLY___   
2022-11-01 14:50:46,486 INFO     ___FILE_ONLY___ 1.21.14-gke.8500 *
2022-11-01 14:50:46,486 INFO     ___FILE_ONLY___   
2022-11-01 14:50:46,486 INFO     ___FILE_ONLY___ 3
2022-11-01 14:50:46,486 INFO     ___FILE_ONLY___           
2022-11-01 14:50:46,486 INFO     ___FILE_ONLY___ RUNNING
2022-11-01 14:50:46,486 INFO     ___FILE_ONLY___ 

2022-11-01 14:50:46,486 INFO     ___FILE_ONLY___ slava-pxc
2022-11-01 14:50:46,486 INFO     ___FILE_ONLY___                           
2022-11-01 14:50:46,486 INFO     ___FILE_ONLY___ europe-west3-a
2022-11-01 14:50:46,486 INFO     ___FILE_ONLY___   
2022-11-01 14:50:46,486 INFO     ___FILE_ONLY___ 1.23.12-gke.100
2022-11-01 14:50:46,486 INFO     ___FILE_ONLY___    
2022-11-01 14:50:46,486 INFO     ___FILE_ONLY___ 35.246.129.244
2022-11-01 14:50:46,486 INFO     ___FILE_ONLY___    
2022-11-01 14:50:46,487 INFO     ___FILE_ONLY___ n1-standard-4
2022-11-01 14:50:46,487 INFO     ___FILE_ONLY___   
2022-11-01 14:50:46,487 INFO     ___FILE_ONLY___ 1.23.12-gke.100
2022-11-01 14:50:46,487 INFO     ___FILE_ONLY___      
2022-11-01 14:50:46,487 INFO     ___FILE_ONLY___ 3
2022-11-01 14:50:46,487 INFO     ___FILE_ONLY___           
2022-11-01 14:50:46,487 INFO     ___FILE_ONLY___ RUNNING
2022-11-01 14:50:46,487 INFO     ___FILE_ONLY___ 

2022-11-01 14:50:46,487 INFO     ___FILE_ONLY___ inel-6519
2022-11-01 14:50:46,487 INFO     ___FILE_ONLY___                           
2022-11-01 14:50:46,487 INFO     ___FILE_ONLY___ europe-west3-b
2022-11-01 14:50:46,487 INFO     ___FILE_ONLY___   
2022-11-01 14:50:46,487 INFO     ___FILE_ONLY___ 1.21.14-gke.8500
2022-11-01 14:50:46,487 INFO     ___FILE_ONLY___   
2022-11-01 14:50:46,487 INFO     ___FILE_ONLY___ 34.107.104.76
2022-11-01 14:50:46,487 INFO     ___FILE_ONLY___     
2022-11-01 14:50:46,487 INFO     ___FILE_ONLY___ n1-standard-4
2022-11-01 14:50:46,487 INFO     ___FILE_ONLY___   
2022-11-01 14:50:46,487 INFO     ___FILE_ONLY___ 1.21.14-gke.8500
2022-11-01 14:50:46,487 INFO     ___FILE_ONLY___     
2022-11-01 14:50:46,487 INFO     ___FILE_ONLY___ 3
2022-11-01 14:50:46,487 INFO     ___FILE_ONLY___           
2022-11-01 14:50:46,487 INFO     ___FILE_ONLY___ RUNNING
2022-11-01 14:50:46,487 INFO     ___FILE_ONLY___ 

2022-11-01 14:50:46,487 INFO     ___FILE_ONLY___ max-30844
2022-11-01 14:50:46,487 INFO     ___FILE_ONLY___                           
2022-11-01 14:50:46,487 INFO     ___FILE_ONLY___ europe-west3-b
2022-11-01 14:50:46,487 INFO     ___FILE_ONLY___   
2022-11-01 14:50:46,487 INFO     ___FILE_ONLY___ 1.22.12-gke.2300
2022-11-01 14:50:46,487 INFO     ___FILE_ONLY___   
2022-11-01 14:50:46,487 INFO     ___FILE_ONLY___ 35.246.193.17
2022-11-01 14:50:46,487 INFO     ___FILE_ONLY___     
2022-11-01 14:50:46,487 INFO     ___FILE_ONLY___ n1-standard-4
2022-11-01 14:50:46,487 INFO     ___FILE_ONLY___   
2022-11-01 14:50:46,487 INFO     ___FILE_ONLY___ 1.21.14-gke.2700 *
2022-11-01 14:50:46,487 INFO     ___FILE_ONLY___   
2022-11-01 14:50:46,487 INFO     ___FILE_ONLY___ 3
2022-11-01 14:50:46,487 INFO     ___FILE_ONLY___           
2022-11-01 14:50:46,487 INFO     ___FILE_ONLY___ RUNNING
2022-11-01 14:50:46,487 INFO     ___FILE_ONLY___ 

2022-11-01 14:50:46,487 INFO     ___FILE_ONLY___ natali-22
2022-11-01 14:50:46,487 INFO     ___FILE_ONLY___                           
2022-11-01 14:50:46,487 INFO     ___FILE_ONLY___ europe-west3-b
2022-11-01 14:50:46,488 INFO     ___FILE_ONLY___   
2022-11-01 14:50:46,488 INFO     ___FILE_ONLY___ 1.22.15-gke.1000
2022-11-01 14:50:46,488 INFO     ___FILE_ONLY___   
2022-11-01 14:50:46,488 INFO     ___FILE_ONLY___ 35.198.178.126
2022-11-01 14:50:46,488 INFO     ___FILE_ONLY___    
2022-11-01 14:50:46,488 INFO     ___FILE_ONLY___ n1-standard-4
2022-11-01 14:50:46,488 INFO     ___FILE_ONLY___   
2022-11-01 14:50:46,488 INFO     ___FILE_ONLY___ 1.22.15-gke.1000
2022-11-01 14:50:46,488 INFO     ___FILE_ONLY___     
2022-11-01 14:50:46,488 INFO     ___FILE_ONLY___ 3
2022-11-01 14:50:46,488 INFO     ___FILE_ONLY___           
2022-11-01 14:50:46,488 INFO     ___FILE_ONLY___ RUNNING
2022-11-01 14:50:46,488 INFO     ___FILE_ONLY___ 

2022-11-01 14:50:46,488 INFO     ___FILE_ONLY___ jen-pxc-ec3ed0e9-36-cluster1
2022-11-01 14:50:46,488 INFO     ___FILE_ONLY___        
2022-11-01 14:50:46,488 INFO     ___FILE_ONLY___ us-central1-a
2022-11-01 14:50:46,488 INFO     ___FILE_ONLY___    
2022-11-01 14:50:46,488 INFO     ___FILE_ONLY___ 1.21.14-gke.7100
2022-11-01 14:50:46,488 INFO     ___FILE_ONLY___   
2022-11-01 14:50:46,488 INFO     ___FILE_ONLY___ 35.238.60.44
2022-11-01 14:50:46,488 INFO     ___FILE_ONLY___      
2022-11-01 14:50:46,488 INFO     ___FILE_ONLY___ n1-standard-4
2022-11-01 14:50:46,488 INFO     ___FILE_ONLY___   
2022-11-01 14:50:46,488 INFO     ___FILE_ONLY___ 1.21.14-gke.7100
2022-11-01 14:50:46,488 INFO     ___FILE_ONLY___     
2022-11-01 14:50:46,488 INFO     ___FILE_ONLY___ 3
2022-11-01 14:50:46,488 INFO     ___FILE_ONLY___           
2022-11-01 14:50:46,488 INFO     ___FILE_ONLY___ RUNNING
2022-11-01 14:50:46,488 INFO     ___FILE_ONLY___ 

2022-11-01 14:50:46,488 INFO     ___FILE_ONLY___ jen-pxc-ec3ed0e9-36-cluster2
2022-11-01 14:50:46,488 INFO     ___FILE_ONLY___        
2022-11-01 14:50:46,488 INFO     ___FILE_ONLY___ us-central1-a
2022-11-01 14:50:46,488 INFO     ___FILE_ONLY___    
2022-11-01 14:50:46,488 INFO     ___FILE_ONLY___ 1.21.14-gke.7100
2022-11-01 14:50:46,488 INFO     ___FILE_ONLY___   
2022-11-01 14:50:46,488 INFO     ___FILE_ONLY___ 34.123.104.153
2022-11-01 14:50:46,488 INFO     ___FILE_ONLY___    
2022-11-01 14:50:46,488 INFO     ___FILE_ONLY___ n1-standard-4
2022-11-01 14:50:46,488 INFO     ___FILE_ONLY___   
2022-11-01 14:50:46,488 INFO     ___FILE_ONLY___ 1.21.14-gke.7100
2022-11-01 14:50:46,488 INFO     ___FILE_ONLY___     
2022-11-01 14:50:46,488 INFO     ___FILE_ONLY___ 3
2022-11-01 14:50:46,488 INFO     ___FILE_ONLY___           
2022-11-01 14:50:46,488 INFO     ___FILE_ONLY___ RUNNING
2022-11-01 14:50:46,488 INFO     ___FILE_ONLY___ 

2022-11-01 14:50:46,488 INFO     ___FILE_ONLY___ jen-pxc-ec3ed0e9-36-cluster3
2022-11-01 14:50:46,489 INFO     ___FILE_ONLY___        
2022-11-01 14:50:46,489 INFO     ___FILE_ONLY___ us-central1-a
2022-11-01 14:50:46,489 INFO     ___FILE_ONLY___    
2022-11-01 14:50:46,489 INFO     ___FILE_ONLY___ 1.21.14-gke.7100
2022-11-01 14:50:46,489 INFO     ___FILE_ONLY___   
2022-11-01 14:50:46,489 INFO     ___FILE_ONLY___ 35.193.11.98
2022-11-01 14:50:46,489 INFO     ___FILE_ONLY___      
2022-11-01 14:50:46,489 INFO     ___FILE_ONLY___ n1-standard-4
2022-11-01 14:50:46,489 INFO     ___FILE_ONLY___   
2022-11-01 14:50:46,489 INFO     ___FILE_ONLY___ 1.21.14-gke.7100
2022-11-01 14:50:46,489 INFO     ___FILE_ONLY___     
2022-11-01 14:50:46,489 INFO     ___FILE_ONLY___ 3
2022-11-01 14:50:46,489 INFO     ___FILE_ONLY___           
2022-11-01 14:50:46,489 INFO     ___FILE_ONLY___ RUNNING
2022-11-01 14:50:46,489 INFO     ___FILE_ONLY___ 

2022-11-01 14:50:46,489 INFO     ___FILE_ONLY___ jen-pxc-ec3ed0e9-36-cluster4
2022-11-01 14:50:46,489 INFO     ___FILE_ONLY___        
2022-11-01 14:50:46,489 INFO     ___FILE_ONLY___ us-central1-a
2022-11-01 14:50:46,489 INFO     ___FILE_ONLY___    
2022-11-01 14:50:46,489 INFO     ___FILE_ONLY___ 1.21.14-gke.7100
2022-11-01 14:50:46,489 INFO     ___FILE_ONLY___   
2022-11-01 14:50:46,489 INFO     ___FILE_ONLY___ 146.148.40.167
2022-11-01 14:50:46,489 INFO     ___FILE_ONLY___    
2022-11-01 14:50:46,489 INFO     ___FILE_ONLY___ n1-standard-4
2022-11-01 14:50:46,489 INFO     ___FILE_ONLY___   
2022-11-01 14:50:46,489 INFO     ___FILE_ONLY___ 1.21.14-gke.7100
2022-11-01 14:50:46,489 INFO     ___FILE_ONLY___     
2022-11-01 14:50:46,489 INFO     ___FILE_ONLY___ 3
2022-11-01 14:50:46,489 INFO     ___FILE_ONLY___           
2022-11-01 14:50:46,489 INFO     ___FILE_ONLY___ RUNNING
2022-11-01 14:50:46,489 INFO     ___FILE_ONLY___ 

2022-11-01 14:50:46,489 INFO     ___FILE_ONLY___ jen-pxc-ec3ed0e9-36-cluster5
2022-11-01 14:50:46,489 INFO     ___FILE_ONLY___        
2022-11-01 14:50:46,489 INFO     ___FILE_ONLY___ us-central1-a
2022-11-01 14:50:46,489 INFO     ___FILE_ONLY___    
2022-11-01 14:50:46,489 INFO     ___FILE_ONLY___ 1.21.14-gke.7100
2022-11-01 14:50:46,489 INFO     ___FILE_ONLY___   
2022-11-01 14:50:46,489 INFO     ___FILE_ONLY___ 34.69.62.105
2022-11-01 14:50:46,489 INFO     ___FILE_ONLY___      
2022-11-01 14:50:46,489 INFO     ___FILE_ONLY___ n1-standard-4
2022-11-01 14:50:46,489 INFO     ___FILE_ONLY___   
2022-11-01 14:50:46,489 INFO     ___FILE_ONLY___ 1.21.14-gke.7100
2022-11-01 14:50:46,489 INFO     ___FILE_ONLY___     
2022-11-01 14:50:46,489 INFO     ___FILE_ONLY___ 3
2022-11-01 14:50:46,489 INFO     ___FILE_ONLY___           
2022-11-01 14:50:46,489 INFO     ___FILE_ONLY___ RUNNING
2022-11-01 14:50:46,489 INFO     ___FILE_ONLY___ 

2022-11-01 14:50:46,489 INFO     ___FILE_ONLY___ jen-pxc-ec3ed0e9-36-cluster6
2022-11-01 14:50:46,490 INFO     ___FILE_ONLY___        
2022-11-01 14:50:46,490 INFO     ___FILE_ONLY___ us-central1-a
2022-11-01 14:50:46,490 INFO     ___FILE_ONLY___    
2022-11-01 14:50:46,490 INFO     ___FILE_ONLY___ 1.21.14-gke.7100
2022-11-01 14:50:46,490 INFO     ___FILE_ONLY___   
2022-11-01 14:50:46,490 INFO     ___FILE_ONLY___ 35.184.243.244
2022-11-01 14:50:46,490 INFO     ___FILE_ONLY___    
2022-11-01 14:50:46,490 INFO     ___FILE_ONLY___ n1-standard-4
2022-11-01 14:50:46,490 INFO     ___FILE_ONLY___   
2022-11-01 14:50:46,490 INFO     ___FILE_ONLY___ 1.21.14-gke.7100
2022-11-01 14:50:46,490 INFO     ___FILE_ONLY___     
2022-11-01 14:50:46,490 INFO     ___FILE_ONLY___ 3
2022-11-01 14:50:46,490 INFO     ___FILE_ONLY___           
2022-11-01 14:50:46,490 INFO     ___FILE_ONLY___ RUNNING
2022-11-01 14:50:46,490 INFO     ___FILE_ONLY___ 

2022-11-01 14:50:46,490 INFO     ___FILE_ONLY___ jen-pxc-ec3ed0e9-36-cluster7
2022-11-01 14:50:46,490 INFO     ___FILE_ONLY___        
2022-11-01 14:50:46,490 INFO     ___FILE_ONLY___ us-central1-a
2022-11-01 14:50:46,490 INFO     ___FILE_ONLY___    
2022-11-01 14:50:46,490 INFO     ___FILE_ONLY___ 1.21.14-gke.7100
2022-11-01 14:50:46,490 INFO     ___FILE_ONLY___   
2022-11-01 14:50:46,490 INFO     ___FILE_ONLY___ 34.134.205.203
2022-11-01 14:50:46,490 INFO     ___FILE_ONLY___    
2022-11-01 14:50:46,490 INFO     ___FILE_ONLY___ n1-standard-4
2022-11-01 14:50:46,490 INFO     ___FILE_ONLY___   
2022-11-01 14:50:46,490 INFO     ___FILE_ONLY___ 1.21.14-gke.7100
2022-11-01 14:50:46,490 INFO     ___FILE_ONLY___     
2022-11-01 14:50:46,490 INFO     ___FILE_ONLY___ 3
2022-11-01 14:50:46,490 INFO     ___FILE_ONLY___           
2022-11-01 14:50:46,490 INFO     ___FILE_ONLY___ RUNNING
2022-11-01 14:50:46,490 INFO     ___FILE_ONLY___ 

2022-11-01 14:50:46,490 INFO     ___FILE_ONLY___ jen-pxc-ec3ed0e9-36-cluster8
2022-11-01 14:50:46,490 INFO     ___FILE_ONLY___        
2022-11-01 14:50:46,490 INFO     ___FILE_ONLY___ us-central1-a
2022-11-01 14:50:46,490 INFO     ___FILE_ONLY___    
2022-11-01 14:50:46,490 INFO     ___FILE_ONLY___ 1.21.14-gke.7100
2022-11-01 14:50:46,490 INFO     ___FILE_ONLY___   
2022-11-01 14:50:46,490 INFO     ___FILE_ONLY___ 34.66.112.197
2022-11-01 14:50:46,490 INFO     ___FILE_ONLY___     
2022-11-01 14:50:46,490 INFO     ___FILE_ONLY___ n1-standard-4
2022-11-01 14:50:46,490 INFO     ___FILE_ONLY___   
2022-11-01 14:50:46,490 INFO     ___FILE_ONLY___ 1.21.14-gke.7100
2022-11-01 14:50:46,490 INFO     ___FILE_ONLY___     
2022-11-01 14:50:46,490 INFO     ___FILE_ONLY___ 3
2022-11-01 14:50:46,490 INFO     ___FILE_ONLY___           
2022-11-01 14:50:46,490 INFO     ___FILE_ONLY___ RUNNING
2022-11-01 14:50:46,490 INFO     ___FILE_ONLY___ 

2022-11-01 14:50:46,491 INFO     ___FILE_ONLY___ jen-pxc-ec3ed0e9-36-cluster9
2022-11-01 14:50:46,491 INFO     ___FILE_ONLY___        
2022-11-01 14:50:46,491 INFO     ___FILE_ONLY___ us-central1-a
2022-11-01 14:50:46,491 INFO     ___FILE_ONLY___    
2022-11-01 14:50:46,491 INFO     ___FILE_ONLY___ 1.21.14-gke.7100
2022-11-01 14:50:46,491 INFO     ___FILE_ONLY___   
2022-11-01 14:50:46,491 INFO     ___FILE_ONLY___ 35.226.137.1
2022-11-01 14:50:46,491 INFO     ___FILE_ONLY___      
2022-11-01 14:50:46,491 INFO     ___FILE_ONLY___ n1-standard-4
2022-11-01 14:50:46,491 INFO     ___FILE_ONLY___   
2022-11-01 14:50:46,491 INFO     ___FILE_ONLY___ 1.21.14-gke.7100
2022-11-01 14:50:46,491 INFO     ___FILE_ONLY___     
2022-11-01 14:50:46,491 INFO     ___FILE_ONLY___ 3
2022-11-01 14:50:46,491 INFO     ___FILE_ONLY___           
2022-11-01 14:50:46,491 INFO     ___FILE_ONLY___ RUNNING
2022-11-01 14:50:46,491 INFO     ___FILE_ONLY___ 

2022-11-01 14:50:46,491 INFO     ___FILE_ONLY___ jenkins-par-psmo-9eaee58-cluster1
2022-11-01 14:50:46,491 INFO     ___FILE_ONLY___   
2022-11-01 14:50:46,491 INFO     ___FILE_ONLY___ us-central1-a
2022-11-01 14:50:46,491 INFO     ___FILE_ONLY___    
2022-11-01 14:50:46,491 INFO     ___FILE_ONLY___ 1.23.12-gke.100
2022-11-01 14:50:46,491 INFO     ___FILE_ONLY___    
2022-11-01 14:50:46,491 INFO     ___FILE_ONLY___ 35.223.112.139
2022-11-01 14:50:46,491 INFO     ___FILE_ONLY___    
2022-11-01 14:50:46,491 INFO     ___FILE_ONLY___ n1-standard-4
2022-11-01 14:50:46,491 INFO     ___FILE_ONLY___   
2022-11-01 14:50:46,491 INFO     ___FILE_ONLY___ 1.23.12-gke.100
2022-11-01 14:50:46,491 INFO     ___FILE_ONLY___      
2022-11-01 14:50:46,491 INFO     ___FILE_ONLY___ 3
2022-11-01 14:50:46,491 INFO     ___FILE_ONLY___           
2022-11-01 14:50:46,491 INFO     ___FILE_ONLY___ RUNNING
2022-11-01 14:50:46,491 INFO     ___FILE_ONLY___ 

2022-11-01 14:50:46,491 INFO     ___FILE_ONLY___ jenkins-par-psmo-9eaee58-cluster2
2022-11-01 14:50:46,491 INFO     ___FILE_ONLY___   
2022-11-01 14:50:46,491 INFO     ___FILE_ONLY___ us-central1-a
2022-11-01 14:50:46,491 INFO     ___FILE_ONLY___    
2022-11-01 14:50:46,491 INFO     ___FILE_ONLY___ 1.23.12-gke.100
2022-11-01 14:50:46,491 INFO     ___FILE_ONLY___    
2022-11-01 14:50:46,491 INFO     ___FILE_ONLY___ 35.193.165.113
2022-11-01 14:50:46,491 INFO     ___FILE_ONLY___    
2022-11-01 14:50:46,491 INFO     ___FILE_ONLY___ n1-standard-4
2022-11-01 14:50:46,491 INFO     ___FILE_ONLY___   
2022-11-01 14:50:46,491 INFO     ___FILE_ONLY___ 1.23.12-gke.100
2022-11-01 14:50:46,491 INFO     ___FILE_ONLY___                 
2022-11-01 14:50:46,491 INFO     ___FILE_ONLY___ PROVISIONING
2022-11-01 14:50:46,491 INFO     ___FILE_ONLY___ 

2022-11-01 14:50:46,491 INFO     ___FILE_ONLY___ jenkins-par-psmo-9eaee58-cluster3
2022-11-01 14:50:46,491 INFO     ___FILE_ONLY___   
2022-11-01 14:50:46,491 INFO     ___FILE_ONLY___ us-central1-a
2022-11-01 14:50:46,492 INFO     ___FILE_ONLY___    
2022-11-01 14:50:46,492 INFO     ___FILE_ONLY___ 1.23.12-gke.100
2022-11-01 14:50:46,492 INFO     ___FILE_ONLY___    
2022-11-01 14:50:46,492 INFO     ___FILE_ONLY___ 35.188.50.195
2022-11-01 14:50:46,492 INFO     ___FILE_ONLY___     
2022-11-01 14:50:46,492 INFO     ___FILE_ONLY___ n1-standard-4
2022-11-01 14:50:46,492 INFO     ___FILE_ONLY___   
2022-11-01 14:50:46,492 INFO     ___FILE_ONLY___ 1.23.12-gke.100
2022-11-01 14:50:46,492 INFO     ___FILE_ONLY___                 
2022-11-01 14:50:46,492 INFO     ___FILE_ONLY___ PROVISIONING
2022-11-01 14:50:46,492 INFO     ___FILE_ONLY___ 

2022-11-01 14:50:46,492 INFO     ___FILE_ONLY___ jenkins-psmdb-be3f752a-backups
2022-11-01 14:50:46,492 INFO     ___FILE_ONLY___      
2022-11-01 14:50:46,492 INFO     ___FILE_ONLY___ us-central1-a
2022-11-01 14:50:46,492 INFO     ___FILE_ONLY___    
2022-11-01 14:50:46,492 INFO     ___FILE_ONLY___ 1.21.14-gke.7100
2022-11-01 14:50:46,492 INFO     ___FILE_ONLY___   
2022-11-01 14:50:46,492 INFO     ___FILE_ONLY___ 35.188.95.1
2022-11-01 14:50:46,492 INFO     ___FILE_ONLY___       
2022-11-01 14:50:46,492 INFO     ___FILE_ONLY___ n1-standard-4
2022-11-01 14:50:46,492 INFO     ___FILE_ONLY___   
2022-11-01 14:50:46,492 INFO     ___FILE_ONLY___ 1.21.14-gke.7100
2022-11-01 14:50:46,492 INFO     ___FILE_ONLY___     
2022-11-01 14:50:46,492 INFO     ___FILE_ONLY___ 3
2022-11-01 14:50:46,492 INFO     ___FILE_ONLY___           
2022-11-01 14:50:46,492 INFO     ___FILE_ONLY___ RUNNING
2022-11-01 14:50:46,492 INFO     ___FILE_ONLY___ 

2022-11-01 14:50:46,492 INFO     ___FILE_ONLY___ jenkins-psmdb-be3f752a-basic
2022-11-01 14:50:46,492 INFO     ___FILE_ONLY___        
2022-11-01 14:50:46,492 INFO     ___FILE_ONLY___ us-central1-a
2022-11-01 14:50:46,492 INFO     ___FILE_ONLY___    
2022-11-01 14:50:46,492 INFO     ___FILE_ONLY___ 1.21.14-gke.7100
2022-11-01 14:50:46,492 INFO     ___FILE_ONLY___   
2022-11-01 14:50:46,492 INFO     ___FILE_ONLY___ 34.68.239.228
2022-11-01 14:50:46,492 INFO     ___FILE_ONLY___     
2022-11-01 14:50:46,492 INFO     ___FILE_ONLY___ n1-standard-4
2022-11-01 14:50:46,492 INFO     ___FILE_ONLY___   
2022-11-01 14:50:46,492 INFO     ___FILE_ONLY___ 1.21.14-gke.7100
2022-11-01 14:50:46,492 INFO     ___FILE_ONLY___     
2022-11-01 14:50:46,492 INFO     ___FILE_ONLY___ 3
2022-11-01 14:50:46,492 INFO     ___FILE_ONLY___           
2022-11-01 14:50:46,492 INFO     ___FILE_ONLY___ RUNNING
2022-11-01 14:50:46,492 INFO     ___FILE_ONLY___ 

2022-11-01 14:50:46,492 INFO     ___FILE_ONLY___ jenkins-pso-9dfa1bc-cluster1
2022-11-01 14:50:46,492 INFO     ___FILE_ONLY___        
2022-11-01 14:50:46,492 INFO     ___FILE_ONLY___ us-central1-a
2022-11-01 14:50:46,492 INFO     ___FILE_ONLY___    
2022-11-01 14:50:46,492 INFO     ___FILE_ONLY___ 1.21.14-gke.7100
2022-11-01 14:50:46,493 INFO     ___FILE_ONLY___   
2022-11-01 14:50:46,493 INFO     ___FILE_ONLY___ 34.172.120.63
2022-11-01 14:50:46,493 INFO     ___FILE_ONLY___     
2022-11-01 14:50:46,493 INFO     ___FILE_ONLY___ n1-standard-4
2022-11-01 14:50:46,493 INFO     ___FILE_ONLY___   
2022-11-01 14:50:46,493 INFO     ___FILE_ONLY___ 1.21.14-gke.7100
2022-11-01 14:50:46,493 INFO     ___FILE_ONLY___     
2022-11-01 14:50:46,493 INFO     ___FILE_ONLY___ 3
2022-11-01 14:50:46,493 INFO     ___FILE_ONLY___           
2022-11-01 14:50:46,493 INFO     ___FILE_ONLY___ RUNNING
2022-11-01 14:50:46,493 INFO     ___FILE_ONLY___ 

2022-11-01 14:50:46,493 INFO     ___FILE_ONLY___ jenkins-pso-9dfa1bc-cluster2
2022-11-01 14:50:46,493 INFO     ___FILE_ONLY___        
2022-11-01 14:50:46,493 INFO     ___FILE_ONLY___ us-central1-a
2022-11-01 14:50:46,493 INFO     ___FILE_ONLY___    
2022-11-01 14:50:46,493 INFO     ___FILE_ONLY___ 1.21.14-gke.7100
2022-11-01 14:50:46,493 INFO     ___FILE_ONLY___   
2022-11-01 14:50:46,493 INFO     ___FILE_ONLY___ 34.136.155.194
2022-11-01 14:50:46,493 INFO     ___FILE_ONLY___    
2022-11-01 14:50:46,493 INFO     ___FILE_ONLY___ n1-standard-4
2022-11-01 14:50:46,493 INFO     ___FILE_ONLY___   
2022-11-01 14:50:46,493 INFO     ___FILE_ONLY___ 1.21.14-gke.7100
2022-11-01 14:50:46,493 INFO     ___FILE_ONLY___     
2022-11-01 14:50:46,493 INFO     ___FILE_ONLY___ 3
2022-11-01 14:50:46,493 INFO     ___FILE_ONLY___           
2022-11-01 14:50:46,493 INFO     ___FILE_ONLY___ RUNNING
2022-11-01 14:50:46,493 INFO     ___FILE_ONLY___ 

2022-11-01 14:50:46,493 INFO     ___FILE_ONLY___ jenkins-pso-9dfa1bc-cluster3
2022-11-01 14:50:46,493 INFO     ___FILE_ONLY___        
2022-11-01 14:50:46,493 INFO     ___FILE_ONLY___ us-central1-a
2022-11-01 14:50:46,493 INFO     ___FILE_ONLY___    
2022-11-01 14:50:46,493 INFO     ___FILE_ONLY___ 1.21.14-gke.7100
2022-11-01 14:50:46,493 INFO     ___FILE_ONLY___   
2022-11-01 14:50:46,493 INFO     ___FILE_ONLY___ 34.134.99.29
2022-11-01 14:50:46,493 INFO     ___FILE_ONLY___      
2022-11-01 14:50:46,493 INFO     ___FILE_ONLY___ n1-standard-4
2022-11-01 14:50:46,493 INFO     ___FILE_ONLY___   
2022-11-01 14:50:46,493 INFO     ___FILE_ONLY___ 1.21.14-gke.7100
2022-11-01 14:50:46,493 INFO     ___FILE_ONLY___     
2022-11-01 14:50:46,493 INFO     ___FILE_ONLY___ 3
2022-11-01 14:50:46,493 INFO     ___FILE_ONLY___           
2022-11-01 14:50:46,493 INFO     ___FILE_ONLY___ RUNNING
2022-11-01 14:50:46,493 INFO     ___FILE_ONLY___ 

2022-11-01 14:50:46,493 INFO     ___FILE_ONLY___ plavi-121
2022-11-01 14:50:46,493 INFO     ___FILE_ONLY___                           
2022-11-01 14:50:46,493 INFO     ___FILE_ONLY___ us-central1-a
2022-11-01 14:50:46,493 INFO     ___FILE_ONLY___    
2022-11-01 14:50:46,493 INFO     ___FILE_ONLY___ 1.21.14-gke.7100
2022-11-01 14:50:46,494 INFO     ___FILE_ONLY___   
2022-11-01 14:50:46,494 INFO     ___FILE_ONLY___ 34.123.44.231
2022-11-01 14:50:46,494 INFO     ___FILE_ONLY___     
2022-11-01 14:50:46,494 INFO     ___FILE_ONLY___ n1-standard-4
2022-11-01 14:50:46,494 INFO     ___FILE_ONLY___   
2022-11-01 14:50:46,494 INFO     ___FILE_ONLY___ 1.21.14-gke.7100
2022-11-01 14:50:46,494 INFO     ___FILE_ONLY___     
2022-11-01 14:50:46,494 INFO     ___FILE_ONLY___ 3
2022-11-01 14:50:46,494 INFO     ___FILE_ONLY___           
2022-11-01 14:50:46,494 INFO     ___FILE_ONLY___ RUNNING
2022-11-01 14:50:46,494 INFO     ___FILE_ONLY___ 

2022-11-01 14:50:46,494 INFO     ___FILE_ONLY___ spronin-1337
2022-11-01 14:50:46,494 INFO     ___FILE_ONLY___                        
2022-11-01 14:50:46,494 INFO     ___FILE_ONLY___ us-central1-a
2022-11-01 14:50:46,494 INFO     ___FILE_ONLY___    
2022-11-01 14:50:46,494 INFO     ___FILE_ONLY___ 1.23.12-gke.100
2022-11-01 14:50:46,494 INFO     ___FILE_ONLY___    
2022-11-01 14:50:46,494 INFO     ___FILE_ONLY___ 104.155.155.152
2022-11-01 14:50:46,494 INFO     ___FILE_ONLY___   
2022-11-01 14:50:46,494 INFO     ___FILE_ONLY___ n1-standard-4
2022-11-01 14:50:46,494 INFO     ___FILE_ONLY___   
2022-11-01 14:50:46,494 INFO     ___FILE_ONLY___ 1.23.12-gke.100
2022-11-01 14:50:46,494 INFO     ___FILE_ONLY___      
2022-11-01 14:50:46,494 INFO     ___FILE_ONLY___ 3
2022-11-01 14:50:46,494 INFO     ___FILE_ONLY___           
2022-11-01 14:50:46,494 INFO     ___FILE_ONLY___ RUNNING
2022-11-01 14:50:46,494 INFO     ___FILE_ONLY___ 

2022-11-01 14:50:46,494 INFO     ___FILE_ONLY___ cap-666
2022-11-01 14:50:46,494 INFO     ___FILE_ONLY___                             
2022-11-01 14:50:46,494 INFO     ___FILE_ONLY___ us-central1-c
2022-11-01 14:50:46,494 INFO     ___FILE_ONLY___    
2022-11-01 14:50:46,494 INFO     ___FILE_ONLY___ 1.21.14-gke.8500
2022-11-01 14:50:46,494 INFO     ___FILE_ONLY___   
2022-11-01 14:50:46,494 INFO     ___FILE_ONLY___ 35.239.110.218
2022-11-01 14:50:46,494 INFO     ___FILE_ONLY___    
2022-11-01 14:50:46,494 INFO     ___FILE_ONLY___ n1-standard-4
2022-11-01 14:50:46,494 INFO     ___FILE_ONLY___   
2022-11-01 14:50:46,494 INFO     ___FILE_ONLY___ 1.21.14-gke.8500
2022-11-01 14:50:46,494 INFO     ___FILE_ONLY___     
2022-11-01 14:50:46,494 INFO     ___FILE_ONLY___ 3
2022-11-01 14:50:46,494 INFO     ___FILE_ONLY___           
2022-11-01 14:50:46,494 INFO     ___FILE_ONLY___ RUNNING
2022-11-01 14:50:46,494 INFO     ___FILE_ONLY___ 

2022-11-01 14:50:46,494 INFO     ___FILE_ONLY___ 
* - There is an upgrade available for your cluster(s).

To upgrade nodes to the latest available version, run
  $ gcloud container clusters upgrade NAME

2022-11-01 14:50:46,496 INFO     ___FILE_ONLY___ 

Updates are available for some Google Cloud CLI components.  To install them,
please run:
  $ gcloud components update


2022-11-01 14:50:46,503 DEBUG    root            Metrics reporting process started...
