2022-08-25 09:34:49,920 DEBUG    root            Loaded Command Group: ['gcloud', 'config']
2022-08-25 09:34:49,923 DEBUG    root            Loaded Command Group: ['gcloud', 'config', 'config_helper']
2022-08-25 09:34:49,923 DEBUG    root            Running [gcloud.config.config-helper] with arguments: [--format: "json"]
2022-08-25 09:34:49,942 DEBUG    google.auth.transport.requests Making request: POST https://oauth2.googleapis.com/token
2022-08-25 09:34:49,974 DEBUG    urllib3.connectionpool Starting new HTTPS connection (1): oauth2.googleapis.com:443
2022-08-25 09:34:50,123 DEBUG    urllib3.connectionpool https://oauth2.googleapis.com:443 "POST /token HTTP/1.1" 200 None
2022-08-25 09:34:50,130 INFO     root            Display format: "default json"
2022-08-25 09:34:50,130 INFO     ___FILE_ONLY___ {
  "configuration": {
    "active_configuration": "percona-cloud-dev",
    "properties": {
      "core": {
        "account": "inel.pandzic@percona.com",
        "disable_usage_reporting": "False",
        "project": "cloud-dev-112233"
      }
    }
  },
  "credential": {
    "access_token": "ya29.a0AVA9y1tPynTX5ZoNw9PucihRhd44EeB0ZrK-4c-jKgj87bj0ktzVqNKyMx7XM5XRi0Zqf9CxrTZOPOyCPGYsq3_dJc_2D6HOGZV6cwZRG7Rjhm5uTxR71ccRh9fQk6tKYy13eNP0TwrG7CmBQlSJRyXjka1xrwi1SWrgvnIaCgYKATASATASFQE65dr8G-wDM6fnpDfnn6p-TcOG6w0174",
    "id_token": "eyJhbGciOiJSUzI1NiIsImtpZCI6IjQwMmYzMDViNzA1ODEzMjlmZjI4OWI1YjNhNjcyODM4MDZlY2E4OTMiLCJ0eXAiOiJKV1QifQ.eyJpc3MiOiJodHRwczovL2FjY291bnRzLmdvb2dsZS5jb20iLCJhenAiOiIzMjU1NTk0MDU1OS5hcHBzLmdvb2dsZXVzZXJjb250ZW50LmNvbSIsImF1ZCI6IjMyNTU1OTQwNTU5LmFwcHMuZ29vZ2xldXNlcmNvbnRlbnQuY29tIiwic3ViIjoiMTA3NDA5ODEzMzQ0NTU5NDQzNDA3IiwiaGQiOiJwZXJjb25hLmNvbSIsImVtYWlsIjoiaW5lbC5wYW5kemljQHBlcmNvbmEuY29tIiwiZW1haWxfdmVyaWZpZWQiOnRydWUsImF0X2hhc2giOiIzNDFEV3kyd2lKdXdDemM2Y0gwYWh3IiwiaWF0IjoxNjYxNDEyODkwLCJleHAiOjE2NjE0MTY0OTB9.Gfqrn_pTi1mrQkdv9bpwO0qoFTmzXPP0n9RU9yeAgu2VodsXvNGyl7DSRnRX6u9CnQkr4YJMchzXgJX4N9_gGgg1UsJ13tFSCEk6HNPo4u5j4LB8XDJBqpFca9drdRBWAhLdD3IGJhs1ZqrWpPN6apVCf1aSud9n27kFywZP6ACrPGNuVZB1JJTBbbL3F5buvGHG9YEgwfRrKvVy4K1TGHIbf-S0c4b-johlv__s_3U4ftn1i1mj-qnA0LtHkix6YE3RkTGD0WiskJWt1f6MxUGTG0X6X4-T8F4Zxa4cZ3-XHWGsH-3KfNVD_Ue3EX-Sre16oBSBWve1Z4q1xTueVw",
    "token_expiry": "2022-08-25T08:34:49Z"
  },
  "sentinels": {
    "config_sentinel": "/Users/inelpandzic/.config/gcloud/config_sentinel"
  }
}
2022-08-25 09:34:50,130 INFO     ___FILE_ONLY___ 

2022-08-25 09:34:50,140 DEBUG    root            Metrics reporting process started...
