2022-08-25 09:44:54,025 DEBUG    root            Loaded Command Group: ['gcloud', 'container', 'clusters']
2022-08-25 09:44:54,028 DEBUG    root            Loaded Command Group: ['gcloud', 'container', 'clusters', 'list']
2022-08-25 09:44:54,047 DEBUG    root            Running [gcloud.container.clusters.list] with arguments: []
2022-08-25 09:44:54,094 DEBUG    urllib3.connectionpool Starting new HTTPS connection (1): container.googleapis.com:443
2022-08-25 09:44:54,726 DEBUG    urllib3.connectionpool https://container.googleapis.com:443 "GET /v1/projects/cloud-dev-112233/locations/-/clusters?alt=json HTTP/1.1" 200 None
2022-08-25 09:44:54,801 INFO     root            Display format: "
    table(
        name,
        zone:label=LOCATION,
        master_version():label=MASTER_VERSION,
        endpoint:label=MASTER_IP,
        nodePools[0].config.machineType,
        currentNodeVersion:label=NODE_VERSION,
        firstof(currentNodeCount,initialNodeCount):label=NUM_NODES,
        status
    )
"
2022-08-25 09:44:54,830 INFO     ___FILE_ONLY___ NAME
2022-08-25 09:44:54,830 INFO     ___FILE_ONLY___                             
2022-08-25 09:44:54,830 INFO     ___FILE_ONLY___ LOCATION
2022-08-25 09:44:54,830 INFO     ___FILE_ONLY___         
2022-08-25 09:44:54,830 INFO     ___FILE_ONLY___ MASTER_VERSION
2022-08-25 09:44:54,830 INFO     ___FILE_ONLY___      
2022-08-25 09:44:54,830 INFO     ___FILE_ONLY___ MASTER_IP
2022-08-25 09:44:54,830 INFO     ___FILE_ONLY___         
2022-08-25 09:44:54,830 INFO     ___FILE_ONLY___ MACHINE_TYPE
2022-08-25 09:44:54,830 INFO     ___FILE_ONLY___    
2022-08-25 09:44:54,830 INFO     ___FILE_ONLY___ NODE_VERSION
2022-08-25 09:44:54,830 INFO     ___FILE_ONLY___          
2022-08-25 09:44:54,830 INFO     ___FILE_ONLY___ NUM_NODES
2022-08-25 09:44:54,830 INFO     ___FILE_ONLY___   
2022-08-25 09:44:54,830 INFO     ___FILE_ONLY___ STATUS
2022-08-25 09:44:54,830 INFO     ___FILE_ONLY___ 

2022-08-25 09:44:54,830 INFO     ___FILE_ONLY___ ondrei-24064
2022-08-25 09:44:54,830 INFO     ___FILE_ONLY___                     
2022-08-25 09:44:54,830 INFO     ___FILE_ONLY___ europe-west1-c
2022-08-25 09:44:54,830 INFO     ___FILE_ONLY___   
2022-08-25 09:44:54,830 INFO     ___FILE_ONLY___ 1.21.13-gke.900
2022-08-25 09:44:54,831 INFO     ___FILE_ONLY___     
2022-08-25 09:44:54,831 INFO     ___FILE_ONLY___ 130.211.97.60
2022-08-25 09:44:54,831 INFO     ___FILE_ONLY___     
2022-08-25 09:44:54,831 INFO     ___FILE_ONLY___ n1-standard-4
2022-08-25 09:44:54,831 INFO     ___FILE_ONLY___   
2022-08-25 09:44:54,831 INFO     ___FILE_ONLY___ 1.20.15-gke.13400 *
2022-08-25 09:44:54,831 INFO     ___FILE_ONLY___   
2022-08-25 09:44:54,831 INFO     ___FILE_ONLY___ 3
2022-08-25 09:44:54,831 INFO     ___FILE_ONLY___           
2022-08-25 09:44:54,831 INFO     ___FILE_ONLY___ RUNNING
2022-08-25 09:44:54,831 INFO     ___FILE_ONLY___ 

2022-08-25 09:44:54,831 INFO     ___FILE_ONLY___ plavi-1222
2022-08-25 09:44:54,831 INFO     ___FILE_ONLY___                       
2022-08-25 09:44:54,831 INFO     ___FILE_ONLY___ europe-west2-c
2022-08-25 09:44:54,831 INFO     ___FILE_ONLY___   
2022-08-25 09:44:54,831 INFO     ___FILE_ONLY___ 1.22.12-gke.1200
2022-08-25 09:44:54,831 INFO     ___FILE_ONLY___    
2022-08-25 09:44:54,831 INFO     ___FILE_ONLY___ 35.246.73.19
2022-08-25 09:44:54,831 INFO     ___FILE_ONLY___      
2022-08-25 09:44:54,831 INFO     ___FILE_ONLY___ n1-standard-4
2022-08-25 09:44:54,831 INFO     ___FILE_ONLY___   
2022-08-25 09:44:54,831 INFO     ___FILE_ONLY___ 1.22.12-gke.1200
2022-08-25 09:44:54,831 INFO     ___FILE_ONLY___      
2022-08-25 09:44:54,831 INFO     ___FILE_ONLY___ 3
2022-08-25 09:44:54,831 INFO     ___FILE_ONLY___           
2022-08-25 09:44:54,831 INFO     ___FILE_ONLY___ RUNNING
2022-08-25 09:44:54,831 INFO     ___FILE_ONLY___ 

2022-08-25 09:44:54,831 INFO     ___FILE_ONLY___ ege-15984
2022-08-25 09:44:54,831 INFO     ___FILE_ONLY___                        
2022-08-25 09:44:54,831 INFO     ___FILE_ONLY___ europe-west3
2022-08-25 09:44:54,831 INFO     ___FILE_ONLY___     
2022-08-25 09:44:54,831 INFO     ___FILE_ONLY___ 1.24.3-gke.900
2022-08-25 09:44:54,831 INFO     ___FILE_ONLY___      
2022-08-25 09:44:54,831 INFO     ___FILE_ONLY___ 35.234.89.1
2022-08-25 09:44:54,831 INFO     ___FILE_ONLY___       
2022-08-25 09:44:54,831 INFO     ___FILE_ONLY___ n1-standard-4
2022-08-25 09:44:54,831 INFO     ___FILE_ONLY___   
2022-08-25 09:44:54,831 INFO     ___FILE_ONLY___ 1.24.3-gke.900
2022-08-25 09:44:54,831 INFO     ___FILE_ONLY___        
2022-08-25 09:44:54,831 INFO     ___FILE_ONLY___ 3
2022-08-25 09:44:54,831 INFO     ___FILE_ONLY___           
2022-08-25 09:44:54,832 INFO     ___FILE_ONLY___ RUNNING
2022-08-25 09:44:54,832 INFO     ___FILE_ONLY___ 

2022-08-25 09:44:54,832 INFO     ___FILE_ONLY___ ege-7367
2022-08-25 09:44:54,832 INFO     ___FILE_ONLY___                         
2022-08-25 09:44:54,832 INFO     ___FILE_ONLY___ europe-west3
2022-08-25 09:44:54,832 INFO     ___FILE_ONLY___     
2022-08-25 09:44:54,832 INFO     ___FILE_ONLY___ 1.24.2-gke.1900
2022-08-25 09:44:54,832 INFO     ___FILE_ONLY___     
2022-08-25 09:44:54,832 INFO     ___FILE_ONLY___ 34.159.211.234
2022-08-25 09:44:54,832 INFO     ___FILE_ONLY___    
2022-08-25 09:44:54,832 INFO     ___FILE_ONLY___ n1-standard-4
2022-08-25 09:44:54,832 INFO     ___FILE_ONLY___   
2022-08-25 09:44:54,832 INFO     ___FILE_ONLY___ 1.24.2-gke.1900
2022-08-25 09:44:54,832 INFO     ___FILE_ONLY___       
2022-08-25 09:44:54,832 INFO     ___FILE_ONLY___ 3
2022-08-25 09:44:54,832 INFO     ___FILE_ONLY___           
2022-08-25 09:44:54,832 INFO     ___FILE_ONLY___ RUNNING
2022-08-25 09:44:54,832 INFO     ___FILE_ONLY___ 

2022-08-25 09:44:54,832 INFO     ___FILE_ONLY___ slava-pxc
2022-08-25 09:44:54,832 INFO     ___FILE_ONLY___                        
2022-08-25 09:44:54,832 INFO     ___FILE_ONLY___ europe-west3-a
2022-08-25 09:44:54,832 INFO     ___FILE_ONLY___   
2022-08-25 09:44:54,832 INFO     ___FILE_ONLY___ 1.20.15-gke.13400
2022-08-25 09:44:54,832 INFO     ___FILE_ONLY___   
2022-08-25 09:44:54,832 INFO     ___FILE_ONLY___ 34.159.70.237
2022-08-25 09:44:54,832 INFO     ___FILE_ONLY___     
2022-08-25 09:44:54,832 INFO     ___FILE_ONLY___ n1-standard-4
2022-08-25 09:44:54,832 INFO     ___FILE_ONLY___   
2022-08-25 09:44:54,832 INFO     ___FILE_ONLY___ 1.20.15-gke.13400
2022-08-25 09:44:54,832 INFO     ___FILE_ONLY___     
2022-08-25 09:44:54,832 INFO     ___FILE_ONLY___ 3
2022-08-25 09:44:54,832 INFO     ___FILE_ONLY___           
2022-08-25 09:44:54,832 INFO     ___FILE_ONLY___ RUNNING
2022-08-25 09:44:54,832 INFO     ___FILE_ONLY___ 

2022-08-25 09:44:54,832 INFO     ___FILE_ONLY___ dmitriy-27668
2022-08-25 09:44:54,832 INFO     ___FILE_ONLY___                    
2022-08-25 09:44:54,832 INFO     ___FILE_ONLY___ europe-west3-b
2022-08-25 09:44:54,832 INFO     ___FILE_ONLY___   
2022-08-25 09:44:54,832 INFO     ___FILE_ONLY___ 1.22.12-gke.500
2022-08-25 09:44:54,832 INFO     ___FILE_ONLY___     
2022-08-25 09:44:54,832 INFO     ___FILE_ONLY___ 34.141.112.81
2022-08-25 09:44:54,832 INFO     ___FILE_ONLY___     
2022-08-25 09:44:54,832 INFO     ___FILE_ONLY___ n1-standard-4
2022-08-25 09:44:54,833 INFO     ___FILE_ONLY___   
2022-08-25 09:44:54,833 INFO     ___FILE_ONLY___ 1.22.12-gke.500
2022-08-25 09:44:54,833 INFO     ___FILE_ONLY___       
2022-08-25 09:44:54,833 INFO     ___FILE_ONLY___ 3
2022-08-25 09:44:54,833 INFO     ___FILE_ONLY___           
2022-08-25 09:44:54,833 INFO     ___FILE_ONLY___ RUNNING
2022-08-25 09:44:54,833 INFO     ___FILE_ONLY___ 

2022-08-25 09:44:54,833 INFO     ___FILE_ONLY___ inel-31176
2022-08-25 09:44:54,833 INFO     ___FILE_ONLY___                       
2022-08-25 09:44:54,833 INFO     ___FILE_ONLY___ europe-west3-b
2022-08-25 09:44:54,833 INFO     ___FILE_ONLY___   
2022-08-25 09:44:54,833 INFO     ___FILE_ONLY___ 1.21.14-gke.2700
2022-08-25 09:44:54,833 INFO     ___FILE_ONLY___    
2022-08-25 09:44:54,833 INFO     ___FILE_ONLY___ 35.234.83.8
2022-08-25 09:44:54,833 INFO     ___FILE_ONLY___       
2022-08-25 09:44:54,833 INFO     ___FILE_ONLY___ n1-standard-4
2022-08-25 09:44:54,833 INFO     ___FILE_ONLY___   
2022-08-25 09:44:54,833 INFO     ___FILE_ONLY___ 1.21.14-gke.2700
2022-08-25 09:44:54,833 INFO     ___FILE_ONLY___      
2022-08-25 09:44:54,833 INFO     ___FILE_ONLY___ 3
2022-08-25 09:44:54,833 INFO     ___FILE_ONLY___           
2022-08-25 09:44:54,833 INFO     ___FILE_ONLY___ RUNNING
2022-08-25 09:44:54,833 INFO     ___FILE_ONLY___ 

2022-08-25 09:44:54,833 INFO     ___FILE_ONLY___ max-30844
2022-08-25 09:44:54,833 INFO     ___FILE_ONLY___                        
2022-08-25 09:44:54,833 INFO     ___FILE_ONLY___ europe-west3-b
2022-08-25 09:44:54,833 INFO     ___FILE_ONLY___   
2022-08-25 09:44:54,833 INFO     ___FILE_ONLY___ 1.21.13-gke.900
2022-08-25 09:44:54,833 INFO     ___FILE_ONLY___     
2022-08-25 09:44:54,833 INFO     ___FILE_ONLY___ 35.246.193.17
2022-08-25 09:44:54,833 INFO     ___FILE_ONLY___     
2022-08-25 09:44:54,833 INFO     ___FILE_ONLY___ n1-standard-4
2022-08-25 09:44:54,833 INFO     ___FILE_ONLY___   
2022-08-25 09:44:54,833 INFO     ___FILE_ONLY___ 1.21.13-gke.900
2022-08-25 09:44:54,833 INFO     ___FILE_ONLY___       
2022-08-25 09:44:54,833 INFO     ___FILE_ONLY___ 3
2022-08-25 09:44:54,833 INFO     ___FILE_ONLY___           
2022-08-25 09:44:54,833 INFO     ___FILE_ONLY___ RUNNING
2022-08-25 09:44:54,833 INFO     ___FILE_ONLY___ 

2022-08-25 09:44:54,833 INFO     ___FILE_ONLY___ natali-22-test
2022-08-25 09:44:54,834 INFO     ___FILE_ONLY___                   
2022-08-25 09:44:54,834 INFO     ___FILE_ONLY___ europe-west3-b
2022-08-25 09:44:54,834 INFO     ___FILE_ONLY___   
2022-08-25 09:44:54,834 INFO     ___FILE_ONLY___ 1.22.12-gke.1200
2022-08-25 09:44:54,834 INFO     ___FILE_ONLY___    
2022-08-25 09:44:54,834 INFO     ___FILE_ONLY___ 35.198.73.235
2022-08-25 09:44:54,834 INFO     ___FILE_ONLY___     
2022-08-25 09:44:54,834 INFO     ___FILE_ONLY___ n1-standard-4
2022-08-25 09:44:54,834 INFO     ___FILE_ONLY___   
2022-08-25 09:44:54,834 INFO     ___FILE_ONLY___ 1.22.12-gke.1200
2022-08-25 09:44:54,834 INFO     ___FILE_ONLY___      
2022-08-25 09:44:54,834 INFO     ___FILE_ONLY___ 3
2022-08-25 09:44:54,834 INFO     ___FILE_ONLY___           
2022-08-25 09:44:54,834 INFO     ___FILE_ONLY___ RUNNING
2022-08-25 09:44:54,834 INFO     ___FILE_ONLY___ 

2022-08-25 09:44:54,834 INFO     ___FILE_ONLY___ jenkins-psmdb-25486159-basic
2022-08-25 09:44:54,834 INFO     ___FILE_ONLY___     
2022-08-25 09:44:54,834 INFO     ___FILE_ONLY___ us-central1-a
2022-08-25 09:44:54,834 INFO     ___FILE_ONLY___    
2022-08-25 09:44:54,834 INFO     ___FILE_ONLY___ 1.21.14-gke.2700
2022-08-25 09:44:54,834 INFO     ___FILE_ONLY___    
2022-08-25 09:44:54,834 INFO     ___FILE_ONLY___ 34.170.49.34
2022-08-25 09:44:54,834 INFO     ___FILE_ONLY___      
2022-08-25 09:44:54,834 INFO     ___FILE_ONLY___ n1-standard-4
2022-08-25 09:44:54,834 INFO     ___FILE_ONLY___   
2022-08-25 09:44:54,834 INFO     ___FILE_ONLY___ 1.21.14-gke.2700
2022-08-25 09:44:54,834 INFO     ___FILE_ONLY___      
2022-08-25 09:44:54,834 INFO     ___FILE_ONLY___ 3
2022-08-25 09:44:54,834 INFO     ___FILE_ONLY___           
2022-08-25 09:44:54,834 INFO     ___FILE_ONLY___ RUNNING
2022-08-25 09:44:54,834 INFO     ___FILE_ONLY___ 

2022-08-25 09:44:54,834 INFO     ___FILE_ONLY___ jenkins-psmdb-baa33f52-backups
2022-08-25 09:44:54,834 INFO     ___FILE_ONLY___   
2022-08-25 09:44:54,834 INFO     ___FILE_ONLY___ us-central1-a
2022-08-25 09:44:54,834 INFO     ___FILE_ONLY___    
2022-08-25 09:44:54,834 INFO     ___FILE_ONLY___ 1.21.14-gke.2100
2022-08-25 09:44:54,834 INFO     ___FILE_ONLY___    
2022-08-25 09:44:54,834 INFO     ___FILE_ONLY___ 35.225.69.238
2022-08-25 09:44:54,834 INFO     ___FILE_ONLY___     
2022-08-25 09:44:54,834 INFO     ___FILE_ONLY___ n1-standard-4
2022-08-25 09:44:54,834 INFO     ___FILE_ONLY___   
2022-08-25 09:44:54,834 INFO     ___FILE_ONLY___ 1.21.14-gke.2100
2022-08-25 09:44:54,834 INFO     ___FILE_ONLY___      
2022-08-25 09:44:54,834 INFO     ___FILE_ONLY___ 3
2022-08-25 09:44:54,834 INFO     ___FILE_ONLY___           
2022-08-25 09:44:54,834 INFO     ___FILE_ONLY___ RUNNING
2022-08-25 09:44:54,834 INFO     ___FILE_ONLY___ 

2022-08-25 09:44:54,835 INFO     ___FILE_ONLY___ jenkins-psmdb-d297c7fe-backups
2022-08-25 09:44:54,835 INFO     ___FILE_ONLY___   
2022-08-25 09:44:54,835 INFO     ___FILE_ONLY___ us-central1-a
2022-08-25 09:44:54,835 INFO     ___FILE_ONLY___    
2022-08-25 09:44:54,835 INFO     ___FILE_ONLY___ 1.21.14-gke.2700
2022-08-25 09:44:54,835 INFO     ___FILE_ONLY___    
2022-08-25 09:44:54,835 INFO     ___FILE_ONLY___ 34.71.190.146
2022-08-25 09:44:54,835 INFO     ___FILE_ONLY___     
2022-08-25 09:44:54,835 INFO     ___FILE_ONLY___ n1-standard-4
2022-08-25 09:44:54,835 INFO     ___FILE_ONLY___   
2022-08-25 09:44:54,835 INFO     ___FILE_ONLY___ 1.21.14-gke.2700
2022-08-25 09:44:54,835 INFO     ___FILE_ONLY___      
2022-08-25 09:44:54,835 INFO     ___FILE_ONLY___ 3
2022-08-25 09:44:54,835 INFO     ___FILE_ONLY___           
2022-08-25 09:44:54,835 INFO     ___FILE_ONLY___ RUNNING
2022-08-25 09:44:54,835 INFO     ___FILE_ONLY___ 

2022-08-25 09:44:54,835 INFO     ___FILE_ONLY___ jenkins-psmdb-f4f9e27f-backups
2022-08-25 09:44:54,835 INFO     ___FILE_ONLY___   
2022-08-25 09:44:54,835 INFO     ___FILE_ONLY___ us-central1-a
2022-08-25 09:44:54,835 INFO     ___FILE_ONLY___    
2022-08-25 09:44:54,835 INFO     ___FILE_ONLY___ 1.21.14-gke.2700
2022-08-25 09:44:54,835 INFO     ___FILE_ONLY___    
2022-08-25 09:44:54,835 INFO     ___FILE_ONLY___ 104.197.30.205
2022-08-25 09:44:54,835 INFO     ___FILE_ONLY___    
2022-08-25 09:44:54,835 INFO     ___FILE_ONLY___ n1-standard-4
2022-08-25 09:44:54,835 INFO     ___FILE_ONLY___   
2022-08-25 09:44:54,835 INFO     ___FILE_ONLY___ 1.21.14-gke.2700
2022-08-25 09:44:54,835 INFO     ___FILE_ONLY___      
2022-08-25 09:44:54,835 INFO     ___FILE_ONLY___ 3
2022-08-25 09:44:54,835 INFO     ___FILE_ONLY___           
2022-08-25 09:44:54,835 INFO     ___FILE_ONLY___ RUNNING
2022-08-25 09:44:54,835 INFO     ___FILE_ONLY___ 

2022-08-25 09:44:54,835 INFO     ___FILE_ONLY___ jenkins-psmdb-f4f9e27f-basic
2022-08-25 09:44:54,835 INFO     ___FILE_ONLY___     
2022-08-25 09:44:54,835 INFO     ___FILE_ONLY___ us-central1-a
2022-08-25 09:44:54,835 INFO     ___FILE_ONLY___    
2022-08-25 09:44:54,835 INFO     ___FILE_ONLY___ 1.21.14-gke.2700
2022-08-25 09:44:54,835 INFO     ___FILE_ONLY___    
2022-08-25 09:44:54,835 INFO     ___FILE_ONLY___ 34.70.41.223
2022-08-25 09:44:54,835 INFO     ___FILE_ONLY___      
2022-08-25 09:44:54,835 INFO     ___FILE_ONLY___ n1-standard-4
2022-08-25 09:44:54,835 INFO     ___FILE_ONLY___   
2022-08-25 09:44:54,835 INFO     ___FILE_ONLY___ 1.21.14-gke.2700
2022-08-25 09:44:54,835 INFO     ___FILE_ONLY___      
2022-08-25 09:44:54,835 INFO     ___FILE_ONLY___ 3
2022-08-25 09:44:54,835 INFO     ___FILE_ONLY___           
2022-08-25 09:44:54,835 INFO     ___FILE_ONLY___ RUNNING
2022-08-25 09:44:54,835 INFO     ___FILE_ONLY___ 

2022-08-25 09:44:54,835 INFO     ___FILE_ONLY___ jenkins-pso-ebb0371-cluster1
2022-08-25 09:44:54,836 INFO     ___FILE_ONLY___     
2022-08-25 09:44:54,836 INFO     ___FILE_ONLY___ us-central1-a
2022-08-25 09:44:54,836 INFO     ___FILE_ONLY___    
2022-08-25 09:44:54,836 INFO     ___FILE_ONLY___ 1.21.14-gke.2700
2022-08-25 09:44:54,836 INFO     ___FILE_ONLY___    
2022-08-25 09:44:54,836 INFO     ___FILE_ONLY___ 34.122.57.184
2022-08-25 09:44:54,836 INFO     ___FILE_ONLY___     
2022-08-25 09:44:54,836 INFO     ___FILE_ONLY___ n1-standard-4
2022-08-25 09:44:54,836 INFO     ___FILE_ONLY___   
2022-08-25 09:44:54,836 INFO     ___FILE_ONLY___ 1.21.14-gke.2700
2022-08-25 09:44:54,836 INFO     ___FILE_ONLY___      
2022-08-25 09:44:54,836 INFO     ___FILE_ONLY___ 3
2022-08-25 09:44:54,836 INFO     ___FILE_ONLY___           
2022-08-25 09:44:54,836 INFO     ___FILE_ONLY___ RUNNING
2022-08-25 09:44:54,836 INFO     ___FILE_ONLY___ 

2022-08-25 09:44:54,836 INFO     ___FILE_ONLY___ jenkins-pso-ebb0371-cluster2
2022-08-25 09:44:54,836 INFO     ___FILE_ONLY___     
2022-08-25 09:44:54,836 INFO     ___FILE_ONLY___ us-central1-a
2022-08-25 09:44:54,836 INFO     ___FILE_ONLY___    
2022-08-25 09:44:54,836 INFO     ___FILE_ONLY___ 1.21.14-gke.2700
2022-08-25 09:44:54,836 INFO     ___FILE_ONLY___    
2022-08-25 09:44:54,836 INFO     ___FILE_ONLY___ 34.136.32.167
2022-08-25 09:44:54,836 INFO     ___FILE_ONLY___     
2022-08-25 09:44:54,836 INFO     ___FILE_ONLY___ n1-standard-4
2022-08-25 09:44:54,836 INFO     ___FILE_ONLY___   
2022-08-25 09:44:54,836 INFO     ___FILE_ONLY___ 1.21.14-gke.2700
2022-08-25 09:44:54,836 INFO     ___FILE_ONLY___      
2022-08-25 09:44:54,836 INFO     ___FILE_ONLY___ 3
2022-08-25 09:44:54,836 INFO     ___FILE_ONLY___           
2022-08-25 09:44:54,836 INFO     ___FILE_ONLY___ RUNNING
2022-08-25 09:44:54,836 INFO     ___FILE_ONLY___ 

2022-08-25 09:44:54,836 INFO     ___FILE_ONLY___ jenkins-pso-ebb0371-cluster3
2022-08-25 09:44:54,836 INFO     ___FILE_ONLY___     
2022-08-25 09:44:54,836 INFO     ___FILE_ONLY___ us-central1-a
2022-08-25 09:44:54,836 INFO     ___FILE_ONLY___    
2022-08-25 09:44:54,836 INFO     ___FILE_ONLY___ 1.21.14-gke.2700
2022-08-25 09:44:54,836 INFO     ___FILE_ONLY___    
2022-08-25 09:44:54,836 INFO     ___FILE_ONLY___ 34.173.92.195
2022-08-25 09:44:54,836 INFO     ___FILE_ONLY___     
2022-08-25 09:44:54,836 INFO     ___FILE_ONLY___ n1-standard-4
2022-08-25 09:44:54,836 INFO     ___FILE_ONLY___   
2022-08-25 09:44:54,836 INFO     ___FILE_ONLY___ 1.21.14-gke.2700
2022-08-25 09:44:54,836 INFO     ___FILE_ONLY___      
2022-08-25 09:44:54,836 INFO     ___FILE_ONLY___ 3
2022-08-25 09:44:54,836 INFO     ___FILE_ONLY___           
2022-08-25 09:44:54,836 INFO     ___FILE_ONLY___ RUNNING
2022-08-25 09:44:54,836 INFO     ___FILE_ONLY___ 

2022-08-25 09:44:54,836 INFO     ___FILE_ONLY___ jenkins-pxc-1bc86877-basic
2022-08-25 09:44:54,837 INFO     ___FILE_ONLY___       
2022-08-25 09:44:54,837 INFO     ___FILE_ONLY___ us-central1-a
2022-08-25 09:44:54,837 INFO     ___FILE_ONLY___    
2022-08-25 09:44:54,837 INFO     ___FILE_ONLY___ 1.20.15-gke.13400
2022-08-25 09:44:54,837 INFO     ___FILE_ONLY___   
2022-08-25 09:44:54,837 INFO     ___FILE_ONLY___ 34.121.94.76
2022-08-25 09:44:54,837 INFO     ___FILE_ONLY___      
2022-08-25 09:44:54,837 INFO     ___FILE_ONLY___ n1-standard-4
2022-08-25 09:44:54,837 INFO     ___FILE_ONLY___   
2022-08-25 09:44:54,837 INFO     ___FILE_ONLY___ 1.20.15-gke.13400
2022-08-25 09:44:54,837 INFO     ___FILE_ONLY___     
2022-08-25 09:44:54,837 INFO     ___FILE_ONLY___ 3
2022-08-25 09:44:54,837 INFO     ___FILE_ONLY___           
2022-08-25 09:44:54,837 INFO     ___FILE_ONLY___ RUNNING
2022-08-25 09:44:54,837 INFO     ___FILE_ONLY___ 

2022-08-25 09:44:54,837 INFO     ___FILE_ONLY___ jenkins-pxc-1bc86877-scaling
2022-08-25 09:44:54,837 INFO     ___FILE_ONLY___     
2022-08-25 09:44:54,837 INFO     ___FILE_ONLY___ us-central1-a
2022-08-25 09:44:54,837 INFO     ___FILE_ONLY___    
2022-08-25 09:44:54,837 INFO     ___FILE_ONLY___ 1.20.15-gke.13400
2022-08-25 09:44:54,837 INFO     ___FILE_ONLY___   
2022-08-25 09:44:54,837 INFO     ___FILE_ONLY___ 104.197.191.233
2022-08-25 09:44:54,837 INFO     ___FILE_ONLY___   
2022-08-25 09:44:54,837 INFO     ___FILE_ONLY___ n1-standard-4
2022-08-25 09:44:54,837 INFO     ___FILE_ONLY___   
2022-08-25 09:44:54,837 INFO     ___FILE_ONLY___ 1.20.15-gke.13400
2022-08-25 09:44:54,837 INFO     ___FILE_ONLY___     
2022-08-25 09:44:54,837 INFO     ___FILE_ONLY___ 3
2022-08-25 09:44:54,837 INFO     ___FILE_ONLY___           
2022-08-25 09:44:54,837 INFO     ___FILE_ONLY___ RUNNING
2022-08-25 09:44:54,837 INFO     ___FILE_ONLY___ 

2022-08-25 09:44:54,837 INFO     ___FILE_ONLY___ jenkins-pxc-1bc86877-upgrade
2022-08-25 09:44:54,837 INFO     ___FILE_ONLY___     
2022-08-25 09:44:54,837 INFO     ___FILE_ONLY___ us-central1-a
2022-08-25 09:44:54,837 INFO     ___FILE_ONLY___    
2022-08-25 09:44:54,837 INFO     ___FILE_ONLY___ 1.20.15-gke.13400
2022-08-25 09:44:54,837 INFO     ___FILE_ONLY___   
2022-08-25 09:44:54,837 INFO     ___FILE_ONLY___ 104.154.255.228
2022-08-25 09:44:54,837 INFO     ___FILE_ONLY___   
2022-08-25 09:44:54,837 INFO     ___FILE_ONLY___ n1-standard-4
2022-08-25 09:44:54,837 INFO     ___FILE_ONLY___   
2022-08-25 09:44:54,837 INFO     ___FILE_ONLY___ 1.20.15-gke.13400
2022-08-25 09:44:54,837 INFO     ___FILE_ONLY___     
2022-08-25 09:44:54,837 INFO     ___FILE_ONLY___ 3
2022-08-25 09:44:54,837 INFO     ___FILE_ONLY___           
2022-08-25 09:44:54,837 INFO     ___FILE_ONLY___ RUNNING
2022-08-25 09:44:54,837 INFO     ___FILE_ONLY___ 

2022-08-25 09:44:54,837 INFO     ___FILE_ONLY___ jenkins-pxc-60a10b01-basic
2022-08-25 09:44:54,838 INFO     ___FILE_ONLY___       
2022-08-25 09:44:54,838 INFO     ___FILE_ONLY___ us-central1-a
2022-08-25 09:44:54,838 INFO     ___FILE_ONLY___    
2022-08-25 09:44:54,838 INFO     ___FILE_ONLY___ 1.20.15-gke.13400
2022-08-25 09:44:54,838 INFO     ___FILE_ONLY___   
2022-08-25 09:44:54,838 INFO     ___FILE_ONLY___ 35.222.71.213
2022-08-25 09:44:54,838 INFO     ___FILE_ONLY___     
2022-08-25 09:44:54,838 INFO     ___FILE_ONLY___ n1-standard-4
2022-08-25 09:44:54,838 INFO     ___FILE_ONLY___   
2022-08-25 09:44:54,838 INFO     ___FILE_ONLY___ 1.20.15-gke.13400
2022-08-25 09:44:54,838 INFO     ___FILE_ONLY___     
2022-08-25 09:44:54,838 INFO     ___FILE_ONLY___ 3
2022-08-25 09:44:54,838 INFO     ___FILE_ONLY___           
2022-08-25 09:44:54,838 INFO     ___FILE_ONLY___ RUNNING
2022-08-25 09:44:54,838 INFO     ___FILE_ONLY___ 

2022-08-25 09:44:54,838 INFO     ___FILE_ONLY___ cap-666
2022-08-25 09:44:54,838 INFO     ___FILE_ONLY___                          
2022-08-25 09:44:54,838 INFO     ___FILE_ONLY___ us-central1-c
2022-08-25 09:44:54,838 INFO     ___FILE_ONLY___    
2022-08-25 09:44:54,838 INFO     ___FILE_ONLY___ 1.24.2-gke.1900
2022-08-25 09:44:54,838 INFO     ___FILE_ONLY___     
2022-08-25 09:44:54,838 INFO     ___FILE_ONLY___ 35.202.25.100
2022-08-25 09:44:54,838 INFO     ___FILE_ONLY___     
2022-08-25 09:44:54,838 INFO     ___FILE_ONLY___ n1-standard-4
2022-08-25 09:44:54,838 INFO     ___FILE_ONLY___   
2022-08-25 09:44:54,838 INFO     ___FILE_ONLY___ 1.24.2-gke.1900
2022-08-25 09:44:54,838 INFO     ___FILE_ONLY___       
2022-08-25 09:44:54,838 INFO     ___FILE_ONLY___ 3
2022-08-25 09:44:54,838 INFO     ___FILE_ONLY___           
2022-08-25 09:44:54,838 INFO     ___FILE_ONLY___ RUNNING
2022-08-25 09:44:54,838 INFO     ___FILE_ONLY___ 

2022-08-25 09:44:54,838 INFO     ___FILE_ONLY___ jenkins-pgo-33d56110-sandbox
2022-08-25 09:44:54,838 INFO     ___FILE_ONLY___     
2022-08-25 09:44:54,838 INFO     ___FILE_ONLY___ us-central1-c
2022-08-25 09:44:54,838 INFO     ___FILE_ONLY___    
2022-08-25 09:44:54,838 INFO     ___FILE_ONLY___ 1.21.13-gke.900
2022-08-25 09:44:54,838 INFO     ___FILE_ONLY___     
2022-08-25 09:44:54,838 INFO     ___FILE_ONLY___ 35.223.49.23
2022-08-25 09:44:54,838 INFO     ___FILE_ONLY___      
2022-08-25 09:44:54,838 INFO     ___FILE_ONLY___ n1-standard-4
2022-08-25 09:44:54,838 INFO     ___FILE_ONLY___   
2022-08-25 09:44:54,838 INFO     ___FILE_ONLY___ 1.21.13-gke.900
2022-08-25 09:44:54,838 INFO     ___FILE_ONLY___       
2022-08-25 09:44:54,838 INFO     ___FILE_ONLY___ 3
2022-08-25 09:44:54,838 INFO     ___FILE_ONLY___           
2022-08-25 09:44:54,838 INFO     ___FILE_ONLY___ RUNNING
2022-08-25 09:44:54,838 INFO     ___FILE_ONLY___ 

2022-08-25 09:44:54,838 INFO     ___FILE_ONLY___ 
* - There is an upgrade available for your cluster(s).

To upgrade nodes to the latest available version, run
  $ gcloud container clusters upgrade NAME

2022-08-25 09:44:54,847 DEBUG    root            Metrics reporting process started...
