2022-08-25 10:45:15,222 DEBUG    root            Loaded Command Group: ['gcloud', 'config']
2022-08-25 10:45:15,224 DEBUG    root            Loaded Command Group: ['gcloud', 'config', 'config_helper']
2022-08-25 10:45:15,225 DEBUG    root            Running [gcloud.config.config-helper] with arguments: [--format: "json"]
2022-08-25 10:45:15,236 DEBUG    google.auth.transport.requests Making request: POST https://oauth2.googleapis.com/token
2022-08-25 10:45:15,247 DEBUG    urllib3.connectionpool Starting new HTTPS connection (1): oauth2.googleapis.com:443
2022-08-25 10:45:15,394 DEBUG    urllib3.connectionpool https://oauth2.googleapis.com:443 "POST /token HTTP/1.1" 200 None
2022-08-25 10:45:15,402 INFO     root            Display format: "default json"
2022-08-25 10:45:15,402 INFO     ___FILE_ONLY___ {
  "configuration": {
    "active_configuration": "percona-cloud-dev",
    "properties": {
      "core": {
        "account": "inel.pandzic@percona.com",
        "disable_usage_reporting": "False",
        "project": "cloud-dev-112233"
      }
    }
  },
  "credential": {
    "access_token": "ya29.a0AVA9y1sRiyavVMAGVXSIM2JdoBXUyRyT8TaLHiohtpSjavLzK25JfmBPZbH7fdndPefmCfSHlrWgkK7H72nNlL8R9Wu2NBEh3O9sWZbM9oZp_OpXUhXOYd1ehKMFCLT6wzqDmnyjzJGKoVOjt6Uw3uxtX07MRirwlAop9k0aCgYKATASATASFQE65dr8bXlvP-8hFun6d-JwMdASWQ0174",
    "id_token": "eyJhbGciOiJSUzI1NiIsImtpZCI6IjQwMmYzMDViNzA1ODEzMjlmZjI4OWI1YjNhNjcyODM4MDZlY2E4OTMiLCJ0eXAiOiJKV1QifQ.eyJpc3MiOiJodHRwczovL2FjY291bnRzLmdvb2dsZS5jb20iLCJhenAiOiIzMjU1NTk0MDU1OS5hcHBzLmdvb2dsZXVzZXJjb250ZW50LmNvbSIsImF1ZCI6IjMyNTU1OTQwNTU5LmFwcHMuZ29vZ2xldXNlcmNvbnRlbnQuY29tIiwic3ViIjoiMTA3NDA5ODEzMzQ0NTU5NDQzNDA3IiwiaGQiOiJwZXJjb25hLmNvbSIsImVtYWlsIjoiaW5lbC5wYW5kemljQHBlcmNvbmEuY29tIiwiZW1haWxfdmVyaWZpZWQiOnRydWUsImF0X2hhc2giOiJLMUFWV0JGYk5wWUlJa3d1UW5kemNBIiwiaWF0IjoxNjYxNDE3MTE1LCJleHAiOjE2NjE0MjA3MTV9.ZMRvodM98yUxKYc-XnHQXXZDv8VfQhT2pra-r6Ua6wCBWlVsueVl6NFZJkKknjxOK9I-L34utQL20WyZRDBrpq4OfuJYXKF0c8PkvdDsVulbgfzuvVJJrk-0vTr3RjnTdeXgAgIROvWVffQ4GSOTdNPO0_r_5JRO99OBf2y9c_1AwOAE3JzJndg0FX6T-UXKytqMeC0PIfC0XqPo_UodQRrR-4udqL2Cr04OQH_abfGvwcT2nVwh_L16WkfeDUvVHNKfvRL9OgLDWQPLtv79C8AnZCuhs8e_04dYuwecEMdlwQz9uNm9U1V-5fmdH5se1zuCI_JqPJOKpF3zkItC0A",
    "token_expiry": "2022-08-25T09:45:14Z"
  },
  "sentinels": {
    "config_sentinel": "/Users/inelpandzic/.config/gcloud/config_sentinel"
  }
}
2022-08-25 10:45:15,402 INFO     ___FILE_ONLY___ 

2022-08-25 10:45:15,411 DEBUG    root            Metrics reporting process started...
