2023-07-04 08:25:50,076 DEBUG    root            Loaded Command Group: ['gcloud', 'container', 'clusters']
2023-07-04 08:25:50,082 DEBUG    root            Loaded Command Group: ['gcloud', 'container', 'clusters', 'create']
2023-07-04 08:25:50,122 DEBUG    google.auth.transport.requests Making request: POST https://oauth2.googleapis.com/token
2023-07-04 08:25:50,143 DEBUG    urllib3.connectionpool Starting new HTTPS connection (1): oauth2.googleapis.com:443
2023-07-04 08:25:50,349 DEBUG    urllib3.connectionpool https://oauth2.googleapis.com:443 "POST /token HTTP/1.1" 200 None
2023-07-04 08:25:50,379 DEBUG    root            Running [gcloud.container.clusters.create] with arguments: [--cluster-version: "1.25", --disk-size: "32212254720", --labels: "OrderedDict([('delete-cluster-after-hours', '10')])", --machine-type: "n1-standard-4", --no-enable-autoupgrade: "False", --num-nodes: "3", --preemptible: "True", --zone: "europe-west3-b", NAME: "inel-29756"]
2023-07-04 08:25:50,388 INFO     ___FILE_ONLY___ Default change: VPC-native is the default mode during cluster creation for versions greater than 1.21.0-gke.1500. To create advanced routes based clusters, please pass the `--no-enable-ip-alias` flag

2023-07-04 08:25:50,388 INFO     ___FILE_ONLY___ Default change: During creation of nodepools or autoscaling configuration changes for cluster versions greater than 1.24.1-gke.800 a default location policy is applied. For Spot and PVM it defaults to ANY, and for all other VM kinds a BALANCED policy is used. To change the default values use the `--location-policy` flag.

2023-07-04 08:25:50,389 INFO     ___FILE_ONLY___ Note: Your Pod address range (`--cluster-ipv4-cidr`) can accommodate at most 1008 node(s).

2023-07-04 08:25:50,444 DEBUG    urllib3.connectionpool Starting new HTTPS connection (1): container.googleapis.com:443
2023-07-04 08:25:57,094 DEBUG    urllib3.connectionpool https://container.googleapis.com:443 "POST /v1/projects/cloud-dev-112233/locations/europe-west3-b/clusters?alt=json HTTP/1.1" 200 None
2023-07-04 08:25:57,096 INFO     ___FILE_ONLY___ Creating cluster inel-29756 in europe-west3-b...
2023-07-04 08:25:57,098 DEBUG    urllib3.connectionpool Starting new HTTPS connection (1): container.googleapis.com:443
2023-07-04 08:25:57,316 DEBUG    urllib3.connectionpool https://container.googleapis.com:443 "GET /v1/projects/cloud-dev-112233/locations/europe-west3-b/operations/operation-1688451957117-416b248d-dd1a-4dc9-bcd1-a06f6f53a3be?alt=json HTTP/1.1" 200 None
2023-07-04 08:26:02,326 DEBUG    urllib3.connectionpool Starting new HTTPS connection (1): container.googleapis.com:443
2023-07-04 08:26:02,539 DEBUG    urllib3.connectionpool https://container.googleapis.com:443 "GET /v1/projects/cloud-dev-112233/locations/europe-west3-b/operations/operation-1688451957117-416b248d-dd1a-4dc9-bcd1-a06f6f53a3be?alt=json HTTP/1.1" 200 None
2023-07-04 08:26:07,548 DEBUG    urllib3.connectionpool Starting new HTTPS connection (1): container.googleapis.com:443
2023-07-04 08:26:07,780 DEBUG    urllib3.connectionpool https://container.googleapis.com:443 "GET /v1/projects/cloud-dev-112233/locations/europe-west3-b/operations/operation-1688451957117-416b248d-dd1a-4dc9-bcd1-a06f6f53a3be?alt=json HTTP/1.1" 200 None
2023-07-04 08:26:12,787 DEBUG    urllib3.connectionpool Starting new HTTPS connection (1): container.googleapis.com:443
2023-07-04 08:26:13,050 DEBUG    urllib3.connectionpool https://container.googleapis.com:443 "GET /v1/projects/cloud-dev-112233/locations/europe-west3-b/operations/operation-1688451957117-416b248d-dd1a-4dc9-bcd1-a06f6f53a3be?alt=json HTTP/1.1" 200 None
2023-07-04 08:26:18,062 DEBUG    urllib3.connectionpool Starting new HTTPS connection (1): container.googleapis.com:443
2023-07-04 08:26:18,313 DEBUG    urllib3.connectionpool https://container.googleapis.com:443 "GET /v1/projects/cloud-dev-112233/locations/europe-west3-b/operations/operation-1688451957117-416b248d-dd1a-4dc9-bcd1-a06f6f53a3be?alt=json HTTP/1.1" 200 None
2023-07-04 08:26:23,321 DEBUG    urllib3.connectionpool Starting new HTTPS connection (1): container.googleapis.com:443
2023-07-04 08:26:23,568 DEBUG    urllib3.connectionpool https://container.googleapis.com:443 "GET /v1/projects/cloud-dev-112233/locations/europe-west3-b/operations/operation-1688451957117-416b248d-dd1a-4dc9-bcd1-a06f6f53a3be?alt=json HTTP/1.1" 200 None
2023-07-04 08:26:28,578 DEBUG    urllib3.connectionpool Starting new HTTPS connection (1): container.googleapis.com:443
2023-07-04 08:26:28,795 DEBUG    urllib3.connectionpool https://container.googleapis.com:443 "GET /v1/projects/cloud-dev-112233/locations/europe-west3-b/operations/operation-1688451957117-416b248d-dd1a-4dc9-bcd1-a06f6f53a3be?alt=json HTTP/1.1" 200 None
2023-07-04 08:26:33,815 DEBUG    urllib3.connectionpool Starting new HTTPS connection (1): container.googleapis.com:443
2023-07-04 08:26:34,030 DEBUG    urllib3.connectionpool https://container.googleapis.com:443 "GET /v1/projects/cloud-dev-112233/locations/europe-west3-b/operations/operation-1688451957117-416b248d-dd1a-4dc9-bcd1-a06f6f53a3be?alt=json HTTP/1.1" 200 None
2023-07-04 08:26:39,039 DEBUG    urllib3.connectionpool Starting new HTTPS connection (1): container.googleapis.com:443
2023-07-04 08:26:39,270 DEBUG    urllib3.connectionpool https://container.googleapis.com:443 "GET /v1/projects/cloud-dev-112233/locations/europe-west3-b/operations/operation-1688451957117-416b248d-dd1a-4dc9-bcd1-a06f6f53a3be?alt=json HTTP/1.1" 200 None
2023-07-04 08:26:44,276 DEBUG    urllib3.connectionpool Starting new HTTPS connection (1): container.googleapis.com:443
2023-07-04 08:26:44,627 DEBUG    urllib3.connectionpool https://container.googleapis.com:443 "GET /v1/projects/cloud-dev-112233/locations/europe-west3-b/operations/operation-1688451957117-416b248d-dd1a-4dc9-bcd1-a06f6f53a3be?alt=json HTTP/1.1" 200 None
2023-07-04 08:26:49,637 DEBUG    urllib3.connectionpool Starting new HTTPS connection (1): container.googleapis.com:443
2023-07-04 08:26:49,916 DEBUG    urllib3.connectionpool https://container.googleapis.com:443 "GET /v1/projects/cloud-dev-112233/locations/europe-west3-b/operations/operation-1688451957117-416b248d-dd1a-4dc9-bcd1-a06f6f53a3be?alt=json HTTP/1.1" 200 None
2023-07-04 08:26:54,927 DEBUG    urllib3.connectionpool Starting new HTTPS connection (1): container.googleapis.com:443
2023-07-04 08:26:55,173 DEBUG    urllib3.connectionpool https://container.googleapis.com:443 "GET /v1/projects/cloud-dev-112233/locations/europe-west3-b/operations/operation-1688451957117-416b248d-dd1a-4dc9-bcd1-a06f6f53a3be?alt=json HTTP/1.1" 200 None
2023-07-04 08:27:00,185 DEBUG    urllib3.connectionpool Starting new HTTPS connection (1): container.googleapis.com:443
2023-07-04 08:27:00,493 DEBUG    urllib3.connectionpool https://container.googleapis.com:443 "GET /v1/projects/cloud-dev-112233/locations/europe-west3-b/operations/operation-1688451957117-416b248d-dd1a-4dc9-bcd1-a06f6f53a3be?alt=json HTTP/1.1" 200 None
2023-07-04 08:27:05,504 DEBUG    urllib3.connectionpool Starting new HTTPS connection (1): container.googleapis.com:443
2023-07-04 08:27:05,746 DEBUG    urllib3.connectionpool https://container.googleapis.com:443 "GET /v1/projects/cloud-dev-112233/locations/europe-west3-b/operations/operation-1688451957117-416b248d-dd1a-4dc9-bcd1-a06f6f53a3be?alt=json HTTP/1.1" 200 None
2023-07-04 08:27:10,759 DEBUG    urllib3.connectionpool Starting new HTTPS connection (1): container.googleapis.com:443
2023-07-04 08:27:10,970 DEBUG    urllib3.connectionpool https://container.googleapis.com:443 "GET /v1/projects/cloud-dev-112233/locations/europe-west3-b/operations/operation-1688451957117-416b248d-dd1a-4dc9-bcd1-a06f6f53a3be?alt=json HTTP/1.1" 200 None
2023-07-04 08:27:15,981 DEBUG    urllib3.connectionpool Starting new HTTPS connection (1): container.googleapis.com:443
2023-07-04 08:27:16,204 DEBUG    urllib3.connectionpool https://container.googleapis.com:443 "GET /v1/projects/cloud-dev-112233/locations/europe-west3-b/operations/operation-1688451957117-416b248d-dd1a-4dc9-bcd1-a06f6f53a3be?alt=json HTTP/1.1" 200 None
2023-07-04 08:27:21,219 DEBUG    urllib3.connectionpool Starting new HTTPS connection (1): container.googleapis.com:443
2023-07-04 08:27:21,447 DEBUG    urllib3.connectionpool https://container.googleapis.com:443 "GET /v1/projects/cloud-dev-112233/locations/europe-west3-b/operations/operation-1688451957117-416b248d-dd1a-4dc9-bcd1-a06f6f53a3be?alt=json HTTP/1.1" 200 None
2023-07-04 08:27:26,459 DEBUG    urllib3.connectionpool Starting new HTTPS connection (1): container.googleapis.com:443
2023-07-04 08:27:26,709 DEBUG    urllib3.connectionpool https://container.googleapis.com:443 "GET /v1/projects/cloud-dev-112233/locations/europe-west3-b/operations/operation-1688451957117-416b248d-dd1a-4dc9-bcd1-a06f6f53a3be?alt=json HTTP/1.1" 200 None
2023-07-04 08:27:31,726 DEBUG    urllib3.connectionpool Starting new HTTPS connection (1): container.googleapis.com:443
2023-07-04 08:27:31,929 DEBUG    urllib3.connectionpool https://container.googleapis.com:443 "GET /v1/projects/cloud-dev-112233/locations/europe-west3-b/operations/operation-1688451957117-416b248d-dd1a-4dc9-bcd1-a06f6f53a3be?alt=json HTTP/1.1" 200 None
2023-07-04 08:27:36,949 DEBUG    urllib3.connectionpool Starting new HTTPS connection (1): container.googleapis.com:443
2023-07-04 08:27:37,174 DEBUG    urllib3.connectionpool https://container.googleapis.com:443 "GET /v1/projects/cloud-dev-112233/locations/europe-west3-b/operations/operation-1688451957117-416b248d-dd1a-4dc9-bcd1-a06f6f53a3be?alt=json HTTP/1.1" 200 None
2023-07-04 08:27:42,185 DEBUG    urllib3.connectionpool Starting new HTTPS connection (1): container.googleapis.com:443
2023-07-04 08:27:42,424 DEBUG    urllib3.connectionpool https://container.googleapis.com:443 "GET /v1/projects/cloud-dev-112233/locations/europe-west3-b/operations/operation-1688451957117-416b248d-dd1a-4dc9-bcd1-a06f6f53a3be?alt=json HTTP/1.1" 200 None
2023-07-04 08:27:47,436 DEBUG    urllib3.connectionpool Starting new HTTPS connection (1): container.googleapis.com:443
2023-07-04 08:27:47,690 DEBUG    urllib3.connectionpool https://container.googleapis.com:443 "GET /v1/projects/cloud-dev-112233/locations/europe-west3-b/operations/operation-1688451957117-416b248d-dd1a-4dc9-bcd1-a06f6f53a3be?alt=json HTTP/1.1" 200 None
2023-07-04 08:27:52,704 DEBUG    urllib3.connectionpool Starting new HTTPS connection (1): container.googleapis.com:443
2023-07-04 08:27:52,947 DEBUG    urllib3.connectionpool https://container.googleapis.com:443 "GET /v1/projects/cloud-dev-112233/locations/europe-west3-b/operations/operation-1688451957117-416b248d-dd1a-4dc9-bcd1-a06f6f53a3be?alt=json HTTP/1.1" 200 None
2023-07-04 08:27:57,957 DEBUG    urllib3.connectionpool Starting new HTTPS connection (1): container.googleapis.com:443
2023-07-04 08:27:58,191 DEBUG    urllib3.connectionpool https://container.googleapis.com:443 "GET /v1/projects/cloud-dev-112233/locations/europe-west3-b/operations/operation-1688451957117-416b248d-dd1a-4dc9-bcd1-a06f6f53a3be?alt=json HTTP/1.1" 200 None
2023-07-04 08:28:03,204 DEBUG    urllib3.connectionpool Starting new HTTPS connection (1): container.googleapis.com:443
2023-07-04 08:28:03,493 DEBUG    urllib3.connectionpool https://container.googleapis.com:443 "GET /v1/projects/cloud-dev-112233/locations/europe-west3-b/operations/operation-1688451957117-416b248d-dd1a-4dc9-bcd1-a06f6f53a3be?alt=json HTTP/1.1" 200 None
2023-07-04 08:28:08,505 DEBUG    urllib3.connectionpool Starting new HTTPS connection (1): container.googleapis.com:443
2023-07-04 08:28:08,743 DEBUG    urllib3.connectionpool https://container.googleapis.com:443 "GET /v1/projects/cloud-dev-112233/locations/europe-west3-b/operations/operation-1688451957117-416b248d-dd1a-4dc9-bcd1-a06f6f53a3be?alt=json HTTP/1.1" 200 None
2023-07-04 08:28:13,767 DEBUG    urllib3.connectionpool Starting new HTTPS connection (1): container.googleapis.com:443
2023-07-04 08:28:14,032 DEBUG    urllib3.connectionpool https://container.googleapis.com:443 "GET /v1/projects/cloud-dev-112233/locations/europe-west3-b/operations/operation-1688451957117-416b248d-dd1a-4dc9-bcd1-a06f6f53a3be?alt=json HTTP/1.1" 200 None
2023-07-04 08:28:19,041 DEBUG    urllib3.connectionpool Starting new HTTPS connection (1): container.googleapis.com:443
2023-07-04 08:28:19,258 DEBUG    urllib3.connectionpool https://container.googleapis.com:443 "GET /v1/projects/cloud-dev-112233/locations/europe-west3-b/operations/operation-1688451957117-416b248d-dd1a-4dc9-bcd1-a06f6f53a3be?alt=json HTTP/1.1" 200 None
2023-07-04 08:28:24,280 DEBUG    urllib3.connectionpool Starting new HTTPS connection (1): container.googleapis.com:443
2023-07-04 08:28:24,512 DEBUG    urllib3.connectionpool https://container.googleapis.com:443 "GET /v1/projects/cloud-dev-112233/locations/europe-west3-b/operations/operation-1688451957117-416b248d-dd1a-4dc9-bcd1-a06f6f53a3be?alt=json HTTP/1.1" 200 None
2023-07-04 08:28:29,527 DEBUG    urllib3.connectionpool Starting new HTTPS connection (1): container.googleapis.com:443
2023-07-04 08:28:29,770 DEBUG    urllib3.connectionpool https://container.googleapis.com:443 "GET /v1/projects/cloud-dev-112233/locations/europe-west3-b/operations/operation-1688451957117-416b248d-dd1a-4dc9-bcd1-a06f6f53a3be?alt=json HTTP/1.1" 200 None
2023-07-04 08:28:34,787 DEBUG    urllib3.connectionpool Starting new HTTPS connection (1): container.googleapis.com:443
2023-07-04 08:28:35,023 DEBUG    urllib3.connectionpool https://container.googleapis.com:443 "GET /v1/projects/cloud-dev-112233/locations/europe-west3-b/operations/operation-1688451957117-416b248d-dd1a-4dc9-bcd1-a06f6f53a3be?alt=json HTTP/1.1" 200 None
2023-07-04 08:28:40,044 DEBUG    urllib3.connectionpool Starting new HTTPS connection (1): container.googleapis.com:443
2023-07-04 08:28:40,273 DEBUG    urllib3.connectionpool https://container.googleapis.com:443 "GET /v1/projects/cloud-dev-112233/locations/europe-west3-b/operations/operation-1688451957117-416b248d-dd1a-4dc9-bcd1-a06f6f53a3be?alt=json HTTP/1.1" 200 None
2023-07-04 08:28:45,285 DEBUG    urllib3.connectionpool Starting new HTTPS connection (1): container.googleapis.com:443
2023-07-04 08:28:45,488 DEBUG    urllib3.connectionpool https://container.googleapis.com:443 "GET /v1/projects/cloud-dev-112233/locations/europe-west3-b/operations/operation-1688451957117-416b248d-dd1a-4dc9-bcd1-a06f6f53a3be?alt=json HTTP/1.1" 200 None
2023-07-04 08:28:50,501 DEBUG    urllib3.connectionpool Starting new HTTPS connection (1): container.googleapis.com:443
2023-07-04 08:28:50,718 DEBUG    urllib3.connectionpool https://container.googleapis.com:443 "GET /v1/projects/cloud-dev-112233/locations/europe-west3-b/operations/operation-1688451957117-416b248d-dd1a-4dc9-bcd1-a06f6f53a3be?alt=json HTTP/1.1" 200 None
2023-07-04 08:28:55,726 DEBUG    urllib3.connectionpool Starting new HTTPS connection (1): container.googleapis.com:443
2023-07-04 08:28:55,940 DEBUG    urllib3.connectionpool https://container.googleapis.com:443 "GET /v1/projects/cloud-dev-112233/locations/europe-west3-b/operations/operation-1688451957117-416b248d-dd1a-4dc9-bcd1-a06f6f53a3be?alt=json HTTP/1.1" 200 None
2023-07-04 08:29:00,951 DEBUG    urllib3.connectionpool Starting new HTTPS connection (1): container.googleapis.com:443
2023-07-04 08:29:01,172 DEBUG    urllib3.connectionpool https://container.googleapis.com:443 "GET /v1/projects/cloud-dev-112233/locations/europe-west3-b/operations/operation-1688451957117-416b248d-dd1a-4dc9-bcd1-a06f6f53a3be?alt=json HTTP/1.1" 200 None
2023-07-04 08:29:06,182 DEBUG    urllib3.connectionpool Starting new HTTPS connection (1): container.googleapis.com:443
2023-07-04 08:29:06,392 DEBUG    urllib3.connectionpool https://container.googleapis.com:443 "GET /v1/projects/cloud-dev-112233/locations/europe-west3-b/operations/operation-1688451957117-416b248d-dd1a-4dc9-bcd1-a06f6f53a3be?alt=json HTTP/1.1" 200 None
2023-07-04 08:29:11,410 DEBUG    urllib3.connectionpool Starting new HTTPS connection (1): container.googleapis.com:443
2023-07-04 08:29:11,609 DEBUG    urllib3.connectionpool https://container.googleapis.com:443 "GET /v1/projects/cloud-dev-112233/locations/europe-west3-b/operations/operation-1688451957117-416b248d-dd1a-4dc9-bcd1-a06f6f53a3be?alt=json HTTP/1.1" 200 None
2023-07-04 08:29:16,619 DEBUG    urllib3.connectionpool Starting new HTTPS connection (1): container.googleapis.com:443
2023-07-04 08:29:16,897 DEBUG    urllib3.connectionpool https://container.googleapis.com:443 "GET /v1/projects/cloud-dev-112233/locations/europe-west3-b/operations/operation-1688451957117-416b248d-dd1a-4dc9-bcd1-a06f6f53a3be?alt=json HTTP/1.1" 200 None
2023-07-04 08:29:21,906 DEBUG    urllib3.connectionpool Starting new HTTPS connection (1): container.googleapis.com:443
2023-07-04 08:29:22,126 DEBUG    urllib3.connectionpool https://container.googleapis.com:443 "GET /v1/projects/cloud-dev-112233/locations/europe-west3-b/operations/operation-1688451957117-416b248d-dd1a-4dc9-bcd1-a06f6f53a3be?alt=json HTTP/1.1" 200 None
2023-07-04 08:29:27,134 DEBUG    urllib3.connectionpool Starting new HTTPS connection (1): container.googleapis.com:443
2023-07-04 08:29:27,321 DEBUG    urllib3.connectionpool https://container.googleapis.com:443 "GET /v1/projects/cloud-dev-112233/locations/europe-west3-b/operations/operation-1688451957117-416b248d-dd1a-4dc9-bcd1-a06f6f53a3be?alt=json HTTP/1.1" 200 None
2023-07-04 08:29:32,337 DEBUG    urllib3.connectionpool Starting new HTTPS connection (1): container.googleapis.com:443
2023-07-04 08:29:32,595 DEBUG    urllib3.connectionpool https://container.googleapis.com:443 "GET /v1/projects/cloud-dev-112233/locations/europe-west3-b/operations/operation-1688451957117-416b248d-dd1a-4dc9-bcd1-a06f6f53a3be?alt=json HTTP/1.1" 200 None
2023-07-04 08:29:37,599 DEBUG    urllib3.connectionpool Starting new HTTPS connection (1): container.googleapis.com:443
2023-07-04 08:29:37,810 DEBUG    urllib3.connectionpool https://container.googleapis.com:443 "GET /v1/projects/cloud-dev-112233/locations/europe-west3-b/operations/operation-1688451957117-416b248d-dd1a-4dc9-bcd1-a06f6f53a3be?alt=json HTTP/1.1" 200 None
2023-07-04 08:29:42,834 DEBUG    urllib3.connectionpool Starting new HTTPS connection (1): container.googleapis.com:443
2023-07-04 08:29:43,081 DEBUG    urllib3.connectionpool https://container.googleapis.com:443 "GET /v1/projects/cloud-dev-112233/locations/europe-west3-b/operations/operation-1688451957117-416b248d-dd1a-4dc9-bcd1-a06f6f53a3be?alt=json HTTP/1.1" 200 None
2023-07-04 08:29:48,092 DEBUG    urllib3.connectionpool Starting new HTTPS connection (1): container.googleapis.com:443
2023-07-04 08:29:48,334 DEBUG    urllib3.connectionpool https://container.googleapis.com:443 "GET /v1/projects/cloud-dev-112233/locations/europe-west3-b/operations/operation-1688451957117-416b248d-dd1a-4dc9-bcd1-a06f6f53a3be?alt=json HTTP/1.1" 200 None
2023-07-04 08:29:53,338 DEBUG    urllib3.connectionpool Starting new HTTPS connection (1): container.googleapis.com:443
2023-07-04 08:29:53,545 DEBUG    urllib3.connectionpool https://container.googleapis.com:443 "GET /v1/projects/cloud-dev-112233/locations/europe-west3-b/operations/operation-1688451957117-416b248d-dd1a-4dc9-bcd1-a06f6f53a3be?alt=json HTTP/1.1" 200 None
2023-07-04 08:29:58,553 DEBUG    urllib3.connectionpool Starting new HTTPS connection (1): container.googleapis.com:443
2023-07-04 08:29:58,765 DEBUG    urllib3.connectionpool https://container.googleapis.com:443 "GET /v1/projects/cloud-dev-112233/locations/europe-west3-b/operations/operation-1688451957117-416b248d-dd1a-4dc9-bcd1-a06f6f53a3be?alt=json HTTP/1.1" 200 None
2023-07-04 08:30:03,773 DEBUG    urllib3.connectionpool Starting new HTTPS connection (1): container.googleapis.com:443
2023-07-04 08:30:04,065 DEBUG    urllib3.connectionpool https://container.googleapis.com:443 "GET /v1/projects/cloud-dev-112233/locations/europe-west3-b/operations/operation-1688451957117-416b248d-dd1a-4dc9-bcd1-a06f6f53a3be?alt=json HTTP/1.1" 200 None
2023-07-04 08:30:09,071 DEBUG    urllib3.connectionpool Starting new HTTPS connection (1): container.googleapis.com:443
2023-07-04 08:30:09,283 DEBUG    urllib3.connectionpool https://container.googleapis.com:443 "GET /v1/projects/cloud-dev-112233/locations/europe-west3-b/operations/operation-1688451957117-416b248d-dd1a-4dc9-bcd1-a06f6f53a3be?alt=json HTTP/1.1" 200 None
2023-07-04 08:30:14,292 DEBUG    urllib3.connectionpool Starting new HTTPS connection (1): container.googleapis.com:443
2023-07-04 08:30:14,487 DEBUG    urllib3.connectionpool https://container.googleapis.com:443 "GET /v1/projects/cloud-dev-112233/locations/europe-west3-b/operations/operation-1688451957117-416b248d-dd1a-4dc9-bcd1-a06f6f53a3be?alt=json HTTP/1.1" 200 None
2023-07-04 08:30:19,502 DEBUG    urllib3.connectionpool Starting new HTTPS connection (1): container.googleapis.com:443
2023-07-04 08:30:19,740 DEBUG    urllib3.connectionpool https://container.googleapis.com:443 "GET /v1/projects/cloud-dev-112233/locations/europe-west3-b/operations/operation-1688451957117-416b248d-dd1a-4dc9-bcd1-a06f6f53a3be?alt=json HTTP/1.1" 200 None
2023-07-04 08:30:24,749 DEBUG    urllib3.connectionpool Starting new HTTPS connection (1): container.googleapis.com:443
2023-07-04 08:30:25,088 DEBUG    urllib3.connectionpool https://container.googleapis.com:443 "GET /v1/projects/cloud-dev-112233/locations/europe-west3-b/operations/operation-1688451957117-416b248d-dd1a-4dc9-bcd1-a06f6f53a3be?alt=json HTTP/1.1" 200 None
2023-07-04 08:30:30,097 DEBUG    urllib3.connectionpool Starting new HTTPS connection (1): container.googleapis.com:443
2023-07-04 08:30:30,341 DEBUG    urllib3.connectionpool https://container.googleapis.com:443 "GET /v1/projects/cloud-dev-112233/locations/europe-west3-b/operations/operation-1688451957117-416b248d-dd1a-4dc9-bcd1-a06f6f53a3be?alt=json HTTP/1.1" 200 None
2023-07-04 08:30:35,352 DEBUG    urllib3.connectionpool Starting new HTTPS connection (1): container.googleapis.com:443
2023-07-04 08:30:35,592 DEBUG    urllib3.connectionpool https://container.googleapis.com:443 "GET /v1/projects/cloud-dev-112233/locations/europe-west3-b/operations/operation-1688451957117-416b248d-dd1a-4dc9-bcd1-a06f6f53a3be?alt=json HTTP/1.1" 200 None
2023-07-04 08:30:40,597 DEBUG    urllib3.connectionpool Starting new HTTPS connection (1): container.googleapis.com:443
2023-07-04 08:30:40,812 DEBUG    urllib3.connectionpool https://container.googleapis.com:443 "GET /v1/projects/cloud-dev-112233/locations/europe-west3-b/operations/operation-1688451957117-416b248d-dd1a-4dc9-bcd1-a06f6f53a3be?alt=json HTTP/1.1" 200 None
2023-07-04 08:30:45,817 DEBUG    urllib3.connectionpool Starting new HTTPS connection (1): container.googleapis.com:443
2023-07-04 08:30:46,039 DEBUG    urllib3.connectionpool https://container.googleapis.com:443 "GET /v1/projects/cloud-dev-112233/locations/europe-west3-b/operations/operation-1688451957117-416b248d-dd1a-4dc9-bcd1-a06f6f53a3be?alt=json HTTP/1.1" 200 None
2023-07-04 08:30:51,060 DEBUG    urllib3.connectionpool Starting new HTTPS connection (1): container.googleapis.com:443
2023-07-04 08:30:51,290 DEBUG    urllib3.connectionpool https://container.googleapis.com:443 "GET /v1/projects/cloud-dev-112233/locations/europe-west3-b/operations/operation-1688451957117-416b248d-dd1a-4dc9-bcd1-a06f6f53a3be?alt=json HTTP/1.1" 200 None
2023-07-04 08:30:56,299 DEBUG    urllib3.connectionpool Starting new HTTPS connection (1): container.googleapis.com:443
2023-07-04 08:30:56,509 DEBUG    urllib3.connectionpool https://container.googleapis.com:443 "GET /v1/projects/cloud-dev-112233/locations/europe-west3-b/operations/operation-1688451957117-416b248d-dd1a-4dc9-bcd1-a06f6f53a3be?alt=json HTTP/1.1" 200 None
2023-07-04 08:31:01,514 DEBUG    urllib3.connectionpool Starting new HTTPS connection (1): container.googleapis.com:443
2023-07-04 08:31:02,045 DEBUG    urllib3.connectionpool https://container.googleapis.com:443 "GET /v1/projects/cloud-dev-112233/locations/europe-west3-b/operations/operation-1688451957117-416b248d-dd1a-4dc9-bcd1-a06f6f53a3be?alt=json HTTP/1.1" 200 None
2023-07-04 08:31:07,058 DEBUG    urllib3.connectionpool Starting new HTTPS connection (1): container.googleapis.com:443
2023-07-04 08:31:07,372 DEBUG    urllib3.connectionpool https://container.googleapis.com:443 "GET /v1/projects/cloud-dev-112233/locations/europe-west3-b/operations/operation-1688451957117-416b248d-dd1a-4dc9-bcd1-a06f6f53a3be?alt=json HTTP/1.1" 200 None
2023-07-04 08:31:12,393 DEBUG    urllib3.connectionpool Starting new HTTPS connection (1): container.googleapis.com:443
2023-07-04 08:31:12,638 DEBUG    urllib3.connectionpool https://container.googleapis.com:443 "GET /v1/projects/cloud-dev-112233/locations/europe-west3-b/operations/operation-1688451957117-416b248d-dd1a-4dc9-bcd1-a06f6f53a3be?alt=json HTTP/1.1" 200 None
2023-07-04 08:31:17,652 DEBUG    urllib3.connectionpool Starting new HTTPS connection (1): container.googleapis.com:443
2023-07-04 08:31:17,933 DEBUG    urllib3.connectionpool https://container.googleapis.com:443 "GET /v1/projects/cloud-dev-112233/locations/europe-west3-b/operations/operation-1688451957117-416b248d-dd1a-4dc9-bcd1-a06f6f53a3be?alt=json HTTP/1.1" 200 None
2023-07-04 08:31:22,947 DEBUG    urllib3.connectionpool Starting new HTTPS connection (1): container.googleapis.com:443
2023-07-04 08:31:23,162 DEBUG    urllib3.connectionpool https://container.googleapis.com:443 "GET /v1/projects/cloud-dev-112233/locations/europe-west3-b/operations/operation-1688451957117-416b248d-dd1a-4dc9-bcd1-a06f6f53a3be?alt=json HTTP/1.1" 200 None
2023-07-04 08:31:28,178 DEBUG    urllib3.connectionpool Starting new HTTPS connection (1): container.googleapis.com:443
2023-07-04 08:31:28,415 DEBUG    urllib3.connectionpool https://container.googleapis.com:443 "GET /v1/projects/cloud-dev-112233/locations/europe-west3-b/operations/operation-1688451957117-416b248d-dd1a-4dc9-bcd1-a06f6f53a3be?alt=json HTTP/1.1" 200 None
2023-07-04 08:31:33,452 DEBUG    urllib3.connectionpool Starting new HTTPS connection (1): container.googleapis.com:443
2023-07-04 08:31:33,706 DEBUG    urllib3.connectionpool https://container.googleapis.com:443 "GET /v1/projects/cloud-dev-112233/locations/europe-west3-b/operations/operation-1688451957117-416b248d-dd1a-4dc9-bcd1-a06f6f53a3be?alt=json HTTP/1.1" 200 None
2023-07-04 08:31:33,710 INFO     root            Operation <Operation
 clusterConditions: []
 endTime: '2023-07-04T06:31:28.948554802Z'
 name: 'operation-1688451957117-416b248d-dd1a-4dc9-bcd1-a06f6f53a3be'
 nodepoolConditions: []
 operationType: OperationTypeValueValuesEnum(CREATE_CLUSTER, 1)
 progress: <OperationProgress
 metrics: [<Metric
 intValue: 9
 name: 'CLUSTER_CONFIGURING'>, <Metric
 intValue: 9
 name: 'CLUSTER_CONFIGURING_TOTAL'>, <Metric
 intValue: 12
 name: 'CLUSTER_DEPLOYING'>, <Metric
 intValue: 12
 name: 'CLUSTER_DEPLOYING_TOTAL'>, <Metric
 intValue: 1
 name: 'CLUSTER_HEALTHCHECKING'>, <Metric
 intValue: 2
 name: 'CLUSTER_HEALTHCHECKING_TOTAL'>]
 stages: []>
 selfLink: 'https://container.googleapis.com/v1/projects/166042509722/zones/europe-west3-b/operations/operation-1688451957117-416b248d-dd1a-4dc9-bcd1-a06f6f53a3be'
 startTime: '2023-07-04T06:25:57.117064469Z'
 status: StatusValueValuesEnum(DONE, 3)
 targetLink: 'https://container.googleapis.com/v1/projects/166042509722/zones/europe-west3-b/clusters/inel-29756'
 zone: 'europe-west3-b'> succeeded after 336.614 seconds
2023-07-04 08:31:33,751 DEBUG    urllib3.connectionpool Starting new HTTPS connection (1): container.googleapis.com:443
2023-07-04 08:31:34,160 DEBUG    urllib3.connectionpool https://container.googleapis.com:443 "GET /v1/projects/cloud-dev-112233/locations/europe-west3-b/clusters/inel-29756?alt=json HTTP/1.1" 200 None
2023-07-04 08:31:34,188 INFO     ___FILE_ONLY___ Created [https://container.googleapis.com/v1/projects/cloud-dev-112233/zones/europe-west3-b/clusters/inel-29756].

2023-07-04 08:31:34,188 INFO     ___FILE_ONLY___ To inspect the contents of your cluster, go to: https://console.cloud.google.com/kubernetes/workload_/gcloud/europe-west3-b/inel-29756?project=cloud-dev-112233

2023-07-04 08:31:34,793 DEBUG    root            Saved kubeconfig to /Users/inelpandzic/.kube/config
2023-07-04 08:31:34,794 INFO     ___FILE_ONLY___ kubeconfig entry generated for inel-29756.

2023-07-04 08:31:34,795 DEBUG    root            Chosen display Format:
    table(
        name,
        zone:label=LOCATION,
        master_version():label=MASTER_VERSION,
        endpoint:label=MASTER_IP,
        nodePools[0].config.machineType,
        currentNodeVersion:label=NODE_VERSION,
        firstof(currentNodeCount,initialNodeCount):label=NUM_NODES,
        status
    )

2023-07-04 08:31:34,797 INFO     root            Display format: "
    table(
        name,
        zone:label=LOCATION,
        master_version():label=MASTER_VERSION,
        endpoint:label=MASTER_IP,
        nodePools[0].config.machineType,
        currentNodeVersion:label=NODE_VERSION,
        firstof(currentNodeCount,initialNodeCount):label=NUM_NODES,
        status
    )
"
2023-07-04 08:31:34,800 INFO     ___FILE_ONLY___ NAME
2023-07-04 08:31:34,800 INFO     ___FILE_ONLY___         
2023-07-04 08:31:34,800 INFO     ___FILE_ONLY___ LOCATION
2023-07-04 08:31:34,800 INFO     ___FILE_ONLY___         
2023-07-04 08:31:34,800 INFO     ___FILE_ONLY___ MASTER_VERSION
2023-07-04 08:31:34,800 INFO     ___FILE_ONLY___     
2023-07-04 08:31:34,800 INFO     ___FILE_ONLY___ MASTER_IP
2023-07-04 08:31:34,800 INFO     ___FILE_ONLY___      
2023-07-04 08:31:34,800 INFO     ___FILE_ONLY___ MACHINE_TYPE
2023-07-04 08:31:34,800 INFO     ___FILE_ONLY___    
2023-07-04 08:31:34,800 INFO     ___FILE_ONLY___ NODE_VERSION
2023-07-04 08:31:34,800 INFO     ___FILE_ONLY___       
2023-07-04 08:31:34,800 INFO     ___FILE_ONLY___ NUM_NODES
2023-07-04 08:31:34,800 INFO     ___FILE_ONLY___   
2023-07-04 08:31:34,800 INFO     ___FILE_ONLY___ STATUS
2023-07-04 08:31:34,800 INFO     ___FILE_ONLY___ 

2023-07-04 08:31:34,800 INFO     ___FILE_ONLY___ inel-29756
2023-07-04 08:31:34,800 INFO     ___FILE_ONLY___   
2023-07-04 08:31:34,800 INFO     ___FILE_ONLY___ europe-west3-b
2023-07-04 08:31:34,800 INFO     ___FILE_ONLY___   
2023-07-04 08:31:34,800 INFO     ___FILE_ONLY___ 1.25.10-gke.2100
2023-07-04 08:31:34,800 INFO     ___FILE_ONLY___   
2023-07-04 08:31:34,800 INFO     ___FILE_ONLY___ 35.234.68.15
2023-07-04 08:31:34,800 INFO     ___FILE_ONLY___   
2023-07-04 08:31:34,800 INFO     ___FILE_ONLY___ n1-standard-4
2023-07-04 08:31:34,800 INFO     ___FILE_ONLY___   
2023-07-04 08:31:34,800 INFO     ___FILE_ONLY___ 1.25.10-gke.2100
2023-07-04 08:31:34,800 INFO     ___FILE_ONLY___   
2023-07-04 08:31:34,800 INFO     ___FILE_ONLY___ 3
2023-07-04 08:31:34,800 INFO     ___FILE_ONLY___           
2023-07-04 08:31:34,800 INFO     ___FILE_ONLY___ RUNNING
2023-07-04 08:31:34,800 INFO     ___FILE_ONLY___ 

2023-07-04 08:31:34,810 DEBUG    root            Metrics reporting process started...
