2023-07-04 12:24:07,911 DEBUG    root            Loaded Command Group: ['gcloud', 'config']
2023-07-04 12:24:07,913 DEBUG    root            Loaded Command Group: ['gcloud', 'config', 'config_helper']
2023-07-04 12:24:07,914 DEBUG    root            Running [gcloud.config.config-helper] with arguments: [--format: "json"]
2023-07-04 12:24:07,924 DEBUG    google.auth.transport.requests Making request: POST https://oauth2.googleapis.com/token
2023-07-04 12:24:07,949 DEBUG    urllib3.connectionpool Starting new HTTPS connection (1): oauth2.googleapis.com:443
2023-07-04 12:24:08,118 DEBUG    urllib3.connectionpool https://oauth2.googleapis.com:443 "POST /token HTTP/1.1" 200 None
2023-07-04 12:24:08,139 DEBUG    urllib3.connectionpool Starting new HTTPS connection (1): www.gstatic.com:443
2023-07-04 12:24:08,249 DEBUG    urllib3.connectionpool https://www.gstatic.com:443 "GET /cloudsdk/feature_flag_config_file.yaml HTTP/1.1" 200 101
2023-07-04 12:24:08,264 DEBUG    root            Chosen display Format:default json
2023-07-04 12:24:08,265 INFO     root            Display format: "default json"
2023-07-04 12:24:08,266 INFO     ___FILE_ONLY___ {
  "configuration": {
    "active_configuration": "percona-cloud-dev",
    "properties": {
      "core": {
        "account": "inel.pandzic@percona.com",
        "disable_usage_reporting": "False",
        "project": "cloud-dev-112233"
      }
    }
  },
  "credential": {
    "access_token": "ya29.a0AbVbY6PJ1iin3XOdvqTR_QkgE2G_B4X0n2XDlvD3bxsicM7dmnd_l8Wz_WFwbj4bL5FI191VT5S4e_79zfa3EDx8aeaMAqp2WKSPxMgiCorgXAWpCF92xqkd3_IYf2HDqaf7FDpjF9yHmUf0jSRS_z5ahgTfYaUL3Ikkc3saCgYKARkSARESFQFWKvPlkU6suziblk39_7Mrcolx_A0174",
    "id_token": "eyJhbGciOiJSUzI1NiIsImtpZCI6Ijk5YmNiMDY5MzQwYTNmMTQ3NDYyNzk0ZGZlZmE3NWU3OTk2MTM2MzQiLCJ0eXAiOiJKV1QifQ.eyJpc3MiOiJodHRwczovL2FjY291bnRzLmdvb2dsZS5jb20iLCJhenAiOiIzMjU1NTk0MDU1OS5hcHBzLmdvb2dsZXVzZXJjb250ZW50LmNvbSIsImF1ZCI6IjMyNTU1OTQwNTU5LmFwcHMuZ29vZ2xldXNlcmNvbnRlbnQuY29tIiwic3ViIjoiMTA3NDA5ODEzMzQ0NTU5NDQzNDA3IiwiaGQiOiJwZXJjb25hLmNvbSIsImVtYWlsIjoiaW5lbC5wYW5kemljQHBlcmNvbmEuY29tIiwiZW1haWxfdmVyaWZpZWQiOnRydWUsImF0X2hhc2giOiJmeTFUb2pqb1ctOWhXNzRGUjFEbzNRIiwiaWF0IjoxNjg4NDY2MjQ4LCJleHAiOjE2ODg0Njk4NDh9.mONEvxoVw0Y1irHYF_lsjtE0FYJWMBm4rnJqElhRitzPaX4-QWUgTx2kIiKKfcPPqoexmgPgj40OPVnJ36Oa69byMvkQTmAjXA0Suzj5pw7VQmxzOQpWQIXrrfqiyHdM4pImLmsaleXBxG7evm3c2EPxKFITADOF0-7s5Z3Q3y71pCfZ2I7tqQHFCoPN9knf1skSahJxKEUmkaNRXa2Pn5VfEuee2XNP-ev76v-hNxiZjA4wja5Ds3_pb-LPcvoKus1h3xMNomN_fCaO1sLPrvqIFocwaCUK5CIHHV8UeOkwmLaHrmRH64dXj3yzWE4E2X7H84WHjg9U_RVxGRaWgg",
    "token_expiry": "2023-07-04T11:24:07Z"
  },
  "sentinels": {
    "config_sentinel": "/Users/inelpandzic/.config/gcloud/config_sentinel"
  }
}
2023-07-04 12:24:08,267 INFO     ___FILE_ONLY___ 

2023-07-04 12:24:08,281 DEBUG    root            Metrics reporting process started...
