2023-07-04 14:24:09,721 DEBUG    root            Loaded Command Group: ['gcloud', 'config']
2023-07-04 14:24:09,723 DEBUG    root            Loaded Command Group: ['gcloud', 'config', 'config_helper']
2023-07-04 14:24:09,723 DEBUG    root            Running [gcloud.config.config-helper] with arguments: [--format: "json"]
2023-07-04 14:24:09,746 DEBUG    google.auth.transport.requests Making request: POST https://oauth2.googleapis.com/token
2023-07-04 14:24:09,760 DEBUG    urllib3.connectionpool Starting new HTTPS connection (1): oauth2.googleapis.com:443
2023-07-04 14:24:09,931 DEBUG    urllib3.connectionpool https://oauth2.googleapis.com:443 "POST /token HTTP/1.1" 200 None
2023-07-04 14:24:09,946 DEBUG    urllib3.connectionpool Starting new HTTPS connection (1): www.gstatic.com:443
2023-07-04 14:24:10,057 DEBUG    urllib3.connectionpool https://www.gstatic.com:443 "GET /cloudsdk/feature_flag_config_file.yaml HTTP/1.1" 200 101
2023-07-04 14:24:10,069 DEBUG    root            Chosen display Format:default json
2023-07-04 14:24:10,070 INFO     root            Display format: "default json"
2023-07-04 14:24:10,071 INFO     ___FILE_ONLY___ {
  "configuration": {
    "active_configuration": "percona-cloud-dev",
    "properties": {
      "core": {
        "account": "inel.pandzic@percona.com",
        "disable_usage_reporting": "False",
        "project": "cloud-dev-112233"
      }
    }
  },
  "credential": {
    "access_token": "ya29.a0AbVbY6Pur-K4VFydvrF2zdTM5HXbZWgTjAmDVtaItV6VHtxYONGyIs2UElWBlcsXfRlBgjEHOtj2BlqEV6NRgo31hUj9i62QXPp2HA9rRnGsATN4c1ELdlpxHwLudS2BxqEEhgZu0FxUMbqdlDCp-tX6Sx580SLmSeVBPDMaCgYKAS0SARESFQFWKvPl3ymoGg_hMAS5RAgDzdpOyw0174",
    "id_token": "eyJhbGciOiJSUzI1NiIsImtpZCI6Ijk5YmNiMDY5MzQwYTNmMTQ3NDYyNzk0ZGZlZmE3NWU3OTk2MTM2MzQiLCJ0eXAiOiJKV1QifQ.eyJpc3MiOiJodHRwczovL2FjY291bnRzLmdvb2dsZS5jb20iLCJhenAiOiIzMjU1NTk0MDU1OS5hcHBzLmdvb2dsZXVzZXJjb250ZW50LmNvbSIsImF1ZCI6IjMyNTU1OTQwNTU5LmFwcHMuZ29vZ2xldXNlcmNvbnRlbnQuY29tIiwic3ViIjoiMTA3NDA5ODEzMzQ0NTU5NDQzNDA3IiwiaGQiOiJwZXJjb25hLmNvbSIsImVtYWlsIjoiaW5lbC5wYW5kemljQHBlcmNvbmEuY29tIiwiZW1haWxfdmVyaWZpZWQiOnRydWUsImF0X2hhc2giOiJnZmFGcWh1Yks0a0NPODZNcWVET09RIiwiaWF0IjoxNjg4NDczNDQ5LCJleHAiOjE2ODg0NzcwNDl9.EOGmvB3e4f8s9DVMB-1bR2Hxh3yRKQ3rMHg7vovhEnqWfyFnZZq-1sec38De6Vfwg_DVCjvtaTln_EL0TTfiW2q-nPr2CohkkPJvqHEiHCnYPWvyzY6AWdnz0G6GsLp83IVCrOvzK84B6G5g9rdVxmwfQqDzkI9-13FsReedVoOm6V7uDQxTmW4n4AL1RFjqshoAeW3SFrqb_iOlKi3tCKbH2qFVUQ46Qxg315sQTgepJ4qWS6L9ddgU5G7AhE6BGGZswnRMMACw2DaX3v8GTu3GHs4aQ18mFSR7jyvK7GM2Em_VZWN-jIBXGDu29-8U-mxcT1cS2sF7eNLZmrGBFQ",
    "token_expiry": "2023-07-04T13:24:08Z"
  },
  "sentinels": {
    "config_sentinel": "/Users/inelpandzic/.config/gcloud/config_sentinel"
  }
}
2023-07-04 14:24:10,071 INFO     ___FILE_ONLY___ 

2023-07-04 14:24:10,084 DEBUG    root            Metrics reporting process started...
