2023-07-04 16:19:34,521 DEBUG    root            Loaded Command Group: ['gcloud', 'config']
2023-07-04 16:19:34,523 DEBUG    root            Loaded Command Group: ['gcloud', 'config', 'config_helper']
2023-07-04 16:19:34,524 DEBUG    root            Running [gcloud.config.config-helper] with arguments: [--format: "json"]
2023-07-04 16:19:34,536 DEBUG    google.auth.transport.requests Making request: POST https://oauth2.googleapis.com/token
2023-07-04 16:19:34,558 DEBUG    urllib3.connectionpool Starting new HTTPS connection (1): oauth2.googleapis.com:443
2023-07-04 16:19:34,723 DEBUG    urllib3.connectionpool https://oauth2.googleapis.com:443 "POST /token HTTP/1.1" 200 None
2023-07-04 16:19:34,736 DEBUG    urllib3.connectionpool Starting new HTTPS connection (1): www.gstatic.com:443
2023-07-04 16:19:34,839 DEBUG    urllib3.connectionpool https://www.gstatic.com:443 "GET /cloudsdk/feature_flag_config_file.yaml HTTP/1.1" 200 101
2023-07-04 16:19:34,851 DEBUG    root            Chosen display Format:default json
2023-07-04 16:19:34,851 INFO     root            Display format: "default json"
2023-07-04 16:19:34,852 INFO     ___FILE_ONLY___ {
  "configuration": {
    "active_configuration": "percona-cloud-dev",
    "properties": {
      "core": {
        "account": "inel.pandzic@percona.com",
        "disable_usage_reporting": "False",
        "project": "cloud-dev-112233"
      }
    }
  },
  "credential": {
    "access_token": "ya29.a0AbVbY6P-0xolQub9EelvuTuhPzr6n0urW_P7fSb7Dg03VpybSC4vWTdOP5W__mGGfKh4oKBT-KiZzjWqi9UG-mrVLNlB24r33ZHCnDe-hLdyRsf8BWYaXNZGofIv-Eleh4jyAlXb_yaN_yJ6JxqG5WUp7Jh6h99rXgS-g_0aCgYKAaUSARESFQFWKvPlwxy1dAbUNcoWzFDxL3yW7Q0174",
    "id_token": "eyJhbGciOiJSUzI1NiIsImtpZCI6Ijk5YmNiMDY5MzQwYTNmMTQ3NDYyNzk0ZGZlZmE3NWU3OTk2MTM2MzQiLCJ0eXAiOiJKV1QifQ.eyJpc3MiOiJodHRwczovL2FjY291bnRzLmdvb2dsZS5jb20iLCJhenAiOiIzMjU1NTk0MDU1OS5hcHBzLmdvb2dsZXVzZXJjb250ZW50LmNvbSIsImF1ZCI6IjMyNTU1OTQwNTU5LmFwcHMuZ29vZ2xldXNlcmNvbnRlbnQuY29tIiwic3ViIjoiMTA3NDA5ODEzMzQ0NTU5NDQzNDA3IiwiaGQiOiJwZXJjb25hLmNvbSIsImVtYWlsIjoiaW5lbC5wYW5kemljQHBlcmNvbmEuY29tIiwiZW1haWxfdmVyaWZpZWQiOnRydWUsImF0X2hhc2giOiJqai1NcEtUR2sxMUFKMjRZa1FmMHdnIiwiaWF0IjoxNjg4NDgwMzc0LCJleHAiOjE2ODg0ODM5NzR9.k3gH56MwKZW5gXLdvmyB7x3C_FYzb3w6qYTigKxiljqUyVN8l0qSnoM0zXqPi2rb-ISaZJ6ueVaDFD5zpDd0l31tJtgKmEBj8CYc8JRzwXKjVmPqm-XNUDmv6a53UtDalGyrrxBg49NJjW4mUtgQKhhKECMAUAwkd8StamKmnIaK7_P2pYrd51hXYVYPEl7MA3TsGdbZ_FOPGnOM5KJBJ_2K4_I6C5fn9S6YpkQpQ6ok5dellhR_N-QRachcLzTbgwGydkeNhCLM3tBVqfbGVuF3Axl-aOgQdufa_gCHAHly6dqjd_oV8uz6GF64LhzQuJBcAlUnAUsZiKrI2UVWMw",
    "token_expiry": "2023-07-04T15:19:33Z"
  },
  "sentinels": {
    "config_sentinel": "/Users/inelpandzic/.config/gcloud/config_sentinel"
  }
}
2023-07-04 16:19:34,852 INFO     ___FILE_ONLY___ 

2023-07-04 16:19:34,872 DEBUG    root            Metrics reporting process started...
