2023-07-04 16:19:34,521 DEBUG    root            Loaded Command Group: ['gcloud', 'config']
2023-07-04 16:19:34,523 DEBUG    root            Loaded Command Group: ['gcloud', 'config', 'config_helper']
2023-07-04 16:19:34,524 DEBUG    root            Running [gcloud.config.config-helper] with arguments: [--format: "json"]
2023-07-04 16:19:34,536 DEBUG    google.auth.transport.requests Making request: POST https://oauth2.googleapis.com/token
2023-07-04 16:19:34,558 DEBUG    urllib3.connectionpool Starting new HTTPS connection (1): oauth2.googleapis.com:443
2023-07-04 16:19:34,713 DEBUG    urllib3.connectionpool https://oauth2.googleapis.com:443 "POST /token HTTP/1.1" 200 None
2023-07-04 16:19:34,736 DEBUG    urllib3.connectionpool Starting new HTTPS connection (1): www.gstatic.com:443
2023-07-04 16:19:34,838 DEBUG    urllib3.connectionpool https://www.gstatic.com:443 "GET /cloudsdk/feature_flag_config_file.yaml HTTP/1.1" 200 101
2023-07-04 16:19:34,852 DEBUG    root            Chosen display Format:default json
2023-07-04 16:19:34,852 INFO     root            Display format: "default json"
2023-07-04 16:19:34,853 INFO     ___FILE_ONLY___ {
  "configuration": {
    "active_configuration": "percona-cloud-dev",
    "properties": {
      "core": {
        "account": "inel.pandzic@percona.com",
        "disable_usage_reporting": "False",
        "project": "cloud-dev-112233"
      }
    }
  },
  "credential": {
    "access_token": "ya29.a0AbVbY6MpORsYnNURc_r7Z4k7Xpv0_Kcz829OQMzg_GqUxEVocq9LhNnmTnHHoEmjcFh57OsnWBnv6Di8Xwtz1KTY7c7ecp-80y8WuWRa_wjRymhYHeZxi1rlsznW7mOi8HGr89MgP9DsQ3k_30oiod6DPIuudibuI885pHoaCgYKAckSARESFQFWKvPlOnojHzUvZT4dkPEOZePI1Q0174",
    "id_token": "eyJhbGciOiJSUzI1NiIsImtpZCI6Ijk5YmNiMDY5MzQwYTNmMTQ3NDYyNzk0ZGZlZmE3NWU3OTk2MTM2MzQiLCJ0eXAiOiJKV1QifQ.eyJpc3MiOiJodHRwczovL2FjY291bnRzLmdvb2dsZS5jb20iLCJhenAiOiIzMjU1NTk0MDU1OS5hcHBzLmdvb2dsZXVzZXJjb250ZW50LmNvbSIsImF1ZCI6IjMyNTU1OTQwNTU5LmFwcHMuZ29vZ2xldXNlcmNvbnRlbnQuY29tIiwic3ViIjoiMTA3NDA5ODEzMzQ0NTU5NDQzNDA3IiwiaGQiOiJwZXJjb25hLmNvbSIsImVtYWlsIjoiaW5lbC5wYW5kemljQHBlcmNvbmEuY29tIiwiZW1haWxfdmVyaWZpZWQiOnRydWUsImF0X2hhc2giOiJJTk1mek9qaml1Nkl3aGxIV0pHMi1nIiwiaWF0IjoxNjg4NDgwMzc0LCJleHAiOjE2ODg0ODM5NzR9.c7KRNjbDce-iZEmAXdRJ5M2HWL1lffjmxjLL-am_PWSQKZyfwVJiWsL9YJ_wfDWogZTWXl5CAXjLAUusIoHQPYUwULxhlZ-XmllqUwAoAQyOF4ZMDY0NxKCqjIAWOQh7vvf3P1Zzmrjq7-730_QLuVkfst2YnR9BJUiyOj6MJc4gLZlbcOxwfN7SNoEpVZIpZELq9xNd5TfMvr5jY9E4J8LiWVADg8kl1STcWTMSEGklgSSAnHPE9USK0yQSFhQQnOSsg42C8KdqHHHyQMSI2c_k5M5K309A-JGTmZ2Hn9hK4wOfDKqyxMJZp3xmirLO5G_OPUkC0lkJ6iEUZfhc3Q",
    "token_expiry": "2023-07-04T15:19:33Z"
  },
  "sentinels": {
    "config_sentinel": "/Users/inelpandzic/.config/gcloud/config_sentinel"
  }
}
2023-07-04 16:19:34,853 INFO     ___FILE_ONLY___ 

2023-07-04 16:19:34,886 DEBUG    root            Metrics reporting process started...
