2023-07-04 18:56:09,809 DEBUG    root            Loaded Command Group: ['gcloud', 'config']
2023-07-04 18:56:09,816 DEBUG    root            Loaded Command Group: ['gcloud', 'config', 'config_helper']
2023-07-04 18:56:09,818 DEBUG    root            Running [gcloud.config.config-helper] with arguments: [--format: "json"]
2023-07-04 18:56:09,822 DEBUG    google.auth.transport.requests Making request: POST https://oauth2.googleapis.com/token
2023-07-04 18:56:09,883 DEBUG    urllib3.connectionpool Starting new HTTPS connection (1): oauth2.googleapis.com:443
2023-07-04 18:56:10,526 DEBUG    urllib3.connectionpool https://oauth2.googleapis.com:443 "POST /token HTTP/1.1" 200 None
2023-07-04 18:56:10,587 DEBUG    urllib3.connectionpool Starting new HTTPS connection (1): www.gstatic.com:443
2023-07-04 18:56:10,773 DEBUG    urllib3.connectionpool https://www.gstatic.com:443 "GET /cloudsdk/feature_flag_config_file.yaml HTTP/1.1" 200 101
2023-07-04 18:56:10,778 DEBUG    root            Chosen display Format:default json
2023-07-04 18:56:10,778 INFO     root            Display format: "default json"
2023-07-04 18:56:10,778 INFO     ___FILE_ONLY___ {
  "configuration": {
    "active_configuration": "percona-cloud-dev",
    "properties": {
      "core": {
        "account": "inel.pandzic@percona.com",
        "disable_usage_reporting": "False",
        "project": "cloud-dev-112233"
      }
    }
  },
  "credential": {
    "access_token": "ya29.a0AbVbY6NPnuYYTj_p702jCK12gDdCwP36H-ndBhCqmpZUzYCgne629K1vcy5rSlFmWLRj5MnTdqno2WqmMU4vc9hHqNIO8Wv8sLjHy__bX1hmHl-AIxnOCo4vjieKefrf0BCB5ElEfm4FuKcL-uZefnzf9BadnniJWoIoWZwaCgYKAbYSARESFQFWKvPlI7h1NTowFLn0PsDPTmEhHw0174",
    "id_token": "eyJhbGciOiJSUzI1NiIsImtpZCI6Ijk5YmNiMDY5MzQwYTNmMTQ3NDYyNzk0ZGZlZmE3NWU3OTk2MTM2MzQiLCJ0eXAiOiJKV1QifQ.eyJpc3MiOiJodHRwczovL2FjY291bnRzLmdvb2dsZS5jb20iLCJhenAiOiIzMjU1NTk0MDU1OS5hcHBzLmdvb2dsZXVzZXJjb250ZW50LmNvbSIsImF1ZCI6IjMyNTU1OTQwNTU5LmFwcHMuZ29vZ2xldXNlcmNvbnRlbnQuY29tIiwic3ViIjoiMTA3NDA5ODEzMzQ0NTU5NDQzNDA3IiwiaGQiOiJwZXJjb25hLmNvbSIsImVtYWlsIjoiaW5lbC5wYW5kemljQHBlcmNvbmEuY29tIiwiZW1haWxfdmVyaWZpZWQiOnRydWUsImF0X2hhc2giOiJKQUlsOWRrcE1jRUtZUHpYQUxiRTZRIiwiaWF0IjoxNjg4NDg5NzcwLCJleHAiOjE2ODg0OTMzNzB9.WeRsv4LkGg33puAgWYG1kq2ft_iX_JwzISi33w-BVAJ3tg7iui4bYR5eztAXDeCUoQvIWlCIcU7BxBzVPujUSP0fgxZQL9YbGfI1r8B9J5PSqvdYkbEQ_2G88FpsxOioGGdhXRnvgtC2VltE0xx1KB2jZzvyamq2yWvmtaJ7P7NVQbdKibJh0mh6ZTnEQjxyZYjbojlpiLd7hADlusl7lAqQHA5sVHVJ2Bqd-AwZWZht4IT2p5VYSUajV-ykwh6wi8XYeU-DgrKeQggMwyjgUej76hw5-dT8yqbHXUGnR45KbZYaQmow7sM56glvg3gKm-tH9_eF4JpM0sI4z6qpJA",
    "token_expiry": "2023-07-04T17:56:09Z"
  },
  "sentinels": {
    "config_sentinel": "/Users/inelpandzic/.config/gcloud/config_sentinel"
  }
}
2023-07-04 18:56:10,779 INFO     ___FILE_ONLY___ 

2023-07-04 18:56:10,784 DEBUG    root            Metrics reporting process started...
