2023-07-04 19:03:52,961 DEBUG    root            Loaded Command Group: ['gcloud', 'container', 'clusters']
2023-07-04 19:03:52,963 DEBUG    root            Loaded Command Group: ['gcloud', 'container', 'clusters', 'list']
2023-07-04 19:03:52,973 DEBUG    root            Running [gcloud.container.clusters.list] with arguments: []
2023-07-04 19:03:52,979 DEBUG    urllib3.connectionpool Starting new HTTPS connection (1): container.googleapis.com:443
2023-07-04 19:03:54,298 DEBUG    urllib3.connectionpool https://container.googleapis.com:443 "GET /v1/projects/cloud-dev-112233/locations/-/clusters?alt=json HTTP/1.1" 200 None
2023-07-04 19:03:54,482 DEBUG    root            Chosen display Format:
    table(
        name,
        zone:label=LOCATION,
        master_version():label=MASTER_VERSION,
        endpoint:label=MASTER_IP,
        nodePools[0].config.machineType,
        currentNodeVersion:label=NODE_VERSION,
        firstof(currentNodeCount,initialNodeCount):label=NUM_NODES,
        status
    )

2023-07-04 19:03:54,483 INFO     root            Display format: "
    table(
        name,
        zone:label=LOCATION,
        master_version():label=MASTER_VERSION,
        endpoint:label=MASTER_IP,
        nodePools[0].config.machineType,
        currentNodeVersion:label=NODE_VERSION,
        firstof(currentNodeCount,initialNodeCount):label=NUM_NODES,
        status
    )
"
2023-07-04 19:03:54,502 INFO     ___FILE_ONLY___ NAME
2023-07-04 19:03:54,502 INFO     ___FILE_ONLY___                                
2023-07-04 19:03:54,502 INFO     ___FILE_ONLY___ LOCATION
2023-07-04 19:03:54,502 INFO     ___FILE_ONLY___         
2023-07-04 19:03:54,502 INFO     ___FILE_ONLY___ MASTER_VERSION
2023-07-04 19:03:54,503 INFO     ___FILE_ONLY___     
2023-07-04 19:03:54,503 INFO     ___FILE_ONLY___ MASTER_IP
2023-07-04 19:03:54,503 INFO     ___FILE_ONLY___        
2023-07-04 19:03:54,503 INFO     ___FILE_ONLY___ MACHINE_TYPE
2023-07-04 19:03:54,503 INFO     ___FILE_ONLY___    
2023-07-04 19:03:54,503 INFO     ___FILE_ONLY___ NODE_VERSION
2023-07-04 19:03:54,503 INFO     ___FILE_ONLY___         
2023-07-04 19:03:54,503 INFO     ___FILE_ONLY___ NUM_NODES
2023-07-04 19:03:54,503 INFO     ___FILE_ONLY___   
2023-07-04 19:03:54,503 INFO     ___FILE_ONLY___ STATUS
2023-07-04 19:03:54,503 INFO     ___FILE_ONLY___ 

2023-07-04 19:03:54,503 INFO     ___FILE_ONLY___ slava-pxc
2023-07-04 19:03:54,503 INFO     ___FILE_ONLY___                           
2023-07-04 19:03:54,503 INFO     ___FILE_ONLY___ europe-west1-c
2023-07-04 19:03:54,503 INFO     ___FILE_ONLY___   
2023-07-04 19:03:54,503 INFO     ___FILE_ONLY___ 1.25.9-gke.2300
2023-07-04 19:03:54,503 INFO     ___FILE_ONLY___    
2023-07-04 19:03:54,503 INFO     ___FILE_ONLY___ 35.195.181.45
2023-07-04 19:03:54,503 INFO     ___FILE_ONLY___    
2023-07-04 19:03:54,503 INFO     ___FILE_ONLY___ n1-standard-4
2023-07-04 19:03:54,503 INFO     ___FILE_ONLY___   
2023-07-04 19:03:54,503 INFO     ___FILE_ONLY___ 1.25.9-gke.2300
2023-07-04 19:03:54,503 INFO     ___FILE_ONLY___      
2023-07-04 19:03:54,503 INFO     ___FILE_ONLY___ 3
2023-07-04 19:03:54,503 INFO     ___FILE_ONLY___           
2023-07-04 19:03:54,503 INFO     ___FILE_ONLY___ RUNNING
2023-07-04 19:03:54,503 INFO     ___FILE_ONLY___ 

2023-07-04 19:03:54,503 INFO     ___FILE_ONLY___ ege-21168
2023-07-04 19:03:54,503 INFO     ___FILE_ONLY___                           
2023-07-04 19:03:54,503 INFO     ___FILE_ONLY___ europe-west3
2023-07-04 19:03:54,503 INFO     ___FILE_ONLY___     
2023-07-04 19:03:54,503 INFO     ___FILE_ONLY___ 1.27.2-gke.2100
2023-07-04 19:03:54,503 INFO     ___FILE_ONLY___    
2023-07-04 19:03:54,503 INFO     ___FILE_ONLY___ 34.141.104.97
2023-07-04 19:03:54,503 INFO     ___FILE_ONLY___    
2023-07-04 19:03:54,503 INFO     ___FILE_ONLY___ n1-standard-4
2023-07-04 19:03:54,503 INFO     ___FILE_ONLY___   
2023-07-04 19:03:54,503 INFO     ___FILE_ONLY___ 1.27.2-gke.2100
2023-07-04 19:03:54,503 INFO     ___FILE_ONLY___      
2023-07-04 19:03:54,504 INFO     ___FILE_ONLY___ 3
2023-07-04 19:03:54,504 INFO     ___FILE_ONLY___           
2023-07-04 19:03:54,504 INFO     ___FILE_ONLY___ RUNNING
2023-07-04 19:03:54,504 INFO     ___FILE_ONLY___ 

2023-07-04 19:03:54,504 INFO     ___FILE_ONLY___ inel-6265
2023-07-04 19:03:54,504 INFO     ___FILE_ONLY___                           
2023-07-04 19:03:54,504 INFO     ___FILE_ONLY___ europe-west3-b
2023-07-04 19:03:54,504 INFO     ___FILE_ONLY___   
2023-07-04 19:03:54,504 INFO     ___FILE_ONLY___ 1.25.10-gke.2100
2023-07-04 19:03:54,504 INFO     ___FILE_ONLY___                   
2023-07-04 19:03:54,504 INFO     ___FILE_ONLY___ n1-standard-4
2023-07-04 19:03:54,504 INFO     ___FILE_ONLY___   
2023-07-04 19:03:54,504 INFO     ___FILE_ONLY___ 1.25.10-gke.2100
2023-07-04 19:03:54,504 INFO     ___FILE_ONLY___     
2023-07-04 19:03:54,504 INFO     ___FILE_ONLY___ 3
2023-07-04 19:03:54,504 INFO     ___FILE_ONLY___           
2023-07-04 19:03:54,504 INFO     ___FILE_ONLY___ PROVISIONING
2023-07-04 19:03:54,504 INFO     ___FILE_ONLY___ 

2023-07-04 19:03:54,504 INFO     ___FILE_ONLY___ jenkins-lat-pxc-bccb737e-cluster8
2023-07-04 19:03:54,504 INFO     ___FILE_ONLY___   
2023-07-04 19:03:54,504 INFO     ___FILE_ONLY___ us-central1-a
2023-07-04 19:03:54,504 INFO     ___FILE_ONLY___    
2023-07-04 19:03:54,504 INFO     ___FILE_ONLY___ 1.27.2-gke.1200
2023-07-04 19:03:54,504 INFO     ___FILE_ONLY___    
2023-07-04 19:03:54,504 INFO     ___FILE_ONLY___ 34.170.223.133
2023-07-04 19:03:54,504 INFO     ___FILE_ONLY___   
2023-07-04 19:03:54,504 INFO     ___FILE_ONLY___ n1-standard-4
2023-07-04 19:03:54,504 INFO     ___FILE_ONLY___   
2023-07-04 19:03:54,504 INFO     ___FILE_ONLY___ 1.27.2-gke.1200
2023-07-04 19:03:54,504 INFO     ___FILE_ONLY___      
2023-07-04 19:03:54,504 INFO     ___FILE_ONLY___ 3
2023-07-04 19:03:54,504 INFO     ___FILE_ONLY___           
2023-07-04 19:03:54,504 INFO     ___FILE_ONLY___ RUNNING
2023-07-04 19:03:54,504 INFO     ___FILE_ONLY___ 

2023-07-04 19:03:54,504 INFO     ___FILE_ONLY___ plavi-123
2023-07-04 19:03:54,504 INFO     ___FILE_ONLY___                           
2023-07-04 19:03:54,504 INFO     ___FILE_ONLY___ us-central1-a
2023-07-04 19:03:54,504 INFO     ___FILE_ONLY___    
2023-07-04 19:03:54,504 INFO     ___FILE_ONLY___ 1.23.17-gke.7000
2023-07-04 19:03:54,504 INFO     ___FILE_ONLY___   
2023-07-04 19:03:54,504 INFO     ___FILE_ONLY___ 35.224.148.131
2023-07-04 19:03:54,504 INFO     ___FILE_ONLY___   
2023-07-04 19:03:54,504 INFO     ___FILE_ONLY___ n1-standard-4
2023-07-04 19:03:54,504 INFO     ___FILE_ONLY___   
2023-07-04 19:03:54,504 INFO     ___FILE_ONLY___ 1.23.17-gke.7000
2023-07-04 19:03:54,504 INFO     ___FILE_ONLY___     
2023-07-04 19:03:54,505 INFO     ___FILE_ONLY___ 3
2023-07-04 19:03:54,505 INFO     ___FILE_ONLY___           
2023-07-04 19:03:54,505 INFO     ___FILE_ONLY___ RUNNING
2023-07-04 19:03:54,505 INFO     ___FILE_ONLY___ 

2023-07-04 19:03:54,505 INFO     ___FILE_ONLY___ plavi-124
2023-07-04 19:03:54,505 INFO     ___FILE_ONLY___                           
2023-07-04 19:03:54,505 INFO     ___FILE_ONLY___ us-central1-a
2023-07-04 19:03:54,505 INFO     ___FILE_ONLY___    
2023-07-04 19:03:54,505 INFO     ___FILE_ONLY___ 1.24.14-gke.1400
2023-07-04 19:03:54,505 INFO     ___FILE_ONLY___   
2023-07-04 19:03:54,505 INFO     ___FILE_ONLY___ 35.232.122.97
2023-07-04 19:03:54,505 INFO     ___FILE_ONLY___    
2023-07-04 19:03:54,505 INFO     ___FILE_ONLY___ n1-standard-4
2023-07-04 19:03:54,505 INFO     ___FILE_ONLY___   
2023-07-04 19:03:54,505 INFO     ___FILE_ONLY___ 1.24.14-gke.1400
2023-07-04 19:03:54,505 INFO     ___FILE_ONLY___     
2023-07-04 19:03:54,505 INFO     ___FILE_ONLY___ 3
2023-07-04 19:03:54,505 INFO     ___FILE_ONLY___           
2023-07-04 19:03:54,505 INFO     ___FILE_ONLY___ RUNNING
2023-07-04 19:03:54,505 INFO     ___FILE_ONLY___ 

2023-07-04 19:03:54,505 INFO     ___FILE_ONLY___ plavi-127
2023-07-04 19:03:54,505 INFO     ___FILE_ONLY___                           
2023-07-04 19:03:54,505 INFO     ___FILE_ONLY___ us-central1-a
2023-07-04 19:03:54,505 INFO     ___FILE_ONLY___    
2023-07-04 19:03:54,505 INFO     ___FILE_ONLY___ 1.27.2-gke.1200
2023-07-04 19:03:54,505 INFO     ___FILE_ONLY___    
2023-07-04 19:03:54,505 INFO     ___FILE_ONLY___ 34.72.148.7
2023-07-04 19:03:54,505 INFO     ___FILE_ONLY___      
2023-07-04 19:03:54,505 INFO     ___FILE_ONLY___ n1-standard-4
2023-07-04 19:03:54,505 INFO     ___FILE_ONLY___   
2023-07-04 19:03:54,505 INFO     ___FILE_ONLY___ 1.27.2-gke.1200
2023-07-04 19:03:54,505 INFO     ___FILE_ONLY___      
2023-07-04 19:03:54,505 INFO     ___FILE_ONLY___ 3
2023-07-04 19:03:54,505 INFO     ___FILE_ONLY___           
2023-07-04 19:03:54,505 INFO     ___FILE_ONLY___ RUNNING
2023-07-04 19:03:54,505 INFO     ___FILE_ONLY___ 

2023-07-04 19:03:54,505 INFO     ___FILE_ONLY___ ptankov
2023-07-04 19:03:54,505 INFO     ___FILE_ONLY___                             
2023-07-04 19:03:54,505 INFO     ___FILE_ONLY___ us-central1-a
2023-07-04 19:03:54,505 INFO     ___FILE_ONLY___    
2023-07-04 19:03:54,505 INFO     ___FILE_ONLY___ 1.25.10-gke.1400
2023-07-04 19:03:54,505 INFO     ___FILE_ONLY___   
2023-07-04 19:03:54,505 INFO     ___FILE_ONLY___ 35.222.235.199
2023-07-04 19:03:54,505 INFO     ___FILE_ONLY___   
2023-07-04 19:03:54,505 INFO     ___FILE_ONLY___ n1-standard-4
2023-07-04 19:03:54,505 INFO     ___FILE_ONLY___   
2023-07-04 19:03:54,505 INFO     ___FILE_ONLY___ 1.25.10-gke.1400
2023-07-04 19:03:54,506 INFO     ___FILE_ONLY___     
2023-07-04 19:03:54,506 INFO     ___FILE_ONLY___ 3
2023-07-04 19:03:54,506 INFO     ___FILE_ONLY___           
2023-07-04 19:03:54,506 INFO     ___FILE_ONLY___ RUNNING
2023-07-04 19:03:54,506 INFO     ___FILE_ONLY___ 

2023-07-04 19:03:54,506 INFO     ___FILE_ONLY___ natali-23-test
2023-07-04 19:03:54,506 INFO     ___FILE_ONLY___                      
2023-07-04 19:03:54,506 INFO     ___FILE_ONLY___ us-central1-c
2023-07-04 19:03:54,506 INFO     ___FILE_ONLY___    
2023-07-04 19:03:54,506 INFO     ___FILE_ONLY___ 1.24.12-gke.500
2023-07-04 19:03:54,506 INFO     ___FILE_ONLY___    
2023-07-04 19:03:54,506 INFO     ___FILE_ONLY___ 34.29.65.6
2023-07-04 19:03:54,506 INFO     ___FILE_ONLY___       
2023-07-04 19:03:54,506 INFO     ___FILE_ONLY___ n1-standard-4
2023-07-04 19:03:54,506 INFO     ___FILE_ONLY___   
2023-07-04 19:03:54,506 INFO     ___FILE_ONLY___ 1.23.17-gke.7000 *
2023-07-04 19:03:54,506 INFO     ___FILE_ONLY___   
2023-07-04 19:03:54,506 INFO     ___FILE_ONLY___ 3
2023-07-04 19:03:54,506 INFO     ___FILE_ONLY___           
2023-07-04 19:03:54,506 INFO     ___FILE_ONLY___ RUNNING
2023-07-04 19:03:54,506 INFO     ___FILE_ONLY___ 

2023-07-04 19:03:54,506 INFO     ___FILE_ONLY___ 
* - There is an upgrade available for your cluster(s).

To upgrade nodes to the latest available version, run
  $ gcloud container clusters upgrade NAME

2023-07-04 19:03:54,507 INFO     ___FILE_ONLY___ 

Updates are available for some Google Cloud CLI components.  To install them,
please run:
  $ gcloud components update


2023-07-04 19:03:54,513 DEBUG    root            Metrics reporting process started...
