2023-07-04 22:11:30,077 DEBUG    root            Loaded Command Group: ['gcloud', 'config']
2023-07-04 22:11:30,079 DEBUG    root            Loaded Command Group: ['gcloud', 'config', 'config_helper']
2023-07-04 22:11:30,080 DEBUG    root            Running [gcloud.config.config-helper] with arguments: [--format: "json"]
2023-07-04 22:11:30,106 DEBUG    google.auth.transport.requests Making request: POST https://oauth2.googleapis.com/token
2023-07-04 22:11:30,121 DEBUG    urllib3.connectionpool Starting new HTTPS connection (1): oauth2.googleapis.com:443
2023-07-04 22:11:30,294 DEBUG    urllib3.connectionpool https://oauth2.googleapis.com:443 "POST /token HTTP/1.1" 200 None
2023-07-04 22:11:30,310 DEBUG    urllib3.connectionpool Starting new HTTPS connection (1): www.gstatic.com:443
2023-07-04 22:11:30,406 DEBUG    urllib3.connectionpool https://www.gstatic.com:443 "GET /cloudsdk/feature_flag_config_file.yaml HTTP/1.1" 200 101
2023-07-04 22:11:30,411 DEBUG    root            Chosen display Format:default json
2023-07-04 22:11:30,411 INFO     root            Display format: "default json"
2023-07-04 22:11:30,412 INFO     ___FILE_ONLY___ {
  "configuration": {
    "active_configuration": "percona-cloud-dev",
    "properties": {
      "core": {
        "account": "inel.pandzic@percona.com",
        "disable_usage_reporting": "False",
        "project": "cloud-dev-112233"
      }
    }
  },
  "credential": {
    "access_token": "ya29.a0AbVbY6M8p2k8Bv9LZp9ypzUYOU3Yf4REw9-CLRdjTXO-nWrJ5_ty6Kb2egO0XBsczyylHNFUSN9tcC1NmajwIdpmMkHL6xx3rv7A9qUPQOEyB-gH8I4KIzKDx7wxhR_nbBUEjJIFtZ6qvG9R7PfNJtXTVnavwY_Tzd51UiQaCgYKAZASARESFQFWKvPl8gPTlOx3oCrsc65xM2_q5Q0174",
    "id_token": "eyJhbGciOiJSUzI1NiIsImtpZCI6Ijk5YmNiMDY5MzQwYTNmMTQ3NDYyNzk0ZGZlZmE3NWU3OTk2MTM2MzQiLCJ0eXAiOiJKV1QifQ.eyJpc3MiOiJodHRwczovL2FjY291bnRzLmdvb2dsZS5jb20iLCJhenAiOiIzMjU1NTk0MDU1OS5hcHBzLmdvb2dsZXVzZXJjb250ZW50LmNvbSIsImF1ZCI6IjMyNTU1OTQwNTU5LmFwcHMuZ29vZ2xldXNlcmNvbnRlbnQuY29tIiwic3ViIjoiMTA3NDA5ODEzMzQ0NTU5NDQzNDA3IiwiaGQiOiJwZXJjb25hLmNvbSIsImVtYWlsIjoiaW5lbC5wYW5kemljQHBlcmNvbmEuY29tIiwiZW1haWxfdmVyaWZpZWQiOnRydWUsImF0X2hhc2giOiJiQWd2VFEyZDZVU2lGdFR1MW8yaUlBIiwiaWF0IjoxNjg4NTAxNDkwLCJleHAiOjE2ODg1MDUwOTB9.MTDYkaWiUHcGdPhN2enk0Rj5WbEWQbw2NEuxMvxNRzpdQXg0QQ_ghF5An2joPrJdhI0fZu2b8B5MbVJy1b9kS9kdZZSIazj2ozFXWyJSIzRhGZCIn4hLMAsm2DHOo3sdfEFjhRPTP3AOqEC7GjHMeAQ-iiq49eAETw4J-8eIVpR4PSq_oqhNasLRjolZb_tZ0nbvE2miC-zeYemeIf4XZi7uIaBdaXdLtOLrcMOPAlhnYli3W87iaL6dgB9E1jK0E09I8kO9eevIb6JuQIyfdVm5xhOvjoN-YBMyo_kntS_JTUVLzcFlOdq6lAuDPBHsQMcdItaoSwzDmh_XgXDxsw",
    "token_expiry": "2023-07-04T21:11:29Z"
  },
  "sentinels": {
    "config_sentinel": "/Users/inelpandzic/.config/gcloud/config_sentinel"
  }
}
2023-07-04 22:11:30,412 INFO     ___FILE_ONLY___ 

2023-07-04 22:11:30,417 DEBUG    root            Metrics reporting process started...
