2023-07-04 23:11:38,037 DEBUG    root            Loaded Command Group: ['gcloud', 'config']
2023-07-04 23:11:38,039 DEBUG    root            Loaded Command Group: ['gcloud', 'config', 'config_helper']
2023-07-04 23:11:38,039 DEBUG    root            Running [gcloud.config.config-helper] with arguments: [--format: "json"]
2023-07-04 23:11:38,050 DEBUG    google.auth.transport.requests Making request: POST https://oauth2.googleapis.com/token
2023-07-04 23:11:38,066 DEBUG    urllib3.connectionpool Starting new HTTPS connection (1): oauth2.googleapis.com:443
2023-07-04 23:11:38,236 DEBUG    urllib3.connectionpool https://oauth2.googleapis.com:443 "POST /token HTTP/1.1" 200 None
2023-07-04 23:11:38,257 DEBUG    urllib3.connectionpool Starting new HTTPS connection (1): www.gstatic.com:443
2023-07-04 23:11:38,379 DEBUG    urllib3.connectionpool https://www.gstatic.com:443 "GET /cloudsdk/feature_flag_config_file.yaml HTTP/1.1" 200 101
2023-07-04 23:11:38,389 DEBUG    root            Chosen display Format:default json
2023-07-04 23:11:38,390 INFO     root            Display format: "default json"
2023-07-04 23:11:38,391 INFO     ___FILE_ONLY___ {
  "configuration": {
    "active_configuration": "percona-cloud-dev",
    "properties": {
      "core": {
        "account": "inel.pandzic@percona.com",
        "disable_usage_reporting": "False",
        "project": "cloud-dev-112233"
      }
    }
  },
  "credential": {
    "access_token": "ya29.a0AbVbY6PlrwoBqLXI9STWwihD-HVaiQbq47TSyMP0sFAWrG33HpJGVfW6fKUUGzmOTXVF28kD5NC-PETSEPyyq-2kD0i_wFt_8-Drm3nm-wJ0Np04lKE_r0LG1JTzKCK3HpalcBPXgcjCGJKb1_qqZ540iLqlckFp7L17K48aCgYKAb0SARESFQFWKvPlLoebwsh5ojHpHm8O7xFkBA0174",
    "id_token": "eyJhbGciOiJSUzI1NiIsImtpZCI6IjkzNDFkZWRlZWUyZDE4NjliNjU3ZmE5MzAzMDAwODJmZTI2YjNkOTIiLCJ0eXAiOiJKV1QifQ.eyJpc3MiOiJodHRwczovL2FjY291bnRzLmdvb2dsZS5jb20iLCJhenAiOiIzMjU1NTk0MDU1OS5hcHBzLmdvb2dsZXVzZXJjb250ZW50LmNvbSIsImF1ZCI6IjMyNTU1OTQwNTU5LmFwcHMuZ29vZ2xldXNlcmNvbnRlbnQuY29tIiwic3ViIjoiMTA3NDA5ODEzMzQ0NTU5NDQzNDA3IiwiaGQiOiJwZXJjb25hLmNvbSIsImVtYWlsIjoiaW5lbC5wYW5kemljQHBlcmNvbmEuY29tIiwiZW1haWxfdmVyaWZpZWQiOnRydWUsImF0X2hhc2giOiJZTlhISHIzRHphdFNaZTkzMVFJUHF3IiwiaWF0IjoxNjg4NTA1MDk4LCJleHAiOjE2ODg1MDg2OTh9.a_oovQxJjqmZn0FtDE0Gk7j5NUIoawVJV7h_8SoHefShYXIzNNs0sb-MvS1zRns81TTBk2-4Wcmqt0t_fiEX8V8alBkC9i8XI00NoydIY-kYkiRCHLyc_qwdF7qSFgI7egk2MCTFK83JjU05UHmrVAh1YsrQV6m_IFLf2cW8mxgWbiDilCk10Eb6R75f5a7A8uZEyi38Cu31nxhY1qdUkk6_n5jTj1HaLX6xvqseoxTz1tBiZ-XIfon3osYEn3cUjEgY9fr6ECdXgj0gKh3ypcQyW5kELZzcPTXJofFoUlG4VQ4kNXDOIIhHw3ejh6YkRDGVbvPMnOTusY0brYWssQ",
    "token_expiry": "2023-07-04T22:11:37Z"
  },
  "sentinels": {
    "config_sentinel": "/Users/inelpandzic/.config/gcloud/config_sentinel"
  }
}
2023-07-04 23:11:38,391 INFO     ___FILE_ONLY___ 

2023-07-04 23:11:38,402 DEBUG    root            Metrics reporting process started...
