2023-07-08 02:05:12,500 DEBUG    root            Loaded Command Group: ['gcloud', 'config']
2023-07-08 02:05:12,502 DEBUG    root            Loaded Command Group: ['gcloud', 'config', 'config_helper']
2023-07-08 02:05:12,502 DEBUG    root            Running [gcloud.config.config-helper] with arguments: [--format: "json"]
2023-07-08 02:05:12,511 DEBUG    google.auth.transport.requests Making request: POST https://oauth2.googleapis.com/token
2023-07-08 02:05:12,529 DEBUG    urllib3.connectionpool Starting new HTTPS connection (1): oauth2.googleapis.com:443
2023-07-08 02:05:12,735 DEBUG    urllib3.connectionpool https://oauth2.googleapis.com:443 "POST /token HTTP/1.1" 200 None
2023-07-08 02:05:12,768 DEBUG    urllib3.connectionpool Starting new HTTPS connection (1): www.gstatic.com:443
2023-07-08 02:05:12,887 DEBUG    urllib3.connectionpool https://www.gstatic.com:443 "GET /cloudsdk/feature_flag_config_file.yaml HTTP/1.1" 200 101
2023-07-08 02:05:12,900 DEBUG    root            Chosen display Format:default json
2023-07-08 02:05:12,901 INFO     root            Display format: "default json"
2023-07-08 02:05:12,902 INFO     ___FILE_ONLY___ {
  "configuration": {
    "active_configuration": "percona-cloud-dev",
    "properties": {
      "core": {
        "account": "inel.pandzic@percona.com",
        "disable_usage_reporting": "False",
        "project": "cloud-dev-112233"
      }
    }
  },
  "credential": {
    "access_token": "ya29.a0AbVbY6MIhTV1pNguT7Xx99IT6IO7VbpK2SuNbRjBHFWzukigpxN1Z6p9wMN-olpLnp2oERM-IotIGzNLhDnhyfinAWv79RAPrl870aQB8HP-Y9-RwHvKmbq-EuwbA5tJcJzyJ_HlrsISnpK7rLVOYzhb4HJbOdfEcD6FUWwaCgYKAdoSARESFQFWKvPlwnv_ryppUYR2bLtcCbRW8w0174",
    "id_token": "eyJhbGciOiJSUzI1NiIsImtpZCI6IjkzNDFkZWRlZWUyZDE4NjliNjU3ZmE5MzAzMDAwODJmZTI2YjNkOTIiLCJ0eXAiOiJKV1QifQ.eyJpc3MiOiJodHRwczovL2FjY291bnRzLmdvb2dsZS5jb20iLCJhenAiOiIzMjU1NTk0MDU1OS5hcHBzLmdvb2dsZXVzZXJjb250ZW50LmNvbSIsImF1ZCI6IjMyNTU1OTQwNTU5LmFwcHMuZ29vZ2xldXNlcmNvbnRlbnQuY29tIiwic3ViIjoiMTA3NDA5ODEzMzQ0NTU5NDQzNDA3IiwiaGQiOiJwZXJjb25hLmNvbSIsImVtYWlsIjoiaW5lbC5wYW5kemljQHBlcmNvbmEuY29tIiwiZW1haWxfdmVyaWZpZWQiOnRydWUsImF0X2hhc2giOiI0WUk4SGNRVzlYX1pRYUJwRnVnbnFBIiwiaWF0IjoxNjg4Nzc0NzEyLCJleHAiOjE2ODg3NzgzMTJ9.d9iImRhT8T0nXjFrXsmlGDqoRD8Wlew3eJGnOe7UfyynR7k66hfPo39nJaASMXRoo4dCP5bYrIJzBwQ5oQZLvddyxPIfasHUWagvIeBOmqbRTZzi9lvSMchFPLsn6USLHVsugK9hfkghQ_VYl82unYqi6tEATnlodadcV6o78TLL_G0LvOi8s4fTQWpooC2FB6Q8y-YnRihblYA8B5-NYNvGGycsbQJWBmRHHeLpmtv-rB7rBazSBJnO2cdkWg6QyKfRgYbwEsyFZagRqKt-iEEb1KSnk6_TOq3F0xeXV0VWsZwVvHe2T3Jve9GvrG-zYpNMTEipsXnuU5kC1tPU-g",
    "token_expiry": "2023-07-08T01:05:11Z"
  },
  "sentinels": {
    "config_sentinel": "/Users/inelpandzic/.config/gcloud/config_sentinel"
  }
}
2023-07-08 02:05:12,902 INFO     ___FILE_ONLY___ 

2023-07-08 02:05:12,919 DEBUG    root            Metrics reporting process started...
