2023-07-08 06:31:09,119 DEBUG    root            Loaded Command Group: ['gcloud', 'config']
2023-07-08 06:31:09,121 DEBUG    root            Loaded Command Group: ['gcloud', 'config', 'config_helper']
2023-07-08 06:31:09,122 DEBUG    root            Running [gcloud.config.config-helper] with arguments: [--format: "json"]
2023-07-08 06:31:09,135 DEBUG    google.auth.transport.requests Making request: POST https://oauth2.googleapis.com/token
2023-07-08 06:31:09,158 DEBUG    urllib3.connectionpool Starting new HTTPS connection (1): oauth2.googleapis.com:443
2023-07-08 06:31:09,358 DEBUG    urllib3.connectionpool https://oauth2.googleapis.com:443 "POST /token HTTP/1.1" 200 None
2023-07-08 06:31:09,373 DEBUG    urllib3.connectionpool Starting new HTTPS connection (1): www.gstatic.com:443
2023-07-08 06:31:09,476 DEBUG    urllib3.connectionpool https://www.gstatic.com:443 "GET /cloudsdk/feature_flag_config_file.yaml HTTP/1.1" 200 101
2023-07-08 06:31:09,484 DEBUG    root            Chosen display Format:default json
2023-07-08 06:31:09,484 INFO     root            Display format: "default json"
2023-07-08 06:31:09,485 INFO     ___FILE_ONLY___ {
  "configuration": {
    "active_configuration": "percona-cloud-dev",
    "properties": {
      "core": {
        "account": "inel.pandzic@percona.com",
        "disable_usage_reporting": "False",
        "project": "cloud-dev-112233"
      }
    }
  },
  "credential": {
    "access_token": "ya29.a0AbVbY6PAfHHZL7pnRssIxDdMJTm2-hWATBB3T44D81wyO6BnBcdPye11gVtEmQ0I9LP3-B-vCspgXdJG4QOcQC0t46AM0tCXQ9l3ZlfSjb4GFhlc6JcnEH16e_CNvK-JPt6LjNFi4MvksbWh5rtjuS5hwyZ1O0nhoZsMIVEaCgYKAaQSARESFQFWKvPliZwfZa3gJCpv8aw3bPUkMA0174",
    "id_token": "eyJhbGciOiJSUzI1NiIsImtpZCI6IjkzNDFkZWRlZWUyZDE4NjliNjU3ZmE5MzAzMDAwODJmZTI2YjNkOTIiLCJ0eXAiOiJKV1QifQ.eyJpc3MiOiJodHRwczovL2FjY291bnRzLmdvb2dsZS5jb20iLCJhenAiOiIzMjU1NTk0MDU1OS5hcHBzLmdvb2dsZXVzZXJjb250ZW50LmNvbSIsImF1ZCI6IjMyNTU1OTQwNTU5LmFwcHMuZ29vZ2xldXNlcmNvbnRlbnQuY29tIiwic3ViIjoiMTA3NDA5ODEzMzQ0NTU5NDQzNDA3IiwiaGQiOiJwZXJjb25hLmNvbSIsImVtYWlsIjoiaW5lbC5wYW5kemljQHBlcmNvbmEuY29tIiwiZW1haWxfdmVyaWZpZWQiOnRydWUsImF0X2hhc2giOiJQSjNaQzhNeTIySG5NSzN1X3BTMjVnIiwiaWF0IjoxNjg4NzkwNjY5LCJleHAiOjE2ODg3OTQyNjl9.UhLRtDzFBR9m-tqezl7YoKyr-i5giFctn9MEXLs0rGWdlNztPOcTQj4Bbgle1ZrllYyUzWqHj-ot1euBY-fhFSqk2LA2vijUkQkGXB6DT8wzEsBlZLcQ0qQF7p3_m7RjRtXbJ60p5cjlMuvuuDaaKhRzKLOsCatLlcaiDAYb92kogMUHNL4SeJUnpNVQPUA2pL_ok6dvb_KUxSRd9dpSPMHepIzwiQ02mhn6GxfPunfhjdVlnneVYj_dL9hMoBNLnbmD4iKgPSASOtd53wO-CBI86dPZ-nCjoghQ-RWheLih4G_QQEH6NgD9ZNIrq77Lb3Vzseaw1s11ijTTSmPCdQ",
    "token_expiry": "2023-07-08T05:31:08Z"
  },
  "sentinels": {
    "config_sentinel": "/Users/inelpandzic/.config/gcloud/config_sentinel"
  }
}
2023-07-08 06:31:09,485 INFO     ___FILE_ONLY___ 

2023-07-08 06:31:09,494 DEBUG    root            Metrics reporting process started...
