2023-07-08 07:36:32,714 DEBUG    root            Loaded Command Group: ['gcloud', 'config']
2023-07-08 07:36:32,715 DEBUG    root            Loaded Command Group: ['gcloud', 'config', 'config_helper']
2023-07-08 07:36:32,716 DEBUG    root            Running [gcloud.config.config-helper] with arguments: [--format: "json"]
2023-07-08 07:36:32,724 DEBUG    google.auth.transport.requests Making request: POST https://oauth2.googleapis.com/token
2023-07-08 07:36:32,754 DEBUG    urllib3.connectionpool Starting new HTTPS connection (1): oauth2.googleapis.com:443
2023-07-08 07:36:32,931 DEBUG    urllib3.connectionpool https://oauth2.googleapis.com:443 "POST /token HTTP/1.1" 200 None
2023-07-08 07:36:32,960 DEBUG    urllib3.connectionpool Starting new HTTPS connection (1): www.gstatic.com:443
2023-07-08 07:36:33,074 DEBUG    urllib3.connectionpool https://www.gstatic.com:443 "GET /cloudsdk/feature_flag_config_file.yaml HTTP/1.1" 200 101
2023-07-08 07:36:33,080 DEBUG    root            Chosen display Format:default json
2023-07-08 07:36:33,082 INFO     root            Display format: "default json"
2023-07-08 07:36:33,083 INFO     ___FILE_ONLY___ {
  "configuration": {
    "active_configuration": "percona-cloud-dev",
    "properties": {
      "core": {
        "account": "inel.pandzic@percona.com",
        "disable_usage_reporting": "False",
        "project": "cloud-dev-112233"
      }
    }
  },
  "credential": {
    "access_token": "ya29.a0AbVbY6NuoGp--03X8kfHHSMS43J51VBYxvpITZhffA-Nh6wqKNxgqdkf87QtggCrvghS2xhEKrKqINoFtMfUDDz0syU3QB7xfmDmaTy-qoTP4IXxSPPeG7JnSjZ8ABsj-2LuvvovLgU3r1Pgfa-0mDqa32D_-X5_RsPrGyoaCgYKAS8SARESFQFWKvPlIDQbE2X2wmtWSC-LbthSYw0174",
    "id_token": "eyJhbGciOiJSUzI1NiIsImtpZCI6IjkzNDFkZWRlZWUyZDE4NjliNjU3ZmE5MzAzMDAwODJmZTI2YjNkOTIiLCJ0eXAiOiJKV1QifQ.eyJpc3MiOiJodHRwczovL2FjY291bnRzLmdvb2dsZS5jb20iLCJhenAiOiIzMjU1NTk0MDU1OS5hcHBzLmdvb2dsZXVzZXJjb250ZW50LmNvbSIsImF1ZCI6IjMyNTU1OTQwNTU5LmFwcHMuZ29vZ2xldXNlcmNvbnRlbnQuY29tIiwic3ViIjoiMTA3NDA5ODEzMzQ0NTU5NDQzNDA3IiwiaGQiOiJwZXJjb25hLmNvbSIsImVtYWlsIjoiaW5lbC5wYW5kemljQHBlcmNvbmEuY29tIiwiZW1haWxfdmVyaWZpZWQiOnRydWUsImF0X2hhc2giOiJOd1pCU01pMHhDT21JYlNXMzlTZXF3IiwiaWF0IjoxNjg4Nzk0NTkzLCJleHAiOjE2ODg3OTgxOTN9.lH4dZHdeVOFqXnGCfMUTN-l8Iq83i-kpSeIzQzTOOlwCNDAhD06CvGpAACDJgo3fL2AeRgFFaW3Uj8Nkdrt4M9KOvS5fESUP91l9DStdUSKISTQwskjeMHMkYnjQcQon8KdnbyobIgw7a_dXSBYgiOsxDNqiZH-VEZozFO2wVkqWRIGpuuyqttQvmM8dRzaGYNloveFrvjIYW_rR-DX006lSxa_-2H-KOvx29-mLvxYLqEyAT4K06NZgnlYlyn3vg6M2noiipuTd0dv3eGq4zoiO_4re9ZkdcltaRaeW3_enAl1gU6PQ7TWftnuxLlW8anKJgNJa7uGOt9ozX6x5dw",
    "token_expiry": "2023-07-08T06:36:31Z"
  },
  "sentinels": {
    "config_sentinel": "/Users/inelpandzic/.config/gcloud/config_sentinel"
  }
}
2023-07-08 07:36:33,083 INFO     ___FILE_ONLY___ 

2023-07-08 07:36:33,094 DEBUG    root            Metrics reporting process started...
