2023-11-17 07:50:39,789 DEBUG    root            Loaded Command Group: ['gcloud', 'container', 'clusters']
2023-11-17 07:50:39,794 DEBUG    root            Loaded Command Group: ['gcloud', 'container', 'clusters', 'create']
2023-11-17 07:50:46,000 DEBUG    google.auth.transport.requests Making request: POST https://oauth2.googleapis.com/token
2023-11-17 07:50:46,036 DEBUG    urllib3.connectionpool Starting new HTTPS connection (1): oauth2.googleapis.com:443
2023-11-17 07:50:46,258 DEBUG    urllib3.connectionpool https://oauth2.googleapis.com:443 "POST /token HTTP/1.1" 200 None
2023-11-17 07:50:46,291 DEBUG    root            Running [gcloud.container.clusters.create] with arguments: [--cluster-version: "1.25", --disk-size: "32212254720", --labels: "OrderedDict([('delete-cluster-after-hours', '10')])", --machine-type: "n1-standard-4", --no-enable-autoupgrade: "False", --num-nodes: "3", --preemptible: "True", --zone: "europe-west3-b", NAME: "inel-7917"]
2023-11-17 07:50:46,317 INFO     ___FILE_ONLY___ Default change: VPC-native is the default mode during cluster creation for versions greater than 1.21.0-gke.1500. To create advanced routes based clusters, please pass the `--no-enable-ip-alias` flag

2023-11-17 07:50:46,317 INFO     ___FILE_ONLY___ Default change: During creation of nodepools or autoscaling configuration changes for cluster versions greater than 1.24.1-gke.800 a default location policy is applied. For Spot and PVM it defaults to ANY, and for all other VM kinds a BALANCED policy is used. To change the default values use the `--location-policy` flag.

2023-11-17 07:50:46,317 INFO     ___FILE_ONLY___ Note: Your Pod address range (`--cluster-ipv4-cidr`) can accommodate at most 1008 node(s).

2023-11-17 07:50:46,365 DEBUG    urllib3.connectionpool Starting new HTTPS connection (1): container.googleapis.com:443
2023-11-17 07:50:50,403 DEBUG    urllib3.connectionpool https://container.googleapis.com:443 "POST /v1/projects/cloud-dev-112233/locations/europe-west3-b/clusters?alt=json HTTP/1.1" 200 None
2023-11-17 07:50:50,420 INFO     ___FILE_ONLY___ Creating cluster inel-7917 in europe-west3-b...
2023-11-17 07:50:50,440 DEBUG    urllib3.connectionpool Starting new HTTPS connection (1): container.googleapis.com:443
2023-11-17 07:50:50,660 DEBUG    urllib3.connectionpool https://container.googleapis.com:443 "GET /v1/projects/cloud-dev-112233/locations/europe-west3-b/operations/operation-1700203850330-5092bf2f-e44a-445b-8c87-20a0655d47ef?alt=json HTTP/1.1" 200 None
2023-11-17 07:50:55,670 DEBUG    urllib3.connectionpool Starting new HTTPS connection (1): container.googleapis.com:443
2023-11-17 07:50:55,920 DEBUG    urllib3.connectionpool https://container.googleapis.com:443 "GET /v1/projects/cloud-dev-112233/locations/europe-west3-b/operations/operation-1700203850330-5092bf2f-e44a-445b-8c87-20a0655d47ef?alt=json HTTP/1.1" 200 None
2023-11-17 07:51:00,937 DEBUG    urllib3.connectionpool Starting new HTTPS connection (1): container.googleapis.com:443
2023-11-17 07:51:01,165 DEBUG    urllib3.connectionpool https://container.googleapis.com:443 "GET /v1/projects/cloud-dev-112233/locations/europe-west3-b/operations/operation-1700203850330-5092bf2f-e44a-445b-8c87-20a0655d47ef?alt=json HTTP/1.1" 200 None
2023-11-17 07:51:06,179 DEBUG    urllib3.connectionpool Starting new HTTPS connection (1): container.googleapis.com:443
2023-11-17 07:51:06,605 DEBUG    urllib3.connectionpool https://container.googleapis.com:443 "GET /v1/projects/cloud-dev-112233/locations/europe-west3-b/operations/operation-1700203850330-5092bf2f-e44a-445b-8c87-20a0655d47ef?alt=json HTTP/1.1" 200 None
2023-11-17 07:51:11,616 DEBUG    urllib3.connectionpool Starting new HTTPS connection (1): container.googleapis.com:443
2023-11-17 07:51:11,846 DEBUG    urllib3.connectionpool https://container.googleapis.com:443 "GET /v1/projects/cloud-dev-112233/locations/europe-west3-b/operations/operation-1700203850330-5092bf2f-e44a-445b-8c87-20a0655d47ef?alt=json HTTP/1.1" 200 None
2023-11-17 07:51:16,857 DEBUG    urllib3.connectionpool Starting new HTTPS connection (1): container.googleapis.com:443
2023-11-17 07:51:17,114 DEBUG    urllib3.connectionpool https://container.googleapis.com:443 "GET /v1/projects/cloud-dev-112233/locations/europe-west3-b/operations/operation-1700203850330-5092bf2f-e44a-445b-8c87-20a0655d47ef?alt=json HTTP/1.1" 200 None
2023-11-17 07:51:22,134 DEBUG    urllib3.connectionpool Starting new HTTPS connection (1): container.googleapis.com:443
2023-11-17 07:51:22,363 DEBUG    urllib3.connectionpool https://container.googleapis.com:443 "GET /v1/projects/cloud-dev-112233/locations/europe-west3-b/operations/operation-1700203850330-5092bf2f-e44a-445b-8c87-20a0655d47ef?alt=json HTTP/1.1" 200 None
2023-11-17 07:51:27,380 DEBUG    urllib3.connectionpool Starting new HTTPS connection (1): container.googleapis.com:443
2023-11-17 07:51:27,587 DEBUG    urllib3.connectionpool https://container.googleapis.com:443 "GET /v1/projects/cloud-dev-112233/locations/europe-west3-b/operations/operation-1700203850330-5092bf2f-e44a-445b-8c87-20a0655d47ef?alt=json HTTP/1.1" 200 None
2023-11-17 07:51:32,597 DEBUG    urllib3.connectionpool Starting new HTTPS connection (1): container.googleapis.com:443
2023-11-17 07:51:32,830 DEBUG    urllib3.connectionpool https://container.googleapis.com:443 "GET /v1/projects/cloud-dev-112233/locations/europe-west3-b/operations/operation-1700203850330-5092bf2f-e44a-445b-8c87-20a0655d47ef?alt=json HTTP/1.1" 200 None
2023-11-17 07:51:37,863 DEBUG    urllib3.connectionpool Starting new HTTPS connection (1): container.googleapis.com:443
2023-11-17 07:51:38,087 DEBUG    urllib3.connectionpool https://container.googleapis.com:443 "GET /v1/projects/cloud-dev-112233/locations/europe-west3-b/operations/operation-1700203850330-5092bf2f-e44a-445b-8c87-20a0655d47ef?alt=json HTTP/1.1" 200 None
2023-11-17 07:51:43,101 DEBUG    urllib3.connectionpool Starting new HTTPS connection (1): container.googleapis.com:443
2023-11-17 07:51:43,323 DEBUG    urllib3.connectionpool https://container.googleapis.com:443 "GET /v1/projects/cloud-dev-112233/locations/europe-west3-b/operations/operation-1700203850330-5092bf2f-e44a-445b-8c87-20a0655d47ef?alt=json HTTP/1.1" 200 None
2023-11-17 07:51:48,341 DEBUG    urllib3.connectionpool Starting new HTTPS connection (1): container.googleapis.com:443
2023-11-17 07:51:48,576 DEBUG    urllib3.connectionpool https://container.googleapis.com:443 "GET /v1/projects/cloud-dev-112233/locations/europe-west3-b/operations/operation-1700203850330-5092bf2f-e44a-445b-8c87-20a0655d47ef?alt=json HTTP/1.1" 200 None
2023-11-17 07:51:53,601 DEBUG    urllib3.connectionpool Starting new HTTPS connection (1): container.googleapis.com:443
2023-11-17 07:51:53,831 DEBUG    urllib3.connectionpool https://container.googleapis.com:443 "GET /v1/projects/cloud-dev-112233/locations/europe-west3-b/operations/operation-1700203850330-5092bf2f-e44a-445b-8c87-20a0655d47ef?alt=json HTTP/1.1" 200 None
2023-11-17 07:51:58,855 DEBUG    urllib3.connectionpool Starting new HTTPS connection (1): container.googleapis.com:443
2023-11-17 07:51:59,090 DEBUG    urllib3.connectionpool https://container.googleapis.com:443 "GET /v1/projects/cloud-dev-112233/locations/europe-west3-b/operations/operation-1700203850330-5092bf2f-e44a-445b-8c87-20a0655d47ef?alt=json HTTP/1.1" 200 None
2023-11-17 07:52:04,111 DEBUG    urllib3.connectionpool Starting new HTTPS connection (1): container.googleapis.com:443
2023-11-17 07:52:04,351 DEBUG    urllib3.connectionpool https://container.googleapis.com:443 "GET /v1/projects/cloud-dev-112233/locations/europe-west3-b/operations/operation-1700203850330-5092bf2f-e44a-445b-8c87-20a0655d47ef?alt=json HTTP/1.1" 200 None
2023-11-17 07:52:09,368 DEBUG    urllib3.connectionpool Starting new HTTPS connection (1): container.googleapis.com:443
2023-11-17 07:52:09,594 DEBUG    urllib3.connectionpool https://container.googleapis.com:443 "GET /v1/projects/cloud-dev-112233/locations/europe-west3-b/operations/operation-1700203850330-5092bf2f-e44a-445b-8c87-20a0655d47ef?alt=json HTTP/1.1" 200 None
2023-11-17 07:52:14,608 DEBUG    urllib3.connectionpool Starting new HTTPS connection (1): container.googleapis.com:443
2023-11-17 07:52:15,275 DEBUG    urllib3.connectionpool https://container.googleapis.com:443 "GET /v1/projects/cloud-dev-112233/locations/europe-west3-b/operations/operation-1700203850330-5092bf2f-e44a-445b-8c87-20a0655d47ef?alt=json HTTP/1.1" 200 None
2023-11-17 07:52:20,296 DEBUG    urllib3.connectionpool Starting new HTTPS connection (1): container.googleapis.com:443
2023-11-17 07:52:20,530 DEBUG    urllib3.connectionpool https://container.googleapis.com:443 "GET /v1/projects/cloud-dev-112233/locations/europe-west3-b/operations/operation-1700203850330-5092bf2f-e44a-445b-8c87-20a0655d47ef?alt=json HTTP/1.1" 200 None
2023-11-17 07:52:25,540 DEBUG    urllib3.connectionpool Starting new HTTPS connection (1): container.googleapis.com:443
2023-11-17 07:52:26,277 DEBUG    urllib3.connectionpool https://container.googleapis.com:443 "GET /v1/projects/cloud-dev-112233/locations/europe-west3-b/operations/operation-1700203850330-5092bf2f-e44a-445b-8c87-20a0655d47ef?alt=json HTTP/1.1" 200 None
2023-11-17 07:52:31,290 DEBUG    urllib3.connectionpool Starting new HTTPS connection (1): container.googleapis.com:443
2023-11-17 07:52:31,576 DEBUG    urllib3.connectionpool https://container.googleapis.com:443 "GET /v1/projects/cloud-dev-112233/locations/europe-west3-b/operations/operation-1700203850330-5092bf2f-e44a-445b-8c87-20a0655d47ef?alt=json HTTP/1.1" 200 None
2023-11-17 07:52:36,596 DEBUG    urllib3.connectionpool Starting new HTTPS connection (1): container.googleapis.com:443
2023-11-17 07:52:36,820 DEBUG    urllib3.connectionpool https://container.googleapis.com:443 "GET /v1/projects/cloud-dev-112233/locations/europe-west3-b/operations/operation-1700203850330-5092bf2f-e44a-445b-8c87-20a0655d47ef?alt=json HTTP/1.1" 200 None
2023-11-17 07:52:41,833 DEBUG    urllib3.connectionpool Starting new HTTPS connection (1): container.googleapis.com:443
2023-11-17 07:52:42,035 DEBUG    urllib3.connectionpool https://container.googleapis.com:443 "GET /v1/projects/cloud-dev-112233/locations/europe-west3-b/operations/operation-1700203850330-5092bf2f-e44a-445b-8c87-20a0655d47ef?alt=json HTTP/1.1" 200 None
2023-11-17 07:52:47,052 DEBUG    urllib3.connectionpool Starting new HTTPS connection (1): container.googleapis.com:443
2023-11-17 07:52:47,290 DEBUG    urllib3.connectionpool https://container.googleapis.com:443 "GET /v1/projects/cloud-dev-112233/locations/europe-west3-b/operations/operation-1700203850330-5092bf2f-e44a-445b-8c87-20a0655d47ef?alt=json HTTP/1.1" 200 None
2023-11-17 07:52:52,307 DEBUG    urllib3.connectionpool Starting new HTTPS connection (1): container.googleapis.com:443
2023-11-17 07:52:52,532 DEBUG    urllib3.connectionpool https://container.googleapis.com:443 "GET /v1/projects/cloud-dev-112233/locations/europe-west3-b/operations/operation-1700203850330-5092bf2f-e44a-445b-8c87-20a0655d47ef?alt=json HTTP/1.1" 200 None
2023-11-17 07:52:57,543 DEBUG    urllib3.connectionpool Starting new HTTPS connection (1): container.googleapis.com:443
2023-11-17 07:52:57,737 DEBUG    urllib3.connectionpool https://container.googleapis.com:443 "GET /v1/projects/cloud-dev-112233/locations/europe-west3-b/operations/operation-1700203850330-5092bf2f-e44a-445b-8c87-20a0655d47ef?alt=json HTTP/1.1" 200 None
2023-11-17 07:53:02,748 DEBUG    urllib3.connectionpool Starting new HTTPS connection (1): container.googleapis.com:443
2023-11-17 07:53:03,001 DEBUG    urllib3.connectionpool https://container.googleapis.com:443 "GET /v1/projects/cloud-dev-112233/locations/europe-west3-b/operations/operation-1700203850330-5092bf2f-e44a-445b-8c87-20a0655d47ef?alt=json HTTP/1.1" 200 None
2023-11-17 07:53:08,026 DEBUG    urllib3.connectionpool Starting new HTTPS connection (1): container.googleapis.com:443
2023-11-17 07:53:08,277 DEBUG    urllib3.connectionpool https://container.googleapis.com:443 "GET /v1/projects/cloud-dev-112233/locations/europe-west3-b/operations/operation-1700203850330-5092bf2f-e44a-445b-8c87-20a0655d47ef?alt=json HTTP/1.1" 200 None
2023-11-17 07:53:13,299 DEBUG    urllib3.connectionpool Starting new HTTPS connection (1): container.googleapis.com:443
2023-11-17 07:53:13,536 DEBUG    urllib3.connectionpool https://container.googleapis.com:443 "GET /v1/projects/cloud-dev-112233/locations/europe-west3-b/operations/operation-1700203850330-5092bf2f-e44a-445b-8c87-20a0655d47ef?alt=json HTTP/1.1" 200 None
2023-11-17 07:53:18,552 DEBUG    urllib3.connectionpool Starting new HTTPS connection (1): container.googleapis.com:443
2023-11-17 07:53:18,788 DEBUG    urllib3.connectionpool https://container.googleapis.com:443 "GET /v1/projects/cloud-dev-112233/locations/europe-west3-b/operations/operation-1700203850330-5092bf2f-e44a-445b-8c87-20a0655d47ef?alt=json HTTP/1.1" 200 None
2023-11-17 07:53:23,817 DEBUG    urllib3.connectionpool Starting new HTTPS connection (1): container.googleapis.com:443
2023-11-17 07:53:24,048 DEBUG    urllib3.connectionpool https://container.googleapis.com:443 "GET /v1/projects/cloud-dev-112233/locations/europe-west3-b/operations/operation-1700203850330-5092bf2f-e44a-445b-8c87-20a0655d47ef?alt=json HTTP/1.1" 200 None
2023-11-17 07:53:29,062 DEBUG    urllib3.connectionpool Starting new HTTPS connection (1): container.googleapis.com:443
2023-11-17 07:53:29,522 DEBUG    urllib3.connectionpool https://container.googleapis.com:443 "GET /v1/projects/cloud-dev-112233/locations/europe-west3-b/operations/operation-1700203850330-5092bf2f-e44a-445b-8c87-20a0655d47ef?alt=json HTTP/1.1" 200 None
2023-11-17 07:53:34,533 DEBUG    urllib3.connectionpool Starting new HTTPS connection (1): container.googleapis.com:443
2023-11-17 07:53:34,961 DEBUG    urllib3.connectionpool https://container.googleapis.com:443 "GET /v1/projects/cloud-dev-112233/locations/europe-west3-b/operations/operation-1700203850330-5092bf2f-e44a-445b-8c87-20a0655d47ef?alt=json HTTP/1.1" 200 None
2023-11-17 07:53:39,980 DEBUG    urllib3.connectionpool Starting new HTTPS connection (1): container.googleapis.com:443
2023-11-17 07:53:40,226 DEBUG    urllib3.connectionpool https://container.googleapis.com:443 "GET /v1/projects/cloud-dev-112233/locations/europe-west3-b/operations/operation-1700203850330-5092bf2f-e44a-445b-8c87-20a0655d47ef?alt=json HTTP/1.1" 200 None
2023-11-17 07:53:45,247 DEBUG    urllib3.connectionpool Starting new HTTPS connection (1): container.googleapis.com:443
2023-11-17 07:53:45,481 DEBUG    urllib3.connectionpool https://container.googleapis.com:443 "GET /v1/projects/cloud-dev-112233/locations/europe-west3-b/operations/operation-1700203850330-5092bf2f-e44a-445b-8c87-20a0655d47ef?alt=json HTTP/1.1" 200 None
2023-11-17 07:53:50,497 DEBUG    urllib3.connectionpool Starting new HTTPS connection (1): container.googleapis.com:443
2023-11-17 07:53:50,708 DEBUG    urllib3.connectionpool https://container.googleapis.com:443 "GET /v1/projects/cloud-dev-112233/locations/europe-west3-b/operations/operation-1700203850330-5092bf2f-e44a-445b-8c87-20a0655d47ef?alt=json HTTP/1.1" 200 None
2023-11-17 07:53:55,724 DEBUG    urllib3.connectionpool Starting new HTTPS connection (1): container.googleapis.com:443
2023-11-17 07:53:55,982 DEBUG    urllib3.connectionpool https://container.googleapis.com:443 "GET /v1/projects/cloud-dev-112233/locations/europe-west3-b/operations/operation-1700203850330-5092bf2f-e44a-445b-8c87-20a0655d47ef?alt=json HTTP/1.1" 200 None
2023-11-17 07:54:00,996 DEBUG    urllib3.connectionpool Starting new HTTPS connection (1): container.googleapis.com:443
2023-11-17 07:54:01,213 DEBUG    urllib3.connectionpool https://container.googleapis.com:443 "GET /v1/projects/cloud-dev-112233/locations/europe-west3-b/operations/operation-1700203850330-5092bf2f-e44a-445b-8c87-20a0655d47ef?alt=json HTTP/1.1" 200 None
2023-11-17 07:54:06,229 DEBUG    urllib3.connectionpool Starting new HTTPS connection (1): container.googleapis.com:443
2023-11-17 07:54:06,461 DEBUG    urllib3.connectionpool https://container.googleapis.com:443 "GET /v1/projects/cloud-dev-112233/locations/europe-west3-b/operations/operation-1700203850330-5092bf2f-e44a-445b-8c87-20a0655d47ef?alt=json HTTP/1.1" 200 None
2023-11-17 07:54:11,478 DEBUG    urllib3.connectionpool Starting new HTTPS connection (1): container.googleapis.com:443
2023-11-17 07:54:11,712 DEBUG    urllib3.connectionpool https://container.googleapis.com:443 "GET /v1/projects/cloud-dev-112233/locations/europe-west3-b/operations/operation-1700203850330-5092bf2f-e44a-445b-8c87-20a0655d47ef?alt=json HTTP/1.1" 200 None
2023-11-17 07:54:16,736 DEBUG    urllib3.connectionpool Starting new HTTPS connection (1): container.googleapis.com:443
2023-11-17 07:54:16,954 DEBUG    urllib3.connectionpool https://container.googleapis.com:443 "GET /v1/projects/cloud-dev-112233/locations/europe-west3-b/operations/operation-1700203850330-5092bf2f-e44a-445b-8c87-20a0655d47ef?alt=json HTTP/1.1" 200 None
2023-11-17 07:54:21,970 DEBUG    urllib3.connectionpool Starting new HTTPS connection (1): container.googleapis.com:443
2023-11-17 07:54:22,203 DEBUG    urllib3.connectionpool https://container.googleapis.com:443 "GET /v1/projects/cloud-dev-112233/locations/europe-west3-b/operations/operation-1700203850330-5092bf2f-e44a-445b-8c87-20a0655d47ef?alt=json HTTP/1.1" 200 None
2023-11-17 07:54:27,212 DEBUG    urllib3.connectionpool Starting new HTTPS connection (1): container.googleapis.com:443
2023-11-17 07:54:27,447 DEBUG    urllib3.connectionpool https://container.googleapis.com:443 "GET /v1/projects/cloud-dev-112233/locations/europe-west3-b/operations/operation-1700203850330-5092bf2f-e44a-445b-8c87-20a0655d47ef?alt=json HTTP/1.1" 200 None
2023-11-17 07:54:32,465 DEBUG    urllib3.connectionpool Starting new HTTPS connection (1): container.googleapis.com:443
2023-11-17 07:54:32,683 DEBUG    urllib3.connectionpool https://container.googleapis.com:443 "GET /v1/projects/cloud-dev-112233/locations/europe-west3-b/operations/operation-1700203850330-5092bf2f-e44a-445b-8c87-20a0655d47ef?alt=json HTTP/1.1" 200 None
2023-11-17 07:54:37,694 DEBUG    urllib3.connectionpool Starting new HTTPS connection (1): container.googleapis.com:443
2023-11-17 07:54:37,919 DEBUG    urllib3.connectionpool https://container.googleapis.com:443 "GET /v1/projects/cloud-dev-112233/locations/europe-west3-b/operations/operation-1700203850330-5092bf2f-e44a-445b-8c87-20a0655d47ef?alt=json HTTP/1.1" 200 None
2023-11-17 07:54:42,941 DEBUG    urllib3.connectionpool Starting new HTTPS connection (1): container.googleapis.com:443
2023-11-17 07:54:43,167 DEBUG    urllib3.connectionpool https://container.googleapis.com:443 "GET /v1/projects/cloud-dev-112233/locations/europe-west3-b/operations/operation-1700203850330-5092bf2f-e44a-445b-8c87-20a0655d47ef?alt=json HTTP/1.1" 200 None
2023-11-17 07:54:48,187 DEBUG    urllib3.connectionpool Starting new HTTPS connection (1): container.googleapis.com:443
2023-11-17 07:54:48,420 DEBUG    urllib3.connectionpool https://container.googleapis.com:443 "GET /v1/projects/cloud-dev-112233/locations/europe-west3-b/operations/operation-1700203850330-5092bf2f-e44a-445b-8c87-20a0655d47ef?alt=json HTTP/1.1" 200 None
2023-11-17 07:54:53,426 DEBUG    urllib3.connectionpool Starting new HTTPS connection (1): container.googleapis.com:443
2023-11-17 07:54:53,652 DEBUG    urllib3.connectionpool https://container.googleapis.com:443 "GET /v1/projects/cloud-dev-112233/locations/europe-west3-b/operations/operation-1700203850330-5092bf2f-e44a-445b-8c87-20a0655d47ef?alt=json HTTP/1.1" 200 None
2023-11-17 07:54:58,667 DEBUG    urllib3.connectionpool Starting new HTTPS connection (1): container.googleapis.com:443
2023-11-17 07:54:58,886 DEBUG    urllib3.connectionpool https://container.googleapis.com:443 "GET /v1/projects/cloud-dev-112233/locations/europe-west3-b/operations/operation-1700203850330-5092bf2f-e44a-445b-8c87-20a0655d47ef?alt=json HTTP/1.1" 200 None
2023-11-17 07:55:03,900 DEBUG    urllib3.connectionpool Starting new HTTPS connection (1): container.googleapis.com:443
2023-11-17 07:55:04,142 DEBUG    urllib3.connectionpool https://container.googleapis.com:443 "GET /v1/projects/cloud-dev-112233/locations/europe-west3-b/operations/operation-1700203850330-5092bf2f-e44a-445b-8c87-20a0655d47ef?alt=json HTTP/1.1" 200 None
2023-11-17 07:55:09,158 DEBUG    urllib3.connectionpool Starting new HTTPS connection (1): container.googleapis.com:443
2023-11-17 07:55:09,410 DEBUG    urllib3.connectionpool https://container.googleapis.com:443 "GET /v1/projects/cloud-dev-112233/locations/europe-west3-b/operations/operation-1700203850330-5092bf2f-e44a-445b-8c87-20a0655d47ef?alt=json HTTP/1.1" 200 None
2023-11-17 07:55:14,427 DEBUG    urllib3.connectionpool Starting new HTTPS connection (1): container.googleapis.com:443
2023-11-17 07:55:14,658 DEBUG    urllib3.connectionpool https://container.googleapis.com:443 "GET /v1/projects/cloud-dev-112233/locations/europe-west3-b/operations/operation-1700203850330-5092bf2f-e44a-445b-8c87-20a0655d47ef?alt=json HTTP/1.1" 200 None
2023-11-17 07:55:19,679 DEBUG    urllib3.connectionpool Starting new HTTPS connection (1): container.googleapis.com:443
2023-11-17 07:55:19,899 DEBUG    urllib3.connectionpool https://container.googleapis.com:443 "GET /v1/projects/cloud-dev-112233/locations/europe-west3-b/operations/operation-1700203850330-5092bf2f-e44a-445b-8c87-20a0655d47ef?alt=json HTTP/1.1" 200 None
2023-11-17 07:55:24,916 DEBUG    urllib3.connectionpool Starting new HTTPS connection (1): container.googleapis.com:443
2023-11-17 07:55:25,134 DEBUG    urllib3.connectionpool https://container.googleapis.com:443 "GET /v1/projects/cloud-dev-112233/locations/europe-west3-b/operations/operation-1700203850330-5092bf2f-e44a-445b-8c87-20a0655d47ef?alt=json HTTP/1.1" 200 None
2023-11-17 07:55:30,150 DEBUG    urllib3.connectionpool Starting new HTTPS connection (1): container.googleapis.com:443
2023-11-17 07:55:30,344 DEBUG    urllib3.connectionpool https://container.googleapis.com:443 "GET /v1/projects/cloud-dev-112233/locations/europe-west3-b/operations/operation-1700203850330-5092bf2f-e44a-445b-8c87-20a0655d47ef?alt=json HTTP/1.1" 200 None
2023-11-17 07:55:35,359 DEBUG    urllib3.connectionpool Starting new HTTPS connection (1): container.googleapis.com:443
2023-11-17 07:55:35,588 DEBUG    urllib3.connectionpool https://container.googleapis.com:443 "GET /v1/projects/cloud-dev-112233/locations/europe-west3-b/operations/operation-1700203850330-5092bf2f-e44a-445b-8c87-20a0655d47ef?alt=json HTTP/1.1" 200 None
2023-11-17 07:55:40,604 DEBUG    urllib3.connectionpool Starting new HTTPS connection (1): container.googleapis.com:443
2023-11-17 07:55:40,848 DEBUG    urllib3.connectionpool https://container.googleapis.com:443 "GET /v1/projects/cloud-dev-112233/locations/europe-west3-b/operations/operation-1700203850330-5092bf2f-e44a-445b-8c87-20a0655d47ef?alt=json HTTP/1.1" 200 None
2023-11-17 07:55:45,863 DEBUG    urllib3.connectionpool Starting new HTTPS connection (1): container.googleapis.com:443
2023-11-17 07:55:46,090 DEBUG    urllib3.connectionpool https://container.googleapis.com:443 "GET /v1/projects/cloud-dev-112233/locations/europe-west3-b/operations/operation-1700203850330-5092bf2f-e44a-445b-8c87-20a0655d47ef?alt=json HTTP/1.1" 200 None
2023-11-17 07:55:51,103 DEBUG    urllib3.connectionpool Starting new HTTPS connection (1): container.googleapis.com:443
2023-11-17 07:55:51,333 DEBUG    urllib3.connectionpool https://container.googleapis.com:443 "GET /v1/projects/cloud-dev-112233/locations/europe-west3-b/operations/operation-1700203850330-5092bf2f-e44a-445b-8c87-20a0655d47ef?alt=json HTTP/1.1" 200 None
2023-11-17 07:55:56,351 DEBUG    urllib3.connectionpool Starting new HTTPS connection (1): container.googleapis.com:443
2023-11-17 07:55:56,617 DEBUG    urllib3.connectionpool https://container.googleapis.com:443 "GET /v1/projects/cloud-dev-112233/locations/europe-west3-b/operations/operation-1700203850330-5092bf2f-e44a-445b-8c87-20a0655d47ef?alt=json HTTP/1.1" 200 None
2023-11-17 07:56:01,639 DEBUG    urllib3.connectionpool Starting new HTTPS connection (1): container.googleapis.com:443
2023-11-17 07:56:01,862 DEBUG    urllib3.connectionpool https://container.googleapis.com:443 "GET /v1/projects/cloud-dev-112233/locations/europe-west3-b/operations/operation-1700203850330-5092bf2f-e44a-445b-8c87-20a0655d47ef?alt=json HTTP/1.1" 200 None
2023-11-17 07:56:06,881 DEBUG    urllib3.connectionpool Starting new HTTPS connection (1): container.googleapis.com:443
2023-11-17 07:56:07,083 DEBUG    urllib3.connectionpool https://container.googleapis.com:443 "GET /v1/projects/cloud-dev-112233/locations/europe-west3-b/operations/operation-1700203850330-5092bf2f-e44a-445b-8c87-20a0655d47ef?alt=json HTTP/1.1" 200 None
2023-11-17 07:56:12,100 DEBUG    urllib3.connectionpool Starting new HTTPS connection (1): container.googleapis.com:443
2023-11-17 07:56:12,337 DEBUG    urllib3.connectionpool https://container.googleapis.com:443 "GET /v1/projects/cloud-dev-112233/locations/europe-west3-b/operations/operation-1700203850330-5092bf2f-e44a-445b-8c87-20a0655d47ef?alt=json HTTP/1.1" 200 None
2023-11-17 07:56:17,354 DEBUG    urllib3.connectionpool Starting new HTTPS connection (1): container.googleapis.com:443
2023-11-17 07:56:17,612 DEBUG    urllib3.connectionpool https://container.googleapis.com:443 "GET /v1/projects/cloud-dev-112233/locations/europe-west3-b/operations/operation-1700203850330-5092bf2f-e44a-445b-8c87-20a0655d47ef?alt=json HTTP/1.1" 200 None
2023-11-17 07:56:22,623 DEBUG    urllib3.connectionpool Starting new HTTPS connection (1): container.googleapis.com:443
2023-11-17 07:56:22,876 DEBUG    urllib3.connectionpool https://container.googleapis.com:443 "GET /v1/projects/cloud-dev-112233/locations/europe-west3-b/operations/operation-1700203850330-5092bf2f-e44a-445b-8c87-20a0655d47ef?alt=json HTTP/1.1" 200 None
2023-11-17 07:56:22,881 INFO     root            Operation <Operation
 clusterConditions: []
 endTime: '2023-11-17T06:56:21.851978536Z'
 name: 'operation-1700203850330-5092bf2f-e44a-445b-8c87-20a0655d47ef'
 nodepoolConditions: []
 operationType: OperationTypeValueValuesEnum(CREATE_CLUSTER, 1)
 progress: <OperationProgress
 metrics: [<Metric
 intValue: 10
 name: 'CLUSTER_CONFIGURING'>, <Metric
 intValue: 10
 name: 'CLUSTER_CONFIGURING_TOTAL'>, <Metric
 intValue: 12
 name: 'CLUSTER_DEPLOYING'>, <Metric
 intValue: 12
 name: 'CLUSTER_DEPLOYING_TOTAL'>, <Metric
 intValue: 1
 name: 'CLUSTER_HEALTHCHECKING'>, <Metric
 intValue: 2
 name: 'CLUSTER_HEALTHCHECKING_TOTAL'>]
 stages: []>
 selfLink: 'https://container.googleapis.com/v1/projects/166042509722/zones/europe-west3-b/operations/operation-1700203850330-5092bf2f-e44a-445b-8c87-20a0655d47ef'
 startTime: '2023-11-17T06:50:50.330428016Z'
 status: StatusValueValuesEnum(DONE, 3)
 targetLink: 'https://container.googleapis.com/v1/projects/166042509722/zones/europe-west3-b/clusters/inel-7917'
 zone: 'europe-west3-b'> succeeded after 332.460 seconds
2023-11-17 07:56:23,053 DEBUG    urllib3.connectionpool Starting new HTTPS connection (1): container.googleapis.com:443
2023-11-17 07:56:23,298 DEBUG    urllib3.connectionpool https://container.googleapis.com:443 "GET /v1/projects/cloud-dev-112233/locations/europe-west3-b/clusters/inel-7917?alt=json HTTP/1.1" 200 None
2023-11-17 07:56:23,301 INFO     ___FILE_ONLY___ Created [https://container.googleapis.com/v1/projects/cloud-dev-112233/zones/europe-west3-b/clusters/inel-7917].

2023-11-17 07:56:23,302 INFO     ___FILE_ONLY___ To inspect the contents of your cluster, go to: https://console.cloud.google.com/kubernetes/workload_/gcloud/europe-west3-b/inel-7917?project=cloud-dev-112233

2023-11-17 07:56:24,287 DEBUG    root            Saved kubeconfig to /Users/inelpandzic/.kube/config
2023-11-17 07:56:24,287 INFO     ___FILE_ONLY___ kubeconfig entry generated for inel-7917.

2023-11-17 07:56:24,287 DEBUG    root            Chosen display Format:
    table(
        name,
        zone:label=LOCATION,
        master_version():label=MASTER_VERSION,
        endpoint:label=MASTER_IP,
        nodePools[0].config.machineType,
        currentNodeVersion:label=NODE_VERSION,
        firstof(currentNodeCount,initialNodeCount):label=NUM_NODES,
        status
    )

2023-11-17 07:56:24,288 INFO     root            Display format: "
    table(
        name,
        zone:label=LOCATION,
        master_version():label=MASTER_VERSION,
        endpoint:label=MASTER_IP,
        nodePools[0].config.machineType,
        currentNodeVersion:label=NODE_VERSION,
        firstof(currentNodeCount,initialNodeCount):label=NUM_NODES,
        status
    )
"
2023-11-17 07:56:24,290 INFO     ___FILE_ONLY___ NAME
2023-11-17 07:56:24,290 INFO     ___FILE_ONLY___        
2023-11-17 07:56:24,290 INFO     ___FILE_ONLY___ LOCATION
2023-11-17 07:56:24,290 INFO     ___FILE_ONLY___         
2023-11-17 07:56:24,290 INFO     ___FILE_ONLY___ MASTER_VERSION
2023-11-17 07:56:24,290 INFO     ___FILE_ONLY___        
2023-11-17 07:56:24,290 INFO     ___FILE_ONLY___ MASTER_IP
2023-11-17 07:56:24,290 INFO     ___FILE_ONLY___       
2023-11-17 07:56:24,290 INFO     ___FILE_ONLY___ MACHINE_TYPE
2023-11-17 07:56:24,290 INFO     ___FILE_ONLY___    
2023-11-17 07:56:24,290 INFO     ___FILE_ONLY___ NODE_VERSION
2023-11-17 07:56:24,290 INFO     ___FILE_ONLY___          
2023-11-17 07:56:24,290 INFO     ___FILE_ONLY___ NUM_NODES
2023-11-17 07:56:24,290 INFO     ___FILE_ONLY___   
2023-11-17 07:56:24,290 INFO     ___FILE_ONLY___ STATUS
2023-11-17 07:56:24,290 INFO     ___FILE_ONLY___ 

2023-11-17 07:56:24,290 INFO     ___FILE_ONLY___ inel-7917
2023-11-17 07:56:24,290 INFO     ___FILE_ONLY___   
2023-11-17 07:56:24,290 INFO     ___FILE_ONLY___ europe-west3-b
2023-11-17 07:56:24,290 INFO     ___FILE_ONLY___   
2023-11-17 07:56:24,290 INFO     ___FILE_ONLY___ 1.25.15-gke.1115000
2023-11-17 07:56:24,290 INFO     ___FILE_ONLY___   
2023-11-17 07:56:24,290 INFO     ___FILE_ONLY___ 35.234.69.252
2023-11-17 07:56:24,290 INFO     ___FILE_ONLY___   
2023-11-17 07:56:24,291 INFO     ___FILE_ONLY___ n1-standard-4
2023-11-17 07:56:24,291 INFO     ___FILE_ONLY___   
2023-11-17 07:56:24,291 INFO     ___FILE_ONLY___ 1.25.15-gke.1115000
2023-11-17 07:56:24,291 INFO     ___FILE_ONLY___   
2023-11-17 07:56:24,291 INFO     ___FILE_ONLY___ 3
2023-11-17 07:56:24,291 INFO     ___FILE_ONLY___           
2023-11-17 07:56:24,291 INFO     ___FILE_ONLY___ RUNNING
2023-11-17 07:56:24,291 INFO     ___FILE_ONLY___ 

2023-11-17 07:56:24,297 DEBUG    root            Metrics reporting process started...
