2023-11-17 09:50:59,709 DEBUG    root            Loaded Command Group: ['gcloud', 'config']
2023-11-17 09:50:59,711 DEBUG    root            Loaded Command Group: ['gcloud', 'config', 'config_helper']
2023-11-17 09:50:59,712 DEBUG    root            Running [gcloud.config.config-helper] with arguments: [--format: "json"]
2023-11-17 09:50:59,723 DEBUG    google.auth.transport.requests Making request: POST https://oauth2.googleapis.com/token
2023-11-17 09:50:59,737 DEBUG    urllib3.connectionpool Starting new HTTPS connection (1): oauth2.googleapis.com:443
2023-11-17 09:50:59,900 DEBUG    urllib3.connectionpool https://oauth2.googleapis.com:443 "POST /token HTTP/1.1" 200 None
2023-11-17 09:50:59,909 DEBUG    root            Chosen display Format:default json
2023-11-17 09:50:59,909 INFO     root            Display format: "default json"
2023-11-17 09:50:59,909 INFO     ___FILE_ONLY___ {
  "configuration": {
    "active_configuration": "percona-cloud-dev",
    "properties": {
      "core": {
        "account": "inel.pandzic@percona.com",
        "disable_usage_reporting": "False",
        "project": "cloud-dev-112233"
      }
    }
  },
  "credential": {
    "access_token": "ya29.a0AfB_byAPwzQZixQohDND7Zf-aNz2y2Z394XyrWaENAbgcfRZ3iacUlpQuC1pMya2G_OaiglBQeNGtcBUyuqxY-7c711D0oRw8aXGZOkf89yEkQHcSitTkfju0iXtJRGpsljgicRNw_MsGA0EN_0hJtWRaoxwhseBynW7aS_6DgI4aCgYKAZYSARESFQHGX2MiuxnLuyqupV2GEXBfhFY5LA0179",
    "id_token": "eyJhbGciOiJSUzI1NiIsImtpZCI6IjViMzcwNjk2MGUzZTYwMDI0YTI2NTVlNzhjZmE2M2Y4N2M5N2QzMDkiLCJ0eXAiOiJKV1QifQ.eyJpc3MiOiJodHRwczovL2FjY291bnRzLmdvb2dsZS5jb20iLCJhenAiOiIzMjU1NTk0MDU1OS5hcHBzLmdvb2dsZXVzZXJjb250ZW50LmNvbSIsImF1ZCI6IjMyNTU1OTQwNTU5LmFwcHMuZ29vZ2xldXNlcmNvbnRlbnQuY29tIiwic3ViIjoiMTA3NDA5ODEzMzQ0NTU5NDQzNDA3IiwiaGQiOiJwZXJjb25hLmNvbSIsImVtYWlsIjoiaW5lbC5wYW5kemljQHBlcmNvbmEuY29tIiwiZW1haWxfdmVyaWZpZWQiOnRydWUsImF0X2hhc2giOiJjSThFUFFHUVVOeUZxaWhULUM3RV9BIiwiaWF0IjoxNzAwMjExMDU5LCJleHAiOjE3MDAyMTQ2NTl9.xiaEnKBsO3PztYWHBWML7SsUYbYreeSfgQPyZ5_3Dy8k0H35jOEtRMPwPh8Fr8_D11T4man896gCsgkASY8JGFDzr_bTaT7NKbxn6el_Qz2ZijrIz4jnvcjbYrkTcLAHV6SExmWBMmbGpaxn-onk_D0R-IF1a5pHMors45xMt2bBwYDWtx1vP6_96Wx1udly6JAHJ0GgAPsYkNiIuRfXL9JsMcAepnf4nPdtec2ieMbvCitn3Lgkevta0wL7hPwPa7TiGjUx3P6pZKKTZUtHZ-TrnOaJPonlTi4DhfxgBGfyBfpPTRBjKE7QfY1nrDs_DcpiShkkekgwFErm9UUMoA",
    "token_expiry": "2023-11-17T09:50:58Z"
  },
  "sentinels": {
    "config_sentinel": "/Users/inelpandzic/.config/gcloud/config_sentinel"
  }
}
2023-11-17 09:50:59,909 INFO     ___FILE_ONLY___ 

2023-11-17 09:50:59,919 DEBUG    root            Metrics reporting process started...
