2023-11-17 15:42:08,407 DEBUG    root            Loaded Command Group: ['gcloud', 'container', 'clusters']
2023-11-17 15:42:08,410 DEBUG    root            Loaded Command Group: ['gcloud', 'container', 'clusters', 'list']
2023-11-17 15:42:08,424 DEBUG    root            Running [gcloud.container.clusters.list] with arguments: []
2023-11-17 15:42:08,474 DEBUG    urllib3.connectionpool Starting new HTTPS connection (1): container.googleapis.com:443
2023-11-17 15:42:09,105 DEBUG    urllib3.connectionpool https://container.googleapis.com:443 "GET /v1/projects/cloud-dev-112233/locations/-/clusters?alt=json HTTP/1.1" 200 None
2023-11-17 15:42:09,176 DEBUG    root            Chosen display Format:
    table(
        name,
        zone:label=LOCATION,
        master_version():label=MASTER_VERSION,
        endpoint:label=MASTER_IP,
        nodePools[0].config.machineType,
        currentNodeVersion:label=NODE_VERSION,
        firstof(currentNodeCount,initialNodeCount):label=NUM_NODES,
        status
    )

2023-11-17 15:42:09,177 INFO     root            Display format: "
    table(
        name,
        zone:label=LOCATION,
        master_version():label=MASTER_VERSION,
        endpoint:label=MASTER_IP,
        nodePools[0].config.machineType,
        currentNodeVersion:label=NODE_VERSION,
        firstof(currentNodeCount,initialNodeCount):label=NUM_NODES,
        status
    )
"
2023-11-17 15:42:09,201 INFO     ___FILE_ONLY___ NAME
2023-11-17 15:42:09,201 INFO     ___FILE_ONLY___                                 
2023-11-17 15:42:09,201 INFO     ___FILE_ONLY___ LOCATION
2023-11-17 15:42:09,201 INFO     ___FILE_ONLY___         
2023-11-17 15:42:09,201 INFO     ___FILE_ONLY___ MASTER_VERSION
2023-11-17 15:42:09,201 INFO     ___FILE_ONLY___        
2023-11-17 15:42:09,201 INFO     ___FILE_ONLY___ MASTER_IP
2023-11-17 15:42:09,202 INFO     ___FILE_ONLY___        
2023-11-17 15:42:09,202 INFO     ___FILE_ONLY___ MACHINE_TYPE
2023-11-17 15:42:09,202 INFO     ___FILE_ONLY___    
2023-11-17 15:42:09,202 INFO     ___FILE_ONLY___ NODE_VERSION
2023-11-17 15:42:09,202 INFO     ___FILE_ONLY___          
2023-11-17 15:42:09,202 INFO     ___FILE_ONLY___ NUM_NODES
2023-11-17 15:42:09,202 INFO     ___FILE_ONLY___   
2023-11-17 15:42:09,202 INFO     ___FILE_ONLY___ STATUS
2023-11-17 15:42:09,202 INFO     ___FILE_ONLY___ 

2023-11-17 15:42:09,202 INFO     ___FILE_ONLY___ plavi-128
2023-11-17 15:42:09,202 INFO     ___FILE_ONLY___                            
2023-11-17 15:42:09,202 INFO     ___FILE_ONLY___ europe-west1-c
2023-11-17 15:42:09,202 INFO     ___FILE_ONLY___   
2023-11-17 15:42:09,202 INFO     ___FILE_ONLY___ 1.28.3-gke.1203000
2023-11-17 15:42:09,202 INFO     ___FILE_ONLY___    
2023-11-17 15:42:09,202 INFO     ___FILE_ONLY___ 34.77.197.74
2023-11-17 15:42:09,202 INFO     ___FILE_ONLY___     
2023-11-17 15:42:09,202 INFO     ___FILE_ONLY___ n1-standard-4
2023-11-17 15:42:09,202 INFO     ___FILE_ONLY___   
2023-11-17 15:42:09,202 INFO     ___FILE_ONLY___ 1.28.3-gke.1203000
2023-11-17 15:42:09,202 INFO     ___FILE_ONLY___    
2023-11-17 15:42:09,202 INFO     ___FILE_ONLY___ 3
2023-11-17 15:42:09,202 INFO     ___FILE_ONLY___           
2023-11-17 15:42:09,202 INFO     ___FILE_ONLY___ RUNNING
2023-11-17 15:42:09,202 INFO     ___FILE_ONLY___ 

2023-11-17 15:42:09,202 INFO     ___FILE_ONLY___ slava-pxc
2023-11-17 15:42:09,202 INFO     ___FILE_ONLY___                            
2023-11-17 15:42:09,202 INFO     ___FILE_ONLY___ europe-west1-c
2023-11-17 15:42:09,202 INFO     ___FILE_ONLY___   
2023-11-17 15:42:09,202 INFO     ___FILE_ONLY___ 1.27.7-gke.1121000
2023-11-17 15:42:09,202 INFO     ___FILE_ONLY___    
2023-11-17 15:42:09,202 INFO     ___FILE_ONLY___ 34.78.252.104
2023-11-17 15:42:09,202 INFO     ___FILE_ONLY___    
2023-11-17 15:42:09,202 INFO     ___FILE_ONLY___ n1-standard-4
2023-11-17 15:42:09,202 INFO     ___FILE_ONLY___   
2023-11-17 15:42:09,202 INFO     ___FILE_ONLY___ 1.27.7-gke.1121000
2023-11-17 15:42:09,202 INFO     ___FILE_ONLY___    
2023-11-17 15:42:09,202 INFO     ___FILE_ONLY___ 3
2023-11-17 15:42:09,202 INFO     ___FILE_ONLY___           
2023-11-17 15:42:09,202 INFO     ___FILE_ONLY___ RUNNING
2023-11-17 15:42:09,202 INFO     ___FILE_ONLY___ 

2023-11-17 15:42:09,202 INFO     ___FILE_ONLY___ ege-7906
2023-11-17 15:42:09,203 INFO     ___FILE_ONLY___                             
2023-11-17 15:42:09,203 INFO     ___FILE_ONLY___ europe-west3
2023-11-17 15:42:09,203 INFO     ___FILE_ONLY___     
2023-11-17 15:42:09,203 INFO     ___FILE_ONLY___ 1.28.3-gke.1203000
2023-11-17 15:42:09,203 INFO     ___FILE_ONLY___    
2023-11-17 15:42:09,203 INFO     ___FILE_ONLY___ 35.198.158.100
2023-11-17 15:42:09,203 INFO     ___FILE_ONLY___   
2023-11-17 15:42:09,203 INFO     ___FILE_ONLY___ n1-standard-4
2023-11-17 15:42:09,203 INFO     ___FILE_ONLY___   
2023-11-17 15:42:09,203 INFO     ___FILE_ONLY___ 1.28.3-gke.1203000
2023-11-17 15:42:09,203 INFO     ___FILE_ONLY___    
2023-11-17 15:42:09,203 INFO     ___FILE_ONLY___ 3
2023-11-17 15:42:09,203 INFO     ___FILE_ONLY___           
2023-11-17 15:42:09,203 INFO     ___FILE_ONLY___ RUNNING
2023-11-17 15:42:09,203 INFO     ___FILE_ONLY___ 

2023-11-17 15:42:09,203 INFO     ___FILE_ONLY___ inel-7917
2023-11-17 15:42:09,203 INFO     ___FILE_ONLY___                            
2023-11-17 15:42:09,203 INFO     ___FILE_ONLY___ europe-west3-b
2023-11-17 15:42:09,203 INFO     ___FILE_ONLY___   
2023-11-17 15:42:09,203 INFO     ___FILE_ONLY___ 1.25.15-gke.1115000
2023-11-17 15:42:09,203 INFO     ___FILE_ONLY___   
2023-11-17 15:42:09,203 INFO     ___FILE_ONLY___ 35.234.69.252
2023-11-17 15:42:09,203 INFO     ___FILE_ONLY___    
2023-11-17 15:42:09,203 INFO     ___FILE_ONLY___ n1-standard-4
2023-11-17 15:42:09,203 INFO     ___FILE_ONLY___   
2023-11-17 15:42:09,203 INFO     ___FILE_ONLY___ 1.25.15-gke.1115000
2023-11-17 15:42:09,203 INFO     ___FILE_ONLY___   
2023-11-17 15:42:09,203 INFO     ___FILE_ONLY___ 3
2023-11-17 15:42:09,203 INFO     ___FILE_ONLY___           
2023-11-17 15:42:09,203 INFO     ___FILE_ONLY___ RUNNING
2023-11-17 15:42:09,203 INFO     ___FILE_ONLY___ 

2023-11-17 15:42:09,203 INFO     ___FILE_ONLY___ jen-psmdb-1379-ca4f14ed-1-cluster1
2023-11-17 15:42:09,203 INFO     ___FILE_ONLY___   
2023-11-17 15:42:09,203 INFO     ___FILE_ONLY___ us-central1-a
2023-11-17 15:42:09,203 INFO     ___FILE_ONLY___    
2023-11-17 15:42:09,203 INFO     ___FILE_ONLY___ 1.25.15-gke.1115000
2023-11-17 15:42:09,203 INFO     ___FILE_ONLY___   
2023-11-17 15:42:09,203 INFO     ___FILE_ONLY___ 35.193.158.32
2023-11-17 15:42:09,203 INFO     ___FILE_ONLY___    
2023-11-17 15:42:09,203 INFO     ___FILE_ONLY___ n1-standard-4
2023-11-17 15:42:09,203 INFO     ___FILE_ONLY___   
2023-11-17 15:42:09,203 INFO     ___FILE_ONLY___ 1.25.15-gke.1115000
2023-11-17 15:42:09,203 INFO     ___FILE_ONLY___   
2023-11-17 15:42:09,203 INFO     ___FILE_ONLY___ 3
2023-11-17 15:42:09,203 INFO     ___FILE_ONLY___           
2023-11-17 15:42:09,203 INFO     ___FILE_ONLY___ RUNNING
2023-11-17 15:42:09,203 INFO     ___FILE_ONLY___ 

2023-11-17 15:42:09,203 INFO     ___FILE_ONLY___ jen-psmdb-1379-ca4f14ed-1-cluster2
2023-11-17 15:42:09,203 INFO     ___FILE_ONLY___   
2023-11-17 15:42:09,203 INFO     ___FILE_ONLY___ us-central1-a
2023-11-17 15:42:09,203 INFO     ___FILE_ONLY___    
2023-11-17 15:42:09,204 INFO     ___FILE_ONLY___ 1.25.15-gke.1115000
2023-11-17 15:42:09,204 INFO     ___FILE_ONLY___   
2023-11-17 15:42:09,204 INFO     ___FILE_ONLY___ 34.173.43.100
2023-11-17 15:42:09,204 INFO     ___FILE_ONLY___    
2023-11-17 15:42:09,204 INFO     ___FILE_ONLY___ n1-standard-4
2023-11-17 15:42:09,204 INFO     ___FILE_ONLY___   
2023-11-17 15:42:09,204 INFO     ___FILE_ONLY___ 1.25.15-gke.1115000
2023-11-17 15:42:09,204 INFO     ___FILE_ONLY___   
2023-11-17 15:42:09,204 INFO     ___FILE_ONLY___ 3
2023-11-17 15:42:09,204 INFO     ___FILE_ONLY___           
2023-11-17 15:42:09,204 INFO     ___FILE_ONLY___ RUNNING
2023-11-17 15:42:09,204 INFO     ___FILE_ONLY___ 

2023-11-17 15:42:09,204 INFO     ___FILE_ONLY___ jen-psmdb-1379-ca4f14ed-1-cluster3
2023-11-17 15:42:09,204 INFO     ___FILE_ONLY___   
2023-11-17 15:42:09,204 INFO     ___FILE_ONLY___ us-central1-a
2023-11-17 15:42:09,204 INFO     ___FILE_ONLY___    
2023-11-17 15:42:09,204 INFO     ___FILE_ONLY___ 1.25.15-gke.1115000
2023-11-17 15:42:09,204 INFO     ___FILE_ONLY___   
2023-11-17 15:42:09,204 INFO     ___FILE_ONLY___ 34.28.19.52
2023-11-17 15:42:09,204 INFO     ___FILE_ONLY___      
2023-11-17 15:42:09,204 INFO     ___FILE_ONLY___ n1-standard-4
2023-11-17 15:42:09,204 INFO     ___FILE_ONLY___   
2023-11-17 15:42:09,204 INFO     ___FILE_ONLY___ 1.25.15-gke.1115000
2023-11-17 15:42:09,204 INFO     ___FILE_ONLY___   
2023-11-17 15:42:09,204 INFO     ___FILE_ONLY___ 3
2023-11-17 15:42:09,204 INFO     ___FILE_ONLY___           
2023-11-17 15:42:09,204 INFO     ___FILE_ONLY___ RUNNING
2023-11-17 15:42:09,204 INFO     ___FILE_ONLY___ 

2023-11-17 15:42:09,204 INFO     ___FILE_ONLY___ jen-psmdb-1379-ca4f14ed-1-cluster4
2023-11-17 15:42:09,204 INFO     ___FILE_ONLY___   
2023-11-17 15:42:09,204 INFO     ___FILE_ONLY___ us-central1-a
2023-11-17 15:42:09,204 INFO     ___FILE_ONLY___    
2023-11-17 15:42:09,204 INFO     ___FILE_ONLY___ 1.25.15-gke.1115000
2023-11-17 15:42:09,204 INFO     ___FILE_ONLY___   
2023-11-17 15:42:09,204 INFO     ___FILE_ONLY___ 34.172.117.124
2023-11-17 15:42:09,204 INFO     ___FILE_ONLY___   
2023-11-17 15:42:09,204 INFO     ___FILE_ONLY___ n1-standard-4
2023-11-17 15:42:09,204 INFO     ___FILE_ONLY___   
2023-11-17 15:42:09,204 INFO     ___FILE_ONLY___ 1.25.15-gke.1115000
2023-11-17 15:42:09,204 INFO     ___FILE_ONLY___   
2023-11-17 15:42:09,204 INFO     ___FILE_ONLY___ 3
2023-11-17 15:42:09,204 INFO     ___FILE_ONLY___           
2023-11-17 15:42:09,204 INFO     ___FILE_ONLY___ RUNNING
2023-11-17 15:42:09,204 INFO     ___FILE_ONLY___ 

2023-11-17 15:42:09,204 INFO     ___FILE_ONLY___ jen-psmdb-1379-ca4f14ed-1-cluster5
2023-11-17 15:42:09,204 INFO     ___FILE_ONLY___   
2023-11-17 15:42:09,204 INFO     ___FILE_ONLY___ us-central1-a
2023-11-17 15:42:09,204 INFO     ___FILE_ONLY___    
2023-11-17 15:42:09,204 INFO     ___FILE_ONLY___ 1.25.15-gke.1115000
2023-11-17 15:42:09,204 INFO     ___FILE_ONLY___   
2023-11-17 15:42:09,204 INFO     ___FILE_ONLY___ 34.67.245.221
2023-11-17 15:42:09,204 INFO     ___FILE_ONLY___    
2023-11-17 15:42:09,204 INFO     ___FILE_ONLY___ n1-standard-4
2023-11-17 15:42:09,204 INFO     ___FILE_ONLY___   
2023-11-17 15:42:09,205 INFO     ___FILE_ONLY___ 1.25.15-gke.1115000
2023-11-17 15:42:09,205 INFO     ___FILE_ONLY___   
2023-11-17 15:42:09,205 INFO     ___FILE_ONLY___ 3
2023-11-17 15:42:09,205 INFO     ___FILE_ONLY___           
2023-11-17 15:42:09,205 INFO     ___FILE_ONLY___ RUNNING
2023-11-17 15:42:09,205 INFO     ___FILE_ONLY___ 

2023-11-17 15:42:09,205 INFO     ___FILE_ONLY___ jen-psmdb-1379-ca4f14ed-1-cluster6
2023-11-17 15:42:09,205 INFO     ___FILE_ONLY___   
2023-11-17 15:42:09,205 INFO     ___FILE_ONLY___ us-central1-a
2023-11-17 15:42:09,205 INFO     ___FILE_ONLY___    
2023-11-17 15:42:09,205 INFO     ___FILE_ONLY___ 1.25.15-gke.1115000
2023-11-17 15:42:09,205 INFO     ___FILE_ONLY___   
2023-11-17 15:42:09,205 INFO     ___FILE_ONLY___ 34.67.69.134
2023-11-17 15:42:09,205 INFO     ___FILE_ONLY___     
2023-11-17 15:42:09,205 INFO     ___FILE_ONLY___ n1-standard-4
2023-11-17 15:42:09,205 INFO     ___FILE_ONLY___   
2023-11-17 15:42:09,205 INFO     ___FILE_ONLY___ 1.25.15-gke.1115000
2023-11-17 15:42:09,205 INFO     ___FILE_ONLY___   
2023-11-17 15:42:09,205 INFO     ___FILE_ONLY___ 3
2023-11-17 15:42:09,205 INFO     ___FILE_ONLY___           
2023-11-17 15:42:09,205 INFO     ___FILE_ONLY___ RUNNING
2023-11-17 15:42:09,205 INFO     ___FILE_ONLY___ 

2023-11-17 15:42:09,205 INFO     ___FILE_ONLY___ jen-psmdb-1379-ca4f14ed-1-cluster7
2023-11-17 15:42:09,205 INFO     ___FILE_ONLY___   
2023-11-17 15:42:09,205 INFO     ___FILE_ONLY___ us-central1-a
2023-11-17 15:42:09,205 INFO     ___FILE_ONLY___    
2023-11-17 15:42:09,205 INFO     ___FILE_ONLY___ 1.25.15-gke.1115000
2023-11-17 15:42:09,205 INFO     ___FILE_ONLY___   
2023-11-17 15:42:09,205 INFO     ___FILE_ONLY___ 35.224.138.203
2023-11-17 15:42:09,205 INFO     ___FILE_ONLY___   
2023-11-17 15:42:09,205 INFO     ___FILE_ONLY___ n1-standard-4
2023-11-17 15:42:09,205 INFO     ___FILE_ONLY___   
2023-11-17 15:42:09,205 INFO     ___FILE_ONLY___ 1.25.15-gke.1115000
2023-11-17 15:42:09,205 INFO     ___FILE_ONLY___   
2023-11-17 15:42:09,205 INFO     ___FILE_ONLY___ 3
2023-11-17 15:42:09,205 INFO     ___FILE_ONLY___           
2023-11-17 15:42:09,205 INFO     ___FILE_ONLY___ RUNNING
2023-11-17 15:42:09,205 INFO     ___FILE_ONLY___ 

2023-11-17 15:42:09,205 INFO     ___FILE_ONLY___ jen-psmdb-1379-ca4f14ed-1-cluster8
2023-11-17 15:42:09,205 INFO     ___FILE_ONLY___   
2023-11-17 15:42:09,205 INFO     ___FILE_ONLY___ us-central1-a
2023-11-17 15:42:09,205 INFO     ___FILE_ONLY___    
2023-11-17 15:42:09,205 INFO     ___FILE_ONLY___ 1.25.15-gke.1115000
2023-11-17 15:42:09,205 INFO     ___FILE_ONLY___   
2023-11-17 15:42:09,205 INFO     ___FILE_ONLY___ 34.171.70.249
2023-11-17 15:42:09,205 INFO     ___FILE_ONLY___    
2023-11-17 15:42:09,205 INFO     ___FILE_ONLY___ n1-standard-4
2023-11-17 15:42:09,205 INFO     ___FILE_ONLY___   
2023-11-17 15:42:09,205 INFO     ___FILE_ONLY___ 1.25.15-gke.1115000
2023-11-17 15:42:09,205 INFO     ___FILE_ONLY___   
2023-11-17 15:42:09,205 INFO     ___FILE_ONLY___ 3
2023-11-17 15:42:09,205 INFO     ___FILE_ONLY___           
2023-11-17 15:42:09,205 INFO     ___FILE_ONLY___ RUNNING
2023-11-17 15:42:09,205 INFO     ___FILE_ONLY___ 

2023-11-17 15:42:09,206 INFO     ___FILE_ONLY___ jen-psmdb-1379-ca4f14ed-1-cluster9
2023-11-17 15:42:09,206 INFO     ___FILE_ONLY___   
2023-11-17 15:42:09,206 INFO     ___FILE_ONLY___ us-central1-a
2023-11-17 15:42:09,206 INFO     ___FILE_ONLY___    
2023-11-17 15:42:09,206 INFO     ___FILE_ONLY___ 1.25.15-gke.1115000
2023-11-17 15:42:09,206 INFO     ___FILE_ONLY___   
2023-11-17 15:42:09,206 INFO     ___FILE_ONLY___ 35.224.123.249
2023-11-17 15:42:09,206 INFO     ___FILE_ONLY___   
2023-11-17 15:42:09,206 INFO     ___FILE_ONLY___ n1-standard-4
2023-11-17 15:42:09,206 INFO     ___FILE_ONLY___   
2023-11-17 15:42:09,206 INFO     ___FILE_ONLY___ 1.25.15-gke.1115000
2023-11-17 15:42:09,206 INFO     ___FILE_ONLY___   
2023-11-17 15:42:09,206 INFO     ___FILE_ONLY___ 3
2023-11-17 15:42:09,206 INFO     ___FILE_ONLY___           
2023-11-17 15:42:09,206 INFO     ___FILE_ONLY___ RUNNING
2023-11-17 15:42:09,206 INFO     ___FILE_ONLY___ 

2023-11-17 15:42:09,206 INFO     ___FILE_ONLY___ ptankov
2023-11-17 15:42:09,206 INFO     ___FILE_ONLY___                              
2023-11-17 15:42:09,206 INFO     ___FILE_ONLY___ us-central1-a
2023-11-17 15:42:09,206 INFO     ___FILE_ONLY___    
2023-11-17 15:42:09,206 INFO     ___FILE_ONLY___ 1.28.3-gke.1203000
2023-11-17 15:42:09,206 INFO     ___FILE_ONLY___    
2023-11-17 15:42:09,206 INFO     ___FILE_ONLY___ 34.69.86.99
2023-11-17 15:42:09,206 INFO     ___FILE_ONLY___      
2023-11-17 15:42:09,206 INFO     ___FILE_ONLY___ n1-standard-4
2023-11-17 15:42:09,206 INFO     ___FILE_ONLY___   
2023-11-17 15:42:09,206 INFO     ___FILE_ONLY___ 1.28.3-gke.1203000
2023-11-17 15:42:09,206 INFO     ___FILE_ONLY___    
2023-11-17 15:42:09,206 INFO     ___FILE_ONLY___ 3
2023-11-17 15:42:09,206 INFO     ___FILE_ONLY___           
2023-11-17 15:42:09,206 INFO     ___FILE_ONLY___ PROVISIONING
2023-11-17 15:42:09,206 INFO     ___FILE_ONLY___ 

2023-11-17 15:42:09,211 DEBUG    root            Metrics reporting process started...
