2022-08-05 11:55:09,154 DEBUG    root            Loaded Command Group: ['gcloud', 'container', 'clusters']
2022-08-05 11:55:09,156 DEBUG    root            Loaded Command Group: ['gcloud', 'container', 'clusters', 'delete']
2022-08-05 11:55:09,171 DEBUG    root            Running [gcloud.container.clusters.delete] with arguments: [--zone: "europe-west3-b", NAME:1: "['inel-1651']"]
2022-08-05 11:55:15,118 DEBUG    urllib3.connectionpool Starting new HTTPS connection (1): container.googleapis.com:443
2022-08-05 11:55:38,109 DEBUG    root            Caught socket error, retrying: HTTPSConnectionPool(host='container.googleapis.com', port=443): Max retries exceeded with url: /v1/projects/cloud-dev-112233/locations/europe-west3-b/clusters/inel-1651?alt=json (Caused by SSLError(SSLEOFError(8, 'EOF occurred in violation of protocol (_ssl.c:1125)')))
2022-08-05 11:55:38,112 DEBUG    root            Retrying request to url https://container.googleapis.com/v1/projects/cloud-dev-112233/locations/europe-west3-b/clusters/inel-1651?alt=json after exception HTTPSConnectionPool(host='container.googleapis.com', port=443): Max retries exceeded with url: /v1/projects/cloud-dev-112233/locations/europe-west3-b/clusters/inel-1651?alt=json (Caused by SSLError(SSLEOFError(8, 'EOF occurred in violation of protocol (_ssl.c:1125)')))
2022-08-05 11:55:40,473 DEBUG    urllib3.connectionpool Starting new HTTPS connection (1): container.googleapis.com:443
2022-08-05 11:55:42,091 DEBUG    urllib3.connectionpool https://container.googleapis.com:443 "DELETE /v1/projects/cloud-dev-112233/locations/europe-west3-b/clusters/inel-1651?alt=json HTTP/1.1" 200 None
2022-08-05 11:55:42,108 INFO     ___FILE_ONLY___ Deleting cluster inel-1651...
2022-08-05 11:55:42,125 DEBUG    urllib3.connectionpool Starting new HTTPS connection (1): container.googleapis.com:443
2022-08-05 11:55:44,060 DEBUG    urllib3.connectionpool https://container.googleapis.com:443 "GET /v1/projects/cloud-dev-112233/locations/europe-west3-b/operations/operation-1659693341805-0d559383?alt=json HTTP/1.1" 200 None
2022-08-05 11:55:49,079 DEBUG    urllib3.connectionpool Starting new HTTPS connection (1): container.googleapis.com:443
2022-08-05 11:55:50,090 DEBUG    urllib3.connectionpool https://container.googleapis.com:443 "GET /v1/projects/cloud-dev-112233/locations/europe-west3-b/operations/operation-1659693341805-0d559383?alt=json HTTP/1.1" 200 None
2022-08-05 11:55:55,105 DEBUG    urllib3.connectionpool Starting new HTTPS connection (1): container.googleapis.com:443
2022-08-05 11:55:55,430 DEBUG    urllib3.connectionpool https://container.googleapis.com:443 "GET /v1/projects/cloud-dev-112233/locations/europe-west3-b/operations/operation-1659693341805-0d559383?alt=json HTTP/1.1" 200 None
2022-08-05 11:56:00,719 DEBUG    urllib3.connectionpool Starting new HTTPS connection (1): container.googleapis.com:443
2022-08-05 11:56:01,418 DEBUG    urllib3.connectionpool https://container.googleapis.com:443 "GET /v1/projects/cloud-dev-112233/locations/europe-west3-b/operations/operation-1659693341805-0d559383?alt=json HTTP/1.1" 200 None
2022-08-05 11:56:06,440 DEBUG    urllib3.connectionpool Starting new HTTPS connection (1): container.googleapis.com:443
2022-08-05 11:56:06,730 DEBUG    urllib3.connectionpool https://container.googleapis.com:443 "GET /v1/projects/cloud-dev-112233/locations/europe-west3-b/operations/operation-1659693341805-0d559383?alt=json HTTP/1.1" 200 None
2022-08-05 11:56:11,748 DEBUG    urllib3.connectionpool Starting new HTTPS connection (1): container.googleapis.com:443
2022-08-05 11:56:13,669 DEBUG    urllib3.connectionpool https://container.googleapis.com:443 "GET /v1/projects/cloud-dev-112233/locations/europe-west3-b/operations/operation-1659693341805-0d559383?alt=json HTTP/1.1" 200 None
2022-08-05 11:56:18,696 DEBUG    urllib3.connectionpool Starting new HTTPS connection (1): container.googleapis.com:443
2022-08-05 11:56:19,030 DEBUG    urllib3.connectionpool https://container.googleapis.com:443 "GET /v1/projects/cloud-dev-112233/locations/europe-west3-b/operations/operation-1659693341805-0d559383?alt=json HTTP/1.1" 200 None
2022-08-05 11:56:24,049 DEBUG    urllib3.connectionpool Starting new HTTPS connection (1): container.googleapis.com:443
2022-08-05 11:56:24,381 DEBUG    urllib3.connectionpool https://container.googleapis.com:443 "GET /v1/projects/cloud-dev-112233/locations/europe-west3-b/operations/operation-1659693341805-0d559383?alt=json HTTP/1.1" 200 None
2022-08-05 11:56:29,407 DEBUG    urllib3.connectionpool Starting new HTTPS connection (1): container.googleapis.com:443
2022-08-05 11:56:29,736 DEBUG    urllib3.connectionpool https://container.googleapis.com:443 "GET /v1/projects/cloud-dev-112233/locations/europe-west3-b/operations/operation-1659693341805-0d559383?alt=json HTTP/1.1" 200 None
2022-08-05 11:56:34,750 DEBUG    urllib3.connectionpool Starting new HTTPS connection (1): container.googleapis.com:443
2022-08-05 11:56:35,442 DEBUG    urllib3.connectionpool https://container.googleapis.com:443 "GET /v1/projects/cloud-dev-112233/locations/europe-west3-b/operations/operation-1659693341805-0d559383?alt=json HTTP/1.1" 200 None
2022-08-05 11:56:40,459 DEBUG    urllib3.connectionpool Starting new HTTPS connection (1): container.googleapis.com:443
2022-08-05 11:56:40,872 DEBUG    urllib3.connectionpool https://container.googleapis.com:443 "GET /v1/projects/cloud-dev-112233/locations/europe-west3-b/operations/operation-1659693341805-0d559383?alt=json HTTP/1.1" 200 None
2022-08-05 11:56:45,896 DEBUG    urllib3.connectionpool Starting new HTTPS connection (1): container.googleapis.com:443
2022-08-05 11:56:46,676 DEBUG    urllib3.connectionpool https://container.googleapis.com:443 "GET /v1/projects/cloud-dev-112233/locations/europe-west3-b/operations/operation-1659693341805-0d559383?alt=json HTTP/1.1" 200 None
2022-08-05 11:56:51,708 DEBUG    urllib3.connectionpool Starting new HTTPS connection (1): container.googleapis.com:443
2022-08-05 11:56:52,058 DEBUG    urllib3.connectionpool https://container.googleapis.com:443 "GET /v1/projects/cloud-dev-112233/locations/europe-west3-b/operations/operation-1659693341805-0d559383?alt=json HTTP/1.1" 200 None
2022-08-05 11:56:57,096 DEBUG    urllib3.connectionpool Starting new HTTPS connection (1): container.googleapis.com:443
2022-08-05 11:56:57,570 DEBUG    urllib3.connectionpool https://container.googleapis.com:443 "GET /v1/projects/cloud-dev-112233/locations/europe-west3-b/operations/operation-1659693341805-0d559383?alt=json HTTP/1.1" 200 None
2022-08-05 11:57:02,593 DEBUG    urllib3.connectionpool Starting new HTTPS connection (1): container.googleapis.com:443
2022-08-05 11:57:04,233 DEBUG    urllib3.connectionpool https://container.googleapis.com:443 "GET /v1/projects/cloud-dev-112233/locations/europe-west3-b/operations/operation-1659693341805-0d559383?alt=json HTTP/1.1" 200 None
2022-08-05 11:57:09,282 DEBUG    urllib3.connectionpool Starting new HTTPS connection (1): container.googleapis.com:443
2022-08-05 11:57:09,644 DEBUG    urllib3.connectionpool https://container.googleapis.com:443 "GET /v1/projects/cloud-dev-112233/locations/europe-west3-b/operations/operation-1659693341805-0d559383?alt=json HTTP/1.1" 200 None
2022-08-05 11:57:14,664 DEBUG    urllib3.connectionpool Starting new HTTPS connection (1): container.googleapis.com:443
2022-08-05 11:57:14,964 DEBUG    urllib3.connectionpool https://container.googleapis.com:443 "GET /v1/projects/cloud-dev-112233/locations/europe-west3-b/operations/operation-1659693341805-0d559383?alt=json HTTP/1.1" 200 None
2022-08-05 11:57:19,989 DEBUG    urllib3.connectionpool Starting new HTTPS connection (1): container.googleapis.com:443
2022-08-05 11:57:20,986 DEBUG    urllib3.connectionpool https://container.googleapis.com:443 "GET /v1/projects/cloud-dev-112233/locations/europe-west3-b/operations/operation-1659693341805-0d559383?alt=json HTTP/1.1" 200 None
2022-08-05 11:57:26,014 DEBUG    urllib3.connectionpool Starting new HTTPS connection (1): container.googleapis.com:443
2022-08-05 11:57:26,943 DEBUG    urllib3.connectionpool https://container.googleapis.com:443 "GET /v1/projects/cloud-dev-112233/locations/europe-west3-b/operations/operation-1659693341805-0d559383?alt=json HTTP/1.1" 200 None
2022-08-05 11:57:31,989 DEBUG    urllib3.connectionpool Starting new HTTPS connection (1): container.googleapis.com:443
2022-08-05 11:57:33,027 DEBUG    urllib3.connectionpool https://container.googleapis.com:443 "GET /v1/projects/cloud-dev-112233/locations/europe-west3-b/operations/operation-1659693341805-0d559383?alt=json HTTP/1.1" 200 None
2022-08-05 11:57:38,056 DEBUG    urllib3.connectionpool Starting new HTTPS connection (1): container.googleapis.com:443
2022-08-05 11:57:43,266 DEBUG    urllib3.connectionpool https://container.googleapis.com:443 "GET /v1/projects/cloud-dev-112233/locations/europe-west3-b/operations/operation-1659693341805-0d559383?alt=json HTTP/1.1" 200 None
2022-08-05 11:57:48,289 DEBUG    urllib3.connectionpool Starting new HTTPS connection (1): container.googleapis.com:443
2022-08-05 11:57:48,550 DEBUG    urllib3.connectionpool https://container.googleapis.com:443 "GET /v1/projects/cloud-dev-112233/locations/europe-west3-b/operations/operation-1659693341805-0d559383?alt=json HTTP/1.1" 200 None
2022-08-05 11:57:53,574 DEBUG    urllib3.connectionpool Starting new HTTPS connection (1): container.googleapis.com:443
2022-08-05 11:57:54,843 DEBUG    urllib3.connectionpool https://container.googleapis.com:443 "GET /v1/projects/cloud-dev-112233/locations/europe-west3-b/operations/operation-1659693341805-0d559383?alt=json HTTP/1.1" 200 None
2022-08-05 11:57:59,859 DEBUG    urllib3.connectionpool Starting new HTTPS connection (1): container.googleapis.com:443
2022-08-05 11:58:00,188 DEBUG    urllib3.connectionpool https://container.googleapis.com:443 "GET /v1/projects/cloud-dev-112233/locations/europe-west3-b/operations/operation-1659693341805-0d559383?alt=json HTTP/1.1" 200 None
2022-08-05 11:58:00,196 INFO     root            Operation <Operation
 clusterConditions: []
 endTime: '2022-08-05T09:57:55.697497773Z'
 name: 'operation-1659693341805-0d559383'
 nodepoolConditions: []
 operationType: OperationTypeValueValuesEnum(DELETE_CLUSTER, 2)
 selfLink: 'https://container.googleapis.com/v1/projects/166042509722/zones/europe-west3-b/operations/operation-1659693341805-0d559383'
 startTime: '2022-08-05T09:55:41.80564357Z'
 status: StatusValueValuesEnum(DONE, 3)
 targetLink: 'https://container.googleapis.com/v1/projects/166042509722/zones/europe-west3-b/clusters/inel-1651'
 zone: 'europe-west3-b'> succeeded after 138.086 seconds
2022-08-05 11:58:00,345 DEBUG    root            Purged cluster config from /Users/inelpandzic/.config/gcloud/kubernetes/cloud-dev-112233_europe-west3-b_inel-1651
2022-08-05 11:58:00,345 INFO     ___FILE_ONLY___ Deleted [https://container.googleapis.com/v1/projects/cloud-dev-112233/zones/europe-west3-b/clusters/inel-1651].

2022-08-05 11:58:00,346 INFO     root            Display format: "none"
2022-08-05 11:58:00,353 DEBUG    root            Metrics reporting process started...
