2022-08-20 14:28:51,321 DEBUG    root            Loaded Command Group: ['gcloud', 'container', 'clusters']
2022-08-20 14:28:51,323 DEBUG    root            Loaded Command Group: ['gcloud', 'container', 'clusters', 'list']
2022-08-20 14:28:51,342 DEBUG    root            Running [gcloud.container.clusters.list] with arguments: []
2022-08-20 14:28:51,387 DEBUG    urllib3.connectionpool Starting new HTTPS connection (1): container.googleapis.com:443
2022-08-20 14:28:52,019 DEBUG    urllib3.connectionpool https://container.googleapis.com:443 "GET /v1/projects/cloud-dev-112233/locations/-/clusters?alt=json HTTP/1.1" 200 None
2022-08-20 14:28:52,080 INFO     root            Display format: "
    table(
        name,
        zone:label=LOCATION,
        master_version():label=MASTER_VERSION,
        endpoint:label=MASTER_IP,
        nodePools[0].config.machineType,
        currentNodeVersion:label=NODE_VERSION,
        firstof(currentNodeCount,initialNodeCount):label=NUM_NODES,
        status
    )
"
2022-08-20 14:28:52,104 INFO     ___FILE_ONLY___ NAME
2022-08-20 14:28:52,105 INFO     ___FILE_ONLY___                             
2022-08-20 14:28:52,105 INFO     ___FILE_ONLY___ LOCATION
2022-08-20 14:28:52,105 INFO     ___FILE_ONLY___         
2022-08-20 14:28:52,105 INFO     ___FILE_ONLY___ MASTER_VERSION
2022-08-20 14:28:52,105 INFO     ___FILE_ONLY___      
2022-08-20 14:28:52,105 INFO     ___FILE_ONLY___ MASTER_IP
2022-08-20 14:28:52,105 INFO     ___FILE_ONLY___        
2022-08-20 14:28:52,105 INFO     ___FILE_ONLY___ MACHINE_TYPE
2022-08-20 14:28:52,105 INFO     ___FILE_ONLY___    
2022-08-20 14:28:52,105 INFO     ___FILE_ONLY___ NODE_VERSION
2022-08-20 14:28:52,105 INFO     ___FILE_ONLY___          
2022-08-20 14:28:52,105 INFO     ___FILE_ONLY___ NUM_NODES
2022-08-20 14:28:52,105 INFO     ___FILE_ONLY___   
2022-08-20 14:28:52,105 INFO     ___FILE_ONLY___ STATUS
2022-08-20 14:28:52,105 INFO     ___FILE_ONLY___ 

2022-08-20 14:28:52,105 INFO     ___FILE_ONLY___ ondrei-24064
2022-08-20 14:28:52,105 INFO     ___FILE_ONLY___                     
2022-08-20 14:28:52,105 INFO     ___FILE_ONLY___ europe-west1-c
2022-08-20 14:28:52,105 INFO     ___FILE_ONLY___   
2022-08-20 14:28:52,105 INFO     ___FILE_ONLY___ 1.21.12-gke.2200
2022-08-20 14:28:52,105 INFO     ___FILE_ONLY___    
2022-08-20 14:28:52,105 INFO     ___FILE_ONLY___ 130.211.97.60
2022-08-20 14:28:52,105 INFO     ___FILE_ONLY___    
2022-08-20 14:28:52,105 INFO     ___FILE_ONLY___ n1-standard-4
2022-08-20 14:28:52,105 INFO     ___FILE_ONLY___   
2022-08-20 14:28:52,105 INFO     ___FILE_ONLY___ 1.20.15-gke.13400 *
2022-08-20 14:28:52,105 INFO     ___FILE_ONLY___   
2022-08-20 14:28:52,105 INFO     ___FILE_ONLY___ 3
2022-08-20 14:28:52,105 INFO     ___FILE_ONLY___           
2022-08-20 14:28:52,105 INFO     ___FILE_ONLY___ RUNNING
2022-08-20 14:28:52,105 INFO     ___FILE_ONLY___ 

2022-08-20 14:28:52,105 INFO     ___FILE_ONLY___ plavi-122
2022-08-20 14:28:52,105 INFO     ___FILE_ONLY___                        
2022-08-20 14:28:52,106 INFO     ___FILE_ONLY___ europe-west2-c
2022-08-20 14:28:52,106 INFO     ___FILE_ONLY___   
2022-08-20 14:28:52,106 INFO     ___FILE_ONLY___ 1.22.12-gke.500
2022-08-20 14:28:52,106 INFO     ___FILE_ONLY___     
2022-08-20 14:28:52,106 INFO     ___FILE_ONLY___ 35.242.168.94
2022-08-20 14:28:52,106 INFO     ___FILE_ONLY___    
2022-08-20 14:28:52,106 INFO     ___FILE_ONLY___ n1-standard-4
2022-08-20 14:28:52,106 INFO     ___FILE_ONLY___   
2022-08-20 14:28:52,106 INFO     ___FILE_ONLY___ 1.22.12-gke.500
2022-08-20 14:28:52,106 INFO     ___FILE_ONLY___       
2022-08-20 14:28:52,106 INFO     ___FILE_ONLY___ 3
2022-08-20 14:28:52,106 INFO     ___FILE_ONLY___           
2022-08-20 14:28:52,106 INFO     ___FILE_ONLY___ RUNNING
2022-08-20 14:28:52,106 INFO     ___FILE_ONLY___ 

2022-08-20 14:28:52,106 INFO     ___FILE_ONLY___ plavi-1222
2022-08-20 14:28:52,106 INFO     ___FILE_ONLY___                       
2022-08-20 14:28:52,106 INFO     ___FILE_ONLY___ europe-west2-c
2022-08-20 14:28:52,106 INFO     ___FILE_ONLY___   
2022-08-20 14:28:52,106 INFO     ___FILE_ONLY___ 1.22.12-gke.500
2022-08-20 14:28:52,106 INFO     ___FILE_ONLY___     
2022-08-20 14:28:52,106 INFO     ___FILE_ONLY___ 34.89.31.33
2022-08-20 14:28:52,106 INFO     ___FILE_ONLY___      
2022-08-20 14:28:52,106 INFO     ___FILE_ONLY___ n1-standard-4
2022-08-20 14:28:52,106 INFO     ___FILE_ONLY___   
2022-08-20 14:28:52,106 INFO     ___FILE_ONLY___ 1.22.12-gke.500
2022-08-20 14:28:52,106 INFO     ___FILE_ONLY___       
2022-08-20 14:28:52,106 INFO     ___FILE_ONLY___ 5
2022-08-20 14:28:52,106 INFO     ___FILE_ONLY___           
2022-08-20 14:28:52,106 INFO     ___FILE_ONLY___ RUNNING
2022-08-20 14:28:52,106 INFO     ___FILE_ONLY___ 

2022-08-20 14:28:52,106 INFO     ___FILE_ONLY___ ege-7367
2022-08-20 14:28:52,106 INFO     ___FILE_ONLY___                         
2022-08-20 14:28:52,106 INFO     ___FILE_ONLY___ europe-west3
2022-08-20 14:28:52,106 INFO     ___FILE_ONLY___     
2022-08-20 14:28:52,106 INFO     ___FILE_ONLY___ 1.24.2-gke.1900
2022-08-20 14:28:52,106 INFO     ___FILE_ONLY___     
2022-08-20 14:28:52,106 INFO     ___FILE_ONLY___ 34.159.211.234
2022-08-20 14:28:52,106 INFO     ___FILE_ONLY___   
2022-08-20 14:28:52,106 INFO     ___FILE_ONLY___ n1-standard-4
2022-08-20 14:28:52,106 INFO     ___FILE_ONLY___   
2022-08-20 14:28:52,106 INFO     ___FILE_ONLY___ 1.23.8-gke.1900 *
2022-08-20 14:28:52,107 INFO     ___FILE_ONLY___     
2022-08-20 14:28:52,107 INFO     ___FILE_ONLY___ 3
2022-08-20 14:28:52,107 INFO     ___FILE_ONLY___           
2022-08-20 14:28:52,107 INFO     ___FILE_ONLY___ RUNNING
2022-08-20 14:28:52,107 INFO     ___FILE_ONLY___ 

2022-08-20 14:28:52,107 INFO     ___FILE_ONLY___ slava-pxc
2022-08-20 14:28:52,107 INFO     ___FILE_ONLY___                        
2022-08-20 14:28:52,107 INFO     ___FILE_ONLY___ europe-west3-a
2022-08-20 14:28:52,107 INFO     ___FILE_ONLY___   
2022-08-20 14:28:52,107 INFO     ___FILE_ONLY___ 1.20.15-gke.13400
2022-08-20 14:28:52,107 INFO     ___FILE_ONLY___   
2022-08-20 14:28:52,107 INFO     ___FILE_ONLY___ 34.159.127.142
2022-08-20 14:28:52,107 INFO     ___FILE_ONLY___   
2022-08-20 14:28:52,107 INFO     ___FILE_ONLY___ n1-standard-4
2022-08-20 14:28:52,107 INFO     ___FILE_ONLY___   
2022-08-20 14:28:52,107 INFO     ___FILE_ONLY___ 1.20.15-gke.13400
2022-08-20 14:28:52,107 INFO     ___FILE_ONLY___     
2022-08-20 14:28:52,107 INFO     ___FILE_ONLY___ 3
2022-08-20 14:28:52,107 INFO     ___FILE_ONLY___           
2022-08-20 14:28:52,107 INFO     ___FILE_ONLY___ RUNNING
2022-08-20 14:28:52,107 INFO     ___FILE_ONLY___ 

2022-08-20 14:28:52,107 INFO     ___FILE_ONLY___ inel-4275
2022-08-20 14:28:52,107 INFO     ___FILE_ONLY___                        
2022-08-20 14:28:52,107 INFO     ___FILE_ONLY___ europe-west3-b
2022-08-20 14:28:52,107 INFO     ___FILE_ONLY___   
2022-08-20 14:28:52,107 INFO     ___FILE_ONLY___ 1.21.14-gke.2700
2022-08-20 14:28:52,107 INFO     ___FILE_ONLY___    
2022-08-20 14:28:52,107 INFO     ___FILE_ONLY___ 35.198.101.46
2022-08-20 14:28:52,107 INFO     ___FILE_ONLY___    
2022-08-20 14:28:52,107 INFO     ___FILE_ONLY___ n1-standard-4
2022-08-20 14:28:52,107 INFO     ___FILE_ONLY___   
2022-08-20 14:28:52,107 INFO     ___FILE_ONLY___ 1.21.14-gke.2700
2022-08-20 14:28:52,107 INFO     ___FILE_ONLY___      
2022-08-20 14:28:52,107 INFO     ___FILE_ONLY___ 3
2022-08-20 14:28:52,107 INFO     ___FILE_ONLY___           
2022-08-20 14:28:52,107 INFO     ___FILE_ONLY___ RUNNING
2022-08-20 14:28:52,107 INFO     ___FILE_ONLY___ 

2022-08-20 14:28:52,107 INFO     ___FILE_ONLY___ max-30844
2022-08-20 14:28:52,107 INFO     ___FILE_ONLY___                        
2022-08-20 14:28:52,107 INFO     ___FILE_ONLY___ europe-west3-b
2022-08-20 14:28:52,107 INFO     ___FILE_ONLY___   
2022-08-20 14:28:52,107 INFO     ___FILE_ONLY___ 1.21.12-gke.2200
2022-08-20 14:28:52,107 INFO     ___FILE_ONLY___    
2022-08-20 14:28:52,108 INFO     ___FILE_ONLY___ 35.246.193.17
2022-08-20 14:28:52,108 INFO     ___FILE_ONLY___    
2022-08-20 14:28:52,108 INFO     ___FILE_ONLY___ n1-standard-4
2022-08-20 14:28:52,108 INFO     ___FILE_ONLY___   
2022-08-20 14:28:52,108 INFO     ___FILE_ONLY___ 1.21.12-gke.2200
2022-08-20 14:28:52,108 INFO     ___FILE_ONLY___      
2022-08-20 14:28:52,108 INFO     ___FILE_ONLY___ 3
2022-08-20 14:28:52,108 INFO     ___FILE_ONLY___           
2022-08-20 14:28:52,108 INFO     ___FILE_ONLY___ RUNNING
2022-08-20 14:28:52,108 INFO     ___FILE_ONLY___ 

2022-08-20 14:28:52,108 INFO     ___FILE_ONLY___ natali-22
2022-08-20 14:28:52,108 INFO     ___FILE_ONLY___                        
2022-08-20 14:28:52,108 INFO     ___FILE_ONLY___ europe-west3-b
2022-08-20 14:28:52,108 INFO     ___FILE_ONLY___   
2022-08-20 14:28:52,108 INFO     ___FILE_ONLY___ 1.22.12-gke.500
2022-08-20 14:28:52,108 INFO     ___FILE_ONLY___     
2022-08-20 14:28:52,108 INFO     ___FILE_ONLY___ 35.198.136.26
2022-08-20 14:28:52,108 INFO     ___FILE_ONLY___    
2022-08-20 14:28:52,108 INFO     ___FILE_ONLY___ n1-standard-4
2022-08-20 14:28:52,108 INFO     ___FILE_ONLY___   
2022-08-20 14:28:52,108 INFO     ___FILE_ONLY___ 1.22.12-gke.500
2022-08-20 14:28:52,108 INFO     ___FILE_ONLY___       
2022-08-20 14:28:52,108 INFO     ___FILE_ONLY___ 3
2022-08-20 14:28:52,108 INFO     ___FILE_ONLY___           
2022-08-20 14:28:52,108 INFO     ___FILE_ONLY___ RUNNING
2022-08-20 14:28:52,108 INFO     ___FILE_ONLY___ 

2022-08-20 14:28:52,108 INFO     ___FILE_ONLY___ jenkins-psmdb-25486159-basic
2022-08-20 14:28:52,108 INFO     ___FILE_ONLY___     
2022-08-20 14:28:52,108 INFO     ___FILE_ONLY___ us-central1-a
2022-08-20 14:28:52,108 INFO     ___FILE_ONLY___    
2022-08-20 14:28:52,108 INFO     ___FILE_ONLY___ 1.21.14-gke.2700
2022-08-20 14:28:52,108 INFO     ___FILE_ONLY___    
2022-08-20 14:28:52,108 INFO     ___FILE_ONLY___ 34.170.49.34
2022-08-20 14:28:52,108 INFO     ___FILE_ONLY___     
2022-08-20 14:28:52,108 INFO     ___FILE_ONLY___ n1-standard-4
2022-08-20 14:28:52,108 INFO     ___FILE_ONLY___   
2022-08-20 14:28:52,108 INFO     ___FILE_ONLY___ 1.21.14-gke.2700
2022-08-20 14:28:52,108 INFO     ___FILE_ONLY___      
2022-08-20 14:28:52,108 INFO     ___FILE_ONLY___ 3
2022-08-20 14:28:52,108 INFO     ___FILE_ONLY___           
2022-08-20 14:28:52,108 INFO     ___FILE_ONLY___ RUNNING
2022-08-20 14:28:52,108 INFO     ___FILE_ONLY___ 

2022-08-20 14:28:52,108 INFO     ___FILE_ONLY___ jenkins-psmdb-7e49078e-backups
2022-08-20 14:28:52,108 INFO     ___FILE_ONLY___   
2022-08-20 14:28:52,108 INFO     ___FILE_ONLY___ us-central1-a
2022-08-20 14:28:52,108 INFO     ___FILE_ONLY___    
2022-08-20 14:28:52,109 INFO     ___FILE_ONLY___ 1.21.14-gke.2700
2022-08-20 14:28:52,109 INFO     ___FILE_ONLY___    
2022-08-20 14:28:52,109 INFO     ___FILE_ONLY___ 35.202.58.86
2022-08-20 14:28:52,109 INFO     ___FILE_ONLY___     
2022-08-20 14:28:52,109 INFO     ___FILE_ONLY___ n1-standard-4
2022-08-20 14:28:52,109 INFO     ___FILE_ONLY___   
2022-08-20 14:28:52,109 INFO     ___FILE_ONLY___ 1.21.14-gke.2700
2022-08-20 14:28:52,109 INFO     ___FILE_ONLY___      
2022-08-20 14:28:52,109 INFO     ___FILE_ONLY___ 3
2022-08-20 14:28:52,109 INFO     ___FILE_ONLY___           
2022-08-20 14:28:52,109 INFO     ___FILE_ONLY___ RUNNING
2022-08-20 14:28:52,109 INFO     ___FILE_ONLY___ 

2022-08-20 14:28:52,109 INFO     ___FILE_ONLY___ jenkins-psmdb-7e49078e-basic
2022-08-20 14:28:52,109 INFO     ___FILE_ONLY___     
2022-08-20 14:28:52,109 INFO     ___FILE_ONLY___ us-central1-a
2022-08-20 14:28:52,109 INFO     ___FILE_ONLY___    
2022-08-20 14:28:52,109 INFO     ___FILE_ONLY___ 1.21.14-gke.2700
2022-08-20 14:28:52,109 INFO     ___FILE_ONLY___    
2022-08-20 14:28:52,109 INFO     ___FILE_ONLY___ 34.136.188.224
2022-08-20 14:28:52,109 INFO     ___FILE_ONLY___   
2022-08-20 14:28:52,109 INFO     ___FILE_ONLY___ n1-standard-4
2022-08-20 14:28:52,109 INFO     ___FILE_ONLY___   
2022-08-20 14:28:52,109 INFO     ___FILE_ONLY___ 1.21.14-gke.2700
2022-08-20 14:28:52,109 INFO     ___FILE_ONLY___      
2022-08-20 14:28:52,109 INFO     ___FILE_ONLY___ 3
2022-08-20 14:28:52,109 INFO     ___FILE_ONLY___           
2022-08-20 14:28:52,109 INFO     ___FILE_ONLY___ RUNNING
2022-08-20 14:28:52,109 INFO     ___FILE_ONLY___ 

2022-08-20 14:28:52,109 INFO     ___FILE_ONLY___ jenkins-psmdb-7e49078e-scaling
2022-08-20 14:28:52,109 INFO     ___FILE_ONLY___   
2022-08-20 14:28:52,109 INFO     ___FILE_ONLY___ us-central1-a
2022-08-20 14:28:52,109 INFO     ___FILE_ONLY___    
2022-08-20 14:28:52,109 INFO     ___FILE_ONLY___ 1.21.14-gke.2700
2022-08-20 14:28:52,109 INFO     ___FILE_ONLY___    
2022-08-20 14:28:52,109 INFO     ___FILE_ONLY___ 34.68.130.232
2022-08-20 14:28:52,109 INFO     ___FILE_ONLY___    
2022-08-20 14:28:52,109 INFO     ___FILE_ONLY___ n1-standard-4
2022-08-20 14:28:52,109 INFO     ___FILE_ONLY___   
2022-08-20 14:28:52,109 INFO     ___FILE_ONLY___ 1.21.14-gke.2700
2022-08-20 14:28:52,109 INFO     ___FILE_ONLY___      
2022-08-20 14:28:52,109 INFO     ___FILE_ONLY___ 3
2022-08-20 14:28:52,109 INFO     ___FILE_ONLY___           
2022-08-20 14:28:52,109 INFO     ___FILE_ONLY___ RUNNING
2022-08-20 14:28:52,109 INFO     ___FILE_ONLY___ 

2022-08-20 14:28:52,109 INFO     ___FILE_ONLY___ jenkins-psmdb-baa33f52-backups
2022-08-20 14:28:52,109 INFO     ___FILE_ONLY___   
2022-08-20 14:28:52,109 INFO     ___FILE_ONLY___ us-central1-a
2022-08-20 14:28:52,110 INFO     ___FILE_ONLY___    
2022-08-20 14:28:52,110 INFO     ___FILE_ONLY___ 1.21.14-gke.2100
2022-08-20 14:28:52,110 INFO     ___FILE_ONLY___    
2022-08-20 14:28:52,110 INFO     ___FILE_ONLY___ 35.225.69.238
2022-08-20 14:28:52,110 INFO     ___FILE_ONLY___    
2022-08-20 14:28:52,110 INFO     ___FILE_ONLY___ n1-standard-4
2022-08-20 14:28:52,110 INFO     ___FILE_ONLY___   
2022-08-20 14:28:52,110 INFO     ___FILE_ONLY___ 1.21.14-gke.2100
2022-08-20 14:28:52,110 INFO     ___FILE_ONLY___      
2022-08-20 14:28:52,110 INFO     ___FILE_ONLY___ 3
2022-08-20 14:28:52,110 INFO     ___FILE_ONLY___           
2022-08-20 14:28:52,110 INFO     ___FILE_ONLY___ RUNNING
2022-08-20 14:28:52,110 INFO     ___FILE_ONLY___ 

2022-08-20 14:28:52,110 INFO     ___FILE_ONLY___ jenkins-psmdb-d297c7fe-backups
2022-08-20 14:28:52,110 INFO     ___FILE_ONLY___   
2022-08-20 14:28:52,110 INFO     ___FILE_ONLY___ us-central1-a
2022-08-20 14:28:52,110 INFO     ___FILE_ONLY___    
2022-08-20 14:28:52,110 INFO     ___FILE_ONLY___ 1.21.14-gke.2700
2022-08-20 14:28:52,110 INFO     ___FILE_ONLY___    
2022-08-20 14:28:52,110 INFO     ___FILE_ONLY___ 34.71.190.146
2022-08-20 14:28:52,110 INFO     ___FILE_ONLY___    
2022-08-20 14:28:52,110 INFO     ___FILE_ONLY___ n1-standard-4
2022-08-20 14:28:52,110 INFO     ___FILE_ONLY___   
2022-08-20 14:28:52,110 INFO     ___FILE_ONLY___ 1.21.14-gke.2700
2022-08-20 14:28:52,110 INFO     ___FILE_ONLY___      
2022-08-20 14:28:52,110 INFO     ___FILE_ONLY___ 3
2022-08-20 14:28:52,110 INFO     ___FILE_ONLY___           
2022-08-20 14:28:52,110 INFO     ___FILE_ONLY___ RUNNING
2022-08-20 14:28:52,110 INFO     ___FILE_ONLY___ 

2022-08-20 14:28:52,110 INFO     ___FILE_ONLY___ jenkins-pso-ebb0371-cluster1
2022-08-20 14:28:52,110 INFO     ___FILE_ONLY___     
2022-08-20 14:28:52,110 INFO     ___FILE_ONLY___ us-central1-a
2022-08-20 14:28:52,110 INFO     ___FILE_ONLY___    
2022-08-20 14:28:52,110 INFO     ___FILE_ONLY___ 1.21.14-gke.2700
2022-08-20 14:28:52,110 INFO     ___FILE_ONLY___    
2022-08-20 14:28:52,110 INFO     ___FILE_ONLY___ 34.122.57.184
2022-08-20 14:28:52,110 INFO     ___FILE_ONLY___    
2022-08-20 14:28:52,110 INFO     ___FILE_ONLY___ n1-standard-4
2022-08-20 14:28:52,110 INFO     ___FILE_ONLY___   
2022-08-20 14:28:52,110 INFO     ___FILE_ONLY___ 1.21.14-gke.2700
2022-08-20 14:28:52,110 INFO     ___FILE_ONLY___      
2022-08-20 14:28:52,110 INFO     ___FILE_ONLY___ 3
2022-08-20 14:28:52,110 INFO     ___FILE_ONLY___           
2022-08-20 14:28:52,110 INFO     ___FILE_ONLY___ RUNNING
2022-08-20 14:28:52,110 INFO     ___FILE_ONLY___ 

2022-08-20 14:28:52,110 INFO     ___FILE_ONLY___ jenkins-pso-ebb0371-cluster2
2022-08-20 14:28:52,111 INFO     ___FILE_ONLY___     
2022-08-20 14:28:52,111 INFO     ___FILE_ONLY___ us-central1-a
2022-08-20 14:28:52,111 INFO     ___FILE_ONLY___    
2022-08-20 14:28:52,111 INFO     ___FILE_ONLY___ 1.21.14-gke.2700
2022-08-20 14:28:52,111 INFO     ___FILE_ONLY___    
2022-08-20 14:28:52,111 INFO     ___FILE_ONLY___ 34.136.32.167
2022-08-20 14:28:52,111 INFO     ___FILE_ONLY___    
2022-08-20 14:28:52,111 INFO     ___FILE_ONLY___ n1-standard-4
2022-08-20 14:28:52,111 INFO     ___FILE_ONLY___   
2022-08-20 14:28:52,111 INFO     ___FILE_ONLY___ 1.21.14-gke.2700
2022-08-20 14:28:52,111 INFO     ___FILE_ONLY___      
2022-08-20 14:28:52,111 INFO     ___FILE_ONLY___ 3
2022-08-20 14:28:52,111 INFO     ___FILE_ONLY___           
2022-08-20 14:28:52,111 INFO     ___FILE_ONLY___ RUNNING
2022-08-20 14:28:52,111 INFO     ___FILE_ONLY___ 

2022-08-20 14:28:52,111 INFO     ___FILE_ONLY___ jenkins-pso-ebb0371-cluster3
2022-08-20 14:28:52,111 INFO     ___FILE_ONLY___     
2022-08-20 14:28:52,111 INFO     ___FILE_ONLY___ us-central1-a
2022-08-20 14:28:52,111 INFO     ___FILE_ONLY___    
2022-08-20 14:28:52,111 INFO     ___FILE_ONLY___ 1.21.14-gke.2700
2022-08-20 14:28:52,111 INFO     ___FILE_ONLY___    
2022-08-20 14:28:52,111 INFO     ___FILE_ONLY___ 34.173.92.195
2022-08-20 14:28:52,111 INFO     ___FILE_ONLY___    
2022-08-20 14:28:52,111 INFO     ___FILE_ONLY___ n1-standard-4
2022-08-20 14:28:52,111 INFO     ___FILE_ONLY___   
2022-08-20 14:28:52,111 INFO     ___FILE_ONLY___ 1.21.14-gke.2700
2022-08-20 14:28:52,111 INFO     ___FILE_ONLY___      
2022-08-20 14:28:52,111 INFO     ___FILE_ONLY___ 3
2022-08-20 14:28:52,111 INFO     ___FILE_ONLY___           
2022-08-20 14:28:52,111 INFO     ___FILE_ONLY___ RUNNING
2022-08-20 14:28:52,111 INFO     ___FILE_ONLY___ 

2022-08-20 14:28:52,111 INFO     ___FILE_ONLY___ cap-666
2022-08-20 14:28:52,111 INFO     ___FILE_ONLY___                          
2022-08-20 14:28:52,111 INFO     ___FILE_ONLY___ us-central1-c
2022-08-20 14:28:52,111 INFO     ___FILE_ONLY___    
2022-08-20 14:28:52,111 INFO     ___FILE_ONLY___ 1.24.2-gke.1900
2022-08-20 14:28:52,111 INFO     ___FILE_ONLY___     
2022-08-20 14:28:52,111 INFO     ___FILE_ONLY___ 35.202.25.100
2022-08-20 14:28:52,111 INFO     ___FILE_ONLY___    
2022-08-20 14:28:52,111 INFO     ___FILE_ONLY___ n1-standard-4
2022-08-20 14:28:52,111 INFO     ___FILE_ONLY___   
2022-08-20 14:28:52,111 INFO     ___FILE_ONLY___ 1.24.2-gke.1900
2022-08-20 14:28:52,111 INFO     ___FILE_ONLY___       
2022-08-20 14:28:52,111 INFO     ___FILE_ONLY___ 3
2022-08-20 14:28:52,111 INFO     ___FILE_ONLY___           
2022-08-20 14:28:52,112 INFO     ___FILE_ONLY___ RUNNING
2022-08-20 14:28:52,112 INFO     ___FILE_ONLY___ 

2022-08-20 14:28:52,112 INFO     ___FILE_ONLY___ jenkins-pgo-33d56110-sandbox
2022-08-20 14:28:52,112 INFO     ___FILE_ONLY___     
2022-08-20 14:28:52,112 INFO     ___FILE_ONLY___ us-central1-c
2022-08-20 14:28:52,112 INFO     ___FILE_ONLY___    
2022-08-20 14:28:52,112 INFO     ___FILE_ONLY___ 1.21.13-gke.900
2022-08-20 14:28:52,112 INFO     ___FILE_ONLY___     
2022-08-20 14:28:52,112 INFO     ___FILE_ONLY___ 35.223.49.23
2022-08-20 14:28:52,112 INFO     ___FILE_ONLY___     
2022-08-20 14:28:52,112 INFO     ___FILE_ONLY___ n1-standard-4
2022-08-20 14:28:52,112 INFO     ___FILE_ONLY___   
2022-08-20 14:28:52,112 INFO     ___FILE_ONLY___ 1.21.13-gke.900
2022-08-20 14:28:52,112 INFO     ___FILE_ONLY___       
2022-08-20 14:28:52,112 INFO     ___FILE_ONLY___ 3
2022-08-20 14:28:52,112 INFO     ___FILE_ONLY___           
2022-08-20 14:28:52,112 INFO     ___FILE_ONLY___ RUNNING
2022-08-20 14:28:52,112 INFO     ___FILE_ONLY___ 

2022-08-20 14:28:52,112 INFO     ___FILE_ONLY___ 
* - There is an upgrade available for your cluster(s).

To upgrade nodes to the latest available version, run
  $ gcloud container clusters upgrade NAME

2022-08-20 14:28:52,113 INFO     ___FILE_ONLY___ 

Updates are available for some Google Cloud CLI components.  To install them,
please run:
  $ gcloud components update


2022-08-20 14:28:52,115 INFO     ___FILE_ONLY___ 

To take a quick anonymous survey, run:
  $ gcloud survey


2022-08-20 14:28:52,121 DEBUG    root            Metrics reporting process started...
