2023-07-25 10:10:38,287 DEBUG    root            Loaded Command Group: ['gcloud', 'container', 'clusters']
2023-07-25 10:10:38,290 DEBUG    root            Loaded Command Group: ['gcloud', 'container', 'clusters', 'create']
2023-07-25 10:10:38,306 DEBUG    root            Running [gcloud.container.clusters.create] with arguments: [--cluster-version: "1.25", --disk-size: "32212254720", --labels: "OrderedDict([('delete-cluster-after-hours', '10')])", --machine-type: "n1-standard-4", --no-enable-autoupgrade: "False", --num-nodes: "3", --preemptible: "True", --zone: "europe-west3-b", NAME: "inel-23733"]
2023-07-25 10:10:38,310 INFO     ___FILE_ONLY___ Default change: VPC-native is the default mode during cluster creation for versions greater than 1.21.0-gke.1500. To create advanced routes based clusters, please pass the `--no-enable-ip-alias` flag

2023-07-25 10:10:38,310 INFO     ___FILE_ONLY___ Default change: During creation of nodepools or autoscaling configuration changes for cluster versions greater than 1.24.1-gke.800 a default location policy is applied. For Spot and PVM it defaults to ANY, and for all other VM kinds a BALANCED policy is used. To change the default values use the `--location-policy` flag.

2023-07-25 10:10:38,310 INFO     ___FILE_ONLY___ Note: Your Pod address range (`--cluster-ipv4-cidr`) can accommodate at most 1008 node(s).

2023-07-25 10:10:38,364 DEBUG    urllib3.connectionpool Starting new HTTPS connection (1): container.googleapis.com:443
2023-07-25 10:10:42,916 DEBUG    urllib3.connectionpool https://container.googleapis.com:443 "POST /v1/projects/cloud-dev-112233/locations/europe-west3-b/clusters?alt=json HTTP/1.1" 200 None
2023-07-25 10:10:42,927 INFO     ___FILE_ONLY___ Creating cluster inel-23733 in europe-west3-b...
2023-07-25 10:10:42,932 DEBUG    urllib3.connectionpool Starting new HTTPS connection (1): container.googleapis.com:443
2023-07-25 10:10:43,150 DEBUG    urllib3.connectionpool https://container.googleapis.com:443 "GET /v1/projects/cloud-dev-112233/locations/europe-west3-b/operations/operation-1690272642901-67bc91be-a0ad-417f-bc59-eff05519679a?alt=json HTTP/1.1" 200 None
2023-07-25 10:10:48,165 DEBUG    urllib3.connectionpool Starting new HTTPS connection (1): container.googleapis.com:443
2023-07-25 10:10:48,393 DEBUG    urllib3.connectionpool https://container.googleapis.com:443 "GET /v1/projects/cloud-dev-112233/locations/europe-west3-b/operations/operation-1690272642901-67bc91be-a0ad-417f-bc59-eff05519679a?alt=json HTTP/1.1" 200 None
2023-07-25 10:10:53,409 DEBUG    urllib3.connectionpool Starting new HTTPS connection (1): container.googleapis.com:443
2023-07-25 10:10:53,634 DEBUG    urllib3.connectionpool https://container.googleapis.com:443 "GET /v1/projects/cloud-dev-112233/locations/europe-west3-b/operations/operation-1690272642901-67bc91be-a0ad-417f-bc59-eff05519679a?alt=json HTTP/1.1" 200 None
2023-07-25 10:10:58,650 DEBUG    urllib3.connectionpool Starting new HTTPS connection (1): container.googleapis.com:443
2023-07-25 10:10:58,870 DEBUG    urllib3.connectionpool https://container.googleapis.com:443 "GET /v1/projects/cloud-dev-112233/locations/europe-west3-b/operations/operation-1690272642901-67bc91be-a0ad-417f-bc59-eff05519679a?alt=json HTTP/1.1" 200 None
2023-07-25 10:11:03,890 DEBUG    urllib3.connectionpool Starting new HTTPS connection (1): container.googleapis.com:443
2023-07-25 10:11:04,115 DEBUG    urllib3.connectionpool https://container.googleapis.com:443 "GET /v1/projects/cloud-dev-112233/locations/europe-west3-b/operations/operation-1690272642901-67bc91be-a0ad-417f-bc59-eff05519679a?alt=json HTTP/1.1" 200 None
2023-07-25 10:11:09,131 DEBUG    urllib3.connectionpool Starting new HTTPS connection (1): container.googleapis.com:443
2023-07-25 10:11:09,360 DEBUG    urllib3.connectionpool https://container.googleapis.com:443 "GET /v1/projects/cloud-dev-112233/locations/europe-west3-b/operations/operation-1690272642901-67bc91be-a0ad-417f-bc59-eff05519679a?alt=json HTTP/1.1" 200 None
2023-07-25 10:11:14,378 DEBUG    urllib3.connectionpool Starting new HTTPS connection (1): container.googleapis.com:443
2023-07-25 10:11:14,606 DEBUG    urllib3.connectionpool https://container.googleapis.com:443 "GET /v1/projects/cloud-dev-112233/locations/europe-west3-b/operations/operation-1690272642901-67bc91be-a0ad-417f-bc59-eff05519679a?alt=json HTTP/1.1" 200 None
2023-07-25 10:11:19,611 DEBUG    urllib3.connectionpool Starting new HTTPS connection (1): container.googleapis.com:443
2023-07-25 10:11:19,802 DEBUG    urllib3.connectionpool https://container.googleapis.com:443 "GET /v1/projects/cloud-dev-112233/locations/europe-west3-b/operations/operation-1690272642901-67bc91be-a0ad-417f-bc59-eff05519679a?alt=json HTTP/1.1" 200 None
2023-07-25 10:11:24,810 DEBUG    urllib3.connectionpool Starting new HTTPS connection (1): container.googleapis.com:443
2023-07-25 10:11:25,025 DEBUG    urllib3.connectionpool https://container.googleapis.com:443 "GET /v1/projects/cloud-dev-112233/locations/europe-west3-b/operations/operation-1690272642901-67bc91be-a0ad-417f-bc59-eff05519679a?alt=json HTTP/1.1" 200 None
2023-07-25 10:11:30,034 DEBUG    urllib3.connectionpool Starting new HTTPS connection (1): container.googleapis.com:443
2023-07-25 10:11:30,242 DEBUG    urllib3.connectionpool https://container.googleapis.com:443 "GET /v1/projects/cloud-dev-112233/locations/europe-west3-b/operations/operation-1690272642901-67bc91be-a0ad-417f-bc59-eff05519679a?alt=json HTTP/1.1" 200 None
2023-07-25 10:11:35,251 DEBUG    urllib3.connectionpool Starting new HTTPS connection (1): container.googleapis.com:443
2023-07-25 10:11:35,441 DEBUG    urllib3.connectionpool https://container.googleapis.com:443 "GET /v1/projects/cloud-dev-112233/locations/europe-west3-b/operations/operation-1690272642901-67bc91be-a0ad-417f-bc59-eff05519679a?alt=json HTTP/1.1" 200 None
2023-07-25 10:11:40,452 DEBUG    urllib3.connectionpool Starting new HTTPS connection (1): container.googleapis.com:443
2023-07-25 10:11:40,661 DEBUG    urllib3.connectionpool https://container.googleapis.com:443 "GET /v1/projects/cloud-dev-112233/locations/europe-west3-b/operations/operation-1690272642901-67bc91be-a0ad-417f-bc59-eff05519679a?alt=json HTTP/1.1" 200 None
2023-07-25 10:11:45,675 DEBUG    urllib3.connectionpool Starting new HTTPS connection (1): container.googleapis.com:443
2023-07-25 10:11:45,875 DEBUG    urllib3.connectionpool https://container.googleapis.com:443 "GET /v1/projects/cloud-dev-112233/locations/europe-west3-b/operations/operation-1690272642901-67bc91be-a0ad-417f-bc59-eff05519679a?alt=json HTTP/1.1" 200 None
2023-07-25 10:11:50,887 DEBUG    urllib3.connectionpool Starting new HTTPS connection (1): container.googleapis.com:443
2023-07-25 10:11:51,084 DEBUG    urllib3.connectionpool https://container.googleapis.com:443 "GET /v1/projects/cloud-dev-112233/locations/europe-west3-b/operations/operation-1690272642901-67bc91be-a0ad-417f-bc59-eff05519679a?alt=json HTTP/1.1" 200 None
2023-07-25 10:11:56,097 DEBUG    urllib3.connectionpool Starting new HTTPS connection (1): container.googleapis.com:443
2023-07-25 10:11:56,313 DEBUG    urllib3.connectionpool https://container.googleapis.com:443 "GET /v1/projects/cloud-dev-112233/locations/europe-west3-b/operations/operation-1690272642901-67bc91be-a0ad-417f-bc59-eff05519679a?alt=json HTTP/1.1" 200 None
2023-07-25 10:12:01,329 DEBUG    urllib3.connectionpool Starting new HTTPS connection (1): container.googleapis.com:443
2023-07-25 10:12:01,548 DEBUG    urllib3.connectionpool https://container.googleapis.com:443 "GET /v1/projects/cloud-dev-112233/locations/europe-west3-b/operations/operation-1690272642901-67bc91be-a0ad-417f-bc59-eff05519679a?alt=json HTTP/1.1" 200 None
2023-07-25 10:12:06,568 DEBUG    urllib3.connectionpool Starting new HTTPS connection (1): container.googleapis.com:443
2023-07-25 10:12:06,766 DEBUG    urllib3.connectionpool https://container.googleapis.com:443 "GET /v1/projects/cloud-dev-112233/locations/europe-west3-b/operations/operation-1690272642901-67bc91be-a0ad-417f-bc59-eff05519679a?alt=json HTTP/1.1" 200 None
2023-07-25 10:12:11,779 DEBUG    urllib3.connectionpool Starting new HTTPS connection (1): container.googleapis.com:443
2023-07-25 10:12:11,974 DEBUG    urllib3.connectionpool https://container.googleapis.com:443 "GET /v1/projects/cloud-dev-112233/locations/europe-west3-b/operations/operation-1690272642901-67bc91be-a0ad-417f-bc59-eff05519679a?alt=json HTTP/1.1" 200 None
2023-07-25 10:12:16,990 DEBUG    urllib3.connectionpool Starting new HTTPS connection (1): container.googleapis.com:443
2023-07-25 10:12:17,216 DEBUG    urllib3.connectionpool https://container.googleapis.com:443 "GET /v1/projects/cloud-dev-112233/locations/europe-west3-b/operations/operation-1690272642901-67bc91be-a0ad-417f-bc59-eff05519679a?alt=json HTTP/1.1" 200 None
2023-07-25 10:12:22,230 DEBUG    urllib3.connectionpool Starting new HTTPS connection (1): container.googleapis.com:443
2023-07-25 10:12:22,452 DEBUG    urllib3.connectionpool https://container.googleapis.com:443 "GET /v1/projects/cloud-dev-112233/locations/europe-west3-b/operations/operation-1690272642901-67bc91be-a0ad-417f-bc59-eff05519679a?alt=json HTTP/1.1" 200 None
2023-07-25 10:12:27,466 DEBUG    urllib3.connectionpool Starting new HTTPS connection (1): container.googleapis.com:443
2023-07-25 10:12:27,682 DEBUG    urllib3.connectionpool https://container.googleapis.com:443 "GET /v1/projects/cloud-dev-112233/locations/europe-west3-b/operations/operation-1690272642901-67bc91be-a0ad-417f-bc59-eff05519679a?alt=json HTTP/1.1" 200 None
2023-07-25 10:12:32,696 DEBUG    urllib3.connectionpool Starting new HTTPS connection (1): container.googleapis.com:443
2023-07-25 10:12:32,932 DEBUG    urllib3.connectionpool https://container.googleapis.com:443 "GET /v1/projects/cloud-dev-112233/locations/europe-west3-b/operations/operation-1690272642901-67bc91be-a0ad-417f-bc59-eff05519679a?alt=json HTTP/1.1" 200 None
2023-07-25 10:12:37,944 DEBUG    urllib3.connectionpool Starting new HTTPS connection (1): container.googleapis.com:443
2023-07-25 10:12:38,161 DEBUG    urllib3.connectionpool https://container.googleapis.com:443 "GET /v1/projects/cloud-dev-112233/locations/europe-west3-b/operations/operation-1690272642901-67bc91be-a0ad-417f-bc59-eff05519679a?alt=json HTTP/1.1" 200 None
2023-07-25 10:12:43,173 DEBUG    urllib3.connectionpool Starting new HTTPS connection (1): container.googleapis.com:443
2023-07-25 10:12:43,402 DEBUG    urllib3.connectionpool https://container.googleapis.com:443 "GET /v1/projects/cloud-dev-112233/locations/europe-west3-b/operations/operation-1690272642901-67bc91be-a0ad-417f-bc59-eff05519679a?alt=json HTTP/1.1" 200 None
2023-07-25 10:12:48,415 DEBUG    urllib3.connectionpool Starting new HTTPS connection (1): container.googleapis.com:443
2023-07-25 10:12:48,640 DEBUG    urllib3.connectionpool https://container.googleapis.com:443 "GET /v1/projects/cloud-dev-112233/locations/europe-west3-b/operations/operation-1690272642901-67bc91be-a0ad-417f-bc59-eff05519679a?alt=json HTTP/1.1" 200 None
2023-07-25 10:12:53,650 DEBUG    urllib3.connectionpool Starting new HTTPS connection (1): container.googleapis.com:443
2023-07-25 10:12:53,853 DEBUG    urllib3.connectionpool https://container.googleapis.com:443 "GET /v1/projects/cloud-dev-112233/locations/europe-west3-b/operations/operation-1690272642901-67bc91be-a0ad-417f-bc59-eff05519679a?alt=json HTTP/1.1" 200 None
2023-07-25 10:12:58,872 DEBUG    urllib3.connectionpool Starting new HTTPS connection (1): container.googleapis.com:443
2023-07-25 10:12:59,093 DEBUG    urllib3.connectionpool https://container.googleapis.com:443 "GET /v1/projects/cloud-dev-112233/locations/europe-west3-b/operations/operation-1690272642901-67bc91be-a0ad-417f-bc59-eff05519679a?alt=json HTTP/1.1" 200 None
2023-07-25 10:13:04,107 DEBUG    urllib3.connectionpool Starting new HTTPS connection (1): container.googleapis.com:443
2023-07-25 10:13:04,253 DEBUG    urllib3.connectionpool https://container.googleapis.com:443 "GET /v1/projects/cloud-dev-112233/locations/europe-west3-b/operations/operation-1690272642901-67bc91be-a0ad-417f-bc59-eff05519679a?alt=json HTTP/1.1" 200 None
2023-07-25 10:13:09,268 DEBUG    urllib3.connectionpool Starting new HTTPS connection (1): container.googleapis.com:443
2023-07-25 10:13:09,482 DEBUG    urllib3.connectionpool https://container.googleapis.com:443 "GET /v1/projects/cloud-dev-112233/locations/europe-west3-b/operations/operation-1690272642901-67bc91be-a0ad-417f-bc59-eff05519679a?alt=json HTTP/1.1" 200 None
2023-07-25 10:13:14,494 DEBUG    urllib3.connectionpool Starting new HTTPS connection (1): container.googleapis.com:443
2023-07-25 10:13:14,717 DEBUG    urllib3.connectionpool https://container.googleapis.com:443 "GET /v1/projects/cloud-dev-112233/locations/europe-west3-b/operations/operation-1690272642901-67bc91be-a0ad-417f-bc59-eff05519679a?alt=json HTTP/1.1" 200 None
2023-07-25 10:13:19,731 DEBUG    urllib3.connectionpool Starting new HTTPS connection (1): container.googleapis.com:443
2023-07-25 10:13:19,958 DEBUG    urllib3.connectionpool https://container.googleapis.com:443 "GET /v1/projects/cloud-dev-112233/locations/europe-west3-b/operations/operation-1690272642901-67bc91be-a0ad-417f-bc59-eff05519679a?alt=json HTTP/1.1" 200 None
2023-07-25 10:13:24,973 DEBUG    urllib3.connectionpool Starting new HTTPS connection (1): container.googleapis.com:443
2023-07-25 10:13:25,197 DEBUG    urllib3.connectionpool https://container.googleapis.com:443 "GET /v1/projects/cloud-dev-112233/locations/europe-west3-b/operations/operation-1690272642901-67bc91be-a0ad-417f-bc59-eff05519679a?alt=json HTTP/1.1" 200 None
2023-07-25 10:13:30,211 DEBUG    urllib3.connectionpool Starting new HTTPS connection (1): container.googleapis.com:443
2023-07-25 10:13:30,421 DEBUG    urllib3.connectionpool https://container.googleapis.com:443 "GET /v1/projects/cloud-dev-112233/locations/europe-west3-b/operations/operation-1690272642901-67bc91be-a0ad-417f-bc59-eff05519679a?alt=json HTTP/1.1" 200 None
2023-07-25 10:13:35,433 DEBUG    urllib3.connectionpool Starting new HTTPS connection (1): container.googleapis.com:443
2023-07-25 10:13:35,655 DEBUG    urllib3.connectionpool https://container.googleapis.com:443 "GET /v1/projects/cloud-dev-112233/locations/europe-west3-b/operations/operation-1690272642901-67bc91be-a0ad-417f-bc59-eff05519679a?alt=json HTTP/1.1" 200 None
2023-07-25 10:13:40,671 DEBUG    urllib3.connectionpool Starting new HTTPS connection (1): container.googleapis.com:443
2023-07-25 10:13:40,894 DEBUG    urllib3.connectionpool https://container.googleapis.com:443 "GET /v1/projects/cloud-dev-112233/locations/europe-west3-b/operations/operation-1690272642901-67bc91be-a0ad-417f-bc59-eff05519679a?alt=json HTTP/1.1" 200 None
2023-07-25 10:13:45,913 DEBUG    urllib3.connectionpool Starting new HTTPS connection (1): container.googleapis.com:443
2023-07-25 10:13:46,140 DEBUG    urllib3.connectionpool https://container.googleapis.com:443 "GET /v1/projects/cloud-dev-112233/locations/europe-west3-b/operations/operation-1690272642901-67bc91be-a0ad-417f-bc59-eff05519679a?alt=json HTTP/1.1" 200 None
2023-07-25 10:13:51,154 DEBUG    urllib3.connectionpool Starting new HTTPS connection (1): container.googleapis.com:443
2023-07-25 10:13:51,374 DEBUG    urllib3.connectionpool https://container.googleapis.com:443 "GET /v1/projects/cloud-dev-112233/locations/europe-west3-b/operations/operation-1690272642901-67bc91be-a0ad-417f-bc59-eff05519679a?alt=json HTTP/1.1" 200 None
2023-07-25 10:13:56,390 DEBUG    urllib3.connectionpool Starting new HTTPS connection (1): container.googleapis.com:443
2023-07-25 10:13:56,618 DEBUG    urllib3.connectionpool https://container.googleapis.com:443 "GET /v1/projects/cloud-dev-112233/locations/europe-west3-b/operations/operation-1690272642901-67bc91be-a0ad-417f-bc59-eff05519679a?alt=json HTTP/1.1" 200 None
2023-07-25 10:14:01,631 DEBUG    urllib3.connectionpool Starting new HTTPS connection (1): container.googleapis.com:443
2023-07-25 10:14:01,855 DEBUG    urllib3.connectionpool https://container.googleapis.com:443 "GET /v1/projects/cloud-dev-112233/locations/europe-west3-b/operations/operation-1690272642901-67bc91be-a0ad-417f-bc59-eff05519679a?alt=json HTTP/1.1" 200 None
2023-07-25 10:14:06,873 DEBUG    urllib3.connectionpool Starting new HTTPS connection (1): container.googleapis.com:443
2023-07-25 10:14:07,075 DEBUG    urllib3.connectionpool https://container.googleapis.com:443 "GET /v1/projects/cloud-dev-112233/locations/europe-west3-b/operations/operation-1690272642901-67bc91be-a0ad-417f-bc59-eff05519679a?alt=json HTTP/1.1" 200 None
2023-07-25 10:14:12,093 DEBUG    urllib3.connectionpool Starting new HTTPS connection (1): container.googleapis.com:443
2023-07-25 10:14:12,311 DEBUG    urllib3.connectionpool https://container.googleapis.com:443 "GET /v1/projects/cloud-dev-112233/locations/europe-west3-b/operations/operation-1690272642901-67bc91be-a0ad-417f-bc59-eff05519679a?alt=json HTTP/1.1" 200 None
2023-07-25 10:14:17,329 DEBUG    urllib3.connectionpool Starting new HTTPS connection (1): container.googleapis.com:443
2023-07-25 10:14:17,547 DEBUG    urllib3.connectionpool https://container.googleapis.com:443 "GET /v1/projects/cloud-dev-112233/locations/europe-west3-b/operations/operation-1690272642901-67bc91be-a0ad-417f-bc59-eff05519679a?alt=json HTTP/1.1" 200 None
2023-07-25 10:14:22,564 DEBUG    urllib3.connectionpool Starting new HTTPS connection (1): container.googleapis.com:443
2023-07-25 10:14:22,773 DEBUG    urllib3.connectionpool https://container.googleapis.com:443 "GET /v1/projects/cloud-dev-112233/locations/europe-west3-b/operations/operation-1690272642901-67bc91be-a0ad-417f-bc59-eff05519679a?alt=json HTTP/1.1" 200 None
2023-07-25 10:14:27,791 DEBUG    urllib3.connectionpool Starting new HTTPS connection (1): container.googleapis.com:443
2023-07-25 10:14:28,007 DEBUG    urllib3.connectionpool https://container.googleapis.com:443 "GET /v1/projects/cloud-dev-112233/locations/europe-west3-b/operations/operation-1690272642901-67bc91be-a0ad-417f-bc59-eff05519679a?alt=json HTTP/1.1" 200 None
2023-07-25 10:14:33,023 DEBUG    urllib3.connectionpool Starting new HTTPS connection (1): container.googleapis.com:443
2023-07-25 10:14:33,246 DEBUG    urllib3.connectionpool https://container.googleapis.com:443 "GET /v1/projects/cloud-dev-112233/locations/europe-west3-b/operations/operation-1690272642901-67bc91be-a0ad-417f-bc59-eff05519679a?alt=json HTTP/1.1" 200 None
2023-07-25 10:14:38,264 DEBUG    urllib3.connectionpool Starting new HTTPS connection (1): container.googleapis.com:443
2023-07-25 10:14:38,474 DEBUG    urllib3.connectionpool https://container.googleapis.com:443 "GET /v1/projects/cloud-dev-112233/locations/europe-west3-b/operations/operation-1690272642901-67bc91be-a0ad-417f-bc59-eff05519679a?alt=json HTTP/1.1" 200 None
2023-07-25 10:14:43,490 DEBUG    urllib3.connectionpool Starting new HTTPS connection (1): container.googleapis.com:443
2023-07-25 10:14:43,697 DEBUG    urllib3.connectionpool https://container.googleapis.com:443 "GET /v1/projects/cloud-dev-112233/locations/europe-west3-b/operations/operation-1690272642901-67bc91be-a0ad-417f-bc59-eff05519679a?alt=json HTTP/1.1" 200 None
2023-07-25 10:14:48,713 DEBUG    urllib3.connectionpool Starting new HTTPS connection (1): container.googleapis.com:443
2023-07-25 10:14:48,925 DEBUG    urllib3.connectionpool https://container.googleapis.com:443 "GET /v1/projects/cloud-dev-112233/locations/europe-west3-b/operations/operation-1690272642901-67bc91be-a0ad-417f-bc59-eff05519679a?alt=json HTTP/1.1" 200 None
2023-07-25 10:14:53,950 DEBUG    urllib3.connectionpool Starting new HTTPS connection (1): container.googleapis.com:443
2023-07-25 10:14:54,166 DEBUG    urllib3.connectionpool https://container.googleapis.com:443 "GET /v1/projects/cloud-dev-112233/locations/europe-west3-b/operations/operation-1690272642901-67bc91be-a0ad-417f-bc59-eff05519679a?alt=json HTTP/1.1" 200 None
2023-07-25 10:14:59,180 DEBUG    urllib3.connectionpool Starting new HTTPS connection (1): container.googleapis.com:443
2023-07-25 10:14:59,404 DEBUG    urllib3.connectionpool https://container.googleapis.com:443 "GET /v1/projects/cloud-dev-112233/locations/europe-west3-b/operations/operation-1690272642901-67bc91be-a0ad-417f-bc59-eff05519679a?alt=json HTTP/1.1" 200 None
2023-07-25 10:15:04,421 DEBUG    urllib3.connectionpool Starting new HTTPS connection (1): container.googleapis.com:443
2023-07-25 10:15:04,650 DEBUG    urllib3.connectionpool https://container.googleapis.com:443 "GET /v1/projects/cloud-dev-112233/locations/europe-west3-b/operations/operation-1690272642901-67bc91be-a0ad-417f-bc59-eff05519679a?alt=json HTTP/1.1" 200 None
2023-07-25 10:15:09,666 DEBUG    urllib3.connectionpool Starting new HTTPS connection (1): container.googleapis.com:443
2023-07-25 10:15:09,892 DEBUG    urllib3.connectionpool https://container.googleapis.com:443 "GET /v1/projects/cloud-dev-112233/locations/europe-west3-b/operations/operation-1690272642901-67bc91be-a0ad-417f-bc59-eff05519679a?alt=json HTTP/1.1" 200 None
2023-07-25 10:15:14,911 DEBUG    urllib3.connectionpool Starting new HTTPS connection (1): container.googleapis.com:443
2023-07-25 10:15:15,138 DEBUG    urllib3.connectionpool https://container.googleapis.com:443 "GET /v1/projects/cloud-dev-112233/locations/europe-west3-b/operations/operation-1690272642901-67bc91be-a0ad-417f-bc59-eff05519679a?alt=json HTTP/1.1" 200 None
2023-07-25 10:15:20,156 DEBUG    urllib3.connectionpool Starting new HTTPS connection (1): container.googleapis.com:443
2023-07-25 10:15:20,359 DEBUG    urllib3.connectionpool https://container.googleapis.com:443 "GET /v1/projects/cloud-dev-112233/locations/europe-west3-b/operations/operation-1690272642901-67bc91be-a0ad-417f-bc59-eff05519679a?alt=json HTTP/1.1" 200 None
2023-07-25 10:15:25,378 DEBUG    urllib3.connectionpool Starting new HTTPS connection (1): container.googleapis.com:443
2023-07-25 10:15:25,607 DEBUG    urllib3.connectionpool https://container.googleapis.com:443 "GET /v1/projects/cloud-dev-112233/locations/europe-west3-b/operations/operation-1690272642901-67bc91be-a0ad-417f-bc59-eff05519679a?alt=json HTTP/1.1" 200 None
2023-07-25 10:15:30,626 DEBUG    urllib3.connectionpool Starting new HTTPS connection (1): container.googleapis.com:443
2023-07-25 10:15:30,839 DEBUG    urllib3.connectionpool https://container.googleapis.com:443 "GET /v1/projects/cloud-dev-112233/locations/europe-west3-b/operations/operation-1690272642901-67bc91be-a0ad-417f-bc59-eff05519679a?alt=json HTTP/1.1" 200 None
2023-07-25 10:15:35,853 DEBUG    urllib3.connectionpool Starting new HTTPS connection (1): container.googleapis.com:443
2023-07-25 10:15:36,076 DEBUG    urllib3.connectionpool https://container.googleapis.com:443 "GET /v1/projects/cloud-dev-112233/locations/europe-west3-b/operations/operation-1690272642901-67bc91be-a0ad-417f-bc59-eff05519679a?alt=json HTTP/1.1" 200 None
2023-07-25 10:15:41,088 DEBUG    urllib3.connectionpool Starting new HTTPS connection (1): container.googleapis.com:443
2023-07-25 10:15:41,307 DEBUG    urllib3.connectionpool https://container.googleapis.com:443 "GET /v1/projects/cloud-dev-112233/locations/europe-west3-b/operations/operation-1690272642901-67bc91be-a0ad-417f-bc59-eff05519679a?alt=json HTTP/1.1" 200 None
2023-07-25 10:15:46,323 DEBUG    urllib3.connectionpool Starting new HTTPS connection (1): container.googleapis.com:443
2023-07-25 10:15:46,550 DEBUG    urllib3.connectionpool https://container.googleapis.com:443 "GET /v1/projects/cloud-dev-112233/locations/europe-west3-b/operations/operation-1690272642901-67bc91be-a0ad-417f-bc59-eff05519679a?alt=json HTTP/1.1" 200 None
2023-07-25 10:15:51,576 DEBUG    urllib3.connectionpool Starting new HTTPS connection (1): container.googleapis.com:443
2023-07-25 10:15:51,797 DEBUG    urllib3.connectionpool https://container.googleapis.com:443 "GET /v1/projects/cloud-dev-112233/locations/europe-west3-b/operations/operation-1690272642901-67bc91be-a0ad-417f-bc59-eff05519679a?alt=json HTTP/1.1" 200 None
2023-07-25 10:15:56,817 DEBUG    urllib3.connectionpool Starting new HTTPS connection (1): container.googleapis.com:443
2023-07-25 10:15:57,017 DEBUG    urllib3.connectionpool https://container.googleapis.com:443 "GET /v1/projects/cloud-dev-112233/locations/europe-west3-b/operations/operation-1690272642901-67bc91be-a0ad-417f-bc59-eff05519679a?alt=json HTTP/1.1" 200 None
2023-07-25 10:16:02,031 DEBUG    urllib3.connectionpool Starting new HTTPS connection (1): container.googleapis.com:443
2023-07-25 10:16:02,219 DEBUG    urllib3.connectionpool https://container.googleapis.com:443 "GET /v1/projects/cloud-dev-112233/locations/europe-west3-b/operations/operation-1690272642901-67bc91be-a0ad-417f-bc59-eff05519679a?alt=json HTTP/1.1" 200 None
2023-07-25 10:16:02,224 INFO     root            Operation <Operation
 clusterConditions: []
 endTime: '2023-07-25T08:16:00.489359523Z'
 name: 'operation-1690272642901-67bc91be-a0ad-417f-bc59-eff05519679a'
 nodepoolConditions: []
 operationType: OperationTypeValueValuesEnum(CREATE_CLUSTER, 1)
 progress: <OperationProgress
 metrics: [<Metric
 intValue: 9
 name: 'CLUSTER_CONFIGURING'>, <Metric
 intValue: 9
 name: 'CLUSTER_CONFIGURING_TOTAL'>, <Metric
 intValue: 12
 name: 'CLUSTER_DEPLOYING'>, <Metric
 intValue: 12
 name: 'CLUSTER_DEPLOYING_TOTAL'>, <Metric
 intValue: 1
 name: 'CLUSTER_HEALTHCHECKING'>, <Metric
 intValue: 2
 name: 'CLUSTER_HEALTHCHECKING_TOTAL'>]
 stages: []>
 selfLink: 'https://container.googleapis.com/v1/projects/166042509722/zones/europe-west3-b/operations/operation-1690272642901-67bc91be-a0ad-417f-bc59-eff05519679a'
 startTime: '2023-07-25T08:10:42.90170193Z'
 status: StatusValueValuesEnum(DONE, 3)
 targetLink: 'https://container.googleapis.com/v1/projects/166042509722/zones/europe-west3-b/clusters/inel-23733'
 zone: 'europe-west3-b'> succeeded after 319.297 seconds
2023-07-25 10:16:02,381 DEBUG    urllib3.connectionpool Starting new HTTPS connection (1): container.googleapis.com:443
2023-07-25 10:16:02,590 DEBUG    urllib3.connectionpool https://container.googleapis.com:443 "GET /v1/projects/cloud-dev-112233/locations/europe-west3-b/clusters/inel-23733?alt=json HTTP/1.1" 200 None
2023-07-25 10:16:02,606 INFO     ___FILE_ONLY___ Created [https://container.googleapis.com/v1/projects/cloud-dev-112233/zones/europe-west3-b/clusters/inel-23733].

2023-07-25 10:16:02,607 INFO     ___FILE_ONLY___ To inspect the contents of your cluster, go to: https://console.cloud.google.com/kubernetes/workload_/gcloud/europe-west3-b/inel-23733?project=cloud-dev-112233

2023-07-25 10:16:03,201 DEBUG    root            Saved kubeconfig to /Users/inelpandzic/.kube/config
2023-07-25 10:16:03,201 INFO     ___FILE_ONLY___ kubeconfig entry generated for inel-23733.

2023-07-25 10:16:03,201 DEBUG    root            Chosen display Format:
    table(
        name,
        zone:label=LOCATION,
        master_version():label=MASTER_VERSION,
        endpoint:label=MASTER_IP,
        nodePools[0].config.machineType,
        currentNodeVersion:label=NODE_VERSION,
        firstof(currentNodeCount,initialNodeCount):label=NUM_NODES,
        status
    )

2023-07-25 10:16:03,202 INFO     root            Display format: "
    table(
        name,
        zone:label=LOCATION,
        master_version():label=MASTER_VERSION,
        endpoint:label=MASTER_IP,
        nodePools[0].config.machineType,
        currentNodeVersion:label=NODE_VERSION,
        firstof(currentNodeCount,initialNodeCount):label=NUM_NODES,
        status
    )
"
2023-07-25 10:16:03,204 INFO     ___FILE_ONLY___ NAME
2023-07-25 10:16:03,204 INFO     ___FILE_ONLY___         
2023-07-25 10:16:03,204 INFO     ___FILE_ONLY___ LOCATION
2023-07-25 10:16:03,204 INFO     ___FILE_ONLY___         
2023-07-25 10:16:03,204 INFO     ___FILE_ONLY___ MASTER_VERSION
2023-07-25 10:16:03,204 INFO     ___FILE_ONLY___     
2023-07-25 10:16:03,204 INFO     ___FILE_ONLY___ MASTER_IP
2023-07-25 10:16:03,204 INFO     ___FILE_ONLY___       
2023-07-25 10:16:03,204 INFO     ___FILE_ONLY___ MACHINE_TYPE
2023-07-25 10:16:03,204 INFO     ___FILE_ONLY___    
2023-07-25 10:16:03,204 INFO     ___FILE_ONLY___ NODE_VERSION
2023-07-25 10:16:03,204 INFO     ___FILE_ONLY___       
2023-07-25 10:16:03,204 INFO     ___FILE_ONLY___ NUM_NODES
2023-07-25 10:16:03,204 INFO     ___FILE_ONLY___   
2023-07-25 10:16:03,204 INFO     ___FILE_ONLY___ STATUS
2023-07-25 10:16:03,204 INFO     ___FILE_ONLY___ 

2023-07-25 10:16:03,204 INFO     ___FILE_ONLY___ inel-23733
2023-07-25 10:16:03,204 INFO     ___FILE_ONLY___   
2023-07-25 10:16:03,204 INFO     ___FILE_ONLY___ europe-west3-b
2023-07-25 10:16:03,204 INFO     ___FILE_ONLY___   
2023-07-25 10:16:03,204 INFO     ___FILE_ONLY___ 1.25.10-gke.2700
2023-07-25 10:16:03,204 INFO     ___FILE_ONLY___   
2023-07-25 10:16:03,204 INFO     ___FILE_ONLY___ 34.159.58.174
2023-07-25 10:16:03,204 INFO     ___FILE_ONLY___   
2023-07-25 10:16:03,204 INFO     ___FILE_ONLY___ n1-standard-4
2023-07-25 10:16:03,204 INFO     ___FILE_ONLY___   
2023-07-25 10:16:03,204 INFO     ___FILE_ONLY___ 1.25.10-gke.2700
2023-07-25 10:16:03,204 INFO     ___FILE_ONLY___   
2023-07-25 10:16:03,204 INFO     ___FILE_ONLY___ 3
2023-07-25 10:16:03,204 INFO     ___FILE_ONLY___           
2023-07-25 10:16:03,204 INFO     ___FILE_ONLY___ RUNNING
2023-07-25 10:16:03,204 INFO     ___FILE_ONLY___ 

2023-07-25 10:16:03,205 INFO     ___FILE_ONLY___ 

Updates are available for some Google Cloud CLI components.  To install them,
please run:
  $ gcloud components update


2023-07-25 10:16:03,210 DEBUG    root            Metrics reporting process started...
