2022-08-29 11:06:21,543 DEBUG    root            Loaded Command Group: ['gcloud', 'config']
2022-08-29 11:06:21,545 DEBUG    root            Loaded Command Group: ['gcloud', 'config', 'config_helper']
2022-08-29 11:06:21,545 DEBUG    root            Running [gcloud.config.config-helper] with arguments: [--format: "json"]
2022-08-29 11:06:21,569 DEBUG    google.auth.transport.requests Making request: POST https://oauth2.googleapis.com/token
2022-08-29 11:06:21,583 DEBUG    urllib3.connectionpool Starting new HTTPS connection (1): oauth2.googleapis.com:443
2022-08-29 11:06:21,733 DEBUG    urllib3.connectionpool https://oauth2.googleapis.com:443 "POST /token HTTP/1.1" 200 None
2022-08-29 11:06:21,740 INFO     root            Display format: "default json"
2022-08-29 11:06:21,741 INFO     ___FILE_ONLY___ {
  "configuration": {
    "active_configuration": "percona-cloud-dev",
    "properties": {
      "core": {
        "account": "inel.pandzic@percona.com",
        "disable_usage_reporting": "False",
        "project": "cloud-dev-112233"
      }
    }
  },
  "credential": {
    "access_token": "ya29.a0AVA9y1s0pVZKnSgZpaiuJK4XSHLYno0tFgeSAMfnVgbWhGsmlFRjJaUizLud--oRcE32ABbwZvuwogtxbJvf4CRKsDMMKJeYX4jA-DxEf6ykTMrTHz3hHDZnX8DFM_Ebjy4oKYpNhD4Mw86r9QKCq_tK0jo_sn-oFGJ-LPUaCgYKATASAQASFQE65dr8pDH7UO5tEo5ftsu8KsFROQ0174",
    "id_token": "eyJhbGciOiJSUzI1NiIsImtpZCI6IjQwMmYzMDViNzA1ODEzMjlmZjI4OWI1YjNhNjcyODM4MDZlY2E4OTMiLCJ0eXAiOiJKV1QifQ.eyJpc3MiOiJodHRwczovL2FjY291bnRzLmdvb2dsZS5jb20iLCJhenAiOiIzMjU1NTk0MDU1OS5hcHBzLmdvb2dsZXVzZXJjb250ZW50LmNvbSIsImF1ZCI6IjMyNTU1OTQwNTU5LmFwcHMuZ29vZ2xldXNlcmNvbnRlbnQuY29tIiwic3ViIjoiMTA3NDA5ODEzMzQ0NTU5NDQzNDA3IiwiaGQiOiJwZXJjb25hLmNvbSIsImVtYWlsIjoiaW5lbC5wYW5kemljQHBlcmNvbmEuY29tIiwiZW1haWxfdmVyaWZpZWQiOnRydWUsImF0X2hhc2giOiJKb3J2dlFDallhMkY1N01McnhXb19RIiwiaWF0IjoxNjYxNzYzOTgxLCJleHAiOjE2NjE3Njc1ODF9.YyzYbx5KvH5ts-qa0KVF6Hdb88o1T9bWvGeqrN2otL-knuWJHxbvMif6RMdfnVDexx7qjYbhzvVSI4hI6F4fZwn1Vc6OhzmZovnuF-rpvv0cAlQ8uerbyq6q3FTdKj0aptX5NPx90eo8BEGxOfYdMjBNWQPqfcUr0XIH-V3rTxfAMEN6i7zPxYPVWxH6zyZwRiLT61kxX-3viuUfTWa2rOrxLj-MpnBbsFGdhJb7eKqVdEW6sGuc1VSysTHm38ja2GMvUH7sPR7UqgD9CC3RIMMNrdcXgpx8gApmPKSC--mvk_C62w5m4qk_WaSx0cx6Mpz_xxsDsk4gINRriZ1fVQ",
    "token_expiry": "2022-08-29T10:06:20Z"
  },
  "sentinels": {
    "config_sentinel": "/Users/inelpandzic/.config/gcloud/config_sentinel"
  }
}
2022-08-29 11:06:21,741 INFO     ___FILE_ONLY___ 

2022-08-29 11:06:21,742 DEBUG    root            Checking for updates...
2022-08-29 11:06:21,756 DEBUG    urllib3.connectionpool Starting new HTTPS connection (1): dl.google.com:443
2022-08-29 11:06:21,894 DEBUG    urllib3.connectionpool https://dl.google.com:443 "GET /dl/cloudsdk/channels/rapid/components-2.json HTTP/1.1" 200 198784
2022-08-29 11:06:22,008 DEBUG    root            Metrics reporting process started...
