2022-08-29 12:06:45,122 DEBUG    root            Loaded Command Group: ['gcloud', 'config']
2022-08-29 12:06:45,124 DEBUG    root            Loaded Command Group: ['gcloud', 'config', 'config_helper']
2022-08-29 12:06:45,125 DEBUG    root            Running [gcloud.config.config-helper] with arguments: [--format: "json"]
2022-08-29 12:06:45,134 DEBUG    google.auth.transport.requests Making request: POST https://oauth2.googleapis.com/token
2022-08-29 12:06:45,145 DEBUG    urllib3.connectionpool Starting new HTTPS connection (1): oauth2.googleapis.com:443
2022-08-29 12:06:45,286 DEBUG    urllib3.connectionpool https://oauth2.googleapis.com:443 "POST /token HTTP/1.1" 200 None
2022-08-29 12:06:45,292 INFO     root            Display format: "default json"
2022-08-29 12:06:45,292 INFO     ___FILE_ONLY___ {
  "configuration": {
    "active_configuration": "percona-cloud-dev",
    "properties": {
      "core": {
        "account": "inel.pandzic@percona.com",
        "disable_usage_reporting": "False",
        "project": "cloud-dev-112233"
      }
    }
  },
  "credential": {
    "access_token": "ya29.a0AVA9y1vQPmuyziYwF7Hr_sQORMSc1ue1shtl22KGK-zlh6OfIut0A3pX1HamZCJEX-9hUxXlxpQBVeQPAVEETpVdV21_oagxv-8hdeORN-WpidZ9KfJ_zMYN4P57pMttkn84_257FFUyMQSuIjSigvNS7EMQkI7c3grqI1saCgYKATASAQASFQE65dr8z_rNFtRFrCQcKD-mitt7hA0174",
    "id_token": "eyJhbGciOiJSUzI1NiIsImtpZCI6IjQwMmYzMDViNzA1ODEzMjlmZjI4OWI1YjNhNjcyODM4MDZlY2E4OTMiLCJ0eXAiOiJKV1QifQ.eyJpc3MiOiJodHRwczovL2FjY291bnRzLmdvb2dsZS5jb20iLCJhenAiOiIzMjU1NTk0MDU1OS5hcHBzLmdvb2dsZXVzZXJjb250ZW50LmNvbSIsImF1ZCI6IjMyNTU1OTQwNTU5LmFwcHMuZ29vZ2xldXNlcmNvbnRlbnQuY29tIiwic3ViIjoiMTA3NDA5ODEzMzQ0NTU5NDQzNDA3IiwiaGQiOiJwZXJjb25hLmNvbSIsImVtYWlsIjoiaW5lbC5wYW5kemljQHBlcmNvbmEuY29tIiwiZW1haWxfdmVyaWZpZWQiOnRydWUsImF0X2hhc2giOiJhaHo4aTBpSlJSNDVBVDNsSEVBSHpBIiwiaWF0IjoxNjYxNzY3NjA1LCJleHAiOjE2NjE3NzEyMDV9.ie0Bnt6OFdfxYdh-m5ZBA4WiIkcfBgiiQ4aJCI238BTh30BMg2uuGwYq7c-zhhSfygEweUiP9t8A8Wv3opOhKfVwXk23Pvs2E0UVDo1_Ub4IpKWOJ4qyZ44c9cT6Q2EHfspTAkLdG2U_kLDgA3o9FIGHleamb-uGi8lixLvZ3Ypit8eFWLPnJYhqgHliR_cRy6NDRVPsiTv8xOddK44Qc-wuOy16lj_OKfKkP6RuCSYzS-IEtNq9HhWKXthv4A-yf7GdS3SOVwwrOEFbegwR5UhAjsiL_3zajG75dWYCZ3MddBNacL2VG64MYIFH30WhGCZyoBF_sQGrozsV04Lp_Q",
    "token_expiry": "2022-08-29T11:06:44Z"
  },
  "sentinels": {
    "config_sentinel": "/Users/inelpandzic/.config/gcloud/config_sentinel"
  }
}
2022-08-29 12:06:45,292 INFO     ___FILE_ONLY___ 

2022-08-29 12:06:45,304 DEBUG    root            Metrics reporting process started...
