2022-08-02 11:42:09,221 DEBUG    root            Loaded Command Group: ['gcloud', 'config']
2022-08-02 11:42:09,224 DEBUG    root            Loaded Command Group: ['gcloud', 'config', 'config_helper']
2022-08-02 11:42:09,241 DEBUG    root            Running [gcloud.config.config-helper] with arguments: [--format: "json"]
2022-08-02 11:42:09,270 DEBUG    google.auth.transport.requests Making request: POST https://oauth2.googleapis.com/token
2022-08-02 11:42:09,286 DEBUG    urllib3.connectionpool Starting new HTTPS connection (1): oauth2.googleapis.com:443
2022-08-02 11:42:09,477 DEBUG    urllib3.connectionpool https://oauth2.googleapis.com:443 "POST /token HTTP/1.1" 200 None
2022-08-02 11:42:09,502 INFO     root            Display format: "default json"
2022-08-02 11:42:09,503 INFO     ___FILE_ONLY___ {
  "configuration": {
    "active_configuration": "percona-cloud-dev",
    "properties": {
      "core": {
        "account": "inel.pandzic@percona.com",
        "disable_usage_reporting": "False",
        "project": "cloud-dev-112233"
      }
    }
  },
  "credential": {
    "access_token": "ya29.A0AVA9y1vEYOnrkATWE6AR95ueYNyFt5yB4WlpXWuN-4jSwt9wgrgWnSNUuQGLa0jHNSmar8_9T1ZkshbZ3yn4me8IRZBfQHTNJt6ki0gWRj8zq2BEqtTAO10cTxZI83gDSbu5AF6wucXSq1_Fd_ZwRZSlrMLVdzyKY8vK4tEYUNnWUtBVEFTQVRBU0ZRRTY1ZHI4d1djOWxVaC1ibHYxV29zVEtkdHJWZw0174",
    "id_token": "eyJhbGciOiJSUzI1NiIsImtpZCI6IjE1NDllMGFlZjU3NGQxYzdiZGQxMzZjMjAyYjhkMjkwNTgwYjE2NWMiLCJ0eXAiOiJKV1QifQ.eyJpc3MiOiJodHRwczovL2FjY291bnRzLmdvb2dsZS5jb20iLCJhenAiOiIzMjU1NTk0MDU1OS5hcHBzLmdvb2dsZXVzZXJjb250ZW50LmNvbSIsImF1ZCI6IjMyNTU1OTQwNTU5LmFwcHMuZ29vZ2xldXNlcmNvbnRlbnQuY29tIiwic3ViIjoiMTA3NDA5ODEzMzQ0NTU5NDQzNDA3IiwiaGQiOiJwZXJjb25hLmNvbSIsImVtYWlsIjoiaW5lbC5wYW5kemljQHBlcmNvbmEuY29tIiwiZW1haWxfdmVyaWZpZWQiOnRydWUsImF0X2hhc2giOiJjbDF2Wmt2QWZzWmZZcUFyS1B6cmR3IiwiaWF0IjoxNjU5NDMzMzI5LCJleHAiOjE2NTk0MzY5Mjl9.kV0D-ijrzFKgiCEVP9x98N-4qzDxr3fRRI0xawY-7XII7Tdhysp1foVIFiMl3HWOS_UW5lwI61KZ-ELaVphyj_k_jbFQzWTFORGpoVxF8mbBuPy11cCwGq0JUoQqlcy8E9y31sj0fHJt5vdvcB1AUJOD0z34w6BR6iZi-Eo4RBkzdvG7rg_fYhWNeUIyDMUmd-rGEreDwZR9_Wp_VPh6b7DV17GnnVCN3baJioq-ayqbH2vivebOhg8pUKKs1gKs-hGyf7WOTyW0_eqodEEE4UrwfOSAFj_jZ70D1NoZ_sfgbXxPYg0OWX4RauLRyjtIK40xZKNXq8IqmqHFlXi5_A",
    "token_expiry": "2022-08-02T10:42:08Z"
  },
  "sentinels": {
    "config_sentinel": "/Users/inelpandzic/.config/gcloud/config_sentinel"
  }
}
2022-08-02 11:42:09,504 INFO     ___FILE_ONLY___ 

2022-08-02 11:42:09,519 DEBUG    root            Metrics reporting process started...
