2022-08-02 14:51:32,191 DEBUG    root            Loaded Command Group: ['gcloud', 'config']
2022-08-02 14:51:32,193 DEBUG    root            Loaded Command Group: ['gcloud', 'config', 'config_helper']
2022-08-02 14:51:32,194 DEBUG    root            Running [gcloud.config.config-helper] with arguments: [--format: "json"]
2022-08-02 14:51:32,199 INFO     root            Display format: "default json"
2022-08-02 14:51:32,199 INFO     ___FILE_ONLY___ {
  "configuration": {
    "active_configuration": "percona-cloud-dev",
    "properties": {
      "core": {
        "account": "inel.pandzic@percona.com",
        "disable_usage_reporting": "False",
        "project": "cloud-dev-112233"
      }
    }
  },
  "credential": {
    "access_token": "ya29.A0AVA9y1tjveL4ZThzubUnheQ2Tyh-jkQHlVV5sWqcg_hKHgHsjaCR2AebaQQQoLO2r_RuPrgy9bERNwE7hUWqLdRIfJ8cWCYNRXd-_IAceq25SrJMfCCBGzrIu11I3KuE_NM2zlKoJMvv-LxBPUko9R7e_x42NKxOzo44b6wYUNnWUtBVEFTQVRBU0ZRRTY1ZHI4QTdITFFZVW8xNFl5X0JuSkhIZVVRZw0174",
    "id_token": "eyJhbGciOiJSUzI1NiIsImtpZCI6IjE1NDllMGFlZjU3NGQxYzdiZGQxMzZjMjAyYjhkMjkwNTgwYjE2NWMiLCJ0eXAiOiJKV1QifQ.eyJpc3MiOiJodHRwczovL2FjY291bnRzLmdvb2dsZS5jb20iLCJhenAiOiIzMjU1NTk0MDU1OS5hcHBzLmdvb2dsZXVzZXJjb250ZW50LmNvbSIsImF1ZCI6IjMyNTU1OTQwNTU5LmFwcHMuZ29vZ2xldXNlcmNvbnRlbnQuY29tIiwic3ViIjoiMTA3NDA5ODEzMzQ0NTU5NDQzNDA3IiwiaGQiOiJwZXJjb25hLmNvbSIsImVtYWlsIjoiaW5lbC5wYW5kemljQHBlcmNvbmEuY29tIiwiZW1haWxfdmVyaWZpZWQiOnRydWUsImF0X2hhc2giOiJELUZmVFdGTVUtc0ZmT25LSnViaTNnIiwiaWF0IjoxNjU5NDQ0Njg0LCJleHAiOjE2NTk0NDgyODR9.iAcG-VEHzuWdsbixBFV9pwRkfiSEmk60eYz27W1qBy5eFcszKwporXrsDIoAE4QcnGdd5H6m2yhL9J97aBXXVYzY-Q9tfw1ryU1uQhpOGTpG8HaiBRgNdn0hGPqiq2BP9S6D_mcaEkuQ329HP-eVM0o1qrYvQ8Hs9_O3v4vQM4t9ziZbm6uNUvsKSrTIX67KSRyZSRhwn08Kvzpu_NuNdbVrQYmX7IeBGFUA8Z62DTtXf6tBY36QM7-NnwTAcxQOH68Hn4FvNFj9j050alvaHMIpXyq7B4rbMbHuOc4x1QPqyMMStMwKl4D8tEy_WWWLJ0eloLQ7XdmhOj6apjTCsQ",
    "token_expiry": "2022-08-02T13:51:23Z"
  },
  "sentinels": {
    "config_sentinel": "/Users/inelpandzic/.config/gcloud/config_sentinel"
  }
}
2022-08-02 14:51:32,199 INFO     ___FILE_ONLY___ 

2022-08-02 14:51:32,205 DEBUG    root            Metrics reporting process started...
