2022-08-02 19:36:30,400 DEBUG    root            Loaded Command Group: ['gcloud', 'config']
2022-08-02 19:36:30,402 DEBUG    root            Loaded Command Group: ['gcloud', 'config', 'config_helper']
2022-08-02 19:36:30,403 DEBUG    root            Running [gcloud.config.config-helper] with arguments: [--format: "json"]
2022-08-02 19:36:30,501 DEBUG    google.auth.transport.requests Making request: POST https://oauth2.googleapis.com/token
2022-08-02 19:36:30,538 DEBUG    urllib3.connectionpool Starting new HTTPS connection (1): oauth2.googleapis.com:443
2022-08-02 19:36:30,737 DEBUG    urllib3.connectionpool https://oauth2.googleapis.com:443 "POST /token HTTP/1.1" 200 None
2022-08-02 19:36:30,761 INFO     root            Display format: "default json"
2022-08-02 19:36:30,762 INFO     ___FILE_ONLY___ {
  "configuration": {
    "active_configuration": "percona-cloud-dev",
    "properties": {
      "core": {
        "account": "inel.pandzic@percona.com",
        "disable_usage_reporting": "False",
        "project": "cloud-dev-112233"
      }
    }
  },
  "credential": {
    "access_token": "ya29.A0AVA9y1uJ6zm_kMlQMBt3b9xPCmeeFUjZGpLQ3NPBhsAmUo_RVY3jugjwOiYfCakd0lf5QrhVoJY1q_-va2gsjXhCsqCCII7asfx9SaHAd7FAaGb3AHRag8eidAmjUmt1uU4UO1qJ8qq0BbTh7w9f5uoftXYNGDSf5vJU8uYYUNnWUtBVEFTQVRBU0ZRRTY1ZHI4RDJYSEdqX1hsc0pFT0RWbUJReWJfUQ0174",
    "id_token": "eyJhbGciOiJSUzI1NiIsImtpZCI6IjE1NDllMGFlZjU3NGQxYzdiZGQxMzZjMjAyYjhkMjkwNTgwYjE2NWMiLCJ0eXAiOiJKV1QifQ.eyJpc3MiOiJodHRwczovL2FjY291bnRzLmdvb2dsZS5jb20iLCJhenAiOiIzMjU1NTk0MDU1OS5hcHBzLmdvb2dsZXVzZXJjb250ZW50LmNvbSIsImF1ZCI6IjMyNTU1OTQwNTU5LmFwcHMuZ29vZ2xldXNlcmNvbnRlbnQuY29tIiwic3ViIjoiMTA3NDA5ODEzMzQ0NTU5NDQzNDA3IiwiaGQiOiJwZXJjb25hLmNvbSIsImVtYWlsIjoiaW5lbC5wYW5kemljQHBlcmNvbmEuY29tIiwiZW1haWxfdmVyaWZpZWQiOnRydWUsImF0X2hhc2giOiJPSnlkMGhkRnlFaXl2dGV4S2VfOE53IiwiaWF0IjoxNjU5NDYxNzkwLCJleHAiOjE2NTk0NjUzOTB9.VXUm7UI-xLakd3tWFt1MZZrUZlFMs1ZtCPm947Tgvbz66wBOjOKA3G2B4Y3lrWL--SX7UbzNwKJqk6Ej6x_6_0CcpfsYNlgmEd5VkD33yfsTcBInvw3iPjAG-kjOydtKY7MclS-n85CXQV0uaXOEwkEwfwu46BNnJrHnMdmp9m6sEwRhVy1qpVV2X4Cs8gzIXPQMFIbl9WAbXPKKsfTVS0P1uKkPLrD9rjLkaFIKlWOv1V6cS-wfWl3-Y0Seg5MVATz3nedtfsTSrZsGMG2Of1CGB1J7GJmeyMXnlvWFLRUeMMuYvje0XVgidxz2ZNzb744Pf-0agHmlkA9Sy-6_nQ",
    "token_expiry": "2022-08-02T18:36:29Z"
  },
  "sentinels": {
    "config_sentinel": "/Users/inelpandzic/.config/gcloud/config_sentinel"
  }
}
2022-08-02 19:36:30,762 INFO     ___FILE_ONLY___ 

2022-08-02 19:36:30,764 DEBUG    root            Checking for updates...
2022-08-02 19:36:30,825 DEBUG    urllib3.connectionpool Starting new HTTPS connection (1): dl.google.com:443
2022-08-02 19:36:30,999 DEBUG    urllib3.connectionpool https://dl.google.com:443 "GET /dl/cloudsdk/channels/rapid/components-2.json HTTP/1.1" 200 201562
2022-08-02 19:36:31,177 DEBUG    root            Updating notification cache...
2022-08-02 19:36:31,177 DEBUG    root            Activating notification: [default]
2022-08-02 19:36:31,184 DEBUG    root            Metrics reporting process started...
