2023-12-01 07:20:30,020 DEBUG    root            Loaded Command Group: ['gcloud', 'config']
2023-12-01 07:20:30,023 DEBUG    root            Loaded Command Group: ['gcloud', 'config', 'config_helper']
2023-12-01 07:20:30,023 DEBUG    root            Running [gcloud.config.config-helper] with arguments: [--format: "json"]
2023-12-01 07:20:30,028 DEBUG    root            Chosen display Format:default json
2023-12-01 07:20:30,028 INFO     root            Display format: "default json"
2023-12-01 07:20:30,029 INFO     ___FILE_ONLY___ {
  "configuration": {
    "active_configuration": "percona-cloud-dev",
    "properties": {
      "core": {
        "account": "inel.pandzic@percona.com",
        "disable_usage_reporting": "False",
        "project": "cloud-dev-112233"
      }
    }
  },
  "credential": {
    "access_token": "ya29.a0AfB_byBpeRR2EBxWQm5tG_syf3CWwxQV5CA9Ua6286Y8-0m6bTW58rg6PrJeBcMd-EAYmkZYZTGKcNxQ8hAE6sRUOy3LNCEqDMoelAiS2Gc2eHllOpOQIdviuNE76n3iJpFqxU_z_qfV1T77gun5msG5aeVgNwbmAC_hAThwNAF2aCgYKAZYSARESFQHGX2MimQdCR3PieGaPJsuqSc3GyQ0179",
    "id_token": "eyJhbGciOiJSUzI1NiIsImtpZCI6IjBlNzJkYTFkZjUwMWNhNmY3NTZiZjEwM2ZkN2M3MjAyOTQ3NzI1MDYiLCJ0eXAiOiJKV1QifQ.eyJpc3MiOiJodHRwczovL2FjY291bnRzLmdvb2dsZS5jb20iLCJhenAiOiIzMjU1NTk0MDU1OS5hcHBzLmdvb2dsZXVzZXJjb250ZW50LmNvbSIsImF1ZCI6IjMyNTU1OTQwNTU5LmFwcHMuZ29vZ2xldXNlcmNvbnRlbnQuY29tIiwic3ViIjoiMTA3NDA5ODEzMzQ0NTU5NDQzNDA3IiwiaGQiOiJwZXJjb25hLmNvbSIsImVtYWlsIjoiaW5lbC5wYW5kemljQHBlcmNvbmEuY29tIiwiZW1haWxfdmVyaWZpZWQiOnRydWUsImF0X2hhc2giOiJMRk4tNnNtZWJuZ0NYZnZqWjVQUUx3IiwiaWF0IjoxNzAxNDExMzI5LCJleHAiOjE3MDE0MTQ5Mjl9.a72Wy1udpSu8fY3F_hI83gJnsK3-PHZfM_gGkPuMQsuNpA-DWHKziUe3ds1KETWoCHByHrKaPIt3EVLPHIjF-VoDCp5Mc1RDXQy2BGYSqTglHGa7v9Xbu1ZdeeRQzW6C7IuBD6cy-NgzeGaovkDM8-w2fPuAiUyLiRqkpHZFuUtozjHks-59DV9BZrK1o5lUkfJdFU1Bn52lhpYKy6YmlwoEpXMqTngfnyJqBwk654o7QNuuwx_-U4k9hDsughhK-5hrC4GBltmhHnxX-GkLG4mkgjUlgmyb_ldh5L8hwvnSHgYidy8qJ9maAfbuNOVs9fZOgrVPWJZPTmlbNgMhgA",
    "token_expiry": "2023-12-01T07:15:28Z"
  },
  "sentinels": {
    "config_sentinel": "/Users/inelpandzic/.config/gcloud/config_sentinel"
  }
}
2023-12-01 07:20:30,029 INFO     ___FILE_ONLY___ 

2023-12-01 07:20:30,033 DEBUG    root            Metrics reporting process started...
