2023-12-01 16:03:56,553 DEBUG    root            Loaded Command Group: ['gcloud', 'config']
2023-12-01 16:03:56,555 DEBUG    root            Loaded Command Group: ['gcloud', 'config', 'config_helper']
2023-12-01 16:03:56,556 DEBUG    root            Running [gcloud.config.config-helper] with arguments: [--format: "json"]
2023-12-01 16:03:56,571 DEBUG    google.auth.transport.requests Making request: POST https://oauth2.googleapis.com/token
2023-12-01 16:03:56,589 DEBUG    urllib3.connectionpool Starting new HTTPS connection (1): oauth2.googleapis.com:443
2023-12-01 16:03:56,864 DEBUG    urllib3.connectionpool https://oauth2.googleapis.com:443 "POST /token HTTP/1.1" 200 None
2023-12-01 16:03:56,869 DEBUG    root            Chosen display Format:default json
2023-12-01 16:03:56,869 INFO     root            Display format: "default json"
2023-12-01 16:03:56,869 INFO     ___FILE_ONLY___ {
  "configuration": {
    "active_configuration": "percona-cloud-dev",
    "properties": {
      "core": {
        "account": "inel.pandzic@percona.com",
        "disable_usage_reporting": "False",
        "project": "cloud-dev-112233"
      }
    }
  },
  "credential": {
    "access_token": "ya29.a0AfB_byDSr8KM7cO1ZUROAwoGsBlLCU8Igm4jb9Wx-KvQvjduJ7JCrlfzMaWnuRZdHquHBdiXAlcbWhYfT4iE_WXTdSH_jqfynxwmOB1T5OX1oosKPT4jK3bHms_xkDjVJWfipC66cB5ZXfctG08wymLp-nGwuM_V2CgHpEo1J44faCgYKAXwSARESFQHGX2Mi-84TC8bNJyTVoVSDMzmFPQ0179",
    "id_token": "eyJhbGciOiJSUzI1NiIsImtpZCI6IjBlNzJkYTFkZjUwMWNhNmY3NTZiZjEwM2ZkN2M3MjAyOTQ3NzI1MDYiLCJ0eXAiOiJKV1QifQ.eyJpc3MiOiJodHRwczovL2FjY291bnRzLmdvb2dsZS5jb20iLCJhenAiOiIzMjU1NTk0MDU1OS5hcHBzLmdvb2dsZXVzZXJjb250ZW50LmNvbSIsImF1ZCI6IjMyNTU1OTQwNTU5LmFwcHMuZ29vZ2xldXNlcmNvbnRlbnQuY29tIiwic3ViIjoiMTA3NDA5ODEzMzQ0NTU5NDQzNDA3IiwiaGQiOiJwZXJjb25hLmNvbSIsImVtYWlsIjoiaW5lbC5wYW5kemljQHBlcmNvbmEuY29tIiwiZW1haWxfdmVyaWZpZWQiOnRydWUsImF0X2hhc2giOiIwbFo2dHZvMWk5V0xhUHlHVjJYc09nIiwiaWF0IjoxNzAxNDQzMDM2LCJleHAiOjE3MDE0NDY2MzZ9.upoEoaLN-GNG1_4dqG72tcv6jzRdA4n24gX6DeYOBjicIK-bv9WXfpMR_xPBmsy8mDywzOxgRsB8utL8BlCyZaUGAJYW1OeUv28XEPlQJprZthoKjRfPiMaeew5GFi4TqGA65Cp18sIxj6hfMGXtll9oo6plKaN-XroyaCrk_IEtv74mhWT8y6CplJjg9hf_mBZQXlV2LIXaSuWKQa7pgZzhZdXWhqnT1knGLF4T3yh28xQ1i1cBFEWyMECV3anRKiHg38RluGEi7-0NjXMzU4fD638etMqlpruK0fDymJM0YUlVPHueOMMHy7g8fYpyDKlxXVKq74-o_rGXcXB26g",
    "token_expiry": "2023-12-01T16:03:55Z"
  },
  "sentinels": {
    "config_sentinel": "/Users/inelpandzic/.config/gcloud/config_sentinel"
  }
}
2023-12-01 16:03:56,869 INFO     ___FILE_ONLY___ 

2023-12-01 16:03:56,875 DEBUG    root            Metrics reporting process started...
