2022-08-03 08:35:07,680 DEBUG    root            Loaded Command Group: ['gcloud', 'config']
2022-08-03 08:35:07,683 DEBUG    root            Loaded Command Group: ['gcloud', 'config', 'config_helper']
2022-08-03 08:35:07,684 DEBUG    root            Running [gcloud.config.config-helper] with arguments: [--format: "json"]
2022-08-03 08:35:07,724 DEBUG    google.auth.transport.requests Making request: POST https://oauth2.googleapis.com/token
2022-08-03 08:35:07,769 DEBUG    urllib3.connectionpool Starting new HTTPS connection (1): oauth2.googleapis.com:443
2022-08-03 08:35:07,965 DEBUG    urllib3.connectionpool https://oauth2.googleapis.com:443 "POST /token HTTP/1.1" 200 None
2022-08-03 08:35:07,981 INFO     root            Display format: "default json"
2022-08-03 08:35:07,982 INFO     ___FILE_ONLY___ {
  "configuration": {
    "active_configuration": "percona-cloud-dev",
    "properties": {
      "core": {
        "account": "inel.pandzic@percona.com",
        "disable_usage_reporting": "False",
        "project": "cloud-dev-112233"
      }
    }
  },
  "credential": {
    "access_token": "ya29.A0AVA9y1u2MLvnnsKhEIy16MLHFJ_7xeiqMwMXu1Ml9XIPiANhqQQq3mF7b4qGZwxmkpLVOxYLRMHL4w5hdgkg0Ubp3gJfqBFrdEdIEKzjkIB3lMbj9_XURS5y-zWeBGx4qoItHHap-7XI6CwZAXD59HNXsvOitwgPHebVFnoYUNnWUtBVEFTQVRBU0ZRRTY1ZHI4cGJsdmNMQzZVUXdaRkp4Y3JpVUZ6dw0174",
    "id_token": "eyJhbGciOiJSUzI1NiIsImtpZCI6IjE1NDllMGFlZjU3NGQxYzdiZGQxMzZjMjAyYjhkMjkwNTgwYjE2NWMiLCJ0eXAiOiJKV1QifQ.eyJpc3MiOiJodHRwczovL2FjY291bnRzLmdvb2dsZS5jb20iLCJhenAiOiIzMjU1NTk0MDU1OS5hcHBzLmdvb2dsZXVzZXJjb250ZW50LmNvbSIsImF1ZCI6IjMyNTU1OTQwNTU5LmFwcHMuZ29vZ2xldXNlcmNvbnRlbnQuY29tIiwic3ViIjoiMTA3NDA5ODEzMzQ0NTU5NDQzNDA3IiwiaGQiOiJwZXJjb25hLmNvbSIsImVtYWlsIjoiaW5lbC5wYW5kemljQHBlcmNvbmEuY29tIiwiZW1haWxfdmVyaWZpZWQiOnRydWUsImF0X2hhc2giOiIyR281OHVoWEJ4aVhOZTdJZjlNSWRnIiwiaWF0IjoxNjU5NTA4NTA3LCJleHAiOjE2NTk1MTIxMDd9.J7Zwj7aOZriqIiPrxXk9qxs2Gv0RvdsJgEMkrfLxv-QiZ2TuhseDDoh_CAk_xUficqmF2pUtlgorVnvdMmFyYzYAQvYyMx2gJGhw_a0NfCjB84VwsT7V-3Dj6CUWiYR2gfybmw_9Mj6noigLIlhfQikTmgAHB0ony841IMelRe2g0n1CoK-HhaDeWt4As-ri8M2eWQ3WCUPo9fTpz_Z2qqkK4MRGHqpuZanXohohFAQSQbRkLG-FPCXD560UQThfLOjGtGBv-25ZdVk-4CohG4XMTCPjdxW4zhIE-q29RlA71J41v9E1GZibxXlYNyyvfXZvuU9K8YKzAjSskpv9lw",
    "token_expiry": "2022-08-03T07:35:05Z"
  },
  "sentinels": {
    "config_sentinel": "/Users/inelpandzic/.config/gcloud/config_sentinel"
  }
}
2022-08-03 08:35:07,982 INFO     ___FILE_ONLY___ 

2022-08-03 08:35:07,998 DEBUG    root            Metrics reporting process started...
