2023-07-07 09:44:30,510 DEBUG    root            Loaded Command Group: ['gcloud', 'config']
2023-07-07 09:44:30,512 DEBUG    root            Loaded Command Group: ['gcloud', 'config', 'config_helper']
2023-07-07 09:44:30,512 DEBUG    root            Running [gcloud.config.config-helper] with arguments: [--format: "json"]
2023-07-07 09:44:30,533 DEBUG    google.auth.transport.requests Making request: POST https://oauth2.googleapis.com/token
2023-07-07 09:44:30,563 DEBUG    urllib3.connectionpool Starting new HTTPS connection (1): oauth2.googleapis.com:443
2023-07-07 09:44:30,718 DEBUG    urllib3.connectionpool https://oauth2.googleapis.com:443 "POST /token HTTP/1.1" 200 None
2023-07-07 09:44:30,736 DEBUG    urllib3.connectionpool Starting new HTTPS connection (1): www.gstatic.com:443
2023-07-07 09:44:30,876 DEBUG    urllib3.connectionpool https://www.gstatic.com:443 "GET /cloudsdk/feature_flag_config_file.yaml HTTP/1.1" 200 101
2023-07-07 09:44:30,884 DEBUG    root            Chosen display Format:default json
2023-07-07 09:44:30,884 INFO     root            Display format: "default json"
2023-07-07 09:44:30,885 INFO     ___FILE_ONLY___ {
  "configuration": {
    "active_configuration": "percona-cloud-dev",
    "properties": {
      "core": {
        "account": "inel.pandzic@percona.com",
        "disable_usage_reporting": "False",
        "project": "cloud-dev-112233"
      }
    }
  },
  "credential": {
    "access_token": "ya29.a0AbVbY6Njudufh9N2SVUupKljNvTPbNgl1rVzkx6NK5eqS5Q29qssWXyAgh6_j9HH38t0ICqR4a5ZwwQG9gvg80v41TZenRfvZXTpApMODMf4wjUYcog2nfrC40hjLHyUI8Sr31ecCvOWdsKKRl8nfxdHFdVpBN2CUGaoY4UaCgYKAZwSARESFQFWKvPlyINIRrromgsSLeJUJCL0fg0174",
    "id_token": "eyJhbGciOiJSUzI1NiIsImtpZCI6IjkzNDFkZWRlZWUyZDE4NjliNjU3ZmE5MzAzMDAwODJmZTI2YjNkOTIiLCJ0eXAiOiJKV1QifQ.eyJpc3MiOiJodHRwczovL2FjY291bnRzLmdvb2dsZS5jb20iLCJhenAiOiIzMjU1NTk0MDU1OS5hcHBzLmdvb2dsZXVzZXJjb250ZW50LmNvbSIsImF1ZCI6IjMyNTU1OTQwNTU5LmFwcHMuZ29vZ2xldXNlcmNvbnRlbnQuY29tIiwic3ViIjoiMTA3NDA5ODEzMzQ0NTU5NDQzNDA3IiwiaGQiOiJwZXJjb25hLmNvbSIsImVtYWlsIjoiaW5lbC5wYW5kemljQHBlcmNvbmEuY29tIiwiZW1haWxfdmVyaWZpZWQiOnRydWUsImF0X2hhc2giOiIwdEprOXo5MnU2aHRMYUJUYy1pZ19nIiwiaWF0IjoxNjg4NzE1ODcwLCJleHAiOjE2ODg3MTk0NzB9.fftUyJi3O8QWmpt_gT217ELe8PcnCp244VvzH14u6bu10iHnHSxvjk7ZVcHl7-MSLuQ0JH3W_qU3SHoFCP_ZwgaJhC4METGicbtAkhBXTk-0QCckZTuw7l-U6HUZ1UJVOX6v0J-4DIisSzw6UtKGE2fm4rVyvcG5mp2NWbq3mP1pJWpvs5m4VAccBBsbGMJ55N95jA3e-5PHl5rCEBl8Q99HoHeNvve0MsshiE1CfCW3skRTVd1XNarPuGUYiDh9YolPxZdZseaaIroDrG86w1t7wYhlxnnL2tJPI5xkyF4m1z-sdkhkWHxeNItTrNfxI9X2DC38cg4lJGLc4aYBqw",
    "token_expiry": "2023-07-07T08:44:29Z"
  },
  "sentinels": {
    "config_sentinel": "/Users/inelpandzic/.config/gcloud/config_sentinel"
  }
}
2023-07-07 09:44:30,885 INFO     ___FILE_ONLY___ 

2023-07-07 09:44:30,909 DEBUG    root            Metrics reporting process started...
