2023-07-07 13:39:12,363 DEBUG    root            Loaded Command Group: ['gcloud', 'config']
2023-07-07 13:39:12,365 DEBUG    root            Loaded Command Group: ['gcloud', 'config', 'config_helper']
2023-07-07 13:39:12,366 DEBUG    root            Running [gcloud.config.config-helper] with arguments: [--format: "json"]
2023-07-07 13:39:12,403 DEBUG    urllib3.connectionpool Starting new HTTPS connection (1): www.gstatic.com:443
2023-07-07 13:39:12,543 DEBUG    urllib3.connectionpool https://www.gstatic.com:443 "GET /cloudsdk/feature_flag_config_file.yaml HTTP/1.1" 200 101
2023-07-07 13:39:12,549 DEBUG    root            Chosen display Format:default json
2023-07-07 13:39:12,549 INFO     root            Display format: "default json"
2023-07-07 13:39:12,549 INFO     ___FILE_ONLY___ {
  "configuration": {
    "active_configuration": "percona-cloud-dev",
    "properties": {
      "core": {
        "account": "inel.pandzic@percona.com",
        "disable_usage_reporting": "False",
        "project": "cloud-dev-112233"
      }
    }
  },
  "credential": {
    "access_token": "ya29.a0AbVbY6P3u3RL_uC8aS2jRDrwno9mIDWNgzT9L0BmDPUQosucE26FKtHbjmUsTr0NiYjaGPWO8pWY57cggbUl63QnpOcptaqoQeTIAvPfsK8Hg-gy6ojOsfqf8yR7vrXw0lnu9bjT-6xiVmTWcgmA73acZErZSVhiDxk3hhcaCgYKAQYSARESFQFWKvPlxJDBvskz8-SXt_tS2tmqPQ0174",
    "id_token": "eyJhbGciOiJSUzI1NiIsImtpZCI6IjkzNDFkZWRlZWUyZDE4NjliNjU3ZmE5MzAzMDAwODJmZTI2YjNkOTIiLCJ0eXAiOiJKV1QifQ.eyJpc3MiOiJodHRwczovL2FjY291bnRzLmdvb2dsZS5jb20iLCJhenAiOiIzMjU1NTk0MDU1OS5hcHBzLmdvb2dsZXVzZXJjb250ZW50LmNvbSIsImF1ZCI6IjMyNTU1OTQwNTU5LmFwcHMuZ29vZ2xldXNlcmNvbnRlbnQuY29tIiwic3ViIjoiMTA3NDA5ODEzMzQ0NTU5NDQzNDA3IiwiaGQiOiJwZXJjb25hLmNvbSIsImVtYWlsIjoiaW5lbC5wYW5kemljQHBlcmNvbmEuY29tIiwiZW1haWxfdmVyaWZpZWQiOnRydWUsImF0X2hhc2giOiJGdWRwX2FMeWtSUnpIcDZJZWFCQTZRIiwiaWF0IjoxNjg4NzI5NDM2LCJleHAiOjE2ODg3MzMwMzZ9.Orz5eGH41VAq0MUIW41IFDowGXnMFS1Vno9LSf7uj3MNhuSQVzEyzioWCQ_TLys2iJW_kKp9_k5jDcxgHJ4LNGV4gJrSV9jWwOKOY6wWCDPQM5dbmlmJEuO_hvEh7woXQzfql7TbsJPm5WQ7qDvv1QX8YrECZqY6cN_6u-BfzFcf5xehTCTly0EpvBNTP0Zl_hOTzvJ54AGPfc4H5wkSfOsp4BSQknudWBwlsuml3qxKyk3-E0lurLSyjMuApQGTV7h5lIBU23H5CcqN78GwO40j7J3DdfE4ls5azcw7fo5COtGlwKvDSK0mPTNk6G_KL1JelLZZxXJtefLFEEUefw",
    "token_expiry": "2023-07-07T12:30:35Z"
  },
  "sentinels": {
    "config_sentinel": "/Users/inelpandzic/.config/gcloud/config_sentinel"
  }
}
2023-07-07 13:39:12,549 INFO     ___FILE_ONLY___ 

2023-07-07 13:39:12,553 DEBUG    root            Metrics reporting process started...
