2023-07-07 14:30:40,388 DEBUG    root            Loaded Command Group: ['gcloud', 'config']
2023-07-07 14:30:40,390 DEBUG    root            Loaded Command Group: ['gcloud', 'config', 'config_helper']
2023-07-07 14:30:40,391 DEBUG    root            Running [gcloud.config.config-helper] with arguments: [--format: "json"]
2023-07-07 14:30:40,395 DEBUG    google.auth.transport.requests Making request: POST https://oauth2.googleapis.com/token
2023-07-07 14:30:40,437 DEBUG    urllib3.connectionpool Starting new HTTPS connection (1): oauth2.googleapis.com:443
2023-07-07 14:30:40,610 DEBUG    urllib3.connectionpool https://oauth2.googleapis.com:443 "POST /token HTTP/1.1" 200 None
2023-07-07 14:30:40,679 DEBUG    urllib3.connectionpool Starting new HTTPS connection (1): www.gstatic.com:443
2023-07-07 14:30:40,822 DEBUG    urllib3.connectionpool https://www.gstatic.com:443 "GET /cloudsdk/feature_flag_config_file.yaml HTTP/1.1" 200 101
2023-07-07 14:30:40,835 DEBUG    root            Chosen display Format:default json
2023-07-07 14:30:40,836 INFO     root            Display format: "default json"
2023-07-07 14:30:40,837 INFO     ___FILE_ONLY___ {
  "configuration": {
    "active_configuration": "percona-cloud-dev",
    "properties": {
      "core": {
        "account": "inel.pandzic@percona.com",
        "disable_usage_reporting": "False",
        "project": "cloud-dev-112233"
      }
    }
  },
  "credential": {
    "access_token": "ya29.a0AbVbY6OnGR8D16LrRJWMMlx4mk1yAgOHKRgX-LPBujlbqefyHOrVIhJpnGef3i5zUDV2KeF1BuKjx-Genmc6FV7C3qk2LwTmn4QGI_b3jxtsI5abyAZrXJHln-8adL7ZOZVZ1MFhMKdjJZ0T5KLLiCbDIWOzpz_gpr1D1tsaCgYKARUSARESFQFWKvPlGd3jK4EwSCGcU0sYcryqKw0174",
    "id_token": "eyJhbGciOiJSUzI1NiIsImtpZCI6IjkzNDFkZWRlZWUyZDE4NjliNjU3ZmE5MzAzMDAwODJmZTI2YjNkOTIiLCJ0eXAiOiJKV1QifQ.eyJpc3MiOiJodHRwczovL2FjY291bnRzLmdvb2dsZS5jb20iLCJhenAiOiIzMjU1NTk0MDU1OS5hcHBzLmdvb2dsZXVzZXJjb250ZW50LmNvbSIsImF1ZCI6IjMyNTU1OTQwNTU5LmFwcHMuZ29vZ2xldXNlcmNvbnRlbnQuY29tIiwic3ViIjoiMTA3NDA5ODEzMzQ0NTU5NDQzNDA3IiwiaGQiOiJwZXJjb25hLmNvbSIsImVtYWlsIjoiaW5lbC5wYW5kemljQHBlcmNvbmEuY29tIiwiZW1haWxfdmVyaWZpZWQiOnRydWUsImF0X2hhc2giOiJHYzZNZmRBV2FxNlF2RGZZdHgya3ZBIiwiaWF0IjoxNjg4NzMzMDQwLCJleHAiOjE2ODg3MzY2NDB9.KiagwrKS-uKoTcRAeSn34qyy9BGeFJLknr6kspipn2_gD-MCdEtyusEbUGtWNgs_hdPh6MBpJ9xWEu5REJye8WxstP2RVsHr3NIIALveQh0qBiTnnwEriXfbVFxywB1PMn3nYAUzbMEKCC92RkMytPfqnPu9R2iyr3NuP150GPPKsKd7xNDaFjClJ7ew89tq72CF9QoUEXVw0E8F1M5A9FGuqumod1kS-K8K86y3g30p7E_7YbFNhYR3SGrBJTBu-2yBIkmoKBPDAeG70UgF0L5WLx_R2eBSlc3AunujFxrB7I8IrUqoMTNr9gvKmw9vHDmvBYNbEgzJ1QjPcinqJw",
    "token_expiry": "2023-07-07T13:30:39Z"
  },
  "sentinels": {
    "config_sentinel": "/Users/inelpandzic/.config/gcloud/config_sentinel"
  }
}
2023-07-07 14:30:40,837 INFO     ___FILE_ONLY___ 

2023-07-07 14:30:40,850 DEBUG    root            Metrics reporting process started...
