2023-07-07 17:18:03,764 DEBUG    root            Loaded Command Group: ['gcloud', 'container', 'clusters']
2023-07-07 17:18:03,771 DEBUG    root            Loaded Command Group: ['gcloud', 'container', 'clusters', 'create']
2023-07-07 17:18:03,786 DEBUG    root            Running [gcloud.container.clusters.create] with arguments: [--cluster-version: "1.25", --disk-size: "32212254720", --labels: "OrderedDict([('delete-cluster-after-hours', '10')])", --machine-type: "n1-standard-4", --no-enable-autoupgrade: "False", --num-nodes: "3", --preemptible: "True", --zone: "europe-west3-b", NAME: "inel-3685"]
2023-07-07 17:18:03,791 INFO     ___FILE_ONLY___ Default change: VPC-native is the default mode during cluster creation for versions greater than 1.21.0-gke.1500. To create advanced routes based clusters, please pass the `--no-enable-ip-alias` flag

2023-07-07 17:18:03,791 INFO     ___FILE_ONLY___ Default change: During creation of nodepools or autoscaling configuration changes for cluster versions greater than 1.24.1-gke.800 a default location policy is applied. For Spot and PVM it defaults to ANY, and for all other VM kinds a BALANCED policy is used. To change the default values use the `--location-policy` flag.

2023-07-07 17:18:03,791 INFO     ___FILE_ONLY___ Note: Your Pod address range (`--cluster-ipv4-cidr`) can accommodate at most 1008 node(s).

2023-07-07 17:18:03,799 DEBUG    urllib3.connectionpool Starting new HTTPS connection (1): container.googleapis.com:443
2023-07-07 17:18:07,496 DEBUG    urllib3.connectionpool https://container.googleapis.com:443 "POST /v1/projects/cloud-dev-112233/locations/europe-west3-b/clusters?alt=json HTTP/1.1" 200 None
2023-07-07 17:18:07,498 INFO     ___FILE_ONLY___ Creating cluster inel-3685 in europe-west3-b...
2023-07-07 17:18:07,500 DEBUG    urllib3.connectionpool Starting new HTTPS connection (1): container.googleapis.com:443
2023-07-07 17:18:07,731 DEBUG    urllib3.connectionpool https://container.googleapis.com:443 "GET /v1/projects/cloud-dev-112233/locations/europe-west3-b/operations/operation-1688743087465-b40f39b7-2f90-4c76-a7b6-4a443110153b?alt=json HTTP/1.1" 200 None
2023-07-07 17:18:12,744 DEBUG    urllib3.connectionpool Starting new HTTPS connection (1): container.googleapis.com:443
2023-07-07 17:18:13,009 DEBUG    urllib3.connectionpool https://container.googleapis.com:443 "GET /v1/projects/cloud-dev-112233/locations/europe-west3-b/operations/operation-1688743087465-b40f39b7-2f90-4c76-a7b6-4a443110153b?alt=json HTTP/1.1" 200 None
2023-07-07 17:18:18,019 DEBUG    urllib3.connectionpool Starting new HTTPS connection (1): container.googleapis.com:443
2023-07-07 17:18:18,257 DEBUG    urllib3.connectionpool https://container.googleapis.com:443 "GET /v1/projects/cloud-dev-112233/locations/europe-west3-b/operations/operation-1688743087465-b40f39b7-2f90-4c76-a7b6-4a443110153b?alt=json HTTP/1.1" 200 None
2023-07-07 17:18:23,275 DEBUG    urllib3.connectionpool Starting new HTTPS connection (1): container.googleapis.com:443
2023-07-07 17:18:23,483 DEBUG    urllib3.connectionpool https://container.googleapis.com:443 "GET /v1/projects/cloud-dev-112233/locations/europe-west3-b/operations/operation-1688743087465-b40f39b7-2f90-4c76-a7b6-4a443110153b?alt=json HTTP/1.1" 200 None
2023-07-07 17:18:28,510 DEBUG    urllib3.connectionpool Starting new HTTPS connection (1): container.googleapis.com:443
2023-07-07 17:18:28,727 DEBUG    urllib3.connectionpool https://container.googleapis.com:443 "GET /v1/projects/cloud-dev-112233/locations/europe-west3-b/operations/operation-1688743087465-b40f39b7-2f90-4c76-a7b6-4a443110153b?alt=json HTTP/1.1" 200 None
2023-07-07 17:18:33,740 DEBUG    urllib3.connectionpool Starting new HTTPS connection (1): container.googleapis.com:443
2023-07-07 17:18:33,963 DEBUG    urllib3.connectionpool https://container.googleapis.com:443 "GET /v1/projects/cloud-dev-112233/locations/europe-west3-b/operations/operation-1688743087465-b40f39b7-2f90-4c76-a7b6-4a443110153b?alt=json HTTP/1.1" 200 None
2023-07-07 17:18:38,976 DEBUG    urllib3.connectionpool Starting new HTTPS connection (1): container.googleapis.com:443
2023-07-07 17:18:39,190 DEBUG    urllib3.connectionpool https://container.googleapis.com:443 "GET /v1/projects/cloud-dev-112233/locations/europe-west3-b/operations/operation-1688743087465-b40f39b7-2f90-4c76-a7b6-4a443110153b?alt=json HTTP/1.1" 200 None
2023-07-07 17:18:44,204 DEBUG    urllib3.connectionpool Starting new HTTPS connection (1): container.googleapis.com:443
2023-07-07 17:18:44,443 DEBUG    urllib3.connectionpool https://container.googleapis.com:443 "GET /v1/projects/cloud-dev-112233/locations/europe-west3-b/operations/operation-1688743087465-b40f39b7-2f90-4c76-a7b6-4a443110153b?alt=json HTTP/1.1" 200 None
2023-07-07 17:18:49,451 DEBUG    urllib3.connectionpool Starting new HTTPS connection (1): container.googleapis.com:443
2023-07-07 17:18:49,593 DEBUG    urllib3.connectionpool https://container.googleapis.com:443 "GET /v1/projects/cloud-dev-112233/locations/europe-west3-b/operations/operation-1688743087465-b40f39b7-2f90-4c76-a7b6-4a443110153b?alt=json HTTP/1.1" 200 None
2023-07-07 17:18:54,607 DEBUG    urllib3.connectionpool Starting new HTTPS connection (1): container.googleapis.com:443
2023-07-07 17:18:54,845 DEBUG    urllib3.connectionpool https://container.googleapis.com:443 "GET /v1/projects/cloud-dev-112233/locations/europe-west3-b/operations/operation-1688743087465-b40f39b7-2f90-4c76-a7b6-4a443110153b?alt=json HTTP/1.1" 200 None
2023-07-07 17:18:59,854 DEBUG    urllib3.connectionpool Starting new HTTPS connection (1): container.googleapis.com:443
2023-07-07 17:19:00,091 DEBUG    urllib3.connectionpool https://container.googleapis.com:443 "GET /v1/projects/cloud-dev-112233/locations/europe-west3-b/operations/operation-1688743087465-b40f39b7-2f90-4c76-a7b6-4a443110153b?alt=json HTTP/1.1" 200 None
2023-07-07 17:19:05,097 DEBUG    urllib3.connectionpool Starting new HTTPS connection (1): container.googleapis.com:443
2023-07-07 17:19:05,298 DEBUG    urllib3.connectionpool https://container.googleapis.com:443 "GET /v1/projects/cloud-dev-112233/locations/europe-west3-b/operations/operation-1688743087465-b40f39b7-2f90-4c76-a7b6-4a443110153b?alt=json HTTP/1.1" 200 None
2023-07-07 17:19:10,309 DEBUG    urllib3.connectionpool Starting new HTTPS connection (1): container.googleapis.com:443
2023-07-07 17:19:10,526 DEBUG    urllib3.connectionpool https://container.googleapis.com:443 "GET /v1/projects/cloud-dev-112233/locations/europe-west3-b/operations/operation-1688743087465-b40f39b7-2f90-4c76-a7b6-4a443110153b?alt=json HTTP/1.1" 200 None
2023-07-07 17:19:15,535 DEBUG    urllib3.connectionpool Starting new HTTPS connection (1): container.googleapis.com:443
2023-07-07 17:19:15,751 DEBUG    urllib3.connectionpool https://container.googleapis.com:443 "GET /v1/projects/cloud-dev-112233/locations/europe-west3-b/operations/operation-1688743087465-b40f39b7-2f90-4c76-a7b6-4a443110153b?alt=json HTTP/1.1" 200 None
2023-07-07 17:19:20,758 DEBUG    urllib3.connectionpool Starting new HTTPS connection (1): container.googleapis.com:443
2023-07-07 17:19:20,967 DEBUG    urllib3.connectionpool https://container.googleapis.com:443 "GET /v1/projects/cloud-dev-112233/locations/europe-west3-b/operations/operation-1688743087465-b40f39b7-2f90-4c76-a7b6-4a443110153b?alt=json HTTP/1.1" 200 None
2023-07-07 17:19:25,973 DEBUG    urllib3.connectionpool Starting new HTTPS connection (1): container.googleapis.com:443
2023-07-07 17:19:26,193 DEBUG    urllib3.connectionpool https://container.googleapis.com:443 "GET /v1/projects/cloud-dev-112233/locations/europe-west3-b/operations/operation-1688743087465-b40f39b7-2f90-4c76-a7b6-4a443110153b?alt=json HTTP/1.1" 200 None
2023-07-07 17:19:31,197 DEBUG    urllib3.connectionpool Starting new HTTPS connection (1): container.googleapis.com:443
2023-07-07 17:19:31,437 DEBUG    urllib3.connectionpool https://container.googleapis.com:443 "GET /v1/projects/cloud-dev-112233/locations/europe-west3-b/operations/operation-1688743087465-b40f39b7-2f90-4c76-a7b6-4a443110153b?alt=json HTTP/1.1" 200 None
2023-07-07 17:19:36,445 DEBUG    urllib3.connectionpool Starting new HTTPS connection (1): container.googleapis.com:443
2023-07-07 17:19:36,640 DEBUG    urllib3.connectionpool https://container.googleapis.com:443 "GET /v1/projects/cloud-dev-112233/locations/europe-west3-b/operations/operation-1688743087465-b40f39b7-2f90-4c76-a7b6-4a443110153b?alt=json HTTP/1.1" 200 None
2023-07-07 17:19:41,662 DEBUG    urllib3.connectionpool Starting new HTTPS connection (1): container.googleapis.com:443
2023-07-07 17:19:41,912 DEBUG    urllib3.connectionpool https://container.googleapis.com:443 "GET /v1/projects/cloud-dev-112233/locations/europe-west3-b/operations/operation-1688743087465-b40f39b7-2f90-4c76-a7b6-4a443110153b?alt=json HTTP/1.1" 200 None
2023-07-07 17:19:46,922 DEBUG    urllib3.connectionpool Starting new HTTPS connection (1): container.googleapis.com:443
2023-07-07 17:19:47,146 DEBUG    urllib3.connectionpool https://container.googleapis.com:443 "GET /v1/projects/cloud-dev-112233/locations/europe-west3-b/operations/operation-1688743087465-b40f39b7-2f90-4c76-a7b6-4a443110153b?alt=json HTTP/1.1" 200 None
2023-07-07 17:19:52,165 DEBUG    urllib3.connectionpool Starting new HTTPS connection (1): container.googleapis.com:443
2023-07-07 17:19:52,398 DEBUG    urllib3.connectionpool https://container.googleapis.com:443 "GET /v1/projects/cloud-dev-112233/locations/europe-west3-b/operations/operation-1688743087465-b40f39b7-2f90-4c76-a7b6-4a443110153b?alt=json HTTP/1.1" 200 None
2023-07-07 17:19:57,420 DEBUG    urllib3.connectionpool Starting new HTTPS connection (1): container.googleapis.com:443
2023-07-07 17:19:57,624 DEBUG    urllib3.connectionpool https://container.googleapis.com:443 "GET /v1/projects/cloud-dev-112233/locations/europe-west3-b/operations/operation-1688743087465-b40f39b7-2f90-4c76-a7b6-4a443110153b?alt=json HTTP/1.1" 200 None
2023-07-07 17:20:02,639 DEBUG    urllib3.connectionpool Starting new HTTPS connection (1): container.googleapis.com:443
2023-07-07 17:20:02,793 DEBUG    urllib3.connectionpool https://container.googleapis.com:443 "GET /v1/projects/cloud-dev-112233/locations/europe-west3-b/operations/operation-1688743087465-b40f39b7-2f90-4c76-a7b6-4a443110153b?alt=json HTTP/1.1" 200 None
2023-07-07 17:20:07,804 DEBUG    urllib3.connectionpool Starting new HTTPS connection (1): container.googleapis.com:443
2023-07-07 17:20:08,016 DEBUG    urllib3.connectionpool https://container.googleapis.com:443 "GET /v1/projects/cloud-dev-112233/locations/europe-west3-b/operations/operation-1688743087465-b40f39b7-2f90-4c76-a7b6-4a443110153b?alt=json HTTP/1.1" 200 None
2023-07-07 17:20:13,034 DEBUG    urllib3.connectionpool Starting new HTTPS connection (1): container.googleapis.com:443
2023-07-07 17:20:13,257 DEBUG    urllib3.connectionpool https://container.googleapis.com:443 "GET /v1/projects/cloud-dev-112233/locations/europe-west3-b/operations/operation-1688743087465-b40f39b7-2f90-4c76-a7b6-4a443110153b?alt=json HTTP/1.1" 200 None
2023-07-07 17:20:18,270 DEBUG    urllib3.connectionpool Starting new HTTPS connection (1): container.googleapis.com:443
2023-07-07 17:20:18,475 DEBUG    urllib3.connectionpool https://container.googleapis.com:443 "GET /v1/projects/cloud-dev-112233/locations/europe-west3-b/operations/operation-1688743087465-b40f39b7-2f90-4c76-a7b6-4a443110153b?alt=json HTTP/1.1" 200 None
2023-07-07 17:20:23,491 DEBUG    urllib3.connectionpool Starting new HTTPS connection (1): container.googleapis.com:443
2023-07-07 17:20:23,721 DEBUG    urllib3.connectionpool https://container.googleapis.com:443 "GET /v1/projects/cloud-dev-112233/locations/europe-west3-b/operations/operation-1688743087465-b40f39b7-2f90-4c76-a7b6-4a443110153b?alt=json HTTP/1.1" 200 None
2023-07-07 17:20:28,740 DEBUG    urllib3.connectionpool Starting new HTTPS connection (1): container.googleapis.com:443
2023-07-07 17:20:28,917 DEBUG    urllib3.connectionpool https://container.googleapis.com:443 "GET /v1/projects/cloud-dev-112233/locations/europe-west3-b/operations/operation-1688743087465-b40f39b7-2f90-4c76-a7b6-4a443110153b?alt=json HTTP/1.1" 200 None
2023-07-07 17:20:33,932 DEBUG    urllib3.connectionpool Starting new HTTPS connection (1): container.googleapis.com:443
2023-07-07 17:20:34,174 DEBUG    urllib3.connectionpool https://container.googleapis.com:443 "GET /v1/projects/cloud-dev-112233/locations/europe-west3-b/operations/operation-1688743087465-b40f39b7-2f90-4c76-a7b6-4a443110153b?alt=json HTTP/1.1" 200 None
2023-07-07 17:20:39,195 DEBUG    urllib3.connectionpool Starting new HTTPS connection (1): container.googleapis.com:443
2023-07-07 17:20:39,414 DEBUG    urllib3.connectionpool https://container.googleapis.com:443 "GET /v1/projects/cloud-dev-112233/locations/europe-west3-b/operations/operation-1688743087465-b40f39b7-2f90-4c76-a7b6-4a443110153b?alt=json HTTP/1.1" 200 None
2023-07-07 17:20:44,434 DEBUG    urllib3.connectionpool Starting new HTTPS connection (1): container.googleapis.com:443
2023-07-07 17:20:44,655 DEBUG    urllib3.connectionpool https://container.googleapis.com:443 "GET /v1/projects/cloud-dev-112233/locations/europe-west3-b/operations/operation-1688743087465-b40f39b7-2f90-4c76-a7b6-4a443110153b?alt=json HTTP/1.1" 200 None
2023-07-07 17:20:49,675 DEBUG    urllib3.connectionpool Starting new HTTPS connection (1): container.googleapis.com:443
2023-07-07 17:20:49,885 DEBUG    urllib3.connectionpool https://container.googleapis.com:443 "GET /v1/projects/cloud-dev-112233/locations/europe-west3-b/operations/operation-1688743087465-b40f39b7-2f90-4c76-a7b6-4a443110153b?alt=json HTTP/1.1" 200 None
2023-07-07 17:20:54,899 DEBUG    urllib3.connectionpool Starting new HTTPS connection (1): container.googleapis.com:443
2023-07-07 17:20:55,067 DEBUG    urllib3.connectionpool https://container.googleapis.com:443 "GET /v1/projects/cloud-dev-112233/locations/europe-west3-b/operations/operation-1688743087465-b40f39b7-2f90-4c76-a7b6-4a443110153b?alt=json HTTP/1.1" 200 None
2023-07-07 17:21:00,084 DEBUG    urllib3.connectionpool Starting new HTTPS connection (1): container.googleapis.com:443
2023-07-07 17:21:00,326 DEBUG    urllib3.connectionpool https://container.googleapis.com:443 "GET /v1/projects/cloud-dev-112233/locations/europe-west3-b/operations/operation-1688743087465-b40f39b7-2f90-4c76-a7b6-4a443110153b?alt=json HTTP/1.1" 200 None
2023-07-07 17:21:05,349 DEBUG    urllib3.connectionpool Starting new HTTPS connection (1): container.googleapis.com:443
2023-07-07 17:21:05,600 DEBUG    urllib3.connectionpool https://container.googleapis.com:443 "GET /v1/projects/cloud-dev-112233/locations/europe-west3-b/operations/operation-1688743087465-b40f39b7-2f90-4c76-a7b6-4a443110153b?alt=json HTTP/1.1" 200 None
2023-07-07 17:21:10,630 DEBUG    urllib3.connectionpool Starting new HTTPS connection (1): container.googleapis.com:443
2023-07-07 17:21:10,838 DEBUG    urllib3.connectionpool https://container.googleapis.com:443 "GET /v1/projects/cloud-dev-112233/locations/europe-west3-b/operations/operation-1688743087465-b40f39b7-2f90-4c76-a7b6-4a443110153b?alt=json HTTP/1.1" 200 None
2023-07-07 17:21:15,853 DEBUG    urllib3.connectionpool Starting new HTTPS connection (1): container.googleapis.com:443
2023-07-07 17:21:16,063 DEBUG    urllib3.connectionpool https://container.googleapis.com:443 "GET /v1/projects/cloud-dev-112233/locations/europe-west3-b/operations/operation-1688743087465-b40f39b7-2f90-4c76-a7b6-4a443110153b?alt=json HTTP/1.1" 200 None
2023-07-07 17:21:21,083 DEBUG    urllib3.connectionpool Starting new HTTPS connection (1): container.googleapis.com:443
2023-07-07 17:21:21,314 DEBUG    urllib3.connectionpool https://container.googleapis.com:443 "GET /v1/projects/cloud-dev-112233/locations/europe-west3-b/operations/operation-1688743087465-b40f39b7-2f90-4c76-a7b6-4a443110153b?alt=json HTTP/1.1" 200 None
2023-07-07 17:21:26,330 DEBUG    urllib3.connectionpool Starting new HTTPS connection (1): container.googleapis.com:443
2023-07-07 17:21:26,493 DEBUG    urllib3.connectionpool https://container.googleapis.com:443 "GET /v1/projects/cloud-dev-112233/locations/europe-west3-b/operations/operation-1688743087465-b40f39b7-2f90-4c76-a7b6-4a443110153b?alt=json HTTP/1.1" 200 None
2023-07-07 17:21:31,513 DEBUG    urllib3.connectionpool Starting new HTTPS connection (1): container.googleapis.com:443
2023-07-07 17:21:31,750 DEBUG    urllib3.connectionpool https://container.googleapis.com:443 "GET /v1/projects/cloud-dev-112233/locations/europe-west3-b/operations/operation-1688743087465-b40f39b7-2f90-4c76-a7b6-4a443110153b?alt=json HTTP/1.1" 200 None
2023-07-07 17:21:36,771 DEBUG    urllib3.connectionpool Starting new HTTPS connection (1): container.googleapis.com:443
2023-07-07 17:21:36,950 DEBUG    urllib3.connectionpool https://container.googleapis.com:443 "GET /v1/projects/cloud-dev-112233/locations/europe-west3-b/operations/operation-1688743087465-b40f39b7-2f90-4c76-a7b6-4a443110153b?alt=json HTTP/1.1" 200 None
2023-07-07 17:21:41,970 DEBUG    urllib3.connectionpool Starting new HTTPS connection (1): container.googleapis.com:443
2023-07-07 17:21:42,197 DEBUG    urllib3.connectionpool https://container.googleapis.com:443 "GET /v1/projects/cloud-dev-112233/locations/europe-west3-b/operations/operation-1688743087465-b40f39b7-2f90-4c76-a7b6-4a443110153b?alt=json HTTP/1.1" 200 None
2023-07-07 17:21:47,216 DEBUG    urllib3.connectionpool Starting new HTTPS connection (1): container.googleapis.com:443
2023-07-07 17:21:47,441 DEBUG    urllib3.connectionpool https://container.googleapis.com:443 "GET /v1/projects/cloud-dev-112233/locations/europe-west3-b/operations/operation-1688743087465-b40f39b7-2f90-4c76-a7b6-4a443110153b?alt=json HTTP/1.1" 200 None
2023-07-07 17:21:52,457 DEBUG    urllib3.connectionpool Starting new HTTPS connection (1): container.googleapis.com:443
2023-07-07 17:21:52,680 DEBUG    urllib3.connectionpool https://container.googleapis.com:443 "GET /v1/projects/cloud-dev-112233/locations/europe-west3-b/operations/operation-1688743087465-b40f39b7-2f90-4c76-a7b6-4a443110153b?alt=json HTTP/1.1" 200 None
2023-07-07 17:21:57,699 DEBUG    urllib3.connectionpool Starting new HTTPS connection (1): container.googleapis.com:443
2023-07-07 17:21:57,951 DEBUG    urllib3.connectionpool https://container.googleapis.com:443 "GET /v1/projects/cloud-dev-112233/locations/europe-west3-b/operations/operation-1688743087465-b40f39b7-2f90-4c76-a7b6-4a443110153b?alt=json HTTP/1.1" 200 None
2023-07-07 17:22:02,967 DEBUG    urllib3.connectionpool Starting new HTTPS connection (1): container.googleapis.com:443
2023-07-07 17:22:03,194 DEBUG    urllib3.connectionpool https://container.googleapis.com:443 "GET /v1/projects/cloud-dev-112233/locations/europe-west3-b/operations/operation-1688743087465-b40f39b7-2f90-4c76-a7b6-4a443110153b?alt=json HTTP/1.1" 200 None
2023-07-07 17:22:08,207 DEBUG    urllib3.connectionpool Starting new HTTPS connection (1): container.googleapis.com:443
2023-07-07 17:22:08,368 DEBUG    urllib3.connectionpool https://container.googleapis.com:443 "GET /v1/projects/cloud-dev-112233/locations/europe-west3-b/operations/operation-1688743087465-b40f39b7-2f90-4c76-a7b6-4a443110153b?alt=json HTTP/1.1" 200 None
2023-07-07 17:22:13,382 DEBUG    urllib3.connectionpool Starting new HTTPS connection (1): container.googleapis.com:443
2023-07-07 17:22:13,608 DEBUG    urllib3.connectionpool https://container.googleapis.com:443 "GET /v1/projects/cloud-dev-112233/locations/europe-west3-b/operations/operation-1688743087465-b40f39b7-2f90-4c76-a7b6-4a443110153b?alt=json HTTP/1.1" 200 None
2023-07-07 17:22:18,622 DEBUG    urllib3.connectionpool Starting new HTTPS connection (1): container.googleapis.com:443
2023-07-07 17:22:18,801 DEBUG    urllib3.connectionpool https://container.googleapis.com:443 "GET /v1/projects/cloud-dev-112233/locations/europe-west3-b/operations/operation-1688743087465-b40f39b7-2f90-4c76-a7b6-4a443110153b?alt=json HTTP/1.1" 200 None
2023-07-07 17:22:23,820 DEBUG    urllib3.connectionpool Starting new HTTPS connection (1): container.googleapis.com:443
2023-07-07 17:22:24,064 DEBUG    urllib3.connectionpool https://container.googleapis.com:443 "GET /v1/projects/cloud-dev-112233/locations/europe-west3-b/operations/operation-1688743087465-b40f39b7-2f90-4c76-a7b6-4a443110153b?alt=json HTTP/1.1" 200 None
2023-07-07 17:22:29,082 DEBUG    urllib3.connectionpool Starting new HTTPS connection (1): container.googleapis.com:443
2023-07-07 17:22:29,235 DEBUG    urllib3.connectionpool https://container.googleapis.com:443 "GET /v1/projects/cloud-dev-112233/locations/europe-west3-b/operations/operation-1688743087465-b40f39b7-2f90-4c76-a7b6-4a443110153b?alt=json HTTP/1.1" 200 None
2023-07-07 17:22:34,253 DEBUG    urllib3.connectionpool Starting new HTTPS connection (1): container.googleapis.com:443
2023-07-07 17:22:34,479 DEBUG    urllib3.connectionpool https://container.googleapis.com:443 "GET /v1/projects/cloud-dev-112233/locations/europe-west3-b/operations/operation-1688743087465-b40f39b7-2f90-4c76-a7b6-4a443110153b?alt=json HTTP/1.1" 200 None
2023-07-07 17:22:39,495 DEBUG    urllib3.connectionpool Starting new HTTPS connection (1): container.googleapis.com:443
2023-07-07 17:22:39,737 DEBUG    urllib3.connectionpool https://container.googleapis.com:443 "GET /v1/projects/cloud-dev-112233/locations/europe-west3-b/operations/operation-1688743087465-b40f39b7-2f90-4c76-a7b6-4a443110153b?alt=json HTTP/1.1" 200 None
2023-07-07 17:22:44,754 DEBUG    urllib3.connectionpool Starting new HTTPS connection (1): container.googleapis.com:443
2023-07-07 17:22:45,084 DEBUG    urllib3.connectionpool https://container.googleapis.com:443 "GET /v1/projects/cloud-dev-112233/locations/europe-west3-b/operations/operation-1688743087465-b40f39b7-2f90-4c76-a7b6-4a443110153b?alt=json HTTP/1.1" 200 None
2023-07-07 17:22:50,100 DEBUG    urllib3.connectionpool Starting new HTTPS connection (1): container.googleapis.com:443
2023-07-07 17:22:50,335 DEBUG    urllib3.connectionpool https://container.googleapis.com:443 "GET /v1/projects/cloud-dev-112233/locations/europe-west3-b/operations/operation-1688743087465-b40f39b7-2f90-4c76-a7b6-4a443110153b?alt=json HTTP/1.1" 200 None
2023-07-07 17:22:55,352 DEBUG    urllib3.connectionpool Starting new HTTPS connection (1): container.googleapis.com:443
2023-07-07 17:22:55,569 DEBUG    urllib3.connectionpool https://container.googleapis.com:443 "GET /v1/projects/cloud-dev-112233/locations/europe-west3-b/operations/operation-1688743087465-b40f39b7-2f90-4c76-a7b6-4a443110153b?alt=json HTTP/1.1" 200 None
2023-07-07 17:23:00,585 DEBUG    urllib3.connectionpool Starting new HTTPS connection (1): container.googleapis.com:443
2023-07-07 17:23:00,727 DEBUG    urllib3.connectionpool https://container.googleapis.com:443 "GET /v1/projects/cloud-dev-112233/locations/europe-west3-b/operations/operation-1688743087465-b40f39b7-2f90-4c76-a7b6-4a443110153b?alt=json HTTP/1.1" 200 None
2023-07-07 17:23:05,739 DEBUG    urllib3.connectionpool Starting new HTTPS connection (1): container.googleapis.com:443
2023-07-07 17:23:05,991 DEBUG    urllib3.connectionpool https://container.googleapis.com:443 "GET /v1/projects/cloud-dev-112233/locations/europe-west3-b/operations/operation-1688743087465-b40f39b7-2f90-4c76-a7b6-4a443110153b?alt=json HTTP/1.1" 200 None
2023-07-07 17:23:11,004 DEBUG    urllib3.connectionpool Starting new HTTPS connection (1): container.googleapis.com:443
2023-07-07 17:23:11,293 DEBUG    urllib3.connectionpool https://container.googleapis.com:443 "GET /v1/projects/cloud-dev-112233/locations/europe-west3-b/operations/operation-1688743087465-b40f39b7-2f90-4c76-a7b6-4a443110153b?alt=json HTTP/1.1" 200 None
2023-07-07 17:23:16,312 DEBUG    urllib3.connectionpool Starting new HTTPS connection (1): container.googleapis.com:443
2023-07-07 17:23:16,527 DEBUG    urllib3.connectionpool https://container.googleapis.com:443 "GET /v1/projects/cloud-dev-112233/locations/europe-west3-b/operations/operation-1688743087465-b40f39b7-2f90-4c76-a7b6-4a443110153b?alt=json HTTP/1.1" 200 None
2023-07-07 17:23:21,540 DEBUG    urllib3.connectionpool Starting new HTTPS connection (1): container.googleapis.com:443
2023-07-07 17:23:21,793 DEBUG    urllib3.connectionpool https://container.googleapis.com:443 "GET /v1/projects/cloud-dev-112233/locations/europe-west3-b/operations/operation-1688743087465-b40f39b7-2f90-4c76-a7b6-4a443110153b?alt=json HTTP/1.1" 200 None
2023-07-07 17:23:26,810 DEBUG    urllib3.connectionpool Starting new HTTPS connection (1): container.googleapis.com:443
2023-07-07 17:23:26,967 DEBUG    urllib3.connectionpool https://container.googleapis.com:443 "GET /v1/projects/cloud-dev-112233/locations/europe-west3-b/operations/operation-1688743087465-b40f39b7-2f90-4c76-a7b6-4a443110153b?alt=json HTTP/1.1" 200 None
2023-07-07 17:23:31,983 DEBUG    urllib3.connectionpool Starting new HTTPS connection (1): container.googleapis.com:443
2023-07-07 17:23:32,137 DEBUG    urllib3.connectionpool https://container.googleapis.com:443 "GET /v1/projects/cloud-dev-112233/locations/europe-west3-b/operations/operation-1688743087465-b40f39b7-2f90-4c76-a7b6-4a443110153b?alt=json HTTP/1.1" 200 None
2023-07-07 17:23:37,152 DEBUG    urllib3.connectionpool Starting new HTTPS connection (1): container.googleapis.com:443
2023-07-07 17:23:37,323 DEBUG    urllib3.connectionpool https://container.googleapis.com:443 "GET /v1/projects/cloud-dev-112233/locations/europe-west3-b/operations/operation-1688743087465-b40f39b7-2f90-4c76-a7b6-4a443110153b?alt=json HTTP/1.1" 200 None
2023-07-07 17:23:42,344 DEBUG    urllib3.connectionpool Starting new HTTPS connection (1): container.googleapis.com:443
2023-07-07 17:23:42,514 DEBUG    urllib3.connectionpool https://container.googleapis.com:443 "GET /v1/projects/cloud-dev-112233/locations/europe-west3-b/operations/operation-1688743087465-b40f39b7-2f90-4c76-a7b6-4a443110153b?alt=json HTTP/1.1" 200 None
2023-07-07 17:23:42,521 INFO     root            Operation <Operation
 clusterConditions: []
 endTime: '2023-07-07T15:23:39.44391188Z'
 name: 'operation-1688743087465-b40f39b7-2f90-4c76-a7b6-4a443110153b'
 nodepoolConditions: []
 operationType: OperationTypeValueValuesEnum(CREATE_CLUSTER, 1)
 progress: <OperationProgress
 metrics: [<Metric
 intValue: 9
 name: 'CLUSTER_CONFIGURING'>, <Metric
 intValue: 9
 name: 'CLUSTER_CONFIGURING_TOTAL'>, <Metric
 intValue: 12
 name: 'CLUSTER_DEPLOYING'>, <Metric
 intValue: 12
 name: 'CLUSTER_DEPLOYING_TOTAL'>, <Metric
 intValue: 1
 name: 'CLUSTER_HEALTHCHECKING'>, <Metric
 intValue: 2
 name: 'CLUSTER_HEALTHCHECKING_TOTAL'>]
 stages: []>
 selfLink: 'https://container.googleapis.com/v1/projects/166042509722/zones/europe-west3-b/operations/operation-1688743087465-b40f39b7-2f90-4c76-a7b6-4a443110153b'
 startTime: '2023-07-07T15:18:07.465834909Z'
 status: StatusValueValuesEnum(DONE, 3)
 targetLink: 'https://container.googleapis.com/v1/projects/166042509722/zones/europe-west3-b/clusters/inel-3685'
 zone: 'europe-west3-b'> succeeded after 335.023 seconds
2023-07-07 17:23:42,639 DEBUG    urllib3.connectionpool Starting new HTTPS connection (1): container.googleapis.com:443
2023-07-07 17:23:42,875 DEBUG    urllib3.connectionpool https://container.googleapis.com:443 "GET /v1/projects/cloud-dev-112233/locations/europe-west3-b/clusters/inel-3685?alt=json HTTP/1.1" 200 None
2023-07-07 17:23:42,894 INFO     ___FILE_ONLY___ Created [https://container.googleapis.com/v1/projects/cloud-dev-112233/zones/europe-west3-b/clusters/inel-3685].

2023-07-07 17:23:42,895 INFO     ___FILE_ONLY___ To inspect the contents of your cluster, go to: https://console.cloud.google.com/kubernetes/workload_/gcloud/europe-west3-b/inel-3685?project=cloud-dev-112233

2023-07-07 17:23:43,454 DEBUG    root            Saved kubeconfig to /Users/inelpandzic/.kube/config
2023-07-07 17:23:43,454 INFO     ___FILE_ONLY___ kubeconfig entry generated for inel-3685.

2023-07-07 17:23:43,455 DEBUG    root            Chosen display Format:
    table(
        name,
        zone:label=LOCATION,
        master_version():label=MASTER_VERSION,
        endpoint:label=MASTER_IP,
        nodePools[0].config.machineType,
        currentNodeVersion:label=NODE_VERSION,
        firstof(currentNodeCount,initialNodeCount):label=NUM_NODES,
        status
    )

2023-07-07 17:23:43,455 INFO     root            Display format: "
    table(
        name,
        zone:label=LOCATION,
        master_version():label=MASTER_VERSION,
        endpoint:label=MASTER_IP,
        nodePools[0].config.machineType,
        currentNodeVersion:label=NODE_VERSION,
        firstof(currentNodeCount,initialNodeCount):label=NUM_NODES,
        status
    )
"
2023-07-07 17:23:43,457 INFO     ___FILE_ONLY___ NAME
2023-07-07 17:23:43,457 INFO     ___FILE_ONLY___        
2023-07-07 17:23:43,457 INFO     ___FILE_ONLY___ LOCATION
2023-07-07 17:23:43,457 INFO     ___FILE_ONLY___         
2023-07-07 17:23:43,457 INFO     ___FILE_ONLY___ MASTER_VERSION
2023-07-07 17:23:43,457 INFO     ___FILE_ONLY___     
2023-07-07 17:23:43,457 INFO     ___FILE_ONLY___ MASTER_IP
2023-07-07 17:23:43,457 INFO     ___FILE_ONLY___       
2023-07-07 17:23:43,457 INFO     ___FILE_ONLY___ MACHINE_TYPE
2023-07-07 17:23:43,457 INFO     ___FILE_ONLY___    
2023-07-07 17:23:43,457 INFO     ___FILE_ONLY___ NODE_VERSION
2023-07-07 17:23:43,457 INFO     ___FILE_ONLY___       
2023-07-07 17:23:43,457 INFO     ___FILE_ONLY___ NUM_NODES
2023-07-07 17:23:43,457 INFO     ___FILE_ONLY___   
2023-07-07 17:23:43,457 INFO     ___FILE_ONLY___ STATUS
2023-07-07 17:23:43,457 INFO     ___FILE_ONLY___ 

2023-07-07 17:23:43,457 INFO     ___FILE_ONLY___ inel-3685
2023-07-07 17:23:43,457 INFO     ___FILE_ONLY___   
2023-07-07 17:23:43,457 INFO     ___FILE_ONLY___ europe-west3-b
2023-07-07 17:23:43,457 INFO     ___FILE_ONLY___   
2023-07-07 17:23:43,457 INFO     ___FILE_ONLY___ 1.25.10-gke.2100
2023-07-07 17:23:43,457 INFO     ___FILE_ONLY___   
2023-07-07 17:23:43,457 INFO     ___FILE_ONLY___ 34.141.47.163
2023-07-07 17:23:43,457 INFO     ___FILE_ONLY___   
2023-07-07 17:23:43,457 INFO     ___FILE_ONLY___ n1-standard-4
2023-07-07 17:23:43,457 INFO     ___FILE_ONLY___   
2023-07-07 17:23:43,457 INFO     ___FILE_ONLY___ 1.25.10-gke.2100
2023-07-07 17:23:43,457 INFO     ___FILE_ONLY___   
2023-07-07 17:23:43,458 INFO     ___FILE_ONLY___ 3
2023-07-07 17:23:43,458 INFO     ___FILE_ONLY___           
2023-07-07 17:23:43,458 INFO     ___FILE_ONLY___ RUNNING
2023-07-07 17:23:43,458 INFO     ___FILE_ONLY___ 

2023-07-07 17:23:43,464 DEBUG    root            Metrics reporting process started...
