2023-07-07 18:37:12,643 DEBUG    root            Loaded Command Group: ['gcloud', 'config']
2023-07-07 18:37:12,645 DEBUG    root            Loaded Command Group: ['gcloud', 'config', 'config_helper']
2023-07-07 18:37:12,646 DEBUG    root            Running [gcloud.config.config-helper] with arguments: [--format: "json"]
2023-07-07 18:37:12,678 DEBUG    google.auth.transport.requests Making request: POST https://oauth2.googleapis.com/token
2023-07-07 18:37:12,699 DEBUG    urllib3.connectionpool Starting new HTTPS connection (1): oauth2.googleapis.com:443
2023-07-07 18:37:12,869 DEBUG    urllib3.connectionpool https://oauth2.googleapis.com:443 "POST /token HTTP/1.1" 200 None
2023-07-07 18:37:12,894 DEBUG    urllib3.connectionpool Starting new HTTPS connection (1): www.gstatic.com:443
2023-07-07 18:37:13,010 DEBUG    urllib3.connectionpool https://www.gstatic.com:443 "GET /cloudsdk/feature_flag_config_file.yaml HTTP/1.1" 200 101
2023-07-07 18:37:13,024 DEBUG    root            Chosen display Format:default json
2023-07-07 18:37:13,025 INFO     root            Display format: "default json"
2023-07-07 18:37:13,025 INFO     ___FILE_ONLY___ {
  "configuration": {
    "active_configuration": "percona-cloud-dev",
    "properties": {
      "core": {
        "account": "inel.pandzic@percona.com",
        "disable_usage_reporting": "False",
        "project": "cloud-dev-112233"
      }
    }
  },
  "credential": {
    "access_token": "ya29.a0AbVbY6McS_6LwpPV7pHmX8Hx9_DUOnbCgxZYMqlKI2_AtVzX9yaG7vPrYtQMhkghdSssF75v9fd8GTw7G9VpZ4M6zzdRGrlGz1-x9IuWPKwxmnNjr0NKSSvOQkRfgsdk-vrhe2tO76jlHePRhvo6v1fCLGWe1-Oolnwj8ukaCgYKAeYSARESFQFWKvPlDSNLcwVAVKsjRo-HWZDbXw0174",
    "id_token": "eyJhbGciOiJSUzI1NiIsImtpZCI6IjkzNDFkZWRlZWUyZDE4NjliNjU3ZmE5MzAzMDAwODJmZTI2YjNkOTIiLCJ0eXAiOiJKV1QifQ.eyJpc3MiOiJodHRwczovL2FjY291bnRzLmdvb2dsZS5jb20iLCJhenAiOiIzMjU1NTk0MDU1OS5hcHBzLmdvb2dsZXVzZXJjb250ZW50LmNvbSIsImF1ZCI6IjMyNTU1OTQwNTU5LmFwcHMuZ29vZ2xldXNlcmNvbnRlbnQuY29tIiwic3ViIjoiMTA3NDA5ODEzMzQ0NTU5NDQzNDA3IiwiaGQiOiJwZXJjb25hLmNvbSIsImVtYWlsIjoiaW5lbC5wYW5kemljQHBlcmNvbmEuY29tIiwiZW1haWxfdmVyaWZpZWQiOnRydWUsImF0X2hhc2giOiJfbi16Y2c1WHBacWpqUk1IWmxnZmx3IiwiaWF0IjoxNjg4NzQ3ODMyLCJleHAiOjE2ODg3NTE0MzJ9.TRGzseECk8IwmwpS9RNE65z_IiydXFZAoRAF5GAR5gvKmHmebznLirsY-yN7BAo0yUefew8WVzwnkcNkfXEBtlIvEgv2KhjlItyUPcSd1Q64NJVbz5t0DxI4J1DXpiKis8GmSbJPq-gwjaej4zapQmxcnENDj6dlVdQDun6dT6AHHWojvC7hlrJbpKfhoKhiVKcWe3L8d5Vc88bBLCuC3PuzPS5oevYVK7MrQrawzw6vkjrnYvCMca8l4rbQ63H09aWxrJZl-lEIXY5xciceygcOmPPaMv_6kX56h5Wa7SUb83kNpHz-H65wJAJo4hgk6ftRoNHGlS3ua1cW7XohQA",
    "token_expiry": "2023-07-07T17:37:11Z"
  },
  "sentinels": {
    "config_sentinel": "/Users/inelpandzic/.config/gcloud/config_sentinel"
  }
}
2023-07-07 18:37:13,026 INFO     ___FILE_ONLY___ 

2023-07-07 18:37:13,040 DEBUG    root            Metrics reporting process started...
