2023-07-07 23:53:10,730 DEBUG    root            Loaded Command Group: ['gcloud', 'config']
2023-07-07 23:53:10,731 DEBUG    root            Loaded Command Group: ['gcloud', 'config', 'config_helper']
2023-07-07 23:53:10,732 DEBUG    root            Running [gcloud.config.config-helper] with arguments: [--format: "json"]
2023-07-07 23:53:10,740 DEBUG    google.auth.transport.requests Making request: POST https://oauth2.googleapis.com/token
2023-07-07 23:53:10,757 DEBUG    urllib3.connectionpool Starting new HTTPS connection (1): oauth2.googleapis.com:443
2023-07-07 23:53:10,914 DEBUG    urllib3.connectionpool https://oauth2.googleapis.com:443 "POST /token HTTP/1.1" 200 None
2023-07-07 23:53:10,960 DEBUG    urllib3.connectionpool Starting new HTTPS connection (1): www.gstatic.com:443
2023-07-07 23:53:11,118 DEBUG    urllib3.connectionpool https://www.gstatic.com:443 "GET /cloudsdk/feature_flag_config_file.yaml HTTP/1.1" 200 101
2023-07-07 23:53:11,124 DEBUG    root            Chosen display Format:default json
2023-07-07 23:53:11,124 INFO     root            Display format: "default json"
2023-07-07 23:53:11,125 INFO     ___FILE_ONLY___ {
  "configuration": {
    "active_configuration": "percona-cloud-dev",
    "properties": {
      "core": {
        "account": "inel.pandzic@percona.com",
        "disable_usage_reporting": "False",
        "project": "cloud-dev-112233"
      }
    }
  },
  "credential": {
    "access_token": "ya29.a0AbVbY6M5ohNxvHcbVU4vf92ZSaV_xOaaoT3MxOdWknrlR6NxmOUCcEXc0lTLPMEbEFF_hOUYBBVBf6zF2tEd9o1VqSdjRUA-UooslNlahGCJFouBWhCAOVmndcgamCgJJQMSfccf3H_lGugNbHuSEIz5xf0TQGVYUcyoCxAaCgYKAW0SARESFQFWKvPlYVV04ZOWAvD2hCSAiflnRg0174",
    "id_token": "eyJhbGciOiJSUzI1NiIsImtpZCI6IjkzNDFkZWRlZWUyZDE4NjliNjU3ZmE5MzAzMDAwODJmZTI2YjNkOTIiLCJ0eXAiOiJKV1QifQ.eyJpc3MiOiJodHRwczovL2FjY291bnRzLmdvb2dsZS5jb20iLCJhenAiOiIzMjU1NTk0MDU1OS5hcHBzLmdvb2dsZXVzZXJjb250ZW50LmNvbSIsImF1ZCI6IjMyNTU1OTQwNTU5LmFwcHMuZ29vZ2xldXNlcmNvbnRlbnQuY29tIiwic3ViIjoiMTA3NDA5ODEzMzQ0NTU5NDQzNDA3IiwiaGQiOiJwZXJjb25hLmNvbSIsImVtYWlsIjoiaW5lbC5wYW5kemljQHBlcmNvbmEuY29tIiwiZW1haWxfdmVyaWZpZWQiOnRydWUsImF0X2hhc2giOiJhYkQzMWhHUG85dFdfWmhxQnBrME9RIiwiaWF0IjoxNjg4NzY2NzkwLCJleHAiOjE2ODg3NzAzOTB9.A4Zmwe8ME9Pn8VWoLEdnpjkV54BU2cDQb8nMSY7712ogOuGowSux4nkwAINQAdVMNzo-DZzjKrzbgtG6COUeygU8CIlILxh0dg8K_e92ZRz7zamC6Vkj4COfcXlu3qkazKmWjgW1O0xNKCEKHNFJNS_6A6HsZoCMhP0TdkRM2ep8JLXqHEVoJET-IH8AlSk-5iqoN0pC6JFPaT2L8P09sHORFFEpG3aWG4i5I0g52gOGeR_XAOZ7iKt2izuVpoxSygYxS9-zPRAkD2d0IMksWir4eUGFSbfOWoTUO2vHZzv_RWfoRptxA55YBSVJPdzKVnCVMCtrJ_vHnoKjqTYZfg",
    "token_expiry": "2023-07-07T22:53:09Z"
  },
  "sentinels": {
    "config_sentinel": "/Users/inelpandzic/.config/gcloud/config_sentinel"
  }
}
2023-07-07 23:53:11,125 INFO     ___FILE_ONLY___ 

2023-07-07 23:53:11,139 DEBUG    root            Metrics reporting process started...
