2023-07-28 12:19:49,442 DEBUG    root            Loaded Command Group: ['gcloud', 'config']
2023-07-28 12:19:49,444 DEBUG    root            Loaded Command Group: ['gcloud', 'config', 'config_helper']
2023-07-28 12:19:49,445 DEBUG    root            Running [gcloud.config.config-helper] with arguments: [--format: "json"]
2023-07-28 12:19:49,454 DEBUG    google.auth.transport.requests Making request: POST https://oauth2.googleapis.com/token
2023-07-28 12:19:49,470 DEBUG    urllib3.connectionpool Starting new HTTPS connection (1): oauth2.googleapis.com:443
2023-07-28 12:19:49,630 DEBUG    urllib3.connectionpool https://oauth2.googleapis.com:443 "POST /token HTTP/1.1" 200 None
2023-07-28 12:19:49,649 DEBUG    urllib3.connectionpool Starting new HTTPS connection (1): www.gstatic.com:443
2023-07-28 12:19:49,753 DEBUG    urllib3.connectionpool https://www.gstatic.com:443 "GET /cloudsdk/feature_flag_config_file.yaml HTTP/1.1" 200 101
2023-07-28 12:19:49,767 DEBUG    root            Chosen display Format:default json
2023-07-28 12:19:49,768 INFO     root            Display format: "default json"
2023-07-28 12:19:49,769 INFO     ___FILE_ONLY___ {
  "configuration": {
    "active_configuration": "percona-cloud-dev",
    "properties": {
      "core": {
        "account": "inel.pandzic@percona.com",
        "disable_usage_reporting": "False",
        "project": "cloud-dev-112233"
      }
    }
  },
  "credential": {
    "access_token": "ya29.a0AbVbY6PJmc56Xrlm7bBBDc7Wh7JDI3895LSX2aB9kb8ER5TlSMBYKX5a8r1dmvKytkyxhn9uxhFxXrrMBrsc_9OG9hpVmQa4a22xUKY22L_fKu97jhfWLwbLXo6m_b5s4SyIVVjnyGkKz_BtzX1eqSrSWmeM8evtCV5iwKAaCgYKAfESARESFQFWKvPlfsFblRMHPiHaVlvAx-yYdQ0174",
    "id_token": "eyJhbGciOiJSUzI1NiIsImtpZCI6ImEzYmRiZmRlZGUzYmFiYjI2NTFhZmNhMjY3OGRkZThjMGIzNWRmNzYiLCJ0eXAiOiJKV1QifQ.eyJpc3MiOiJodHRwczovL2FjY291bnRzLmdvb2dsZS5jb20iLCJhenAiOiIzMjU1NTk0MDU1OS5hcHBzLmdvb2dsZXVzZXJjb250ZW50LmNvbSIsImF1ZCI6IjMyNTU1OTQwNTU5LmFwcHMuZ29vZ2xldXNlcmNvbnRlbnQuY29tIiwic3ViIjoiMTA3NDA5ODEzMzQ0NTU5NDQzNDA3IiwiaGQiOiJwZXJjb25hLmNvbSIsImVtYWlsIjoiaW5lbC5wYW5kemljQHBlcmNvbmEuY29tIiwiZW1haWxfdmVyaWZpZWQiOnRydWUsImF0X2hhc2giOiJFMmppMTNidTlCS2JWbjd0dXVVV0VnIiwiaWF0IjoxNjkwNTM5NTg5LCJleHAiOjE2OTA1NDMxODl9.qI3MVmRp953B7y6nL67APZHqBPp4kyGv2xtEdsti6BiIohXdGRM7mQ6MMJ3LZQxpYbx75fyf3jklhXG3UpVuqGr31vJla8pziQ8VAcGNkp9FfYtlGO6PUrWwtO8K0Tdln4LO1Ft_eJAO2vtBUFpqkuW6uZ6l8s3WcsqUthiSOJbCAdrQUsEF4iTJciqqsnUmf2AWX9Fi3EVqg8dYOIqOXVaZH9KfLy8eB8_da4UFy5bATYDIjNcUTClivFpyQsDybgwOGVBj0rQdMyhVEL0wbY-7idipP9UDRDB-slblOzgv0R1PFGblf7D3I-nOBgLBktu-ZxnDxIGWhlHxi9khAw",
    "token_expiry": "2023-07-28T11:19:48Z"
  },
  "sentinels": {
    "config_sentinel": "/Users/inelpandzic/.config/gcloud/config_sentinel"
  }
}
2023-07-28 12:19:49,769 INFO     ___FILE_ONLY___ 

2023-07-28 12:19:49,783 DEBUG    root            Metrics reporting process started...
