2023-07-28 13:19:51,795 DEBUG    root            Loaded Command Group: ['gcloud', 'config']
2023-07-28 13:19:51,797 DEBUG    root            Loaded Command Group: ['gcloud', 'config', 'config_helper']
2023-07-28 13:19:51,798 DEBUG    root            Running [gcloud.config.config-helper] with arguments: [--format: "json"]
2023-07-28 13:19:51,807 DEBUG    google.auth.transport.requests Making request: POST https://oauth2.googleapis.com/token
2023-07-28 13:19:51,822 DEBUG    urllib3.connectionpool Starting new HTTPS connection (1): oauth2.googleapis.com:443
2023-07-28 13:19:51,977 DEBUG    urllib3.connectionpool https://oauth2.googleapis.com:443 "POST /token HTTP/1.1" 200 None
2023-07-28 13:19:51,998 DEBUG    urllib3.connectionpool Starting new HTTPS connection (1): www.gstatic.com:443
2023-07-28 13:19:52,104 DEBUG    urllib3.connectionpool https://www.gstatic.com:443 "GET /cloudsdk/feature_flag_config_file.yaml HTTP/1.1" 200 101
2023-07-28 13:19:52,115 DEBUG    root            Chosen display Format:default json
2023-07-28 13:19:52,116 INFO     root            Display format: "default json"
2023-07-28 13:19:52,117 INFO     ___FILE_ONLY___ {
  "configuration": {
    "active_configuration": "percona-cloud-dev",
    "properties": {
      "core": {
        "account": "inel.pandzic@percona.com",
        "disable_usage_reporting": "False",
        "project": "cloud-dev-112233"
      }
    }
  },
  "credential": {
    "access_token": "ya29.a0AbVbY6N6Khr9wHeFh4S3H6gRELeyMwJ_WePG4zsljUlLnsSj5D5NS-ulfsKM5ubfapkfqQq447CVG2-zo5S-5kcl_fd_C-1PjXWJScyWk9wI1OiKfkS9J1rbv7C-Ehe6zgsclYR1ryWsuAJrv6_Z-JhPqjUKCqk8wk596-0aCgYKAdMSARESFQFWKvPlK5rvdza62jOTi79EdQIQvw0174",
    "id_token": "eyJhbGciOiJSUzI1NiIsImtpZCI6ImEzYmRiZmRlZGUzYmFiYjI2NTFhZmNhMjY3OGRkZThjMGIzNWRmNzYiLCJ0eXAiOiJKV1QifQ.eyJpc3MiOiJodHRwczovL2FjY291bnRzLmdvb2dsZS5jb20iLCJhenAiOiIzMjU1NTk0MDU1OS5hcHBzLmdvb2dsZXVzZXJjb250ZW50LmNvbSIsImF1ZCI6IjMyNTU1OTQwNTU5LmFwcHMuZ29vZ2xldXNlcmNvbnRlbnQuY29tIiwic3ViIjoiMTA3NDA5ODEzMzQ0NTU5NDQzNDA3IiwiaGQiOiJwZXJjb25hLmNvbSIsImVtYWlsIjoiaW5lbC5wYW5kemljQHBlcmNvbmEuY29tIiwiZW1haWxfdmVyaWZpZWQiOnRydWUsImF0X2hhc2giOiJYRy1RU01zV1NDcEVBV0xjRE1BVVd3IiwiaWF0IjoxNjkwNTQzMTkyLCJleHAiOjE2OTA1NDY3OTJ9.O2OYqaM9vZ15ChYprd8JiGhQ9LCCFkkAHtjdpcvcB9tUKJt_VkTclGcynL7ItyJZ82F9OL2niZXSjktXfMs9EoQIcK9F2C4HDwIiljYlv0uPg1iVEvO2opYPUUd3YUaEWLuKJuQ2K5SL3Ne2FAJS4XqA4eSmGg73AzZ96dPjiiTyYtcs1mR2GdTrHWfz0T-Yl2YlG0Sf143KXYU33Va9uMy2vI5WSYlwwLxp0OnNGgvEHshZyp5Ey3aRnl7X3FFRx2-WfPMns3zL7Ipd27dZ0Cp1g3FCkh-oSSZg53SryUOQR3iXXZOT56CV7yzLx63NcqBzVj22yiK4wCmK84h2JA",
    "token_expiry": "2023-07-28T12:19:50Z"
  },
  "sentinels": {
    "config_sentinel": "/Users/inelpandzic/.config/gcloud/config_sentinel"
  }
}
2023-07-28 13:19:52,117 INFO     ___FILE_ONLY___ 

2023-07-28 13:19:52,126 DEBUG    root            Metrics reporting process started...
