2023-07-28 15:19:55,612 DEBUG    root            Loaded Command Group: ['gcloud', 'config']
2023-07-28 15:19:55,614 DEBUG    root            Loaded Command Group: ['gcloud', 'config', 'config_helper']
2023-07-28 15:19:55,614 DEBUG    root            Running [gcloud.config.config-helper] with arguments: [--format: "json"]
2023-07-28 15:19:55,627 DEBUG    google.auth.transport.requests Making request: POST https://oauth2.googleapis.com/token
2023-07-28 15:19:55,643 DEBUG    urllib3.connectionpool Starting new HTTPS connection (1): oauth2.googleapis.com:443
2023-07-28 15:19:55,823 DEBUG    urllib3.connectionpool https://oauth2.googleapis.com:443 "POST /token HTTP/1.1" 200 None
2023-07-28 15:19:55,844 DEBUG    urllib3.connectionpool Starting new HTTPS connection (1): www.gstatic.com:443
2023-07-28 15:19:55,950 DEBUG    urllib3.connectionpool https://www.gstatic.com:443 "GET /cloudsdk/feature_flag_config_file.yaml HTTP/1.1" 200 101
2023-07-28 15:19:55,966 DEBUG    root            Chosen display Format:default json
2023-07-28 15:19:55,967 INFO     root            Display format: "default json"
2023-07-28 15:19:55,968 INFO     ___FILE_ONLY___ {
  "configuration": {
    "active_configuration": "percona-cloud-dev",
    "properties": {
      "core": {
        "account": "inel.pandzic@percona.com",
        "disable_usage_reporting": "False",
        "project": "cloud-dev-112233"
      }
    }
  },
  "credential": {
    "access_token": "ya29.a0AbVbY6NQGu7CWfN3Qy-SLZNUDK7pEVaNAnJHpYkFTxPhgoyQwsknjlNAeuW1iEiv6PZeJ8JnQ-1RgKpgfMfYRwgbm3etxJgBo06EmJZ0lXx-Z9ZtoolrZCAj4TmA0tHcH23cBQ-EqyLeyBDx0Q_zVB1NPQeCGoNI1YLd7_AaCgYKAaQSARESFQFWKvPlUMOkJpHxX7BPSFsqo-cOJg0174",
    "id_token": "eyJhbGciOiJSUzI1NiIsImtpZCI6ImEzYmRiZmRlZGUzYmFiYjI2NTFhZmNhMjY3OGRkZThjMGIzNWRmNzYiLCJ0eXAiOiJKV1QifQ.eyJpc3MiOiJodHRwczovL2FjY291bnRzLmdvb2dsZS5jb20iLCJhenAiOiIzMjU1NTk0MDU1OS5hcHBzLmdvb2dsZXVzZXJjb250ZW50LmNvbSIsImF1ZCI6IjMyNTU1OTQwNTU5LmFwcHMuZ29vZ2xldXNlcmNvbnRlbnQuY29tIiwic3ViIjoiMTA3NDA5ODEzMzQ0NTU5NDQzNDA3IiwiaGQiOiJwZXJjb25hLmNvbSIsImVtYWlsIjoiaW5lbC5wYW5kemljQHBlcmNvbmEuY29tIiwiZW1haWxfdmVyaWZpZWQiOnRydWUsImF0X2hhc2giOiJEX0NzNDQzZThBbWFIdlh5R0xQUEJnIiwiaWF0IjoxNjkwNTUwMzk1LCJleHAiOjE2OTA1NTM5OTV9.aAakOBeVLYYlxF8_F_vt32SBqJFqe_n3EnZECHNk7e-k3Rl_4fJlKqcw8sW8YJMD0nydc_pdKmyxu-OldyBHG-tbYUmAdQkWxQP4bsFM4_MgwDRQNH1gBcNKcVirKb2N2BovX3rw2Z3mazXxH0VjkWZajzNGcxlRhS9rEa-9SP-PmTIympCRAC_Su4N8vhQR1lRE8tCkANqP_rEFCF8cGRPu81cdPd57ZgnUxNA0rsFvJ53l_y0QJLkQK7GWRXrY0F5RxxdlWXlE8iPyH0Mwxubl4cXhI-OfpU3H5wcJGQ28DTx-igxMjyXs_gBt9dkL5cLk_fMHts8KUjoCugYipg",
    "token_expiry": "2023-07-28T14:19:54Z"
  },
  "sentinels": {
    "config_sentinel": "/Users/inelpandzic/.config/gcloud/config_sentinel"
  }
}
2023-07-28 15:19:55,968 INFO     ___FILE_ONLY___ 

2023-07-28 15:19:55,985 DEBUG    root            Metrics reporting process started...
