2023-07-28 16:19:59,862 DEBUG    root            Loaded Command Group: ['gcloud', 'config']
2023-07-28 16:19:59,864 DEBUG    root            Loaded Command Group: ['gcloud', 'config', 'config_helper']
2023-07-28 16:19:59,865 DEBUG    root            Running [gcloud.config.config-helper] with arguments: [--format: "json"]
2023-07-28 16:19:59,874 DEBUG    google.auth.transport.requests Making request: POST https://oauth2.googleapis.com/token
2023-07-28 16:19:59,895 DEBUG    urllib3.connectionpool Starting new HTTPS connection (1): oauth2.googleapis.com:443
2023-07-28 16:20:00,051 DEBUG    urllib3.connectionpool https://oauth2.googleapis.com:443 "POST /token HTTP/1.1" 200 None
2023-07-28 16:20:00,071 DEBUG    urllib3.connectionpool Starting new HTTPS connection (1): www.gstatic.com:443
2023-07-28 16:20:00,177 DEBUG    urllib3.connectionpool https://www.gstatic.com:443 "GET /cloudsdk/feature_flag_config_file.yaml HTTP/1.1" 200 101
2023-07-28 16:20:00,181 DEBUG    root            Chosen display Format:default json
2023-07-28 16:20:00,182 INFO     root            Display format: "default json"
2023-07-28 16:20:00,182 INFO     ___FILE_ONLY___ {
  "configuration": {
    "active_configuration": "percona-cloud-dev",
    "properties": {
      "core": {
        "account": "inel.pandzic@percona.com",
        "disable_usage_reporting": "False",
        "project": "cloud-dev-112233"
      }
    }
  },
  "credential": {
    "access_token": "ya29.a0AbVbY6Os9FZbZtH4Tc1NleU8ziMwRKmZRjtvy2Z2Y48YFYE0-nMrMqu9jnlC2EvJbIQ3I7x3g94VGUJDMnqQ7erbT-aRQUqCze2O5HR8BLPWd9SMCU0jOGw3kn-vWXAWvKlvHpGIajXzedno1AtfPYBAkNi6H32CJsF0r6gaCgYKAeMSARESFQFWKvPlbl0uC9EF9kt6myzaJp2hHA0174",
    "id_token": "eyJhbGciOiJSUzI1NiIsImtpZCI6ImEzYmRiZmRlZGUzYmFiYjI2NTFhZmNhMjY3OGRkZThjMGIzNWRmNzYiLCJ0eXAiOiJKV1QifQ.eyJpc3MiOiJodHRwczovL2FjY291bnRzLmdvb2dsZS5jb20iLCJhenAiOiIzMjU1NTk0MDU1OS5hcHBzLmdvb2dsZXVzZXJjb250ZW50LmNvbSIsImF1ZCI6IjMyNTU1OTQwNTU5LmFwcHMuZ29vZ2xldXNlcmNvbnRlbnQuY29tIiwic3ViIjoiMTA3NDA5ODEzMzQ0NTU5NDQzNDA3IiwiaGQiOiJwZXJjb25hLmNvbSIsImVtYWlsIjoiaW5lbC5wYW5kemljQHBlcmNvbmEuY29tIiwiZW1haWxfdmVyaWZpZWQiOnRydWUsImF0X2hhc2giOiJTQllNaHAtS3hUYkVHZDRUQi1TdllBIiwiaWF0IjoxNjkwNTU0MDAwLCJleHAiOjE2OTA1NTc2MDB9.grSEuAI-mg0IxZFNHnEd5bCRgVJm9HDgwFRlFrKkMi4CGP8n-r1PxWkJfUdkS7JC7lsKA0e5ZKNpOO8jbCX37qaZ8Vv1awcqqqwvovU583z1osQK9cVuTrzLCv5_GdJhf2rS4_3Kp11LvCEjgMNS8cNqcyMtLJqYjS3GwwxT06jPq7lap0XPUcmZZgkxBaTmt6l9G7p0y0CCkGEGOeTkdR8xnnmTLxx8kci32YwZmnA7_ho0N2YmjRssFT5oiiXOX1e7B1oESG_Xrf3lfgkG-C-31e4enFljKr6101MMGXUWsGp7FoFAPunSi2NPB4cYljM3GOuHt4d6WsVVRgLKKw",
    "token_expiry": "2023-07-28T15:19:59Z"
  },
  "sentinels": {
    "config_sentinel": "/Users/inelpandzic/.config/gcloud/config_sentinel"
  }
}
2023-07-28 16:20:00,182 INFO     ___FILE_ONLY___ 

2023-07-28 16:20:00,186 DEBUG    root            Metrics reporting process started...
