2023-07-28 17:51:50,633 DEBUG    root            Loaded Command Group: ['gcloud', 'config']
2023-07-28 17:51:50,634 DEBUG    root            Loaded Command Group: ['gcloud', 'config', 'config_helper']
2023-07-28 17:51:50,635 DEBUG    root            Running [gcloud.config.config-helper] with arguments: [--format: "json"]
2023-07-28 17:51:50,638 DEBUG    google.auth.transport.requests Making request: POST https://oauth2.googleapis.com/token
2023-07-28 17:51:50,683 DEBUG    urllib3.connectionpool Starting new HTTPS connection (1): oauth2.googleapis.com:443
2023-07-28 17:51:50,848 DEBUG    urllib3.connectionpool https://oauth2.googleapis.com:443 "POST /token HTTP/1.1" 200 None
2023-07-28 17:51:50,865 DEBUG    urllib3.connectionpool Starting new HTTPS connection (1): www.gstatic.com:443
2023-07-28 17:51:50,965 DEBUG    urllib3.connectionpool https://www.gstatic.com:443 "GET /cloudsdk/feature_flag_config_file.yaml HTTP/1.1" 200 101
2023-07-28 17:51:50,969 DEBUG    root            Chosen display Format:default json
2023-07-28 17:51:50,969 INFO     root            Display format: "default json"
2023-07-28 17:51:50,969 INFO     ___FILE_ONLY___ {
  "configuration": {
    "active_configuration": "percona-cloud-dev",
    "properties": {
      "core": {
        "account": "inel.pandzic@percona.com",
        "disable_usage_reporting": "False",
        "project": "cloud-dev-112233"
      }
    }
  },
  "credential": {
    "access_token": "ya29.a0AbVbY6ND2qE5J6xX9IVGKd8jbkuajCTUvEgI9nrxSgB57GlyDsKfMNORujFiSPjONhBvWXBs6xq9NuJldojfZnEqXIxik_BXIApJGVG6WaJbsr8qAcKC6fvPp-g0etbaJArOsNr3ztujjVJd06OL1r0p-m_jwnrzjvh1KHoaCgYKAdoSARESFQFWKvPl0zi94G0vSuaRpAsTzWJizg0174",
    "id_token": "eyJhbGciOiJSUzI1NiIsImtpZCI6ImEzYmRiZmRlZGUzYmFiYjI2NTFhZmNhMjY3OGRkZThjMGIzNWRmNzYiLCJ0eXAiOiJKV1QifQ.eyJpc3MiOiJodHRwczovL2FjY291bnRzLmdvb2dsZS5jb20iLCJhenAiOiIzMjU1NTk0MDU1OS5hcHBzLmdvb2dsZXVzZXJjb250ZW50LmNvbSIsImF1ZCI6IjMyNTU1OTQwNTU5LmFwcHMuZ29vZ2xldXNlcmNvbnRlbnQuY29tIiwic3ViIjoiMTA3NDA5ODEzMzQ0NTU5NDQzNDA3IiwiaGQiOiJwZXJjb25hLmNvbSIsImVtYWlsIjoiaW5lbC5wYW5kemljQHBlcmNvbmEuY29tIiwiZW1haWxfdmVyaWZpZWQiOnRydWUsImF0X2hhc2giOiJ5cHJueUlDRVY5S0hXNTNDdUZMUkh3IiwiaWF0IjoxNjkwNTU5NTEwLCJleHAiOjE2OTA1NjMxMTB9.IMVlCyE1AU2TYbzRjDBPyBn1IYfBmC_BroW4MlB0nGZpA4YSZpNYDlEBejGcqZGfDJc_vZ5OCtB-J552KVUNcztvkqna71C7aTqAOvZtwcaekO3KofQZn96bsQwvP9eeV2YhDkwPQhICDmYH5tOGKWNcDMjeZ5sM93enknL5MrPjfh7ow3fv6na5ntyrcCXsEKevsVZbJr3DXLjofPLorbdA8WDKZsnUXJeuXm388LsLEZimev-AkOodsIjikOwfrlUHOK61Jx-zpBWzVBHvDCW5RhgMocmOSAg6jEnLvsPOLhS7iE04Eyv0vZmQ7CKcse1EUtkGbZepZfPojoBTkw",
    "token_expiry": "2023-07-28T16:51:49Z"
  },
  "sentinels": {
    "config_sentinel": "/Users/inelpandzic/.config/gcloud/config_sentinel"
  }
}
2023-07-28 17:51:50,969 INFO     ___FILE_ONLY___ 

2023-07-28 17:51:50,973 DEBUG    root            Metrics reporting process started...
