2023-11-24 08:15:39,805 DEBUG    root            Loaded Command Group: ['gcloud', 'container', 'clusters']
2023-11-24 08:15:39,809 DEBUG    root            Loaded Command Group: ['gcloud', 'container', 'clusters', 'create']
2023-11-24 08:15:39,828 DEBUG    root            Running [gcloud.container.clusters.create] with arguments: [--cluster-version: "1.25", --disk-size: "32212254720", --labels: "OrderedDict([('delete-cluster-after-hours', '10')])", --machine-type: "n1-standard-4", --no-enable-autoupgrade: "False", --num-nodes: "3", --preemptible: "True", --zone: "europe-west3-b", NAME: "inel-20734"]
2023-11-24 08:15:39,834 INFO     ___FILE_ONLY___ Default change: VPC-native is the default mode during cluster creation for versions greater than 1.21.0-gke.1500. To create advanced routes based clusters, please pass the `--no-enable-ip-alias` flag

2023-11-24 08:15:39,834 INFO     ___FILE_ONLY___ Default change: During creation of nodepools or autoscaling configuration changes for cluster versions greater than 1.24.1-gke.800 a default location policy is applied. For Spot and PVM it defaults to ANY, and for all other VM kinds a BALANCED policy is used. To change the default values use the `--location-policy` flag.

2023-11-24 08:15:39,834 INFO     ___FILE_ONLY___ Note: Your Pod address range (`--cluster-ipv4-cidr`) can accommodate at most 1008 node(s).

2023-11-24 08:15:39,883 DEBUG    urllib3.connectionpool Starting new HTTPS connection (1): container.googleapis.com:443
2023-11-24 08:15:43,931 DEBUG    urllib3.connectionpool https://container.googleapis.com:443 "POST /v1/projects/cloud-dev-112233/locations/europe-west3-b/clusters?alt=json HTTP/1.1" 200 None
2023-11-24 08:15:43,932 INFO     ___FILE_ONLY___ Creating cluster inel-20734 in europe-west3-b...
2023-11-24 08:15:43,935 DEBUG    urllib3.connectionpool Starting new HTTPS connection (1): container.googleapis.com:443
2023-11-24 08:15:44,166 DEBUG    urllib3.connectionpool https://container.googleapis.com:443 "GET /v1/projects/cloud-dev-112233/locations/europe-west3-b/operations/operation-1700810143889-8304f1d9-54ca-4317-845e-11699eecf230?alt=json HTTP/1.1" 200 None
2023-11-24 08:15:49,183 DEBUG    urllib3.connectionpool Starting new HTTPS connection (1): container.googleapis.com:443
2023-11-24 08:15:49,419 DEBUG    urllib3.connectionpool https://container.googleapis.com:443 "GET /v1/projects/cloud-dev-112233/locations/europe-west3-b/operations/operation-1700810143889-8304f1d9-54ca-4317-845e-11699eecf230?alt=json HTTP/1.1" 200 None
2023-11-24 08:15:54,432 DEBUG    urllib3.connectionpool Starting new HTTPS connection (1): container.googleapis.com:443
2023-11-24 08:15:54,669 DEBUG    urllib3.connectionpool https://container.googleapis.com:443 "GET /v1/projects/cloud-dev-112233/locations/europe-west3-b/operations/operation-1700810143889-8304f1d9-54ca-4317-845e-11699eecf230?alt=json HTTP/1.1" 200 None
2023-11-24 08:15:59,700 DEBUG    urllib3.connectionpool Starting new HTTPS connection (1): container.googleapis.com:443
2023-11-24 08:15:59,937 DEBUG    urllib3.connectionpool https://container.googleapis.com:443 "GET /v1/projects/cloud-dev-112233/locations/europe-west3-b/operations/operation-1700810143889-8304f1d9-54ca-4317-845e-11699eecf230?alt=json HTTP/1.1" 200 None
2023-11-24 08:16:04,953 DEBUG    urllib3.connectionpool Starting new HTTPS connection (1): container.googleapis.com:443
2023-11-24 08:16:05,210 DEBUG    urllib3.connectionpool https://container.googleapis.com:443 "GET /v1/projects/cloud-dev-112233/locations/europe-west3-b/operations/operation-1700810143889-8304f1d9-54ca-4317-845e-11699eecf230?alt=json HTTP/1.1" 200 None
2023-11-24 08:16:10,222 DEBUG    urllib3.connectionpool Starting new HTTPS connection (1): container.googleapis.com:443
2023-11-24 08:16:10,464 DEBUG    urllib3.connectionpool https://container.googleapis.com:443 "GET /v1/projects/cloud-dev-112233/locations/europe-west3-b/operations/operation-1700810143889-8304f1d9-54ca-4317-845e-11699eecf230?alt=json HTTP/1.1" 200 None
2023-11-24 08:16:15,490 DEBUG    urllib3.connectionpool Starting new HTTPS connection (1): container.googleapis.com:443
2023-11-24 08:16:15,738 DEBUG    urllib3.connectionpool https://container.googleapis.com:443 "GET /v1/projects/cloud-dev-112233/locations/europe-west3-b/operations/operation-1700810143889-8304f1d9-54ca-4317-845e-11699eecf230?alt=json HTTP/1.1" 200 None
2023-11-24 08:16:20,757 DEBUG    urllib3.connectionpool Starting new HTTPS connection (1): container.googleapis.com:443
2023-11-24 08:16:21,010 DEBUG    urllib3.connectionpool https://container.googleapis.com:443 "GET /v1/projects/cloud-dev-112233/locations/europe-west3-b/operations/operation-1700810143889-8304f1d9-54ca-4317-845e-11699eecf230?alt=json HTTP/1.1" 200 None
2023-11-24 08:16:26,025 DEBUG    urllib3.connectionpool Starting new HTTPS connection (1): container.googleapis.com:443
2023-11-24 08:16:26,267 DEBUG    urllib3.connectionpool https://container.googleapis.com:443 "GET /v1/projects/cloud-dev-112233/locations/europe-west3-b/operations/operation-1700810143889-8304f1d9-54ca-4317-845e-11699eecf230?alt=json HTTP/1.1" 200 None
2023-11-24 08:16:31,286 DEBUG    urllib3.connectionpool Starting new HTTPS connection (1): container.googleapis.com:443
2023-11-24 08:16:31,536 DEBUG    urllib3.connectionpool https://container.googleapis.com:443 "GET /v1/projects/cloud-dev-112233/locations/europe-west3-b/operations/operation-1700810143889-8304f1d9-54ca-4317-845e-11699eecf230?alt=json HTTP/1.1" 200 None
2023-11-24 08:16:36,555 DEBUG    urllib3.connectionpool Starting new HTTPS connection (1): container.googleapis.com:443
2023-11-24 08:16:36,793 DEBUG    urllib3.connectionpool https://container.googleapis.com:443 "GET /v1/projects/cloud-dev-112233/locations/europe-west3-b/operations/operation-1700810143889-8304f1d9-54ca-4317-845e-11699eecf230?alt=json HTTP/1.1" 200 None
2023-11-24 08:16:41,810 DEBUG    urllib3.connectionpool Starting new HTTPS connection (1): container.googleapis.com:443
2023-11-24 08:16:42,025 DEBUG    urllib3.connectionpool https://container.googleapis.com:443 "GET /v1/projects/cloud-dev-112233/locations/europe-west3-b/operations/operation-1700810143889-8304f1d9-54ca-4317-845e-11699eecf230?alt=json HTTP/1.1" 200 None
2023-11-24 08:16:47,041 DEBUG    urllib3.connectionpool Starting new HTTPS connection (1): container.googleapis.com:443
2023-11-24 08:16:47,276 DEBUG    urllib3.connectionpool https://container.googleapis.com:443 "GET /v1/projects/cloud-dev-112233/locations/europe-west3-b/operations/operation-1700810143889-8304f1d9-54ca-4317-845e-11699eecf230?alt=json HTTP/1.1" 200 None
2023-11-24 08:16:52,291 DEBUG    urllib3.connectionpool Starting new HTTPS connection (1): container.googleapis.com:443
2023-11-24 08:16:52,537 DEBUG    urllib3.connectionpool https://container.googleapis.com:443 "GET /v1/projects/cloud-dev-112233/locations/europe-west3-b/operations/operation-1700810143889-8304f1d9-54ca-4317-845e-11699eecf230?alt=json HTTP/1.1" 200 None
2023-11-24 08:16:57,553 DEBUG    urllib3.connectionpool Starting new HTTPS connection (1): container.googleapis.com:443
2023-11-24 08:16:57,778 DEBUG    urllib3.connectionpool https://container.googleapis.com:443 "GET /v1/projects/cloud-dev-112233/locations/europe-west3-b/operations/operation-1700810143889-8304f1d9-54ca-4317-845e-11699eecf230?alt=json HTTP/1.1" 200 None
2023-11-24 08:17:02,793 DEBUG    urllib3.connectionpool Starting new HTTPS connection (1): container.googleapis.com:443
2023-11-24 08:17:03,048 DEBUG    urllib3.connectionpool https://container.googleapis.com:443 "GET /v1/projects/cloud-dev-112233/locations/europe-west3-b/operations/operation-1700810143889-8304f1d9-54ca-4317-845e-11699eecf230?alt=json HTTP/1.1" 200 None
2023-11-24 08:17:08,070 DEBUG    urllib3.connectionpool Starting new HTTPS connection (1): container.googleapis.com:443
2023-11-24 08:17:08,292 DEBUG    urllib3.connectionpool https://container.googleapis.com:443 "GET /v1/projects/cloud-dev-112233/locations/europe-west3-b/operations/operation-1700810143889-8304f1d9-54ca-4317-845e-11699eecf230?alt=json HTTP/1.1" 200 None
2023-11-24 08:17:13,307 DEBUG    urllib3.connectionpool Starting new HTTPS connection (1): container.googleapis.com:443
2023-11-24 08:17:13,535 DEBUG    urllib3.connectionpool https://container.googleapis.com:443 "GET /v1/projects/cloud-dev-112233/locations/europe-west3-b/operations/operation-1700810143889-8304f1d9-54ca-4317-845e-11699eecf230?alt=json HTTP/1.1" 200 None
2023-11-24 08:17:18,550 DEBUG    urllib3.connectionpool Starting new HTTPS connection (1): container.googleapis.com:443
2023-11-24 08:17:18,802 DEBUG    urllib3.connectionpool https://container.googleapis.com:443 "GET /v1/projects/cloud-dev-112233/locations/europe-west3-b/operations/operation-1700810143889-8304f1d9-54ca-4317-845e-11699eecf230?alt=json HTTP/1.1" 200 None
2023-11-24 08:17:23,824 DEBUG    urllib3.connectionpool Starting new HTTPS connection (1): container.googleapis.com:443
2023-11-24 08:17:24,057 DEBUG    urllib3.connectionpool https://container.googleapis.com:443 "GET /v1/projects/cloud-dev-112233/locations/europe-west3-b/operations/operation-1700810143889-8304f1d9-54ca-4317-845e-11699eecf230?alt=json HTTP/1.1" 200 None
2023-11-24 08:17:29,077 DEBUG    urllib3.connectionpool Starting new HTTPS connection (1): container.googleapis.com:443
2023-11-24 08:17:29,324 DEBUG    urllib3.connectionpool https://container.googleapis.com:443 "GET /v1/projects/cloud-dev-112233/locations/europe-west3-b/operations/operation-1700810143889-8304f1d9-54ca-4317-845e-11699eecf230?alt=json HTTP/1.1" 200 None
2023-11-24 08:17:34,342 DEBUG    urllib3.connectionpool Starting new HTTPS connection (1): container.googleapis.com:443
2023-11-24 08:17:34,561 DEBUG    urllib3.connectionpool https://container.googleapis.com:443 "GET /v1/projects/cloud-dev-112233/locations/europe-west3-b/operations/operation-1700810143889-8304f1d9-54ca-4317-845e-11699eecf230?alt=json HTTP/1.1" 200 None
2023-11-24 08:17:39,581 DEBUG    urllib3.connectionpool Starting new HTTPS connection (1): container.googleapis.com:443
2023-11-24 08:17:39,820 DEBUG    urllib3.connectionpool https://container.googleapis.com:443 "GET /v1/projects/cloud-dev-112233/locations/europe-west3-b/operations/operation-1700810143889-8304f1d9-54ca-4317-845e-11699eecf230?alt=json HTTP/1.1" 200 None
2023-11-24 08:17:44,835 DEBUG    urllib3.connectionpool Starting new HTTPS connection (1): container.googleapis.com:443
2023-11-24 08:17:45,065 DEBUG    urllib3.connectionpool https://container.googleapis.com:443 "GET /v1/projects/cloud-dev-112233/locations/europe-west3-b/operations/operation-1700810143889-8304f1d9-54ca-4317-845e-11699eecf230?alt=json HTTP/1.1" 200 None
2023-11-24 08:17:50,089 DEBUG    urllib3.connectionpool Starting new HTTPS connection (1): container.googleapis.com:443
2023-11-24 08:17:50,329 DEBUG    urllib3.connectionpool https://container.googleapis.com:443 "GET /v1/projects/cloud-dev-112233/locations/europe-west3-b/operations/operation-1700810143889-8304f1d9-54ca-4317-845e-11699eecf230?alt=json HTTP/1.1" 200 None
2023-11-24 08:17:55,343 DEBUG    urllib3.connectionpool Starting new HTTPS connection (1): container.googleapis.com:443
2023-11-24 08:17:55,546 DEBUG    urllib3.connectionpool https://container.googleapis.com:443 "GET /v1/projects/cloud-dev-112233/locations/europe-west3-b/operations/operation-1700810143889-8304f1d9-54ca-4317-845e-11699eecf230?alt=json HTTP/1.1" 200 None
2023-11-24 08:18:00,559 DEBUG    urllib3.connectionpool Starting new HTTPS connection (1): container.googleapis.com:443
2023-11-24 08:18:00,761 DEBUG    urllib3.connectionpool https://container.googleapis.com:443 "GET /v1/projects/cloud-dev-112233/locations/europe-west3-b/operations/operation-1700810143889-8304f1d9-54ca-4317-845e-11699eecf230?alt=json HTTP/1.1" 200 None
2023-11-24 08:18:05,771 DEBUG    urllib3.connectionpool Starting new HTTPS connection (1): container.googleapis.com:443
2023-11-24 08:18:06,013 DEBUG    urllib3.connectionpool https://container.googleapis.com:443 "GET /v1/projects/cloud-dev-112233/locations/europe-west3-b/operations/operation-1700810143889-8304f1d9-54ca-4317-845e-11699eecf230?alt=json HTTP/1.1" 200 None
2023-11-24 08:18:11,024 DEBUG    urllib3.connectionpool Starting new HTTPS connection (1): container.googleapis.com:443
2023-11-24 08:18:11,252 DEBUG    urllib3.connectionpool https://container.googleapis.com:443 "GET /v1/projects/cloud-dev-112233/locations/europe-west3-b/operations/operation-1700810143889-8304f1d9-54ca-4317-845e-11699eecf230?alt=json HTTP/1.1" 200 None
2023-11-24 08:18:16,265 DEBUG    urllib3.connectionpool Starting new HTTPS connection (1): container.googleapis.com:443
2023-11-24 08:18:16,515 DEBUG    urllib3.connectionpool https://container.googleapis.com:443 "GET /v1/projects/cloud-dev-112233/locations/europe-west3-b/operations/operation-1700810143889-8304f1d9-54ca-4317-845e-11699eecf230?alt=json HTTP/1.1" 200 None
2023-11-24 08:18:21,529 DEBUG    urllib3.connectionpool Starting new HTTPS connection (1): container.googleapis.com:443
2023-11-24 08:18:21,759 DEBUG    urllib3.connectionpool https://container.googleapis.com:443 "GET /v1/projects/cloud-dev-112233/locations/europe-west3-b/operations/operation-1700810143889-8304f1d9-54ca-4317-845e-11699eecf230?alt=json HTTP/1.1" 200 None
2023-11-24 08:18:26,773 DEBUG    urllib3.connectionpool Starting new HTTPS connection (1): container.googleapis.com:443
2023-11-24 08:18:26,972 DEBUG    urllib3.connectionpool https://container.googleapis.com:443 "GET /v1/projects/cloud-dev-112233/locations/europe-west3-b/operations/operation-1700810143889-8304f1d9-54ca-4317-845e-11699eecf230?alt=json HTTP/1.1" 200 None
2023-11-24 08:18:31,987 DEBUG    urllib3.connectionpool Starting new HTTPS connection (1): container.googleapis.com:443
2023-11-24 08:18:32,181 DEBUG    urllib3.connectionpool https://container.googleapis.com:443 "GET /v1/projects/cloud-dev-112233/locations/europe-west3-b/operations/operation-1700810143889-8304f1d9-54ca-4317-845e-11699eecf230?alt=json HTTP/1.1" 200 None
2023-11-24 08:18:37,190 DEBUG    urllib3.connectionpool Starting new HTTPS connection (1): container.googleapis.com:443
2023-11-24 08:18:37,400 DEBUG    urllib3.connectionpool https://container.googleapis.com:443 "GET /v1/projects/cloud-dev-112233/locations/europe-west3-b/operations/operation-1700810143889-8304f1d9-54ca-4317-845e-11699eecf230?alt=json HTTP/1.1" 200 None
2023-11-24 08:18:42,409 DEBUG    urllib3.connectionpool Starting new HTTPS connection (1): container.googleapis.com:443
2023-11-24 08:18:42,688 DEBUG    urllib3.connectionpool https://container.googleapis.com:443 "GET /v1/projects/cloud-dev-112233/locations/europe-west3-b/operations/operation-1700810143889-8304f1d9-54ca-4317-845e-11699eecf230?alt=json HTTP/1.1" 200 None
2023-11-24 08:18:47,702 DEBUG    urllib3.connectionpool Starting new HTTPS connection (1): container.googleapis.com:443
2023-11-24 08:18:47,890 DEBUG    urllib3.connectionpool https://container.googleapis.com:443 "GET /v1/projects/cloud-dev-112233/locations/europe-west3-b/operations/operation-1700810143889-8304f1d9-54ca-4317-845e-11699eecf230?alt=json HTTP/1.1" 200 None
2023-11-24 08:18:52,900 DEBUG    urllib3.connectionpool Starting new HTTPS connection (1): container.googleapis.com:443
2023-11-24 08:18:53,123 DEBUG    urllib3.connectionpool https://container.googleapis.com:443 "GET /v1/projects/cloud-dev-112233/locations/europe-west3-b/operations/operation-1700810143889-8304f1d9-54ca-4317-845e-11699eecf230?alt=json HTTP/1.1" 200 None
2023-11-24 08:18:58,133 DEBUG    urllib3.connectionpool Starting new HTTPS connection (1): container.googleapis.com:443
2023-11-24 08:18:58,362 DEBUG    urllib3.connectionpool https://container.googleapis.com:443 "GET /v1/projects/cloud-dev-112233/locations/europe-west3-b/operations/operation-1700810143889-8304f1d9-54ca-4317-845e-11699eecf230?alt=json HTTP/1.1" 200 None
2023-11-24 08:19:03,382 DEBUG    urllib3.connectionpool Starting new HTTPS connection (1): container.googleapis.com:443
2023-11-24 08:19:03,593 DEBUG    urllib3.connectionpool https://container.googleapis.com:443 "GET /v1/projects/cloud-dev-112233/locations/europe-west3-b/operations/operation-1700810143889-8304f1d9-54ca-4317-845e-11699eecf230?alt=json HTTP/1.1" 200 None
2023-11-24 08:19:08,601 DEBUG    urllib3.connectionpool Starting new HTTPS connection (1): container.googleapis.com:443
2023-11-24 08:19:08,824 DEBUG    urllib3.connectionpool https://container.googleapis.com:443 "GET /v1/projects/cloud-dev-112233/locations/europe-west3-b/operations/operation-1700810143889-8304f1d9-54ca-4317-845e-11699eecf230?alt=json HTTP/1.1" 200 None
2023-11-24 08:19:13,830 DEBUG    urllib3.connectionpool Starting new HTTPS connection (1): container.googleapis.com:443
2023-11-24 08:19:14,045 DEBUG    urllib3.connectionpool https://container.googleapis.com:443 "GET /v1/projects/cloud-dev-112233/locations/europe-west3-b/operations/operation-1700810143889-8304f1d9-54ca-4317-845e-11699eecf230?alt=json HTTP/1.1" 200 None
2023-11-24 08:19:19,060 DEBUG    urllib3.connectionpool Starting new HTTPS connection (1): container.googleapis.com:443
2023-11-24 08:19:19,280 DEBUG    urllib3.connectionpool https://container.googleapis.com:443 "GET /v1/projects/cloud-dev-112233/locations/europe-west3-b/operations/operation-1700810143889-8304f1d9-54ca-4317-845e-11699eecf230?alt=json HTTP/1.1" 200 None
2023-11-24 08:19:24,288 DEBUG    urllib3.connectionpool Starting new HTTPS connection (1): container.googleapis.com:443
2023-11-24 08:19:24,531 DEBUG    urllib3.connectionpool https://container.googleapis.com:443 "GET /v1/projects/cloud-dev-112233/locations/europe-west3-b/operations/operation-1700810143889-8304f1d9-54ca-4317-845e-11699eecf230?alt=json HTTP/1.1" 200 None
2023-11-24 08:19:29,544 DEBUG    urllib3.connectionpool Starting new HTTPS connection (1): container.googleapis.com:443
2023-11-24 08:19:29,781 DEBUG    urllib3.connectionpool https://container.googleapis.com:443 "GET /v1/projects/cloud-dev-112233/locations/europe-west3-b/operations/operation-1700810143889-8304f1d9-54ca-4317-845e-11699eecf230?alt=json HTTP/1.1" 200 None
2023-11-24 08:19:34,796 DEBUG    urllib3.connectionpool Starting new HTTPS connection (1): container.googleapis.com:443
2023-11-24 08:19:35,004 DEBUG    urllib3.connectionpool https://container.googleapis.com:443 "GET /v1/projects/cloud-dev-112233/locations/europe-west3-b/operations/operation-1700810143889-8304f1d9-54ca-4317-845e-11699eecf230?alt=json HTTP/1.1" 200 None
2023-11-24 08:19:40,014 DEBUG    urllib3.connectionpool Starting new HTTPS connection (1): container.googleapis.com:443
2023-11-24 08:19:40,254 DEBUG    urllib3.connectionpool https://container.googleapis.com:443 "GET /v1/projects/cloud-dev-112233/locations/europe-west3-b/operations/operation-1700810143889-8304f1d9-54ca-4317-845e-11699eecf230?alt=json HTTP/1.1" 200 None
2023-11-24 08:19:45,265 DEBUG    urllib3.connectionpool Starting new HTTPS connection (1): container.googleapis.com:443
2023-11-24 08:19:45,486 DEBUG    urllib3.connectionpool https://container.googleapis.com:443 "GET /v1/projects/cloud-dev-112233/locations/europe-west3-b/operations/operation-1700810143889-8304f1d9-54ca-4317-845e-11699eecf230?alt=json HTTP/1.1" 200 None
2023-11-24 08:19:50,499 DEBUG    urllib3.connectionpool Starting new HTTPS connection (1): container.googleapis.com:443
2023-11-24 08:19:50,717 DEBUG    urllib3.connectionpool https://container.googleapis.com:443 "GET /v1/projects/cloud-dev-112233/locations/europe-west3-b/operations/operation-1700810143889-8304f1d9-54ca-4317-845e-11699eecf230?alt=json HTTP/1.1" 200 None
2023-11-24 08:19:55,729 DEBUG    urllib3.connectionpool Starting new HTTPS connection (1): container.googleapis.com:443
2023-11-24 08:19:55,959 DEBUG    urllib3.connectionpool https://container.googleapis.com:443 "GET /v1/projects/cloud-dev-112233/locations/europe-west3-b/operations/operation-1700810143889-8304f1d9-54ca-4317-845e-11699eecf230?alt=json HTTP/1.1" 200 None
2023-11-24 08:20:00,980 DEBUG    urllib3.connectionpool Starting new HTTPS connection (1): container.googleapis.com:443
2023-11-24 08:20:01,211 DEBUG    urllib3.connectionpool https://container.googleapis.com:443 "GET /v1/projects/cloud-dev-112233/locations/europe-west3-b/operations/operation-1700810143889-8304f1d9-54ca-4317-845e-11699eecf230?alt=json HTTP/1.1" 200 None
2023-11-24 08:20:06,227 DEBUG    urllib3.connectionpool Starting new HTTPS connection (1): container.googleapis.com:443
2023-11-24 08:20:06,467 DEBUG    urllib3.connectionpool https://container.googleapis.com:443 "GET /v1/projects/cloud-dev-112233/locations/europe-west3-b/operations/operation-1700810143889-8304f1d9-54ca-4317-845e-11699eecf230?alt=json HTTP/1.1" 200 None
2023-11-24 08:20:11,489 DEBUG    urllib3.connectionpool Starting new HTTPS connection (1): container.googleapis.com:443
2023-11-24 08:20:11,705 DEBUG    urllib3.connectionpool https://container.googleapis.com:443 "GET /v1/projects/cloud-dev-112233/locations/europe-west3-b/operations/operation-1700810143889-8304f1d9-54ca-4317-845e-11699eecf230?alt=json HTTP/1.1" 200 None
2023-11-24 08:20:16,725 DEBUG    urllib3.connectionpool Starting new HTTPS connection (1): container.googleapis.com:443
2023-11-24 08:20:16,940 DEBUG    urllib3.connectionpool https://container.googleapis.com:443 "GET /v1/projects/cloud-dev-112233/locations/europe-west3-b/operations/operation-1700810143889-8304f1d9-54ca-4317-845e-11699eecf230?alt=json HTTP/1.1" 200 None
2023-11-24 08:20:21,957 DEBUG    urllib3.connectionpool Starting new HTTPS connection (1): container.googleapis.com:443
2023-11-24 08:20:22,215 DEBUG    urllib3.connectionpool https://container.googleapis.com:443 "GET /v1/projects/cloud-dev-112233/locations/europe-west3-b/operations/operation-1700810143889-8304f1d9-54ca-4317-845e-11699eecf230?alt=json HTTP/1.1" 200 None
2023-11-24 08:20:27,226 DEBUG    urllib3.connectionpool Starting new HTTPS connection (1): container.googleapis.com:443
2023-11-24 08:20:27,454 DEBUG    urllib3.connectionpool https://container.googleapis.com:443 "GET /v1/projects/cloud-dev-112233/locations/europe-west3-b/operations/operation-1700810143889-8304f1d9-54ca-4317-845e-11699eecf230?alt=json HTTP/1.1" 200 None
2023-11-24 08:20:32,473 DEBUG    urllib3.connectionpool Starting new HTTPS connection (1): container.googleapis.com:443
2023-11-24 08:20:32,720 DEBUG    urllib3.connectionpool https://container.googleapis.com:443 "GET /v1/projects/cloud-dev-112233/locations/europe-west3-b/operations/operation-1700810143889-8304f1d9-54ca-4317-845e-11699eecf230?alt=json HTTP/1.1" 200 None
2023-11-24 08:20:37,731 DEBUG    urllib3.connectionpool Starting new HTTPS connection (1): container.googleapis.com:443
2023-11-24 08:20:37,961 DEBUG    urllib3.connectionpool https://container.googleapis.com:443 "GET /v1/projects/cloud-dev-112233/locations/europe-west3-b/operations/operation-1700810143889-8304f1d9-54ca-4317-845e-11699eecf230?alt=json HTTP/1.1" 200 None
2023-11-24 08:20:42,970 DEBUG    urllib3.connectionpool Starting new HTTPS connection (1): container.googleapis.com:443
2023-11-24 08:20:43,173 DEBUG    urllib3.connectionpool https://container.googleapis.com:443 "GET /v1/projects/cloud-dev-112233/locations/europe-west3-b/operations/operation-1700810143889-8304f1d9-54ca-4317-845e-11699eecf230?alt=json HTTP/1.1" 200 None
2023-11-24 08:20:48,181 DEBUG    urllib3.connectionpool Starting new HTTPS connection (1): container.googleapis.com:443
2023-11-24 08:20:48,392 DEBUG    urllib3.connectionpool https://container.googleapis.com:443 "GET /v1/projects/cloud-dev-112233/locations/europe-west3-b/operations/operation-1700810143889-8304f1d9-54ca-4317-845e-11699eecf230?alt=json HTTP/1.1" 200 None
2023-11-24 08:20:53,408 DEBUG    urllib3.connectionpool Starting new HTTPS connection (1): container.googleapis.com:443
2023-11-24 08:20:53,670 DEBUG    urllib3.connectionpool https://container.googleapis.com:443 "GET /v1/projects/cloud-dev-112233/locations/europe-west3-b/operations/operation-1700810143889-8304f1d9-54ca-4317-845e-11699eecf230?alt=json HTTP/1.1" 200 None
2023-11-24 08:20:58,686 DEBUG    urllib3.connectionpool Starting new HTTPS connection (1): container.googleapis.com:443
2023-11-24 08:20:58,938 DEBUG    urllib3.connectionpool https://container.googleapis.com:443 "GET /v1/projects/cloud-dev-112233/locations/europe-west3-b/operations/operation-1700810143889-8304f1d9-54ca-4317-845e-11699eecf230?alt=json HTTP/1.1" 200 None
2023-11-24 08:21:03,956 DEBUG    urllib3.connectionpool Starting new HTTPS connection (1): container.googleapis.com:443
2023-11-24 08:21:04,230 DEBUG    urllib3.connectionpool https://container.googleapis.com:443 "GET /v1/projects/cloud-dev-112233/locations/europe-west3-b/operations/operation-1700810143889-8304f1d9-54ca-4317-845e-11699eecf230?alt=json HTTP/1.1" 200 None
2023-11-24 08:21:09,248 DEBUG    urllib3.connectionpool Starting new HTTPS connection (1): container.googleapis.com:443
2023-11-24 08:21:09,482 DEBUG    urllib3.connectionpool https://container.googleapis.com:443 "GET /v1/projects/cloud-dev-112233/locations/europe-west3-b/operations/operation-1700810143889-8304f1d9-54ca-4317-845e-11699eecf230?alt=json HTTP/1.1" 200 None
2023-11-24 08:21:14,500 DEBUG    urllib3.connectionpool Starting new HTTPS connection (1): container.googleapis.com:443
2023-11-24 08:21:14,724 DEBUG    urllib3.connectionpool https://container.googleapis.com:443 "GET /v1/projects/cloud-dev-112233/locations/europe-west3-b/operations/operation-1700810143889-8304f1d9-54ca-4317-845e-11699eecf230?alt=json HTTP/1.1" 200 None
2023-11-24 08:21:19,740 DEBUG    urllib3.connectionpool Starting new HTTPS connection (1): container.googleapis.com:443
2023-11-24 08:21:19,983 DEBUG    urllib3.connectionpool https://container.googleapis.com:443 "GET /v1/projects/cloud-dev-112233/locations/europe-west3-b/operations/operation-1700810143889-8304f1d9-54ca-4317-845e-11699eecf230?alt=json HTTP/1.1" 200 None
2023-11-24 08:21:25,003 DEBUG    urllib3.connectionpool Starting new HTTPS connection (1): container.googleapis.com:443
2023-11-24 08:21:25,229 DEBUG    urllib3.connectionpool https://container.googleapis.com:443 "GET /v1/projects/cloud-dev-112233/locations/europe-west3-b/operations/operation-1700810143889-8304f1d9-54ca-4317-845e-11699eecf230?alt=json HTTP/1.1" 200 None
2023-11-24 08:21:30,258 DEBUG    urllib3.connectionpool Starting new HTTPS connection (1): container.googleapis.com:443
2023-11-24 08:21:30,488 DEBUG    urllib3.connectionpool https://container.googleapis.com:443 "GET /v1/projects/cloud-dev-112233/locations/europe-west3-b/operations/operation-1700810143889-8304f1d9-54ca-4317-845e-11699eecf230?alt=json HTTP/1.1" 200 None
2023-11-24 08:21:35,506 DEBUG    urllib3.connectionpool Starting new HTTPS connection (1): container.googleapis.com:443
2023-11-24 08:21:35,722 DEBUG    urllib3.connectionpool https://container.googleapis.com:443 "GET /v1/projects/cloud-dev-112233/locations/europe-west3-b/operations/operation-1700810143889-8304f1d9-54ca-4317-845e-11699eecf230?alt=json HTTP/1.1" 200 None
2023-11-24 08:21:40,740 DEBUG    urllib3.connectionpool Starting new HTTPS connection (1): container.googleapis.com:443
2023-11-24 08:21:40,965 DEBUG    urllib3.connectionpool https://container.googleapis.com:443 "GET /v1/projects/cloud-dev-112233/locations/europe-west3-b/operations/operation-1700810143889-8304f1d9-54ca-4317-845e-11699eecf230?alt=json HTTP/1.1" 200 None
2023-11-24 08:21:40,972 INFO     root            Operation <Operation
 clusterConditions: []
 endTime: '2023-11-24T07:21:36.289947971Z'
 name: 'operation-1700810143889-8304f1d9-54ca-4317-845e-11699eecf230'
 nodepoolConditions: []
 operationType: OperationTypeValueValuesEnum(CREATE_CLUSTER, 1)
 progress: <OperationProgress
 metrics: [<Metric
 intValue: 10
 name: 'CLUSTER_CONFIGURING'>, <Metric
 intValue: 10
 name: 'CLUSTER_CONFIGURING_TOTAL'>, <Metric
 intValue: 12
 name: 'CLUSTER_DEPLOYING'>, <Metric
 intValue: 12
 name: 'CLUSTER_DEPLOYING_TOTAL'>, <Metric
 intValue: 1
 name: 'CLUSTER_HEALTHCHECKING'>, <Metric
 intValue: 2
 name: 'CLUSTER_HEALTHCHECKING_TOTAL'>]
 stages: []>
 selfLink: 'https://container.googleapis.com/v1/projects/166042509722/zones/europe-west3-b/operations/operation-1700810143889-8304f1d9-54ca-4317-845e-11699eecf230'
 startTime: '2023-11-24T07:15:43.889690903Z'
 status: StatusValueValuesEnum(DONE, 3)
 targetLink: 'https://container.googleapis.com/v1/projects/166042509722/zones/europe-west3-b/clusters/inel-20734'
 zone: 'europe-west3-b'> succeeded after 357.039 seconds
2023-11-24 08:21:41,081 DEBUG    urllib3.connectionpool Starting new HTTPS connection (1): container.googleapis.com:443
2023-11-24 08:21:41,365 DEBUG    urllib3.connectionpool https://container.googleapis.com:443 "GET /v1/projects/cloud-dev-112233/locations/europe-west3-b/clusters/inel-20734?alt=json HTTP/1.1" 200 None
2023-11-24 08:21:41,372 INFO     ___FILE_ONLY___ Created [https://container.googleapis.com/v1/projects/cloud-dev-112233/zones/europe-west3-b/clusters/inel-20734].

2023-11-24 08:21:41,372 INFO     ___FILE_ONLY___ To inspect the contents of your cluster, go to: https://console.cloud.google.com/kubernetes/workload_/gcloud/europe-west3-b/inel-20734?project=cloud-dev-112233

2023-11-24 08:21:42,425 DEBUG    root            Saved kubeconfig to /Users/inelpandzic/.kube/config
2023-11-24 08:21:42,425 INFO     ___FILE_ONLY___ kubeconfig entry generated for inel-20734.

2023-11-24 08:21:42,426 DEBUG    root            Chosen display Format:
    table(
        name,
        zone:label=LOCATION,
        master_version():label=MASTER_VERSION,
        endpoint:label=MASTER_IP,
        nodePools[0].config.machineType,
        currentNodeVersion:label=NODE_VERSION,
        firstof(currentNodeCount,initialNodeCount):label=NUM_NODES,
        status
    )

2023-11-24 08:21:42,426 INFO     root            Display format: "
    table(
        name,
        zone:label=LOCATION,
        master_version():label=MASTER_VERSION,
        endpoint:label=MASTER_IP,
        nodePools[0].config.machineType,
        currentNodeVersion:label=NODE_VERSION,
        firstof(currentNodeCount,initialNodeCount):label=NUM_NODES,
        status
    )
"
2023-11-24 08:21:42,429 INFO     ___FILE_ONLY___ NAME
2023-11-24 08:21:42,429 INFO     ___FILE_ONLY___         
2023-11-24 08:21:42,429 INFO     ___FILE_ONLY___ LOCATION
2023-11-24 08:21:42,429 INFO     ___FILE_ONLY___         
2023-11-24 08:21:42,429 INFO     ___FILE_ONLY___ MASTER_VERSION
2023-11-24 08:21:42,429 INFO     ___FILE_ONLY___        
2023-11-24 08:21:42,429 INFO     ___FILE_ONLY___ MASTER_IP
2023-11-24 08:21:42,429 INFO     ___FILE_ONLY___        
2023-11-24 08:21:42,429 INFO     ___FILE_ONLY___ MACHINE_TYPE
2023-11-24 08:21:42,429 INFO     ___FILE_ONLY___    
2023-11-24 08:21:42,429 INFO     ___FILE_ONLY___ NODE_VERSION
2023-11-24 08:21:42,429 INFO     ___FILE_ONLY___          
2023-11-24 08:21:42,429 INFO     ___FILE_ONLY___ NUM_NODES
2023-11-24 08:21:42,429 INFO     ___FILE_ONLY___   
2023-11-24 08:21:42,429 INFO     ___FILE_ONLY___ STATUS
2023-11-24 08:21:42,429 INFO     ___FILE_ONLY___ 

2023-11-24 08:21:42,429 INFO     ___FILE_ONLY___ inel-20734
2023-11-24 08:21:42,429 INFO     ___FILE_ONLY___   
2023-11-24 08:21:42,429 INFO     ___FILE_ONLY___ europe-west3-b
2023-11-24 08:21:42,430 INFO     ___FILE_ONLY___   
2023-11-24 08:21:42,430 INFO     ___FILE_ONLY___ 1.25.15-gke.1115000
2023-11-24 08:21:42,430 INFO     ___FILE_ONLY___   
2023-11-24 08:21:42,430 INFO     ___FILE_ONLY___ 35.198.149.169
2023-11-24 08:21:42,430 INFO     ___FILE_ONLY___   
2023-11-24 08:21:42,430 INFO     ___FILE_ONLY___ n1-standard-4
2023-11-24 08:21:42,430 INFO     ___FILE_ONLY___   
2023-11-24 08:21:42,430 INFO     ___FILE_ONLY___ 1.25.15-gke.1115000
2023-11-24 08:21:42,430 INFO     ___FILE_ONLY___   
2023-11-24 08:21:42,430 INFO     ___FILE_ONLY___ 3
2023-11-24 08:21:42,430 INFO     ___FILE_ONLY___           
2023-11-24 08:21:42,430 INFO     ___FILE_ONLY___ RUNNING
2023-11-24 08:21:42,430 INFO     ___FILE_ONLY___ 

2023-11-24 08:21:42,436 DEBUG    root            Metrics reporting process started...
