2023-11-24 08:21:43,186 DEBUG    root            Loaded Command Group: ['gcloud', 'config']
2023-11-24 08:21:43,188 DEBUG    root            Loaded Command Group: ['gcloud', 'config', 'config_helper']
2023-11-24 08:21:43,189 DEBUG    root            Running [gcloud.config.config-helper] with arguments: [--format: "json"]
2023-11-24 08:21:43,192 DEBUG    root            Chosen display Format:default json
2023-11-24 08:21:43,192 INFO     root            Display format: "default json"
2023-11-24 08:21:43,192 INFO     ___FILE_ONLY___ {
  "configuration": {
    "active_configuration": "percona-cloud-dev",
    "properties": {
      "core": {
        "account": "inel.pandzic@percona.com",
        "disable_usage_reporting": "False",
        "project": "cloud-dev-112233"
      }
    }
  },
  "credential": {
    "access_token": "ya29.a0AfB_byB2NxIswTpdN-GU758iNLvFzFqy3Bml1qPR5TkwRV3TQ-O7RmIGH8xf72KZrAt_YCqZf-SM64MXszq_d4uYcqOrmCpDB3AQpvJ0U9P1KOpvdJeySl-gd1kxryZUCJl3fcFRpYiD7klfRroNh2UHvXCX28qR8VFJs1leyIhhaCgYKAQkSARESFQHGX2Mijluzy01fcedSzyhwHmhejg0179",
    "id_token": "eyJhbGciOiJSUzI1NiIsImtpZCI6IjViMzcwNjk2MGUzZTYwMDI0YTI2NTVlNzhjZmE2M2Y4N2M5N2QzMDkiLCJ0eXAiOiJKV1QifQ.eyJpc3MiOiJodHRwczovL2FjY291bnRzLmdvb2dsZS5jb20iLCJhenAiOiIzMjU1NTk0MDU1OS5hcHBzLmdvb2dsZXVzZXJjb250ZW50LmNvbSIsImF1ZCI6IjMyNTU1OTQwNTU5LmFwcHMuZ29vZ2xldXNlcmNvbnRlbnQuY29tIiwic3ViIjoiMTA3NDA5ODEzMzQ0NTU5NDQzNDA3IiwiaGQiOiJwZXJjb25hLmNvbSIsImVtYWlsIjoiaW5lbC5wYW5kemljQHBlcmNvbmEuY29tIiwiZW1haWxfdmVyaWZpZWQiOnRydWUsImF0X2hhc2giOiJTNEp4TXJpaVRQV2ZMSW1EenhfNjF3IiwiaWF0IjoxNzAwODEwMTM2LCJleHAiOjE3MDA4MTM3MzZ9.L1GiZ4AK09Md6wW9zyb6Gi66h6v2x6Vu86Ptq8VzIAcTi8mWGStw2_dIc-N7jtwYyIKwkAaTYZK31-MUSw_e9cYDPKmrHymVzHQ1q8QCbDafVNCDrBgI7rxU59JTslPzb7rsexP7wI7UFX_28oZeKJHTNzO0d4nX9Jysbwlj-yeKCkyAlKAbJkn7xFMIMOTCzTRgjZREPv9nItCfcJqUoY3YUzcByyPyKBh7wI7jRpcuhT_SAj8BiBztrbUxIsNBZpuPfiCRv5Lj_FO9aaTkpeF4YTy-wypXZg58lZno_cY-ka2xILDl7zblGXpbEob9Ey0v1jnAW2OGDj0KqIkVRw",
    "token_expiry": "2023-11-24T08:15:35Z"
  },
  "sentinels": {
    "config_sentinel": "/Users/inelpandzic/.config/gcloud/config_sentinel"
  }
}
2023-11-24 08:21:43,192 INFO     ___FILE_ONLY___ 

2023-11-24 08:21:43,196 DEBUG    root            Metrics reporting process started...
