2023-11-24 11:09:47,809 DEBUG    root            Loaded Command Group: ['gcloud', 'config']
2023-11-24 11:09:47,811 DEBUG    root            Loaded Command Group: ['gcloud', 'config', 'config_helper']
2023-11-24 11:09:47,811 DEBUG    root            Running [gcloud.config.config-helper] with arguments: [--format: "json"]
2023-11-24 11:09:47,825 DEBUG    google.auth.transport.requests Making request: POST https://oauth2.googleapis.com/token
2023-11-24 11:09:47,844 DEBUG    urllib3.connectionpool Starting new HTTPS connection (1): oauth2.googleapis.com:443
2023-11-24 11:09:47,994 DEBUG    urllib3.connectionpool https://oauth2.googleapis.com:443 "POST /token HTTP/1.1" 200 None
2023-11-24 11:09:48,003 DEBUG    root            Chosen display Format:default json
2023-11-24 11:09:48,003 INFO     root            Display format: "default json"
2023-11-24 11:09:48,004 INFO     ___FILE_ONLY___ {
  "configuration": {
    "active_configuration": "percona-cloud-dev",
    "properties": {
      "core": {
        "account": "inel.pandzic@percona.com",
        "disable_usage_reporting": "False",
        "project": "cloud-dev-112233"
      }
    }
  },
  "credential": {
    "access_token": "ya29.a0AfB_byDd9scQaCKQ9BpWniJrgX1f6NxU4d7FoQSC6hjN4ZbNdP-5oLN1oY5ijWiyxdOF6TR1rWyHJdMg_3G1P4X0HjixeimwTn2l_H3ma8M9QgdYelR6Pyy3UMz_JEm-DbyUjkgEc9H_l4xO9ZL-3SMut2HY9996RJmMusbevNq8aCgYKAZcSARESFQHGX2MivZSiIEvM6LzCVf6EL6u8CA0179",
    "id_token": "eyJhbGciOiJSUzI1NiIsImtpZCI6IjViMzcwNjk2MGUzZTYwMDI0YTI2NTVlNzhjZmE2M2Y4N2M5N2QzMDkiLCJ0eXAiOiJKV1QifQ.eyJpc3MiOiJodHRwczovL2FjY291bnRzLmdvb2dsZS5jb20iLCJhenAiOiIzMjU1NTk0MDU1OS5hcHBzLmdvb2dsZXVzZXJjb250ZW50LmNvbSIsImF1ZCI6IjMyNTU1OTQwNTU5LmFwcHMuZ29vZ2xldXNlcmNvbnRlbnQuY29tIiwic3ViIjoiMTA3NDA5ODEzMzQ0NTU5NDQzNDA3IiwiaGQiOiJwZXJjb25hLmNvbSIsImVtYWlsIjoiaW5lbC5wYW5kemljQHBlcmNvbmEuY29tIiwiZW1haWxfdmVyaWZpZWQiOnRydWUsImF0X2hhc2giOiJyS2pBUk9jck85Z3MzUURXV0EwSlh3IiwiaWF0IjoxNzAwODIwNTg4LCJleHAiOjE3MDA4MjQxODh9.qs2Upro1l9UqOhiVIogGDfMROxhSspWOaPltaQnjqVSQlfFew_NBjh_Gy3U3SiZy2UBS5yIRg5nPhTJP4uI-GfnJaHw4Z9mxmR52zfazGBOLOzilBGALP2SMdE1ivxZacOGfTNIY7WSYautFL1ITpX8ot-TrR0Q8xqC3IPfy9aBVjCWwKSRoz9RGANIfCsTpzbmBYqKxbSA4PByHD7F3n2-b6fG4N19i5weQXJuCmypvsXA1ky9K_vVaTT4-MhhrVc96fGitlNB_HlQHXJxewRs5YhXspLkfGeXdo3D7UB6-iPjT-SO6EijwJjJ0_cWMbDCZx913czokUfd5fVILrw",
    "token_expiry": "2023-11-24T11:09:46Z"
  },
  "sentinels": {
    "config_sentinel": "/Users/inelpandzic/.config/gcloud/config_sentinel"
  }
}
2023-11-24 11:09:48,004 INFO     ___FILE_ONLY___ 

2023-11-24 11:09:48,015 DEBUG    root            Metrics reporting process started...
