2023-11-24 16:10:05,571 DEBUG    root            Loaded Command Group: ['gcloud', 'config']
2023-11-24 16:10:05,573 DEBUG    root            Loaded Command Group: ['gcloud', 'config', 'config_helper']
2023-11-24 16:10:05,574 DEBUG    root            Running [gcloud.config.config-helper] with arguments: [--format: "json"]
2023-11-24 16:10:05,599 DEBUG    google.auth.transport.requests Making request: POST https://oauth2.googleapis.com/token
2023-11-24 16:10:05,616 DEBUG    urllib3.connectionpool Starting new HTTPS connection (1): oauth2.googleapis.com:443
2023-11-24 16:10:05,770 DEBUG    urllib3.connectionpool https://oauth2.googleapis.com:443 "POST /token HTTP/1.1" 200 None
2023-11-24 16:10:05,775 DEBUG    root            Chosen display Format:default json
2023-11-24 16:10:05,775 INFO     root            Display format: "default json"
2023-11-24 16:10:05,775 INFO     ___FILE_ONLY___ {
  "configuration": {
    "active_configuration": "percona-cloud-dev",
    "properties": {
      "core": {
        "account": "inel.pandzic@percona.com",
        "disable_usage_reporting": "False",
        "project": "cloud-dev-112233"
      }
    }
  },
  "credential": {
    "access_token": "ya29.a0AfB_byA_7VCbryaQZ5u_j-ZsFt0K76xGSbaSiFhG-jttjZmuSB0JAOtbwXpmvp8UlbfNI_6YTYg5816oddJkU_nLMIieUMDEGzZuDdbQywVOlqDyyBRHS6NCU63jCXQ4cCxhWv0kGciYoaET2yATGLxNaglHjJW7aYRLO5LuCUMeaCgYKAa8SARESFQHGX2Miu1WTgvkL6bjyWs4iGG-14A0179",
    "id_token": "eyJhbGciOiJSUzI1NiIsImtpZCI6IjViMzcwNjk2MGUzZTYwMDI0YTI2NTVlNzhjZmE2M2Y4N2M5N2QzMDkiLCJ0eXAiOiJKV1QifQ.eyJpc3MiOiJodHRwczovL2FjY291bnRzLmdvb2dsZS5jb20iLCJhenAiOiIzMjU1NTk0MDU1OS5hcHBzLmdvb2dsZXVzZXJjb250ZW50LmNvbSIsImF1ZCI6IjMyNTU1OTQwNTU5LmFwcHMuZ29vZ2xldXNlcmNvbnRlbnQuY29tIiwic3ViIjoiMTA3NDA5ODEzMzQ0NTU5NDQzNDA3IiwiaGQiOiJwZXJjb25hLmNvbSIsImVtYWlsIjoiaW5lbC5wYW5kemljQHBlcmNvbmEuY29tIiwiZW1haWxfdmVyaWZpZWQiOnRydWUsImF0X2hhc2giOiJ0aE9nNHB0VUliaVFDcXJoZUFDMWNBIiwiaWF0IjoxNzAwODM4NjA1LCJleHAiOjE3MDA4NDIyMDV9.N-xuzqeMU7h8YBHpgX4ox-H5JOUIld9Fs3JvnK1rzbSmAWGk8c8Rpx-H-VuWigWX6U6Wg2wsh1sUUCUAF7rOWHe4_w8FmHcJvtA0nTwa-vd5TGSKA4jiVyLTiv9q7i3rf1u1PXCwosDb-b9NXqhU10J0gDyfFYPRx3zw5srtrvM5IUFZfoQpqdUnMoUKrAyXlvw4h-TWhk1RGq-BAKm2FGz2IOwPM9HvLYmRyz5_wKwue4nMIdYtVTWE4yltz5yJymcovKdCZaFcCrAIQJ1Cm50LVcJ4t-gZSsHMylFuBY2ZSDmf2e1Ue7dJOE-gE7Aw46pDUH0C8wwVhCwqSRhUGw",
    "token_expiry": "2023-11-24T16:10:04Z"
  },
  "sentinels": {
    "config_sentinel": "/Users/inelpandzic/.config/gcloud/config_sentinel"
  }
}
2023-11-24 16:10:05,775 INFO     ___FILE_ONLY___ 

2023-11-24 16:10:05,781 DEBUG    root            Metrics reporting process started...
