2023-11-24 17:10:08,864 DEBUG    root            Loaded Command Group: ['gcloud', 'config']
2023-11-24 17:10:08,865 DEBUG    root            Loaded Command Group: ['gcloud', 'config', 'config_helper']
2023-11-24 17:10:08,866 DEBUG    root            Running [gcloud.config.config-helper] with arguments: [--format: "json"]
2023-11-24 17:10:08,880 DEBUG    google.auth.transport.requests Making request: POST https://oauth2.googleapis.com/token
2023-11-24 17:10:08,900 DEBUG    urllib3.connectionpool Starting new HTTPS connection (1): oauth2.googleapis.com:443
2023-11-24 17:10:09,084 DEBUG    urllib3.connectionpool https://oauth2.googleapis.com:443 "POST /token HTTP/1.1" 200 None
2023-11-24 17:10:09,097 DEBUG    root            Chosen display Format:default json
2023-11-24 17:10:09,098 INFO     root            Display format: "default json"
2023-11-24 17:10:09,098 INFO     ___FILE_ONLY___ {
  "configuration": {
    "active_configuration": "percona-cloud-dev",
    "properties": {
      "core": {
        "account": "inel.pandzic@percona.com",
        "disable_usage_reporting": "False",
        "project": "cloud-dev-112233"
      }
    }
  },
  "credential": {
    "access_token": "ya29.a0AfB_byB4e08aJ9p876ke6zs2LPICqmzjOLV8hZNmLsSj2QEeN3UDJjLXHF1T6W5WsDVKhxJ0ml3Mtb9FIgapN3yo0twWgEp4RMHtnho-ms9a3dXjpYUWX8qXU-uhkOvAxHh881Z1KsGN6qhdZgCdtwB2zGiOtiLf6AdX1RrCVsPIaCgYKAb8SARESFQHGX2Mi5OX5SNb5X1HKbh8qyBikBg0179",
    "id_token": "eyJhbGciOiJSUzI1NiIsImtpZCI6IjViMzcwNjk2MGUzZTYwMDI0YTI2NTVlNzhjZmE2M2Y4N2M5N2QzMDkiLCJ0eXAiOiJKV1QifQ.eyJpc3MiOiJodHRwczovL2FjY291bnRzLmdvb2dsZS5jb20iLCJhenAiOiIzMjU1NTk0MDU1OS5hcHBzLmdvb2dsZXVzZXJjb250ZW50LmNvbSIsImF1ZCI6IjMyNTU1OTQwNTU5LmFwcHMuZ29vZ2xldXNlcmNvbnRlbnQuY29tIiwic3ViIjoiMTA3NDA5ODEzMzQ0NTU5NDQzNDA3IiwiaGQiOiJwZXJjb25hLmNvbSIsImVtYWlsIjoiaW5lbC5wYW5kemljQHBlcmNvbmEuY29tIiwiZW1haWxfdmVyaWZpZWQiOnRydWUsImF0X2hhc2giOiJieU11bkRQbWJMTTFrVkx2ZFh1Z3hnIiwiaWF0IjoxNzAwODQyMjA5LCJleHAiOjE3MDA4NDU4MDl9.WXZRn3xuFPUkUw3CKEAEg8TozACKwNGrIA5EePFh1Rl4nJzsGa10XlhvT0H8B0oSaotCEnjek_VAyCFAHJB7FznIGP2SAaM0oYBoC_KUsAdKhbaxICaMJkTfcSReBdGS93qLlc4tVM2zxNOCdHQVABer1SkqMWoYo_jpDG93fxTis0KjkgCHvQ5Mgbq3HNx-0MVGgKp945rhPMRUCOntoq-84wfmpa_j0YEyK8ekKzds4nYRMceeBJDaaKxiV0RmwQtlEyIhda4mZSvo8nI-72TW2WHVWj53MYojnienq5i7BLF8SslsPxNRTcgtFSI9Xeer4f-uHzAdkRacqvr7xQ",
    "token_expiry": "2023-11-24T17:10:08Z"
  },
  "sentinels": {
    "config_sentinel": "/Users/inelpandzic/.config/gcloud/config_sentinel"
  }
}
2023-11-24 17:10:09,099 INFO     ___FILE_ONLY___ 

2023-11-24 17:10:09,113 DEBUG    root            Metrics reporting process started...
