2023-11-24 18:12:07,960 DEBUG    root            Loaded Command Group: ['gcloud', 'config']
2023-11-24 18:12:07,962 DEBUG    root            Loaded Command Group: ['gcloud', 'config', 'config_helper']
2023-11-24 18:12:07,963 DEBUG    root            Running [gcloud.config.config-helper] with arguments: [--format: "json"]
2023-11-24 18:12:07,985 DEBUG    google.auth.transport.requests Making request: POST https://oauth2.googleapis.com/token
2023-11-24 18:12:08,006 DEBUG    urllib3.connectionpool Starting new HTTPS connection (1): oauth2.googleapis.com:443
2023-11-24 18:12:08,156 DEBUG    urllib3.connectionpool https://oauth2.googleapis.com:443 "POST /token HTTP/1.1" 200 None
2023-11-24 18:12:08,164 DEBUG    root            Chosen display Format:default json
2023-11-24 18:12:08,164 INFO     root            Display format: "default json"
2023-11-24 18:12:08,165 INFO     ___FILE_ONLY___ {
  "configuration": {
    "active_configuration": "percona-cloud-dev",
    "properties": {
      "core": {
        "account": "inel.pandzic@percona.com",
        "disable_usage_reporting": "False",
        "project": "cloud-dev-112233"
      }
    }
  },
  "credential": {
    "access_token": "ya29.a0AfB_byDfvdvtcq8sC8JItgbP7qygBj3GA7FCNnuT_UolcmNThxu8A9XzGRjHBZQkRDibZjTBn3z_FBPEyIq-gwSkx6GjC0bbnZJaezOpE1UAYxBXKjK1-e0eQyTySqB_2akwGbbSV2L8KGcIe94G8t6V4b7vgW_C4uz7VstxXyzWaCgYKATwSARESFQHGX2MiuHtoNsxtJ9JM4abifF9KEw0179",
    "id_token": "eyJhbGciOiJSUzI1NiIsImtpZCI6IjViMzcwNjk2MGUzZTYwMDI0YTI2NTVlNzhjZmE2M2Y4N2M5N2QzMDkiLCJ0eXAiOiJKV1QifQ.eyJpc3MiOiJodHRwczovL2FjY291bnRzLmdvb2dsZS5jb20iLCJhenAiOiIzMjU1NTk0MDU1OS5hcHBzLmdvb2dsZXVzZXJjb250ZW50LmNvbSIsImF1ZCI6IjMyNTU1OTQwNTU5LmFwcHMuZ29vZ2xldXNlcmNvbnRlbnQuY29tIiwic3ViIjoiMTA3NDA5ODEzMzQ0NTU5NDQzNDA3IiwiaGQiOiJwZXJjb25hLmNvbSIsImVtYWlsIjoiaW5lbC5wYW5kemljQHBlcmNvbmEuY29tIiwiZW1haWxfdmVyaWZpZWQiOnRydWUsImF0X2hhc2giOiJvRWE5cDBOdXNfenRmWG5GbGxpOHRBIiwiaWF0IjoxNzAwODQ1OTI4LCJleHAiOjE3MDA4NDk1Mjh9.2rZiGoqrxtwjYnfaT07wPX5KDDUgbPO3iHMOY7lWAKVkr6YNRWYjO-4BQw5qOi8jgND6oEHkZN1QaRSstAhjZHeQYrLX2dUJu1KO0sy7s-apiamNPLg6sATHU2j8jrIFxjNjanD8gFURaWVV4V6PmjGAcynoDTZHmyWsxAcYCKm95DxZB2T_7uzy8iWEdj_UHqcvE_6NGwHTrt68TQTtIf2x3sLhgNshU004dAsHmD0fLfkyoUq-KG3ZUUs97fP13WbZLK95MVUdunB8uZbTQxA5JOmb6qPy-rJ6HHIVQ5CmeKzxOGqWpEynQkAwUD8WuK3i2fHnjnpWoNPuzyM9Fw",
    "token_expiry": "2023-11-24T18:12:07Z"
  },
  "sentinels": {
    "config_sentinel": "/Users/inelpandzic/.config/gcloud/config_sentinel"
  }
}
2023-11-24 18:12:08,165 INFO     ___FILE_ONLY___ 

2023-11-24 18:12:08,176 DEBUG    root            Metrics reporting process started...
