2023-11-22 06:38:09,674 DEBUG    root            Loaded Command Group: ['gcloud', 'config']
2023-11-22 06:38:09,675 DEBUG    root            Loaded Command Group: ['gcloud', 'config', 'config_helper']
2023-11-22 06:38:09,676 DEBUG    root            Running [gcloud.config.config-helper] with arguments: [--format: "json"]
2023-11-22 06:38:09,698 DEBUG    google.auth.transport.requests Making request: POST https://oauth2.googleapis.com/token
2023-11-22 06:38:09,717 DEBUG    urllib3.connectionpool Starting new HTTPS connection (1): oauth2.googleapis.com:443
2023-11-22 06:38:09,876 DEBUG    urllib3.connectionpool https://oauth2.googleapis.com:443 "POST /token HTTP/1.1" 200 None
2023-11-22 06:38:09,882 DEBUG    root            Chosen display Format:default json
2023-11-22 06:38:09,883 INFO     root            Display format: "default json"
2023-11-22 06:38:09,883 INFO     ___FILE_ONLY___ {
  "configuration": {
    "active_configuration": "percona-cloud-dev",
    "properties": {
      "core": {
        "account": "inel.pandzic@percona.com",
        "disable_usage_reporting": "False",
        "project": "cloud-dev-112233"
      }
    }
  },
  "credential": {
    "access_token": "ya29.a0AfB_byAu57IBYdU1GgzdbG1YlbCN7HNWpMNN257HfKWZ1wJUgS3kbR-l-feVkhdro6lkQDJ7B7pg9Dvm2OlJMwrqKyyq2nZj6QTWLwvKpfrQYTuVFbqirVXYutBcQxyUvrT1I9WODkQ3JwTgaVMmLIfSmIEovDid1xX9eqZVbuciaCgYKAQISARESFQHGX2Mi-M8r3MvlvJ8OBwZjIRA87Q0179",
    "id_token": "eyJhbGciOiJSUzI1NiIsImtpZCI6IjViMzcwNjk2MGUzZTYwMDI0YTI2NTVlNzhjZmE2M2Y4N2M5N2QzMDkiLCJ0eXAiOiJKV1QifQ.eyJpc3MiOiJodHRwczovL2FjY291bnRzLmdvb2dsZS5jb20iLCJhenAiOiIzMjU1NTk0MDU1OS5hcHBzLmdvb2dsZXVzZXJjb250ZW50LmNvbSIsImF1ZCI6IjMyNTU1OTQwNTU5LmFwcHMuZ29vZ2xldXNlcmNvbnRlbnQuY29tIiwic3ViIjoiMTA3NDA5ODEzMzQ0NTU5NDQzNDA3IiwiaGQiOiJwZXJjb25hLmNvbSIsImVtYWlsIjoiaW5lbC5wYW5kemljQHBlcmNvbmEuY29tIiwiZW1haWxfdmVyaWZpZWQiOnRydWUsImF0X2hhc2giOiJVTFlVOVEyUWxibC12a1NLYUgzaTVBIiwiaWF0IjoxNzAwNjMxNDg5LCJleHAiOjE3MDA2MzUwODl9.k7tVdnGhDgiYIh0KJGfnDYL2mY10Fh3u4mmn78r1W1gVG6A9v26yn40wq0fZCNsxQh9AjFSyGzbJvk4P9Q0XPvI8pltUfi_kGVvmTpAI_U4OvKoF_lPJ3-KbeB8ZpNrxiu0iPV7_u_JGdGVQQJJ_AuHLhkHPKe_4iJfxMxPMxbG5bpTwALJHZILjYpwXq_vmH6Xag_ZaV75MQUeJCSvSYr-_mPnNalXvtnA46BaFfFp-rLP6bqIP3KbC-Ngfr7a7TAsF1lq41LDDv4etNDl5kPS6ZI5QFocCNN8JdQjQzRcd0IDOlpZAzZdIniR0oMAOqQrFcNSsW5jI5d8-ctE2YQ",
    "token_expiry": "2023-11-22T06:38:08Z"
  },
  "sentinels": {
    "config_sentinel": "/Users/inelpandzic/.config/gcloud/config_sentinel"
  }
}
2023-11-22 06:38:09,883 INFO     ___FILE_ONLY___ 

2023-11-22 06:38:09,894 DEBUG    root            Metrics reporting process started...
