2023-11-22 09:54:47,576 DEBUG    root            Loaded Command Group: ['gcloud', 'container', 'clusters']
2023-11-22 09:54:47,584 DEBUG    root            Loaded Command Group: ['gcloud', 'container', 'clusters', 'create']
2023-11-22 09:54:47,602 DEBUG    root            Running [gcloud.container.clusters.create] with arguments: [--cluster-version: "1.25", --disk-size: "32212254720", --labels: "OrderedDict([('delete-cluster-after-hours', '10')])", --machine-type: "n1-standard-4", --no-enable-autoupgrade: "False", --num-nodes: "3", --preemptible: "True", --zone: "europe-west3-b", NAME: "inel-14243"]
2023-11-22 09:54:47,607 INFO     ___FILE_ONLY___ Default change: VPC-native is the default mode during cluster creation for versions greater than 1.21.0-gke.1500. To create advanced routes based clusters, please pass the `--no-enable-ip-alias` flag

2023-11-22 09:54:47,607 INFO     ___FILE_ONLY___ Default change: During creation of nodepools or autoscaling configuration changes for cluster versions greater than 1.24.1-gke.800 a default location policy is applied. For Spot and PVM it defaults to ANY, and for all other VM kinds a BALANCED policy is used. To change the default values use the `--location-policy` flag.

2023-11-22 09:54:47,607 INFO     ___FILE_ONLY___ Note: Your Pod address range (`--cluster-ipv4-cidr`) can accommodate at most 1008 node(s).

2023-11-22 09:54:47,618 DEBUG    urllib3.connectionpool Starting new HTTPS connection (1): container.googleapis.com:443
2023-11-22 09:54:51,249 DEBUG    urllib3.connectionpool https://container.googleapis.com:443 "POST /v1/projects/cloud-dev-112233/locations/europe-west3-b/clusters?alt=json HTTP/1.1" 200 None
2023-11-22 09:54:51,253 INFO     ___FILE_ONLY___ Creating cluster inel-14243 in europe-west3-b...
2023-11-22 09:54:51,257 DEBUG    urllib3.connectionpool Starting new HTTPS connection (1): container.googleapis.com:443
2023-11-22 09:54:51,478 DEBUG    urllib3.connectionpool https://container.googleapis.com:443 "GET /v1/projects/cloud-dev-112233/locations/europe-west3-b/operations/operation-1700643291202-c0b3f952-fff9-4e18-9baa-a8fd0cedd333?alt=json HTTP/1.1" 200 None
2023-11-22 09:54:56,498 DEBUG    urllib3.connectionpool Starting new HTTPS connection (1): container.googleapis.com:443
2023-11-22 09:54:56,709 DEBUG    urllib3.connectionpool https://container.googleapis.com:443 "GET /v1/projects/cloud-dev-112233/locations/europe-west3-b/operations/operation-1700643291202-c0b3f952-fff9-4e18-9baa-a8fd0cedd333?alt=json HTTP/1.1" 200 None
2023-11-22 09:55:01,722 DEBUG    urllib3.connectionpool Starting new HTTPS connection (1): container.googleapis.com:443
2023-11-22 09:55:01,957 DEBUG    urllib3.connectionpool https://container.googleapis.com:443 "GET /v1/projects/cloud-dev-112233/locations/europe-west3-b/operations/operation-1700643291202-c0b3f952-fff9-4e18-9baa-a8fd0cedd333?alt=json HTTP/1.1" 200 None
2023-11-22 09:55:06,969 DEBUG    urllib3.connectionpool Starting new HTTPS connection (1): container.googleapis.com:443
2023-11-22 09:55:07,195 DEBUG    urllib3.connectionpool https://container.googleapis.com:443 "GET /v1/projects/cloud-dev-112233/locations/europe-west3-b/operations/operation-1700643291202-c0b3f952-fff9-4e18-9baa-a8fd0cedd333?alt=json HTTP/1.1" 200 None
2023-11-22 09:55:12,209 DEBUG    urllib3.connectionpool Starting new HTTPS connection (1): container.googleapis.com:443
2023-11-22 09:55:12,417 DEBUG    urllib3.connectionpool https://container.googleapis.com:443 "GET /v1/projects/cloud-dev-112233/locations/europe-west3-b/operations/operation-1700643291202-c0b3f952-fff9-4e18-9baa-a8fd0cedd333?alt=json HTTP/1.1" 200 None
2023-11-22 09:55:17,431 DEBUG    urllib3.connectionpool Starting new HTTPS connection (1): container.googleapis.com:443
2023-11-22 09:55:17,663 DEBUG    urllib3.connectionpool https://container.googleapis.com:443 "GET /v1/projects/cloud-dev-112233/locations/europe-west3-b/operations/operation-1700643291202-c0b3f952-fff9-4e18-9baa-a8fd0cedd333?alt=json HTTP/1.1" 200 None
2023-11-22 09:55:22,677 DEBUG    urllib3.connectionpool Starting new HTTPS connection (1): container.googleapis.com:443
2023-11-22 09:55:22,978 DEBUG    urllib3.connectionpool https://container.googleapis.com:443 "GET /v1/projects/cloud-dev-112233/locations/europe-west3-b/operations/operation-1700643291202-c0b3f952-fff9-4e18-9baa-a8fd0cedd333?alt=json HTTP/1.1" 200 None
2023-11-22 09:55:27,987 DEBUG    urllib3.connectionpool Starting new HTTPS connection (1): container.googleapis.com:443
2023-11-22 09:55:28,178 DEBUG    urllib3.connectionpool https://container.googleapis.com:443 "GET /v1/projects/cloud-dev-112233/locations/europe-west3-b/operations/operation-1700643291202-c0b3f952-fff9-4e18-9baa-a8fd0cedd333?alt=json HTTP/1.1" 200 None
2023-11-22 09:55:33,190 DEBUG    urllib3.connectionpool Starting new HTTPS connection (1): container.googleapis.com:443
2023-11-22 09:55:33,412 DEBUG    urllib3.connectionpool https://container.googleapis.com:443 "GET /v1/projects/cloud-dev-112233/locations/europe-west3-b/operations/operation-1700643291202-c0b3f952-fff9-4e18-9baa-a8fd0cedd333?alt=json HTTP/1.1" 200 None
2023-11-22 09:55:38,422 DEBUG    urllib3.connectionpool Starting new HTTPS connection (1): container.googleapis.com:443
2023-11-22 09:55:38,640 DEBUG    urllib3.connectionpool https://container.googleapis.com:443 "GET /v1/projects/cloud-dev-112233/locations/europe-west3-b/operations/operation-1700643291202-c0b3f952-fff9-4e18-9baa-a8fd0cedd333?alt=json HTTP/1.1" 200 None
2023-11-22 09:55:43,654 DEBUG    urllib3.connectionpool Starting new HTTPS connection (1): container.googleapis.com:443
2023-11-22 09:55:43,859 DEBUG    urllib3.connectionpool https://container.googleapis.com:443 "GET /v1/projects/cloud-dev-112233/locations/europe-west3-b/operations/operation-1700643291202-c0b3f952-fff9-4e18-9baa-a8fd0cedd333?alt=json HTTP/1.1" 200 None
2023-11-22 09:55:48,874 DEBUG    urllib3.connectionpool Starting new HTTPS connection (1): container.googleapis.com:443
2023-11-22 09:55:49,094 DEBUG    urllib3.connectionpool https://container.googleapis.com:443 "GET /v1/projects/cloud-dev-112233/locations/europe-west3-b/operations/operation-1700643291202-c0b3f952-fff9-4e18-9baa-a8fd0cedd333?alt=json HTTP/1.1" 200 None
2023-11-22 09:55:54,104 DEBUG    urllib3.connectionpool Starting new HTTPS connection (1): container.googleapis.com:443
2023-11-22 09:55:54,327 DEBUG    urllib3.connectionpool https://container.googleapis.com:443 "GET /v1/projects/cloud-dev-112233/locations/europe-west3-b/operations/operation-1700643291202-c0b3f952-fff9-4e18-9baa-a8fd0cedd333?alt=json HTTP/1.1" 200 None
2023-11-22 09:55:59,342 DEBUG    urllib3.connectionpool Starting new HTTPS connection (1): container.googleapis.com:443
2023-11-22 09:55:59,588 DEBUG    urllib3.connectionpool https://container.googleapis.com:443 "GET /v1/projects/cloud-dev-112233/locations/europe-west3-b/operations/operation-1700643291202-c0b3f952-fff9-4e18-9baa-a8fd0cedd333?alt=json HTTP/1.1" 200 None
2023-11-22 09:56:04,603 DEBUG    urllib3.connectionpool Starting new HTTPS connection (1): container.googleapis.com:443
2023-11-22 09:56:04,828 DEBUG    urllib3.connectionpool https://container.googleapis.com:443 "GET /v1/projects/cloud-dev-112233/locations/europe-west3-b/operations/operation-1700643291202-c0b3f952-fff9-4e18-9baa-a8fd0cedd333?alt=json HTTP/1.1" 200 None
2023-11-22 09:56:09,848 DEBUG    urllib3.connectionpool Starting new HTTPS connection (1): container.googleapis.com:443
2023-11-22 09:56:10,079 DEBUG    urllib3.connectionpool https://container.googleapis.com:443 "GET /v1/projects/cloud-dev-112233/locations/europe-west3-b/operations/operation-1700643291202-c0b3f952-fff9-4e18-9baa-a8fd0cedd333?alt=json HTTP/1.1" 200 None
2023-11-22 09:56:15,094 DEBUG    urllib3.connectionpool Starting new HTTPS connection (1): container.googleapis.com:443
2023-11-22 09:56:15,327 DEBUG    urllib3.connectionpool https://container.googleapis.com:443 "GET /v1/projects/cloud-dev-112233/locations/europe-west3-b/operations/operation-1700643291202-c0b3f952-fff9-4e18-9baa-a8fd0cedd333?alt=json HTTP/1.1" 200 None
2023-11-22 09:56:20,341 DEBUG    urllib3.connectionpool Starting new HTTPS connection (1): container.googleapis.com:443
2023-11-22 09:56:20,571 DEBUG    urllib3.connectionpool https://container.googleapis.com:443 "GET /v1/projects/cloud-dev-112233/locations/europe-west3-b/operations/operation-1700643291202-c0b3f952-fff9-4e18-9baa-a8fd0cedd333?alt=json HTTP/1.1" 200 None
2023-11-22 09:56:25,607 DEBUG    urllib3.connectionpool Starting new HTTPS connection (1): container.googleapis.com:443
2023-11-22 09:56:25,834 DEBUG    urllib3.connectionpool https://container.googleapis.com:443 "GET /v1/projects/cloud-dev-112233/locations/europe-west3-b/operations/operation-1700643291202-c0b3f952-fff9-4e18-9baa-a8fd0cedd333?alt=json HTTP/1.1" 200 None
2023-11-22 09:56:30,851 DEBUG    urllib3.connectionpool Starting new HTTPS connection (1): container.googleapis.com:443
2023-11-22 09:56:31,066 DEBUG    urllib3.connectionpool https://container.googleapis.com:443 "GET /v1/projects/cloud-dev-112233/locations/europe-west3-b/operations/operation-1700643291202-c0b3f952-fff9-4e18-9baa-a8fd0cedd333?alt=json HTTP/1.1" 200 None
2023-11-22 09:56:36,080 DEBUG    urllib3.connectionpool Starting new HTTPS connection (1): container.googleapis.com:443
2023-11-22 09:56:36,294 DEBUG    urllib3.connectionpool https://container.googleapis.com:443 "GET /v1/projects/cloud-dev-112233/locations/europe-west3-b/operations/operation-1700643291202-c0b3f952-fff9-4e18-9baa-a8fd0cedd333?alt=json HTTP/1.1" 200 None
2023-11-22 09:56:41,309 DEBUG    urllib3.connectionpool Starting new HTTPS connection (1): container.googleapis.com:443
2023-11-22 09:56:41,539 DEBUG    urllib3.connectionpool https://container.googleapis.com:443 "GET /v1/projects/cloud-dev-112233/locations/europe-west3-b/operations/operation-1700643291202-c0b3f952-fff9-4e18-9baa-a8fd0cedd333?alt=json HTTP/1.1" 200 None
2023-11-22 09:56:46,555 DEBUG    urllib3.connectionpool Starting new HTTPS connection (1): container.googleapis.com:443
2023-11-22 09:56:46,790 DEBUG    urllib3.connectionpool https://container.googleapis.com:443 "GET /v1/projects/cloud-dev-112233/locations/europe-west3-b/operations/operation-1700643291202-c0b3f952-fff9-4e18-9baa-a8fd0cedd333?alt=json HTTP/1.1" 200 None
2023-11-22 09:56:51,805 DEBUG    urllib3.connectionpool Starting new HTTPS connection (1): container.googleapis.com:443
2023-11-22 09:56:52,011 DEBUG    urllib3.connectionpool https://container.googleapis.com:443 "GET /v1/projects/cloud-dev-112233/locations/europe-west3-b/operations/operation-1700643291202-c0b3f952-fff9-4e18-9baa-a8fd0cedd333?alt=json HTTP/1.1" 200 None
2023-11-22 09:56:57,023 DEBUG    urllib3.connectionpool Starting new HTTPS connection (1): container.googleapis.com:443
2023-11-22 09:56:57,255 DEBUG    urllib3.connectionpool https://container.googleapis.com:443 "GET /v1/projects/cloud-dev-112233/locations/europe-west3-b/operations/operation-1700643291202-c0b3f952-fff9-4e18-9baa-a8fd0cedd333?alt=json HTTP/1.1" 200 None
2023-11-22 09:57:02,270 DEBUG    urllib3.connectionpool Starting new HTTPS connection (1): container.googleapis.com:443
2023-11-22 09:57:02,494 DEBUG    urllib3.connectionpool https://container.googleapis.com:443 "GET /v1/projects/cloud-dev-112233/locations/europe-west3-b/operations/operation-1700643291202-c0b3f952-fff9-4e18-9baa-a8fd0cedd333?alt=json HTTP/1.1" 200 None
2023-11-22 09:57:07,514 DEBUG    urllib3.connectionpool Starting new HTTPS connection (1): container.googleapis.com:443
2023-11-22 09:57:07,757 DEBUG    urllib3.connectionpool https://container.googleapis.com:443 "GET /v1/projects/cloud-dev-112233/locations/europe-west3-b/operations/operation-1700643291202-c0b3f952-fff9-4e18-9baa-a8fd0cedd333?alt=json HTTP/1.1" 200 None
2023-11-22 09:57:12,776 DEBUG    urllib3.connectionpool Starting new HTTPS connection (1): container.googleapis.com:443
2023-11-22 09:57:13,003 DEBUG    urllib3.connectionpool https://container.googleapis.com:443 "GET /v1/projects/cloud-dev-112233/locations/europe-west3-b/operations/operation-1700643291202-c0b3f952-fff9-4e18-9baa-a8fd0cedd333?alt=json HTTP/1.1" 200 None
2023-11-22 09:57:18,016 DEBUG    urllib3.connectionpool Starting new HTTPS connection (1): container.googleapis.com:443
2023-11-22 09:57:18,220 DEBUG    urllib3.connectionpool https://container.googleapis.com:443 "GET /v1/projects/cloud-dev-112233/locations/europe-west3-b/operations/operation-1700643291202-c0b3f952-fff9-4e18-9baa-a8fd0cedd333?alt=json HTTP/1.1" 200 None
2023-11-22 09:57:23,241 DEBUG    urllib3.connectionpool Starting new HTTPS connection (1): container.googleapis.com:443
2023-11-22 09:57:23,450 DEBUG    urllib3.connectionpool https://container.googleapis.com:443 "GET /v1/projects/cloud-dev-112233/locations/europe-west3-b/operations/operation-1700643291202-c0b3f952-fff9-4e18-9baa-a8fd0cedd333?alt=json HTTP/1.1" 200 None
2023-11-22 09:57:28,471 DEBUG    urllib3.connectionpool Starting new HTTPS connection (1): container.googleapis.com:443
2023-11-22 09:57:28,692 DEBUG    urllib3.connectionpool https://container.googleapis.com:443 "GET /v1/projects/cloud-dev-112233/locations/europe-west3-b/operations/operation-1700643291202-c0b3f952-fff9-4e18-9baa-a8fd0cedd333?alt=json HTTP/1.1" 200 None
2023-11-22 09:57:33,703 DEBUG    urllib3.connectionpool Starting new HTTPS connection (1): container.googleapis.com:443
2023-11-22 09:57:33,927 DEBUG    urllib3.connectionpool https://container.googleapis.com:443 "GET /v1/projects/cloud-dev-112233/locations/europe-west3-b/operations/operation-1700643291202-c0b3f952-fff9-4e18-9baa-a8fd0cedd333?alt=json HTTP/1.1" 200 None
2023-11-22 09:57:38,953 DEBUG    urllib3.connectionpool Starting new HTTPS connection (1): container.googleapis.com:443
2023-11-22 09:57:39,179 DEBUG    urllib3.connectionpool https://container.googleapis.com:443 "GET /v1/projects/cloud-dev-112233/locations/europe-west3-b/operations/operation-1700643291202-c0b3f952-fff9-4e18-9baa-a8fd0cedd333?alt=json HTTP/1.1" 200 None
2023-11-22 09:57:44,197 DEBUG    urllib3.connectionpool Starting new HTTPS connection (1): container.googleapis.com:443
2023-11-22 09:57:44,398 DEBUG    urllib3.connectionpool https://container.googleapis.com:443 "GET /v1/projects/cloud-dev-112233/locations/europe-west3-b/operations/operation-1700643291202-c0b3f952-fff9-4e18-9baa-a8fd0cedd333?alt=json HTTP/1.1" 200 None
2023-11-22 09:57:49,410 DEBUG    urllib3.connectionpool Starting new HTTPS connection (1): container.googleapis.com:443
2023-11-22 09:57:49,632 DEBUG    urllib3.connectionpool https://container.googleapis.com:443 "GET /v1/projects/cloud-dev-112233/locations/europe-west3-b/operations/operation-1700643291202-c0b3f952-fff9-4e18-9baa-a8fd0cedd333?alt=json HTTP/1.1" 200 None
2023-11-22 09:57:54,645 DEBUG    urllib3.connectionpool Starting new HTTPS connection (1): container.googleapis.com:443
2023-11-22 09:57:54,855 DEBUG    urllib3.connectionpool https://container.googleapis.com:443 "GET /v1/projects/cloud-dev-112233/locations/europe-west3-b/operations/operation-1700643291202-c0b3f952-fff9-4e18-9baa-a8fd0cedd333?alt=json HTTP/1.1" 200 None
2023-11-22 09:57:59,868 DEBUG    urllib3.connectionpool Starting new HTTPS connection (1): container.googleapis.com:443
2023-11-22 09:58:00,083 DEBUG    urllib3.connectionpool https://container.googleapis.com:443 "GET /v1/projects/cloud-dev-112233/locations/europe-west3-b/operations/operation-1700643291202-c0b3f952-fff9-4e18-9baa-a8fd0cedd333?alt=json HTTP/1.1" 200 None
2023-11-22 09:58:05,102 DEBUG    urllib3.connectionpool Starting new HTTPS connection (1): container.googleapis.com:443
2023-11-22 09:58:05,323 DEBUG    urllib3.connectionpool https://container.googleapis.com:443 "GET /v1/projects/cloud-dev-112233/locations/europe-west3-b/operations/operation-1700643291202-c0b3f952-fff9-4e18-9baa-a8fd0cedd333?alt=json HTTP/1.1" 200 None
2023-11-22 09:58:10,337 DEBUG    urllib3.connectionpool Starting new HTTPS connection (1): container.googleapis.com:443
2023-11-22 09:58:10,569 DEBUG    urllib3.connectionpool https://container.googleapis.com:443 "GET /v1/projects/cloud-dev-112233/locations/europe-west3-b/operations/operation-1700643291202-c0b3f952-fff9-4e18-9baa-a8fd0cedd333?alt=json HTTP/1.1" 200 None
2023-11-22 09:58:15,583 DEBUG    urllib3.connectionpool Starting new HTTPS connection (1): container.googleapis.com:443
2023-11-22 09:58:15,819 DEBUG    urllib3.connectionpool https://container.googleapis.com:443 "GET /v1/projects/cloud-dev-112233/locations/europe-west3-b/operations/operation-1700643291202-c0b3f952-fff9-4e18-9baa-a8fd0cedd333?alt=json HTTP/1.1" 200 None
2023-11-22 09:58:20,832 DEBUG    urllib3.connectionpool Starting new HTTPS connection (1): container.googleapis.com:443
2023-11-22 09:58:21,057 DEBUG    urllib3.connectionpool https://container.googleapis.com:443 "GET /v1/projects/cloud-dev-112233/locations/europe-west3-b/operations/operation-1700643291202-c0b3f952-fff9-4e18-9baa-a8fd0cedd333?alt=json HTTP/1.1" 200 None
2023-11-22 09:58:26,064 DEBUG    urllib3.connectionpool Starting new HTTPS connection (1): container.googleapis.com:443
2023-11-22 09:58:26,286 DEBUG    urllib3.connectionpool https://container.googleapis.com:443 "GET /v1/projects/cloud-dev-112233/locations/europe-west3-b/operations/operation-1700643291202-c0b3f952-fff9-4e18-9baa-a8fd0cedd333?alt=json HTTP/1.1" 200 None
2023-11-22 09:58:31,315 DEBUG    urllib3.connectionpool Starting new HTTPS connection (1): container.googleapis.com:443
2023-11-22 09:58:31,539 DEBUG    urllib3.connectionpool https://container.googleapis.com:443 "GET /v1/projects/cloud-dev-112233/locations/europe-west3-b/operations/operation-1700643291202-c0b3f952-fff9-4e18-9baa-a8fd0cedd333?alt=json HTTP/1.1" 200 None
2023-11-22 09:58:36,558 DEBUG    urllib3.connectionpool Starting new HTTPS connection (1): container.googleapis.com:443
2023-11-22 09:58:36,757 DEBUG    urllib3.connectionpool https://container.googleapis.com:443 "GET /v1/projects/cloud-dev-112233/locations/europe-west3-b/operations/operation-1700643291202-c0b3f952-fff9-4e18-9baa-a8fd0cedd333?alt=json HTTP/1.1" 200 None
2023-11-22 09:58:41,778 DEBUG    urllib3.connectionpool Starting new HTTPS connection (1): container.googleapis.com:443
2023-11-22 09:58:42,004 DEBUG    urllib3.connectionpool https://container.googleapis.com:443 "GET /v1/projects/cloud-dev-112233/locations/europe-west3-b/operations/operation-1700643291202-c0b3f952-fff9-4e18-9baa-a8fd0cedd333?alt=json HTTP/1.1" 200 None
2023-11-22 09:58:47,020 DEBUG    urllib3.connectionpool Starting new HTTPS connection (1): container.googleapis.com:443
2023-11-22 09:58:47,246 DEBUG    urllib3.connectionpool https://container.googleapis.com:443 "GET /v1/projects/cloud-dev-112233/locations/europe-west3-b/operations/operation-1700643291202-c0b3f952-fff9-4e18-9baa-a8fd0cedd333?alt=json HTTP/1.1" 200 None
2023-11-22 09:58:52,266 DEBUG    urllib3.connectionpool Starting new HTTPS connection (1): container.googleapis.com:443
2023-11-22 09:58:52,523 DEBUG    urllib3.connectionpool https://container.googleapis.com:443 "GET /v1/projects/cloud-dev-112233/locations/europe-west3-b/operations/operation-1700643291202-c0b3f952-fff9-4e18-9baa-a8fd0cedd333?alt=json HTTP/1.1" 200 None
2023-11-22 09:58:57,542 DEBUG    urllib3.connectionpool Starting new HTTPS connection (1): container.googleapis.com:443
2023-11-22 09:58:57,737 DEBUG    urllib3.connectionpool https://container.googleapis.com:443 "GET /v1/projects/cloud-dev-112233/locations/europe-west3-b/operations/operation-1700643291202-c0b3f952-fff9-4e18-9baa-a8fd0cedd333?alt=json HTTP/1.1" 200 None
2023-11-22 09:59:02,762 DEBUG    urllib3.connectionpool Starting new HTTPS connection (1): container.googleapis.com:443
2023-11-22 09:59:02,968 DEBUG    urllib3.connectionpool https://container.googleapis.com:443 "GET /v1/projects/cloud-dev-112233/locations/europe-west3-b/operations/operation-1700643291202-c0b3f952-fff9-4e18-9baa-a8fd0cedd333?alt=json HTTP/1.1" 200 None
2023-11-22 09:59:07,985 DEBUG    urllib3.connectionpool Starting new HTTPS connection (1): container.googleapis.com:443
2023-11-22 09:59:08,205 DEBUG    urllib3.connectionpool https://container.googleapis.com:443 "GET /v1/projects/cloud-dev-112233/locations/europe-west3-b/operations/operation-1700643291202-c0b3f952-fff9-4e18-9baa-a8fd0cedd333?alt=json HTTP/1.1" 200 None
2023-11-22 09:59:13,223 DEBUG    urllib3.connectionpool Starting new HTTPS connection (1): container.googleapis.com:443
2023-11-22 09:59:13,453 DEBUG    urllib3.connectionpool https://container.googleapis.com:443 "GET /v1/projects/cloud-dev-112233/locations/europe-west3-b/operations/operation-1700643291202-c0b3f952-fff9-4e18-9baa-a8fd0cedd333?alt=json HTTP/1.1" 200 None
2023-11-22 09:59:18,472 DEBUG    urllib3.connectionpool Starting new HTTPS connection (1): container.googleapis.com:443
2023-11-22 09:59:18,690 DEBUG    urllib3.connectionpool https://container.googleapis.com:443 "GET /v1/projects/cloud-dev-112233/locations/europe-west3-b/operations/operation-1700643291202-c0b3f952-fff9-4e18-9baa-a8fd0cedd333?alt=json HTTP/1.1" 200 None
2023-11-22 09:59:23,697 DEBUG    urllib3.connectionpool Starting new HTTPS connection (1): container.googleapis.com:443
2023-11-22 09:59:23,890 DEBUG    urllib3.connectionpool https://container.googleapis.com:443 "GET /v1/projects/cloud-dev-112233/locations/europe-west3-b/operations/operation-1700643291202-c0b3f952-fff9-4e18-9baa-a8fd0cedd333?alt=json HTTP/1.1" 200 None
2023-11-22 09:59:28,902 DEBUG    urllib3.connectionpool Starting new HTTPS connection (1): container.googleapis.com:443
2023-11-22 09:59:29,098 DEBUG    urllib3.connectionpool https://container.googleapis.com:443 "GET /v1/projects/cloud-dev-112233/locations/europe-west3-b/operations/operation-1700643291202-c0b3f952-fff9-4e18-9baa-a8fd0cedd333?alt=json HTTP/1.1" 200 None
2023-11-22 09:59:34,112 DEBUG    urllib3.connectionpool Starting new HTTPS connection (1): container.googleapis.com:443
2023-11-22 09:59:34,348 DEBUG    urllib3.connectionpool https://container.googleapis.com:443 "GET /v1/projects/cloud-dev-112233/locations/europe-west3-b/operations/operation-1700643291202-c0b3f952-fff9-4e18-9baa-a8fd0cedd333?alt=json HTTP/1.1" 200 None
2023-11-22 09:59:39,368 DEBUG    urllib3.connectionpool Starting new HTTPS connection (1): container.googleapis.com:443
2023-11-22 09:59:39,591 DEBUG    urllib3.connectionpool https://container.googleapis.com:443 "GET /v1/projects/cloud-dev-112233/locations/europe-west3-b/operations/operation-1700643291202-c0b3f952-fff9-4e18-9baa-a8fd0cedd333?alt=json HTTP/1.1" 200 None
2023-11-22 09:59:44,602 DEBUG    urllib3.connectionpool Starting new HTTPS connection (1): container.googleapis.com:443
2023-11-22 09:59:44,798 DEBUG    urllib3.connectionpool https://container.googleapis.com:443 "GET /v1/projects/cloud-dev-112233/locations/europe-west3-b/operations/operation-1700643291202-c0b3f952-fff9-4e18-9baa-a8fd0cedd333?alt=json HTTP/1.1" 200 None
2023-11-22 09:59:49,811 DEBUG    urllib3.connectionpool Starting new HTTPS connection (1): container.googleapis.com:443
2023-11-22 09:59:50,043 DEBUG    urllib3.connectionpool https://container.googleapis.com:443 "GET /v1/projects/cloud-dev-112233/locations/europe-west3-b/operations/operation-1700643291202-c0b3f952-fff9-4e18-9baa-a8fd0cedd333?alt=json HTTP/1.1" 200 None
2023-11-22 09:59:55,064 DEBUG    urllib3.connectionpool Starting new HTTPS connection (1): container.googleapis.com:443
2023-11-22 09:59:55,300 DEBUG    urllib3.connectionpool https://container.googleapis.com:443 "GET /v1/projects/cloud-dev-112233/locations/europe-west3-b/operations/operation-1700643291202-c0b3f952-fff9-4e18-9baa-a8fd0cedd333?alt=json HTTP/1.1" 200 None
2023-11-22 10:00:00,315 DEBUG    urllib3.connectionpool Starting new HTTPS connection (1): container.googleapis.com:443
2023-11-22 10:00:00,469 DEBUG    urllib3.connectionpool https://container.googleapis.com:443 "GET /v1/projects/cloud-dev-112233/locations/europe-west3-b/operations/operation-1700643291202-c0b3f952-fff9-4e18-9baa-a8fd0cedd333?alt=json HTTP/1.1" 200 None
2023-11-22 10:00:05,492 DEBUG    urllib3.connectionpool Starting new HTTPS connection (1): container.googleapis.com:443
2023-11-22 10:00:05,707 DEBUG    urllib3.connectionpool https://container.googleapis.com:443 "GET /v1/projects/cloud-dev-112233/locations/europe-west3-b/operations/operation-1700643291202-c0b3f952-fff9-4e18-9baa-a8fd0cedd333?alt=json HTTP/1.1" 200 None
2023-11-22 10:00:10,725 DEBUG    urllib3.connectionpool Starting new HTTPS connection (1): container.googleapis.com:443
2023-11-22 10:00:10,954 DEBUG    urllib3.connectionpool https://container.googleapis.com:443 "GET /v1/projects/cloud-dev-112233/locations/europe-west3-b/operations/operation-1700643291202-c0b3f952-fff9-4e18-9baa-a8fd0cedd333?alt=json HTTP/1.1" 200 None
2023-11-22 10:00:15,971 DEBUG    urllib3.connectionpool Starting new HTTPS connection (1): container.googleapis.com:443
2023-11-22 10:00:16,171 DEBUG    urllib3.connectionpool https://container.googleapis.com:443 "GET /v1/projects/cloud-dev-112233/locations/europe-west3-b/operations/operation-1700643291202-c0b3f952-fff9-4e18-9baa-a8fd0cedd333?alt=json HTTP/1.1" 200 None
2023-11-22 10:00:21,187 DEBUG    urllib3.connectionpool Starting new HTTPS connection (1): container.googleapis.com:443
2023-11-22 10:00:21,386 DEBUG    urllib3.connectionpool https://container.googleapis.com:443 "GET /v1/projects/cloud-dev-112233/locations/europe-west3-b/operations/operation-1700643291202-c0b3f952-fff9-4e18-9baa-a8fd0cedd333?alt=json HTTP/1.1" 200 None
2023-11-22 10:00:26,399 DEBUG    urllib3.connectionpool Starting new HTTPS connection (1): container.googleapis.com:443
2023-11-22 10:00:26,619 DEBUG    urllib3.connectionpool https://container.googleapis.com:443 "GET /v1/projects/cloud-dev-112233/locations/europe-west3-b/operations/operation-1700643291202-c0b3f952-fff9-4e18-9baa-a8fd0cedd333?alt=json HTTP/1.1" 200 None
2023-11-22 10:00:31,628 DEBUG    urllib3.connectionpool Starting new HTTPS connection (1): container.googleapis.com:443
2023-11-22 10:00:31,854 DEBUG    urllib3.connectionpool https://container.googleapis.com:443 "GET /v1/projects/cloud-dev-112233/locations/europe-west3-b/operations/operation-1700643291202-c0b3f952-fff9-4e18-9baa-a8fd0cedd333?alt=json HTTP/1.1" 200 None
2023-11-22 10:00:36,863 DEBUG    urllib3.connectionpool Starting new HTTPS connection (1): container.googleapis.com:443
2023-11-22 10:00:37,064 DEBUG    urllib3.connectionpool https://container.googleapis.com:443 "GET /v1/projects/cloud-dev-112233/locations/europe-west3-b/operations/operation-1700643291202-c0b3f952-fff9-4e18-9baa-a8fd0cedd333?alt=json HTTP/1.1" 200 None
2023-11-22 10:00:42,080 DEBUG    urllib3.connectionpool Starting new HTTPS connection (1): container.googleapis.com:443
2023-11-22 10:00:42,309 DEBUG    urllib3.connectionpool https://container.googleapis.com:443 "GET /v1/projects/cloud-dev-112233/locations/europe-west3-b/operations/operation-1700643291202-c0b3f952-fff9-4e18-9baa-a8fd0cedd333?alt=json HTTP/1.1" 200 None
2023-11-22 10:00:47,325 DEBUG    urllib3.connectionpool Starting new HTTPS connection (1): container.googleapis.com:443
2023-11-22 10:00:47,539 DEBUG    urllib3.connectionpool https://container.googleapis.com:443 "GET /v1/projects/cloud-dev-112233/locations/europe-west3-b/operations/operation-1700643291202-c0b3f952-fff9-4e18-9baa-a8fd0cedd333?alt=json HTTP/1.1" 200 None
2023-11-22 10:00:52,554 DEBUG    urllib3.connectionpool Starting new HTTPS connection (1): container.googleapis.com:443
2023-11-22 10:00:52,788 DEBUG    urllib3.connectionpool https://container.googleapis.com:443 "GET /v1/projects/cloud-dev-112233/locations/europe-west3-b/operations/operation-1700643291202-c0b3f952-fff9-4e18-9baa-a8fd0cedd333?alt=json HTTP/1.1" 200 None
2023-11-22 10:00:52,792 INFO     root            Operation <Operation
 clusterConditions: []
 endTime: '2023-11-22T09:00:50.552096606Z'
 name: 'operation-1700643291202-c0b3f952-fff9-4e18-9baa-a8fd0cedd333'
 nodepoolConditions: []
 operationType: OperationTypeValueValuesEnum(CREATE_CLUSTER, 1)
 progress: <OperationProgress
 metrics: [<Metric
 intValue: 10
 name: 'CLUSTER_CONFIGURING'>, <Metric
 intValue: 10
 name: 'CLUSTER_CONFIGURING_TOTAL'>, <Metric
 intValue: 12
 name: 'CLUSTER_DEPLOYING'>, <Metric
 intValue: 12
 name: 'CLUSTER_DEPLOYING_TOTAL'>, <Metric
 intValue: 1
 name: 'CLUSTER_HEALTHCHECKING'>, <Metric
 intValue: 2
 name: 'CLUSTER_HEALTHCHECKING_TOTAL'>]
 stages: []>
 selfLink: 'https://container.googleapis.com/v1/projects/166042509722/zones/europe-west3-b/operations/operation-1700643291202-c0b3f952-fff9-4e18-9baa-a8fd0cedd333'
 startTime: '2023-11-22T08:54:51.202132675Z'
 status: StatusValueValuesEnum(DONE, 3)
 targetLink: 'https://container.googleapis.com/v1/projects/166042509722/zones/europe-west3-b/clusters/inel-14243'
 zone: 'europe-west3-b'> succeeded after 361.539 seconds
2023-11-22 10:00:52,930 DEBUG    urllib3.connectionpool Starting new HTTPS connection (1): container.googleapis.com:443
2023-11-22 10:00:53,167 DEBUG    urllib3.connectionpool https://container.googleapis.com:443 "GET /v1/projects/cloud-dev-112233/locations/europe-west3-b/clusters/inel-14243?alt=json HTTP/1.1" 200 None
2023-11-22 10:00:53,177 INFO     ___FILE_ONLY___ Created [https://container.googleapis.com/v1/projects/cloud-dev-112233/zones/europe-west3-b/clusters/inel-14243].

2023-11-22 10:00:53,177 INFO     ___FILE_ONLY___ To inspect the contents of your cluster, go to: https://console.cloud.google.com/kubernetes/workload_/gcloud/europe-west3-b/inel-14243?project=cloud-dev-112233

2023-11-22 10:00:54,233 DEBUG    root            Saved kubeconfig to /Users/inelpandzic/.kube/config
2023-11-22 10:00:54,234 INFO     ___FILE_ONLY___ kubeconfig entry generated for inel-14243.

2023-11-22 10:00:54,234 DEBUG    root            Chosen display Format:
    table(
        name,
        zone:label=LOCATION,
        master_version():label=MASTER_VERSION,
        endpoint:label=MASTER_IP,
        nodePools[0].config.machineType,
        currentNodeVersion:label=NODE_VERSION,
        firstof(currentNodeCount,initialNodeCount):label=NUM_NODES,
        status
    )

2023-11-22 10:00:54,234 INFO     root            Display format: "
    table(
        name,
        zone:label=LOCATION,
        master_version():label=MASTER_VERSION,
        endpoint:label=MASTER_IP,
        nodePools[0].config.machineType,
        currentNodeVersion:label=NODE_VERSION,
        firstof(currentNodeCount,initialNodeCount):label=NUM_NODES,
        status
    )
"
2023-11-22 10:00:54,236 INFO     ___FILE_ONLY___ NAME
2023-11-22 10:00:54,236 INFO     ___FILE_ONLY___         
2023-11-22 10:00:54,236 INFO     ___FILE_ONLY___ LOCATION
2023-11-22 10:00:54,236 INFO     ___FILE_ONLY___         
2023-11-22 10:00:54,236 INFO     ___FILE_ONLY___ MASTER_VERSION
2023-11-22 10:00:54,236 INFO     ___FILE_ONLY___        
2023-11-22 10:00:54,236 INFO     ___FILE_ONLY___ MASTER_IP
2023-11-22 10:00:54,236 INFO     ___FILE_ONLY___       
2023-11-22 10:00:54,236 INFO     ___FILE_ONLY___ MACHINE_TYPE
2023-11-22 10:00:54,236 INFO     ___FILE_ONLY___    
2023-11-22 10:00:54,236 INFO     ___FILE_ONLY___ NODE_VERSION
2023-11-22 10:00:54,236 INFO     ___FILE_ONLY___          
2023-11-22 10:00:54,236 INFO     ___FILE_ONLY___ NUM_NODES
2023-11-22 10:00:54,236 INFO     ___FILE_ONLY___   
2023-11-22 10:00:54,236 INFO     ___FILE_ONLY___ STATUS
2023-11-22 10:00:54,236 INFO     ___FILE_ONLY___ 

2023-11-22 10:00:54,236 INFO     ___FILE_ONLY___ inel-14243
2023-11-22 10:00:54,236 INFO     ___FILE_ONLY___   
2023-11-22 10:00:54,236 INFO     ___FILE_ONLY___ europe-west3-b
2023-11-22 10:00:54,236 INFO     ___FILE_ONLY___   
2023-11-22 10:00:54,236 INFO     ___FILE_ONLY___ 1.25.15-gke.1115000
2023-11-22 10:00:54,236 INFO     ___FILE_ONLY___   
2023-11-22 10:00:54,236 INFO     ___FILE_ONLY___ 34.159.11.199
2023-11-22 10:00:54,236 INFO     ___FILE_ONLY___   
2023-11-22 10:00:54,236 INFO     ___FILE_ONLY___ n1-standard-4
2023-11-22 10:00:54,236 INFO     ___FILE_ONLY___   
2023-11-22 10:00:54,237 INFO     ___FILE_ONLY___ 1.25.15-gke.1115000
2023-11-22 10:00:54,237 INFO     ___FILE_ONLY___   
2023-11-22 10:00:54,237 INFO     ___FILE_ONLY___ 3
2023-11-22 10:00:54,237 INFO     ___FILE_ONLY___           
2023-11-22 10:00:54,237 INFO     ___FILE_ONLY___ RUNNING
2023-11-22 10:00:54,237 INFO     ___FILE_ONLY___ 

2023-11-22 10:00:54,242 DEBUG    root            Metrics reporting process started...
