2023-11-22 10:30:18,853 DEBUG    root            Loaded Command Group: ['gcloud', 'config']
2023-11-22 10:30:18,855 DEBUG    root            Loaded Command Group: ['gcloud', 'config', 'config_helper']
2023-11-22 10:30:18,856 DEBUG    root            Running [gcloud.config.config-helper] with arguments: [--format: "json"]
2023-11-22 10:30:18,861 DEBUG    google.auth.transport.requests Making request: POST https://oauth2.googleapis.com/token
2023-11-22 10:30:18,878 DEBUG    urllib3.connectionpool Starting new HTTPS connection (1): oauth2.googleapis.com:443
2023-11-22 10:30:19,031 DEBUG    urllib3.connectionpool https://oauth2.googleapis.com:443 "POST /token HTTP/1.1" 200 None
2023-11-22 10:30:19,039 DEBUG    root            Chosen display Format:default json
2023-11-22 10:30:19,039 INFO     root            Display format: "default json"
2023-11-22 10:30:19,039 INFO     ___FILE_ONLY___ {
  "configuration": {
    "active_configuration": "percona-cloud-dev",
    "properties": {
      "core": {
        "account": "inel.pandzic@percona.com",
        "disable_usage_reporting": "False",
        "project": "cloud-dev-112233"
      }
    }
  },
  "credential": {
    "access_token": "ya29.a0AfB_byAm9OoHllsFrzGniR-0y13u2ZelSrwfV7as507BB3Sc1FT9MviPR2PgKevA1fKsPs3B8MK9_OXVPgzexiYsZsJ_RyFLP9NRPKb-F5t8IDXgzE6KZ4bIu01Z57tQM9MTN1h-h9iFNJzpQR1NaXkPUiFC6vuc_OJAs8Tuop10aCgYKAZISARESFQHGX2MiNEO238J-vLMHATM5ArBCFQ0179",
    "id_token": "eyJhbGciOiJSUzI1NiIsImtpZCI6IjViMzcwNjk2MGUzZTYwMDI0YTI2NTVlNzhjZmE2M2Y4N2M5N2QzMDkiLCJ0eXAiOiJKV1QifQ.eyJpc3MiOiJodHRwczovL2FjY291bnRzLmdvb2dsZS5jb20iLCJhenAiOiIzMjU1NTk0MDU1OS5hcHBzLmdvb2dsZXVzZXJjb250ZW50LmNvbSIsImF1ZCI6IjMyNTU1OTQwNTU5LmFwcHMuZ29vZ2xldXNlcmNvbnRlbnQuY29tIiwic3ViIjoiMTA3NDA5ODEzMzQ0NTU5NDQzNDA3IiwiaGQiOiJwZXJjb25hLmNvbSIsImVtYWlsIjoiaW5lbC5wYW5kemljQHBlcmNvbmEuY29tIiwiZW1haWxfdmVyaWZpZWQiOnRydWUsImF0X2hhc2giOiIzTFJnUjNOOVJ6RDlhb29oZG52cXV3IiwiaWF0IjoxNzAwNjQ1NDE5LCJleHAiOjE3MDA2NDkwMTl9.s-ilVE02-YotQRVyb4Ncki29QyOdSfco1KMApjDzO5_JRbwpPfMAjCXp0DiYge02QybdNiuqRdb3tJm1kwook7-WTxQ4sZ8NBSFX6T8Bp5q_6LsaQnjNX_N7_XxUMn0CGBiDrZIMu4Z57xj-ByBEWL7XzHkBxi8ROYGauiXA042_Ps-S8yt5tvkri1G2u1iQHmaK8B1v_dXPFBUfx_IABmFzgHq_GNv0VfcjzEwbO5Ekc5VA0ewSi0Gw1YWrhdZuIQXHWT3Ad9qsXRvJaf5WSG4e7GCbpgeMWhmXlTEX6utxeWC60HtJZEpHxtBemxMSyFCz_yn8k5Xrp-RAOR1DQQ",
    "token_expiry": "2023-11-22T10:30:18Z"
  },
  "sentinels": {
    "config_sentinel": "/Users/inelpandzic/.config/gcloud/config_sentinel"
  }
}
2023-11-22 10:30:19,039 INFO     ___FILE_ONLY___ 

2023-11-22 10:30:19,048 DEBUG    root            Metrics reporting process started...
