2023-11-22 11:30:25,715 DEBUG    root            Loaded Command Group: ['gcloud', 'config']
2023-11-22 11:30:25,717 DEBUG    root            Loaded Command Group: ['gcloud', 'config', 'config_helper']
2023-11-22 11:30:25,718 DEBUG    root            Running [gcloud.config.config-helper] with arguments: [--format: "json"]
2023-11-22 11:30:25,733 DEBUG    google.auth.transport.requests Making request: POST https://oauth2.googleapis.com/token
2023-11-22 11:30:25,754 DEBUG    urllib3.connectionpool Starting new HTTPS connection (1): oauth2.googleapis.com:443
2023-11-22 11:30:25,918 DEBUG    urllib3.connectionpool https://oauth2.googleapis.com:443 "POST /token HTTP/1.1" 200 None
2023-11-22 11:30:25,922 DEBUG    root            Chosen display Format:default json
2023-11-22 11:30:25,922 INFO     root            Display format: "default json"
2023-11-22 11:30:25,922 INFO     ___FILE_ONLY___ {
  "configuration": {
    "active_configuration": "percona-cloud-dev",
    "properties": {
      "core": {
        "account": "inel.pandzic@percona.com",
        "disable_usage_reporting": "False",
        "project": "cloud-dev-112233"
      }
    }
  },
  "credential": {
    "access_token": "ya29.a0AfB_byAL1fPExkLKo7Q3pE2qCG0Z9zY_E2HF3J6Zq0ITh8w93TP8Ab_86UkIkUj2l7gAMTmTB9Wt6wrt4_9XMw6rrjOCsJ9JTVR2CTztJ_PcIdXhWkgA2t0DFdpYnGpwnoVTVjZVHNFgprxsK6xT_oozVMFkVIMYzxHNN-XQuLfFaCgYKAVISARESFQHGX2Miz5sI5qyLTc2L3nuHRMxgWQ0179",
    "id_token": "eyJhbGciOiJSUzI1NiIsImtpZCI6IjViMzcwNjk2MGUzZTYwMDI0YTI2NTVlNzhjZmE2M2Y4N2M5N2QzMDkiLCJ0eXAiOiJKV1QifQ.eyJpc3MiOiJodHRwczovL2FjY291bnRzLmdvb2dsZS5jb20iLCJhenAiOiIzMjU1NTk0MDU1OS5hcHBzLmdvb2dsZXVzZXJjb250ZW50LmNvbSIsImF1ZCI6IjMyNTU1OTQwNTU5LmFwcHMuZ29vZ2xldXNlcmNvbnRlbnQuY29tIiwic3ViIjoiMTA3NDA5ODEzMzQ0NTU5NDQzNDA3IiwiaGQiOiJwZXJjb25hLmNvbSIsImVtYWlsIjoiaW5lbC5wYW5kemljQHBlcmNvbmEuY29tIiwiZW1haWxfdmVyaWZpZWQiOnRydWUsImF0X2hhc2giOiJUVGZ3bzcyTVVhTTM2aUlqbkE0ZkFRIiwiaWF0IjoxNzAwNjQ5MDI1LCJleHAiOjE3MDA2NTI2MjV9.c_cqB73dxdXLDo_HkDCThdYIzp7J6_0TA3kH16CmfExk1CwrNQirat3Co9R1aI1ohu29Wp4OD3r55IdljssCR_TbzBvySJU-oDwfHdyhc2ttbZ9FrEntRnI8iF4qKwleOH4IRHYfWY3tep1CAmyrGsnqLI-iQBjuCywMOVI4pu-7czhXQ5aTC9fcxpbp-8HS4R8GU0Qpp1SyjQPaCbi9slQWpZwVmaqhYM4iofc5CdzEaZy0blwuq_1qJ5e8KKiFuamAWMm6nQJKR56vvQbAIjRYahcmOkZ8vuac-u7ToArQst4bNUbvdI6SIetfJJmvki6IGBBnT-SuA1ZCu22O3w",
    "token_expiry": "2023-11-22T11:30:24Z"
  },
  "sentinels": {
    "config_sentinel": "/Users/inelpandzic/.config/gcloud/config_sentinel"
  }
}
2023-11-22 11:30:25,922 INFO     ___FILE_ONLY___ 

2023-11-22 11:30:25,923 DEBUG    root            Checking for updates...
2023-11-22 11:30:25,935 DEBUG    urllib3.connectionpool Starting new HTTPS connection (1): dl.google.com:443
2023-11-22 11:30:26,075 DEBUG    urllib3.connectionpool https://dl.google.com:443 "GET /dl/cloudsdk/channels/rapid/components-2.json HTTP/1.1" 200 209943
2023-11-22 11:30:26,178 DEBUG    root            Metrics reporting process started...
