2023-11-22 12:30:30,264 DEBUG    root            Loaded Command Group: ['gcloud', 'config']
2023-11-22 12:30:30,266 DEBUG    root            Loaded Command Group: ['gcloud', 'config', 'config_helper']
2023-11-22 12:30:30,267 DEBUG    root            Running [gcloud.config.config-helper] with arguments: [--format: "json"]
2023-11-22 12:30:30,291 DEBUG    google.auth.transport.requests Making request: POST https://oauth2.googleapis.com/token
2023-11-22 12:30:30,309 DEBUG    urllib3.connectionpool Starting new HTTPS connection (1): oauth2.googleapis.com:443
2023-11-22 12:30:30,450 DEBUG    urllib3.connectionpool https://oauth2.googleapis.com:443 "POST /token HTTP/1.1" 200 None
2023-11-22 12:30:30,456 DEBUG    root            Chosen display Format:default json
2023-11-22 12:30:30,456 INFO     root            Display format: "default json"
2023-11-22 12:30:30,456 INFO     ___FILE_ONLY___ {
  "configuration": {
    "active_configuration": "percona-cloud-dev",
    "properties": {
      "core": {
        "account": "inel.pandzic@percona.com",
        "disable_usage_reporting": "False",
        "project": "cloud-dev-112233"
      }
    }
  },
  "credential": {
    "access_token": "ya29.a0AfB_byAMpzPovdw3aB_eyI_pScO_NpGT78LrnFiMHlRl_ZLRKW2ExpfrpafykzyYSWAkgUPJFzIiqmmmACe1zWAtV_atDtBzYuzd2doLQbBiiBJpbn0dqH-mZmhzKqxX7uBLnFm0_oI3vbhwPtrGI-s-y5Sdqk8dl-tDUuo-LYQQaCgYKAVQSARESFQHGX2MirJXfRmjDStOFYWSrxk5apA0179",
    "id_token": "eyJhbGciOiJSUzI1NiIsImtpZCI6IjViMzcwNjk2MGUzZTYwMDI0YTI2NTVlNzhjZmE2M2Y4N2M5N2QzMDkiLCJ0eXAiOiJKV1QifQ.eyJpc3MiOiJodHRwczovL2FjY291bnRzLmdvb2dsZS5jb20iLCJhenAiOiIzMjU1NTk0MDU1OS5hcHBzLmdvb2dsZXVzZXJjb250ZW50LmNvbSIsImF1ZCI6IjMyNTU1OTQwNTU5LmFwcHMuZ29vZ2xldXNlcmNvbnRlbnQuY29tIiwic3ViIjoiMTA3NDA5ODEzMzQ0NTU5NDQzNDA3IiwiaGQiOiJwZXJjb25hLmNvbSIsImVtYWlsIjoiaW5lbC5wYW5kemljQHBlcmNvbmEuY29tIiwiZW1haWxfdmVyaWZpZWQiOnRydWUsImF0X2hhc2giOiJ1Zm00eWpzTVlqY2ZwRTNKRzZianhRIiwiaWF0IjoxNzAwNjUyNjMwLCJleHAiOjE3MDA2NTYyMzB9.N3K7Sscf0TTDqg4kf90S162QXqkk64AcNDDTjoLJdrhn5vWkOSE4d7AZqeXwJXoKVdORPhZhUjsEu_dtsHyPZTBtag0Jlicy5JWFET5OubzepYNOqpi9xcBwcIhFujVv-iIQ8eFPlZOh-GiJaBDrm9hdOOsqhrKvpoFGjJkvE1zgbVJz6wDVi94GPYGXYct1HUugj2ZTNYO4PqhEFVpmpV2OppQct2ceUyZiQZBEtLUlbbsoRy4bDQnxjqRX7a9T-o3PqVd_ig-NF3k21F6i5sm8uJw5BXER8VKKkx49uCcfK4_yvj98pVjo7eYDALkQZvAYHG4jKZir9kjS3TjwFA",
    "token_expiry": "2023-11-22T12:30:29Z"
  },
  "sentinels": {
    "config_sentinel": "/Users/inelpandzic/.config/gcloud/config_sentinel"
  }
}
2023-11-22 12:30:30,456 INFO     ___FILE_ONLY___ 

2023-11-22 12:30:30,463 DEBUG    root            Metrics reporting process started...
