2023-11-22 14:31:56,987 DEBUG    root            Loaded Command Group: ['gcloud', 'config']
2023-11-22 14:31:56,989 DEBUG    root            Loaded Command Group: ['gcloud', 'config', 'config_helper']
2023-11-22 14:31:56,990 DEBUG    root            Running [gcloud.config.config-helper] with arguments: [--format: "json"]
2023-11-22 14:31:57,003 DEBUG    google.auth.transport.requests Making request: POST https://oauth2.googleapis.com/token
2023-11-22 14:31:57,024 DEBUG    urllib3.connectionpool Starting new HTTPS connection (1): oauth2.googleapis.com:443
2023-11-22 14:31:57,175 DEBUG    urllib3.connectionpool https://oauth2.googleapis.com:443 "POST /token HTTP/1.1" 200 None
2023-11-22 14:31:57,183 DEBUG    root            Chosen display Format:default json
2023-11-22 14:31:57,184 INFO     root            Display format: "default json"
2023-11-22 14:31:57,184 INFO     ___FILE_ONLY___ {
  "configuration": {
    "active_configuration": "percona-cloud-dev",
    "properties": {
      "core": {
        "account": "inel.pandzic@percona.com",
        "disable_usage_reporting": "False",
        "project": "cloud-dev-112233"
      }
    }
  },
  "credential": {
    "access_token": "ya29.a0AfB_byBkfrnWBUQCP_NBj6DmISPwevo2O5HWjW6EHO8GaIk200kt5HNZz9RONyqWkQH18xXXkvfGmKbo9bK-3J8L1GET2-gCxWR_HpIFXc311WujfBUqW3tkkJBAawcc8YcLNebjMP3L-rZmCVhWRuX9CXYPQ9XnIjIOO-0sEtbQaCgYKAWsSARESFQHGX2Miki6mZbWr4QorlTZHDZrblw0179",
    "id_token": "eyJhbGciOiJSUzI1NiIsImtpZCI6IjViMzcwNjk2MGUzZTYwMDI0YTI2NTVlNzhjZmE2M2Y4N2M5N2QzMDkiLCJ0eXAiOiJKV1QifQ.eyJpc3MiOiJodHRwczovL2FjY291bnRzLmdvb2dsZS5jb20iLCJhenAiOiIzMjU1NTk0MDU1OS5hcHBzLmdvb2dsZXVzZXJjb250ZW50LmNvbSIsImF1ZCI6IjMyNTU1OTQwNTU5LmFwcHMuZ29vZ2xldXNlcmNvbnRlbnQuY29tIiwic3ViIjoiMTA3NDA5ODEzMzQ0NTU5NDQzNDA3IiwiaGQiOiJwZXJjb25hLmNvbSIsImVtYWlsIjoiaW5lbC5wYW5kemljQHBlcmNvbmEuY29tIiwiZW1haWxfdmVyaWZpZWQiOnRydWUsImF0X2hhc2giOiJ3dElyTGFHLWdpUm9SMm85cFczOEF3IiwiaWF0IjoxNzAwNjU5OTE3LCJleHAiOjE3MDA2NjM1MTd9.UOKjKhSZpeHwD3bVlBLD5wzJ4lRZ9iHwAILguOZ0DJlZpQ--C1CTkfzBIwDuaMrAYAGKho9Q7ct3sUfnKfI4wHoAJIfYrDhRj1rxKxdRPB6uOmZlqKXb3b_DpHqGXXoSh6DIFRLUWQqHy0_kBgcfxHa_E72y_Xo9JdgCTr7xC3nRz4iS4__omJR80B1Bt_MK-TMiIe1iImY8GIWRyE-VyB9gDQn58npTKtkPnbwZP77J7v4HS2HjUbNa-wtkgWRJVL_YE9qXontsoY-nnvCR_EJ9KPJJi2bKveX8k0uUvtRXoPLZ5cSP-M_B0lEGSzt0TvXpXQHqE19SG_t1DydHaw",
    "token_expiry": "2023-11-22T14:31:56Z"
  },
  "sentinels": {
    "config_sentinel": "/Users/inelpandzic/.config/gcloud/config_sentinel"
  }
}
2023-11-22 14:31:57,184 INFO     ___FILE_ONLY___ 

2023-11-22 14:31:57,195 DEBUG    root            Metrics reporting process started...
