2022-11-08 15:24:26,526 DEBUG    root            Loaded Command Group: ['gcloud', 'container', 'clusters']
2022-11-08 15:24:26,528 DEBUG    root            Loaded Command Group: ['gcloud', 'container', 'clusters', 'delete']
2022-11-08 15:24:26,545 DEBUG    root            Running [gcloud.container.clusters.delete] with arguments: [--zone: "europe-west3-b", NAME:1: "['inel-31681']"]
2022-11-08 15:24:28,925 DEBUG    urllib3.connectionpool Starting new HTTPS connection (1): container.googleapis.com:443
2022-11-08 15:24:29,510 DEBUG    urllib3.connectionpool https://container.googleapis.com:443 "DELETE /v1/projects/cloud-dev-112233/locations/europe-west3-b/clusters/inel-31681?alt=json HTTP/1.1" 200 None
2022-11-08 15:24:29,518 INFO     ___FILE_ONLY___ Deleting cluster inel-31681...
2022-11-08 15:24:29,541 DEBUG    urllib3.connectionpool Starting new HTTPS connection (1): container.googleapis.com:443
2022-11-08 15:24:29,770 DEBUG    urllib3.connectionpool https://container.googleapis.com:443 "GET /v1/projects/cloud-dev-112233/locations/europe-west3-b/operations/operation-1667917469590-76316f60?alt=json HTTP/1.1" 200 None
2022-11-08 15:24:34,789 DEBUG    urllib3.connectionpool Starting new HTTPS connection (1): container.googleapis.com:443
2022-11-08 15:24:35,030 DEBUG    urllib3.connectionpool https://container.googleapis.com:443 "GET /v1/projects/cloud-dev-112233/locations/europe-west3-b/operations/operation-1667917469590-76316f60?alt=json HTTP/1.1" 200 None
2022-11-08 15:24:40,050 DEBUG    urllib3.connectionpool Starting new HTTPS connection (1): container.googleapis.com:443
2022-11-08 15:24:40,289 DEBUG    urllib3.connectionpool https://container.googleapis.com:443 "GET /v1/projects/cloud-dev-112233/locations/europe-west3-b/operations/operation-1667917469590-76316f60?alt=json HTTP/1.1" 200 None
2022-11-08 15:24:45,368 DEBUG    urllib3.connectionpool Starting new HTTPS connection (1): container.googleapis.com:443
2022-11-08 15:24:45,633 DEBUG    urllib3.connectionpool https://container.googleapis.com:443 "GET /v1/projects/cloud-dev-112233/locations/europe-west3-b/operations/operation-1667917469590-76316f60?alt=json HTTP/1.1" 200 None
2022-11-08 15:24:50,654 DEBUG    urllib3.connectionpool Starting new HTTPS connection (1): container.googleapis.com:443
2022-11-08 15:24:50,901 DEBUG    urllib3.connectionpool https://container.googleapis.com:443 "GET /v1/projects/cloud-dev-112233/locations/europe-west3-b/operations/operation-1667917469590-76316f60?alt=json HTTP/1.1" 200 None
2022-11-08 15:24:55,929 DEBUG    urllib3.connectionpool Starting new HTTPS connection (1): container.googleapis.com:443
2022-11-08 15:24:56,146 DEBUG    urllib3.connectionpool https://container.googleapis.com:443 "GET /v1/projects/cloud-dev-112233/locations/europe-west3-b/operations/operation-1667917469590-76316f60?alt=json HTTP/1.1" 200 None
2022-11-08 15:25:01,160 DEBUG    urllib3.connectionpool Starting new HTTPS connection (1): container.googleapis.com:443
2022-11-08 15:25:01,394 DEBUG    urllib3.connectionpool https://container.googleapis.com:443 "GET /v1/projects/cloud-dev-112233/locations/europe-west3-b/operations/operation-1667917469590-76316f60?alt=json HTTP/1.1" 200 None
2022-11-08 15:25:06,403 DEBUG    urllib3.connectionpool Starting new HTTPS connection (1): container.googleapis.com:443
2022-11-08 15:25:06,632 DEBUG    urllib3.connectionpool https://container.googleapis.com:443 "GET /v1/projects/cloud-dev-112233/locations/europe-west3-b/operations/operation-1667917469590-76316f60?alt=json HTTP/1.1" 200 None
2022-11-08 15:25:11,642 DEBUG    urllib3.connectionpool Starting new HTTPS connection (1): container.googleapis.com:443
2022-11-08 15:25:11,881 DEBUG    urllib3.connectionpool https://container.googleapis.com:443 "GET /v1/projects/cloud-dev-112233/locations/europe-west3-b/operations/operation-1667917469590-76316f60?alt=json HTTP/1.1" 200 None
2022-11-08 15:25:16,895 DEBUG    urllib3.connectionpool Starting new HTTPS connection (1): container.googleapis.com:443
2022-11-08 15:25:17,132 DEBUG    urllib3.connectionpool https://container.googleapis.com:443 "GET /v1/projects/cloud-dev-112233/locations/europe-west3-b/operations/operation-1667917469590-76316f60?alt=json HTTP/1.1" 200 None
2022-11-08 15:25:22,178 DEBUG    urllib3.connectionpool Starting new HTTPS connection (1): container.googleapis.com:443
2022-11-08 15:25:22,383 DEBUG    urllib3.connectionpool https://container.googleapis.com:443 "GET /v1/projects/cloud-dev-112233/locations/europe-west3-b/operations/operation-1667917469590-76316f60?alt=json HTTP/1.1" 200 None
2022-11-08 15:25:27,394 DEBUG    urllib3.connectionpool Starting new HTTPS connection (1): container.googleapis.com:443
2022-11-08 15:25:27,622 DEBUG    urllib3.connectionpool https://container.googleapis.com:443 "GET /v1/projects/cloud-dev-112233/locations/europe-west3-b/operations/operation-1667917469590-76316f60?alt=json HTTP/1.1" 200 None
2022-11-08 15:25:32,636 DEBUG    urllib3.connectionpool Starting new HTTPS connection (1): container.googleapis.com:443
2022-11-08 15:25:32,853 DEBUG    urllib3.connectionpool https://container.googleapis.com:443 "GET /v1/projects/cloud-dev-112233/locations/europe-west3-b/operations/operation-1667917469590-76316f60?alt=json HTTP/1.1" 200 None
2022-11-08 15:25:37,870 DEBUG    urllib3.connectionpool Starting new HTTPS connection (1): container.googleapis.com:443
2022-11-08 15:25:38,079 DEBUG    urllib3.connectionpool https://container.googleapis.com:443 "GET /v1/projects/cloud-dev-112233/locations/europe-west3-b/operations/operation-1667917469590-76316f60?alt=json HTTP/1.1" 200 None
2022-11-08 15:25:43,098 DEBUG    urllib3.connectionpool Starting new HTTPS connection (1): container.googleapis.com:443
2022-11-08 15:25:43,354 DEBUG    urllib3.connectionpool https://container.googleapis.com:443 "GET /v1/projects/cloud-dev-112233/locations/europe-west3-b/operations/operation-1667917469590-76316f60?alt=json HTTP/1.1" 200 None
2022-11-08 15:25:48,366 DEBUG    urllib3.connectionpool Starting new HTTPS connection (1): container.googleapis.com:443
2022-11-08 15:25:48,566 DEBUG    urllib3.connectionpool https://container.googleapis.com:443 "GET /v1/projects/cloud-dev-112233/locations/europe-west3-b/operations/operation-1667917469590-76316f60?alt=json HTTP/1.1" 200 None
2022-11-08 15:25:53,579 DEBUG    urllib3.connectionpool Starting new HTTPS connection (1): container.googleapis.com:443
2022-11-08 15:25:53,813 DEBUG    urllib3.connectionpool https://container.googleapis.com:443 "GET /v1/projects/cloud-dev-112233/locations/europe-west3-b/operations/operation-1667917469590-76316f60?alt=json HTTP/1.1" 200 None
2022-11-08 15:25:58,824 DEBUG    urllib3.connectionpool Starting new HTTPS connection (1): container.googleapis.com:443
2022-11-08 15:25:59,036 DEBUG    urllib3.connectionpool https://container.googleapis.com:443 "GET /v1/projects/cloud-dev-112233/locations/europe-west3-b/operations/operation-1667917469590-76316f60?alt=json HTTP/1.1" 200 None
2022-11-08 15:26:04,055 DEBUG    urllib3.connectionpool Starting new HTTPS connection (1): container.googleapis.com:443
2022-11-08 15:26:04,287 DEBUG    urllib3.connectionpool https://container.googleapis.com:443 "GET /v1/projects/cloud-dev-112233/locations/europe-west3-b/operations/operation-1667917469590-76316f60?alt=json HTTP/1.1" 200 None
2022-11-08 15:26:09,296 DEBUG    urllib3.connectionpool Starting new HTTPS connection (1): container.googleapis.com:443
2022-11-08 15:26:09,505 DEBUG    urllib3.connectionpool https://container.googleapis.com:443 "GET /v1/projects/cloud-dev-112233/locations/europe-west3-b/operations/operation-1667917469590-76316f60?alt=json HTTP/1.1" 200 None
2022-11-08 15:26:14,522 DEBUG    urllib3.connectionpool Starting new HTTPS connection (1): container.googleapis.com:443
2022-11-08 15:26:14,753 DEBUG    urllib3.connectionpool https://container.googleapis.com:443 "GET /v1/projects/cloud-dev-112233/locations/europe-west3-b/operations/operation-1667917469590-76316f60?alt=json HTTP/1.1" 200 None
2022-11-08 15:26:19,762 DEBUG    urllib3.connectionpool Starting new HTTPS connection (1): container.googleapis.com:443
2022-11-08 15:26:19,977 DEBUG    urllib3.connectionpool https://container.googleapis.com:443 "GET /v1/projects/cloud-dev-112233/locations/europe-west3-b/operations/operation-1667917469590-76316f60?alt=json HTTP/1.1" 200 None
2022-11-08 15:26:25,000 DEBUG    urllib3.connectionpool Starting new HTTPS connection (1): container.googleapis.com:443
2022-11-08 15:26:25,241 DEBUG    urllib3.connectionpool https://container.googleapis.com:443 "GET /v1/projects/cloud-dev-112233/locations/europe-west3-b/operations/operation-1667917469590-76316f60?alt=json HTTP/1.1" 200 None
2022-11-08 15:26:30,261 DEBUG    urllib3.connectionpool Starting new HTTPS connection (1): container.googleapis.com:443
2022-11-08 15:26:30,481 DEBUG    urllib3.connectionpool https://container.googleapis.com:443 "GET /v1/projects/cloud-dev-112233/locations/europe-west3-b/operations/operation-1667917469590-76316f60?alt=json HTTP/1.1" 200 None
2022-11-08 15:26:35,493 DEBUG    urllib3.connectionpool Starting new HTTPS connection (1): container.googleapis.com:443
2022-11-08 15:26:35,732 DEBUG    urllib3.connectionpool https://container.googleapis.com:443 "GET /v1/projects/cloud-dev-112233/locations/europe-west3-b/operations/operation-1667917469590-76316f60?alt=json HTTP/1.1" 200 None
2022-11-08 15:26:40,751 DEBUG    urllib3.connectionpool Starting new HTTPS connection (1): container.googleapis.com:443
2022-11-08 15:26:40,989 DEBUG    urllib3.connectionpool https://container.googleapis.com:443 "GET /v1/projects/cloud-dev-112233/locations/europe-west3-b/operations/operation-1667917469590-76316f60?alt=json HTTP/1.1" 200 None
2022-11-08 15:26:46,010 DEBUG    urllib3.connectionpool Starting new HTTPS connection (1): container.googleapis.com:443
2022-11-08 15:26:46,216 DEBUG    urllib3.connectionpool https://container.googleapis.com:443 "GET /v1/projects/cloud-dev-112233/locations/europe-west3-b/operations/operation-1667917469590-76316f60?alt=json HTTP/1.1" 200 None
2022-11-08 15:26:46,223 INFO     root            Operation <Operation
 clusterConditions: []
 endTime: '2022-11-08T14:26:44.397615487Z'
 name: 'operation-1667917469590-76316f60'
 nodepoolConditions: []
 operationType: OperationTypeValueValuesEnum(DELETE_CLUSTER, 2)
 selfLink: 'https://container.googleapis.com/v1/projects/166042509722/zones/europe-west3-b/operations/operation-1667917469590-76316f60'
 startTime: '2022-11-08T14:24:29.590669549Z'
 status: StatusValueValuesEnum(DONE, 3)
 targetLink: 'https://container.googleapis.com/v1/projects/166042509722/zones/europe-west3-b/clusters/inel-31681'
 zone: 'europe-west3-b'> succeeded after 136.704 seconds
2022-11-08 15:26:46,394 DEBUG    root            Purged cluster config from /Users/inelpandzic/.config/gcloud/kubernetes/cloud-dev-112233_europe-west3-b_inel-31681
2022-11-08 15:26:46,394 INFO     ___FILE_ONLY___ Deleted [https://container.googleapis.com/v1/projects/cloud-dev-112233/zones/europe-west3-b/clusters/inel-31681].

2022-11-08 15:26:46,396 INFO     root            Display format: "none"
2022-11-08 15:26:46,406 DEBUG    root            Metrics reporting process started...
