2022-11-08 15:24:09,556 DEBUG    root            Loaded Command Group: ['gcloud', 'container', 'clusters']
2022-11-08 15:24:09,559 DEBUG    root            Loaded Command Group: ['gcloud', 'container', 'clusters', 'list']
2022-11-08 15:24:09,577 DEBUG    root            Running [gcloud.container.clusters.list] with arguments: []
2022-11-08 15:24:09,626 DEBUG    urllib3.connectionpool Starting new HTTPS connection (1): container.googleapis.com:443
2022-11-08 15:24:10,244 DEBUG    urllib3.connectionpool https://container.googleapis.com:443 "GET /v1/projects/cloud-dev-112233/locations/-/clusters?alt=json HTTP/1.1" 200 None
2022-11-08 15:24:10,326 INFO     root            Display format: "
    table(
        name,
        zone:label=LOCATION,
        master_version():label=MASTER_VERSION,
        endpoint:label=MASTER_IP,
        nodePools[0].config.machineType,
        currentNodeVersion:label=NODE_VERSION,
        firstof(currentNodeCount,initialNodeCount):label=NUM_NODES,
        status
    )
"
2022-11-08 15:24:10,362 INFO     ___FILE_ONLY___ NAME
2022-11-08 15:24:10,362 INFO     ___FILE_ONLY___                                   
2022-11-08 15:24:10,362 INFO     ___FILE_ONLY___ LOCATION
2022-11-08 15:24:10,362 INFO     ___FILE_ONLY___         
2022-11-08 15:24:10,362 INFO     ___FILE_ONLY___ MASTER_VERSION
2022-11-08 15:24:10,362 INFO     ___FILE_ONLY___     
2022-11-08 15:24:10,362 INFO     ___FILE_ONLY___ MASTER_IP
2022-11-08 15:24:10,362 INFO     ___FILE_ONLY___         
2022-11-08 15:24:10,362 INFO     ___FILE_ONLY___ MACHINE_TYPE
2022-11-08 15:24:10,362 INFO     ___FILE_ONLY___    
2022-11-08 15:24:10,362 INFO     ___FILE_ONLY___ NODE_VERSION
2022-11-08 15:24:10,362 INFO     ___FILE_ONLY___         
2022-11-08 15:24:10,362 INFO     ___FILE_ONLY___ NUM_NODES
2022-11-08 15:24:10,362 INFO     ___FILE_ONLY___   
2022-11-08 15:24:10,362 INFO     ___FILE_ONLY___ STATUS
2022-11-08 15:24:10,362 INFO     ___FILE_ONLY___ 

2022-11-08 15:24:10,362 INFO     ___FILE_ONLY___ ondrei-13193
2022-11-08 15:24:10,362 INFO     ___FILE_ONLY___                           
2022-11-08 15:24:10,362 INFO     ___FILE_ONLY___ europe-west1-c
2022-11-08 15:24:10,362 INFO     ___FILE_ONLY___   
2022-11-08 15:24:10,362 INFO     ___FILE_ONLY___ 1.22.12-gke.2300
2022-11-08 15:24:10,362 INFO     ___FILE_ONLY___   
2022-11-08 15:24:10,362 INFO     ___FILE_ONLY___ 104.155.15.56
2022-11-08 15:24:10,363 INFO     ___FILE_ONLY___     
2022-11-08 15:24:10,363 INFO     ___FILE_ONLY___ n1-standard-4
2022-11-08 15:24:10,363 INFO     ___FILE_ONLY___   
2022-11-08 15:24:10,363 INFO     ___FILE_ONLY___ 1.21.14-gke.8500 *
2022-11-08 15:24:10,363 INFO     ___FILE_ONLY___   
2022-11-08 15:24:10,363 INFO     ___FILE_ONLY___ 3
2022-11-08 15:24:10,363 INFO     ___FILE_ONLY___           
2022-11-08 15:24:10,363 INFO     ___FILE_ONLY___ RUNNING
2022-11-08 15:24:10,363 INFO     ___FILE_ONLY___ 

2022-11-08 15:24:10,363 INFO     ___FILE_ONLY___ slava-pxc
2022-11-08 15:24:10,363 INFO     ___FILE_ONLY___                              
2022-11-08 15:24:10,363 INFO     ___FILE_ONLY___ europe-west3-a
2022-11-08 15:24:10,363 INFO     ___FILE_ONLY___   
2022-11-08 15:24:10,363 INFO     ___FILE_ONLY___ 1.21.14-gke.8500
2022-11-08 15:24:10,363 INFO     ___FILE_ONLY___   
2022-11-08 15:24:10,363 INFO     ___FILE_ONLY___ 35.246.172.143
2022-11-08 15:24:10,363 INFO     ___FILE_ONLY___    
2022-11-08 15:24:10,363 INFO     ___FILE_ONLY___ n1-standard-4
2022-11-08 15:24:10,363 INFO     ___FILE_ONLY___   
2022-11-08 15:24:10,363 INFO     ___FILE_ONLY___ 1.21.14-gke.8500
2022-11-08 15:24:10,363 INFO     ___FILE_ONLY___     
2022-11-08 15:24:10,363 INFO     ___FILE_ONLY___ 3
2022-11-08 15:24:10,363 INFO     ___FILE_ONLY___           
2022-11-08 15:24:10,363 INFO     ___FILE_ONLY___ RUNNING
2022-11-08 15:24:10,363 INFO     ___FILE_ONLY___ 

2022-11-08 15:24:10,363 INFO     ___FILE_ONLY___ inel-31681
2022-11-08 15:24:10,363 INFO     ___FILE_ONLY___                             
2022-11-08 15:24:10,363 INFO     ___FILE_ONLY___ europe-west3-b
2022-11-08 15:24:10,363 INFO     ___FILE_ONLY___   
2022-11-08 15:24:10,363 INFO     ___FILE_ONLY___ 1.22.12-gke.2300
2022-11-08 15:24:10,363 INFO     ___FILE_ONLY___   
2022-11-08 15:24:10,363 INFO     ___FILE_ONLY___ 35.242.249.61
2022-11-08 15:24:10,363 INFO     ___FILE_ONLY___     
2022-11-08 15:24:10,363 INFO     ___FILE_ONLY___ n1-standard-4
2022-11-08 15:24:10,363 INFO     ___FILE_ONLY___   
2022-11-08 15:24:10,363 INFO     ___FILE_ONLY___ 1.21.14-gke.8500 *
2022-11-08 15:24:10,364 INFO     ___FILE_ONLY___   
2022-11-08 15:24:10,364 INFO     ___FILE_ONLY___ 3
2022-11-08 15:24:10,364 INFO     ___FILE_ONLY___           
2022-11-08 15:24:10,364 INFO     ___FILE_ONLY___ RUNNING
2022-11-08 15:24:10,364 INFO     ___FILE_ONLY___ 

2022-11-08 15:24:10,364 INFO     ___FILE_ONLY___ max-30844
2022-11-08 15:24:10,364 INFO     ___FILE_ONLY___                              
2022-11-08 15:24:10,364 INFO     ___FILE_ONLY___ europe-west3-b
2022-11-08 15:24:10,364 INFO     ___FILE_ONLY___   
2022-11-08 15:24:10,364 INFO     ___FILE_ONLY___ 1.22.12-gke.2300
2022-11-08 15:24:10,364 INFO     ___FILE_ONLY___   
2022-11-08 15:24:10,364 INFO     ___FILE_ONLY___ 35.246.193.17
2022-11-08 15:24:10,364 INFO     ___FILE_ONLY___     
2022-11-08 15:24:10,364 INFO     ___FILE_ONLY___ n1-standard-4
2022-11-08 15:24:10,364 INFO     ___FILE_ONLY___   
2022-11-08 15:24:10,364 INFO     ___FILE_ONLY___ 1.22.12-gke.2300
2022-11-08 15:24:10,364 INFO     ___FILE_ONLY___     
2022-11-08 15:24:10,364 INFO     ___FILE_ONLY___ 3
2022-11-08 15:24:10,364 INFO     ___FILE_ONLY___           
2022-11-08 15:24:10,364 INFO     ___FILE_ONLY___ RUNNING
2022-11-08 15:24:10,364 INFO     ___FILE_ONLY___ 

2022-11-08 15:24:10,364 INFO     ___FILE_ONLY___ jen-pxc-1176-364a02b1-16-cluster1
2022-11-08 15:24:10,364 INFO     ___FILE_ONLY___      
2022-11-08 15:24:10,364 INFO     ___FILE_ONLY___ us-central1-a
2022-11-08 15:24:10,364 INFO     ___FILE_ONLY___    
2022-11-08 15:24:10,364 INFO     ___FILE_ONLY___ 1.21.14-gke.8500
2022-11-08 15:24:10,364 INFO     ___FILE_ONLY___   
2022-11-08 15:24:10,364 INFO     ___FILE_ONLY___ 34.136.105.51
2022-11-08 15:24:10,364 INFO     ___FILE_ONLY___     
2022-11-08 15:24:10,364 INFO     ___FILE_ONLY___ n1-standard-4
2022-11-08 15:24:10,364 INFO     ___FILE_ONLY___   
2022-11-08 15:24:10,364 INFO     ___FILE_ONLY___ 1.21.14-gke.8500
2022-11-08 15:24:10,364 INFO     ___FILE_ONLY___     
2022-11-08 15:24:10,364 INFO     ___FILE_ONLY___ 3
2022-11-08 15:24:10,364 INFO     ___FILE_ONLY___           
2022-11-08 15:24:10,364 INFO     ___FILE_ONLY___ RUNNING
2022-11-08 15:24:10,364 INFO     ___FILE_ONLY___ 

2022-11-08 15:24:10,364 INFO     ___FILE_ONLY___ jen-pxc-1176-364a02b1-16-cluster2
2022-11-08 15:24:10,364 INFO     ___FILE_ONLY___      
2022-11-08 15:24:10,364 INFO     ___FILE_ONLY___ us-central1-a
2022-11-08 15:24:10,365 INFO     ___FILE_ONLY___    
2022-11-08 15:24:10,365 INFO     ___FILE_ONLY___ 1.21.14-gke.8500
2022-11-08 15:24:10,365 INFO     ___FILE_ONLY___   
2022-11-08 15:24:10,365 INFO     ___FILE_ONLY___ 34.71.210.91
2022-11-08 15:24:10,365 INFO     ___FILE_ONLY___      
2022-11-08 15:24:10,365 INFO     ___FILE_ONLY___ n1-standard-4
2022-11-08 15:24:10,365 INFO     ___FILE_ONLY___   
2022-11-08 15:24:10,365 INFO     ___FILE_ONLY___ 1.21.14-gke.8500
2022-11-08 15:24:10,365 INFO     ___FILE_ONLY___     
2022-11-08 15:24:10,365 INFO     ___FILE_ONLY___ 3
2022-11-08 15:24:10,365 INFO     ___FILE_ONLY___           
2022-11-08 15:24:10,365 INFO     ___FILE_ONLY___ RUNNING
2022-11-08 15:24:10,365 INFO     ___FILE_ONLY___ 

2022-11-08 15:24:10,365 INFO     ___FILE_ONLY___ jen-pxc-1176-364a02b1-16-cluster3
2022-11-08 15:24:10,365 INFO     ___FILE_ONLY___      
2022-11-08 15:24:10,365 INFO     ___FILE_ONLY___ us-central1-a
2022-11-08 15:24:10,365 INFO     ___FILE_ONLY___    
2022-11-08 15:24:10,365 INFO     ___FILE_ONLY___ 1.21.14-gke.8500
2022-11-08 15:24:10,365 INFO     ___FILE_ONLY___   
2022-11-08 15:24:10,365 INFO     ___FILE_ONLY___ 108.59.81.222
2022-11-08 15:24:10,365 INFO     ___FILE_ONLY___     
2022-11-08 15:24:10,365 INFO     ___FILE_ONLY___ n1-standard-4
2022-11-08 15:24:10,365 INFO     ___FILE_ONLY___   
2022-11-08 15:24:10,365 INFO     ___FILE_ONLY___ 1.21.14-gke.8500
2022-11-08 15:24:10,365 INFO     ___FILE_ONLY___     
2022-11-08 15:24:10,365 INFO     ___FILE_ONLY___ 3
2022-11-08 15:24:10,365 INFO     ___FILE_ONLY___           
2022-11-08 15:24:10,365 INFO     ___FILE_ONLY___ RUNNING
2022-11-08 15:24:10,365 INFO     ___FILE_ONLY___ 

2022-11-08 15:24:10,365 INFO     ___FILE_ONLY___ jen-pxc-1176-364a02b1-16-cluster4
2022-11-08 15:24:10,365 INFO     ___FILE_ONLY___      
2022-11-08 15:24:10,365 INFO     ___FILE_ONLY___ us-central1-a
2022-11-08 15:24:10,365 INFO     ___FILE_ONLY___    
2022-11-08 15:24:10,366 INFO     ___FILE_ONLY___ 1.21.14-gke.8500
2022-11-08 15:24:10,366 INFO     ___FILE_ONLY___   
2022-11-08 15:24:10,366 INFO     ___FILE_ONLY___ 34.123.26.106
2022-11-08 15:24:10,366 INFO     ___FILE_ONLY___     
2022-11-08 15:24:10,366 INFO     ___FILE_ONLY___ n1-standard-4
2022-11-08 15:24:10,366 INFO     ___FILE_ONLY___   
2022-11-08 15:24:10,366 INFO     ___FILE_ONLY___ 1.21.14-gke.8500
2022-11-08 15:24:10,366 INFO     ___FILE_ONLY___     
2022-11-08 15:24:10,366 INFO     ___FILE_ONLY___ 3
2022-11-08 15:24:10,366 INFO     ___FILE_ONLY___           
2022-11-08 15:24:10,366 INFO     ___FILE_ONLY___ RUNNING
2022-11-08 15:24:10,366 INFO     ___FILE_ONLY___ 

2022-11-08 15:24:10,366 INFO     ___FILE_ONLY___ jen-pxc-1176-364a02b1-16-cluster5
2022-11-08 15:24:10,366 INFO     ___FILE_ONLY___      
2022-11-08 15:24:10,366 INFO     ___FILE_ONLY___ us-central1-a
2022-11-08 15:24:10,366 INFO     ___FILE_ONLY___    
2022-11-08 15:24:10,366 INFO     ___FILE_ONLY___ 1.21.14-gke.8500
2022-11-08 15:24:10,366 INFO     ___FILE_ONLY___   
2022-11-08 15:24:10,366 INFO     ___FILE_ONLY___ 34.69.85.155
2022-11-08 15:24:10,366 INFO     ___FILE_ONLY___      
2022-11-08 15:24:10,366 INFO     ___FILE_ONLY___ n1-standard-4
2022-11-08 15:24:10,366 INFO     ___FILE_ONLY___   
2022-11-08 15:24:10,366 INFO     ___FILE_ONLY___ 1.21.14-gke.8500
2022-11-08 15:24:10,366 INFO     ___FILE_ONLY___     
2022-11-08 15:24:10,366 INFO     ___FILE_ONLY___ 3
2022-11-08 15:24:10,366 INFO     ___FILE_ONLY___           
2022-11-08 15:24:10,366 INFO     ___FILE_ONLY___ RUNNING
2022-11-08 15:24:10,366 INFO     ___FILE_ONLY___ 

2022-11-08 15:24:10,366 INFO     ___FILE_ONLY___ jen-pxc-1176-364a02b1-16-cluster6
2022-11-08 15:24:10,367 INFO     ___FILE_ONLY___      
2022-11-08 15:24:10,367 INFO     ___FILE_ONLY___ us-central1-a
2022-11-08 15:24:10,367 INFO     ___FILE_ONLY___    
2022-11-08 15:24:10,367 INFO     ___FILE_ONLY___ 1.21.14-gke.8500
2022-11-08 15:24:10,367 INFO     ___FILE_ONLY___   
2022-11-08 15:24:10,367 INFO     ___FILE_ONLY___ 35.222.191.27
2022-11-08 15:24:10,367 INFO     ___FILE_ONLY___     
2022-11-08 15:24:10,367 INFO     ___FILE_ONLY___ n1-standard-4
2022-11-08 15:24:10,367 INFO     ___FILE_ONLY___   
2022-11-08 15:24:10,367 INFO     ___FILE_ONLY___ 1.21.14-gke.8500
2022-11-08 15:24:10,367 INFO     ___FILE_ONLY___     
2022-11-08 15:24:10,367 INFO     ___FILE_ONLY___ 3
2022-11-08 15:24:10,367 INFO     ___FILE_ONLY___           
2022-11-08 15:24:10,367 INFO     ___FILE_ONLY___ RUNNING
2022-11-08 15:24:10,367 INFO     ___FILE_ONLY___ 

2022-11-08 15:24:10,367 INFO     ___FILE_ONLY___ jen-pxc-1176-364a02b1-16-cluster7
2022-11-08 15:24:10,367 INFO     ___FILE_ONLY___      
2022-11-08 15:24:10,367 INFO     ___FILE_ONLY___ us-central1-a
2022-11-08 15:24:10,367 INFO     ___FILE_ONLY___    
2022-11-08 15:24:10,367 INFO     ___FILE_ONLY___ 1.21.14-gke.8500
2022-11-08 15:24:10,367 INFO     ___FILE_ONLY___   
2022-11-08 15:24:10,367 INFO     ___FILE_ONLY___ 35.222.157.227
2022-11-08 15:24:10,367 INFO     ___FILE_ONLY___    
2022-11-08 15:24:10,367 INFO     ___FILE_ONLY___ n1-standard-4
2022-11-08 15:24:10,367 INFO     ___FILE_ONLY___   
2022-11-08 15:24:10,367 INFO     ___FILE_ONLY___ 1.21.14-gke.8500
2022-11-08 15:24:10,367 INFO     ___FILE_ONLY___     
2022-11-08 15:24:10,367 INFO     ___FILE_ONLY___ 3
2022-11-08 15:24:10,367 INFO     ___FILE_ONLY___           
2022-11-08 15:24:10,367 INFO     ___FILE_ONLY___ RUNNING
2022-11-08 15:24:10,367 INFO     ___FILE_ONLY___ 

2022-11-08 15:24:10,367 INFO     ___FILE_ONLY___ jen-pxc-1176-364a02b1-16-cluster8
2022-11-08 15:24:10,367 INFO     ___FILE_ONLY___      
2022-11-08 15:24:10,367 INFO     ___FILE_ONLY___ us-central1-a
2022-11-08 15:24:10,367 INFO     ___FILE_ONLY___    
2022-11-08 15:24:10,367 INFO     ___FILE_ONLY___ 1.21.14-gke.8500
2022-11-08 15:24:10,367 INFO     ___FILE_ONLY___   
2022-11-08 15:24:10,367 INFO     ___FILE_ONLY___ 34.171.226.85
2022-11-08 15:24:10,367 INFO     ___FILE_ONLY___     
2022-11-08 15:24:10,367 INFO     ___FILE_ONLY___ n1-standard-4
2022-11-08 15:24:10,367 INFO     ___FILE_ONLY___   
2022-11-08 15:24:10,367 INFO     ___FILE_ONLY___ 1.21.14-gke.8500
2022-11-08 15:24:10,367 INFO     ___FILE_ONLY___     
2022-11-08 15:24:10,368 INFO     ___FILE_ONLY___ 3
2022-11-08 15:24:10,368 INFO     ___FILE_ONLY___           
2022-11-08 15:24:10,368 INFO     ___FILE_ONLY___ RUNNING
2022-11-08 15:24:10,368 INFO     ___FILE_ONLY___ 

2022-11-08 15:24:10,368 INFO     ___FILE_ONLY___ jen-pxc-1176-364a02b1-16-cluster9
2022-11-08 15:24:10,368 INFO     ___FILE_ONLY___      
2022-11-08 15:24:10,368 INFO     ___FILE_ONLY___ us-central1-a
2022-11-08 15:24:10,368 INFO     ___FILE_ONLY___    
2022-11-08 15:24:10,368 INFO     ___FILE_ONLY___ 1.21.14-gke.8500
2022-11-08 15:24:10,368 INFO     ___FILE_ONLY___   
2022-11-08 15:24:10,368 INFO     ___FILE_ONLY___ 34.170.76.127
2022-11-08 15:24:10,368 INFO     ___FILE_ONLY___     
2022-11-08 15:24:10,368 INFO     ___FILE_ONLY___ n1-standard-4
2022-11-08 15:24:10,368 INFO     ___FILE_ONLY___   
2022-11-08 15:24:10,368 INFO     ___FILE_ONLY___ 1.21.14-gke.8500
2022-11-08 15:24:10,368 INFO     ___FILE_ONLY___     
2022-11-08 15:24:10,368 INFO     ___FILE_ONLY___ 3
2022-11-08 15:24:10,368 INFO     ___FILE_ONLY___           
2022-11-08 15:24:10,368 INFO     ___FILE_ONLY___ RUNNING
2022-11-08 15:24:10,368 INFO     ___FILE_ONLY___ 

2022-11-08 15:24:10,368 INFO     ___FILE_ONLY___ jen-pxc-1176-82d78f75-15-cluster1
2022-11-08 15:24:10,368 INFO     ___FILE_ONLY___      
2022-11-08 15:24:10,368 INFO     ___FILE_ONLY___ us-central1-a
2022-11-08 15:24:10,368 INFO     ___FILE_ONLY___    
2022-11-08 15:24:10,368 INFO     ___FILE_ONLY___ 1.21.14-gke.8500
2022-11-08 15:24:10,368 INFO     ___FILE_ONLY___   
2022-11-08 15:24:10,368 INFO     ___FILE_ONLY___ 34.136.83.168
2022-11-08 15:24:10,368 INFO     ___FILE_ONLY___     
2022-11-08 15:24:10,368 INFO     ___FILE_ONLY___ n1-standard-4
2022-11-08 15:24:10,368 INFO     ___FILE_ONLY___   
2022-11-08 15:24:10,368 INFO     ___FILE_ONLY___ 1.21.14-gke.8500
2022-11-08 15:24:10,368 INFO     ___FILE_ONLY___     
2022-11-08 15:24:10,368 INFO     ___FILE_ONLY___ 3
2022-11-08 15:24:10,368 INFO     ___FILE_ONLY___           
2022-11-08 15:24:10,368 INFO     ___FILE_ONLY___ RUNNING
2022-11-08 15:24:10,368 INFO     ___FILE_ONLY___ 

2022-11-08 15:24:10,368 INFO     ___FILE_ONLY___ jen-pxc-1176-82d78f75-15-cluster2
2022-11-08 15:24:10,368 INFO     ___FILE_ONLY___      
2022-11-08 15:24:10,368 INFO     ___FILE_ONLY___ us-central1-a
2022-11-08 15:24:10,368 INFO     ___FILE_ONLY___    
2022-11-08 15:24:10,368 INFO     ___FILE_ONLY___ 1.21.14-gke.8500
2022-11-08 15:24:10,368 INFO     ___FILE_ONLY___   
2022-11-08 15:24:10,368 INFO     ___FILE_ONLY___ 34.68.69.103
2022-11-08 15:24:10,368 INFO     ___FILE_ONLY___      
2022-11-08 15:24:10,368 INFO     ___FILE_ONLY___ n1-standard-4
2022-11-08 15:24:10,368 INFO     ___FILE_ONLY___   
2022-11-08 15:24:10,368 INFO     ___FILE_ONLY___ 1.21.14-gke.8500
2022-11-08 15:24:10,369 INFO     ___FILE_ONLY___     
2022-11-08 15:24:10,369 INFO     ___FILE_ONLY___ 3
2022-11-08 15:24:10,369 INFO     ___FILE_ONLY___           
2022-11-08 15:24:10,369 INFO     ___FILE_ONLY___ RUNNING
2022-11-08 15:24:10,369 INFO     ___FILE_ONLY___ 

2022-11-08 15:24:10,369 INFO     ___FILE_ONLY___ jen-pxc-1176-82d78f75-15-cluster3
2022-11-08 15:24:10,369 INFO     ___FILE_ONLY___      
2022-11-08 15:24:10,369 INFO     ___FILE_ONLY___ us-central1-a
2022-11-08 15:24:10,369 INFO     ___FILE_ONLY___    
2022-11-08 15:24:10,369 INFO     ___FILE_ONLY___ 1.21.14-gke.8500
2022-11-08 15:24:10,369 INFO     ___FILE_ONLY___   
2022-11-08 15:24:10,369 INFO     ___FILE_ONLY___ 35.224.217.88
2022-11-08 15:24:10,369 INFO     ___FILE_ONLY___     
2022-11-08 15:24:10,369 INFO     ___FILE_ONLY___ n1-standard-4
2022-11-08 15:24:10,369 INFO     ___FILE_ONLY___   
2022-11-08 15:24:10,369 INFO     ___FILE_ONLY___ 1.21.14-gke.8500
2022-11-08 15:24:10,369 INFO     ___FILE_ONLY___     
2022-11-08 15:24:10,369 INFO     ___FILE_ONLY___ 3
2022-11-08 15:24:10,369 INFO     ___FILE_ONLY___           
2022-11-08 15:24:10,369 INFO     ___FILE_ONLY___ RUNNING
2022-11-08 15:24:10,369 INFO     ___FILE_ONLY___ 

2022-11-08 15:24:10,369 INFO     ___FILE_ONLY___ jen-pxc-1176-82d78f75-15-cluster4
2022-11-08 15:24:10,369 INFO     ___FILE_ONLY___      
2022-11-08 15:24:10,369 INFO     ___FILE_ONLY___ us-central1-a
2022-11-08 15:24:10,369 INFO     ___FILE_ONLY___    
2022-11-08 15:24:10,369 INFO     ___FILE_ONLY___ 1.21.14-gke.8500
2022-11-08 15:24:10,369 INFO     ___FILE_ONLY___   
2022-11-08 15:24:10,369 INFO     ___FILE_ONLY___ 34.135.55.7
2022-11-08 15:24:10,369 INFO     ___FILE_ONLY___       
2022-11-08 15:24:10,369 INFO     ___FILE_ONLY___ n1-standard-4
2022-11-08 15:24:10,369 INFO     ___FILE_ONLY___   
2022-11-08 15:24:10,369 INFO     ___FILE_ONLY___ 1.21.14-gke.8500
2022-11-08 15:24:10,369 INFO     ___FILE_ONLY___     
2022-11-08 15:24:10,369 INFO     ___FILE_ONLY___ 3
2022-11-08 15:24:10,369 INFO     ___FILE_ONLY___           
2022-11-08 15:24:10,369 INFO     ___FILE_ONLY___ RUNNING
2022-11-08 15:24:10,369 INFO     ___FILE_ONLY___ 

2022-11-08 15:24:10,369 INFO     ___FILE_ONLY___ jen-pxc-1176-82d78f75-15-cluster5
2022-11-08 15:24:10,369 INFO     ___FILE_ONLY___      
2022-11-08 15:24:10,369 INFO     ___FILE_ONLY___ us-central1-a
2022-11-08 15:24:10,369 INFO     ___FILE_ONLY___    
2022-11-08 15:24:10,369 INFO     ___FILE_ONLY___ 1.21.14-gke.8500
2022-11-08 15:24:10,369 INFO     ___FILE_ONLY___   
2022-11-08 15:24:10,369 INFO     ___FILE_ONLY___ 35.239.52.229
2022-11-08 15:24:10,369 INFO     ___FILE_ONLY___     
2022-11-08 15:24:10,369 INFO     ___FILE_ONLY___ n1-standard-4
2022-11-08 15:24:10,370 INFO     ___FILE_ONLY___   
2022-11-08 15:24:10,370 INFO     ___FILE_ONLY___ 1.21.14-gke.8500
2022-11-08 15:24:10,370 INFO     ___FILE_ONLY___     
2022-11-08 15:24:10,370 INFO     ___FILE_ONLY___ 3
2022-11-08 15:24:10,370 INFO     ___FILE_ONLY___           
2022-11-08 15:24:10,370 INFO     ___FILE_ONLY___ RUNNING
2022-11-08 15:24:10,370 INFO     ___FILE_ONLY___ 

2022-11-08 15:24:10,370 INFO     ___FILE_ONLY___ jen-pxc-1176-82d78f75-15-cluster6
2022-11-08 15:24:10,370 INFO     ___FILE_ONLY___      
2022-11-08 15:24:10,370 INFO     ___FILE_ONLY___ us-central1-a
2022-11-08 15:24:10,370 INFO     ___FILE_ONLY___    
2022-11-08 15:24:10,370 INFO     ___FILE_ONLY___ 1.21.14-gke.8500
2022-11-08 15:24:10,370 INFO     ___FILE_ONLY___   
2022-11-08 15:24:10,370 INFO     ___FILE_ONLY___ 34.171.201.53
2022-11-08 15:24:10,370 INFO     ___FILE_ONLY___     
2022-11-08 15:24:10,370 INFO     ___FILE_ONLY___ n1-standard-4
2022-11-08 15:24:10,370 INFO     ___FILE_ONLY___   
2022-11-08 15:24:10,370 INFO     ___FILE_ONLY___ 1.21.14-gke.8500
2022-11-08 15:24:10,370 INFO     ___FILE_ONLY___     
2022-11-08 15:24:10,370 INFO     ___FILE_ONLY___ 3
2022-11-08 15:24:10,370 INFO     ___FILE_ONLY___           
2022-11-08 15:24:10,370 INFO     ___FILE_ONLY___ RUNNING
2022-11-08 15:24:10,370 INFO     ___FILE_ONLY___ 

2022-11-08 15:24:10,370 INFO     ___FILE_ONLY___ jen-pxc-1176-82d78f75-15-cluster7
2022-11-08 15:24:10,370 INFO     ___FILE_ONLY___      
2022-11-08 15:24:10,370 INFO     ___FILE_ONLY___ us-central1-a
2022-11-08 15:24:10,370 INFO     ___FILE_ONLY___    
2022-11-08 15:24:10,370 INFO     ___FILE_ONLY___ 1.21.14-gke.8500
2022-11-08 15:24:10,370 INFO     ___FILE_ONLY___   
2022-11-08 15:24:10,370 INFO     ___FILE_ONLY___ 34.121.176.157
2022-11-08 15:24:10,370 INFO     ___FILE_ONLY___    
2022-11-08 15:24:10,370 INFO     ___FILE_ONLY___ n1-standard-4
2022-11-08 15:24:10,370 INFO     ___FILE_ONLY___   
2022-11-08 15:24:10,370 INFO     ___FILE_ONLY___ 1.21.14-gke.8500
2022-11-08 15:24:10,370 INFO     ___FILE_ONLY___     
2022-11-08 15:24:10,370 INFO     ___FILE_ONLY___ 3
2022-11-08 15:24:10,370 INFO     ___FILE_ONLY___           
2022-11-08 15:24:10,370 INFO     ___FILE_ONLY___ RUNNING
2022-11-08 15:24:10,370 INFO     ___FILE_ONLY___ 

2022-11-08 15:24:10,370 INFO     ___FILE_ONLY___ jen-pxc-1176-82d78f75-15-cluster8
2022-11-08 15:24:10,370 INFO     ___FILE_ONLY___      
2022-11-08 15:24:10,370 INFO     ___FILE_ONLY___ us-central1-a
2022-11-08 15:24:10,370 INFO     ___FILE_ONLY___    
2022-11-08 15:24:10,370 INFO     ___FILE_ONLY___ 1.21.14-gke.8500
2022-11-08 15:24:10,370 INFO     ___FILE_ONLY___   
2022-11-08 15:24:10,370 INFO     ___FILE_ONLY___ 35.226.49.158
2022-11-08 15:24:10,370 INFO     ___FILE_ONLY___     
2022-11-08 15:24:10,371 INFO     ___FILE_ONLY___ n1-standard-4
2022-11-08 15:24:10,371 INFO     ___FILE_ONLY___   
2022-11-08 15:24:10,371 INFO     ___FILE_ONLY___ 1.21.14-gke.8500
2022-11-08 15:24:10,371 INFO     ___FILE_ONLY___     
2022-11-08 15:24:10,371 INFO     ___FILE_ONLY___ 3
2022-11-08 15:24:10,371 INFO     ___FILE_ONLY___           
2022-11-08 15:24:10,371 INFO     ___FILE_ONLY___ RUNNING
2022-11-08 15:24:10,371 INFO     ___FILE_ONLY___ 

2022-11-08 15:24:10,371 INFO     ___FILE_ONLY___ jen-pxc-1176-82d78f75-15-cluster9
2022-11-08 15:24:10,371 INFO     ___FILE_ONLY___      
2022-11-08 15:24:10,371 INFO     ___FILE_ONLY___ us-central1-a
2022-11-08 15:24:10,371 INFO     ___FILE_ONLY___    
2022-11-08 15:24:10,371 INFO     ___FILE_ONLY___ 1.21.14-gke.8500
2022-11-08 15:24:10,371 INFO     ___FILE_ONLY___   
2022-11-08 15:24:10,371 INFO     ___FILE_ONLY___ 35.223.164.20
2022-11-08 15:24:10,371 INFO     ___FILE_ONLY___     
2022-11-08 15:24:10,371 INFO     ___FILE_ONLY___ n1-standard-4
2022-11-08 15:24:10,371 INFO     ___FILE_ONLY___   
2022-11-08 15:24:10,371 INFO     ___FILE_ONLY___ 1.21.14-gke.8500
2022-11-08 15:24:10,371 INFO     ___FILE_ONLY___     
2022-11-08 15:24:10,371 INFO     ___FILE_ONLY___ 3
2022-11-08 15:24:10,371 INFO     ___FILE_ONLY___           
2022-11-08 15:24:10,371 INFO     ___FILE_ONLY___ RUNNING
2022-11-08 15:24:10,371 INFO     ___FILE_ONLY___ 

2022-11-08 15:24:10,371 INFO     ___FILE_ONLY___ jenkins-par-pxc-333cf068-selfhealing
2022-11-08 15:24:10,371 INFO     ___FILE_ONLY___   
2022-11-08 15:24:10,371 INFO     ___FILE_ONLY___ us-central1-a
2022-11-08 15:24:10,371 INFO     ___FILE_ONLY___    
2022-11-08 15:24:10,371 INFO     ___FILE_ONLY___ 1.21.14-gke.8500
2022-11-08 15:24:10,371 INFO     ___FILE_ONLY___   
2022-11-08 15:24:10,371 INFO     ___FILE_ONLY___ 104.198.185.243
2022-11-08 15:24:10,371 INFO     ___FILE_ONLY___   
2022-11-08 15:24:10,371 INFO     ___FILE_ONLY___ n1-standard-4
2022-11-08 15:24:10,371 INFO     ___FILE_ONLY___   
2022-11-08 15:24:10,371 INFO     ___FILE_ONLY___ 1.21.14-gke.8500
2022-11-08 15:24:10,371 INFO     ___FILE_ONLY___     
2022-11-08 15:24:10,371 INFO     ___FILE_ONLY___ 3
2022-11-08 15:24:10,371 INFO     ___FILE_ONLY___           
2022-11-08 15:24:10,371 INFO     ___FILE_ONLY___ RUNNING
2022-11-08 15:24:10,371 INFO     ___FILE_ONLY___ 

2022-11-08 15:24:10,371 INFO     ___FILE_ONLY___ plavi-121
2022-11-08 15:24:10,371 INFO     ___FILE_ONLY___                              
2022-11-08 15:24:10,371 INFO     ___FILE_ONLY___ us-central1-a
2022-11-08 15:24:10,371 INFO     ___FILE_ONLY___    
2022-11-08 15:24:10,371 INFO     ___FILE_ONLY___ 1.21.14-gke.8500
2022-11-08 15:24:10,371 INFO     ___FILE_ONLY___   
2022-11-08 15:24:10,371 INFO     ___FILE_ONLY___ 35.188.124.206
2022-11-08 15:24:10,371 INFO     ___FILE_ONLY___    
2022-11-08 15:24:10,371 INFO     ___FILE_ONLY___ n1-standard-4
2022-11-08 15:24:10,371 INFO     ___FILE_ONLY___   
2022-11-08 15:24:10,372 INFO     ___FILE_ONLY___ 1.21.14-gke.8500
2022-11-08 15:24:10,372 INFO     ___FILE_ONLY___     
2022-11-08 15:24:10,372 INFO     ___FILE_ONLY___ 3
2022-11-08 15:24:10,372 INFO     ___FILE_ONLY___           
2022-11-08 15:24:10,372 INFO     ___FILE_ONLY___ RUNNING
2022-11-08 15:24:10,372 INFO     ___FILE_ONLY___ 

2022-11-08 15:24:10,372 INFO     ___FILE_ONLY___ spronin-1337
2022-11-08 15:24:10,372 INFO     ___FILE_ONLY___                           
2022-11-08 15:24:10,372 INFO     ___FILE_ONLY___ us-central1-a
2022-11-08 15:24:10,372 INFO     ___FILE_ONLY___    
2022-11-08 15:24:10,372 INFO     ___FILE_ONLY___ 1.23.12-gke.1600
2022-11-08 15:24:10,372 INFO     ___FILE_ONLY___   
2022-11-08 15:24:10,372 INFO     ___FILE_ONLY___ 35.232.104.66
2022-11-08 15:24:10,372 INFO     ___FILE_ONLY___     
2022-11-08 15:24:10,372 INFO     ___FILE_ONLY___ n1-standard-4
2022-11-08 15:24:10,372 INFO     ___FILE_ONLY___   
2022-11-08 15:24:10,372 INFO     ___FILE_ONLY___ 1.23.12-gke.1600
2022-11-08 15:24:10,372 INFO     ___FILE_ONLY___     
2022-11-08 15:24:10,372 INFO     ___FILE_ONLY___ 3
2022-11-08 15:24:10,372 INFO     ___FILE_ONLY___           
2022-11-08 15:24:10,372 INFO     ___FILE_ONLY___ RUNNING
2022-11-08 15:24:10,372 INFO     ___FILE_ONLY___ 

2022-11-08 15:24:10,372 INFO     ___FILE_ONLY___ cap-666
2022-11-08 15:24:10,372 INFO     ___FILE_ONLY___                                
2022-11-08 15:24:10,372 INFO     ___FILE_ONLY___ us-central1-c
2022-11-08 15:24:10,372 INFO     ___FILE_ONLY___    
2022-11-08 15:24:10,372 INFO     ___FILE_ONLY___ 1.21.14-gke.8500
2022-11-08 15:24:10,372 INFO     ___FILE_ONLY___   
2022-11-08 15:24:10,372 INFO     ___FILE_ONLY___ 35.202.244.78
2022-11-08 15:24:10,372 INFO     ___FILE_ONLY___     
2022-11-08 15:24:10,372 INFO     ___FILE_ONLY___ n1-standard-4
2022-11-08 15:24:10,372 INFO     ___FILE_ONLY___   
2022-11-08 15:24:10,372 INFO     ___FILE_ONLY___ 1.21.14-gke.8500
2022-11-08 15:24:10,372 INFO     ___FILE_ONLY___     
2022-11-08 15:24:10,372 INFO     ___FILE_ONLY___ 3
2022-11-08 15:24:10,372 INFO     ___FILE_ONLY___           
2022-11-08 15:24:10,372 INFO     ___FILE_ONLY___ RUNNING
2022-11-08 15:24:10,372 INFO     ___FILE_ONLY___ 

2022-11-08 15:24:10,372 INFO     ___FILE_ONLY___ natali-22
2022-11-08 15:24:10,372 INFO     ___FILE_ONLY___                              
2022-11-08 15:24:10,372 INFO     ___FILE_ONLY___ us-central1-c
2022-11-08 15:24:10,372 INFO     ___FILE_ONLY___    
2022-11-08 15:24:10,372 INFO     ___FILE_ONLY___ 1.22.15-gke.1000
2022-11-08 15:24:10,372 INFO     ___FILE_ONLY___   
2022-11-08 15:24:10,372 INFO     ___FILE_ONLY___ 34.27.213.185
2022-11-08 15:24:10,372 INFO     ___FILE_ONLY___     
2022-11-08 15:24:10,373 INFO     ___FILE_ONLY___ n1-standard-4
2022-11-08 15:24:10,373 INFO     ___FILE_ONLY___   
2022-11-08 15:24:10,373 INFO     ___FILE_ONLY___ 1.22.15-gke.1000
2022-11-08 15:24:10,373 INFO     ___FILE_ONLY___     
2022-11-08 15:24:10,373 INFO     ___FILE_ONLY___ 3
2022-11-08 15:24:10,373 INFO     ___FILE_ONLY___           
2022-11-08 15:24:10,373 INFO     ___FILE_ONLY___ RUNNING
2022-11-08 15:24:10,373 INFO     ___FILE_ONLY___ 

2022-11-08 15:24:10,373 INFO     ___FILE_ONLY___ 
* - There is an upgrade available for your cluster(s).

To upgrade nodes to the latest available version, run
  $ gcloud container clusters upgrade NAME

2022-11-08 15:24:10,374 INFO     ___FILE_ONLY___ 

Updates are available for some Google Cloud CLI components.  To install them,
please run:
  $ gcloud components update


2022-11-08 15:24:10,382 DEBUG    root            Metrics reporting process started...
