2022-11-08 15:24:43,365 DEBUG    root            Loaded Command Group: ['gcloud', 'container', 'clusters']
2022-11-08 15:24:43,370 DEBUG    root            Loaded Command Group: ['gcloud', 'container', 'clusters', 'create']
2022-11-08 15:24:43,390 DEBUG    root            Running [gcloud.container.clusters.create] with arguments: [--cluster-version: "1.21", --machine-type: "n1-standard-4", --num-nodes: "3", --preemptible: "True", --zone: "europe-west3-b", NAME: "inel-7225"]
2022-11-08 15:24:43,393 INFO     ___FILE_ONLY___ Default change: VPC-native is the default mode during cluster creation for versions greater than 1.21.0-gke.1500. To create advanced routes based clusters, please pass the `--no-enable-ip-alias` flag

2022-11-08 15:24:43,393 INFO     ___FILE_ONLY___ Note: Your Pod address range (`--cluster-ipv4-cidr`) can accommodate at most 1008 node(s).

2022-11-08 15:24:43,399 DEBUG    urllib3.connectionpool Starting new HTTPS connection (1): container.googleapis.com:443
2022-11-08 15:24:46,836 DEBUG    urllib3.connectionpool https://container.googleapis.com:443 "POST /v1/projects/cloud-dev-112233/locations/europe-west3-b/clusters?alt=json HTTP/1.1" 200 None
2022-11-08 15:24:46,846 INFO     ___FILE_ONLY___ Creating cluster inel-7225 in europe-west3-b...
2022-11-08 15:24:46,864 DEBUG    urllib3.connectionpool Starting new HTTPS connection (1): container.googleapis.com:443
2022-11-08 15:24:47,116 DEBUG    urllib3.connectionpool https://container.googleapis.com:443 "GET /v1/projects/cloud-dev-112233/locations/europe-west3-b/operations/operation-1667917486912-669758aa?alt=json HTTP/1.1" 200 None
2022-11-08 15:24:52,129 DEBUG    urllib3.connectionpool Starting new HTTPS connection (1): container.googleapis.com:443
2022-11-08 15:24:52,338 DEBUG    urllib3.connectionpool https://container.googleapis.com:443 "GET /v1/projects/cloud-dev-112233/locations/europe-west3-b/operations/operation-1667917486912-669758aa?alt=json HTTP/1.1" 200 None
2022-11-08 15:24:57,360 DEBUG    urllib3.connectionpool Starting new HTTPS connection (1): container.googleapis.com:443
2022-11-08 15:24:57,566 DEBUG    urllib3.connectionpool https://container.googleapis.com:443 "GET /v1/projects/cloud-dev-112233/locations/europe-west3-b/operations/operation-1667917486912-669758aa?alt=json HTTP/1.1" 200 None
2022-11-08 15:25:02,582 DEBUG    urllib3.connectionpool Starting new HTTPS connection (1): container.googleapis.com:443
2022-11-08 15:25:02,792 DEBUG    urllib3.connectionpool https://container.googleapis.com:443 "GET /v1/projects/cloud-dev-112233/locations/europe-west3-b/operations/operation-1667917486912-669758aa?alt=json HTTP/1.1" 200 None
2022-11-08 15:25:07,807 DEBUG    urllib3.connectionpool Starting new HTTPS connection (1): container.googleapis.com:443
2022-11-08 15:25:08,047 DEBUG    urllib3.connectionpool https://container.googleapis.com:443 "GET /v1/projects/cloud-dev-112233/locations/europe-west3-b/operations/operation-1667917486912-669758aa?alt=json HTTP/1.1" 200 None
2022-11-08 15:25:13,063 DEBUG    urllib3.connectionpool Starting new HTTPS connection (1): container.googleapis.com:443
2022-11-08 15:25:13,299 DEBUG    urllib3.connectionpool https://container.googleapis.com:443 "GET /v1/projects/cloud-dev-112233/locations/europe-west3-b/operations/operation-1667917486912-669758aa?alt=json HTTP/1.1" 200 None
2022-11-08 15:25:18,326 DEBUG    urllib3.connectionpool Starting new HTTPS connection (1): container.googleapis.com:443
2022-11-08 15:25:18,564 DEBUG    urllib3.connectionpool https://container.googleapis.com:443 "GET /v1/projects/cloud-dev-112233/locations/europe-west3-b/operations/operation-1667917486912-669758aa?alt=json HTTP/1.1" 200 None
2022-11-08 15:25:23,580 DEBUG    urllib3.connectionpool Starting new HTTPS connection (1): container.googleapis.com:443
2022-11-08 15:25:23,797 DEBUG    urllib3.connectionpool https://container.googleapis.com:443 "GET /v1/projects/cloud-dev-112233/locations/europe-west3-b/operations/operation-1667917486912-669758aa?alt=json HTTP/1.1" 200 None
2022-11-08 15:25:28,811 DEBUG    urllib3.connectionpool Starting new HTTPS connection (1): container.googleapis.com:443
2022-11-08 15:25:29,046 DEBUG    urllib3.connectionpool https://container.googleapis.com:443 "GET /v1/projects/cloud-dev-112233/locations/europe-west3-b/operations/operation-1667917486912-669758aa?alt=json HTTP/1.1" 200 None
2022-11-08 15:25:34,066 DEBUG    urllib3.connectionpool Starting new HTTPS connection (1): container.googleapis.com:443
2022-11-08 15:25:34,279 DEBUG    urllib3.connectionpool https://container.googleapis.com:443 "GET /v1/projects/cloud-dev-112233/locations/europe-west3-b/operations/operation-1667917486912-669758aa?alt=json HTTP/1.1" 200 None
2022-11-08 15:25:39,295 DEBUG    urllib3.connectionpool Starting new HTTPS connection (1): container.googleapis.com:443
2022-11-08 15:25:39,528 DEBUG    urllib3.connectionpool https://container.googleapis.com:443 "GET /v1/projects/cloud-dev-112233/locations/europe-west3-b/operations/operation-1667917486912-669758aa?alt=json HTTP/1.1" 200 None
2022-11-08 15:25:44,536 DEBUG    urllib3.connectionpool Starting new HTTPS connection (1): container.googleapis.com:443
2022-11-08 15:25:44,748 DEBUG    urllib3.connectionpool https://container.googleapis.com:443 "GET /v1/projects/cloud-dev-112233/locations/europe-west3-b/operations/operation-1667917486912-669758aa?alt=json HTTP/1.1" 200 None
2022-11-08 15:25:49,764 DEBUG    urllib3.connectionpool Starting new HTTPS connection (1): container.googleapis.com:443
2022-11-08 15:25:49,979 DEBUG    urllib3.connectionpool https://container.googleapis.com:443 "GET /v1/projects/cloud-dev-112233/locations/europe-west3-b/operations/operation-1667917486912-669758aa?alt=json HTTP/1.1" 200 None
2022-11-08 15:25:54,999 DEBUG    urllib3.connectionpool Starting new HTTPS connection (1): container.googleapis.com:443
2022-11-08 15:25:55,207 DEBUG    urllib3.connectionpool https://container.googleapis.com:443 "GET /v1/projects/cloud-dev-112233/locations/europe-west3-b/operations/operation-1667917486912-669758aa?alt=json HTTP/1.1" 200 None
2022-11-08 15:26:00,224 DEBUG    urllib3.connectionpool Starting new HTTPS connection (1): container.googleapis.com:443
2022-11-08 15:26:00,434 DEBUG    urllib3.connectionpool https://container.googleapis.com:443 "GET /v1/projects/cloud-dev-112233/locations/europe-west3-b/operations/operation-1667917486912-669758aa?alt=json HTTP/1.1" 200 None
2022-11-08 15:26:05,444 DEBUG    urllib3.connectionpool Starting new HTTPS connection (1): container.googleapis.com:443
2022-11-08 15:26:05,688 DEBUG    urllib3.connectionpool https://container.googleapis.com:443 "GET /v1/projects/cloud-dev-112233/locations/europe-west3-b/operations/operation-1667917486912-669758aa?alt=json HTTP/1.1" 200 None
2022-11-08 15:26:10,714 DEBUG    urllib3.connectionpool Starting new HTTPS connection (1): container.googleapis.com:443
2022-11-08 15:26:10,945 DEBUG    urllib3.connectionpool https://container.googleapis.com:443 "GET /v1/projects/cloud-dev-112233/locations/europe-west3-b/operations/operation-1667917486912-669758aa?alt=json HTTP/1.1" 200 None
2022-11-08 15:26:15,965 DEBUG    urllib3.connectionpool Starting new HTTPS connection (1): container.googleapis.com:443
2022-11-08 15:26:16,200 DEBUG    urllib3.connectionpool https://container.googleapis.com:443 "GET /v1/projects/cloud-dev-112233/locations/europe-west3-b/operations/operation-1667917486912-669758aa?alt=json HTTP/1.1" 200 None
2022-11-08 15:26:21,236 DEBUG    urllib3.connectionpool Starting new HTTPS connection (1): container.googleapis.com:443
2022-11-08 15:26:21,453 DEBUG    urllib3.connectionpool https://container.googleapis.com:443 "GET /v1/projects/cloud-dev-112233/locations/europe-west3-b/operations/operation-1667917486912-669758aa?alt=json HTTP/1.1" 200 None
2022-11-08 15:26:26,473 DEBUG    urllib3.connectionpool Starting new HTTPS connection (1): container.googleapis.com:443
2022-11-08 15:26:26,685 DEBUG    urllib3.connectionpool https://container.googleapis.com:443 "GET /v1/projects/cloud-dev-112233/locations/europe-west3-b/operations/operation-1667917486912-669758aa?alt=json HTTP/1.1" 200 None
2022-11-08 15:26:31,708 DEBUG    urllib3.connectionpool Starting new HTTPS connection (1): container.googleapis.com:443
2022-11-08 15:26:31,922 DEBUG    urllib3.connectionpool https://container.googleapis.com:443 "GET /v1/projects/cloud-dev-112233/locations/europe-west3-b/operations/operation-1667917486912-669758aa?alt=json HTTP/1.1" 200 None
2022-11-08 15:26:36,938 DEBUG    urllib3.connectionpool Starting new HTTPS connection (1): container.googleapis.com:443
2022-11-08 15:26:37,168 DEBUG    urllib3.connectionpool https://container.googleapis.com:443 "GET /v1/projects/cloud-dev-112233/locations/europe-west3-b/operations/operation-1667917486912-669758aa?alt=json HTTP/1.1" 200 None
2022-11-08 15:26:42,185 DEBUG    urllib3.connectionpool Starting new HTTPS connection (1): container.googleapis.com:443
2022-11-08 15:26:42,428 DEBUG    urllib3.connectionpool https://container.googleapis.com:443 "GET /v1/projects/cloud-dev-112233/locations/europe-west3-b/operations/operation-1667917486912-669758aa?alt=json HTTP/1.1" 200 None
2022-11-08 15:26:47,445 DEBUG    urllib3.connectionpool Starting new HTTPS connection (1): container.googleapis.com:443
2022-11-08 15:26:47,668 DEBUG    urllib3.connectionpool https://container.googleapis.com:443 "GET /v1/projects/cloud-dev-112233/locations/europe-west3-b/operations/operation-1667917486912-669758aa?alt=json HTTP/1.1" 200 None
2022-11-08 15:26:52,678 DEBUG    urllib3.connectionpool Starting new HTTPS connection (1): container.googleapis.com:443
2022-11-08 15:26:52,896 DEBUG    urllib3.connectionpool https://container.googleapis.com:443 "GET /v1/projects/cloud-dev-112233/locations/europe-west3-b/operations/operation-1667917486912-669758aa?alt=json HTTP/1.1" 200 None
2022-11-08 15:26:57,917 DEBUG    urllib3.connectionpool Starting new HTTPS connection (1): container.googleapis.com:443
2022-11-08 15:26:58,163 DEBUG    urllib3.connectionpool https://container.googleapis.com:443 "GET /v1/projects/cloud-dev-112233/locations/europe-west3-b/operations/operation-1667917486912-669758aa?alt=json HTTP/1.1" 200 None
2022-11-08 15:27:03,177 DEBUG    urllib3.connectionpool Starting new HTTPS connection (1): container.googleapis.com:443
2022-11-08 15:27:03,414 DEBUG    urllib3.connectionpool https://container.googleapis.com:443 "GET /v1/projects/cloud-dev-112233/locations/europe-west3-b/operations/operation-1667917486912-669758aa?alt=json HTTP/1.1" 200 None
2022-11-08 15:27:08,445 DEBUG    urllib3.connectionpool Starting new HTTPS connection (1): container.googleapis.com:443
2022-11-08 15:27:08,642 DEBUG    urllib3.connectionpool https://container.googleapis.com:443 "GET /v1/projects/cloud-dev-112233/locations/europe-west3-b/operations/operation-1667917486912-669758aa?alt=json HTTP/1.1" 200 None
2022-11-08 15:27:13,663 DEBUG    urllib3.connectionpool Starting new HTTPS connection (1): container.googleapis.com:443
2022-11-08 15:27:13,907 DEBUG    urllib3.connectionpool https://container.googleapis.com:443 "GET /v1/projects/cloud-dev-112233/locations/europe-west3-b/operations/operation-1667917486912-669758aa?alt=json HTTP/1.1" 200 None
2022-11-08 15:27:18,934 DEBUG    urllib3.connectionpool Starting new HTTPS connection (1): container.googleapis.com:443
2022-11-08 15:27:19,166 DEBUG    urllib3.connectionpool https://container.googleapis.com:443 "GET /v1/projects/cloud-dev-112233/locations/europe-west3-b/operations/operation-1667917486912-669758aa?alt=json HTTP/1.1" 200 None
2022-11-08 15:27:24,186 DEBUG    urllib3.connectionpool Starting new HTTPS connection (1): container.googleapis.com:443
2022-11-08 15:27:24,420 DEBUG    urllib3.connectionpool https://container.googleapis.com:443 "GET /v1/projects/cloud-dev-112233/locations/europe-west3-b/operations/operation-1667917486912-669758aa?alt=json HTTP/1.1" 200 None
2022-11-08 15:27:29,448 DEBUG    urllib3.connectionpool Starting new HTTPS connection (1): container.googleapis.com:443
2022-11-08 15:27:29,677 DEBUG    urllib3.connectionpool https://container.googleapis.com:443 "GET /v1/projects/cloud-dev-112233/locations/europe-west3-b/operations/operation-1667917486912-669758aa?alt=json HTTP/1.1" 200 None
2022-11-08 15:27:34,701 DEBUG    urllib3.connectionpool Starting new HTTPS connection (1): container.googleapis.com:443
2022-11-08 15:27:34,945 DEBUG    urllib3.connectionpool https://container.googleapis.com:443 "GET /v1/projects/cloud-dev-112233/locations/europe-west3-b/operations/operation-1667917486912-669758aa?alt=json HTTP/1.1" 200 None
2022-11-08 15:27:39,970 DEBUG    urllib3.connectionpool Starting new HTTPS connection (1): container.googleapis.com:443
2022-11-08 15:27:40,207 DEBUG    urllib3.connectionpool https://container.googleapis.com:443 "GET /v1/projects/cloud-dev-112233/locations/europe-west3-b/operations/operation-1667917486912-669758aa?alt=json HTTP/1.1" 200 None
2022-11-08 15:27:45,224 DEBUG    urllib3.connectionpool Starting new HTTPS connection (1): container.googleapis.com:443
2022-11-08 15:27:45,457 DEBUG    urllib3.connectionpool https://container.googleapis.com:443 "GET /v1/projects/cloud-dev-112233/locations/europe-west3-b/operations/operation-1667917486912-669758aa?alt=json HTTP/1.1" 200 None
2022-11-08 15:27:50,480 DEBUG    urllib3.connectionpool Starting new HTTPS connection (1): container.googleapis.com:443
2022-11-08 15:27:50,725 DEBUG    urllib3.connectionpool https://container.googleapis.com:443 "GET /v1/projects/cloud-dev-112233/locations/europe-west3-b/operations/operation-1667917486912-669758aa?alt=json HTTP/1.1" 200 None
2022-11-08 15:27:55,745 DEBUG    urllib3.connectionpool Starting new HTTPS connection (1): container.googleapis.com:443
2022-11-08 15:27:55,963 DEBUG    urllib3.connectionpool https://container.googleapis.com:443 "GET /v1/projects/cloud-dev-112233/locations/europe-west3-b/operations/operation-1667917486912-669758aa?alt=json HTTP/1.1" 200 None
2022-11-08 15:28:00,982 DEBUG    urllib3.connectionpool Starting new HTTPS connection (1): container.googleapis.com:443
2022-11-08 15:28:01,226 DEBUG    urllib3.connectionpool https://container.googleapis.com:443 "GET /v1/projects/cloud-dev-112233/locations/europe-west3-b/operations/operation-1667917486912-669758aa?alt=json HTTP/1.1" 200 None
2022-11-08 15:28:06,252 DEBUG    urllib3.connectionpool Starting new HTTPS connection (1): container.googleapis.com:443
2022-11-08 15:28:06,486 DEBUG    urllib3.connectionpool https://container.googleapis.com:443 "GET /v1/projects/cloud-dev-112233/locations/europe-west3-b/operations/operation-1667917486912-669758aa?alt=json HTTP/1.1" 200 None
2022-11-08 15:28:11,513 DEBUG    urllib3.connectionpool Starting new HTTPS connection (1): container.googleapis.com:443
2022-11-08 15:28:11,755 DEBUG    urllib3.connectionpool https://container.googleapis.com:443 "GET /v1/projects/cloud-dev-112233/locations/europe-west3-b/operations/operation-1667917486912-669758aa?alt=json HTTP/1.1" 200 None
2022-11-08 15:28:16,778 DEBUG    urllib3.connectionpool Starting new HTTPS connection (1): container.googleapis.com:443
2022-11-08 15:28:17,011 DEBUG    urllib3.connectionpool https://container.googleapis.com:443 "GET /v1/projects/cloud-dev-112233/locations/europe-west3-b/operations/operation-1667917486912-669758aa?alt=json HTTP/1.1" 200 None
2022-11-08 15:28:22,032 DEBUG    urllib3.connectionpool Starting new HTTPS connection (1): container.googleapis.com:443
2022-11-08 15:28:22,247 DEBUG    urllib3.connectionpool https://container.googleapis.com:443 "GET /v1/projects/cloud-dev-112233/locations/europe-west3-b/operations/operation-1667917486912-669758aa?alt=json HTTP/1.1" 200 None
2022-11-08 15:28:27,270 DEBUG    urllib3.connectionpool Starting new HTTPS connection (1): container.googleapis.com:443
2022-11-08 15:28:27,513 DEBUG    urllib3.connectionpool https://container.googleapis.com:443 "GET /v1/projects/cloud-dev-112233/locations/europe-west3-b/operations/operation-1667917486912-669758aa?alt=json HTTP/1.1" 200 None
2022-11-08 15:28:32,536 DEBUG    urllib3.connectionpool Starting new HTTPS connection (1): container.googleapis.com:443
2022-11-08 15:28:32,790 DEBUG    urllib3.connectionpool https://container.googleapis.com:443 "GET /v1/projects/cloud-dev-112233/locations/europe-west3-b/operations/operation-1667917486912-669758aa?alt=json HTTP/1.1" 200 None
2022-11-08 15:28:37,810 DEBUG    urllib3.connectionpool Starting new HTTPS connection (1): container.googleapis.com:443
2022-11-08 15:28:38,043 DEBUG    urllib3.connectionpool https://container.googleapis.com:443 "GET /v1/projects/cloud-dev-112233/locations/europe-west3-b/operations/operation-1667917486912-669758aa?alt=json HTTP/1.1" 200 None
2022-11-08 15:28:38,049 INFO     root            Operation <Operation
 clusterConditions: []
 endTime: '2022-11-08T14:28:34.069379429Z'
 name: 'operation-1667917486912-669758aa'
 nodepoolConditions: []
 operationType: OperationTypeValueValuesEnum(CREATE_CLUSTER, 1)
 progress: <OperationProgress
 metrics: [<Metric
 intValue: 4
 name: 'CLUSTER_CONFIGURING'>, <Metric
 intValue: 4
 name: 'CLUSTER_CONFIGURING_TOTAL'>, <Metric
 intValue: 7
 name: 'CLUSTER_DEPLOYING'>, <Metric
 intValue: 7
 name: 'CLUSTER_DEPLOYING_TOTAL'>, <Metric
 intValue: 1
 name: 'CLUSTER_HEALTHCHECKING'>, <Metric
 intValue: 2
 name: 'CLUSTER_HEALTHCHECKING_TOTAL'>]
 stages: []>
 selfLink: 'https://container.googleapis.com/v1/projects/166042509722/zones/europe-west3-b/operations/operation-1667917486912-669758aa'
 startTime: '2022-11-08T14:24:46.912809963Z'
 status: StatusValueValuesEnum(DONE, 3)
 targetLink: 'https://container.googleapis.com/v1/projects/166042509722/zones/europe-west3-b/clusters/inel-7225'
 zone: 'europe-west3-b'> succeeded after 231.202 seconds
2022-11-08 15:28:38,182 DEBUG    urllib3.connectionpool Starting new HTTPS connection (1): container.googleapis.com:443
2022-11-08 15:28:38,441 DEBUG    urllib3.connectionpool https://container.googleapis.com:443 "GET /v1/projects/cloud-dev-112233/locations/europe-west3-b/clusters/inel-7225?alt=json HTTP/1.1" 200 None
2022-11-08 15:28:38,457 INFO     ___FILE_ONLY___ Created [https://container.googleapis.com/v1/projects/cloud-dev-112233/zones/europe-west3-b/clusters/inel-7225].

2022-11-08 15:28:38,458 INFO     ___FILE_ONLY___ To inspect the contents of your cluster, go to: https://console.cloud.google.com/kubernetes/workload_/gcloud/europe-west3-b/inel-7225?project=cloud-dev-112233

2022-11-08 15:28:38,620 DEBUG    root            Saved kubeconfig to /Users/inelpandzic/.kube/config
2022-11-08 15:28:38,621 INFO     ___FILE_ONLY___ kubeconfig entry generated for inel-7225.

2022-11-08 15:28:38,623 INFO     root            Display format: "
    table(
        name,
        zone:label=LOCATION,
        master_version():label=MASTER_VERSION,
        endpoint:label=MASTER_IP,
        nodePools[0].config.machineType,
        currentNodeVersion:label=NODE_VERSION,
        firstof(currentNodeCount,initialNodeCount):label=NUM_NODES,
        status
    )
"
2022-11-08 15:28:38,627 INFO     ___FILE_ONLY___ NAME
2022-11-08 15:28:38,627 INFO     ___FILE_ONLY___        
2022-11-08 15:28:38,627 INFO     ___FILE_ONLY___ LOCATION
2022-11-08 15:28:38,627 INFO     ___FILE_ONLY___         
2022-11-08 15:28:38,627 INFO     ___FILE_ONLY___ MASTER_VERSION
2022-11-08 15:28:38,628 INFO     ___FILE_ONLY___     
2022-11-08 15:28:38,628 INFO     ___FILE_ONLY___ MASTER_IP
2022-11-08 15:28:38,628 INFO     ___FILE_ONLY___        
2022-11-08 15:28:38,628 INFO     ___FILE_ONLY___ MACHINE_TYPE
2022-11-08 15:28:38,628 INFO     ___FILE_ONLY___    
2022-11-08 15:28:38,628 INFO     ___FILE_ONLY___ NODE_VERSION
2022-11-08 15:28:38,628 INFO     ___FILE_ONLY___       
2022-11-08 15:28:38,628 INFO     ___FILE_ONLY___ NUM_NODES
2022-11-08 15:28:38,628 INFO     ___FILE_ONLY___   
2022-11-08 15:28:38,628 INFO     ___FILE_ONLY___ STATUS
2022-11-08 15:28:38,628 INFO     ___FILE_ONLY___ 

2022-11-08 15:28:38,628 INFO     ___FILE_ONLY___ inel-7225
2022-11-08 15:28:38,628 INFO     ___FILE_ONLY___   
2022-11-08 15:28:38,628 INFO     ___FILE_ONLY___ europe-west3-b
2022-11-08 15:28:38,628 INFO     ___FILE_ONLY___   
2022-11-08 15:28:38,628 INFO     ___FILE_ONLY___ 1.21.14-gke.8500
2022-11-08 15:28:38,628 INFO     ___FILE_ONLY___   
2022-11-08 15:28:38,628 INFO     ___FILE_ONLY___ 35.246.233.129
2022-11-08 15:28:38,629 INFO     ___FILE_ONLY___   
2022-11-08 15:28:38,629 INFO     ___FILE_ONLY___ n1-standard-4
2022-11-08 15:28:38,629 INFO     ___FILE_ONLY___   
2022-11-08 15:28:38,629 INFO     ___FILE_ONLY___ 1.21.14-gke.8500
2022-11-08 15:28:38,629 INFO     ___FILE_ONLY___   
2022-11-08 15:28:38,629 INFO     ___FILE_ONLY___ 3
2022-11-08 15:28:38,629 INFO     ___FILE_ONLY___           
2022-11-08 15:28:38,629 INFO     ___FILE_ONLY___ RUNNING
2022-11-08 15:28:38,629 INFO     ___FILE_ONLY___ 

2022-11-08 15:28:38,643 DEBUG    root            Metrics reporting process started...
