2023-11-28 19:50:30,792 DEBUG    root            Loaded Command Group: ['gcloud', 'config']
2023-11-28 19:50:30,794 DEBUG    root            Loaded Command Group: ['gcloud', 'config', 'config_helper']
2023-11-28 19:50:30,795 DEBUG    root            Running [gcloud.config.config-helper] with arguments: [--format: "json"]
2023-11-28 19:50:30,809 DEBUG    google.auth.transport.requests Making request: POST https://oauth2.googleapis.com/token
2023-11-28 19:50:30,827 DEBUG    urllib3.connectionpool Starting new HTTPS connection (1): oauth2.googleapis.com:443
2023-11-28 19:50:31,109 DEBUG    urllib3.connectionpool https://oauth2.googleapis.com:443 "POST /token HTTP/1.1" 200 None
2023-11-28 19:50:31,136 DEBUG    root            Chosen display Format:default json
2023-11-28 19:50:31,137 INFO     root            Display format: "default json"
2023-11-28 19:50:31,137 INFO     ___FILE_ONLY___ {
  "configuration": {
    "active_configuration": "percona-cloud-dev",
    "properties": {
      "core": {
        "account": "inel.pandzic@percona.com",
        "disable_usage_reporting": "False",
        "project": "cloud-dev-112233"
      }
    }
  },
  "credential": {
    "access_token": "ya29.a0AfB_byCX3G8q_b4rlOlIc73NCpWBsHE5FLMYCDSHtIkjTkoHmSOEysWvfmGboLY_XhgGZahVCqpEg4oGeiIiGkJNHKoAEFcoZHl7RaIXYtsxQwvRMkrIyTW2pCk_F-_wXEcd7GHZhVJ8Ps41kP4cc6fBbMjk-KnsxJOy_39GY0SYaCgYKAbsSARESFQHGX2Mi3xEBFcaUM-pA3nhwHbAcJQ0179",
    "id_token": "eyJhbGciOiJSUzI1NiIsImtpZCI6IjBlNzJkYTFkZjUwMWNhNmY3NTZiZjEwM2ZkN2M3MjAyOTQ3NzI1MDYiLCJ0eXAiOiJKV1QifQ.eyJpc3MiOiJodHRwczovL2FjY291bnRzLmdvb2dsZS5jb20iLCJhenAiOiIzMjU1NTk0MDU1OS5hcHBzLmdvb2dsZXVzZXJjb250ZW50LmNvbSIsImF1ZCI6IjMyNTU1OTQwNTU5LmFwcHMuZ29vZ2xldXNlcmNvbnRlbnQuY29tIiwic3ViIjoiMTA3NDA5ODEzMzQ0NTU5NDQzNDA3IiwiaGQiOiJwZXJjb25hLmNvbSIsImVtYWlsIjoiaW5lbC5wYW5kemljQHBlcmNvbmEuY29tIiwiZW1haWxfdmVyaWZpZWQiOnRydWUsImF0X2hhc2giOiJxajVDbEE3VWtRcUs2bnVLX0JncDlnIiwiaWF0IjoxNzAxMTk3NDMwLCJleHAiOjE3MDEyMDEwMzB9.mkpKpRZM-5lES1peS_y1-xleVnI2_FzqixGek2h5zBdgqLnfITAr13_Sm7OleBDh6rBDUUdZ1ywkRAlRrLFDBMmTnMPPU1FAsAQKxruktVGsWgmfy5nNSwCC6eev4Oih5HoVbgmz8eNjDgU9POPPi-1x23iarsROBRrI2CCPtjm3dZkkou4HJl5gEqAnotW1zNu-D-hIwho4YbDdCA_XSfPqib0njxJFJLndEcAtaDsIODlriTy3Pv9vyE_h2x6lnw56caxHtfaoWsYQG6R2yWWe1_03P_ev_IR5lveLeylgCOHQAc5H5E3GjyUkLYQcCf55u9gZHLGBAsyINTzw_w",
    "token_expiry": "2023-11-28T19:50:30Z"
  },
  "sentinels": {
    "config_sentinel": "/Users/inelpandzic/.config/gcloud/config_sentinel"
  }
}
2023-11-28 19:50:31,139 INFO     ___FILE_ONLY___ 

2023-11-28 19:50:31,148 DEBUG    root            Metrics reporting process started...
