2023-12-13 07:56:14,608 DEBUG    root            Loaded Command Group: ['gcloud', 'container', 'clusters']
2023-12-13 07:56:14,612 DEBUG    root            Loaded Command Group: ['gcloud', 'container', 'clusters', 'create']
2023-12-13 07:56:14,645 DEBUG    google.auth.transport.requests Making request: POST https://oauth2.googleapis.com/token
2023-12-13 07:56:14,661 DEBUG    urllib3.connectionpool Starting new HTTPS connection (1): oauth2.googleapis.com:443
2023-12-13 07:56:14,979 DEBUG    urllib3.connectionpool https://oauth2.googleapis.com:443 "POST /token HTTP/1.1" 200 None
2023-12-13 07:56:14,988 DEBUG    root            Running [gcloud.container.clusters.create] with arguments: [--cluster-version: "1.25", --disk-size: "32212254720", --labels: "OrderedDict([('delete-cluster-after-hours', '10')])", --machine-type: "n1-standard-4", --no-enable-autoupgrade: "False", --num-nodes: "3", --preemptible: "True", --zone: "europe-west3-b", NAME: "inel-17139"]
2023-12-13 07:56:14,994 INFO     ___FILE_ONLY___ Default change: VPC-native is the default mode during cluster creation for versions greater than 1.21.0-gke.1500. To create advanced routes based clusters, please pass the `--no-enable-ip-alias` flag

2023-12-13 07:56:14,994 INFO     ___FILE_ONLY___ Default change: During creation of nodepools or autoscaling configuration changes for cluster versions greater than 1.24.1-gke.800 a default location policy is applied. For Spot and PVM it defaults to ANY, and for all other VM kinds a BALANCED policy is used. To change the default values use the `--location-policy` flag.

2023-12-13 07:56:14,994 INFO     ___FILE_ONLY___ Note: Your Pod address range (`--cluster-ipv4-cidr`) can accommodate at most 1008 node(s).

2023-12-13 07:56:15,039 DEBUG    urllib3.connectionpool Starting new HTTPS connection (1): container.googleapis.com:443
2023-12-13 07:56:19,999 DEBUG    urllib3.connectionpool https://container.googleapis.com:443 "POST /v1/projects/cloud-dev-112233/locations/europe-west3-b/clusters?alt=json HTTP/1.1" 200 None
2023-12-13 07:56:20,004 INFO     ___FILE_ONLY___ Creating cluster inel-17139 in europe-west3-b...
2023-12-13 07:56:20,008 DEBUG    urllib3.connectionpool Starting new HTTPS connection (1): container.googleapis.com:443
2023-12-13 07:56:20,386 DEBUG    urllib3.connectionpool https://container.googleapis.com:443 "GET /v1/projects/cloud-dev-112233/locations/europe-west3-b/operations/operation-1702450579938-47a68fac-97d2-4e10-a7b1-2e26ba0d25c6?alt=json HTTP/1.1" 200 None
2023-12-13 07:56:25,394 DEBUG    urllib3.connectionpool Starting new HTTPS connection (1): container.googleapis.com:443
2023-12-13 07:56:25,620 DEBUG    urllib3.connectionpool https://container.googleapis.com:443 "GET /v1/projects/cloud-dev-112233/locations/europe-west3-b/operations/operation-1702450579938-47a68fac-97d2-4e10-a7b1-2e26ba0d25c6?alt=json HTTP/1.1" 200 None
2023-12-13 07:56:30,628 DEBUG    urllib3.connectionpool Starting new HTTPS connection (1): container.googleapis.com:443
2023-12-13 07:56:30,848 DEBUG    urllib3.connectionpool https://container.googleapis.com:443 "GET /v1/projects/cloud-dev-112233/locations/europe-west3-b/operations/operation-1702450579938-47a68fac-97d2-4e10-a7b1-2e26ba0d25c6?alt=json HTTP/1.1" 200 None
2023-12-13 07:56:35,859 DEBUG    urllib3.connectionpool Starting new HTTPS connection (1): container.googleapis.com:443
2023-12-13 07:56:36,058 DEBUG    urllib3.connectionpool https://container.googleapis.com:443 "GET /v1/projects/cloud-dev-112233/locations/europe-west3-b/operations/operation-1702450579938-47a68fac-97d2-4e10-a7b1-2e26ba0d25c6?alt=json HTTP/1.1" 200 None
2023-12-13 07:56:41,076 DEBUG    urllib3.connectionpool Starting new HTTPS connection (1): container.googleapis.com:443
2023-12-13 07:56:41,376 DEBUG    urllib3.connectionpool https://container.googleapis.com:443 "GET /v1/projects/cloud-dev-112233/locations/europe-west3-b/operations/operation-1702450579938-47a68fac-97d2-4e10-a7b1-2e26ba0d25c6?alt=json HTTP/1.1" 200 None
2023-12-13 07:56:46,384 DEBUG    urllib3.connectionpool Starting new HTTPS connection (1): container.googleapis.com:443
2023-12-13 07:56:46,592 DEBUG    urllib3.connectionpool https://container.googleapis.com:443 "GET /v1/projects/cloud-dev-112233/locations/europe-west3-b/operations/operation-1702450579938-47a68fac-97d2-4e10-a7b1-2e26ba0d25c6?alt=json HTTP/1.1" 200 None
2023-12-13 07:56:51,611 DEBUG    urllib3.connectionpool Starting new HTTPS connection (1): container.googleapis.com:443
2023-12-13 07:56:51,850 DEBUG    urllib3.connectionpool https://container.googleapis.com:443 "GET /v1/projects/cloud-dev-112233/locations/europe-west3-b/operations/operation-1702450579938-47a68fac-97d2-4e10-a7b1-2e26ba0d25c6?alt=json HTTP/1.1" 200 None
2023-12-13 07:56:56,862 DEBUG    urllib3.connectionpool Starting new HTTPS connection (1): container.googleapis.com:443
2023-12-13 07:56:57,097 DEBUG    urllib3.connectionpool https://container.googleapis.com:443 "GET /v1/projects/cloud-dev-112233/locations/europe-west3-b/operations/operation-1702450579938-47a68fac-97d2-4e10-a7b1-2e26ba0d25c6?alt=json HTTP/1.1" 200 None
2023-12-13 07:57:02,101 DEBUG    urllib3.connectionpool Starting new HTTPS connection (1): container.googleapis.com:443
2023-12-13 07:57:02,298 DEBUG    urllib3.connectionpool https://container.googleapis.com:443 "GET /v1/projects/cloud-dev-112233/locations/europe-west3-b/operations/operation-1702450579938-47a68fac-97d2-4e10-a7b1-2e26ba0d25c6?alt=json HTTP/1.1" 200 None
2023-12-13 07:57:07,305 DEBUG    urllib3.connectionpool Starting new HTTPS connection (1): container.googleapis.com:443
2023-12-13 07:57:07,539 DEBUG    urllib3.connectionpool https://container.googleapis.com:443 "GET /v1/projects/cloud-dev-112233/locations/europe-west3-b/operations/operation-1702450579938-47a68fac-97d2-4e10-a7b1-2e26ba0d25c6?alt=json HTTP/1.1" 200 None
2023-12-13 07:57:12,547 DEBUG    urllib3.connectionpool Starting new HTTPS connection (1): container.googleapis.com:443
2023-12-13 07:57:12,774 DEBUG    urllib3.connectionpool https://container.googleapis.com:443 "GET /v1/projects/cloud-dev-112233/locations/europe-west3-b/operations/operation-1702450579938-47a68fac-97d2-4e10-a7b1-2e26ba0d25c6?alt=json HTTP/1.1" 200 None
2023-12-13 07:57:17,777 DEBUG    urllib3.connectionpool Starting new HTTPS connection (1): container.googleapis.com:443
2023-12-13 07:57:18,019 DEBUG    urllib3.connectionpool https://container.googleapis.com:443 "GET /v1/projects/cloud-dev-112233/locations/europe-west3-b/operations/operation-1702450579938-47a68fac-97d2-4e10-a7b1-2e26ba0d25c6?alt=json HTTP/1.1" 200 None
2023-12-13 07:57:23,028 DEBUG    urllib3.connectionpool Starting new HTTPS connection (1): container.googleapis.com:443
2023-12-13 07:57:23,264 DEBUG    urllib3.connectionpool https://container.googleapis.com:443 "GET /v1/projects/cloud-dev-112233/locations/europe-west3-b/operations/operation-1702450579938-47a68fac-97d2-4e10-a7b1-2e26ba0d25c6?alt=json HTTP/1.1" 200 None
2023-12-13 07:57:28,282 DEBUG    urllib3.connectionpool Starting new HTTPS connection (1): container.googleapis.com:443
2023-12-13 07:57:28,510 DEBUG    urllib3.connectionpool https://container.googleapis.com:443 "GET /v1/projects/cloud-dev-112233/locations/europe-west3-b/operations/operation-1702450579938-47a68fac-97d2-4e10-a7b1-2e26ba0d25c6?alt=json HTTP/1.1" 200 None
2023-12-13 07:57:33,521 DEBUG    urllib3.connectionpool Starting new HTTPS connection (1): container.googleapis.com:443
2023-12-13 07:57:33,752 DEBUG    urllib3.connectionpool https://container.googleapis.com:443 "GET /v1/projects/cloud-dev-112233/locations/europe-west3-b/operations/operation-1702450579938-47a68fac-97d2-4e10-a7b1-2e26ba0d25c6?alt=json HTTP/1.1" 200 None
2023-12-13 07:57:38,782 DEBUG    urllib3.connectionpool Starting new HTTPS connection (1): container.googleapis.com:443
2023-12-13 07:57:39,014 DEBUG    urllib3.connectionpool https://container.googleapis.com:443 "GET /v1/projects/cloud-dev-112233/locations/europe-west3-b/operations/operation-1702450579938-47a68fac-97d2-4e10-a7b1-2e26ba0d25c6?alt=json HTTP/1.1" 200 None
2023-12-13 07:57:44,028 DEBUG    urllib3.connectionpool Starting new HTTPS connection (1): container.googleapis.com:443
2023-12-13 07:57:44,233 DEBUG    urllib3.connectionpool https://container.googleapis.com:443 "GET /v1/projects/cloud-dev-112233/locations/europe-west3-b/operations/operation-1702450579938-47a68fac-97d2-4e10-a7b1-2e26ba0d25c6?alt=json HTTP/1.1" 200 None
2023-12-13 07:57:49,254 DEBUG    urllib3.connectionpool Starting new HTTPS connection (1): container.googleapis.com:443
2023-12-13 07:57:49,528 DEBUG    urllib3.connectionpool https://container.googleapis.com:443 "GET /v1/projects/cloud-dev-112233/locations/europe-west3-b/operations/operation-1702450579938-47a68fac-97d2-4e10-a7b1-2e26ba0d25c6?alt=json HTTP/1.1" 200 None
2023-12-13 07:57:54,545 DEBUG    urllib3.connectionpool Starting new HTTPS connection (1): container.googleapis.com:443
2023-12-13 07:57:54,805 DEBUG    urllib3.connectionpool https://container.googleapis.com:443 "GET /v1/projects/cloud-dev-112233/locations/europe-west3-b/operations/operation-1702450579938-47a68fac-97d2-4e10-a7b1-2e26ba0d25c6?alt=json HTTP/1.1" 200 None
2023-12-13 07:57:59,827 DEBUG    urllib3.connectionpool Starting new HTTPS connection (1): container.googleapis.com:443
2023-12-13 07:58:00,100 DEBUG    urllib3.connectionpool https://container.googleapis.com:443 "GET /v1/projects/cloud-dev-112233/locations/europe-west3-b/operations/operation-1702450579938-47a68fac-97d2-4e10-a7b1-2e26ba0d25c6?alt=json HTTP/1.1" 200 None
2023-12-13 07:58:05,116 DEBUG    urllib3.connectionpool Starting new HTTPS connection (1): container.googleapis.com:443
2023-12-13 07:58:05,338 DEBUG    urllib3.connectionpool https://container.googleapis.com:443 "GET /v1/projects/cloud-dev-112233/locations/europe-west3-b/operations/operation-1702450579938-47a68fac-97d2-4e10-a7b1-2e26ba0d25c6?alt=json HTTP/1.1" 200 None
2023-12-13 07:58:10,356 DEBUG    urllib3.connectionpool Starting new HTTPS connection (1): container.googleapis.com:443
2023-12-13 07:58:10,764 DEBUG    urllib3.connectionpool https://container.googleapis.com:443 "GET /v1/projects/cloud-dev-112233/locations/europe-west3-b/operations/operation-1702450579938-47a68fac-97d2-4e10-a7b1-2e26ba0d25c6?alt=json HTTP/1.1" 200 None
2023-12-13 07:58:15,783 DEBUG    urllib3.connectionpool Starting new HTTPS connection (1): container.googleapis.com:443
2023-12-13 07:58:16,176 DEBUG    urllib3.connectionpool https://container.googleapis.com:443 "GET /v1/projects/cloud-dev-112233/locations/europe-west3-b/operations/operation-1702450579938-47a68fac-97d2-4e10-a7b1-2e26ba0d25c6?alt=json HTTP/1.1" 200 None
2023-12-13 07:58:21,197 DEBUG    urllib3.connectionpool Starting new HTTPS connection (1): container.googleapis.com:443
2023-12-13 07:58:21,499 DEBUG    urllib3.connectionpool https://container.googleapis.com:443 "GET /v1/projects/cloud-dev-112233/locations/europe-west3-b/operations/operation-1702450579938-47a68fac-97d2-4e10-a7b1-2e26ba0d25c6?alt=json HTTP/1.1" 200 None
2023-12-13 07:58:26,518 DEBUG    urllib3.connectionpool Starting new HTTPS connection (1): container.googleapis.com:443
2023-12-13 07:58:26,786 DEBUG    urllib3.connectionpool https://container.googleapis.com:443 "GET /v1/projects/cloud-dev-112233/locations/europe-west3-b/operations/operation-1702450579938-47a68fac-97d2-4e10-a7b1-2e26ba0d25c6?alt=json HTTP/1.1" 200 None
2023-12-13 07:58:31,804 DEBUG    urllib3.connectionpool Starting new HTTPS connection (1): container.googleapis.com:443
2023-12-13 07:58:32,262 DEBUG    urllib3.connectionpool https://container.googleapis.com:443 "GET /v1/projects/cloud-dev-112233/locations/europe-west3-b/operations/operation-1702450579938-47a68fac-97d2-4e10-a7b1-2e26ba0d25c6?alt=json HTTP/1.1" 200 None
2023-12-13 07:58:37,283 DEBUG    urllib3.connectionpool Starting new HTTPS connection (1): container.googleapis.com:443
2023-12-13 07:58:37,707 DEBUG    urllib3.connectionpool https://container.googleapis.com:443 "GET /v1/projects/cloud-dev-112233/locations/europe-west3-b/operations/operation-1702450579938-47a68fac-97d2-4e10-a7b1-2e26ba0d25c6?alt=json HTTP/1.1" 200 None
2023-12-13 07:58:42,726 DEBUG    urllib3.connectionpool Starting new HTTPS connection (1): container.googleapis.com:443
2023-12-13 07:58:42,966 DEBUG    urllib3.connectionpool https://container.googleapis.com:443 "GET /v1/projects/cloud-dev-112233/locations/europe-west3-b/operations/operation-1702450579938-47a68fac-97d2-4e10-a7b1-2e26ba0d25c6?alt=json HTTP/1.1" 200 None
2023-12-13 07:58:47,985 DEBUG    urllib3.connectionpool Starting new HTTPS connection (1): container.googleapis.com:443
2023-12-13 07:58:48,186 DEBUG    urllib3.connectionpool https://container.googleapis.com:443 "GET /v1/projects/cloud-dev-112233/locations/europe-west3-b/operations/operation-1702450579938-47a68fac-97d2-4e10-a7b1-2e26ba0d25c6?alt=json HTTP/1.1" 200 None
2023-12-13 07:58:53,208 DEBUG    urllib3.connectionpool Starting new HTTPS connection (1): container.googleapis.com:443
2023-12-13 07:58:53,456 DEBUG    urllib3.connectionpool https://container.googleapis.com:443 "GET /v1/projects/cloud-dev-112233/locations/europe-west3-b/operations/operation-1702450579938-47a68fac-97d2-4e10-a7b1-2e26ba0d25c6?alt=json HTTP/1.1" 200 None
2023-12-13 07:58:58,479 DEBUG    urllib3.connectionpool Starting new HTTPS connection (1): container.googleapis.com:443
2023-12-13 07:58:58,716 DEBUG    urllib3.connectionpool https://container.googleapis.com:443 "GET /v1/projects/cloud-dev-112233/locations/europe-west3-b/operations/operation-1702450579938-47a68fac-97d2-4e10-a7b1-2e26ba0d25c6?alt=json HTTP/1.1" 200 None
2023-12-13 07:59:03,738 DEBUG    urllib3.connectionpool Starting new HTTPS connection (1): container.googleapis.com:443
2023-12-13 07:59:04,007 DEBUG    urllib3.connectionpool https://container.googleapis.com:443 "GET /v1/projects/cloud-dev-112233/locations/europe-west3-b/operations/operation-1702450579938-47a68fac-97d2-4e10-a7b1-2e26ba0d25c6?alt=json HTTP/1.1" 200 None
2023-12-13 07:59:09,026 DEBUG    urllib3.connectionpool Starting new HTTPS connection (1): container.googleapis.com:443
2023-12-13 07:59:09,252 DEBUG    urllib3.connectionpool https://container.googleapis.com:443 "GET /v1/projects/cloud-dev-112233/locations/europe-west3-b/operations/operation-1702450579938-47a68fac-97d2-4e10-a7b1-2e26ba0d25c6?alt=json HTTP/1.1" 200 None
2023-12-13 07:59:14,274 DEBUG    urllib3.connectionpool Starting new HTTPS connection (1): container.googleapis.com:443
2023-12-13 07:59:14,542 DEBUG    urllib3.connectionpool https://container.googleapis.com:443 "GET /v1/projects/cloud-dev-112233/locations/europe-west3-b/operations/operation-1702450579938-47a68fac-97d2-4e10-a7b1-2e26ba0d25c6?alt=json HTTP/1.1" 200 None
2023-12-13 07:59:19,559 DEBUG    urllib3.connectionpool Starting new HTTPS connection (1): container.googleapis.com:443
2023-12-13 07:59:19,801 DEBUG    urllib3.connectionpool https://container.googleapis.com:443 "GET /v1/projects/cloud-dev-112233/locations/europe-west3-b/operations/operation-1702450579938-47a68fac-97d2-4e10-a7b1-2e26ba0d25c6?alt=json HTTP/1.1" 200 None
2023-12-13 07:59:24,823 DEBUG    urllib3.connectionpool Starting new HTTPS connection (1): container.googleapis.com:443
2023-12-13 07:59:25,211 DEBUG    urllib3.connectionpool https://container.googleapis.com:443 "GET /v1/projects/cloud-dev-112233/locations/europe-west3-b/operations/operation-1702450579938-47a68fac-97d2-4e10-a7b1-2e26ba0d25c6?alt=json HTTP/1.1" 200 None
2023-12-13 07:59:30,234 DEBUG    urllib3.connectionpool Starting new HTTPS connection (1): container.googleapis.com:443
2023-12-13 07:59:30,584 DEBUG    urllib3.connectionpool https://container.googleapis.com:443 "GET /v1/projects/cloud-dev-112233/locations/europe-west3-b/operations/operation-1702450579938-47a68fac-97d2-4e10-a7b1-2e26ba0d25c6?alt=json HTTP/1.1" 200 None
2023-12-13 07:59:35,602 DEBUG    urllib3.connectionpool Starting new HTTPS connection (1): container.googleapis.com:443
2023-12-13 07:59:35,928 DEBUG    urllib3.connectionpool https://container.googleapis.com:443 "GET /v1/projects/cloud-dev-112233/locations/europe-west3-b/operations/operation-1702450579938-47a68fac-97d2-4e10-a7b1-2e26ba0d25c6?alt=json HTTP/1.1" 200 None
2023-12-13 07:59:40,945 DEBUG    urllib3.connectionpool Starting new HTTPS connection (1): container.googleapis.com:443
2023-12-13 07:59:41,176 DEBUG    urllib3.connectionpool https://container.googleapis.com:443 "GET /v1/projects/cloud-dev-112233/locations/europe-west3-b/operations/operation-1702450579938-47a68fac-97d2-4e10-a7b1-2e26ba0d25c6?alt=json HTTP/1.1" 200 None
2023-12-13 07:59:46,199 DEBUG    urllib3.connectionpool Starting new HTTPS connection (1): container.googleapis.com:443
2023-12-13 07:59:46,423 DEBUG    urllib3.connectionpool https://container.googleapis.com:443 "GET /v1/projects/cloud-dev-112233/locations/europe-west3-b/operations/operation-1702450579938-47a68fac-97d2-4e10-a7b1-2e26ba0d25c6?alt=json HTTP/1.1" 200 None
2023-12-13 07:59:51,430 DEBUG    urllib3.connectionpool Starting new HTTPS connection (1): container.googleapis.com:443
2023-12-13 07:59:51,671 DEBUG    urllib3.connectionpool https://container.googleapis.com:443 "GET /v1/projects/cloud-dev-112233/locations/europe-west3-b/operations/operation-1702450579938-47a68fac-97d2-4e10-a7b1-2e26ba0d25c6?alt=json HTTP/1.1" 200 None
2023-12-13 07:59:56,681 DEBUG    urllib3.connectionpool Starting new HTTPS connection (1): container.googleapis.com:443
2023-12-13 07:59:56,882 DEBUG    urllib3.connectionpool https://container.googleapis.com:443 "GET /v1/projects/cloud-dev-112233/locations/europe-west3-b/operations/operation-1702450579938-47a68fac-97d2-4e10-a7b1-2e26ba0d25c6?alt=json HTTP/1.1" 200 None
2023-12-13 08:00:01,890 DEBUG    urllib3.connectionpool Starting new HTTPS connection (1): container.googleapis.com:443
2023-12-13 08:00:02,128 DEBUG    urllib3.connectionpool https://container.googleapis.com:443 "GET /v1/projects/cloud-dev-112233/locations/europe-west3-b/operations/operation-1702450579938-47a68fac-97d2-4e10-a7b1-2e26ba0d25c6?alt=json HTTP/1.1" 200 None
2023-12-13 08:00:07,146 DEBUG    urllib3.connectionpool Starting new HTTPS connection (1): container.googleapis.com:443
2023-12-13 08:00:07,391 DEBUG    urllib3.connectionpool https://container.googleapis.com:443 "GET /v1/projects/cloud-dev-112233/locations/europe-west3-b/operations/operation-1702450579938-47a68fac-97d2-4e10-a7b1-2e26ba0d25c6?alt=json HTTP/1.1" 200 None
2023-12-13 08:00:12,406 DEBUG    urllib3.connectionpool Starting new HTTPS connection (1): container.googleapis.com:443
2023-12-13 08:00:12,751 DEBUG    urllib3.connectionpool https://container.googleapis.com:443 "GET /v1/projects/cloud-dev-112233/locations/europe-west3-b/operations/operation-1702450579938-47a68fac-97d2-4e10-a7b1-2e26ba0d25c6?alt=json HTTP/1.1" 200 None
2023-12-13 08:00:17,767 DEBUG    urllib3.connectionpool Starting new HTTPS connection (1): container.googleapis.com:443
2023-12-13 08:00:18,122 DEBUG    urllib3.connectionpool https://container.googleapis.com:443 "GET /v1/projects/cloud-dev-112233/locations/europe-west3-b/operations/operation-1702450579938-47a68fac-97d2-4e10-a7b1-2e26ba0d25c6?alt=json HTTP/1.1" 200 None
2023-12-13 08:00:23,142 DEBUG    urllib3.connectionpool Starting new HTTPS connection (1): container.googleapis.com:443
2023-12-13 08:00:23,569 DEBUG    urllib3.connectionpool https://container.googleapis.com:443 "GET /v1/projects/cloud-dev-112233/locations/europe-west3-b/operations/operation-1702450579938-47a68fac-97d2-4e10-a7b1-2e26ba0d25c6?alt=json HTTP/1.1" 200 None
2023-12-13 08:00:28,584 DEBUG    urllib3.connectionpool Starting new HTTPS connection (1): container.googleapis.com:443
2023-12-13 08:00:28,838 DEBUG    urllib3.connectionpool https://container.googleapis.com:443 "GET /v1/projects/cloud-dev-112233/locations/europe-west3-b/operations/operation-1702450579938-47a68fac-97d2-4e10-a7b1-2e26ba0d25c6?alt=json HTTP/1.1" 200 None
2023-12-13 08:00:33,849 DEBUG    urllib3.connectionpool Starting new HTTPS connection (1): container.googleapis.com:443
2023-12-13 08:00:34,119 DEBUG    urllib3.connectionpool https://container.googleapis.com:443 "GET /v1/projects/cloud-dev-112233/locations/europe-west3-b/operations/operation-1702450579938-47a68fac-97d2-4e10-a7b1-2e26ba0d25c6?alt=json HTTP/1.1" 200 None
2023-12-13 08:00:39,133 DEBUG    urllib3.connectionpool Starting new HTTPS connection (1): container.googleapis.com:443
2023-12-13 08:00:39,388 DEBUG    urllib3.connectionpool https://container.googleapis.com:443 "GET /v1/projects/cloud-dev-112233/locations/europe-west3-b/operations/operation-1702450579938-47a68fac-97d2-4e10-a7b1-2e26ba0d25c6?alt=json HTTP/1.1" 200 None
2023-12-13 08:00:44,406 DEBUG    urllib3.connectionpool Starting new HTTPS connection (1): container.googleapis.com:443
2023-12-13 08:00:44,650 DEBUG    urllib3.connectionpool https://container.googleapis.com:443 "GET /v1/projects/cloud-dev-112233/locations/europe-west3-b/operations/operation-1702450579938-47a68fac-97d2-4e10-a7b1-2e26ba0d25c6?alt=json HTTP/1.1" 200 None
2023-12-13 08:00:49,672 DEBUG    urllib3.connectionpool Starting new HTTPS connection (1): container.googleapis.com:443
2023-12-13 08:00:49,943 DEBUG    urllib3.connectionpool https://container.googleapis.com:443 "GET /v1/projects/cloud-dev-112233/locations/europe-west3-b/operations/operation-1702450579938-47a68fac-97d2-4e10-a7b1-2e26ba0d25c6?alt=json HTTP/1.1" 200 None
2023-12-13 08:00:54,967 DEBUG    urllib3.connectionpool Starting new HTTPS connection (1): container.googleapis.com:443
2023-12-13 08:00:55,339 DEBUG    urllib3.connectionpool https://container.googleapis.com:443 "GET /v1/projects/cloud-dev-112233/locations/europe-west3-b/operations/operation-1702450579938-47a68fac-97d2-4e10-a7b1-2e26ba0d25c6?alt=json HTTP/1.1" 200 None
2023-12-13 08:01:00,359 DEBUG    urllib3.connectionpool Starting new HTTPS connection (1): container.googleapis.com:443
2023-12-13 08:01:00,784 DEBUG    urllib3.connectionpool https://container.googleapis.com:443 "GET /v1/projects/cloud-dev-112233/locations/europe-west3-b/operations/operation-1702450579938-47a68fac-97d2-4e10-a7b1-2e26ba0d25c6?alt=json HTTP/1.1" 200 None
2023-12-13 08:01:05,801 DEBUG    urllib3.connectionpool Starting new HTTPS connection (1): container.googleapis.com:443
2023-12-13 08:01:06,035 DEBUG    urllib3.connectionpool https://container.googleapis.com:443 "GET /v1/projects/cloud-dev-112233/locations/europe-west3-b/operations/operation-1702450579938-47a68fac-97d2-4e10-a7b1-2e26ba0d25c6?alt=json HTTP/1.1" 200 None
2023-12-13 08:01:11,054 DEBUG    urllib3.connectionpool Starting new HTTPS connection (1): container.googleapis.com:443
2023-12-13 08:01:11,789 DEBUG    urllib3.connectionpool https://container.googleapis.com:443 "GET /v1/projects/cloud-dev-112233/locations/europe-west3-b/operations/operation-1702450579938-47a68fac-97d2-4e10-a7b1-2e26ba0d25c6?alt=json HTTP/1.1" 200 None
2023-12-13 08:01:16,805 DEBUG    urllib3.connectionpool Starting new HTTPS connection (1): container.googleapis.com:443
2023-12-13 08:01:17,066 DEBUG    urllib3.connectionpool https://container.googleapis.com:443 "GET /v1/projects/cloud-dev-112233/locations/europe-west3-b/operations/operation-1702450579938-47a68fac-97d2-4e10-a7b1-2e26ba0d25c6?alt=json HTTP/1.1" 200 None
2023-12-13 08:01:22,082 DEBUG    urllib3.connectionpool Starting new HTTPS connection (1): container.googleapis.com:443
2023-12-13 08:01:22,319 DEBUG    urllib3.connectionpool https://container.googleapis.com:443 "GET /v1/projects/cloud-dev-112233/locations/europe-west3-b/operations/operation-1702450579938-47a68fac-97d2-4e10-a7b1-2e26ba0d25c6?alt=json HTTP/1.1" 200 None
2023-12-13 08:01:27,330 DEBUG    urllib3.connectionpool Starting new HTTPS connection (1): container.googleapis.com:443
2023-12-13 08:01:27,574 DEBUG    urllib3.connectionpool https://container.googleapis.com:443 "GET /v1/projects/cloud-dev-112233/locations/europe-west3-b/operations/operation-1702450579938-47a68fac-97d2-4e10-a7b1-2e26ba0d25c6?alt=json HTTP/1.1" 200 None
2023-12-13 08:01:32,592 DEBUG    urllib3.connectionpool Starting new HTTPS connection (1): container.googleapis.com:443
2023-12-13 08:01:32,835 DEBUG    urllib3.connectionpool https://container.googleapis.com:443 "GET /v1/projects/cloud-dev-112233/locations/europe-west3-b/operations/operation-1702450579938-47a68fac-97d2-4e10-a7b1-2e26ba0d25c6?alt=json HTTP/1.1" 200 None
2023-12-13 08:01:37,855 DEBUG    urllib3.connectionpool Starting new HTTPS connection (1): container.googleapis.com:443
2023-12-13 08:01:38,328 DEBUG    urllib3.connectionpool https://container.googleapis.com:443 "GET /v1/projects/cloud-dev-112233/locations/europe-west3-b/operations/operation-1702450579938-47a68fac-97d2-4e10-a7b1-2e26ba0d25c6?alt=json HTTP/1.1" 200 None
2023-12-13 08:01:43,349 DEBUG    urllib3.connectionpool Starting new HTTPS connection (1): container.googleapis.com:443
2023-12-13 08:01:43,718 DEBUG    urllib3.connectionpool https://container.googleapis.com:443 "GET /v1/projects/cloud-dev-112233/locations/europe-west3-b/operations/operation-1702450579938-47a68fac-97d2-4e10-a7b1-2e26ba0d25c6?alt=json HTTP/1.1" 200 None
2023-12-13 08:01:48,733 DEBUG    urllib3.connectionpool Starting new HTTPS connection (1): container.googleapis.com:443
2023-12-13 08:01:49,035 DEBUG    urllib3.connectionpool https://container.googleapis.com:443 "GET /v1/projects/cloud-dev-112233/locations/europe-west3-b/operations/operation-1702450579938-47a68fac-97d2-4e10-a7b1-2e26ba0d25c6?alt=json HTTP/1.1" 200 None
2023-12-13 08:01:54,055 DEBUG    urllib3.connectionpool Starting new HTTPS connection (1): container.googleapis.com:443
2023-12-13 08:01:54,778 DEBUG    urllib3.connectionpool https://container.googleapis.com:443 "GET /v1/projects/cloud-dev-112233/locations/europe-west3-b/operations/operation-1702450579938-47a68fac-97d2-4e10-a7b1-2e26ba0d25c6?alt=json HTTP/1.1" 200 None
2023-12-13 08:01:54,785 INFO     root            Operation <Operation
 clusterConditions: []
 endTime: '2023-12-13T07:01:54.290032717Z'
 name: 'operation-1702450579938-47a68fac-97d2-4e10-a7b1-2e26ba0d25c6'
 nodepoolConditions: []
 operationType: OperationTypeValueValuesEnum(CREATE_CLUSTER, 1)
 progress: <OperationProgress
 metrics: [<Metric
 intValue: 10
 name: 'CLUSTER_CONFIGURING'>, <Metric
 intValue: 10
 name: 'CLUSTER_CONFIGURING_TOTAL'>, <Metric
 intValue: 12
 name: 'CLUSTER_DEPLOYING'>, <Metric
 intValue: 12
 name: 'CLUSTER_DEPLOYING_TOTAL'>, <Metric
 intValue: 1
 name: 'CLUSTER_HEALTHCHECKING'>, <Metric
 intValue: 2
 name: 'CLUSTER_HEALTHCHECKING_TOTAL'>]
 stages: []>
 selfLink: 'https://container.googleapis.com/v1/projects/166042509722/zones/europe-west3-b/operations/operation-1702450579938-47a68fac-97d2-4e10-a7b1-2e26ba0d25c6'
 startTime: '2023-12-13T06:56:19.938032475Z'
 status: StatusValueValuesEnum(DONE, 3)
 targetLink: 'https://container.googleapis.com/v1/projects/166042509722/zones/europe-west3-b/clusters/inel-17139'
 zone: 'europe-west3-b'> succeeded after 334.781 seconds
2023-12-13 08:01:54,943 DEBUG    urllib3.connectionpool Starting new HTTPS connection (1): container.googleapis.com:443
2023-12-13 08:01:55,364 DEBUG    urllib3.connectionpool https://container.googleapis.com:443 "GET /v1/projects/cloud-dev-112233/locations/europe-west3-b/clusters/inel-17139?alt=json HTTP/1.1" 200 None
2023-12-13 08:01:55,381 INFO     ___FILE_ONLY___ Created [https://container.googleapis.com/v1/projects/cloud-dev-112233/zones/europe-west3-b/clusters/inel-17139].

2023-12-13 08:01:55,382 INFO     ___FILE_ONLY___ To inspect the contents of your cluster, go to: https://console.cloud.google.com/kubernetes/workload_/gcloud/europe-west3-b/inel-17139?project=cloud-dev-112233

2023-12-13 08:01:56,530 DEBUG    root            Saved kubeconfig to /Users/inelpandzic/.kube/config
2023-12-13 08:01:56,530 INFO     ___FILE_ONLY___ kubeconfig entry generated for inel-17139.

2023-12-13 08:01:56,531 DEBUG    root            Chosen display Format:
    table(
        name,
        zone:label=LOCATION,
        master_version():label=MASTER_VERSION,
        endpoint:label=MASTER_IP,
        nodePools[0].config.machineType,
        currentNodeVersion:label=NODE_VERSION,
        firstof(currentNodeCount,initialNodeCount):label=NUM_NODES,
        status
    )

2023-12-13 08:01:56,531 INFO     root            Display format: "
    table(
        name,
        zone:label=LOCATION,
        master_version():label=MASTER_VERSION,
        endpoint:label=MASTER_IP,
        nodePools[0].config.machineType,
        currentNodeVersion:label=NODE_VERSION,
        firstof(currentNodeCount,initialNodeCount):label=NUM_NODES,
        status
    )
"
2023-12-13 08:01:56,533 INFO     ___FILE_ONLY___ NAME
2023-12-13 08:01:56,533 INFO     ___FILE_ONLY___         
2023-12-13 08:01:56,533 INFO     ___FILE_ONLY___ LOCATION
2023-12-13 08:01:56,533 INFO     ___FILE_ONLY___         
2023-12-13 08:01:56,533 INFO     ___FILE_ONLY___ MASTER_VERSION
2023-12-13 08:01:56,533 INFO     ___FILE_ONLY___        
2023-12-13 08:01:56,533 INFO     ___FILE_ONLY___ MASTER_IP
2023-12-13 08:01:56,533 INFO     ___FILE_ONLY___        
2023-12-13 08:01:56,533 INFO     ___FILE_ONLY___ MACHINE_TYPE
2023-12-13 08:01:56,533 INFO     ___FILE_ONLY___    
2023-12-13 08:01:56,533 INFO     ___FILE_ONLY___ NODE_VERSION
2023-12-13 08:01:56,533 INFO     ___FILE_ONLY___          
2023-12-13 08:01:56,533 INFO     ___FILE_ONLY___ NUM_NODES
2023-12-13 08:01:56,533 INFO     ___FILE_ONLY___   
2023-12-13 08:01:56,533 INFO     ___FILE_ONLY___ STATUS
2023-12-13 08:01:56,533 INFO     ___FILE_ONLY___ 

2023-12-13 08:01:56,533 INFO     ___FILE_ONLY___ inel-17139
2023-12-13 08:01:56,533 INFO     ___FILE_ONLY___   
2023-12-13 08:01:56,533 INFO     ___FILE_ONLY___ europe-west3-b
2023-12-13 08:01:56,533 INFO     ___FILE_ONLY___   
2023-12-13 08:01:56,533 INFO     ___FILE_ONLY___ 1.25.16-gke.1020000
2023-12-13 08:01:56,533 INFO     ___FILE_ONLY___   
2023-12-13 08:01:56,534 INFO     ___FILE_ONLY___ 35.198.167.133
2023-12-13 08:01:56,534 INFO     ___FILE_ONLY___   
2023-12-13 08:01:56,534 INFO     ___FILE_ONLY___ n1-standard-4
2023-12-13 08:01:56,534 INFO     ___FILE_ONLY___   
2023-12-13 08:01:56,534 INFO     ___FILE_ONLY___ 1.25.16-gke.1020000
2023-12-13 08:01:56,534 INFO     ___FILE_ONLY___   
2023-12-13 08:01:56,534 INFO     ___FILE_ONLY___ 3
2023-12-13 08:01:56,534 INFO     ___FILE_ONLY___           
2023-12-13 08:01:56,534 INFO     ___FILE_ONLY___ RUNNING
2023-12-13 08:01:56,534 INFO     ___FILE_ONLY___ 

2023-12-13 08:01:56,539 DEBUG    root            Metrics reporting process started...
