2023-12-13 11:02:53,512 DEBUG    root            Loaded Command Group: ['gcloud', 'config']
2023-12-13 11:02:53,514 DEBUG    root            Loaded Command Group: ['gcloud', 'config', 'config_helper']
2023-12-13 11:02:53,515 DEBUG    root            Running [gcloud.config.config-helper] with arguments: [--format: "json"]
2023-12-13 11:02:53,518 DEBUG    root            Chosen display Format:default json
2023-12-13 11:02:53,518 INFO     root            Display format: "default json"
2023-12-13 11:02:53,518 INFO     ___FILE_ONLY___ {
  "configuration": {
    "active_configuration": "percona-cloud-dev",
    "properties": {
      "core": {
        "account": "inel.pandzic@percona.com",
        "disable_usage_reporting": "False",
        "project": "cloud-dev-112233"
      }
    }
  },
  "credential": {
    "access_token": "ya29.a0AfB_byCKnVRc_ZDsSm6KkZxUe7vcycjrRg_Zsq8UufEDvsFIadvPds-BfNW7HmVSA2VOLuyUEh6Awzt7Whmqie9pRm6NwyEKa0ivjKyW6Gc06sBb-ami6DLOmzRcyBqwQ0bjHlz8tfu3WVyN__Ah35WyoLtIgte_eXdaMzhUYC4OaCgYKAasSARESFQHGX2Mitczr8-bnJs7VEwVi7pYP0g0179",
    "id_token": "eyJhbGciOiJSUzI1NiIsImtpZCI6IjBhZDFmZWM3ODUwNGY0NDdiYWU2NWJjZjVhZmFlZGI2NWVlYzllODEiLCJ0eXAiOiJKV1QifQ.eyJpc3MiOiJodHRwczovL2FjY291bnRzLmdvb2dsZS5jb20iLCJhenAiOiIzMjU1NTk0MDU1OS5hcHBzLmdvb2dsZXVzZXJjb250ZW50LmNvbSIsImF1ZCI6IjMyNTU1OTQwNTU5LmFwcHMuZ29vZ2xldXNlcmNvbnRlbnQuY29tIiwic3ViIjoiMTA3NDA5ODEzMzQ0NTU5NDQzNDA3IiwiaGQiOiJwZXJjb25hLmNvbSIsImVtYWlsIjoiaW5lbC5wYW5kemljQHBlcmNvbmEuY29tIiwiZW1haWxfdmVyaWZpZWQiOnRydWUsImF0X2hhc2giOiJCM3RVanNwaVJsMU9CVzdydWxodmR3IiwiaWF0IjoxNzAyNDU5NzE5LCJleHAiOjE3MDI0NjMzMTl9.hBACcf7rVm5wHgWlDsIlNwHbpSZDKUPA7vPD7SWL6QntnmMSBquJQyQwZNa_OmCicTB4Pz0VYICGB9XWPAx6r0UgBmIpMOra8zfzr6d_1Jou4U1ixHEEpW_xwlgZTlsHMMBWIfSvB21KbGNQrfQMA-CRG-MpnZBJ0lG71HB-90mugdGc6w2L2tb5K_dOHGredopk_lP_4VorfMdPDXRlMTUjopkTAfTikRWsiMz4WFDltYxtQm4BhtbqlfXI4_7deT2Cm0hbaDMSvyPJ3lahrkYeRiKE0RhImI4l1BRcN_Bu1vdnO5WpUMMVFECFNK4UVPw1oASBg5cq2OR21WDp5Q",
    "token_expiry": "2023-12-13T10:28:38Z"
  },
  "sentinels": {
    "config_sentinel": "/Users/inelpandzic/.config/gcloud/config_sentinel"
  }
}
2023-12-13 11:02:53,518 INFO     ___FILE_ONLY___ 

2023-12-13 11:02:53,523 DEBUG    root            Metrics reporting process started...
