2023-12-13 11:46:02,402 DEBUG    root            Loaded Command Group: ['gcloud', 'container', 'clusters']
2023-12-13 11:46:02,405 DEBUG    root            Loaded Command Group: ['gcloud', 'container', 'clusters', 'list']
2023-12-13 11:46:02,422 DEBUG    root            Running [gcloud.container.clusters.list] with arguments: []
2023-12-13 11:46:02,514 DEBUG    urllib3.connectionpool Starting new HTTPS connection (1): container.googleapis.com:443
2023-12-13 11:46:03,151 DEBUG    urllib3.connectionpool https://container.googleapis.com:443 "GET /v1/projects/cloud-dev-112233/locations/-/clusters?alt=json HTTP/1.1" 200 None
2023-12-13 11:46:03,237 DEBUG    root            Chosen display Format:
    table(
        name,
        zone:label=LOCATION,
        master_version():label=MASTER_VERSION,
        endpoint:label=MASTER_IP,
        nodePools[0].config.machineType,
        currentNodeVersion:label=NODE_VERSION,
        firstof(currentNodeCount,initialNodeCount):label=NUM_NODES,
        status
    )

2023-12-13 11:46:03,237 INFO     root            Display format: "
    table(
        name,
        zone:label=LOCATION,
        master_version():label=MASTER_VERSION,
        endpoint:label=MASTER_IP,
        nodePools[0].config.machineType,
        currentNodeVersion:label=NODE_VERSION,
        firstof(currentNodeCount,initialNodeCount):label=NUM_NODES,
        status
    )
"
2023-12-13 11:46:03,270 INFO     ___FILE_ONLY___ NAME
2023-12-13 11:46:03,270 INFO     ___FILE_ONLY___                                 
2023-12-13 11:46:03,270 INFO     ___FILE_ONLY___ LOCATION
2023-12-13 11:46:03,270 INFO     ___FILE_ONLY___         
2023-12-13 11:46:03,270 INFO     ___FILE_ONLY___ MASTER_VERSION
2023-12-13 11:46:03,270 INFO     ___FILE_ONLY___        
2023-12-13 11:46:03,270 INFO     ___FILE_ONLY___ MASTER_IP
2023-12-13 11:46:03,270 INFO     ___FILE_ONLY___        
2023-12-13 11:46:03,270 INFO     ___FILE_ONLY___ MACHINE_TYPE
2023-12-13 11:46:03,270 INFO     ___FILE_ONLY___    
2023-12-13 11:46:03,270 INFO     ___FILE_ONLY___ NODE_VERSION
2023-12-13 11:46:03,270 INFO     ___FILE_ONLY___          
2023-12-13 11:46:03,270 INFO     ___FILE_ONLY___ NUM_NODES
2023-12-13 11:46:03,270 INFO     ___FILE_ONLY___   
2023-12-13 11:46:03,271 INFO     ___FILE_ONLY___ STATUS
2023-12-13 11:46:03,271 INFO     ___FILE_ONLY___ 

2023-12-13 11:46:03,271 INFO     ___FILE_ONLY___ andrii-30171
2023-12-13 11:46:03,271 INFO     ___FILE_ONLY___                         
2023-12-13 11:46:03,271 INFO     ___FILE_ONLY___ europe-west1-c
2023-12-13 11:46:03,271 INFO     ___FILE_ONLY___   
2023-12-13 11:46:03,271 INFO     ___FILE_ONLY___ 1.24.17-gke.2347000
2023-12-13 11:46:03,271 INFO     ___FILE_ONLY___   
2023-12-13 11:46:03,271 INFO     ___FILE_ONLY___ 146.148.118.62
2023-12-13 11:46:03,271 INFO     ___FILE_ONLY___   
2023-12-13 11:46:03,271 INFO     ___FILE_ONLY___ n1-standard-4
2023-12-13 11:46:03,271 INFO     ___FILE_ONLY___   
2023-12-13 11:46:03,271 INFO     ___FILE_ONLY___ 1.24.17-gke.2347000
2023-12-13 11:46:03,271 INFO     ___FILE_ONLY___   
2023-12-13 11:46:03,271 INFO     ___FILE_ONLY___ 3
2023-12-13 11:46:03,271 INFO     ___FILE_ONLY___           
2023-12-13 11:46:03,271 INFO     ___FILE_ONLY___ RUNNING
2023-12-13 11:46:03,271 INFO     ___FILE_ONLY___ 

2023-12-13 11:46:03,271 INFO     ___FILE_ONLY___ plavi-1
2023-12-13 11:46:03,271 INFO     ___FILE_ONLY___                              
2023-12-13 11:46:03,271 INFO     ___FILE_ONLY___ europe-west1-c
2023-12-13 11:46:03,271 INFO     ___FILE_ONLY___   
2023-12-13 11:46:03,271 INFO     ___FILE_ONLY___ 1.28.3-gke.1286000
2023-12-13 11:46:03,271 INFO     ___FILE_ONLY___    
2023-12-13 11:46:03,271 INFO     ___FILE_ONLY___ 34.79.129.177
2023-12-13 11:46:03,271 INFO     ___FILE_ONLY___    
2023-12-13 11:46:03,271 INFO     ___FILE_ONLY___ n1-standard-4
2023-12-13 11:46:03,271 INFO     ___FILE_ONLY___   
2023-12-13 11:46:03,271 INFO     ___FILE_ONLY___ 1.28.3-gke.1286000
2023-12-13 11:46:03,271 INFO     ___FILE_ONLY___    
2023-12-13 11:46:03,271 INFO     ___FILE_ONLY___ 3
2023-12-13 11:46:03,271 INFO     ___FILE_ONLY___           
2023-12-13 11:46:03,271 INFO     ___FILE_ONLY___ RUNNING
2023-12-13 11:46:03,271 INFO     ___FILE_ONLY___ 

2023-12-13 11:46:03,271 INFO     ___FILE_ONLY___ ege-788
2023-12-13 11:46:03,271 INFO     ___FILE_ONLY___                              
2023-12-13 11:46:03,271 INFO     ___FILE_ONLY___ europe-west3
2023-12-13 11:46:03,271 INFO     ___FILE_ONLY___     
2023-12-13 11:46:03,271 INFO     ___FILE_ONLY___ 1.28.4-gke.1083000
2023-12-13 11:46:03,271 INFO     ___FILE_ONLY___    
2023-12-13 11:46:03,271 INFO     ___FILE_ONLY___ 34.89.219.77
2023-12-13 11:46:03,271 INFO     ___FILE_ONLY___     
2023-12-13 11:46:03,271 INFO     ___FILE_ONLY___ n1-standard-4
2023-12-13 11:46:03,271 INFO     ___FILE_ONLY___   
2023-12-13 11:46:03,271 INFO     ___FILE_ONLY___ 1.28.4-gke.1083000
2023-12-13 11:46:03,271 INFO     ___FILE_ONLY___    
2023-12-13 11:46:03,271 INFO     ___FILE_ONLY___ 3
2023-12-13 11:46:03,271 INFO     ___FILE_ONLY___           
2023-12-13 11:46:03,272 INFO     ___FILE_ONLY___ RUNNING
2023-12-13 11:46:03,272 INFO     ___FILE_ONLY___ 

2023-12-13 11:46:03,272 INFO     ___FILE_ONLY___ inel-17139
2023-12-13 11:46:03,272 INFO     ___FILE_ONLY___                           
2023-12-13 11:46:03,272 INFO     ___FILE_ONLY___ europe-west3-b
2023-12-13 11:46:03,272 INFO     ___FILE_ONLY___   
2023-12-13 11:46:03,272 INFO     ___FILE_ONLY___ 1.25.16-gke.1020000
2023-12-13 11:46:03,272 INFO     ___FILE_ONLY___   
2023-12-13 11:46:03,272 INFO     ___FILE_ONLY___ 35.198.167.133
2023-12-13 11:46:03,272 INFO     ___FILE_ONLY___   
2023-12-13 11:46:03,272 INFO     ___FILE_ONLY___ n1-standard-4
2023-12-13 11:46:03,272 INFO     ___FILE_ONLY___   
2023-12-13 11:46:03,272 INFO     ___FILE_ONLY___ 1.25.16-gke.1020000
2023-12-13 11:46:03,272 INFO     ___FILE_ONLY___   
2023-12-13 11:46:03,272 INFO     ___FILE_ONLY___ 3
2023-12-13 11:46:03,272 INFO     ___FILE_ONLY___           
2023-12-13 11:46:03,272 INFO     ___FILE_ONLY___ RUNNING
2023-12-13 11:46:03,272 INFO     ___FILE_ONLY___ 

2023-12-13 11:46:03,272 INFO     ___FILE_ONLY___ jen-psmdb-1387-07aeabd5-2-cluster4
2023-12-13 11:46:03,272 INFO     ___FILE_ONLY___   
2023-12-13 11:46:03,272 INFO     ___FILE_ONLY___ us-central1-a
2023-12-13 11:46:03,272 INFO     ___FILE_ONLY___    
2023-12-13 11:46:03,272 INFO     ___FILE_ONLY___ 1.25.16-gke.1020000
2023-12-13 11:46:03,272 INFO     ___FILE_ONLY___   
2023-12-13 11:46:03,272 INFO     ___FILE_ONLY___ 35.222.21.216
2023-12-13 11:46:03,272 INFO     ___FILE_ONLY___    
2023-12-13 11:46:03,272 INFO     ___FILE_ONLY___ n1-standard-4
2023-12-13 11:46:03,272 INFO     ___FILE_ONLY___   
2023-12-13 11:46:03,272 INFO     ___FILE_ONLY___ 1.25.16-gke.1020000
2023-12-13 11:46:03,272 INFO     ___FILE_ONLY___   
2023-12-13 11:46:03,272 INFO     ___FILE_ONLY___ 3
2023-12-13 11:46:03,272 INFO     ___FILE_ONLY___           
2023-12-13 11:46:03,272 INFO     ___FILE_ONLY___ STOPPING
2023-12-13 11:46:03,272 INFO     ___FILE_ONLY___ 

2023-12-13 11:46:03,272 INFO     ___FILE_ONLY___ jen-psmdb-1387-07aeabd5-2-cluster8
2023-12-13 11:46:03,272 INFO     ___FILE_ONLY___   
2023-12-13 11:46:03,272 INFO     ___FILE_ONLY___ us-central1-a
2023-12-13 11:46:03,272 INFO     ___FILE_ONLY___    
2023-12-13 11:46:03,272 INFO     ___FILE_ONLY___ 1.25.16-gke.1020000
2023-12-13 11:46:03,272 INFO     ___FILE_ONLY___   
2023-12-13 11:46:03,272 INFO     ___FILE_ONLY___ 35.193.102.108
2023-12-13 11:46:03,272 INFO     ___FILE_ONLY___   
2023-12-13 11:46:03,272 INFO     ___FILE_ONLY___ n1-standard-4
2023-12-13 11:46:03,272 INFO     ___FILE_ONLY___   
2023-12-13 11:46:03,272 INFO     ___FILE_ONLY___ 1.25.16-gke.1020000
2023-12-13 11:46:03,272 INFO     ___FILE_ONLY___   
2023-12-13 11:46:03,272 INFO     ___FILE_ONLY___ 3
2023-12-13 11:46:03,272 INFO     ___FILE_ONLY___           
2023-12-13 11:46:03,272 INFO     ___FILE_ONLY___ STOPPING
2023-12-13 11:46:03,272 INFO     ___FILE_ONLY___ 

2023-12-13 11:46:03,272 INFO     ___FILE_ONLY___ jen-psmdb-1387-07aeabd5-2-cluster9
2023-12-13 11:46:03,272 INFO     ___FILE_ONLY___   
2023-12-13 11:46:03,272 INFO     ___FILE_ONLY___ us-central1-a
2023-12-13 11:46:03,272 INFO     ___FILE_ONLY___    
2023-12-13 11:46:03,272 INFO     ___FILE_ONLY___ 1.25.16-gke.1020000
2023-12-13 11:46:03,272 INFO     ___FILE_ONLY___   
2023-12-13 11:46:03,272 INFO     ___FILE_ONLY___ 35.223.56.190
2023-12-13 11:46:03,272 INFO     ___FILE_ONLY___    
2023-12-13 11:46:03,272 INFO     ___FILE_ONLY___ n1-standard-4
2023-12-13 11:46:03,272 INFO     ___FILE_ONLY___   
2023-12-13 11:46:03,272 INFO     ___FILE_ONLY___ 1.25.16-gke.1020000
2023-12-13 11:46:03,272 INFO     ___FILE_ONLY___   
2023-12-13 11:46:03,272 INFO     ___FILE_ONLY___ 3
2023-12-13 11:46:03,272 INFO     ___FILE_ONLY___           
2023-12-13 11:46:03,272 INFO     ___FILE_ONLY___ STOPPING
2023-12-13 11:46:03,272 INFO     ___FILE_ONLY___ 

2023-12-13 11:46:03,272 INFO     ___FILE_ONLY___ jen-psmdb-1388-a7b97d75-2-cluster1
2023-12-13 11:46:03,272 INFO     ___FILE_ONLY___   
2023-12-13 11:46:03,273 INFO     ___FILE_ONLY___ us-central1-a
2023-12-13 11:46:03,273 INFO     ___FILE_ONLY___    
2023-12-13 11:46:03,273 INFO     ___FILE_ONLY___ 1.25.16-gke.1020000
2023-12-13 11:46:03,273 INFO     ___FILE_ONLY___   
2023-12-13 11:46:03,273 INFO     ___FILE_ONLY___ 104.198.59.79
2023-12-13 11:46:03,273 INFO     ___FILE_ONLY___    
2023-12-13 11:46:03,273 INFO     ___FILE_ONLY___ n1-standard-4
2023-12-13 11:46:03,273 INFO     ___FILE_ONLY___   
2023-12-13 11:46:03,273 INFO     ___FILE_ONLY___ 1.25.16-gke.1020000
2023-12-13 11:46:03,273 INFO     ___FILE_ONLY___   
2023-12-13 11:46:03,273 INFO     ___FILE_ONLY___ 3
2023-12-13 11:46:03,273 INFO     ___FILE_ONLY___           
2023-12-13 11:46:03,273 INFO     ___FILE_ONLY___ STOPPING
2023-12-13 11:46:03,273 INFO     ___FILE_ONLY___ 

2023-12-13 11:46:03,273 INFO     ___FILE_ONLY___ jen-psmdb-1388-a7b97d75-2-cluster4
2023-12-13 11:46:03,273 INFO     ___FILE_ONLY___   
2023-12-13 11:46:03,273 INFO     ___FILE_ONLY___ us-central1-a
2023-12-13 11:46:03,273 INFO     ___FILE_ONLY___    
2023-12-13 11:46:03,273 INFO     ___FILE_ONLY___ 1.25.16-gke.1020000
2023-12-13 11:46:03,273 INFO     ___FILE_ONLY___   
2023-12-13 11:46:03,273 INFO     ___FILE_ONLY___ 34.123.173.178
2023-12-13 11:46:03,273 INFO     ___FILE_ONLY___   
2023-12-13 11:46:03,273 INFO     ___FILE_ONLY___ n1-standard-4
2023-12-13 11:46:03,273 INFO     ___FILE_ONLY___   
2023-12-13 11:46:03,273 INFO     ___FILE_ONLY___ 1.25.16-gke.1020000
2023-12-13 11:46:03,273 INFO     ___FILE_ONLY___   
2023-12-13 11:46:03,273 INFO     ___FILE_ONLY___ 3
2023-12-13 11:46:03,273 INFO     ___FILE_ONLY___           
2023-12-13 11:46:03,273 INFO     ___FILE_ONLY___ RUNNING
2023-12-13 11:46:03,273 INFO     ___FILE_ONLY___ 

2023-12-13 11:46:03,273 INFO     ___FILE_ONLY___ jen-psmdb-1388-a7b97d75-2-cluster5
2023-12-13 11:46:03,273 INFO     ___FILE_ONLY___   
2023-12-13 11:46:03,273 INFO     ___FILE_ONLY___ us-central1-a
2023-12-13 11:46:03,273 INFO     ___FILE_ONLY___    
2023-12-13 11:46:03,273 INFO     ___FILE_ONLY___ 1.25.16-gke.1020000
2023-12-13 11:46:03,273 INFO     ___FILE_ONLY___   
2023-12-13 11:46:03,273 INFO     ___FILE_ONLY___ 35.193.182.67
2023-12-13 11:46:03,273 INFO     ___FILE_ONLY___    
2023-12-13 11:46:03,273 INFO     ___FILE_ONLY___ n1-standard-4
2023-12-13 11:46:03,273 INFO     ___FILE_ONLY___   
2023-12-13 11:46:03,273 INFO     ___FILE_ONLY___ 1.25.16-gke.1020000
2023-12-13 11:46:03,273 INFO     ___FILE_ONLY___   
2023-12-13 11:46:03,273 INFO     ___FILE_ONLY___ 3
2023-12-13 11:46:03,273 INFO     ___FILE_ONLY___           
2023-12-13 11:46:03,273 INFO     ___FILE_ONLY___ STOPPING
2023-12-13 11:46:03,273 INFO     ___FILE_ONLY___ 

2023-12-13 11:46:03,273 INFO     ___FILE_ONLY___ jen-psmdb-1388-a7b97d75-2-cluster6
2023-12-13 11:46:03,273 INFO     ___FILE_ONLY___   
2023-12-13 11:46:03,273 INFO     ___FILE_ONLY___ us-central1-a
2023-12-13 11:46:03,273 INFO     ___FILE_ONLY___    
2023-12-13 11:46:03,273 INFO     ___FILE_ONLY___ 1.25.16-gke.1020000
2023-12-13 11:46:03,273 INFO     ___FILE_ONLY___   
2023-12-13 11:46:03,273 INFO     ___FILE_ONLY___ 34.42.209.30
2023-12-13 11:46:03,273 INFO     ___FILE_ONLY___     
2023-12-13 11:46:03,273 INFO     ___FILE_ONLY___ n1-standard-4
2023-12-13 11:46:03,273 INFO     ___FILE_ONLY___   
2023-12-13 11:46:03,273 INFO     ___FILE_ONLY___ 1.25.16-gke.1020000
2023-12-13 11:46:03,273 INFO     ___FILE_ONLY___   
2023-12-13 11:46:03,273 INFO     ___FILE_ONLY___ 3
2023-12-13 11:46:03,273 INFO     ___FILE_ONLY___           
2023-12-13 11:46:03,273 INFO     ___FILE_ONLY___ STOPPING
2023-12-13 11:46:03,273 INFO     ___FILE_ONLY___ 

2023-12-13 11:46:03,273 INFO     ___FILE_ONLY___ jen-psmdb-1388-a7b97d75-2-cluster7
2023-12-13 11:46:03,273 INFO     ___FILE_ONLY___   
2023-12-13 11:46:03,273 INFO     ___FILE_ONLY___ us-central1-a
2023-12-13 11:46:03,273 INFO     ___FILE_ONLY___    
2023-12-13 11:46:03,273 INFO     ___FILE_ONLY___ 1.25.16-gke.1020000
2023-12-13 11:46:03,273 INFO     ___FILE_ONLY___   
2023-12-13 11:46:03,273 INFO     ___FILE_ONLY___ 34.28.222.35
2023-12-13 11:46:03,274 INFO     ___FILE_ONLY___     
2023-12-13 11:46:03,274 INFO     ___FILE_ONLY___ n1-standard-4
2023-12-13 11:46:03,274 INFO     ___FILE_ONLY___   
2023-12-13 11:46:03,274 INFO     ___FILE_ONLY___ 1.25.16-gke.1020000
2023-12-13 11:46:03,274 INFO     ___FILE_ONLY___   
2023-12-13 11:46:03,274 INFO     ___FILE_ONLY___ 3
2023-12-13 11:46:03,274 INFO     ___FILE_ONLY___           
2023-12-13 11:46:03,274 INFO     ___FILE_ONLY___ STOPPING
2023-12-13 11:46:03,274 INFO     ___FILE_ONLY___ 

2023-12-13 11:46:03,274 INFO     ___FILE_ONLY___ jen-psmdb-1388-a7b97d75-2-cluster8
2023-12-13 11:46:03,274 INFO     ___FILE_ONLY___   
2023-12-13 11:46:03,274 INFO     ___FILE_ONLY___ us-central1-a
2023-12-13 11:46:03,274 INFO     ___FILE_ONLY___    
2023-12-13 11:46:03,274 INFO     ___FILE_ONLY___ 1.25.16-gke.1020000
2023-12-13 11:46:03,274 INFO     ___FILE_ONLY___   
2023-12-13 11:46:03,274 INFO     ___FILE_ONLY___ 34.31.209.134
2023-12-13 11:46:03,274 INFO     ___FILE_ONLY___    
2023-12-13 11:46:03,274 INFO     ___FILE_ONLY___ n1-standard-4
2023-12-13 11:46:03,274 INFO     ___FILE_ONLY___   
2023-12-13 11:46:03,274 INFO     ___FILE_ONLY___ 1.25.16-gke.1020000
2023-12-13 11:46:03,274 INFO     ___FILE_ONLY___   
2023-12-13 11:46:03,274 INFO     ___FILE_ONLY___ 3
2023-12-13 11:46:03,274 INFO     ___FILE_ONLY___           
2023-12-13 11:46:03,274 INFO     ___FILE_ONLY___ RUNNING
2023-12-13 11:46:03,274 INFO     ___FILE_ONLY___ 

2023-12-13 11:46:03,274 INFO     ___FILE_ONLY___ jen-psmdb-1388-a7b97d75-2-cluster9
2023-12-13 11:46:03,274 INFO     ___FILE_ONLY___   
2023-12-13 11:46:03,274 INFO     ___FILE_ONLY___ us-central1-a
2023-12-13 11:46:03,274 INFO     ___FILE_ONLY___    
2023-12-13 11:46:03,274 INFO     ___FILE_ONLY___ 1.25.16-gke.1020000
2023-12-13 11:46:03,274 INFO     ___FILE_ONLY___   
2023-12-13 11:46:03,274 INFO     ___FILE_ONLY___ 35.222.12.122
2023-12-13 11:46:03,274 INFO     ___FILE_ONLY___    
2023-12-13 11:46:03,274 INFO     ___FILE_ONLY___ n1-standard-4
2023-12-13 11:46:03,274 INFO     ___FILE_ONLY___   
2023-12-13 11:46:03,274 INFO     ___FILE_ONLY___ 1.25.16-gke.1020000
2023-12-13 11:46:03,274 INFO     ___FILE_ONLY___   
2023-12-13 11:46:03,274 INFO     ___FILE_ONLY___ 3
2023-12-13 11:46:03,274 INFO     ___FILE_ONLY___           
2023-12-13 11:46:03,274 INFO     ___FILE_ONLY___ STOPPING
2023-12-13 11:46:03,274 INFO     ___FILE_ONLY___ 

2023-12-13 11:46:03,274 INFO     ___FILE_ONLY___ jen-pxc-1494-7143a87e-3-cluster1
2023-12-13 11:46:03,274 INFO     ___FILE_ONLY___     
2023-12-13 11:46:03,274 INFO     ___FILE_ONLY___ us-central1-a
2023-12-13 11:46:03,274 INFO     ___FILE_ONLY___    
2023-12-13 11:46:03,274 INFO     ___FILE_ONLY___ 1.25.16-gke.1020000
2023-12-13 11:46:03,274 INFO     ___FILE_ONLY___   
2023-12-13 11:46:03,274 INFO     ___FILE_ONLY___ 34.133.122.86
2023-12-13 11:46:03,274 INFO     ___FILE_ONLY___    
2023-12-13 11:46:03,274 INFO     ___FILE_ONLY___ n1-standard-4
2023-12-13 11:46:03,274 INFO     ___FILE_ONLY___   
2023-12-13 11:46:03,274 INFO     ___FILE_ONLY___ 1.25.16-gke.1020000
2023-12-13 11:46:03,274 INFO     ___FILE_ONLY___   
2023-12-13 11:46:03,274 INFO     ___FILE_ONLY___ 3
2023-12-13 11:46:03,274 INFO     ___FILE_ONLY___           
2023-12-13 11:46:03,274 INFO     ___FILE_ONLY___ RUNNING
2023-12-13 11:46:03,274 INFO     ___FILE_ONLY___ 

2023-12-13 11:46:03,274 INFO     ___FILE_ONLY___ jen-pxc-1494-7143a87e-3-cluster2
2023-12-13 11:46:03,274 INFO     ___FILE_ONLY___     
2023-12-13 11:46:03,274 INFO     ___FILE_ONLY___ us-central1-a
2023-12-13 11:46:03,274 INFO     ___FILE_ONLY___    
2023-12-13 11:46:03,274 INFO     ___FILE_ONLY___ 1.25.16-gke.1020000
2023-12-13 11:46:03,274 INFO     ___FILE_ONLY___   
2023-12-13 11:46:03,274 INFO     ___FILE_ONLY___ 35.222.225.85
2023-12-13 11:46:03,274 INFO     ___FILE_ONLY___    
2023-12-13 11:46:03,274 INFO     ___FILE_ONLY___ n1-standard-4
2023-12-13 11:46:03,274 INFO     ___FILE_ONLY___   
2023-12-13 11:46:03,275 INFO     ___FILE_ONLY___ 1.25.16-gke.1020000
2023-12-13 11:46:03,275 INFO     ___FILE_ONLY___   
2023-12-13 11:46:03,275 INFO     ___FILE_ONLY___ 3
2023-12-13 11:46:03,275 INFO     ___FILE_ONLY___           
2023-12-13 11:46:03,275 INFO     ___FILE_ONLY___ RUNNING
2023-12-13 11:46:03,275 INFO     ___FILE_ONLY___ 

2023-12-13 11:46:03,275 INFO     ___FILE_ONLY___ jen-pxc-1494-7143a87e-3-cluster3
2023-12-13 11:46:03,275 INFO     ___FILE_ONLY___     
2023-12-13 11:46:03,275 INFO     ___FILE_ONLY___ us-central1-a
2023-12-13 11:46:03,275 INFO     ___FILE_ONLY___    
2023-12-13 11:46:03,275 INFO     ___FILE_ONLY___ 1.25.16-gke.1020000
2023-12-13 11:46:03,275 INFO     ___FILE_ONLY___   
2023-12-13 11:46:03,275 INFO     ___FILE_ONLY___ 34.173.214.72
2023-12-13 11:46:03,275 INFO     ___FILE_ONLY___    
2023-12-13 11:46:03,275 INFO     ___FILE_ONLY___ n1-standard-4
2023-12-13 11:46:03,275 INFO     ___FILE_ONLY___   
2023-12-13 11:46:03,275 INFO     ___FILE_ONLY___ 1.25.16-gke.1020000
2023-12-13 11:46:03,275 INFO     ___FILE_ONLY___   
2023-12-13 11:46:03,275 INFO     ___FILE_ONLY___ 3
2023-12-13 11:46:03,275 INFO     ___FILE_ONLY___           
2023-12-13 11:46:03,275 INFO     ___FILE_ONLY___ RUNNING
2023-12-13 11:46:03,275 INFO     ___FILE_ONLY___ 

2023-12-13 11:46:03,275 INFO     ___FILE_ONLY___ jen-pxc-1494-7143a87e-3-cluster4
2023-12-13 11:46:03,275 INFO     ___FILE_ONLY___     
2023-12-13 11:46:03,275 INFO     ___FILE_ONLY___ us-central1-a
2023-12-13 11:46:03,275 INFO     ___FILE_ONLY___    
2023-12-13 11:46:03,275 INFO     ___FILE_ONLY___ 1.25.16-gke.1020000
2023-12-13 11:46:03,275 INFO     ___FILE_ONLY___   
2023-12-13 11:46:03,275 INFO     ___FILE_ONLY___ 34.170.216.159
2023-12-13 11:46:03,275 INFO     ___FILE_ONLY___   
2023-12-13 11:46:03,275 INFO     ___FILE_ONLY___ n1-standard-4
2023-12-13 11:46:03,275 INFO     ___FILE_ONLY___   
2023-12-13 11:46:03,275 INFO     ___FILE_ONLY___ 1.25.16-gke.1020000
2023-12-13 11:46:03,275 INFO     ___FILE_ONLY___   
2023-12-13 11:46:03,275 INFO     ___FILE_ONLY___ 3
2023-12-13 11:46:03,275 INFO     ___FILE_ONLY___           
2023-12-13 11:46:03,275 INFO     ___FILE_ONLY___ RUNNING
2023-12-13 11:46:03,275 INFO     ___FILE_ONLY___ 

2023-12-13 11:46:03,275 INFO     ___FILE_ONLY___ jen-pxc-1494-7143a87e-3-cluster5
2023-12-13 11:46:03,275 INFO     ___FILE_ONLY___     
2023-12-13 11:46:03,275 INFO     ___FILE_ONLY___ us-central1-a
2023-12-13 11:46:03,275 INFO     ___FILE_ONLY___    
2023-12-13 11:46:03,275 INFO     ___FILE_ONLY___ 1.25.16-gke.1020000
2023-12-13 11:46:03,275 INFO     ___FILE_ONLY___   
2023-12-13 11:46:03,275 INFO     ___FILE_ONLY___ 35.188.125.62
2023-12-13 11:46:03,275 INFO     ___FILE_ONLY___    
2023-12-13 11:46:03,275 INFO     ___FILE_ONLY___ n1-standard-4
2023-12-13 11:46:03,275 INFO     ___FILE_ONLY___   
2023-12-13 11:46:03,275 INFO     ___FILE_ONLY___ 1.25.16-gke.1020000
2023-12-13 11:46:03,275 INFO     ___FILE_ONLY___   
2023-12-13 11:46:03,275 INFO     ___FILE_ONLY___ 3
2023-12-13 11:46:03,275 INFO     ___FILE_ONLY___           
2023-12-13 11:46:03,275 INFO     ___FILE_ONLY___ RUNNING
2023-12-13 11:46:03,275 INFO     ___FILE_ONLY___ 

2023-12-13 11:46:03,275 INFO     ___FILE_ONLY___ jen-pxc-1494-7143a87e-3-cluster6
2023-12-13 11:46:03,275 INFO     ___FILE_ONLY___     
2023-12-13 11:46:03,275 INFO     ___FILE_ONLY___ us-central1-a
2023-12-13 11:46:03,275 INFO     ___FILE_ONLY___    
2023-12-13 11:46:03,275 INFO     ___FILE_ONLY___ 1.25.16-gke.1020000
2023-12-13 11:46:03,275 INFO     ___FILE_ONLY___   
2023-12-13 11:46:03,275 INFO     ___FILE_ONLY___ 34.133.75.78
2023-12-13 11:46:03,275 INFO     ___FILE_ONLY___     
2023-12-13 11:46:03,275 INFO     ___FILE_ONLY___ n1-standard-4
2023-12-13 11:46:03,275 INFO     ___FILE_ONLY___   
2023-12-13 11:46:03,275 INFO     ___FILE_ONLY___ 1.25.16-gke.1020000
2023-12-13 11:46:03,275 INFO     ___FILE_ONLY___   
2023-12-13 11:46:03,276 INFO     ___FILE_ONLY___ 3
2023-12-13 11:46:03,276 INFO     ___FILE_ONLY___           
2023-12-13 11:46:03,276 INFO     ___FILE_ONLY___ RUNNING
2023-12-13 11:46:03,276 INFO     ___FILE_ONLY___ 

2023-12-13 11:46:03,276 INFO     ___FILE_ONLY___ jen-pxc-1494-7143a87e-3-cluster7
2023-12-13 11:46:03,276 INFO     ___FILE_ONLY___     
2023-12-13 11:46:03,276 INFO     ___FILE_ONLY___ us-central1-a
2023-12-13 11:46:03,276 INFO     ___FILE_ONLY___    
2023-12-13 11:46:03,276 INFO     ___FILE_ONLY___ 1.25.16-gke.1020000
2023-12-13 11:46:03,276 INFO     ___FILE_ONLY___   
2023-12-13 11:46:03,276 INFO     ___FILE_ONLY___ 34.30.231.58
2023-12-13 11:46:03,276 INFO     ___FILE_ONLY___     
2023-12-13 11:46:03,276 INFO     ___FILE_ONLY___ n1-standard-4
2023-12-13 11:46:03,276 INFO     ___FILE_ONLY___   
2023-12-13 11:46:03,276 INFO     ___FILE_ONLY___ 1.25.16-gke.1020000
2023-12-13 11:46:03,276 INFO     ___FILE_ONLY___   
2023-12-13 11:46:03,276 INFO     ___FILE_ONLY___ 3
2023-12-13 11:46:03,276 INFO     ___FILE_ONLY___           
2023-12-13 11:46:03,276 INFO     ___FILE_ONLY___ RUNNING
2023-12-13 11:46:03,276 INFO     ___FILE_ONLY___ 

2023-12-13 11:46:03,276 INFO     ___FILE_ONLY___ jen-pxc-1494-7143a87e-3-cluster8
2023-12-13 11:46:03,276 INFO     ___FILE_ONLY___     
2023-12-13 11:46:03,276 INFO     ___FILE_ONLY___ us-central1-a
2023-12-13 11:46:03,276 INFO     ___FILE_ONLY___    
2023-12-13 11:46:03,276 INFO     ___FILE_ONLY___ 1.25.16-gke.1020000
2023-12-13 11:46:03,276 INFO     ___FILE_ONLY___   
2023-12-13 11:46:03,276 INFO     ___FILE_ONLY___ 34.173.196.142
2023-12-13 11:46:03,276 INFO     ___FILE_ONLY___   
2023-12-13 11:46:03,276 INFO     ___FILE_ONLY___ n1-standard-4
2023-12-13 11:46:03,276 INFO     ___FILE_ONLY___   
2023-12-13 11:46:03,276 INFO     ___FILE_ONLY___ 1.25.16-gke.1020000
2023-12-13 11:46:03,276 INFO     ___FILE_ONLY___   
2023-12-13 11:46:03,276 INFO     ___FILE_ONLY___ 3
2023-12-13 11:46:03,276 INFO     ___FILE_ONLY___           
2023-12-13 11:46:03,276 INFO     ___FILE_ONLY___ RUNNING
2023-12-13 11:46:03,276 INFO     ___FILE_ONLY___ 

2023-12-13 11:46:03,276 INFO     ___FILE_ONLY___ jen-pxc-1494-7143a87e-3-cluster9
2023-12-13 11:46:03,276 INFO     ___FILE_ONLY___     
2023-12-13 11:46:03,276 INFO     ___FILE_ONLY___ us-central1-a
2023-12-13 11:46:03,276 INFO     ___FILE_ONLY___    
2023-12-13 11:46:03,276 INFO     ___FILE_ONLY___ 1.25.16-gke.1020000
2023-12-13 11:46:03,276 INFO     ___FILE_ONLY___   
2023-12-13 11:46:03,276 INFO     ___FILE_ONLY___ 34.31.134.104
2023-12-13 11:46:03,276 INFO     ___FILE_ONLY___    
2023-12-13 11:46:03,276 INFO     ___FILE_ONLY___ n1-standard-4
2023-12-13 11:46:03,276 INFO     ___FILE_ONLY___   
2023-12-13 11:46:03,276 INFO     ___FILE_ONLY___ 1.25.16-gke.1020000
2023-12-13 11:46:03,276 INFO     ___FILE_ONLY___   
2023-12-13 11:46:03,276 INFO     ___FILE_ONLY___ 3
2023-12-13 11:46:03,276 INFO     ___FILE_ONLY___           
2023-12-13 11:46:03,276 INFO     ___FILE_ONLY___ RUNNING
2023-12-13 11:46:03,276 INFO     ___FILE_ONLY___ 

2023-12-13 11:46:03,276 INFO     ___FILE_ONLY___ jen-pxc-1538-2494c321-13-cluster9
2023-12-13 11:46:03,276 INFO     ___FILE_ONLY___    
2023-12-13 11:46:03,276 INFO     ___FILE_ONLY___ us-central1-a
2023-12-13 11:46:03,276 INFO     ___FILE_ONLY___    
2023-12-13 11:46:03,276 INFO     ___FILE_ONLY___ 1.25.16-gke.1020000
2023-12-13 11:46:03,276 INFO     ___FILE_ONLY___   
2023-12-13 11:46:03,276 INFO     ___FILE_ONLY___ 35.224.227.243
2023-12-13 11:46:03,276 INFO     ___FILE_ONLY___   
2023-12-13 11:46:03,276 INFO     ___FILE_ONLY___ n1-standard-4
2023-12-13 11:46:03,276 INFO     ___FILE_ONLY___   
2023-12-13 11:46:03,276 INFO     ___FILE_ONLY___ 1.25.16-gke.1020000
2023-12-13 11:46:03,276 INFO     ___FILE_ONLY___   
2023-12-13 11:46:03,276 INFO     ___FILE_ONLY___ 3
2023-12-13 11:46:03,276 INFO     ___FILE_ONLY___           
2023-12-13 11:46:03,277 INFO     ___FILE_ONLY___ RUNNING
2023-12-13 11:46:03,277 INFO     ___FILE_ONLY___ 

2023-12-13 11:46:03,277 INFO     ___FILE_ONLY___ natali-26
2023-12-13 11:46:03,277 INFO     ___FILE_ONLY___                            
2023-12-13 11:46:03,277 INFO     ___FILE_ONLY___ us-central1-c
2023-12-13 11:46:03,277 INFO     ___FILE_ONLY___    
2023-12-13 11:46:03,277 INFO     ___FILE_ONLY___ 1.26.10-gke.1235000
2023-12-13 11:46:03,277 INFO     ___FILE_ONLY___   
2023-12-13 11:46:03,277 INFO     ___FILE_ONLY___ 35.226.93.112
2023-12-13 11:46:03,277 INFO     ___FILE_ONLY___    
2023-12-13 11:46:03,277 INFO     ___FILE_ONLY___ n1-standard-4
2023-12-13 11:46:03,277 INFO     ___FILE_ONLY___   
2023-12-13 11:46:03,277 INFO     ___FILE_ONLY___ 1.26.10-gke.1235000
2023-12-13 11:46:03,277 INFO     ___FILE_ONLY___   
2023-12-13 11:46:03,277 INFO     ___FILE_ONLY___ 3
2023-12-13 11:46:03,277 INFO     ___FILE_ONLY___           
2023-12-13 11:46:03,277 INFO     ___FILE_ONLY___ RUNNING
2023-12-13 11:46:03,277 INFO     ___FILE_ONLY___ 

2023-12-13 11:46:03,282 DEBUG    root            Metrics reporting process started...
