2023-12-13 18:18:55,392 DEBUG    root            Loaded Command Group: ['gcloud', 'config']
2023-12-13 18:18:55,393 DEBUG    root            Loaded Command Group: ['gcloud', 'config', 'config_helper']
2023-12-13 18:18:55,394 DEBUG    root            Running [gcloud.config.config-helper] with arguments: [--format: "json"]
2023-12-13 18:18:55,396 DEBUG    google.auth.transport.requests Making request: POST https://oauth2.googleapis.com/token
2023-12-13 18:18:55,414 DEBUG    urllib3.connectionpool Starting new HTTPS connection (1): oauth2.googleapis.com:443
2023-12-13 18:18:55,573 DEBUG    urllib3.connectionpool https://oauth2.googleapis.com:443 "POST /token HTTP/1.1" 200 None
2023-12-13 18:18:55,591 DEBUG    root            Chosen display Format:default json
2023-12-13 18:18:55,591 INFO     root            Display format: "default json"
2023-12-13 18:18:55,592 INFO     ___FILE_ONLY___ {
  "configuration": {
    "active_configuration": "percona-cloud-dev",
    "properties": {
      "core": {
        "account": "inel.pandzic@percona.com",
        "disable_usage_reporting": "False",
        "project": "cloud-dev-112233"
      }
    }
  },
  "credential": {
    "access_token": "ya29.a0AfB_byBeBP9jYjrMAWDfqBWsl-OrwK8-sZEeFaJI7ZqOACEEvwH94egqSLQPL7hridPyN_AOSrsD79tXAElEhmS5SPcRrc8plUGKp8WXcphv1_omNpcACOhFRHHA2ipylvL3Ky-aa3HcMTlUaCS4lyRsYkjYTi-0nhn5HEx9-Y57aCgYKAZ8SARESFQHGX2MiuxEvmU2VhTgG4IFEZ6bxPA0179",
    "id_token": "eyJhbGciOiJSUzI1NiIsImtpZCI6IjBhZDFmZWM3ODUwNGY0NDdiYWU2NWJjZjVhZmFlZGI2NWVlYzllODEiLCJ0eXAiOiJKV1QifQ.eyJpc3MiOiJodHRwczovL2FjY291bnRzLmdvb2dsZS5jb20iLCJhenAiOiIzMjU1NTk0MDU1OS5hcHBzLmdvb2dsZXVzZXJjb250ZW50LmNvbSIsImF1ZCI6IjMyNTU1OTQwNTU5LmFwcHMuZ29vZ2xldXNlcmNvbnRlbnQuY29tIiwic3ViIjoiMTA3NDA5ODEzMzQ0NTU5NDQzNDA3IiwiaGQiOiJwZXJjb25hLmNvbSIsImVtYWlsIjoiaW5lbC5wYW5kemljQHBlcmNvbmEuY29tIiwiZW1haWxfdmVyaWZpZWQiOnRydWUsImF0X2hhc2giOiJRRHlGTVBwQmZwVC14TFFKTTRvVVpRIiwiaWF0IjoxNzAyNDg3OTM1LCJleHAiOjE3MDI0OTE1MzV9.RyZUv_aS6QVhDVPilMYcbLcQAqIexI8NzIWuo0NEQR4oY8dI4_ISjH5vlS8zndMlX6YOFSZm7CepAHqViEIO7xpCmDGNR-4CuDdafp_TVthgv_RupGM4dtap5Jyf7pC0eDnt2Pn-0O0uX-atKx-KZwDtLoxPhuWs3KVbinSkpe15tSJZ3o5yxoj37c_nywpzWSI8GWfLkvZL9Ngsw0Kbs6DUQTXZxqVFDmk6N4e4-NYhSvozKb-kAiCHsVw7oTTNMGedSfeUD8IHmATrlbUkCx9ve-z43DWqE7deDxybBZoFRVGlOPpKtEEb2qm0-NMeFgVO5uGFhYHPQ2dHkATq7A",
    "token_expiry": "2023-12-13T18:18:54Z"
  },
  "sentinels": {
    "config_sentinel": "/Users/inelpandzic/.config/gcloud/config_sentinel"
  }
}
2023-12-13 18:18:55,592 INFO     ___FILE_ONLY___ 

2023-12-13 18:18:55,599 DEBUG    root            Metrics reporting process started...
