2023-11-19 10:37:11,129 DEBUG    root            Loaded Command Group: ['gcloud', 'config']
2023-11-19 10:37:11,131 DEBUG    root            Loaded Command Group: ['gcloud', 'config', 'config_helper']
2023-11-19 10:37:11,132 DEBUG    root            Running [gcloud.config.config-helper] with arguments: [--format: "json"]
2023-11-19 10:37:11,136 DEBUG    root            Chosen display Format:default json
2023-11-19 10:37:11,136 INFO     root            Display format: "default json"
2023-11-19 10:37:11,136 INFO     ___FILE_ONLY___ {
  "configuration": {
    "active_configuration": "percona-cloud-dev",
    "properties": {
      "core": {
        "account": "inel.pandzic@percona.com",
        "disable_usage_reporting": "False",
        "project": "cloud-dev-112233"
      }
    }
  },
  "credential": {
    "access_token": "ya29.a0AfB_byClE6G-sBsRboOXU1LZcDRm443dHz5FuROtmBTHQbN02RfaDh6jqdA8bOf4am93CE4mGfKVCQ4j-AQStX5m_PpgqWeoDj8yBCHsdm4eJjNOIQcCD_6f8Z-oIoTkuT2JLemxGNviWTMiqZVVtRlCo_4zuRtfKCgSSS0RiSk3aCgYKATQSARESFQHGX2MiAlXIgQS3Rjr0n657ag0-SA0179",
    "id_token": "eyJhbGciOiJSUzI1NiIsImtpZCI6IjViMzcwNjk2MGUzZTYwMDI0YTI2NTVlNzhjZmE2M2Y4N2M5N2QzMDkiLCJ0eXAiOiJKV1QifQ.eyJpc3MiOiJodHRwczovL2FjY291bnRzLmdvb2dsZS5jb20iLCJhenAiOiIzMjU1NTk0MDU1OS5hcHBzLmdvb2dsZXVzZXJjb250ZW50LmNvbSIsImF1ZCI6IjMyNTU1OTQwNTU5LmFwcHMuZ29vZ2xldXNlcmNvbnRlbnQuY29tIiwic3ViIjoiMTA3NDA5ODEzMzQ0NTU5NDQzNDA3IiwiaGQiOiJwZXJjb25hLmNvbSIsImVtYWlsIjoiaW5lbC5wYW5kemljQHBlcmNvbmEuY29tIiwiZW1haWxfdmVyaWZpZWQiOnRydWUsImF0X2hhc2giOiJHR3J6RXZob0gtQnVlR0N1bDU2OFJRIiwiaWF0IjoxNzAwMzg2Mjg2LCJleHAiOjE3MDAzODk4ODZ9.Esd4EoJ-edfwPlBNk_TBUenIXhmy8omF9dk2O25417KstYGURiL5yebC2j9202kB0Us187_qAr9n2gRkzSgskQMIXh2JYqRRwIKyoZyjTOTbHZ4k8ntzIsvET_4WJJwE74lEFkODIaMp-W7xZeLjd_3Ge_54A-82yahmKvXibSaqQbOKu4BBhLSsYdeg_y9VC2C9PbogWbwlsSDVnr61o0VwJZg_5JiPm_J3O-JuBAO0mDMKqLRaAtppM04lqZMTSoYLUUNnDDl_E9x4RRcSCUsKx8Db1kyJWgV_vfiDdPaCemTtF8xdoGGKV7idT9cVhHWj5qi4f6GfUaFHcsI49g",
    "token_expiry": "2023-11-19T10:31:25Z"
  },
  "sentinels": {
    "config_sentinel": "/Users/inelpandzic/.config/gcloud/config_sentinel"
  }
}
2023-11-19 10:37:11,136 INFO     ___FILE_ONLY___ 

2023-11-19 10:37:11,141 DEBUG    root            Metrics reporting process started...
