2023-11-19 10:31:26,494 DEBUG    root            Loaded Command Group: ['gcloud', 'container', 'clusters']
2023-11-19 10:31:26,498 DEBUG    root            Loaded Command Group: ['gcloud', 'container', 'clusters', 'create']
2023-11-19 10:31:26,544 DEBUG    google.auth.transport.requests Making request: POST https://oauth2.googleapis.com/token
2023-11-19 10:31:26,571 DEBUG    urllib3.connectionpool Starting new HTTPS connection (1): oauth2.googleapis.com:443
2023-11-19 10:31:26,733 DEBUG    urllib3.connectionpool https://oauth2.googleapis.com:443 "POST /token HTTP/1.1" 200 None
2023-11-19 10:31:26,743 DEBUG    root            Running [gcloud.container.clusters.create] with arguments: [--cluster-version: "1.25", --disk-size: "32212254720", --labels: "OrderedDict([('delete-cluster-after-hours', '10')])", --machine-type: "n1-standard-4", --no-enable-autoupgrade: "False", --num-nodes: "3", --preemptible: "True", --zone: "europe-west3-b", NAME: "inel-29220"]
2023-11-19 10:31:26,748 INFO     ___FILE_ONLY___ Default change: VPC-native is the default mode during cluster creation for versions greater than 1.21.0-gke.1500. To create advanced routes based clusters, please pass the `--no-enable-ip-alias` flag

2023-11-19 10:31:26,748 INFO     ___FILE_ONLY___ Default change: During creation of nodepools or autoscaling configuration changes for cluster versions greater than 1.24.1-gke.800 a default location policy is applied. For Spot and PVM it defaults to ANY, and for all other VM kinds a BALANCED policy is used. To change the default values use the `--location-policy` flag.

2023-11-19 10:31:26,749 INFO     ___FILE_ONLY___ Note: Your Pod address range (`--cluster-ipv4-cidr`) can accommodate at most 1008 node(s).

2023-11-19 10:31:26,795 DEBUG    urllib3.connectionpool Starting new HTTPS connection (1): container.googleapis.com:443
2023-11-19 10:31:31,046 DEBUG    urllib3.connectionpool https://container.googleapis.com:443 "POST /v1/projects/cloud-dev-112233/locations/europe-west3-b/clusters?alt=json HTTP/1.1" 200 None
2023-11-19 10:31:31,051 INFO     ___FILE_ONLY___ Creating cluster inel-29220 in europe-west3-b...
2023-11-19 10:31:31,058 DEBUG    urllib3.connectionpool Starting new HTTPS connection (1): container.googleapis.com:443
2023-11-19 10:31:31,290 DEBUG    urllib3.connectionpool https://container.googleapis.com:443 "GET /v1/projects/cloud-dev-112233/locations/europe-west3-b/operations/operation-1700386290971-0576d5a1-58c9-42c9-9a93-647778ad8bdc?alt=json HTTP/1.1" 200 None
2023-11-19 10:31:36,303 DEBUG    urllib3.connectionpool Starting new HTTPS connection (1): container.googleapis.com:443
2023-11-19 10:31:36,548 DEBUG    urllib3.connectionpool https://container.googleapis.com:443 "GET /v1/projects/cloud-dev-112233/locations/europe-west3-b/operations/operation-1700386290971-0576d5a1-58c9-42c9-9a93-647778ad8bdc?alt=json HTTP/1.1" 200 None
2023-11-19 10:31:41,568 DEBUG    urllib3.connectionpool Starting new HTTPS connection (1): container.googleapis.com:443
2023-11-19 10:31:42,020 DEBUG    urllib3.connectionpool https://container.googleapis.com:443 "GET /v1/projects/cloud-dev-112233/locations/europe-west3-b/operations/operation-1700386290971-0576d5a1-58c9-42c9-9a93-647778ad8bdc?alt=json HTTP/1.1" 200 None
2023-11-19 10:31:47,037 DEBUG    urllib3.connectionpool Starting new HTTPS connection (1): container.googleapis.com:443
2023-11-19 10:31:47,246 DEBUG    urllib3.connectionpool https://container.googleapis.com:443 "GET /v1/projects/cloud-dev-112233/locations/europe-west3-b/operations/operation-1700386290971-0576d5a1-58c9-42c9-9a93-647778ad8bdc?alt=json HTTP/1.1" 200 None
2023-11-19 10:31:52,261 DEBUG    urllib3.connectionpool Starting new HTTPS connection (1): container.googleapis.com:443
2023-11-19 10:31:52,500 DEBUG    urllib3.connectionpool https://container.googleapis.com:443 "GET /v1/projects/cloud-dev-112233/locations/europe-west3-b/operations/operation-1700386290971-0576d5a1-58c9-42c9-9a93-647778ad8bdc?alt=json HTTP/1.1" 200 None
2023-11-19 10:31:57,536 DEBUG    urllib3.connectionpool Starting new HTTPS connection (1): container.googleapis.com:443
2023-11-19 10:31:57,816 DEBUG    urllib3.connectionpool https://container.googleapis.com:443 "GET /v1/projects/cloud-dev-112233/locations/europe-west3-b/operations/operation-1700386290971-0576d5a1-58c9-42c9-9a93-647778ad8bdc?alt=json HTTP/1.1" 200 None
2023-11-19 10:32:02,831 DEBUG    urllib3.connectionpool Starting new HTTPS connection (1): container.googleapis.com:443
2023-11-19 10:32:03,083 DEBUG    urllib3.connectionpool https://container.googleapis.com:443 "GET /v1/projects/cloud-dev-112233/locations/europe-west3-b/operations/operation-1700386290971-0576d5a1-58c9-42c9-9a93-647778ad8bdc?alt=json HTTP/1.1" 200 None
2023-11-19 10:32:08,103 DEBUG    urllib3.connectionpool Starting new HTTPS connection (1): container.googleapis.com:443
2023-11-19 10:32:08,310 DEBUG    urllib3.connectionpool https://container.googleapis.com:443 "GET /v1/projects/cloud-dev-112233/locations/europe-west3-b/operations/operation-1700386290971-0576d5a1-58c9-42c9-9a93-647778ad8bdc?alt=json HTTP/1.1" 200 None
2023-11-19 10:32:13,318 DEBUG    urllib3.connectionpool Starting new HTTPS connection (1): container.googleapis.com:443
2023-11-19 10:32:13,565 DEBUG    urllib3.connectionpool https://container.googleapis.com:443 "GET /v1/projects/cloud-dev-112233/locations/europe-west3-b/operations/operation-1700386290971-0576d5a1-58c9-42c9-9a93-647778ad8bdc?alt=json HTTP/1.1" 200 None
2023-11-19 10:32:18,578 DEBUG    urllib3.connectionpool Starting new HTTPS connection (1): container.googleapis.com:443
2023-11-19 10:32:18,809 DEBUG    urllib3.connectionpool https://container.googleapis.com:443 "GET /v1/projects/cloud-dev-112233/locations/europe-west3-b/operations/operation-1700386290971-0576d5a1-58c9-42c9-9a93-647778ad8bdc?alt=json HTTP/1.1" 200 None
2023-11-19 10:32:23,823 DEBUG    urllib3.connectionpool Starting new HTTPS connection (1): container.googleapis.com:443
2023-11-19 10:32:24,019 DEBUG    urllib3.connectionpool https://container.googleapis.com:443 "GET /v1/projects/cloud-dev-112233/locations/europe-west3-b/operations/operation-1700386290971-0576d5a1-58c9-42c9-9a93-647778ad8bdc?alt=json HTTP/1.1" 200 None
2023-11-19 10:32:29,029 DEBUG    urllib3.connectionpool Starting new HTTPS connection (1): container.googleapis.com:443
2023-11-19 10:32:29,271 DEBUG    urllib3.connectionpool https://container.googleapis.com:443 "GET /v1/projects/cloud-dev-112233/locations/europe-west3-b/operations/operation-1700386290971-0576d5a1-58c9-42c9-9a93-647778ad8bdc?alt=json HTTP/1.1" 200 None
2023-11-19 10:32:34,289 DEBUG    urllib3.connectionpool Starting new HTTPS connection (1): container.googleapis.com:443
2023-11-19 10:32:34,544 DEBUG    urllib3.connectionpool https://container.googleapis.com:443 "GET /v1/projects/cloud-dev-112233/locations/europe-west3-b/operations/operation-1700386290971-0576d5a1-58c9-42c9-9a93-647778ad8bdc?alt=json HTTP/1.1" 200 None
2023-11-19 10:32:39,560 DEBUG    urllib3.connectionpool Starting new HTTPS connection (1): container.googleapis.com:443
2023-11-19 10:32:39,809 DEBUG    urllib3.connectionpool https://container.googleapis.com:443 "GET /v1/projects/cloud-dev-112233/locations/europe-west3-b/operations/operation-1700386290971-0576d5a1-58c9-42c9-9a93-647778ad8bdc?alt=json HTTP/1.1" 200 None
2023-11-19 10:32:44,824 DEBUG    urllib3.connectionpool Starting new HTTPS connection (1): container.googleapis.com:443
2023-11-19 10:32:45,116 DEBUG    urllib3.connectionpool https://container.googleapis.com:443 "GET /v1/projects/cloud-dev-112233/locations/europe-west3-b/operations/operation-1700386290971-0576d5a1-58c9-42c9-9a93-647778ad8bdc?alt=json HTTP/1.1" 200 None
2023-11-19 10:32:50,134 DEBUG    urllib3.connectionpool Starting new HTTPS connection (1): container.googleapis.com:443
2023-11-19 10:32:50,366 DEBUG    urllib3.connectionpool https://container.googleapis.com:443 "GET /v1/projects/cloud-dev-112233/locations/europe-west3-b/operations/operation-1700386290971-0576d5a1-58c9-42c9-9a93-647778ad8bdc?alt=json HTTP/1.1" 200 None
2023-11-19 10:32:55,381 DEBUG    urllib3.connectionpool Starting new HTTPS connection (1): container.googleapis.com:443
2023-11-19 10:32:55,612 DEBUG    urllib3.connectionpool https://container.googleapis.com:443 "GET /v1/projects/cloud-dev-112233/locations/europe-west3-b/operations/operation-1700386290971-0576d5a1-58c9-42c9-9a93-647778ad8bdc?alt=json HTTP/1.1" 200 None
2023-11-19 10:33:00,637 DEBUG    urllib3.connectionpool Starting new HTTPS connection (1): container.googleapis.com:443
2023-11-19 10:33:00,892 DEBUG    urllib3.connectionpool https://container.googleapis.com:443 "GET /v1/projects/cloud-dev-112233/locations/europe-west3-b/operations/operation-1700386290971-0576d5a1-58c9-42c9-9a93-647778ad8bdc?alt=json HTTP/1.1" 200 None
2023-11-19 10:33:05,907 DEBUG    urllib3.connectionpool Starting new HTTPS connection (1): container.googleapis.com:443
2023-11-19 10:33:06,186 DEBUG    urllib3.connectionpool https://container.googleapis.com:443 "GET /v1/projects/cloud-dev-112233/locations/europe-west3-b/operations/operation-1700386290971-0576d5a1-58c9-42c9-9a93-647778ad8bdc?alt=json HTTP/1.1" 200 None
2023-11-19 10:33:11,200 DEBUG    urllib3.connectionpool Starting new HTTPS connection (1): container.googleapis.com:443
2023-11-19 10:33:11,412 DEBUG    urllib3.connectionpool https://container.googleapis.com:443 "GET /v1/projects/cloud-dev-112233/locations/europe-west3-b/operations/operation-1700386290971-0576d5a1-58c9-42c9-9a93-647778ad8bdc?alt=json HTTP/1.1" 200 None
2023-11-19 10:33:16,423 DEBUG    urllib3.connectionpool Starting new HTTPS connection (1): container.googleapis.com:443
2023-11-19 10:33:16,677 DEBUG    urllib3.connectionpool https://container.googleapis.com:443 "GET /v1/projects/cloud-dev-112233/locations/europe-west3-b/operations/operation-1700386290971-0576d5a1-58c9-42c9-9a93-647778ad8bdc?alt=json HTTP/1.1" 200 None
2023-11-19 10:33:21,695 DEBUG    urllib3.connectionpool Starting new HTTPS connection (1): container.googleapis.com:443
2023-11-19 10:33:21,921 DEBUG    urllib3.connectionpool https://container.googleapis.com:443 "GET /v1/projects/cloud-dev-112233/locations/europe-west3-b/operations/operation-1700386290971-0576d5a1-58c9-42c9-9a93-647778ad8bdc?alt=json HTTP/1.1" 200 None
2023-11-19 10:33:26,939 DEBUG    urllib3.connectionpool Starting new HTTPS connection (1): container.googleapis.com:443
2023-11-19 10:33:27,227 DEBUG    urllib3.connectionpool https://container.googleapis.com:443 "GET /v1/projects/cloud-dev-112233/locations/europe-west3-b/operations/operation-1700386290971-0576d5a1-58c9-42c9-9a93-647778ad8bdc?alt=json HTTP/1.1" 200 None
2023-11-19 10:33:32,244 DEBUG    urllib3.connectionpool Starting new HTTPS connection (1): container.googleapis.com:443
2023-11-19 10:33:32,551 DEBUG    urllib3.connectionpool https://container.googleapis.com:443 "GET /v1/projects/cloud-dev-112233/locations/europe-west3-b/operations/operation-1700386290971-0576d5a1-58c9-42c9-9a93-647778ad8bdc?alt=json HTTP/1.1" 200 None
2023-11-19 10:33:37,573 DEBUG    urllib3.connectionpool Starting new HTTPS connection (1): container.googleapis.com:443
2023-11-19 10:33:37,863 DEBUG    urllib3.connectionpool https://container.googleapis.com:443 "GET /v1/projects/cloud-dev-112233/locations/europe-west3-b/operations/operation-1700386290971-0576d5a1-58c9-42c9-9a93-647778ad8bdc?alt=json HTTP/1.1" 200 None
2023-11-19 10:33:42,887 DEBUG    urllib3.connectionpool Starting new HTTPS connection (1): container.googleapis.com:443
2023-11-19 10:33:43,156 DEBUG    urllib3.connectionpool https://container.googleapis.com:443 "GET /v1/projects/cloud-dev-112233/locations/europe-west3-b/operations/operation-1700386290971-0576d5a1-58c9-42c9-9a93-647778ad8bdc?alt=json HTTP/1.1" 200 None
2023-11-19 10:33:48,167 DEBUG    urllib3.connectionpool Starting new HTTPS connection (1): container.googleapis.com:443
2023-11-19 10:33:48,373 DEBUG    urllib3.connectionpool https://container.googleapis.com:443 "GET /v1/projects/cloud-dev-112233/locations/europe-west3-b/operations/operation-1700386290971-0576d5a1-58c9-42c9-9a93-647778ad8bdc?alt=json HTTP/1.1" 200 None
2023-11-19 10:33:53,390 DEBUG    urllib3.connectionpool Starting new HTTPS connection (1): container.googleapis.com:443
2023-11-19 10:33:53,639 DEBUG    urllib3.connectionpool https://container.googleapis.com:443 "GET /v1/projects/cloud-dev-112233/locations/europe-west3-b/operations/operation-1700386290971-0576d5a1-58c9-42c9-9a93-647778ad8bdc?alt=json HTTP/1.1" 200 None
2023-11-19 10:33:58,650 DEBUG    urllib3.connectionpool Starting new HTTPS connection (1): container.googleapis.com:443
2023-11-19 10:33:58,929 DEBUG    urllib3.connectionpool https://container.googleapis.com:443 "GET /v1/projects/cloud-dev-112233/locations/europe-west3-b/operations/operation-1700386290971-0576d5a1-58c9-42c9-9a93-647778ad8bdc?alt=json HTTP/1.1" 200 None
2023-11-19 10:34:03,942 DEBUG    urllib3.connectionpool Starting new HTTPS connection (1): container.googleapis.com:443
2023-11-19 10:34:04,156 DEBUG    urllib3.connectionpool https://container.googleapis.com:443 "GET /v1/projects/cloud-dev-112233/locations/europe-west3-b/operations/operation-1700386290971-0576d5a1-58c9-42c9-9a93-647778ad8bdc?alt=json HTTP/1.1" 200 None
2023-11-19 10:34:09,170 DEBUG    urllib3.connectionpool Starting new HTTPS connection (1): container.googleapis.com:443
2023-11-19 10:34:09,424 DEBUG    urllib3.connectionpool https://container.googleapis.com:443 "GET /v1/projects/cloud-dev-112233/locations/europe-west3-b/operations/operation-1700386290971-0576d5a1-58c9-42c9-9a93-647778ad8bdc?alt=json HTTP/1.1" 200 None
2023-11-19 10:34:14,438 DEBUG    urllib3.connectionpool Starting new HTTPS connection (1): container.googleapis.com:443
2023-11-19 10:34:14,732 DEBUG    urllib3.connectionpool https://container.googleapis.com:443 "GET /v1/projects/cloud-dev-112233/locations/europe-west3-b/operations/operation-1700386290971-0576d5a1-58c9-42c9-9a93-647778ad8bdc?alt=json HTTP/1.1" 200 None
2023-11-19 10:34:19,743 DEBUG    urllib3.connectionpool Starting new HTTPS connection (1): container.googleapis.com:443
2023-11-19 10:34:20,030 DEBUG    urllib3.connectionpool https://container.googleapis.com:443 "GET /v1/projects/cloud-dev-112233/locations/europe-west3-b/operations/operation-1700386290971-0576d5a1-58c9-42c9-9a93-647778ad8bdc?alt=json HTTP/1.1" 200 None
2023-11-19 10:34:25,045 DEBUG    urllib3.connectionpool Starting new HTTPS connection (1): container.googleapis.com:443
2023-11-19 10:34:25,268 DEBUG    urllib3.connectionpool https://container.googleapis.com:443 "GET /v1/projects/cloud-dev-112233/locations/europe-west3-b/operations/operation-1700386290971-0576d5a1-58c9-42c9-9a93-647778ad8bdc?alt=json HTTP/1.1" 200 None
2023-11-19 10:34:30,277 DEBUG    urllib3.connectionpool Starting new HTTPS connection (1): container.googleapis.com:443
2023-11-19 10:34:30,554 DEBUG    urllib3.connectionpool https://container.googleapis.com:443 "GET /v1/projects/cloud-dev-112233/locations/europe-west3-b/operations/operation-1700386290971-0576d5a1-58c9-42c9-9a93-647778ad8bdc?alt=json HTTP/1.1" 200 None
2023-11-19 10:34:35,568 DEBUG    urllib3.connectionpool Starting new HTTPS connection (1): container.googleapis.com:443
2023-11-19 10:34:35,798 DEBUG    urllib3.connectionpool https://container.googleapis.com:443 "GET /v1/projects/cloud-dev-112233/locations/europe-west3-b/operations/operation-1700386290971-0576d5a1-58c9-42c9-9a93-647778ad8bdc?alt=json HTTP/1.1" 200 None
2023-11-19 10:34:40,817 DEBUG    urllib3.connectionpool Starting new HTTPS connection (1): container.googleapis.com:443
2023-11-19 10:34:41,066 DEBUG    urllib3.connectionpool https://container.googleapis.com:443 "GET /v1/projects/cloud-dev-112233/locations/europe-west3-b/operations/operation-1700386290971-0576d5a1-58c9-42c9-9a93-647778ad8bdc?alt=json HTTP/1.1" 200 None
2023-11-19 10:34:46,088 DEBUG    urllib3.connectionpool Starting new HTTPS connection (1): container.googleapis.com:443
2023-11-19 10:34:46,328 DEBUG    urllib3.connectionpool https://container.googleapis.com:443 "GET /v1/projects/cloud-dev-112233/locations/europe-west3-b/operations/operation-1700386290971-0576d5a1-58c9-42c9-9a93-647778ad8bdc?alt=json HTTP/1.1" 200 None
2023-11-19 10:34:51,363 DEBUG    urllib3.connectionpool Starting new HTTPS connection (1): container.googleapis.com:443
2023-11-19 10:34:51,638 DEBUG    urllib3.connectionpool https://container.googleapis.com:443 "GET /v1/projects/cloud-dev-112233/locations/europe-west3-b/operations/operation-1700386290971-0576d5a1-58c9-42c9-9a93-647778ad8bdc?alt=json HTTP/1.1" 200 None
2023-11-19 10:34:56,648 DEBUG    urllib3.connectionpool Starting new HTTPS connection (1): container.googleapis.com:443
2023-11-19 10:34:56,856 DEBUG    urllib3.connectionpool https://container.googleapis.com:443 "GET /v1/projects/cloud-dev-112233/locations/europe-west3-b/operations/operation-1700386290971-0576d5a1-58c9-42c9-9a93-647778ad8bdc?alt=json HTTP/1.1" 200 None
2023-11-19 10:35:01,879 DEBUG    urllib3.connectionpool Starting new HTTPS connection (1): container.googleapis.com:443
2023-11-19 10:35:02,106 DEBUG    urllib3.connectionpool https://container.googleapis.com:443 "GET /v1/projects/cloud-dev-112233/locations/europe-west3-b/operations/operation-1700386290971-0576d5a1-58c9-42c9-9a93-647778ad8bdc?alt=json HTTP/1.1" 200 None
2023-11-19 10:35:07,129 DEBUG    urllib3.connectionpool Starting new HTTPS connection (1): container.googleapis.com:443
2023-11-19 10:35:07,456 DEBUG    urllib3.connectionpool https://container.googleapis.com:443 "GET /v1/projects/cloud-dev-112233/locations/europe-west3-b/operations/operation-1700386290971-0576d5a1-58c9-42c9-9a93-647778ad8bdc?alt=json HTTP/1.1" 200 None
2023-11-19 10:35:12,477 DEBUG    urllib3.connectionpool Starting new HTTPS connection (1): container.googleapis.com:443
2023-11-19 10:35:12,700 DEBUG    urllib3.connectionpool https://container.googleapis.com:443 "GET /v1/projects/cloud-dev-112233/locations/europe-west3-b/operations/operation-1700386290971-0576d5a1-58c9-42c9-9a93-647778ad8bdc?alt=json HTTP/1.1" 200 None
2023-11-19 10:35:17,713 DEBUG    urllib3.connectionpool Starting new HTTPS connection (1): container.googleapis.com:443
2023-11-19 10:35:17,936 DEBUG    urllib3.connectionpool https://container.googleapis.com:443 "GET /v1/projects/cloud-dev-112233/locations/europe-west3-b/operations/operation-1700386290971-0576d5a1-58c9-42c9-9a93-647778ad8bdc?alt=json HTTP/1.1" 200 None
2023-11-19 10:35:22,946 DEBUG    urllib3.connectionpool Starting new HTTPS connection (1): container.googleapis.com:443
2023-11-19 10:35:23,233 DEBUG    urllib3.connectionpool https://container.googleapis.com:443 "GET /v1/projects/cloud-dev-112233/locations/europe-west3-b/operations/operation-1700386290971-0576d5a1-58c9-42c9-9a93-647778ad8bdc?alt=json HTTP/1.1" 200 None
2023-11-19 10:35:28,248 DEBUG    urllib3.connectionpool Starting new HTTPS connection (1): container.googleapis.com:443
2023-11-19 10:35:28,482 DEBUG    urllib3.connectionpool https://container.googleapis.com:443 "GET /v1/projects/cloud-dev-112233/locations/europe-west3-b/operations/operation-1700386290971-0576d5a1-58c9-42c9-9a93-647778ad8bdc?alt=json HTTP/1.1" 200 None
2023-11-19 10:35:33,552 DEBUG    urllib3.connectionpool Starting new HTTPS connection (1): container.googleapis.com:443
2023-11-19 10:35:33,908 DEBUG    urllib3.connectionpool https://container.googleapis.com:443 "GET /v1/projects/cloud-dev-112233/locations/europe-west3-b/operations/operation-1700386290971-0576d5a1-58c9-42c9-9a93-647778ad8bdc?alt=json HTTP/1.1" 200 None
2023-11-19 10:35:38,923 DEBUG    urllib3.connectionpool Starting new HTTPS connection (1): container.googleapis.com:443
2023-11-19 10:35:39,167 DEBUG    urllib3.connectionpool https://container.googleapis.com:443 "GET /v1/projects/cloud-dev-112233/locations/europe-west3-b/operations/operation-1700386290971-0576d5a1-58c9-42c9-9a93-647778ad8bdc?alt=json HTTP/1.1" 200 None
2023-11-19 10:35:44,184 DEBUG    urllib3.connectionpool Starting new HTTPS connection (1): container.googleapis.com:443
2023-11-19 10:35:44,451 DEBUG    urllib3.connectionpool https://container.googleapis.com:443 "GET /v1/projects/cloud-dev-112233/locations/europe-west3-b/operations/operation-1700386290971-0576d5a1-58c9-42c9-9a93-647778ad8bdc?alt=json HTTP/1.1" 200 None
2023-11-19 10:35:49,466 DEBUG    urllib3.connectionpool Starting new HTTPS connection (1): container.googleapis.com:443
2023-11-19 10:35:49,658 DEBUG    urllib3.connectionpool https://container.googleapis.com:443 "GET /v1/projects/cloud-dev-112233/locations/europe-west3-b/operations/operation-1700386290971-0576d5a1-58c9-42c9-9a93-647778ad8bdc?alt=json HTTP/1.1" 200 None
2023-11-19 10:35:54,674 DEBUG    urllib3.connectionpool Starting new HTTPS connection (1): container.googleapis.com:443
2023-11-19 10:35:54,885 DEBUG    urllib3.connectionpool https://container.googleapis.com:443 "GET /v1/projects/cloud-dev-112233/locations/europe-west3-b/operations/operation-1700386290971-0576d5a1-58c9-42c9-9a93-647778ad8bdc?alt=json HTTP/1.1" 200 None
2023-11-19 10:35:59,894 DEBUG    urllib3.connectionpool Starting new HTTPS connection (1): container.googleapis.com:443
2023-11-19 10:36:00,157 DEBUG    urllib3.connectionpool https://container.googleapis.com:443 "GET /v1/projects/cloud-dev-112233/locations/europe-west3-b/operations/operation-1700386290971-0576d5a1-58c9-42c9-9a93-647778ad8bdc?alt=json HTTP/1.1" 200 None
2023-11-19 10:36:05,169 DEBUG    urllib3.connectionpool Starting new HTTPS connection (1): container.googleapis.com:443
2023-11-19 10:36:05,372 DEBUG    urllib3.connectionpool https://container.googleapis.com:443 "GET /v1/projects/cloud-dev-112233/locations/europe-west3-b/operations/operation-1700386290971-0576d5a1-58c9-42c9-9a93-647778ad8bdc?alt=json HTTP/1.1" 200 None
2023-11-19 10:36:10,387 DEBUG    urllib3.connectionpool Starting new HTTPS connection (1): container.googleapis.com:443
2023-11-19 10:36:10,653 DEBUG    urllib3.connectionpool https://container.googleapis.com:443 "GET /v1/projects/cloud-dev-112233/locations/europe-west3-b/operations/operation-1700386290971-0576d5a1-58c9-42c9-9a93-647778ad8bdc?alt=json HTTP/1.1" 200 None
2023-11-19 10:36:15,662 DEBUG    urllib3.connectionpool Starting new HTTPS connection (1): container.googleapis.com:443
2023-11-19 10:36:15,846 DEBUG    urllib3.connectionpool https://container.googleapis.com:443 "GET /v1/projects/cloud-dev-112233/locations/europe-west3-b/operations/operation-1700386290971-0576d5a1-58c9-42c9-9a93-647778ad8bdc?alt=json HTTP/1.1" 200 None
2023-11-19 10:36:20,856 DEBUG    urllib3.connectionpool Starting new HTTPS connection (1): container.googleapis.com:443
2023-11-19 10:36:21,054 DEBUG    urllib3.connectionpool https://container.googleapis.com:443 "GET /v1/projects/cloud-dev-112233/locations/europe-west3-b/operations/operation-1700386290971-0576d5a1-58c9-42c9-9a93-647778ad8bdc?alt=json HTTP/1.1" 200 None
2023-11-19 10:36:26,075 DEBUG    urllib3.connectionpool Starting new HTTPS connection (1): container.googleapis.com:443
2023-11-19 10:36:26,343 DEBUG    urllib3.connectionpool https://container.googleapis.com:443 "GET /v1/projects/cloud-dev-112233/locations/europe-west3-b/operations/operation-1700386290971-0576d5a1-58c9-42c9-9a93-647778ad8bdc?alt=json HTTP/1.1" 200 None
2023-11-19 10:36:31,357 DEBUG    urllib3.connectionpool Starting new HTTPS connection (1): container.googleapis.com:443
2023-11-19 10:36:31,581 DEBUG    urllib3.connectionpool https://container.googleapis.com:443 "GET /v1/projects/cloud-dev-112233/locations/europe-west3-b/operations/operation-1700386290971-0576d5a1-58c9-42c9-9a93-647778ad8bdc?alt=json HTTP/1.1" 200 None
2023-11-19 10:36:36,586 DEBUG    urllib3.connectionpool Starting new HTTPS connection (1): container.googleapis.com:443
2023-11-19 10:36:36,799 DEBUG    urllib3.connectionpool https://container.googleapis.com:443 "GET /v1/projects/cloud-dev-112233/locations/europe-west3-b/operations/operation-1700386290971-0576d5a1-58c9-42c9-9a93-647778ad8bdc?alt=json HTTP/1.1" 200 None
2023-11-19 10:36:41,813 DEBUG    urllib3.connectionpool Starting new HTTPS connection (1): container.googleapis.com:443
2023-11-19 10:36:42,097 DEBUG    urllib3.connectionpool https://container.googleapis.com:443 "GET /v1/projects/cloud-dev-112233/locations/europe-west3-b/operations/operation-1700386290971-0576d5a1-58c9-42c9-9a93-647778ad8bdc?alt=json HTTP/1.1" 200 None
2023-11-19 10:36:47,111 DEBUG    urllib3.connectionpool Starting new HTTPS connection (1): container.googleapis.com:443
2023-11-19 10:36:47,332 DEBUG    urllib3.connectionpool https://container.googleapis.com:443 "GET /v1/projects/cloud-dev-112233/locations/europe-west3-b/operations/operation-1700386290971-0576d5a1-58c9-42c9-9a93-647778ad8bdc?alt=json HTTP/1.1" 200 None
2023-11-19 10:36:52,345 DEBUG    urllib3.connectionpool Starting new HTTPS connection (1): container.googleapis.com:443
2023-11-19 10:36:52,600 DEBUG    urllib3.connectionpool https://container.googleapis.com:443 "GET /v1/projects/cloud-dev-112233/locations/europe-west3-b/operations/operation-1700386290971-0576d5a1-58c9-42c9-9a93-647778ad8bdc?alt=json HTTP/1.1" 200 None
2023-11-19 10:36:57,616 DEBUG    urllib3.connectionpool Starting new HTTPS connection (1): container.googleapis.com:443
2023-11-19 10:36:57,849 DEBUG    urllib3.connectionpool https://container.googleapis.com:443 "GET /v1/projects/cloud-dev-112233/locations/europe-west3-b/operations/operation-1700386290971-0576d5a1-58c9-42c9-9a93-647778ad8bdc?alt=json HTTP/1.1" 200 None
2023-11-19 10:37:02,858 DEBUG    urllib3.connectionpool Starting new HTTPS connection (1): container.googleapis.com:443
2023-11-19 10:37:03,126 DEBUG    urllib3.connectionpool https://container.googleapis.com:443 "GET /v1/projects/cloud-dev-112233/locations/europe-west3-b/operations/operation-1700386290971-0576d5a1-58c9-42c9-9a93-647778ad8bdc?alt=json HTTP/1.1" 200 None
2023-11-19 10:37:08,140 DEBUG    urllib3.connectionpool Starting new HTTPS connection (1): container.googleapis.com:443
2023-11-19 10:37:08,361 DEBUG    urllib3.connectionpool https://container.googleapis.com:443 "GET /v1/projects/cloud-dev-112233/locations/europe-west3-b/operations/operation-1700386290971-0576d5a1-58c9-42c9-9a93-647778ad8bdc?alt=json HTTP/1.1" 200 None
2023-11-19 10:37:08,362 INFO     root            Operation <Operation
 clusterConditions: []
 endTime: '2023-11-19T09:37:03.680862629Z'
 name: 'operation-1700386290971-0576d5a1-58c9-42c9-9a93-647778ad8bdc'
 nodepoolConditions: []
 operationType: OperationTypeValueValuesEnum(CREATE_CLUSTER, 1)
 progress: <OperationProgress
 metrics: [<Metric
 intValue: 10
 name: 'CLUSTER_CONFIGURING'>, <Metric
 intValue: 10
 name: 'CLUSTER_CONFIGURING_TOTAL'>, <Metric
 intValue: 12
 name: 'CLUSTER_DEPLOYING'>, <Metric
 intValue: 12
 name: 'CLUSTER_DEPLOYING_TOTAL'>, <Metric
 intValue: 1
 name: 'CLUSTER_HEALTHCHECKING'>, <Metric
 intValue: 2
 name: 'CLUSTER_HEALTHCHECKING_TOTAL'>]
 stages: []>
 selfLink: 'https://container.googleapis.com/v1/projects/166042509722/zones/europe-west3-b/operations/operation-1700386290971-0576d5a1-58c9-42c9-9a93-647778ad8bdc'
 startTime: '2023-11-19T09:31:30.971586854Z'
 status: StatusValueValuesEnum(DONE, 3)
 targetLink: 'https://container.googleapis.com/v1/projects/166042509722/zones/europe-west3-b/clusters/inel-29220'
 zone: 'europe-west3-b'> succeeded after 337.310 seconds
2023-11-19 10:37:08,533 DEBUG    urllib3.connectionpool Starting new HTTPS connection (1): container.googleapis.com:443
2023-11-19 10:37:08,766 DEBUG    urllib3.connectionpool https://container.googleapis.com:443 "GET /v1/projects/cloud-dev-112233/locations/europe-west3-b/clusters/inel-29220?alt=json HTTP/1.1" 200 None
2023-11-19 10:37:08,780 INFO     ___FILE_ONLY___ Created [https://container.googleapis.com/v1/projects/cloud-dev-112233/zones/europe-west3-b/clusters/inel-29220].

2023-11-19 10:37:08,780 INFO     ___FILE_ONLY___ To inspect the contents of your cluster, go to: https://console.cloud.google.com/kubernetes/workload_/gcloud/europe-west3-b/inel-29220?project=cloud-dev-112233

2023-11-19 10:37:09,871 DEBUG    root            Saved kubeconfig to /Users/inelpandzic/.kube/config
2023-11-19 10:37:09,871 INFO     ___FILE_ONLY___ kubeconfig entry generated for inel-29220.

2023-11-19 10:37:09,872 DEBUG    root            Chosen display Format:
    table(
        name,
        zone:label=LOCATION,
        master_version():label=MASTER_VERSION,
        endpoint:label=MASTER_IP,
        nodePools[0].config.machineType,
        currentNodeVersion:label=NODE_VERSION,
        firstof(currentNodeCount,initialNodeCount):label=NUM_NODES,
        status
    )

2023-11-19 10:37:09,872 INFO     root            Display format: "
    table(
        name,
        zone:label=LOCATION,
        master_version():label=MASTER_VERSION,
        endpoint:label=MASTER_IP,
        nodePools[0].config.machineType,
        currentNodeVersion:label=NODE_VERSION,
        firstof(currentNodeCount,initialNodeCount):label=NUM_NODES,
        status
    )
"
2023-11-19 10:37:09,874 INFO     ___FILE_ONLY___ NAME
2023-11-19 10:37:09,874 INFO     ___FILE_ONLY___         
2023-11-19 10:37:09,874 INFO     ___FILE_ONLY___ LOCATION
2023-11-19 10:37:09,874 INFO     ___FILE_ONLY___         
2023-11-19 10:37:09,874 INFO     ___FILE_ONLY___ MASTER_VERSION
2023-11-19 10:37:09,874 INFO     ___FILE_ONLY___        
2023-11-19 10:37:09,874 INFO     ___FILE_ONLY___ MASTER_IP
2023-11-19 10:37:09,874 INFO     ___FILE_ONLY___       
2023-11-19 10:37:09,874 INFO     ___FILE_ONLY___ MACHINE_TYPE
2023-11-19 10:37:09,874 INFO     ___FILE_ONLY___    
2023-11-19 10:37:09,874 INFO     ___FILE_ONLY___ NODE_VERSION
2023-11-19 10:37:09,874 INFO     ___FILE_ONLY___          
2023-11-19 10:37:09,874 INFO     ___FILE_ONLY___ NUM_NODES
2023-11-19 10:37:09,874 INFO     ___FILE_ONLY___   
2023-11-19 10:37:09,875 INFO     ___FILE_ONLY___ STATUS
2023-11-19 10:37:09,875 INFO     ___FILE_ONLY___ 

2023-11-19 10:37:09,875 INFO     ___FILE_ONLY___ inel-29220
2023-11-19 10:37:09,875 INFO     ___FILE_ONLY___   
2023-11-19 10:37:09,875 INFO     ___FILE_ONLY___ europe-west3-b
2023-11-19 10:37:09,875 INFO     ___FILE_ONLY___   
2023-11-19 10:37:09,875 INFO     ___FILE_ONLY___ 1.25.15-gke.1115000
2023-11-19 10:37:09,875 INFO     ___FILE_ONLY___   
2023-11-19 10:37:09,875 INFO     ___FILE_ONLY___ 35.198.136.26
2023-11-19 10:37:09,875 INFO     ___FILE_ONLY___   
2023-11-19 10:37:09,875 INFO     ___FILE_ONLY___ n1-standard-4
2023-11-19 10:37:09,875 INFO     ___FILE_ONLY___   
2023-11-19 10:37:09,875 INFO     ___FILE_ONLY___ 1.25.15-gke.1115000
2023-11-19 10:37:09,875 INFO     ___FILE_ONLY___   
2023-11-19 10:37:09,875 INFO     ___FILE_ONLY___ 3
2023-11-19 10:37:09,875 INFO     ___FILE_ONLY___           
2023-11-19 10:37:09,875 INFO     ___FILE_ONLY___ RUNNING
2023-11-19 10:37:09,875 INFO     ___FILE_ONLY___ 

2023-11-19 10:37:09,877 DEBUG    root            Checking for updates...
2023-11-19 10:37:09,913 DEBUG    urllib3.connectionpool Starting new HTTPS connection (1): dl.google.com:443
2023-11-19 10:37:10,059 DEBUG    urllib3.connectionpool https://dl.google.com:443 "GET /dl/cloudsdk/channels/rapid/components-2.json HTTP/1.1" 200 209943
2023-11-19 10:37:10,234 INFO     ___FILE_ONLY___ 

Updates are available for some Google Cloud CLI components.  To install them,
please run:
  $ gcloud components update


2023-11-19 10:37:10,245 DEBUG    root            Metrics reporting process started...
