2023-11-19 11:31:33,605 DEBUG    root            Loaded Command Group: ['gcloud', 'config']
2023-11-19 11:31:33,608 DEBUG    root            Loaded Command Group: ['gcloud', 'config', 'config_helper']
2023-11-19 11:31:33,609 DEBUG    root            Running [gcloud.config.config-helper] with arguments: [--format: "json"]
2023-11-19 11:31:33,621 DEBUG    root            Chosen display Format:default json
2023-11-19 11:31:33,621 INFO     root            Display format: "default json"
2023-11-19 11:31:33,621 INFO     ___FILE_ONLY___ {
  "configuration": {
    "active_configuration": "percona-cloud-dev",
    "properties": {
      "core": {
        "account": "inel.pandzic@percona.com",
        "disable_usage_reporting": "False",
        "project": "cloud-dev-112233"
      }
    }
  },
  "credential": {
    "access_token": "ya29.a0AfB_byA3W8MTbodj2aIY400ggIm3MpdGtqNUzHetj1doWER6lmlJsPvoFDqAV7aZ2tqfMvpZxui-yffra3VEeP7A2WLlceUQrQ5A6JKNW8CSNUNirJqya7sG8WII5WjlSpjPIHpCece3FH-J02hmYgpsEzbOANK24hO--_nRMQ1RaCgYKAXISARESFQHGX2Mim-5m1nEDHKNPbCNbD8oGfA0179",
    "id_token": "eyJhbGciOiJSUzI1NiIsImtpZCI6IjViMzcwNjk2MGUzZTYwMDI0YTI2NTVlNzhjZmE2M2Y4N2M5N2QzMDkiLCJ0eXAiOiJKV1QifQ.eyJpc3MiOiJodHRwczovL2FjY291bnRzLmdvb2dsZS5jb20iLCJhenAiOiIzMjU1NTk0MDU1OS5hcHBzLmdvb2dsZXVzZXJjb250ZW50LmNvbSIsImF1ZCI6IjMyNTU1OTQwNTU5LmFwcHMuZ29vZ2xldXNlcmNvbnRlbnQuY29tIiwic3ViIjoiMTA3NDA5ODEzMzQ0NTU5NDQzNDA3IiwiaGQiOiJwZXJjb25hLmNvbSIsImVtYWlsIjoiaW5lbC5wYW5kemljQHBlcmNvbmEuY29tIiwiZW1haWxfdmVyaWZpZWQiOnRydWUsImF0X2hhc2giOiJFamxfaU9GeXQxSDBrREFfdVJ5Rk1BIiwiaWF0IjoxNzAwMzg5NTkwLCJleHAiOjE3MDAzOTMxOTB9.XiI3x6UmKEO0jxDvF2zCkZXD0gRU2nz-f0LT9cPOdxsUr2xHhl3LpdFxdLf15XljxvAZ5yFSXY5KONNGb9xOeUx_SEb7-9SUTird4RbAxBUe57ZbQTLP-X2jx6NtudKsHway6uMeGTx_VjQjl67xVC5BDXgneqXH2T11mPv4augD3R8k2aiQaHoLPEKz8LNgsud4jb2KQirY6KasWkkYF6il0q65TcU8uQz3wFmkstgyfitKLjxYEbL8gOKLlyjcaDuoIjbxxpOcENJZC6aKHvfYUxDm1vZoIECNll9m_EORnnseM2zgzfJG2zk260R6VLbZZKoumXHS6VYeoDYddw",
    "token_expiry": "2023-11-19T11:26:29Z"
  },
  "sentinels": {
    "config_sentinel": "/Users/inelpandzic/.config/gcloud/config_sentinel"
  }
}
2023-11-19 11:31:33,621 INFO     ___FILE_ONLY___ 

2023-11-19 11:31:33,627 DEBUG    root            Metrics reporting process started...
