2023-11-19 18:48:50,370 DEBUG    root            Loaded Command Group: ['gcloud', 'config']
2023-11-19 18:48:50,372 DEBUG    root            Loaded Command Group: ['gcloud', 'config', 'config_helper']
2023-11-19 18:48:50,373 DEBUG    root            Running [gcloud.config.config-helper] with arguments: [--format: "json"]
2023-11-19 18:48:50,491 DEBUG    google.auth.transport.requests Making request: POST https://oauth2.googleapis.com/token
2023-11-19 18:48:50,514 DEBUG    urllib3.connectionpool Starting new HTTPS connection (1): oauth2.googleapis.com:443
2023-11-19 18:48:50,686 DEBUG    urllib3.connectionpool https://oauth2.googleapis.com:443 "POST /token HTTP/1.1" 200 None
2023-11-19 18:48:50,697 DEBUG    root            Chosen display Format:default json
2023-11-19 18:48:50,697 INFO     root            Display format: "default json"
2023-11-19 18:48:50,698 INFO     ___FILE_ONLY___ {
  "configuration": {
    "active_configuration": "percona-cloud-dev",
    "properties": {
      "core": {
        "account": "inel.pandzic@percona.com",
        "disable_usage_reporting": "False",
        "project": "cloud-dev-112233"
      }
    }
  },
  "credential": {
    "access_token": "ya29.a0AfB_byBVJThXuFQ1FcGFzL5PQ6aPvePDY1pfJAoXdMVrALx3a_wLlE_QpCGGh2p8QCJyqe-9eB6j0d0YMJtN5-iho2wX4SJVKczaIMex-wF62yKwI1DeS6bbarKzoqXl35uPEei2E327E3FXcug48SLsLH1jN_ZwRi7QboHk9IWOaCgYKAaYSARESFQHGX2Mi9tOwhMc1keCcJZlylCBmUQ0179",
    "id_token": "eyJhbGciOiJSUzI1NiIsImtpZCI6IjViMzcwNjk2MGUzZTYwMDI0YTI2NTVlNzhjZmE2M2Y4N2M5N2QzMDkiLCJ0eXAiOiJKV1QifQ.eyJpc3MiOiJodHRwczovL2FjY291bnRzLmdvb2dsZS5jb20iLCJhenAiOiIzMjU1NTk0MDU1OS5hcHBzLmdvb2dsZXVzZXJjb250ZW50LmNvbSIsImF1ZCI6IjMyNTU1OTQwNTU5LmFwcHMuZ29vZ2xldXNlcmNvbnRlbnQuY29tIiwic3ViIjoiMTA3NDA5ODEzMzQ0NTU5NDQzNDA3IiwiaGQiOiJwZXJjb25hLmNvbSIsImVtYWlsIjoiaW5lbC5wYW5kemljQHBlcmNvbmEuY29tIiwiZW1haWxfdmVyaWZpZWQiOnRydWUsImF0X2hhc2giOiIzaUt0YkNubkItNHlKQlpWSlFrQ2V3IiwiaWF0IjoxNzAwNDE2MTMwLCJleHAiOjE3MDA0MTk3MzB9.ptp7v0LhbC-vQdusJBUgjwjAJ_hVO5P5CtEUT-u5goCOWTVBi_OR5XMAChph392U9JaxCqOKSkPe8g9ux1C6ZUhrU1t2uYjLxrEpr36yRngsTuDt5ukOdm2yTaLIZvXbq2rPd68pty9HFGVPfAxBHi_H57TZyAyTCR03Up6CLFfiyBUT4Ry_mVwZS4ya0CX6-6goQOWQUwh9wLKaf9VjCghiqq_mSXumu6lpli7QJ7FEmGJVQ6xZNJJk4jEBR_mU98UbM9Wf-V0JnnSFnk18E65cU54N3X38elak9ARP1U_tnXl9AWP7JIO2a5m8-yWPPLrktxowpjhJImItA3HCbQ",
    "token_expiry": "2023-11-19T18:48:49Z"
  },
  "sentinels": {
    "config_sentinel": "/Users/inelpandzic/.config/gcloud/config_sentinel"
  }
}
2023-11-19 18:48:50,698 INFO     ___FILE_ONLY___ 

2023-11-19 18:48:50,715 DEBUG    root            Metrics reporting process started...
