2023-11-19 20:49:08,362 DEBUG    root            Loaded Command Group: ['gcloud', 'config']
2023-11-19 20:49:08,364 DEBUG    root            Loaded Command Group: ['gcloud', 'config', 'config_helper']
2023-11-19 20:49:08,365 DEBUG    root            Running [gcloud.config.config-helper] with arguments: [--format: "json"]
2023-11-19 20:49:08,375 DEBUG    google.auth.transport.requests Making request: POST https://oauth2.googleapis.com/token
2023-11-19 20:49:08,392 DEBUG    urllib3.connectionpool Starting new HTTPS connection (1): oauth2.googleapis.com:443
2023-11-19 20:49:08,549 DEBUG    urllib3.connectionpool https://oauth2.googleapis.com:443 "POST /token HTTP/1.1" 200 None
2023-11-19 20:49:08,557 DEBUG    root            Chosen display Format:default json
2023-11-19 20:49:08,557 INFO     root            Display format: "default json"
2023-11-19 20:49:08,557 INFO     ___FILE_ONLY___ {
  "configuration": {
    "active_configuration": "percona-cloud-dev",
    "properties": {
      "core": {
        "account": "inel.pandzic@percona.com",
        "disable_usage_reporting": "False",
        "project": "cloud-dev-112233"
      }
    }
  },
  "credential": {
    "access_token": "ya29.a0AfB_byBNaRcsBfSK8j2XQg612_FXl0SsoV1UV69cMASxRdNfqxkNgLQUEIosc-fa-yI-9UbEusCgiHs1gknoDnE5ZEesBkFKr34UKWItUJn4IH6GrsJWdZY126gmrwf477TPONTfVirt1MVriaCNG7eIgPagWX29bOUEpvqKN7JRaCgYKAWISARESFQHGX2Mi4Q2uXEPyxlWCEtHGvaw2Hw0179",
    "id_token": "eyJhbGciOiJSUzI1NiIsImtpZCI6IjViMzcwNjk2MGUzZTYwMDI0YTI2NTVlNzhjZmE2M2Y4N2M5N2QzMDkiLCJ0eXAiOiJKV1QifQ.eyJpc3MiOiJodHRwczovL2FjY291bnRzLmdvb2dsZS5jb20iLCJhenAiOiIzMjU1NTk0MDU1OS5hcHBzLmdvb2dsZXVzZXJjb250ZW50LmNvbSIsImF1ZCI6IjMyNTU1OTQwNTU5LmFwcHMuZ29vZ2xldXNlcmNvbnRlbnQuY29tIiwic3ViIjoiMTA3NDA5ODEzMzQ0NTU5NDQzNDA3IiwiaGQiOiJwZXJjb25hLmNvbSIsImVtYWlsIjoiaW5lbC5wYW5kemljQHBlcmNvbmEuY29tIiwiZW1haWxfdmVyaWZpZWQiOnRydWUsImF0X2hhc2giOiJBNkg5MnpSZGx6cUZKUUs1bEJMVDRRIiwiaWF0IjoxNzAwNDIzMzQ4LCJleHAiOjE3MDA0MjY5NDh9.mzS_2tkP34Dz3CjPFSm0eFX80mzfgSB6GTHe4j6pd831qPeNPmMKiavEk4vMg5sbgyZp50Qiou96_-zIK_NPLwCklpeBL0d-LXVf6gfZiVSca7nlngl1DR77SUcBojnqwT1S_3-l-_gFYZI7sK1rFYqnIyugB8nrkWVqflEMUWS2mUU9_KYm6QOC_1i6443VBA52CQbEka0T2xrsEXJaqOLekt286IQgOpcTg1X8BMJKHiy8AwmbzYY0hLzzC1qThaHcg8hJ5ksrXTFrLXEQ3t2eSerFgt-m_XUc1ck7yvsL28dMP5LrTdClydWo-DHr5jEkvpwq6fZl1RH0z32d6A",
    "token_expiry": "2023-11-19T20:49:07Z"
  },
  "sentinels": {
    "config_sentinel": "/Users/inelpandzic/.config/gcloud/config_sentinel"
  }
}
2023-11-19 20:49:08,557 INFO     ___FILE_ONLY___ 

2023-11-19 20:49:08,563 DEBUG    root            Metrics reporting process started...
