2022-08-26 17:28:14,987 DEBUG    root            Loaded Command Group: ['gcloud', 'config']
2022-08-26 17:28:14,989 DEBUG    root            Loaded Command Group: ['gcloud', 'config', 'config_helper']
2022-08-26 17:28:14,989 DEBUG    root            Running [gcloud.config.config-helper] with arguments: [--format: "json"]
2022-08-26 17:28:15,015 DEBUG    google.auth.transport.requests Making request: POST https://oauth2.googleapis.com/token
2022-08-26 17:28:15,027 DEBUG    urllib3.connectionpool Starting new HTTPS connection (1): oauth2.googleapis.com:443
2022-08-26 17:28:15,186 DEBUG    urllib3.connectionpool https://oauth2.googleapis.com:443 "POST /token HTTP/1.1" 200 None
2022-08-26 17:28:15,194 INFO     root            Display format: "default json"
2022-08-26 17:28:15,195 INFO     ___FILE_ONLY___ {
  "configuration": {
    "active_configuration": "percona-cloud-dev",
    "properties": {
      "core": {
        "account": "inel.pandzic@percona.com",
        "disable_usage_reporting": "False",
        "project": "cloud-dev-112233"
      }
    }
  },
  "credential": {
    "access_token": "ya29.a0AVA9y1tszfGnQ34HdeAirelkpli51EZNfeK_YMRXCJZewnA2A4DKf3NbV6pmZtJDg8520d4O0TcOxzq9OAnhUJwztXIZuLF_HUQ_MKV3hJlwswEtCKHPXRtcWTZH9l05D5CXoFfA5jDKqWGxlamZXKmNmOj7TlgI9Xl-WlQaCgYKATASAQASFQE65dr8OyxPcD3CyXA13O1WZsInUQ0174",
    "id_token": "eyJhbGciOiJSUzI1NiIsImtpZCI6IjQwMmYzMDViNzA1ODEzMjlmZjI4OWI1YjNhNjcyODM4MDZlY2E4OTMiLCJ0eXAiOiJKV1QifQ.eyJpc3MiOiJodHRwczovL2FjY291bnRzLmdvb2dsZS5jb20iLCJhenAiOiIzMjU1NTk0MDU1OS5hcHBzLmdvb2dsZXVzZXJjb250ZW50LmNvbSIsImF1ZCI6IjMyNTU1OTQwNTU5LmFwcHMuZ29vZ2xldXNlcmNvbnRlbnQuY29tIiwic3ViIjoiMTA3NDA5ODEzMzQ0NTU5NDQzNDA3IiwiaGQiOiJwZXJjb25hLmNvbSIsImVtYWlsIjoiaW5lbC5wYW5kemljQHBlcmNvbmEuY29tIiwiZW1haWxfdmVyaWZpZWQiOnRydWUsImF0X2hhc2giOiJ0a25KUnpVd0ZZVnVHbXJIdTVPWE53IiwiaWF0IjoxNjYxNTI3Njk1LCJleHAiOjE2NjE1MzEyOTV9.PjkhWSKYVeEoxd33iwxYBXFY99HBn33tdNYM93GsYjPcPICI-h7hnhxch24wbpQqHTjob4HOFnHIMyMxvIMelMr8EulHZQDwxXROVUk5lONdjSR3FSJPegkcG13CC4HDtaKmz9noiB10q5iylSPFqV49NsKqgOT0YJpBmjEX5fytdItuRvKLkg6S7vv0D9683cXCSbRAXb1PwvSgxhn0JMr2XOT_TMQNl4JxUfEBiSIoPW8UmjBUw2g7DX6aocSq1vpZBSua95XgZAmyw81oISGqA77tBw8x3TNK3lkFcq0mE1t4zbgNz2BZqdpq7O2-0RLOce6n9wWJOnZQC15hLA",
    "token_expiry": "2022-08-26T16:28:14Z"
  },
  "sentinels": {
    "config_sentinel": "/Users/inelpandzic/.config/gcloud/config_sentinel"
  }
}
2022-08-26 17:28:15,195 INFO     ___FILE_ONLY___ 

2022-08-26 17:28:15,205 DEBUG    root            Metrics reporting process started...
