2022-11-23 11:36:10,821 DEBUG    root            Loaded Command Group: ['gcloud', 'config']
2022-11-23 11:36:10,823 DEBUG    root            Loaded Command Group: ['gcloud', 'config', 'config_helper']
2022-11-23 11:36:10,823 DEBUG    root            Running [gcloud.config.config-helper] with arguments: [--format: "json"]
2022-11-23 11:36:10,902 DEBUG    google.auth.transport.requests Making request: POST https://oauth2.googleapis.com/token
2022-11-23 11:36:10,959 DEBUG    urllib3.connectionpool Starting new HTTPS connection (1): oauth2.googleapis.com:443
2022-11-23 11:36:11,371 DEBUG    urllib3.connectionpool https://oauth2.googleapis.com:443 "POST /token HTTP/1.1" 200 None
2022-11-23 11:36:11,381 INFO     root            Display format: "default json"
2022-11-23 11:36:11,382 INFO     ___FILE_ONLY___ {
  "configuration": {
    "active_configuration": "percona-cloud-dev",
    "properties": {
      "core": {
        "account": "inel.pandzic@percona.com",
        "disable_usage_reporting": "False",
        "project": "cloud-dev-112233"
      }
    }
  },
  "credential": {
    "access_token": "ya29.a0AeTM1idZEuwbe1udymC0un3GFjKX-TGouoRx1XRZ99LByqhO5dueutkeKl-MYOjNtMTC3E3ACVTbutW9NUECbuNLG4rtcp3OC225zAbV1aT30TmjYQMcBNCwGvYe9mjXGl6VBLYorWqe1xeeuhh4S3yAGmMdtyXNTETBEswaCgYKAcoSARESFQHWtWOmUEEiBM1FHyghTFDSymsEzA0174",
    "id_token": "eyJhbGciOiJSUzI1NiIsImtpZCI6IjI3Yjg2ZGM2OTM4ZGMzMjdiMjA0MzMzYTI1MGViYjQzYjMyZTRiM2MiLCJ0eXAiOiJKV1QifQ.eyJpc3MiOiJodHRwczovL2FjY291bnRzLmdvb2dsZS5jb20iLCJhenAiOiIzMjU1NTk0MDU1OS5hcHBzLmdvb2dsZXVzZXJjb250ZW50LmNvbSIsImF1ZCI6IjMyNTU1OTQwNTU5LmFwcHMuZ29vZ2xldXNlcmNvbnRlbnQuY29tIiwic3ViIjoiMTA3NDA5ODEzMzQ0NTU5NDQzNDA3IiwiaGQiOiJwZXJjb25hLmNvbSIsImVtYWlsIjoiaW5lbC5wYW5kemljQHBlcmNvbmEuY29tIiwiZW1haWxfdmVyaWZpZWQiOnRydWUsImF0X2hhc2giOiJ4MHdhZFlaREZtalFzUDJiV3VGLTR3IiwiaWF0IjoxNjY5MTk5NzcxLCJleHAiOjE2NjkyMDMzNzF9.bENPcNsiqj0h5AR7BML9vXqA0-N19R9EbqVHaM2CefPhw1mbFKV0ndFm1TLizrwWqSrrDapbQSqgv6Clb9qDRIxRAqgUDO_ZJ5h6Bfxds5Yd0PuTXPapb4NgLEupK59wh3h-D-bnuBngdqBc3WvnvZYmSMbKQ1dhCE2IU-AqIs7AP-4g1Nef4Z4AMRsxr_ewqvaiJwkrO5IeUgWuzX5c50pcEByK2TEEuBCMDaTsO4kEug1bCp3OxCNdFjnaYqV7KCJGTlCs7PYE7iCVxhpu7xib_aQbABsU1W7B56Mwat52HwAYE2FuKZrelzgQhA0Njmy0_NITCkdTX6zJby3o2A",
    "token_expiry": "2022-11-23T11:36:10Z"
  },
  "sentinels": {
    "config_sentinel": "/Users/inelpandzic/.config/gcloud/config_sentinel"
  }
}
2022-11-23 11:36:11,382 INFO     ___FILE_ONLY___ 

2022-11-23 11:36:11,383 DEBUG    root            Checking for updates...
2022-11-23 11:36:11,453 DEBUG    urllib3.connectionpool Starting new HTTPS connection (1): dl.google.com:443
2022-11-23 11:36:11,796 DEBUG    urllib3.connectionpool https://dl.google.com:443 "GET /dl/cloudsdk/channels/rapid/components-2.json HTTP/1.1" 200 203447
2022-11-23 11:36:12,243 DEBUG    root            Metrics reporting process started...
