2022-11-23 15:46:20,645 DEBUG    root            Loaded Command Group: ['gcloud', 'config']
2022-11-23 15:46:20,647 DEBUG    root            Loaded Command Group: ['gcloud', 'config', 'config_helper']
2022-11-23 15:46:20,648 DEBUG    root            Running [gcloud.config.config-helper] with arguments: [--format: "json"]
2022-11-23 15:46:20,666 DEBUG    google.auth.transport.requests Making request: POST https://oauth2.googleapis.com/token
2022-11-23 15:46:20,691 DEBUG    urllib3.connectionpool Starting new HTTPS connection (1): oauth2.googleapis.com:443
2022-11-23 15:46:20,849 DEBUG    urllib3.connectionpool https://oauth2.googleapis.com:443 "POST /token HTTP/1.1" 200 None
2022-11-23 15:46:20,852 INFO     root            Display format: "default json"
2022-11-23 15:46:20,852 INFO     ___FILE_ONLY___ {
  "configuration": {
    "active_configuration": "percona-cloud-dev",
    "properties": {
      "core": {
        "account": "inel.pandzic@percona.com",
        "disable_usage_reporting": "False",
        "project": "cloud-dev-112233"
      }
    }
  },
  "credential": {
    "access_token": "ya29.a0AeTM1idd1XpuQjp1vKXZbRUDitR5W1Fyg06JkK4JhBz3lNWaSoVJtJpQ4fH9EkbVM36bC2H9dhZ7O8-l54_jSZqwgYy5wvn4ihId13ZTDcdJvbNwpp4eqxe_5UFCaogrICTTqY-jUcXHyWuezgr24cSrQilNqyx9S1tzJA4aCgYKAV4SARESFQHWtWOmW0Q4geY9jFAO_mzlK2CZyg0174",
    "id_token": "eyJhbGciOiJSUzI1NiIsImtpZCI6IjI3Yjg2ZGM2OTM4ZGMzMjdiMjA0MzMzYTI1MGViYjQzYjMyZTRiM2MiLCJ0eXAiOiJKV1QifQ.eyJpc3MiOiJodHRwczovL2FjY291bnRzLmdvb2dsZS5jb20iLCJhenAiOiIzMjU1NTk0MDU1OS5hcHBzLmdvb2dsZXVzZXJjb250ZW50LmNvbSIsImF1ZCI6IjMyNTU1OTQwNTU5LmFwcHMuZ29vZ2xldXNlcmNvbnRlbnQuY29tIiwic3ViIjoiMTA3NDA5ODEzMzQ0NTU5NDQzNDA3IiwiaGQiOiJwZXJjb25hLmNvbSIsImVtYWlsIjoiaW5lbC5wYW5kemljQHBlcmNvbmEuY29tIiwiZW1haWxfdmVyaWZpZWQiOnRydWUsImF0X2hhc2giOiI0aHp5ZFNWQ251ZUhKcGNXd3ZYdWlnIiwiaWF0IjoxNjY5MjE0NzgwLCJleHAiOjE2NjkyMTgzODB9.dEY5WqbZwQS8x0mNJsK153hOD4kROG0nybDXUo3WEoOoW2-_Llrq81ss6C46YdVx9nWAJyGNn30BKGC5DBKKYC1g0Ggz_nSOUipPV2Z29K7MGuo7JxeSOLfRkTW7_rq-iKFTPFRB9sV4C6lARhd_rbIMFldr5nOHqawjSWQyfI1CUhbbZ3wbM7TSL_VhfQySYl00VfpDiwkgTGAgz1jTcj2HzSo_IXfF7UDRdWrbFjrNUfARyX5hhUzHw7JXxfwSNYXjlRe-osThDpqWMpVU50YKmxxVCys7y9D64ZUZFaTwgUpeEsmwqdG7vyeC4-9WrB6KP68F5DMVEVWDoX6Puw",
    "token_expiry": "2022-11-23T15:46:19Z"
  },
  "sentinels": {
    "config_sentinel": "/Users/inelpandzic/.config/gcloud/config_sentinel"
  }
}
2022-11-23 15:46:20,852 INFO     ___FILE_ONLY___ 

2022-11-23 15:46:20,858 DEBUG    root            Metrics reporting process started...
