2022-11-23 18:50:52,111 DEBUG    root            Loaded Command Group: ['gcloud', 'config']
2022-11-23 18:50:52,113 DEBUG    root            Loaded Command Group: ['gcloud', 'config', 'config_helper']
2022-11-23 18:50:52,114 DEBUG    root            Running [gcloud.config.config-helper] with arguments: [--format: "json"]
2022-11-23 18:50:52,139 DEBUG    google.auth.transport.requests Making request: POST https://oauth2.googleapis.com/token
2022-11-23 18:50:52,164 DEBUG    urllib3.connectionpool Starting new HTTPS connection (1): oauth2.googleapis.com:443
2022-11-23 18:50:52,337 DEBUG    urllib3.connectionpool https://oauth2.googleapis.com:443 "POST /token HTTP/1.1" 200 None
2022-11-23 18:50:52,342 INFO     root            Display format: "default json"
2022-11-23 18:50:52,342 INFO     ___FILE_ONLY___ {
  "configuration": {
    "active_configuration": "percona-cloud-dev",
    "properties": {
      "core": {
        "account": "inel.pandzic@percona.com",
        "disable_usage_reporting": "False",
        "project": "cloud-dev-112233"
      }
    }
  },
  "credential": {
    "access_token": "ya29.a0AeTM1ie07zB9gj8AgzjdUVg79vJlozFluUaoSMaXNT-Ha7njBTrZvi3MeNMVJfrwMUPHAYXcOOSMIQKMAAWX8wIroqYlLQPuHNYT4MM-982cWxbLqS2ctpTj0rwxes6U_Mgtl70D3Bk-7I-08oAcOg4yg8PPCOIdczSOmLoaCgYKAe0SARESFQHWtWOmg2_eE_xRkGrddBmJrIM6IQ0174",
    "id_token": "eyJhbGciOiJSUzI1NiIsImtpZCI6IjI3Yjg2ZGM2OTM4ZGMzMjdiMjA0MzMzYTI1MGViYjQzYjMyZTRiM2MiLCJ0eXAiOiJKV1QifQ.eyJpc3MiOiJodHRwczovL2FjY291bnRzLmdvb2dsZS5jb20iLCJhenAiOiIzMjU1NTk0MDU1OS5hcHBzLmdvb2dsZXVzZXJjb250ZW50LmNvbSIsImF1ZCI6IjMyNTU1OTQwNTU5LmFwcHMuZ29vZ2xldXNlcmNvbnRlbnQuY29tIiwic3ViIjoiMTA3NDA5ODEzMzQ0NTU5NDQzNDA3IiwiaGQiOiJwZXJjb25hLmNvbSIsImVtYWlsIjoiaW5lbC5wYW5kemljQHBlcmNvbmEuY29tIiwiZW1haWxfdmVyaWZpZWQiOnRydWUsImF0X2hhc2giOiJpblNJenRZbVpoblF6aHdfVkVnWlBBIiwiaWF0IjoxNjY5MjI1ODUyLCJleHAiOjE2NjkyMjk0NTJ9.KbA7y244t7g7JHXhecJQTC2sr4-v7XMTgh_Vmp7sQQJQo34poLDrEunlvkB06MMoYRSVSECukMR63oyKgYTdhmsZwl82T89O9a7GV_una55g-3L8oUHEUPGWu3aNvMxQE0INKatztnUpfbx2NMC-aPge3BMSwl0M9PhYLnnN73qEI1eKaM30EepTy6BvBK9jFdPWvG5z8DyQwPKsl9l4hC2kNP57bjQiQ-WeZCJJbXM1DZ29d7N4YYLdyAXdnD0oIWlMcxKVxvP0tHIVnBWX2cFUxDsQ2Gz8_OFX2wSIA4TNCM5eSw2IFGwFzC7VQq68k9pk-mU3Zzzz1eXhC7UFmA",
    "token_expiry": "2022-11-23T18:50:51Z"
  },
  "sentinels": {
    "config_sentinel": "/Users/inelpandzic/.config/gcloud/config_sentinel"
  }
}
2022-11-23 18:50:52,342 INFO     ___FILE_ONLY___ 

2022-11-23 18:50:52,351 DEBUG    root            Metrics reporting process started...
