2022-11-23 19:53:39,121 DEBUG    root            Loaded Command Group: ['gcloud', 'config']
2022-11-23 19:53:39,123 DEBUG    root            Loaded Command Group: ['gcloud', 'config', 'config_helper']
2022-11-23 19:53:39,124 DEBUG    root            Running [gcloud.config.config-helper] with arguments: [--format: "json"]
2022-11-23 19:53:39,147 DEBUG    google.auth.transport.requests Making request: POST https://oauth2.googleapis.com/token
2022-11-23 19:53:39,168 DEBUG    urllib3.connectionpool Starting new HTTPS connection (1): oauth2.googleapis.com:443
2022-11-23 19:53:39,501 DEBUG    urllib3.connectionpool https://oauth2.googleapis.com:443 "POST /token HTTP/1.1" 200 None
2022-11-23 19:53:39,521 INFO     root            Display format: "default json"
2022-11-23 19:53:39,523 INFO     ___FILE_ONLY___ {
  "configuration": {
    "active_configuration": "percona-cloud-dev",
    "properties": {
      "core": {
        "account": "inel.pandzic@percona.com",
        "disable_usage_reporting": "False",
        "project": "cloud-dev-112233"
      }
    }
  },
  "credential": {
    "access_token": "ya29.a0AeTM1idZXE0aFV4Yjvglc_MDT6suu3OHsx9jD8WD23CjO_Fyyt7azWBQSBKk4mK4d_GwRbq0-ohH5hcBPhARMivNWDidT2Ipb7xBREYHOZvBYJ2Ct_jOmKICO20C3iSw5tSY7t7_5Li5sIJI98KvCCwVB2iISoeSCTNievwaCgYKATISARESFQHWtWOmCec0A7qRiIgSb8RVG2YURQ0174",
    "id_token": "eyJhbGciOiJSUzI1NiIsImtpZCI6IjI3Yjg2ZGM2OTM4ZGMzMjdiMjA0MzMzYTI1MGViYjQzYjMyZTRiM2MiLCJ0eXAiOiJKV1QifQ.eyJpc3MiOiJodHRwczovL2FjY291bnRzLmdvb2dsZS5jb20iLCJhenAiOiIzMjU1NTk0MDU1OS5hcHBzLmdvb2dsZXVzZXJjb250ZW50LmNvbSIsImF1ZCI6IjMyNTU1OTQwNTU5LmFwcHMuZ29vZ2xldXNlcmNvbnRlbnQuY29tIiwic3ViIjoiMTA3NDA5ODEzMzQ0NTU5NDQzNDA3IiwiaGQiOiJwZXJjb25hLmNvbSIsImVtYWlsIjoiaW5lbC5wYW5kemljQHBlcmNvbmEuY29tIiwiZW1haWxfdmVyaWZpZWQiOnRydWUsImF0X2hhc2giOiJVWm01N3lxd2tMeUs1d0FCeS1iTHF3IiwiaWF0IjoxNjY5MjI5NjE5LCJleHAiOjE2NjkyMzMyMTl9.isa0iKFZnSwBP-dQBowNaa16l7-7iXqmuhxoeClEw_VgVGC1rkCboKTK6m6HTe1CYcqJHNpKVEAWhSsCRMd79bKGV_TZJClba9yCFrthB2o2rP1VcpaMWAINSPC_w64otS6rm4QpHPPKYaSt3QlmbzXnuKVeEI-H7nrsrkQPscTcuLvqTUVPYBBiQAvIGbibMF2GISZjU0iJ4QTazUTFpQRM_L0hCQrYMb50Uk2gsCsW7zq-u5kHMr5ZyP4GahJ22UBLr6Kd16CDetdL4kr4KDsmGVnPKsboNpC6zTD61r_FP7Pw78zi_vExluVypXNpQtkudqgieQkeNMqBlR1yyg",
    "token_expiry": "2022-11-23T19:53:38Z"
  },
  "sentinels": {
    "config_sentinel": "/Users/inelpandzic/.config/gcloud/config_sentinel"
  }
}
2022-11-23 19:53:39,523 INFO     ___FILE_ONLY___ 

2022-11-23 19:53:39,539 DEBUG    root            Metrics reporting process started...
