2022-11-23 23:13:19,915 DEBUG    root            Loaded Command Group: ['gcloud', 'config']
2022-11-23 23:13:19,916 DEBUG    root            Loaded Command Group: ['gcloud', 'config', 'config_helper']
2022-11-23 23:13:19,917 DEBUG    root            Running [gcloud.config.config-helper] with arguments: [--format: "json"]
2022-11-23 23:13:19,926 DEBUG    google.auth.transport.requests Making request: POST https://oauth2.googleapis.com/token
2022-11-23 23:13:19,939 DEBUG    urllib3.connectionpool Starting new HTTPS connection (1): oauth2.googleapis.com:443
2022-11-23 23:13:20,106 DEBUG    urllib3.connectionpool https://oauth2.googleapis.com:443 "POST /token HTTP/1.1" 200 None
2022-11-23 23:13:20,114 INFO     root            Display format: "default json"
2022-11-23 23:13:20,114 INFO     ___FILE_ONLY___ {
  "configuration": {
    "active_configuration": "percona-cloud-dev",
    "properties": {
      "core": {
        "account": "inel.pandzic@percona.com",
        "disable_usage_reporting": "False",
        "project": "cloud-dev-112233"
      }
    }
  },
  "credential": {
    "access_token": "ya29.a0AeTM1ifvtLilnM3bpoz00iBGW-b-QUhmJlyibeMcKGtQGDz5LzZY-YNPtC2Uvj9Vcc3sTXmIqqkiIpipbpOqQQoNLDYS82eSlo2e0ZQWzbJqhN5Ci5MzNGUCioLva0NTLU5uKHKDFSZqrXgWo1EWqbbbFjIYXoESuDgiaL8aCgYKAX0SARESFQHWtWOmRpUDEorVGaGFa_5qrLrHzw0174",
    "id_token": "eyJhbGciOiJSUzI1NiIsImtpZCI6IjI3Yjg2ZGM2OTM4ZGMzMjdiMjA0MzMzYTI1MGViYjQzYjMyZTRiM2MiLCJ0eXAiOiJKV1QifQ.eyJpc3MiOiJodHRwczovL2FjY291bnRzLmdvb2dsZS5jb20iLCJhenAiOiIzMjU1NTk0MDU1OS5hcHBzLmdvb2dsZXVzZXJjb250ZW50LmNvbSIsImF1ZCI6IjMyNTU1OTQwNTU5LmFwcHMuZ29vZ2xldXNlcmNvbnRlbnQuY29tIiwic3ViIjoiMTA3NDA5ODEzMzQ0NTU5NDQzNDA3IiwiaGQiOiJwZXJjb25hLmNvbSIsImVtYWlsIjoiaW5lbC5wYW5kemljQHBlcmNvbmEuY29tIiwiZW1haWxfdmVyaWZpZWQiOnRydWUsImF0X2hhc2giOiJWd1NUVVNpT2hLN3BsejJiLTZtNGZnIiwiaWF0IjoxNjY5MjQxNjAwLCJleHAiOjE2NjkyNDUyMDB9.c5Z_075U09ApZUwutB-r7LBqU0pm3QaK0gnq673-h_3d6EGXG2MZ_XScwsiGXWFkz95cGoMz9D02IVM3HkeiWATrRRK8qL9-P-KFl-miql_-QJYvNVPbqqxbFyCgEX7FTxUpfK8lXQ_fQ44KMVfvLa31RjwZv06VGkPspd8b7cq6Y6s_uAWBZ8h5eliYHlrHAkIIdyAgaHzGQTuvcRfsv1ABmDkg6BD5SN3lL5Tx5cA6rtB34YjDQhIxrmp2KcxHNBxCcV9gR5EUsR1nJdU-Viv4Xq7rm5xDnzTnUKI3CBEPF8NOgoMff9vUUaOSl3Ek8tNSWwm3Q_tC74VckpG6Fg",
    "token_expiry": "2022-11-23T23:13:19Z"
  },
  "sentinels": {
    "config_sentinel": "/Users/inelpandzic/.config/gcloud/config_sentinel"
  }
}
2022-11-23 23:13:20,114 INFO     ___FILE_ONLY___ 

2022-11-23 23:13:20,122 DEBUG    root            Metrics reporting process started...
