2022-08-09 16:53:49,272 DEBUG    root            Loaded Command Group: ['gcloud', 'config']
2022-08-09 16:53:49,274 DEBUG    root            Loaded Command Group: ['gcloud', 'config', 'config_helper']
2022-08-09 16:53:49,275 DEBUG    root            Running [gcloud.config.config-helper] with arguments: [--format: "json"]
2022-08-09 16:53:49,326 DEBUG    google.auth.transport.requests Making request: POST https://oauth2.googleapis.com/token
2022-08-09 16:53:49,338 DEBUG    urllib3.connectionpool Starting new HTTPS connection (1): oauth2.googleapis.com:443
2022-08-09 16:53:49,505 DEBUG    urllib3.connectionpool https://oauth2.googleapis.com:443 "POST /token HTTP/1.1" 200 None
2022-08-09 16:53:49,509 INFO     root            Display format: "default json"
2022-08-09 16:53:49,510 INFO     ___FILE_ONLY___ {
  "configuration": {
    "active_configuration": "percona-cloud-dev",
    "properties": {
      "core": {
        "account": "inel.pandzic@percona.com",
        "disable_usage_reporting": "False",
        "project": "cloud-dev-112233"
      }
    }
  },
  "credential": {
    "access_token": "ya29.A0AVA9y1vCsHG5sbtowAhbL9ckrvebTAQSoZBcUwo5wW55VOw9JBZvZbYoz1yYWvDveU9v_TQOb-JJ91D_FBCYCZ9Gd-8hrGuVZk6lBEQ72cVWsiVZdbmfV0VRlemSY3FTp4uU3wRqxGCEBh7OrzASfJl1FRdS3xhvCHtVICYaCgYKATASATASFQE65dr8ns-hkYlrlE5c66tIasddjQ0174",
    "id_token": "eyJhbGciOiJSUzI1NiIsImtpZCI6ImZkYTEwNjY0NTNkYzlkYzNkZDkzM2E0MWVhNTdkYTNlZjI0MmIwZjciLCJ0eXAiOiJKV1QifQ.eyJpc3MiOiJodHRwczovL2FjY291bnRzLmdvb2dsZS5jb20iLCJhenAiOiIzMjU1NTk0MDU1OS5hcHBzLmdvb2dsZXVzZXJjb250ZW50LmNvbSIsImF1ZCI6IjMyNTU1OTQwNTU5LmFwcHMuZ29vZ2xldXNlcmNvbnRlbnQuY29tIiwic3ViIjoiMTA3NDA5ODEzMzQ0NTU5NDQzNDA3IiwiaGQiOiJwZXJjb25hLmNvbSIsImVtYWlsIjoiaW5lbC5wYW5kemljQHBlcmNvbmEuY29tIiwiZW1haWxfdmVyaWZpZWQiOnRydWUsImF0X2hhc2giOiJkMUdKZHV2RGZDVUdqY0ExdHRqMVJnIiwiaWF0IjoxNjYwMDU2ODI5LCJleHAiOjE2NjAwNjA0Mjl9.QZU-6p3U1tFhecUBHy83BZQaM63ABn_adahC8tPIsB7Os5i9OHYgYepCv0amlWalnJwo-69jQmdvlmU2N0Gpdhl1sLIE4HXri1mb9sniTYnZmWPCTF399yRVzxM4gwkTxR874Frv_n9Mfl-EZj3nKpRiExfBk1Wh2Kx471TrPqGTRjYnZ-nl9juzEL-jJF8RIqUnlWdz4koJlMOC3Za8FFScNoW9iB1Jk0enPIAxNbRF6bkGvo6xHPU_Nax2pSiu5XjiKTk1JnCeDiRAc6GpNeYSgpkKNAYB-x8zwKCLzJLYlt-WxLyAx7whBS5zYaFbC-R-DIjY4jrvqQDucITeOQ",
    "token_expiry": "2022-08-09T15:53:48Z"
  },
  "sentinels": {
    "config_sentinel": "/Users/inelpandzic/.config/gcloud/config_sentinel"
  }
}
2022-08-09 16:53:49,510 INFO     ___FILE_ONLY___ 

2022-08-09 16:53:49,510 DEBUG    root            Checking for updates...
2022-08-09 16:53:49,520 DEBUG    urllib3.connectionpool Starting new HTTPS connection (1): dl.google.com:443
2022-08-09 16:53:49,670 DEBUG    urllib3.connectionpool https://dl.google.com:443 "GET /dl/cloudsdk/channels/rapid/components-2.json HTTP/1.1" 200 201563
2022-08-09 16:53:49,744 DEBUG    root            Updating notification cache...
2022-08-09 16:53:49,744 DEBUG    root            Activating notification: [default]
2022-08-09 16:53:49,750 DEBUG    root            Metrics reporting process started...
