2023-06-30 08:50:53,117 DEBUG    root            Loaded Command Group: ['gcloud', 'container', 'clusters']
2023-06-30 08:50:53,122 DEBUG    root            Loaded Command Group: ['gcloud', 'container', 'clusters', 'create']
2023-06-30 08:50:53,141 DEBUG    root            Running [gcloud.container.clusters.create] with arguments: [--cluster-version: "1.25", --disk-size: "32212254720", --labels: "OrderedDict([('delete-cluster-after-hours', '10')])", --machine-type: "n1-standard-4", --no-enable-autoupgrade: "False", --num-nodes: "3", --preemptible: "True", --zone: "europe-west3-b", NAME: "inel-12186"]
2023-06-30 08:50:53,145 INFO     ___FILE_ONLY___ Default change: VPC-native is the default mode during cluster creation for versions greater than 1.21.0-gke.1500. To create advanced routes based clusters, please pass the `--no-enable-ip-alias` flag

2023-06-30 08:50:53,145 INFO     ___FILE_ONLY___ Default change: During creation of nodepools or autoscaling configuration changes for cluster versions greater than 1.24.1-gke.800 a default location policy is applied. For Spot and PVM it defaults to ANY, and for all other VM kinds a BALANCED policy is used. To change the default values use the `--location-policy` flag.

2023-06-30 08:50:53,146 INFO     ___FILE_ONLY___ Note: Your Pod address range (`--cluster-ipv4-cidr`) can accommodate at most 1008 node(s).

2023-06-30 08:50:53,239 DEBUG    urllib3.connectionpool Starting new HTTPS connection (1): container.googleapis.com:443
2023-06-30 08:50:58,713 DEBUG    urllib3.connectionpool https://container.googleapis.com:443 "POST /v1/projects/cloud-dev-112233/locations/europe-west3-b/clusters?alt=json HTTP/1.1" 200 None
2023-06-30 08:50:58,718 INFO     ___FILE_ONLY___ Creating cluster inel-12186 in europe-west3-b...
2023-06-30 08:50:58,723 DEBUG    urllib3.connectionpool Starting new HTTPS connection (1): container.googleapis.com:443
2023-06-30 08:50:58,977 DEBUG    urllib3.connectionpool https://container.googleapis.com:443 "GET /v1/projects/cloud-dev-112233/locations/europe-west3-b/operations/operation-1688107858719-69b517bf-4cda-4530-85b1-77b362458c2a?alt=json HTTP/1.1" 200 None
2023-06-30 08:51:03,989 DEBUG    urllib3.connectionpool Starting new HTTPS connection (1): container.googleapis.com:443
2023-06-30 08:51:04,219 DEBUG    urllib3.connectionpool https://container.googleapis.com:443 "GET /v1/projects/cloud-dev-112233/locations/europe-west3-b/operations/operation-1688107858719-69b517bf-4cda-4530-85b1-77b362458c2a?alt=json HTTP/1.1" 200 None
2023-06-30 08:51:09,227 DEBUG    urllib3.connectionpool Starting new HTTPS connection (1): container.googleapis.com:443
2023-06-30 08:51:09,449 DEBUG    urllib3.connectionpool https://container.googleapis.com:443 "GET /v1/projects/cloud-dev-112233/locations/europe-west3-b/operations/operation-1688107858719-69b517bf-4cda-4530-85b1-77b362458c2a?alt=json HTTP/1.1" 200 None
2023-06-30 08:51:14,460 DEBUG    urllib3.connectionpool Starting new HTTPS connection (1): container.googleapis.com:443
2023-06-30 08:51:14,692 DEBUG    urllib3.connectionpool https://container.googleapis.com:443 "GET /v1/projects/cloud-dev-112233/locations/europe-west3-b/operations/operation-1688107858719-69b517bf-4cda-4530-85b1-77b362458c2a?alt=json HTTP/1.1" 200 None
2023-06-30 08:51:19,717 DEBUG    urllib3.connectionpool Starting new HTTPS connection (1): container.googleapis.com:443
2023-06-30 08:51:19,933 DEBUG    urllib3.connectionpool https://container.googleapis.com:443 "GET /v1/projects/cloud-dev-112233/locations/europe-west3-b/operations/operation-1688107858719-69b517bf-4cda-4530-85b1-77b362458c2a?alt=json HTTP/1.1" 200 None
2023-06-30 08:51:24,942 DEBUG    urllib3.connectionpool Starting new HTTPS connection (1): container.googleapis.com:443
2023-06-30 08:51:25,321 DEBUG    urllib3.connectionpool https://container.googleapis.com:443 "GET /v1/projects/cloud-dev-112233/locations/europe-west3-b/operations/operation-1688107858719-69b517bf-4cda-4530-85b1-77b362458c2a?alt=json HTTP/1.1" 200 None
2023-06-30 08:51:30,331 DEBUG    urllib3.connectionpool Starting new HTTPS connection (1): container.googleapis.com:443
2023-06-30 08:51:30,640 DEBUG    urllib3.connectionpool https://container.googleapis.com:443 "GET /v1/projects/cloud-dev-112233/locations/europe-west3-b/operations/operation-1688107858719-69b517bf-4cda-4530-85b1-77b362458c2a?alt=json HTTP/1.1" 200 None
2023-06-30 08:51:35,653 DEBUG    urllib3.connectionpool Starting new HTTPS connection (1): container.googleapis.com:443
2023-06-30 08:51:35,883 DEBUG    urllib3.connectionpool https://container.googleapis.com:443 "GET /v1/projects/cloud-dev-112233/locations/europe-west3-b/operations/operation-1688107858719-69b517bf-4cda-4530-85b1-77b362458c2a?alt=json HTTP/1.1" 200 None
2023-06-30 08:51:40,895 DEBUG    urllib3.connectionpool Starting new HTTPS connection (1): container.googleapis.com:443
2023-06-30 08:51:41,092 DEBUG    urllib3.connectionpool https://container.googleapis.com:443 "GET /v1/projects/cloud-dev-112233/locations/europe-west3-b/operations/operation-1688107858719-69b517bf-4cda-4530-85b1-77b362458c2a?alt=json HTTP/1.1" 200 None
2023-06-30 08:51:46,109 DEBUG    urllib3.connectionpool Starting new HTTPS connection (1): container.googleapis.com:443
2023-06-30 08:51:46,347 DEBUG    urllib3.connectionpool https://container.googleapis.com:443 "GET /v1/projects/cloud-dev-112233/locations/europe-west3-b/operations/operation-1688107858719-69b517bf-4cda-4530-85b1-77b362458c2a?alt=json HTTP/1.1" 200 None
2023-06-30 08:51:51,360 DEBUG    urllib3.connectionpool Starting new HTTPS connection (1): container.googleapis.com:443
2023-06-30 08:51:51,601 DEBUG    urllib3.connectionpool https://container.googleapis.com:443 "GET /v1/projects/cloud-dev-112233/locations/europe-west3-b/operations/operation-1688107858719-69b517bf-4cda-4530-85b1-77b362458c2a?alt=json HTTP/1.1" 200 None
2023-06-30 08:51:56,611 DEBUG    urllib3.connectionpool Starting new HTTPS connection (1): container.googleapis.com:443
2023-06-30 08:51:56,828 DEBUG    urllib3.connectionpool https://container.googleapis.com:443 "GET /v1/projects/cloud-dev-112233/locations/europe-west3-b/operations/operation-1688107858719-69b517bf-4cda-4530-85b1-77b362458c2a?alt=json HTTP/1.1" 200 None
2023-06-30 08:52:01,839 DEBUG    urllib3.connectionpool Starting new HTTPS connection (1): container.googleapis.com:443
2023-06-30 08:52:02,115 DEBUG    urllib3.connectionpool https://container.googleapis.com:443 "GET /v1/projects/cloud-dev-112233/locations/europe-west3-b/operations/operation-1688107858719-69b517bf-4cda-4530-85b1-77b362458c2a?alt=json HTTP/1.1" 200 None
2023-06-30 08:52:07,127 DEBUG    urllib3.connectionpool Starting new HTTPS connection (1): container.googleapis.com:443
2023-06-30 08:52:07,369 DEBUG    urllib3.connectionpool https://container.googleapis.com:443 "GET /v1/projects/cloud-dev-112233/locations/europe-west3-b/operations/operation-1688107858719-69b517bf-4cda-4530-85b1-77b362458c2a?alt=json HTTP/1.1" 200 None
2023-06-30 08:52:12,381 DEBUG    urllib3.connectionpool Starting new HTTPS connection (1): container.googleapis.com:443
2023-06-30 08:52:13,088 DEBUG    urllib3.connectionpool https://container.googleapis.com:443 "GET /v1/projects/cloud-dev-112233/locations/europe-west3-b/operations/operation-1688107858719-69b517bf-4cda-4530-85b1-77b362458c2a?alt=json HTTP/1.1" 200 None
2023-06-30 08:52:18,099 DEBUG    urllib3.connectionpool Starting new HTTPS connection (1): container.googleapis.com:443
2023-06-30 08:52:18,329 DEBUG    urllib3.connectionpool https://container.googleapis.com:443 "GET /v1/projects/cloud-dev-112233/locations/europe-west3-b/operations/operation-1688107858719-69b517bf-4cda-4530-85b1-77b362458c2a?alt=json HTTP/1.1" 200 None
2023-06-30 08:52:23,344 DEBUG    urllib3.connectionpool Starting new HTTPS connection (1): container.googleapis.com:443
2023-06-30 08:52:23,587 DEBUG    urllib3.connectionpool https://container.googleapis.com:443 "GET /v1/projects/cloud-dev-112233/locations/europe-west3-b/operations/operation-1688107858719-69b517bf-4cda-4530-85b1-77b362458c2a?alt=json HTTP/1.1" 200 None
2023-06-30 08:52:28,600 DEBUG    urllib3.connectionpool Starting new HTTPS connection (1): container.googleapis.com:443
2023-06-30 08:52:28,839 DEBUG    urllib3.connectionpool https://container.googleapis.com:443 "GET /v1/projects/cloud-dev-112233/locations/europe-west3-b/operations/operation-1688107858719-69b517bf-4cda-4530-85b1-77b362458c2a?alt=json HTTP/1.1" 200 None
2023-06-30 08:52:33,852 DEBUG    urllib3.connectionpool Starting new HTTPS connection (1): container.googleapis.com:443
2023-06-30 08:52:34,071 DEBUG    urllib3.connectionpool https://container.googleapis.com:443 "GET /v1/projects/cloud-dev-112233/locations/europe-west3-b/operations/operation-1688107858719-69b517bf-4cda-4530-85b1-77b362458c2a?alt=json HTTP/1.1" 200 None
2023-06-30 08:52:39,090 DEBUG    urllib3.connectionpool Starting new HTTPS connection (1): container.googleapis.com:443
2023-06-30 08:52:39,296 DEBUG    urllib3.connectionpool https://container.googleapis.com:443 "GET /v1/projects/cloud-dev-112233/locations/europe-west3-b/operations/operation-1688107858719-69b517bf-4cda-4530-85b1-77b362458c2a?alt=json HTTP/1.1" 200 None
2023-06-30 08:52:44,316 DEBUG    urllib3.connectionpool Starting new HTTPS connection (1): container.googleapis.com:443
2023-06-30 08:52:44,573 DEBUG    urllib3.connectionpool https://container.googleapis.com:443 "GET /v1/projects/cloud-dev-112233/locations/europe-west3-b/operations/operation-1688107858719-69b517bf-4cda-4530-85b1-77b362458c2a?alt=json HTTP/1.1" 200 None
2023-06-30 08:52:49,581 DEBUG    urllib3.connectionpool Starting new HTTPS connection (1): container.googleapis.com:443
2023-06-30 08:52:49,786 DEBUG    urllib3.connectionpool https://container.googleapis.com:443 "GET /v1/projects/cloud-dev-112233/locations/europe-west3-b/operations/operation-1688107858719-69b517bf-4cda-4530-85b1-77b362458c2a?alt=json HTTP/1.1" 200 None
2023-06-30 08:52:54,800 DEBUG    urllib3.connectionpool Starting new HTTPS connection (1): container.googleapis.com:443
2023-06-30 08:52:55,023 DEBUG    urllib3.connectionpool https://container.googleapis.com:443 "GET /v1/projects/cloud-dev-112233/locations/europe-west3-b/operations/operation-1688107858719-69b517bf-4cda-4530-85b1-77b362458c2a?alt=json HTTP/1.1" 200 None
2023-06-30 08:53:00,042 DEBUG    urllib3.connectionpool Starting new HTTPS connection (1): container.googleapis.com:443
2023-06-30 08:53:00,292 DEBUG    urllib3.connectionpool https://container.googleapis.com:443 "GET /v1/projects/cloud-dev-112233/locations/europe-west3-b/operations/operation-1688107858719-69b517bf-4cda-4530-85b1-77b362458c2a?alt=json HTTP/1.1" 200 None
2023-06-30 08:53:05,305 DEBUG    urllib3.connectionpool Starting new HTTPS connection (1): container.googleapis.com:443
2023-06-30 08:53:05,507 DEBUG    urllib3.connectionpool https://container.googleapis.com:443 "GET /v1/projects/cloud-dev-112233/locations/europe-west3-b/operations/operation-1688107858719-69b517bf-4cda-4530-85b1-77b362458c2a?alt=json HTTP/1.1" 200 None
2023-06-30 08:53:10,517 DEBUG    urllib3.connectionpool Starting new HTTPS connection (1): container.googleapis.com:443
2023-06-30 08:53:10,749 DEBUG    urllib3.connectionpool https://container.googleapis.com:443 "GET /v1/projects/cloud-dev-112233/locations/europe-west3-b/operations/operation-1688107858719-69b517bf-4cda-4530-85b1-77b362458c2a?alt=json HTTP/1.1" 200 None
2023-06-30 08:53:15,763 DEBUG    urllib3.connectionpool Starting new HTTPS connection (1): container.googleapis.com:443
2023-06-30 08:53:16,321 DEBUG    urllib3.connectionpool https://container.googleapis.com:443 "GET /v1/projects/cloud-dev-112233/locations/europe-west3-b/operations/operation-1688107858719-69b517bf-4cda-4530-85b1-77b362458c2a?alt=json HTTP/1.1" 200 None
2023-06-30 08:53:21,333 DEBUG    urllib3.connectionpool Starting new HTTPS connection (1): container.googleapis.com:443
2023-06-30 08:53:21,698 DEBUG    urllib3.connectionpool https://container.googleapis.com:443 "GET /v1/projects/cloud-dev-112233/locations/europe-west3-b/operations/operation-1688107858719-69b517bf-4cda-4530-85b1-77b362458c2a?alt=json HTTP/1.1" 200 None
2023-06-30 08:53:26,712 DEBUG    urllib3.connectionpool Starting new HTTPS connection (1): container.googleapis.com:443
2023-06-30 08:53:27,043 DEBUG    urllib3.connectionpool https://container.googleapis.com:443 "GET /v1/projects/cloud-dev-112233/locations/europe-west3-b/operations/operation-1688107858719-69b517bf-4cda-4530-85b1-77b362458c2a?alt=json HTTP/1.1" 200 None
2023-06-30 08:53:32,056 DEBUG    urllib3.connectionpool Starting new HTTPS connection (1): container.googleapis.com:443
2023-06-30 08:53:32,262 DEBUG    urllib3.connectionpool https://container.googleapis.com:443 "GET /v1/projects/cloud-dev-112233/locations/europe-west3-b/operations/operation-1688107858719-69b517bf-4cda-4530-85b1-77b362458c2a?alt=json HTTP/1.1" 200 None
2023-06-30 08:53:37,278 DEBUG    urllib3.connectionpool Starting new HTTPS connection (1): container.googleapis.com:443
2023-06-30 08:53:37,502 DEBUG    urllib3.connectionpool https://container.googleapis.com:443 "GET /v1/projects/cloud-dev-112233/locations/europe-west3-b/operations/operation-1688107858719-69b517bf-4cda-4530-85b1-77b362458c2a?alt=json HTTP/1.1" 200 None
2023-06-30 08:53:42,515 DEBUG    urllib3.connectionpool Starting new HTTPS connection (1): container.googleapis.com:443
2023-06-30 08:53:43,256 DEBUG    urllib3.connectionpool https://container.googleapis.com:443 "GET /v1/projects/cloud-dev-112233/locations/europe-west3-b/operations/operation-1688107858719-69b517bf-4cda-4530-85b1-77b362458c2a?alt=json HTTP/1.1" 200 None
2023-06-30 08:53:48,273 DEBUG    urllib3.connectionpool Starting new HTTPS connection (1): container.googleapis.com:443
2023-06-30 08:53:48,511 DEBUG    urllib3.connectionpool https://container.googleapis.com:443 "GET /v1/projects/cloud-dev-112233/locations/europe-west3-b/operations/operation-1688107858719-69b517bf-4cda-4530-85b1-77b362458c2a?alt=json HTTP/1.1" 200 None
2023-06-30 08:53:53,522 DEBUG    urllib3.connectionpool Starting new HTTPS connection (1): container.googleapis.com:443
2023-06-30 08:53:53,748 DEBUG    urllib3.connectionpool https://container.googleapis.com:443 "GET /v1/projects/cloud-dev-112233/locations/europe-west3-b/operations/operation-1688107858719-69b517bf-4cda-4530-85b1-77b362458c2a?alt=json HTTP/1.1" 200 None
2023-06-30 08:53:58,764 DEBUG    urllib3.connectionpool Starting new HTTPS connection (1): container.googleapis.com:443
2023-06-30 08:53:59,019 DEBUG    urllib3.connectionpool https://container.googleapis.com:443 "GET /v1/projects/cloud-dev-112233/locations/europe-west3-b/operations/operation-1688107858719-69b517bf-4cda-4530-85b1-77b362458c2a?alt=json HTTP/1.1" 200 None
2023-06-30 08:54:04,032 DEBUG    urllib3.connectionpool Starting new HTTPS connection (1): container.googleapis.com:443
2023-06-30 08:54:04,285 DEBUG    urllib3.connectionpool https://container.googleapis.com:443 "GET /v1/projects/cloud-dev-112233/locations/europe-west3-b/operations/operation-1688107858719-69b517bf-4cda-4530-85b1-77b362458c2a?alt=json HTTP/1.1" 200 None
2023-06-30 08:54:09,295 DEBUG    urllib3.connectionpool Starting new HTTPS connection (1): container.googleapis.com:443
2023-06-30 08:54:09,499 DEBUG    urllib3.connectionpool https://container.googleapis.com:443 "GET /v1/projects/cloud-dev-112233/locations/europe-west3-b/operations/operation-1688107858719-69b517bf-4cda-4530-85b1-77b362458c2a?alt=json HTTP/1.1" 200 None
2023-06-30 08:54:14,511 DEBUG    urllib3.connectionpool Starting new HTTPS connection (1): container.googleapis.com:443
2023-06-30 08:54:14,755 DEBUG    urllib3.connectionpool https://container.googleapis.com:443 "GET /v1/projects/cloud-dev-112233/locations/europe-west3-b/operations/operation-1688107858719-69b517bf-4cda-4530-85b1-77b362458c2a?alt=json HTTP/1.1" 200 None
2023-06-30 08:54:19,767 DEBUG    urllib3.connectionpool Starting new HTTPS connection (1): container.googleapis.com:443
2023-06-30 08:54:20,003 DEBUG    urllib3.connectionpool https://container.googleapis.com:443 "GET /v1/projects/cloud-dev-112233/locations/europe-west3-b/operations/operation-1688107858719-69b517bf-4cda-4530-85b1-77b362458c2a?alt=json HTTP/1.1" 200 None
2023-06-30 08:54:25,017 DEBUG    urllib3.connectionpool Starting new HTTPS connection (1): container.googleapis.com:443
2023-06-30 08:54:25,231 DEBUG    urllib3.connectionpool https://container.googleapis.com:443 "GET /v1/projects/cloud-dev-112233/locations/europe-west3-b/operations/operation-1688107858719-69b517bf-4cda-4530-85b1-77b362458c2a?alt=json HTTP/1.1" 200 None
2023-06-30 08:54:30,250 DEBUG    urllib3.connectionpool Starting new HTTPS connection (1): container.googleapis.com:443
2023-06-30 08:54:30,530 DEBUG    urllib3.connectionpool https://container.googleapis.com:443 "GET /v1/projects/cloud-dev-112233/locations/europe-west3-b/operations/operation-1688107858719-69b517bf-4cda-4530-85b1-77b362458c2a?alt=json HTTP/1.1" 200 None
2023-06-30 08:54:35,544 DEBUG    urllib3.connectionpool Starting new HTTPS connection (1): container.googleapis.com:443
2023-06-30 08:54:35,742 DEBUG    urllib3.connectionpool https://container.googleapis.com:443 "GET /v1/projects/cloud-dev-112233/locations/europe-west3-b/operations/operation-1688107858719-69b517bf-4cda-4530-85b1-77b362458c2a?alt=json HTTP/1.1" 200 None
2023-06-30 08:54:40,753 DEBUG    urllib3.connectionpool Starting new HTTPS connection (1): container.googleapis.com:443
2023-06-30 08:54:40,992 DEBUG    urllib3.connectionpool https://container.googleapis.com:443 "GET /v1/projects/cloud-dev-112233/locations/europe-west3-b/operations/operation-1688107858719-69b517bf-4cda-4530-85b1-77b362458c2a?alt=json HTTP/1.1" 200 None
2023-06-30 08:54:46,008 DEBUG    urllib3.connectionpool Starting new HTTPS connection (1): container.googleapis.com:443
2023-06-30 08:54:46,496 DEBUG    urllib3.connectionpool https://container.googleapis.com:443 "GET /v1/projects/cloud-dev-112233/locations/europe-west3-b/operations/operation-1688107858719-69b517bf-4cda-4530-85b1-77b362458c2a?alt=json HTTP/1.1" 200 None
2023-06-30 08:54:51,506 DEBUG    urllib3.connectionpool Starting new HTTPS connection (1): container.googleapis.com:443
2023-06-30 08:54:51,871 DEBUG    urllib3.connectionpool https://container.googleapis.com:443 "GET /v1/projects/cloud-dev-112233/locations/europe-west3-b/operations/operation-1688107858719-69b517bf-4cda-4530-85b1-77b362458c2a?alt=json HTTP/1.1" 200 None
2023-06-30 08:54:56,882 DEBUG    urllib3.connectionpool Starting new HTTPS connection (1): container.googleapis.com:443
2023-06-30 08:54:57,182 DEBUG    urllib3.connectionpool https://container.googleapis.com:443 "GET /v1/projects/cloud-dev-112233/locations/europe-west3-b/operations/operation-1688107858719-69b517bf-4cda-4530-85b1-77b362458c2a?alt=json HTTP/1.1" 200 None
2023-06-30 08:55:02,203 DEBUG    urllib3.connectionpool Starting new HTTPS connection (1): container.googleapis.com:443
2023-06-30 08:55:02,453 DEBUG    urllib3.connectionpool https://container.googleapis.com:443 "GET /v1/projects/cloud-dev-112233/locations/europe-west3-b/operations/operation-1688107858719-69b517bf-4cda-4530-85b1-77b362458c2a?alt=json HTTP/1.1" 200 None
2023-06-30 08:55:07,471 DEBUG    urllib3.connectionpool Starting new HTTPS connection (1): container.googleapis.com:443
2023-06-30 08:55:07,679 DEBUG    urllib3.connectionpool https://container.googleapis.com:443 "GET /v1/projects/cloud-dev-112233/locations/europe-west3-b/operations/operation-1688107858719-69b517bf-4cda-4530-85b1-77b362458c2a?alt=json HTTP/1.1" 200 None
2023-06-30 08:55:12,689 DEBUG    urllib3.connectionpool Starting new HTTPS connection (1): container.googleapis.com:443
2023-06-30 08:55:13,431 DEBUG    urllib3.connectionpool https://container.googleapis.com:443 "GET /v1/projects/cloud-dev-112233/locations/europe-west3-b/operations/operation-1688107858719-69b517bf-4cda-4530-85b1-77b362458c2a?alt=json HTTP/1.1" 200 None
2023-06-30 08:55:18,446 DEBUG    urllib3.connectionpool Starting new HTTPS connection (1): container.googleapis.com:443
2023-06-30 08:55:18,712 DEBUG    urllib3.connectionpool https://container.googleapis.com:443 "GET /v1/projects/cloud-dev-112233/locations/europe-west3-b/operations/operation-1688107858719-69b517bf-4cda-4530-85b1-77b362458c2a?alt=json HTTP/1.1" 200 None
2023-06-30 08:55:23,723 DEBUG    urllib3.connectionpool Starting new HTTPS connection (1): container.googleapis.com:443
2023-06-30 08:55:23,946 DEBUG    urllib3.connectionpool https://container.googleapis.com:443 "GET /v1/projects/cloud-dev-112233/locations/europe-west3-b/operations/operation-1688107858719-69b517bf-4cda-4530-85b1-77b362458c2a?alt=json HTTP/1.1" 200 None
2023-06-30 08:55:28,958 DEBUG    urllib3.connectionpool Starting new HTTPS connection (1): container.googleapis.com:443
2023-06-30 08:55:29,200 DEBUG    urllib3.connectionpool https://container.googleapis.com:443 "GET /v1/projects/cloud-dev-112233/locations/europe-west3-b/operations/operation-1688107858719-69b517bf-4cda-4530-85b1-77b362458c2a?alt=json HTTP/1.1" 200 None
2023-06-30 08:55:34,210 DEBUG    urllib3.connectionpool Starting new HTTPS connection (1): container.googleapis.com:443
2023-06-30 08:55:34,444 DEBUG    urllib3.connectionpool https://container.googleapis.com:443 "GET /v1/projects/cloud-dev-112233/locations/europe-west3-b/operations/operation-1688107858719-69b517bf-4cda-4530-85b1-77b362458c2a?alt=json HTTP/1.1" 200 None
2023-06-30 08:55:39,457 DEBUG    urllib3.connectionpool Starting new HTTPS connection (1): container.googleapis.com:443
2023-06-30 08:55:39,659 DEBUG    urllib3.connectionpool https://container.googleapis.com:443 "GET /v1/projects/cloud-dev-112233/locations/europe-west3-b/operations/operation-1688107858719-69b517bf-4cda-4530-85b1-77b362458c2a?alt=json HTTP/1.1" 200 None
2023-06-30 08:55:44,672 DEBUG    urllib3.connectionpool Starting new HTTPS connection (1): container.googleapis.com:443
2023-06-30 08:55:44,924 DEBUG    urllib3.connectionpool https://container.googleapis.com:443 "GET /v1/projects/cloud-dev-112233/locations/europe-west3-b/operations/operation-1688107858719-69b517bf-4cda-4530-85b1-77b362458c2a?alt=json HTTP/1.1" 200 None
2023-06-30 08:55:49,937 DEBUG    urllib3.connectionpool Starting new HTTPS connection (1): container.googleapis.com:443
2023-06-30 08:55:50,165 DEBUG    urllib3.connectionpool https://container.googleapis.com:443 "GET /v1/projects/cloud-dev-112233/locations/europe-west3-b/operations/operation-1688107858719-69b517bf-4cda-4530-85b1-77b362458c2a?alt=json HTTP/1.1" 200 None
2023-06-30 08:55:50,170 INFO     root            Operation <Operation
 clusterConditions: []
 endTime: '2023-06-30T06:55:49.502481723Z'
 name: 'operation-1688107858719-69b517bf-4cda-4530-85b1-77b362458c2a'
 nodepoolConditions: []
 operationType: OperationTypeValueValuesEnum(CREATE_CLUSTER, 1)
 progress: <OperationProgress
 metrics: [<Metric
 intValue: 9
 name: 'CLUSTER_CONFIGURING'>, <Metric
 intValue: 9
 name: 'CLUSTER_CONFIGURING_TOTAL'>, <Metric
 intValue: 12
 name: 'CLUSTER_DEPLOYING'>, <Metric
 intValue: 12
 name: 'CLUSTER_DEPLOYING_TOTAL'>, <Metric
 intValue: 1
 name: 'CLUSTER_HEALTHCHECKING'>, <Metric
 intValue: 2
 name: 'CLUSTER_HEALTHCHECKING_TOTAL'>]
 stages: []>
 selfLink: 'https://container.googleapis.com/v1/projects/166042509722/zones/europe-west3-b/operations/operation-1688107858719-69b517bf-4cda-4530-85b1-77b362458c2a'
 startTime: '2023-06-30T06:50:58.719334196Z'
 status: StatusValueValuesEnum(DONE, 3)
 targetLink: 'https://container.googleapis.com/v1/projects/166042509722/zones/europe-west3-b/clusters/inel-12186'
 zone: 'europe-west3-b'> succeeded after 291.452 seconds
2023-06-30 08:55:50,374 DEBUG    urllib3.connectionpool Starting new HTTPS connection (1): container.googleapis.com:443
2023-06-30 08:55:50,704 DEBUG    urllib3.connectionpool https://container.googleapis.com:443 "GET /v1/projects/cloud-dev-112233/locations/europe-west3-b/clusters/inel-12186?alt=json HTTP/1.1" 200 None
2023-06-30 08:55:50,716 INFO     ___FILE_ONLY___ Created [https://container.googleapis.com/v1/projects/cloud-dev-112233/zones/europe-west3-b/clusters/inel-12186].

2023-06-30 08:55:50,717 INFO     ___FILE_ONLY___ To inspect the contents of your cluster, go to: https://console.cloud.google.com/kubernetes/workload_/gcloud/europe-west3-b/inel-12186?project=cloud-dev-112233

2023-06-30 08:55:51,168 DEBUG    root            Saved kubeconfig to /Users/inelpandzic/.kube/config
2023-06-30 08:55:51,168 INFO     ___FILE_ONLY___ kubeconfig entry generated for inel-12186.

2023-06-30 08:55:51,169 DEBUG    root            Chosen display Format:
    table(
        name,
        zone:label=LOCATION,
        master_version():label=MASTER_VERSION,
        endpoint:label=MASTER_IP,
        nodePools[0].config.machineType,
        currentNodeVersion:label=NODE_VERSION,
        firstof(currentNodeCount,initialNodeCount):label=NUM_NODES,
        status
    )

2023-06-30 08:55:51,169 INFO     root            Display format: "
    table(
        name,
        zone:label=LOCATION,
        master_version():label=MASTER_VERSION,
        endpoint:label=MASTER_IP,
        nodePools[0].config.machineType,
        currentNodeVersion:label=NODE_VERSION,
        firstof(currentNodeCount,initialNodeCount):label=NUM_NODES,
        status
    )
"
2023-06-30 08:55:51,171 INFO     ___FILE_ONLY___ NAME
2023-06-30 08:55:51,171 INFO     ___FILE_ONLY___         
2023-06-30 08:55:51,171 INFO     ___FILE_ONLY___ LOCATION
2023-06-30 08:55:51,171 INFO     ___FILE_ONLY___         
2023-06-30 08:55:51,171 INFO     ___FILE_ONLY___ MASTER_VERSION
2023-06-30 08:55:51,171 INFO     ___FILE_ONLY___     
2023-06-30 08:55:51,171 INFO     ___FILE_ONLY___ MASTER_IP
2023-06-30 08:55:51,171 INFO     ___FILE_ONLY___       
2023-06-30 08:55:51,171 INFO     ___FILE_ONLY___ MACHINE_TYPE
2023-06-30 08:55:51,171 INFO     ___FILE_ONLY___    
2023-06-30 08:55:51,171 INFO     ___FILE_ONLY___ NODE_VERSION
2023-06-30 08:55:51,171 INFO     ___FILE_ONLY___       
2023-06-30 08:55:51,171 INFO     ___FILE_ONLY___ NUM_NODES
2023-06-30 08:55:51,171 INFO     ___FILE_ONLY___   
2023-06-30 08:55:51,172 INFO     ___FILE_ONLY___ STATUS
2023-06-30 08:55:51,172 INFO     ___FILE_ONLY___ 

2023-06-30 08:55:51,172 INFO     ___FILE_ONLY___ inel-12186
2023-06-30 08:55:51,172 INFO     ___FILE_ONLY___   
2023-06-30 08:55:51,172 INFO     ___FILE_ONLY___ europe-west3-b
2023-06-30 08:55:51,172 INFO     ___FILE_ONLY___   
2023-06-30 08:55:51,172 INFO     ___FILE_ONLY___ 1.25.10-gke.1400
2023-06-30 08:55:51,172 INFO     ___FILE_ONLY___   
2023-06-30 08:55:51,172 INFO     ___FILE_ONLY___ 35.198.156.15
2023-06-30 08:55:51,172 INFO     ___FILE_ONLY___   
2023-06-30 08:55:51,172 INFO     ___FILE_ONLY___ n1-standard-4
2023-06-30 08:55:51,172 INFO     ___FILE_ONLY___   
2023-06-30 08:55:51,172 INFO     ___FILE_ONLY___ 1.25.10-gke.1400
2023-06-30 08:55:51,172 INFO     ___FILE_ONLY___   
2023-06-30 08:55:51,172 INFO     ___FILE_ONLY___ 3
2023-06-30 08:55:51,172 INFO     ___FILE_ONLY___           
2023-06-30 08:55:51,172 INFO     ___FILE_ONLY___ RUNNING
2023-06-30 08:55:51,172 INFO     ___FILE_ONLY___ 

2023-06-30 08:55:51,177 DEBUG    root            Metrics reporting process started...
