2023-06-30 09:50:52,145 DEBUG    root            Loaded Command Group: ['gcloud', 'config']
2023-06-30 09:50:52,147 DEBUG    root            Loaded Command Group: ['gcloud', 'config', 'config_helper']
2023-06-30 09:50:52,148 DEBUG    root            Running [gcloud.config.config-helper] with arguments: [--format: "json"]
2023-06-30 09:50:52,178 DEBUG    urllib3.connectionpool Starting new HTTPS connection (1): www.gstatic.com:443
2023-06-30 09:50:52,430 DEBUG    urllib3.connectionpool https://www.gstatic.com:443 "GET /cloudsdk/feature_flag_config_file.yaml HTTP/1.1" 200 101
2023-06-30 09:50:52,442 DEBUG    root            Chosen display Format:default json
2023-06-30 09:50:52,443 INFO     root            Display format: "default json"
2023-06-30 09:50:52,444 INFO     ___FILE_ONLY___ {
  "configuration": {
    "active_configuration": "percona-cloud-dev",
    "properties": {
      "core": {
        "account": "inel.pandzic@percona.com",
        "disable_usage_reporting": "False",
        "project": "cloud-dev-112233"
      }
    }
  },
  "credential": {
    "access_token": "ya29.a0AbVbY6PgOQhZPXUmIzuVQ1Zb56YJuFiN_RiUcVhhY0qLuQsuMRhxKfGg5flQgvP5_-i-LyGbwaaullvnl-LzhCqBDtU5i0KZVk0Ey9cIWF6RZdxELme9eF63NapQIY75WrWqHxCEQnef6YyVXQli7V7XgJPgLlbU3bPNPH8aCgYKARgSARESFQG1tDrpvuYFZSmPTavxsgZF7_FMpQ0174",
    "id_token": "eyJhbGciOiJSUzI1NiIsImtpZCI6Ijk5YmNiMDY5MzQwYTNmMTQ3NDYyNzk0ZGZlZmE3NWU3OTk2MTM2MzQiLCJ0eXAiOiJKV1QifQ.eyJpc3MiOiJodHRwczovL2FjY291bnRzLmdvb2dsZS5jb20iLCJhenAiOiIzMjU1NTk0MDU1OS5hcHBzLmdvb2dsZXVzZXJjb250ZW50LmNvbSIsImF1ZCI6IjMyNTU1OTQwNTU5LmFwcHMuZ29vZ2xldXNlcmNvbnRlbnQuY29tIiwic3ViIjoiMTA3NDA5ODEzMzQ0NTU5NDQzNDA3IiwiaGQiOiJwZXJjb25hLmNvbSIsImVtYWlsIjoiaW5lbC5wYW5kemljQHBlcmNvbmEuY29tIiwiZW1haWxfdmVyaWZpZWQiOnRydWUsImF0X2hhc2giOiJRWXpiT0RhNUlqTFNTUm1IWFBsSFVRIiwiaWF0IjoxNjg4MTExMTkzLCJleHAiOjE2ODgxMTQ3OTN9.MYV6Sr4fnJzGckMBRZPpPv0MsOwnt8hIhsNFu7sX_jirQl6gqbr7m6jtliCl5fwIHAEs2kFi0qw6VMz36bG3FrvJ8SBVYbzykS2RI_3hUJVLFyNp3jb6F8rvjmWrO7auadyYfUQT0ozAmMnPLXSHFybD3oG7tT46t1M3f8TGLo9GhwM2wo8IylOa5AUYTVjS8mUyhlm7rfzXBstFqjSJU1_SUBa7eKe68PZlK0b6QC7OqE7C5E2bT9Vp0dzIptjy_CePEuBUfZRpSFI0VvatnHhvypqk4uzp6hQVaP6mBVlytOklM7IfqtPrnf05lCXaYxlcW3WUg95P8RjmC8D4Lw",
    "token_expiry": "2023-06-30T08:46:32Z"
  },
  "sentinels": {
    "config_sentinel": "/Users/inelpandzic/.config/gcloud/config_sentinel"
  }
}
2023-06-30 09:50:52,445 INFO     ___FILE_ONLY___ 

2023-06-30 09:50:52,451 DEBUG    root            Metrics reporting process started...
