2023-06-30 10:46:34,487 DEBUG    root            Loaded Command Group: ['gcloud', 'config']
2023-06-30 10:46:34,490 DEBUG    root            Loaded Command Group: ['gcloud', 'config', 'config_helper']
2023-06-30 10:46:34,491 DEBUG    root            Running [gcloud.config.config-helper] with arguments: [--format: "json"]
2023-06-30 10:46:34,501 DEBUG    google.auth.transport.requests Making request: POST https://oauth2.googleapis.com/token
2023-06-30 10:46:34,518 DEBUG    urllib3.connectionpool Starting new HTTPS connection (1): oauth2.googleapis.com:443
2023-06-30 10:46:34,691 DEBUG    urllib3.connectionpool https://oauth2.googleapis.com:443 "POST /token HTTP/1.1" 200 None
2023-06-30 10:46:34,710 DEBUG    urllib3.connectionpool Starting new HTTPS connection (1): www.gstatic.com:443
2023-06-30 10:46:34,822 DEBUG    urllib3.connectionpool https://www.gstatic.com:443 "GET /cloudsdk/feature_flag_config_file.yaml HTTP/1.1" 200 101
2023-06-30 10:46:34,839 DEBUG    root            Chosen display Format:default json
2023-06-30 10:46:34,841 INFO     root            Display format: "default json"
2023-06-30 10:46:34,843 INFO     ___FILE_ONLY___ {
  "configuration": {
    "active_configuration": "percona-cloud-dev",
    "properties": {
      "core": {
        "account": "inel.pandzic@percona.com",
        "disable_usage_reporting": "False",
        "project": "cloud-dev-112233"
      }
    }
  },
  "credential": {
    "access_token": "ya29.a0AbVbY6PL8TSXBNgLHNM0gplJNCdWCdPujpCeB9Yjgfz1tZPfkzNb8km6bAL60dVR8_9J2QHExhw_eoNiDsxc-WwwlLMpsz78EKHYw0jos0tq6bIXcvuTK6dOwoBM20jnwK__TX0RQn-CgCJzn13nNe15bqBsQlLesBfalKEaCgYKAbISARESFQFWKvPlAwBi7JFFDTTM52gZvOb9wg0174",
    "id_token": "eyJhbGciOiJSUzI1NiIsImtpZCI6Ijk5YmNiMDY5MzQwYTNmMTQ3NDYyNzk0ZGZlZmE3NWU3OTk2MTM2MzQiLCJ0eXAiOiJKV1QifQ.eyJpc3MiOiJodHRwczovL2FjY291bnRzLmdvb2dsZS5jb20iLCJhenAiOiIzMjU1NTk0MDU1OS5hcHBzLmdvb2dsZXVzZXJjb250ZW50LmNvbSIsImF1ZCI6IjMyNTU1OTQwNTU5LmFwcHMuZ29vZ2xldXNlcmNvbnRlbnQuY29tIiwic3ViIjoiMTA3NDA5ODEzMzQ0NTU5NDQzNDA3IiwiaGQiOiJwZXJjb25hLmNvbSIsImVtYWlsIjoiaW5lbC5wYW5kemljQHBlcmNvbmEuY29tIiwiZW1haWxfdmVyaWZpZWQiOnRydWUsImF0X2hhc2giOiJkNGNxMWo1VHZSLTliN18ydGFjdVFnIiwiaWF0IjoxNjg4MTE0Nzk0LCJleHAiOjE2ODgxMTgzOTR9.iYqnXG3CrgNpnLwq7dnil84YyD3LgzKUmo9IDyefvjO52IFluwaecE1NzwRI9K-MqUWr7wnO65Ncm46542zKjxpWsif35tOLkTRW-_CDZR1AVE0Y1evXXgp0HaxjisMXR-FLSeXJws0zHms1ZwEsJY3aoStDfkEUtSMjCzhUTzDi4woRogI6eXKvpOwQw4qzTVWMiQPzTVUsR-CzDcjV8OW-G_Q5ZbjCBI54-SNdPmzHtOKoKQRWbQZ_m-hHP6uMtVhipCAqIDp9-CO4Fi1XeIyb9xG_L0PaW8rvkxdwW_SkCV-LD39LjtGrWBjD_bu0xn2dGd4G9FCv8L0myCX_8Q",
    "token_expiry": "2023-06-30T09:46:33Z"
  },
  "sentinels": {
    "config_sentinel": "/Users/inelpandzic/.config/gcloud/config_sentinel"
  }
}
2023-06-30 10:46:34,844 INFO     ___FILE_ONLY___ 

2023-06-30 10:46:34,860 DEBUG    root            Metrics reporting process started...
