2023-06-30 12:46:38,763 DEBUG    root            Loaded Command Group: ['gcloud', 'config']
2023-06-30 12:46:38,765 DEBUG    root            Loaded Command Group: ['gcloud', 'config', 'config_helper']
2023-06-30 12:46:38,766 DEBUG    root            Running [gcloud.config.config-helper] with arguments: [--format: "json"]
2023-06-30 12:46:38,790 DEBUG    google.auth.transport.requests Making request: POST https://oauth2.googleapis.com/token
2023-06-30 12:46:38,805 DEBUG    urllib3.connectionpool Starting new HTTPS connection (1): oauth2.googleapis.com:443
2023-06-30 12:46:38,974 DEBUG    urllib3.connectionpool https://oauth2.googleapis.com:443 "POST /token HTTP/1.1" 200 None
2023-06-30 12:46:38,994 DEBUG    urllib3.connectionpool Starting new HTTPS connection (1): www.gstatic.com:443
2023-06-30 12:46:39,094 DEBUG    urllib3.connectionpool https://www.gstatic.com:443 "GET /cloudsdk/feature_flag_config_file.yaml HTTP/1.1" 200 101
2023-06-30 12:46:39,109 DEBUG    root            Chosen display Format:default json
2023-06-30 12:46:39,110 INFO     root            Display format: "default json"
2023-06-30 12:46:39,111 INFO     ___FILE_ONLY___ {
  "configuration": {
    "active_configuration": "percona-cloud-dev",
    "properties": {
      "core": {
        "account": "inel.pandzic@percona.com",
        "disable_usage_reporting": "False",
        "project": "cloud-dev-112233"
      }
    }
  },
  "credential": {
    "access_token": "ya29.a0AbVbY6O7qzC0_0cqbrPq_GfqF4BBPeJxhdPqisvP-MXqSsA595nhdzrokYLy_fLI3vGybBl3YmktPijX9atAvlg2IzBhJZMkgtG667U0tuBTBbSK-r5Cx-JNjZxmUegDE8WCXnIUK2uv3iAgg8_UMEKuksWB5mn4hjEEy3YaCgYKAZ4SARESFQFWKvPl7629dO82UJG4wpIk1QsIHA0174",
    "id_token": "eyJhbGciOiJSUzI1NiIsImtpZCI6Ijk5YmNiMDY5MzQwYTNmMTQ3NDYyNzk0ZGZlZmE3NWU3OTk2MTM2MzQiLCJ0eXAiOiJKV1QifQ.eyJpc3MiOiJodHRwczovL2FjY291bnRzLmdvb2dsZS5jb20iLCJhenAiOiIzMjU1NTk0MDU1OS5hcHBzLmdvb2dsZXVzZXJjb250ZW50LmNvbSIsImF1ZCI6IjMyNTU1OTQwNTU5LmFwcHMuZ29vZ2xldXNlcmNvbnRlbnQuY29tIiwic3ViIjoiMTA3NDA5ODEzMzQ0NTU5NDQzNDA3IiwiaGQiOiJwZXJjb25hLmNvbSIsImVtYWlsIjoiaW5lbC5wYW5kemljQHBlcmNvbmEuY29tIiwiZW1haWxfdmVyaWZpZWQiOnRydWUsImF0X2hhc2giOiJJYUZpNmJjd0VjaU1rWGdMcHlxNFFBIiwiaWF0IjoxNjg4MTIxOTk5LCJleHAiOjE2ODgxMjU1OTl9.YHMJ_LEKvGJpFFxRFlQ0O5u4oI9lm5JjIGrkJEHaFMi1ssC2eSBeVDJKOPbaB6X96MeGqqMW3tpWHKXu-WIyDME8ca7MmRzPFXuwhRym9KV87TVCd23S69e3JAJH4thdd2LIXgvlnr56chsE8C4Ze4yzRDI0baKMixOtucj2RiUZCTB35aOM9iYGQ-4ESk0Yd6_N-WPQ0RWhQbK2vLpAMmMlIvx_gpFwqX3ul-Yp5qbKZvJ071XqsyoyvF4_pocLTZxyNyuSOgq-PjPEpmFzCGLj_44wyb4McrdKxwPaMDI1yEe1WIFJbyCGNjmgdKxwLSb7eMsd1V5-oY7ESNVgUQ",
    "token_expiry": "2023-06-30T11:46:37Z"
  },
  "sentinels": {
    "config_sentinel": "/Users/inelpandzic/.config/gcloud/config_sentinel"
  }
}
2023-06-30 12:46:39,111 INFO     ___FILE_ONLY___ 

2023-06-30 12:46:39,125 DEBUG    root            Metrics reporting process started...
