2023-06-30 13:50:20,790 DEBUG    root            Loaded Command Group: ['gcloud', 'config']
2023-06-30 13:50:20,792 DEBUG    root            Loaded Command Group: ['gcloud', 'config', 'config_helper']
2023-06-30 13:50:20,793 DEBUG    root            Running [gcloud.config.config-helper] with arguments: [--format: "json"]
2023-06-30 13:50:20,811 DEBUG    google.auth.transport.requests Making request: POST https://oauth2.googleapis.com/token
2023-06-30 13:50:20,824 DEBUG    urllib3.connectionpool Starting new HTTPS connection (1): oauth2.googleapis.com:443
2023-06-30 13:50:20,995 DEBUG    urllib3.connectionpool https://oauth2.googleapis.com:443 "POST /token HTTP/1.1" 200 None
2023-06-30 13:50:21,013 DEBUG    urllib3.connectionpool Starting new HTTPS connection (1): www.gstatic.com:443
2023-06-30 13:50:21,122 DEBUG    urllib3.connectionpool https://www.gstatic.com:443 "GET /cloudsdk/feature_flag_config_file.yaml HTTP/1.1" 200 101
2023-06-30 13:50:21,138 DEBUG    root            Chosen display Format:default json
2023-06-30 13:50:21,139 INFO     root            Display format: "default json"
2023-06-30 13:50:21,140 INFO     ___FILE_ONLY___ {
  "configuration": {
    "active_configuration": "percona-cloud-dev",
    "properties": {
      "core": {
        "account": "inel.pandzic@percona.com",
        "disable_usage_reporting": "False",
        "project": "cloud-dev-112233"
      }
    }
  },
  "credential": {
    "access_token": "ya29.a0AbVbY6OmHlNG9ZEXTrg18p8h7H-I-0Gh1VNV6X7d7jwFAfo9LCFY3P3865cDJEbCEqYV8kCQelQQ-6ZwJNM77-R3pv69nGpPSaihmFHfxy22mB-fMNglwj_xV3DOtNW6xh_hX8QIa7WGWpSbY40k-aKB7c-XhTMG93-V7NwaCgYKAXASARESFQG1tDrpRCZV7cyYtYtHlU2kcAYsrA0174",
    "id_token": "eyJhbGciOiJSUzI1NiIsImtpZCI6Ijk5YmNiMDY5MzQwYTNmMTQ3NDYyNzk0ZGZlZmE3NWU3OTk2MTM2MzQiLCJ0eXAiOiJKV1QifQ.eyJpc3MiOiJodHRwczovL2FjY291bnRzLmdvb2dsZS5jb20iLCJhenAiOiIzMjU1NTk0MDU1OS5hcHBzLmdvb2dsZXVzZXJjb250ZW50LmNvbSIsImF1ZCI6IjMyNTU1OTQwNTU5LmFwcHMuZ29vZ2xldXNlcmNvbnRlbnQuY29tIiwic3ViIjoiMTA3NDA5ODEzMzQ0NTU5NDQzNDA3IiwiaGQiOiJwZXJjb25hLmNvbSIsImVtYWlsIjoiaW5lbC5wYW5kemljQHBlcmNvbmEuY29tIiwiZW1haWxfdmVyaWZpZWQiOnRydWUsImF0X2hhc2giOiJjVklnMDM2NlpiN1NKMWYwWE9WcmdnIiwiaWF0IjoxNjg4MTI1ODIxLCJleHAiOjE2ODgxMjk0MjF9.RZkMuxLxaXxSlubzqrPltqsnJynPHh1Gh2qCg4yFcxuVw-x0YQ8CPl0w8N8ELPkBlrDX2dK5bvoRxLEbJYCf91EP6mFzrse0A2Uug2HXph1Rl3eEzQNGAv1e5uEQptbTQrtQ9k4SlrVY78rekFboRik_4kUXlUWMgZyEDOnOEzS1cWiiwiLdH_uwP31jqp2mKDGlbOjUYL1Bbi3XvkmODi8eT04Dk9D51q2LygirKuS2IY5sEH8rfvmqVk8ifF3pOVlNdUgjDIxdaZdPoyQ_sHhjsDm9Da7PEnXOWTsgwtC6671xfhCjKdwHpRkqMjDa41l-1ENER0wOQYPSrJnZ1g",
    "token_expiry": "2023-06-30T12:50:19Z"
  },
  "sentinels": {
    "config_sentinel": "/Users/inelpandzic/.config/gcloud/config_sentinel"
  }
}
2023-06-30 13:50:21,140 INFO     ___FILE_ONLY___ 

2023-06-30 13:50:21,162 DEBUG    root            Metrics reporting process started...
