2023-06-30 16:51:10,955 DEBUG    root            Loaded Command Group: ['gcloud', 'config']
2023-06-30 16:51:10,957 DEBUG    root            Loaded Command Group: ['gcloud', 'config', 'config_helper']
2023-06-30 16:51:10,958 DEBUG    root            Running [gcloud.config.config-helper] with arguments: [--format: "json"]
2023-06-30 16:51:10,983 DEBUG    google.auth.transport.requests Making request: POST https://oauth2.googleapis.com/token
2023-06-30 16:51:10,997 DEBUG    urllib3.connectionpool Starting new HTTPS connection (1): oauth2.googleapis.com:443
2023-06-30 16:51:11,153 DEBUG    urllib3.connectionpool https://oauth2.googleapis.com:443 "POST /token HTTP/1.1" 200 None
2023-06-30 16:51:11,172 DEBUG    urllib3.connectionpool Starting new HTTPS connection (1): www.gstatic.com:443
2023-06-30 16:51:11,273 DEBUG    urllib3.connectionpool https://www.gstatic.com:443 "GET /cloudsdk/feature_flag_config_file.yaml HTTP/1.1" 200 101
2023-06-30 16:51:11,289 DEBUG    root            Chosen display Format:default json
2023-06-30 16:51:11,290 INFO     root            Display format: "default json"
2023-06-30 16:51:11,297 INFO     ___FILE_ONLY___ {
  "configuration": {
    "active_configuration": "percona-cloud-dev",
    "properties": {
      "core": {
        "account": "inel.pandzic@percona.com",
        "disable_usage_reporting": "False",
        "project": "cloud-dev-112233"
      }
    }
  },
  "credential": {
    "access_token": "ya29.a0AbVbY6Mdyiq6uECtjsP455rWvfScx9DtyUI8l8OEDGZL9wc55PUIfg44RjOKa9-bIY00VsB6ARWM7yCid00Y_ZUV_X427zgF8Ebp8MxTHVPgQdVR0BJLIdyQmZ795caIGC6PEnDGKpWAGPMdawHtgdA_MpZb1CCmqDQ-4NMaCgYKAXoSARESFQFWKvPlqUyR7ZWFrmdS0OHHeSeOPw0174",
    "id_token": "eyJhbGciOiJSUzI1NiIsImtpZCI6Ijk5YmNiMDY5MzQwYTNmMTQ3NDYyNzk0ZGZlZmE3NWU3OTk2MTM2MzQiLCJ0eXAiOiJKV1QifQ.eyJpc3MiOiJodHRwczovL2FjY291bnRzLmdvb2dsZS5jb20iLCJhenAiOiIzMjU1NTk0MDU1OS5hcHBzLmdvb2dsZXVzZXJjb250ZW50LmNvbSIsImF1ZCI6IjMyNTU1OTQwNTU5LmFwcHMuZ29vZ2xldXNlcmNvbnRlbnQuY29tIiwic3ViIjoiMTA3NDA5ODEzMzQ0NTU5NDQzNDA3IiwiaGQiOiJwZXJjb25hLmNvbSIsImVtYWlsIjoiaW5lbC5wYW5kemljQHBlcmNvbmEuY29tIiwiZW1haWxfdmVyaWZpZWQiOnRydWUsImF0X2hhc2giOiI2czBRMVRJUEJnLUlpb0FSdFdVNG9RIiwiaWF0IjoxNjg4MTM2NjcxLCJleHAiOjE2ODgxNDAyNzF9.LgeuX5ITXH9N10mpmHXm0CIWYyAKPE_arVqb4rAA-idyhXS-HN45sLC7L2b8WWcY0zhMiRMMcoVHG9q6_cOhobwy3Z-bOP-waelTQV7FrJTuMGXemaoh4IpufqGWduP5hDyScu0grXrR2UfzYEdnEwDTy6NgVYUnV1n0POmxah-E-0DPvz-4vsGGEaj4Lt7C-vRBl-JjgQXPCc35IQ_2A8J_ib7VSjxwgzx-Jda2XV7XB2YytlfbyWszO8BKVw0djai0IucbzNfcp0NCG0lndCxJJQPccYToH6r77cIrU8lwRZgG0-5St2IM_6G3DqFMx7Gk2nY6NvqJv665hTLlFw",
    "token_expiry": "2023-06-30T15:51:10Z"
  },
  "sentinels": {
    "config_sentinel": "/Users/inelpandzic/.config/gcloud/config_sentinel"
  }
}
2023-06-30 16:51:11,297 INFO     ___FILE_ONLY___ 

2023-06-30 16:51:11,334 DEBUG    root            Metrics reporting process started...
