2023-12-07 09:56:35,339 DEBUG    root            Loaded Command Group: ['gcloud', 'config']
2023-12-07 09:56:35,341 DEBUG    root            Loaded Command Group: ['gcloud', 'config', 'config_helper']
2023-12-07 09:56:35,342 DEBUG    root            Running [gcloud.config.config-helper] with arguments: [--format: "json"]
2023-12-07 09:56:35,345 DEBUG    root            Chosen display Format:default json
2023-12-07 09:56:35,345 INFO     root            Display format: "default json"
2023-12-07 09:56:35,346 INFO     ___FILE_ONLY___ {
  "configuration": {
    "active_configuration": "percona-cloud-dev",
    "properties": {
      "core": {
        "account": "inel.pandzic@percona.com",
        "disable_usage_reporting": "False",
        "project": "cloud-dev-112233"
      }
    }
  },
  "credential": {
    "access_token": "ya29.a0AfB_byAevxpLNoeWswIHPmVdT4iXcyL0BbcNn1tk9l9NMGcvuBlFV8mFO1MeDJ-eyS6rIuEs7HIbeojY8WJWSHz5fD-DI5BJ0131Ov-UYJ0hvyRFUT-NwNI4ziiRlm6kTfOlvPK_NNw48LfcBAPmZ7WvFMdh643ivKMkMsBQ5yMaaCgYKAWkSARESFQHGX2Mi7OOxXpJT5KUXksGqCZrlAw0179",
    "id_token": "eyJhbGciOiJSUzI1NiIsImtpZCI6ImU0YWRmYjQzNmI5ZTE5N2UyZTExMDZhZjJjODQyMjg0ZTQ5ODZhZmYiLCJ0eXAiOiJKV1QifQ.eyJpc3MiOiJodHRwczovL2FjY291bnRzLmdvb2dsZS5jb20iLCJhenAiOiIzMjU1NTk0MDU1OS5hcHBzLmdvb2dsZXVzZXJjb250ZW50LmNvbSIsImF1ZCI6IjMyNTU1OTQwNTU5LmFwcHMuZ29vZ2xldXNlcmNvbnRlbnQuY29tIiwic3ViIjoiMTA3NDA5ODEzMzQ0NTU5NDQzNDA3IiwiaGQiOiJwZXJjb25hLmNvbSIsImVtYWlsIjoiaW5lbC5wYW5kemljQHBlcmNvbmEuY29tIiwiZW1haWxfdmVyaWZpZWQiOnRydWUsImF0X2hhc2giOiJOcGRzcjhVZ0R2VkhMZFdDbFJkN3JnIiwiaWF0IjoxNzAxOTM3OTAxLCJleHAiOjE3MDE5NDE1MDF9.JoS1nKpDdPRJiel9632CU8Me6nc2pnckLwwJT0ibs5xAUeqmRUQLX0T92j48S43iMgN5okjDP8gK6zl-FnoR_hteUWdF37F2joAH1bSjQBoGx2oxzBfK1llEq-BMQSQocWHhAPW5myVfTbfsAU6nlJ9YRiYzHw1dToukunqDO9Nn0voy6qutR1gcIz_87SaUvSuAMweTQjQLATALTlSkVstqsAYkR53UEN17AO_uzhq2JJXDcFPAMBg1WijOo0Op6_brPY8rGjv0wRtbIqJl1SLmx2qQ5lBP6xJSEdJPG4Y8SLJLKxlqggv1vWqJB4AZ-sbtsBg_JHk7FUDlsgr_6w",
    "token_expiry": "2023-12-07T09:31:40Z"
  },
  "sentinels": {
    "config_sentinel": "/Users/inelpandzic/.config/gcloud/config_sentinel"
  }
}
2023-12-07 09:56:35,346 INFO     ___FILE_ONLY___ 

2023-12-07 09:56:35,350 DEBUG    root            Metrics reporting process started...
