2023-12-07 09:50:46,527 DEBUG    root            Loaded Command Group: ['gcloud', 'container', 'clusters']
2023-12-07 09:50:46,533 DEBUG    root            Loaded Command Group: ['gcloud', 'container', 'clusters', 'create']
2023-12-07 09:50:46,553 DEBUG    root            Running [gcloud.container.clusters.create] with arguments: [--cluster-version: "1.25", --disk-size: "32212254720", --labels: "OrderedDict([('delete-cluster-after-hours', '10')])", --machine-type: "n1-standard-4", --no-enable-autoupgrade: "False", --num-nodes: "3", --preemptible: "True", --zone: "europe-west3-b", NAME: "inel-9340"]
2023-12-07 09:50:46,558 INFO     ___FILE_ONLY___ Default change: VPC-native is the default mode during cluster creation for versions greater than 1.21.0-gke.1500. To create advanced routes based clusters, please pass the `--no-enable-ip-alias` flag

2023-12-07 09:50:46,558 INFO     ___FILE_ONLY___ Default change: During creation of nodepools or autoscaling configuration changes for cluster versions greater than 1.24.1-gke.800 a default location policy is applied. For Spot and PVM it defaults to ANY, and for all other VM kinds a BALANCED policy is used. To change the default values use the `--location-policy` flag.

2023-12-07 09:50:46,558 INFO     ___FILE_ONLY___ Note: Your Pod address range (`--cluster-ipv4-cidr`) can accommodate at most 1008 node(s).

2023-12-07 09:50:46,613 DEBUG    urllib3.connectionpool Starting new HTTPS connection (1): container.googleapis.com:443
2023-12-07 09:50:52,007 DEBUG    urllib3.connectionpool https://container.googleapis.com:443 "POST /v1/projects/cloud-dev-112233/locations/europe-west3-b/clusters?alt=json HTTP/1.1" 200 None
2023-12-07 09:50:52,015 INFO     ___FILE_ONLY___ Creating cluster inel-9340 in europe-west3-b...
2023-12-07 09:50:52,019 DEBUG    urllib3.connectionpool Starting new HTTPS connection (1): container.googleapis.com:443
2023-12-07 09:50:52,248 DEBUG    urllib3.connectionpool https://container.googleapis.com:443 "GET /v1/projects/cloud-dev-112233/locations/europe-west3-b/operations/operation-1701939051801-90888d56-081d-4a53-be82-2f0c738da863?alt=json HTTP/1.1" 200 None
2023-12-07 09:50:57,264 DEBUG    urllib3.connectionpool Starting new HTTPS connection (1): container.googleapis.com:443
2023-12-07 09:50:57,498 DEBUG    urllib3.connectionpool https://container.googleapis.com:443 "GET /v1/projects/cloud-dev-112233/locations/europe-west3-b/operations/operation-1701939051801-90888d56-081d-4a53-be82-2f0c738da863?alt=json HTTP/1.1" 200 None
2023-12-07 09:51:02,527 DEBUG    urllib3.connectionpool Starting new HTTPS connection (1): container.googleapis.com:443
2023-12-07 09:51:02,732 DEBUG    urllib3.connectionpool https://container.googleapis.com:443 "GET /v1/projects/cloud-dev-112233/locations/europe-west3-b/operations/operation-1701939051801-90888d56-081d-4a53-be82-2f0c738da863?alt=json HTTP/1.1" 200 None
2023-12-07 09:51:07,745 DEBUG    urllib3.connectionpool Starting new HTTPS connection (1): container.googleapis.com:443
2023-12-07 09:51:07,979 DEBUG    urllib3.connectionpool https://container.googleapis.com:443 "GET /v1/projects/cloud-dev-112233/locations/europe-west3-b/operations/operation-1701939051801-90888d56-081d-4a53-be82-2f0c738da863?alt=json HTTP/1.1" 200 None
2023-12-07 09:51:12,996 DEBUG    urllib3.connectionpool Starting new HTTPS connection (1): container.googleapis.com:443
2023-12-07 09:51:13,239 DEBUG    urllib3.connectionpool https://container.googleapis.com:443 "GET /v1/projects/cloud-dev-112233/locations/europe-west3-b/operations/operation-1701939051801-90888d56-081d-4a53-be82-2f0c738da863?alt=json HTTP/1.1" 200 None
2023-12-07 09:51:18,262 DEBUG    urllib3.connectionpool Starting new HTTPS connection (1): container.googleapis.com:443
2023-12-07 09:51:18,467 DEBUG    urllib3.connectionpool https://container.googleapis.com:443 "GET /v1/projects/cloud-dev-112233/locations/europe-west3-b/operations/operation-1701939051801-90888d56-081d-4a53-be82-2f0c738da863?alt=json HTTP/1.1" 200 None
2023-12-07 09:51:23,482 DEBUG    urllib3.connectionpool Starting new HTTPS connection (1): container.googleapis.com:443
2023-12-07 09:51:23,682 DEBUG    urllib3.connectionpool https://container.googleapis.com:443 "GET /v1/projects/cloud-dev-112233/locations/europe-west3-b/operations/operation-1701939051801-90888d56-081d-4a53-be82-2f0c738da863?alt=json HTTP/1.1" 200 None
2023-12-07 09:51:28,696 DEBUG    urllib3.connectionpool Starting new HTTPS connection (1): container.googleapis.com:443
2023-12-07 09:51:28,925 DEBUG    urllib3.connectionpool https://container.googleapis.com:443 "GET /v1/projects/cloud-dev-112233/locations/europe-west3-b/operations/operation-1701939051801-90888d56-081d-4a53-be82-2f0c738da863?alt=json HTTP/1.1" 200 None
2023-12-07 09:51:33,944 DEBUG    urllib3.connectionpool Starting new HTTPS connection (1): container.googleapis.com:443
2023-12-07 09:51:34,167 DEBUG    urllib3.connectionpool https://container.googleapis.com:443 "GET /v1/projects/cloud-dev-112233/locations/europe-west3-b/operations/operation-1701939051801-90888d56-081d-4a53-be82-2f0c738da863?alt=json HTTP/1.1" 200 None
2023-12-07 09:51:39,179 DEBUG    urllib3.connectionpool Starting new HTTPS connection (1): container.googleapis.com:443
2023-12-07 09:51:39,421 DEBUG    urllib3.connectionpool https://container.googleapis.com:443 "GET /v1/projects/cloud-dev-112233/locations/europe-west3-b/operations/operation-1701939051801-90888d56-081d-4a53-be82-2f0c738da863?alt=json HTTP/1.1" 200 None
2023-12-07 09:51:44,433 DEBUG    urllib3.connectionpool Starting new HTTPS connection (1): container.googleapis.com:443
2023-12-07 09:51:44,629 DEBUG    urllib3.connectionpool https://container.googleapis.com:443 "GET /v1/projects/cloud-dev-112233/locations/europe-west3-b/operations/operation-1701939051801-90888d56-081d-4a53-be82-2f0c738da863?alt=json HTTP/1.1" 200 None
2023-12-07 09:51:49,639 DEBUG    urllib3.connectionpool Starting new HTTPS connection (1): container.googleapis.com:443
2023-12-07 09:51:49,845 DEBUG    urllib3.connectionpool https://container.googleapis.com:443 "GET /v1/projects/cloud-dev-112233/locations/europe-west3-b/operations/operation-1701939051801-90888d56-081d-4a53-be82-2f0c738da863?alt=json HTTP/1.1" 200 None
2023-12-07 09:51:54,860 DEBUG    urllib3.connectionpool Starting new HTTPS connection (1): container.googleapis.com:443
2023-12-07 09:51:55,071 DEBUG    urllib3.connectionpool https://container.googleapis.com:443 "GET /v1/projects/cloud-dev-112233/locations/europe-west3-b/operations/operation-1701939051801-90888d56-081d-4a53-be82-2f0c738da863?alt=json HTTP/1.1" 200 None
2023-12-07 09:52:00,084 DEBUG    urllib3.connectionpool Starting new HTTPS connection (1): container.googleapis.com:443
2023-12-07 09:52:00,404 DEBUG    urllib3.connectionpool https://container.googleapis.com:443 "GET /v1/projects/cloud-dev-112233/locations/europe-west3-b/operations/operation-1701939051801-90888d56-081d-4a53-be82-2f0c738da863?alt=json HTTP/1.1" 200 None
2023-12-07 09:52:05,421 DEBUG    urllib3.connectionpool Starting new HTTPS connection (1): container.googleapis.com:443
2023-12-07 09:52:05,634 DEBUG    urllib3.connectionpool https://container.googleapis.com:443 "GET /v1/projects/cloud-dev-112233/locations/europe-west3-b/operations/operation-1701939051801-90888d56-081d-4a53-be82-2f0c738da863?alt=json HTTP/1.1" 200 None
2023-12-07 09:52:10,649 DEBUG    urllib3.connectionpool Starting new HTTPS connection (1): container.googleapis.com:443
2023-12-07 09:52:10,868 DEBUG    urllib3.connectionpool https://container.googleapis.com:443 "GET /v1/projects/cloud-dev-112233/locations/europe-west3-b/operations/operation-1701939051801-90888d56-081d-4a53-be82-2f0c738da863?alt=json HTTP/1.1" 200 None
2023-12-07 09:52:15,896 DEBUG    urllib3.connectionpool Starting new HTTPS connection (1): container.googleapis.com:443
2023-12-07 09:52:16,108 DEBUG    urllib3.connectionpool https://container.googleapis.com:443 "GET /v1/projects/cloud-dev-112233/locations/europe-west3-b/operations/operation-1701939051801-90888d56-081d-4a53-be82-2f0c738da863?alt=json HTTP/1.1" 200 None
2023-12-07 09:52:21,135 DEBUG    urllib3.connectionpool Starting new HTTPS connection (1): container.googleapis.com:443
2023-12-07 09:52:21,381 DEBUG    urllib3.connectionpool https://container.googleapis.com:443 "GET /v1/projects/cloud-dev-112233/locations/europe-west3-b/operations/operation-1701939051801-90888d56-081d-4a53-be82-2f0c738da863?alt=json HTTP/1.1" 200 None
2023-12-07 09:52:26,398 DEBUG    urllib3.connectionpool Starting new HTTPS connection (1): container.googleapis.com:443
2023-12-07 09:52:26,646 DEBUG    urllib3.connectionpool https://container.googleapis.com:443 "GET /v1/projects/cloud-dev-112233/locations/europe-west3-b/operations/operation-1701939051801-90888d56-081d-4a53-be82-2f0c738da863?alt=json HTTP/1.1" 200 None
2023-12-07 09:52:31,656 DEBUG    urllib3.connectionpool Starting new HTTPS connection (1): container.googleapis.com:443
2023-12-07 09:52:31,860 DEBUG    urllib3.connectionpool https://container.googleapis.com:443 "GET /v1/projects/cloud-dev-112233/locations/europe-west3-b/operations/operation-1701939051801-90888d56-081d-4a53-be82-2f0c738da863?alt=json HTTP/1.1" 200 None
2023-12-07 09:52:36,887 DEBUG    urllib3.connectionpool Starting new HTTPS connection (1): container.googleapis.com:443
2023-12-07 09:52:37,118 DEBUG    urllib3.connectionpool https://container.googleapis.com:443 "GET /v1/projects/cloud-dev-112233/locations/europe-west3-b/operations/operation-1701939051801-90888d56-081d-4a53-be82-2f0c738da863?alt=json HTTP/1.1" 200 None
2023-12-07 09:52:42,151 DEBUG    urllib3.connectionpool Starting new HTTPS connection (1): container.googleapis.com:443
2023-12-07 09:52:42,369 DEBUG    urllib3.connectionpool https://container.googleapis.com:443 "GET /v1/projects/cloud-dev-112233/locations/europe-west3-b/operations/operation-1701939051801-90888d56-081d-4a53-be82-2f0c738da863?alt=json HTTP/1.1" 200 None
2023-12-07 09:52:47,385 DEBUG    urllib3.connectionpool Starting new HTTPS connection (1): container.googleapis.com:443
2023-12-07 09:52:47,612 DEBUG    urllib3.connectionpool https://container.googleapis.com:443 "GET /v1/projects/cloud-dev-112233/locations/europe-west3-b/operations/operation-1701939051801-90888d56-081d-4a53-be82-2f0c738da863?alt=json HTTP/1.1" 200 None
2023-12-07 09:52:52,638 DEBUG    urllib3.connectionpool Starting new HTTPS connection (1): container.googleapis.com:443
2023-12-07 09:52:52,852 DEBUG    urllib3.connectionpool https://container.googleapis.com:443 "GET /v1/projects/cloud-dev-112233/locations/europe-west3-b/operations/operation-1701939051801-90888d56-081d-4a53-be82-2f0c738da863?alt=json HTTP/1.1" 200 None
2023-12-07 09:52:57,868 DEBUG    urllib3.connectionpool Starting new HTTPS connection (1): container.googleapis.com:443
2023-12-07 09:52:58,102 DEBUG    urllib3.connectionpool https://container.googleapis.com:443 "GET /v1/projects/cloud-dev-112233/locations/europe-west3-b/operations/operation-1701939051801-90888d56-081d-4a53-be82-2f0c738da863?alt=json HTTP/1.1" 200 None
2023-12-07 09:53:03,119 DEBUG    urllib3.connectionpool Starting new HTTPS connection (1): container.googleapis.com:443
2023-12-07 09:53:03,334 DEBUG    urllib3.connectionpool https://container.googleapis.com:443 "GET /v1/projects/cloud-dev-112233/locations/europe-west3-b/operations/operation-1701939051801-90888d56-081d-4a53-be82-2f0c738da863?alt=json HTTP/1.1" 200 None
2023-12-07 09:53:08,369 DEBUG    urllib3.connectionpool Starting new HTTPS connection (1): container.googleapis.com:443
2023-12-07 09:53:08,671 DEBUG    urllib3.connectionpool https://container.googleapis.com:443 "GET /v1/projects/cloud-dev-112233/locations/europe-west3-b/operations/operation-1701939051801-90888d56-081d-4a53-be82-2f0c738da863?alt=json HTTP/1.1" 200 None
2023-12-07 09:53:13,687 DEBUG    urllib3.connectionpool Starting new HTTPS connection (1): container.googleapis.com:443
2023-12-07 09:53:13,919 DEBUG    urllib3.connectionpool https://container.googleapis.com:443 "GET /v1/projects/cloud-dev-112233/locations/europe-west3-b/operations/operation-1701939051801-90888d56-081d-4a53-be82-2f0c738da863?alt=json HTTP/1.1" 200 None
2023-12-07 09:53:18,936 DEBUG    urllib3.connectionpool Starting new HTTPS connection (1): container.googleapis.com:443
2023-12-07 09:53:19,156 DEBUG    urllib3.connectionpool https://container.googleapis.com:443 "GET /v1/projects/cloud-dev-112233/locations/europe-west3-b/operations/operation-1701939051801-90888d56-081d-4a53-be82-2f0c738da863?alt=json HTTP/1.1" 200 None
2023-12-07 09:53:24,173 DEBUG    urllib3.connectionpool Starting new HTTPS connection (1): container.googleapis.com:443
2023-12-07 09:53:24,414 DEBUG    urllib3.connectionpool https://container.googleapis.com:443 "GET /v1/projects/cloud-dev-112233/locations/europe-west3-b/operations/operation-1701939051801-90888d56-081d-4a53-be82-2f0c738da863?alt=json HTTP/1.1" 200 None
2023-12-07 09:53:29,428 DEBUG    urllib3.connectionpool Starting new HTTPS connection (1): container.googleapis.com:443
2023-12-07 09:53:29,632 DEBUG    urllib3.connectionpool https://container.googleapis.com:443 "GET /v1/projects/cloud-dev-112233/locations/europe-west3-b/operations/operation-1701939051801-90888d56-081d-4a53-be82-2f0c738da863?alt=json HTTP/1.1" 200 None
2023-12-07 09:53:34,639 DEBUG    urllib3.connectionpool Starting new HTTPS connection (1): container.googleapis.com:443
2023-12-07 09:53:34,878 DEBUG    urllib3.connectionpool https://container.googleapis.com:443 "GET /v1/projects/cloud-dev-112233/locations/europe-west3-b/operations/operation-1701939051801-90888d56-081d-4a53-be82-2f0c738da863?alt=json HTTP/1.1" 200 None
2023-12-07 09:53:39,882 DEBUG    urllib3.connectionpool Starting new HTTPS connection (1): container.googleapis.com:443
2023-12-07 09:53:40,103 DEBUG    urllib3.connectionpool https://container.googleapis.com:443 "GET /v1/projects/cloud-dev-112233/locations/europe-west3-b/operations/operation-1701939051801-90888d56-081d-4a53-be82-2f0c738da863?alt=json HTTP/1.1" 200 None
2023-12-07 09:53:45,111 DEBUG    urllib3.connectionpool Starting new HTTPS connection (1): container.googleapis.com:443
2023-12-07 09:53:45,328 DEBUG    urllib3.connectionpool https://container.googleapis.com:443 "GET /v1/projects/cloud-dev-112233/locations/europe-west3-b/operations/operation-1701939051801-90888d56-081d-4a53-be82-2f0c738da863?alt=json HTTP/1.1" 200 None
2023-12-07 09:53:50,347 DEBUG    urllib3.connectionpool Starting new HTTPS connection (1): container.googleapis.com:443
2023-12-07 09:53:50,564 DEBUG    urllib3.connectionpool https://container.googleapis.com:443 "GET /v1/projects/cloud-dev-112233/locations/europe-west3-b/operations/operation-1701939051801-90888d56-081d-4a53-be82-2f0c738da863?alt=json HTTP/1.1" 200 None
2023-12-07 09:53:55,577 DEBUG    urllib3.connectionpool Starting new HTTPS connection (1): container.googleapis.com:443
2023-12-07 09:53:55,816 DEBUG    urllib3.connectionpool https://container.googleapis.com:443 "GET /v1/projects/cloud-dev-112233/locations/europe-west3-b/operations/operation-1701939051801-90888d56-081d-4a53-be82-2f0c738da863?alt=json HTTP/1.1" 200 None
2023-12-07 09:54:00,825 DEBUG    urllib3.connectionpool Starting new HTTPS connection (1): container.googleapis.com:443
2023-12-07 09:54:01,036 DEBUG    urllib3.connectionpool https://container.googleapis.com:443 "GET /v1/projects/cloud-dev-112233/locations/europe-west3-b/operations/operation-1701939051801-90888d56-081d-4a53-be82-2f0c738da863?alt=json HTTP/1.1" 200 None
2023-12-07 09:54:06,045 DEBUG    urllib3.connectionpool Starting new HTTPS connection (1): container.googleapis.com:443
2023-12-07 09:54:06,231 DEBUG    urllib3.connectionpool https://container.googleapis.com:443 "GET /v1/projects/cloud-dev-112233/locations/europe-west3-b/operations/operation-1701939051801-90888d56-081d-4a53-be82-2f0c738da863?alt=json HTTP/1.1" 200 None
2023-12-07 09:54:11,237 DEBUG    urllib3.connectionpool Starting new HTTPS connection (1): container.googleapis.com:443
2023-12-07 09:54:11,466 DEBUG    urllib3.connectionpool https://container.googleapis.com:443 "GET /v1/projects/cloud-dev-112233/locations/europe-west3-b/operations/operation-1701939051801-90888d56-081d-4a53-be82-2f0c738da863?alt=json HTTP/1.1" 200 None
2023-12-07 09:54:16,479 DEBUG    urllib3.connectionpool Starting new HTTPS connection (1): container.googleapis.com:443
2023-12-07 09:54:16,723 DEBUG    urllib3.connectionpool https://container.googleapis.com:443 "GET /v1/projects/cloud-dev-112233/locations/europe-west3-b/operations/operation-1701939051801-90888d56-081d-4a53-be82-2f0c738da863?alt=json HTTP/1.1" 200 None
2023-12-07 09:54:21,729 DEBUG    urllib3.connectionpool Starting new HTTPS connection (1): container.googleapis.com:443
2023-12-07 09:54:21,946 DEBUG    urllib3.connectionpool https://container.googleapis.com:443 "GET /v1/projects/cloud-dev-112233/locations/europe-west3-b/operations/operation-1701939051801-90888d56-081d-4a53-be82-2f0c738da863?alt=json HTTP/1.1" 200 None
2023-12-07 09:54:26,986 DEBUG    urllib3.connectionpool Starting new HTTPS connection (1): container.googleapis.com:443
2023-12-07 09:54:27,193 DEBUG    urllib3.connectionpool https://container.googleapis.com:443 "GET /v1/projects/cloud-dev-112233/locations/europe-west3-b/operations/operation-1701939051801-90888d56-081d-4a53-be82-2f0c738da863?alt=json HTTP/1.1" 200 None
2023-12-07 09:54:32,202 DEBUG    urllib3.connectionpool Starting new HTTPS connection (1): container.googleapis.com:443
2023-12-07 09:54:32,417 DEBUG    urllib3.connectionpool https://container.googleapis.com:443 "GET /v1/projects/cloud-dev-112233/locations/europe-west3-b/operations/operation-1701939051801-90888d56-081d-4a53-be82-2f0c738da863?alt=json HTTP/1.1" 200 None
2023-12-07 09:54:37,439 DEBUG    urllib3.connectionpool Starting new HTTPS connection (1): container.googleapis.com:443
2023-12-07 09:54:37,679 DEBUG    urllib3.connectionpool https://container.googleapis.com:443 "GET /v1/projects/cloud-dev-112233/locations/europe-west3-b/operations/operation-1701939051801-90888d56-081d-4a53-be82-2f0c738da863?alt=json HTTP/1.1" 200 None
2023-12-07 09:54:42,702 DEBUG    urllib3.connectionpool Starting new HTTPS connection (1): container.googleapis.com:443
2023-12-07 09:54:42,931 DEBUG    urllib3.connectionpool https://container.googleapis.com:443 "GET /v1/projects/cloud-dev-112233/locations/europe-west3-b/operations/operation-1701939051801-90888d56-081d-4a53-be82-2f0c738da863?alt=json HTTP/1.1" 200 None
2023-12-07 09:54:47,951 DEBUG    urllib3.connectionpool Starting new HTTPS connection (1): container.googleapis.com:443
2023-12-07 09:54:48,170 DEBUG    urllib3.connectionpool https://container.googleapis.com:443 "GET /v1/projects/cloud-dev-112233/locations/europe-west3-b/operations/operation-1701939051801-90888d56-081d-4a53-be82-2f0c738da863?alt=json HTTP/1.1" 200 None
2023-12-07 09:54:53,183 DEBUG    urllib3.connectionpool Starting new HTTPS connection (1): container.googleapis.com:443
2023-12-07 09:54:53,389 DEBUG    urllib3.connectionpool https://container.googleapis.com:443 "GET /v1/projects/cloud-dev-112233/locations/europe-west3-b/operations/operation-1701939051801-90888d56-081d-4a53-be82-2f0c738da863?alt=json HTTP/1.1" 200 None
2023-12-07 09:54:58,414 DEBUG    urllib3.connectionpool Starting new HTTPS connection (1): container.googleapis.com:443
2023-12-07 09:54:58,627 DEBUG    urllib3.connectionpool https://container.googleapis.com:443 "GET /v1/projects/cloud-dev-112233/locations/europe-west3-b/operations/operation-1701939051801-90888d56-081d-4a53-be82-2f0c738da863?alt=json HTTP/1.1" 200 None
2023-12-07 09:55:03,665 DEBUG    urllib3.connectionpool Starting new HTTPS connection (1): container.googleapis.com:443
2023-12-07 09:55:03,815 DEBUG    urllib3.connectionpool https://container.googleapis.com:443 "GET /v1/projects/cloud-dev-112233/locations/europe-west3-b/operations/operation-1701939051801-90888d56-081d-4a53-be82-2f0c738da863?alt=json HTTP/1.1" 200 None
2023-12-07 09:55:08,829 DEBUG    urllib3.connectionpool Starting new HTTPS connection (1): container.googleapis.com:443
2023-12-07 09:55:08,977 DEBUG    urllib3.connectionpool https://container.googleapis.com:443 "GET /v1/projects/cloud-dev-112233/locations/europe-west3-b/operations/operation-1701939051801-90888d56-081d-4a53-be82-2f0c738da863?alt=json HTTP/1.1" 200 None
2023-12-07 09:55:13,988 DEBUG    urllib3.connectionpool Starting new HTTPS connection (1): container.googleapis.com:443
2023-12-07 09:55:14,214 DEBUG    urllib3.connectionpool https://container.googleapis.com:443 "GET /v1/projects/cloud-dev-112233/locations/europe-west3-b/operations/operation-1701939051801-90888d56-081d-4a53-be82-2f0c738da863?alt=json HTTP/1.1" 200 None
2023-12-07 09:55:19,233 DEBUG    urllib3.connectionpool Starting new HTTPS connection (1): container.googleapis.com:443
2023-12-07 09:55:19,462 DEBUG    urllib3.connectionpool https://container.googleapis.com:443 "GET /v1/projects/cloud-dev-112233/locations/europe-west3-b/operations/operation-1701939051801-90888d56-081d-4a53-be82-2f0c738da863?alt=json HTTP/1.1" 200 None
2023-12-07 09:55:24,484 DEBUG    urllib3.connectionpool Starting new HTTPS connection (1): container.googleapis.com:443
2023-12-07 09:55:24,705 DEBUG    urllib3.connectionpool https://container.googleapis.com:443 "GET /v1/projects/cloud-dev-112233/locations/europe-west3-b/operations/operation-1701939051801-90888d56-081d-4a53-be82-2f0c738da863?alt=json HTTP/1.1" 200 None
2023-12-07 09:55:29,726 DEBUG    urllib3.connectionpool Starting new HTTPS connection (1): container.googleapis.com:443
2023-12-07 09:55:29,950 DEBUG    urllib3.connectionpool https://container.googleapis.com:443 "GET /v1/projects/cloud-dev-112233/locations/europe-west3-b/operations/operation-1701939051801-90888d56-081d-4a53-be82-2f0c738da863?alt=json HTTP/1.1" 200 None
2023-12-07 09:55:34,966 DEBUG    urllib3.connectionpool Starting new HTTPS connection (1): container.googleapis.com:443
2023-12-07 09:55:35,185 DEBUG    urllib3.connectionpool https://container.googleapis.com:443 "GET /v1/projects/cloud-dev-112233/locations/europe-west3-b/operations/operation-1701939051801-90888d56-081d-4a53-be82-2f0c738da863?alt=json HTTP/1.1" 200 None
2023-12-07 09:55:40,193 DEBUG    urllib3.connectionpool Starting new HTTPS connection (1): container.googleapis.com:443
2023-12-07 09:55:40,414 DEBUG    urllib3.connectionpool https://container.googleapis.com:443 "GET /v1/projects/cloud-dev-112233/locations/europe-west3-b/operations/operation-1701939051801-90888d56-081d-4a53-be82-2f0c738da863?alt=json HTTP/1.1" 200 None
2023-12-07 09:55:45,431 DEBUG    urllib3.connectionpool Starting new HTTPS connection (1): container.googleapis.com:443
2023-12-07 09:55:45,643 DEBUG    urllib3.connectionpool https://container.googleapis.com:443 "GET /v1/projects/cloud-dev-112233/locations/europe-west3-b/operations/operation-1701939051801-90888d56-081d-4a53-be82-2f0c738da863?alt=json HTTP/1.1" 200 None
2023-12-07 09:55:50,663 DEBUG    urllib3.connectionpool Starting new HTTPS connection (1): container.googleapis.com:443
2023-12-07 09:55:50,893 DEBUG    urllib3.connectionpool https://container.googleapis.com:443 "GET /v1/projects/cloud-dev-112233/locations/europe-west3-b/operations/operation-1701939051801-90888d56-081d-4a53-be82-2f0c738da863?alt=json HTTP/1.1" 200 None
2023-12-07 09:55:55,908 DEBUG    urllib3.connectionpool Starting new HTTPS connection (1): container.googleapis.com:443
2023-12-07 09:55:56,132 DEBUG    urllib3.connectionpool https://container.googleapis.com:443 "GET /v1/projects/cloud-dev-112233/locations/europe-west3-b/operations/operation-1701939051801-90888d56-081d-4a53-be82-2f0c738da863?alt=json HTTP/1.1" 200 None
2023-12-07 09:56:01,155 DEBUG    urllib3.connectionpool Starting new HTTPS connection (1): container.googleapis.com:443
2023-12-07 09:56:01,406 DEBUG    urllib3.connectionpool https://container.googleapis.com:443 "GET /v1/projects/cloud-dev-112233/locations/europe-west3-b/operations/operation-1701939051801-90888d56-081d-4a53-be82-2f0c738da863?alt=json HTTP/1.1" 200 None
2023-12-07 09:56:06,445 DEBUG    urllib3.connectionpool Starting new HTTPS connection (1): container.googleapis.com:443
2023-12-07 09:56:06,670 DEBUG    urllib3.connectionpool https://container.googleapis.com:443 "GET /v1/projects/cloud-dev-112233/locations/europe-west3-b/operations/operation-1701939051801-90888d56-081d-4a53-be82-2f0c738da863?alt=json HTTP/1.1" 200 None
2023-12-07 09:56:11,690 DEBUG    urllib3.connectionpool Starting new HTTPS connection (1): container.googleapis.com:443
2023-12-07 09:56:11,929 DEBUG    urllib3.connectionpool https://container.googleapis.com:443 "GET /v1/projects/cloud-dev-112233/locations/europe-west3-b/operations/operation-1701939051801-90888d56-081d-4a53-be82-2f0c738da863?alt=json HTTP/1.1" 200 None
2023-12-07 09:56:16,944 DEBUG    urllib3.connectionpool Starting new HTTPS connection (1): container.googleapis.com:443
2023-12-07 09:56:17,180 DEBUG    urllib3.connectionpool https://container.googleapis.com:443 "GET /v1/projects/cloud-dev-112233/locations/europe-west3-b/operations/operation-1701939051801-90888d56-081d-4a53-be82-2f0c738da863?alt=json HTTP/1.1" 200 None
2023-12-07 09:56:22,203 DEBUG    urllib3.connectionpool Starting new HTTPS connection (1): container.googleapis.com:443
2023-12-07 09:56:22,497 DEBUG    urllib3.connectionpool https://container.googleapis.com:443 "GET /v1/projects/cloud-dev-112233/locations/europe-west3-b/operations/operation-1701939051801-90888d56-081d-4a53-be82-2f0c738da863?alt=json HTTP/1.1" 200 None
2023-12-07 09:56:27,514 DEBUG    urllib3.connectionpool Starting new HTTPS connection (1): container.googleapis.com:443
2023-12-07 09:56:27,744 DEBUG    urllib3.connectionpool https://container.googleapis.com:443 "GET /v1/projects/cloud-dev-112233/locations/europe-west3-b/operations/operation-1701939051801-90888d56-081d-4a53-be82-2f0c738da863?alt=json HTTP/1.1" 200 None
2023-12-07 09:56:32,770 DEBUG    urllib3.connectionpool Starting new HTTPS connection (1): container.googleapis.com:443
2023-12-07 09:56:32,991 DEBUG    urllib3.connectionpool https://container.googleapis.com:443 "GET /v1/projects/cloud-dev-112233/locations/europe-west3-b/operations/operation-1701939051801-90888d56-081d-4a53-be82-2f0c738da863?alt=json HTTP/1.1" 200 None
2023-12-07 09:56:32,995 INFO     root            Operation <Operation
 clusterConditions: []
 endTime: '2023-12-07T08:56:30.378017438Z'
 name: 'operation-1701939051801-90888d56-081d-4a53-be82-2f0c738da863'
 nodepoolConditions: []
 operationType: OperationTypeValueValuesEnum(CREATE_CLUSTER, 1)
 progress: <OperationProgress
 metrics: [<Metric
 intValue: 10
 name: 'CLUSTER_CONFIGURING'>, <Metric
 intValue: 10
 name: 'CLUSTER_CONFIGURING_TOTAL'>, <Metric
 intValue: 12
 name: 'CLUSTER_DEPLOYING'>, <Metric
 intValue: 12
 name: 'CLUSTER_DEPLOYING_TOTAL'>, <Metric
 intValue: 1
 name: 'CLUSTER_HEALTHCHECKING'>, <Metric
 intValue: 2
 name: 'CLUSTER_HEALTHCHECKING_TOTAL'>]
 stages: []>
 selfLink: 'https://container.googleapis.com/v1/projects/166042509722/zones/europe-west3-b/operations/operation-1701939051801-90888d56-081d-4a53-be82-2f0c738da863'
 startTime: '2023-12-07T08:50:51.801819962Z'
 status: StatusValueValuesEnum(DONE, 3)
 targetLink: 'https://container.googleapis.com/v1/projects/166042509722/zones/europe-west3-b/clusters/inel-9340'
 zone: 'europe-west3-b'> succeeded after 340.980 seconds
2023-12-07 09:56:33,102 DEBUG    urllib3.connectionpool Starting new HTTPS connection (1): container.googleapis.com:443
2023-12-07 09:56:33,334 DEBUG    urllib3.connectionpool https://container.googleapis.com:443 "GET /v1/projects/cloud-dev-112233/locations/europe-west3-b/clusters/inel-9340?alt=json HTTP/1.1" 200 None
2023-12-07 09:56:33,342 INFO     ___FILE_ONLY___ Created [https://container.googleapis.com/v1/projects/cloud-dev-112233/zones/europe-west3-b/clusters/inel-9340].

2023-12-07 09:56:33,343 INFO     ___FILE_ONLY___ To inspect the contents of your cluster, go to: https://console.cloud.google.com/kubernetes/workload_/gcloud/europe-west3-b/inel-9340?project=cloud-dev-112233

2023-12-07 09:56:34,436 DEBUG    root            Saved kubeconfig to /Users/inelpandzic/.kube/config
2023-12-07 09:56:34,436 INFO     ___FILE_ONLY___ kubeconfig entry generated for inel-9340.

2023-12-07 09:56:34,436 DEBUG    root            Chosen display Format:
    table(
        name,
        zone:label=LOCATION,
        master_version():label=MASTER_VERSION,
        endpoint:label=MASTER_IP,
        nodePools[0].config.machineType,
        currentNodeVersion:label=NODE_VERSION,
        firstof(currentNodeCount,initialNodeCount):label=NUM_NODES,
        status
    )

2023-12-07 09:56:34,437 INFO     root            Display format: "
    table(
        name,
        zone:label=LOCATION,
        master_version():label=MASTER_VERSION,
        endpoint:label=MASTER_IP,
        nodePools[0].config.machineType,
        currentNodeVersion:label=NODE_VERSION,
        firstof(currentNodeCount,initialNodeCount):label=NUM_NODES,
        status
    )
"
2023-12-07 09:56:34,439 INFO     ___FILE_ONLY___ NAME
2023-12-07 09:56:34,439 INFO     ___FILE_ONLY___        
2023-12-07 09:56:34,439 INFO     ___FILE_ONLY___ LOCATION
2023-12-07 09:56:34,439 INFO     ___FILE_ONLY___         
2023-12-07 09:56:34,439 INFO     ___FILE_ONLY___ MASTER_VERSION
2023-12-07 09:56:34,439 INFO     ___FILE_ONLY___        
2023-12-07 09:56:34,439 INFO     ___FILE_ONLY___ MASTER_IP
2023-12-07 09:56:34,439 INFO     ___FILE_ONLY___       
2023-12-07 09:56:34,439 INFO     ___FILE_ONLY___ MACHINE_TYPE
2023-12-07 09:56:34,439 INFO     ___FILE_ONLY___    
2023-12-07 09:56:34,439 INFO     ___FILE_ONLY___ NODE_VERSION
2023-12-07 09:56:34,439 INFO     ___FILE_ONLY___          
2023-12-07 09:56:34,439 INFO     ___FILE_ONLY___ NUM_NODES
2023-12-07 09:56:34,439 INFO     ___FILE_ONLY___   
2023-12-07 09:56:34,439 INFO     ___FILE_ONLY___ STATUS
2023-12-07 09:56:34,440 INFO     ___FILE_ONLY___ 

2023-12-07 09:56:34,440 INFO     ___FILE_ONLY___ inel-9340
2023-12-07 09:56:34,440 INFO     ___FILE_ONLY___   
2023-12-07 09:56:34,440 INFO     ___FILE_ONLY___ europe-west3-b
2023-12-07 09:56:34,440 INFO     ___FILE_ONLY___   
2023-12-07 09:56:34,440 INFO     ___FILE_ONLY___ 1.25.16-gke.1020000
2023-12-07 09:56:34,440 INFO     ___FILE_ONLY___   
2023-12-07 09:56:34,440 INFO     ___FILE_ONLY___ 35.198.109.33
2023-12-07 09:56:34,440 INFO     ___FILE_ONLY___   
2023-12-07 09:56:34,440 INFO     ___FILE_ONLY___ n1-standard-4
2023-12-07 09:56:34,440 INFO     ___FILE_ONLY___   
2023-12-07 09:56:34,440 INFO     ___FILE_ONLY___ 1.25.16-gke.1020000
2023-12-07 09:56:34,440 INFO     ___FILE_ONLY___   
2023-12-07 09:56:34,440 INFO     ___FILE_ONLY___ 3
2023-12-07 09:56:34,440 INFO     ___FILE_ONLY___           
2023-12-07 09:56:34,440 INFO     ___FILE_ONLY___ RUNNING
2023-12-07 09:56:34,440 INFO     ___FILE_ONLY___ 

2023-12-07 09:56:34,441 INFO     ___FILE_ONLY___ 

Updates are available for some Google Cloud CLI components.  To install them,
please run:
  $ gcloud components update


2023-12-07 09:56:34,448 DEBUG    root            Metrics reporting process started...
