2023-12-07 13:16:54,352 DEBUG    root            Loaded Command Group: ['gcloud', 'config']
2023-12-07 13:16:54,354 DEBUG    root            Loaded Command Group: ['gcloud', 'config', 'config_helper']
2023-12-07 13:16:54,355 DEBUG    root            Running [gcloud.config.config-helper] with arguments: [--format: "json"]
2023-12-07 13:16:54,360 DEBUG    root            Chosen display Format:default json
2023-12-07 13:16:54,360 INFO     root            Display format: "default json"
2023-12-07 13:16:54,360 INFO     ___FILE_ONLY___ {
  "configuration": {
    "active_configuration": "percona-cloud-dev",
    "properties": {
      "core": {
        "account": "inel.pandzic@percona.com",
        "disable_usage_reporting": "False",
        "project": "cloud-dev-112233"
      }
    }
  },
  "credential": {
    "access_token": "ya29.a0AfB_byAZM6Dilz8pfCdAuORMA6LZuDqpbDWGleBnJRNioJ_pqXt6vNxTP8LXmPyc7vKqGs0VkreM_wxXoWP5IlzdL9E_5rT-dam0Ox7riTf1CKWcSGSV6VCdKwnsbvbcZOboEBj2fhnEKtGatfRH4tYPFhCqM9nlWa0rU81QIao_aCgYKAcoSARESFQHGX2MiqA033_s52Hj27d3SQ_7Pyg0179",
    "id_token": "eyJhbGciOiJSUzI1NiIsImtpZCI6ImU0YWRmYjQzNmI5ZTE5N2UyZTExMDZhZjJjODQyMjg0ZTQ5ODZhZmYiLCJ0eXAiOiJKV1QifQ.eyJpc3MiOiJodHRwczovL2FjY291bnRzLmdvb2dsZS5jb20iLCJhenAiOiIzMjU1NTk0MDU1OS5hcHBzLmdvb2dsZXVzZXJjb250ZW50LmNvbSIsImF1ZCI6IjMyNTU1OTQwNTU5LmFwcHMuZ29vZ2xldXNlcmNvbnRlbnQuY29tIiwic3ViIjoiMTA3NDA5ODEzMzQ0NTU5NDQzNDA3IiwiaGQiOiJwZXJjb25hLmNvbSIsImVtYWlsIjoiaW5lbC5wYW5kemljQHBlcmNvbmEuY29tIiwiZW1haWxfdmVyaWZpZWQiOnRydWUsImF0X2hhc2giOiJ1NkpFZ3VCcGNQTTRXWWVMR0tGblV3IiwiaWF0IjoxNzAxOTUxMzg1LCJleHAiOjE3MDE5NTQ5ODV9.AmyNtVrWDJcfGPF-89LxWaIhaqWn1AVcN_LjpmZksEMW6G5HyQef-MQo5uI_cRKtl9azRTpi6ijFANUmctx14mUkAIVeZcS1VqfvsZUI2SFCeusk7DRWhEKQ_9pPv42Hz56GdsXWSQPUHLOlOM7TDvzcS4L5ZqcOSpSzgM3PakobdF3LxZQx4bmToyIoRDnlXt9pWTAXGbtKR0zdsn1gjnYEy5pEroErdg80QsQWxxGRmNvhJUERw69P73wwHhjKsHjYjc3GJzJOUnncp_4iYI0D6Hl9O_JAzyOTppk338HOqBQdTWMRvPT_bJFWcO-lAQ5XU2xyKyd2GDOQbV-rPw",
    "token_expiry": "2023-12-07T13:16:24Z"
  },
  "sentinels": {
    "config_sentinel": "/Users/inelpandzic/.config/gcloud/config_sentinel"
  }
}
2023-12-07 13:16:54,360 INFO     ___FILE_ONLY___ 

2023-12-07 13:16:54,365 DEBUG    root            Metrics reporting process started...
