2023-12-07 17:27:16,929 DEBUG    root            Loaded Command Group: ['gcloud', 'config']
2023-12-07 17:27:16,931 DEBUG    root            Loaded Command Group: ['gcloud', 'config', 'config_helper']
2023-12-07 17:27:16,932 DEBUG    root            Running [gcloud.config.config-helper] with arguments: [--format: "json"]
2023-12-07 17:27:16,938 DEBUG    root            Chosen display Format:default json
2023-12-07 17:27:16,938 INFO     root            Display format: "default json"
2023-12-07 17:27:16,938 INFO     ___FILE_ONLY___ {
  "configuration": {
    "active_configuration": "percona-cloud-dev",
    "properties": {
      "core": {
        "account": "inel.pandzic@percona.com",
        "disable_usage_reporting": "False",
        "project": "cloud-dev-112233"
      }
    }
  },
  "credential": {
    "access_token": "ya29.a0AfB_byA9J2aAxo7Kq0s478KjKnwjZZahRTLJsoFHBhiVj3bKQcj5bGn2IzsbzmrkLyA671BPvj4UD9bWJ4sFmDh0gfyVUhZA9BW1PPfWndr35Gw33E7PScEQDkMhPTu_Dm9tT3Rw7lKNU8_EE9ZrnEevRGcMq6fdlrRURtUdEc__aCgYKAVoSARESFQHGX2MipjxslYLM8jZ-UXybtPpsRg0179",
    "id_token": "eyJhbGciOiJSUzI1NiIsImtpZCI6ImU0YWRmYjQzNmI5ZTE5N2UyZTExMDZhZjJjODQyMjg0ZTQ5ODZhZmYiLCJ0eXAiOiJKV1QifQ.eyJpc3MiOiJodHRwczovL2FjY291bnRzLmdvb2dsZS5jb20iLCJhenAiOiIzMjU1NTk0MDU1OS5hcHBzLmdvb2dsZXVzZXJjb250ZW50LmNvbSIsImF1ZCI6IjMyNTU1OTQwNTU5LmFwcHMuZ29vZ2xldXNlcmNvbnRlbnQuY29tIiwic3ViIjoiMTA3NDA5ODEzMzQ0NTU5NDQzNDA3IiwiaGQiOiJwZXJjb25hLmNvbSIsImVtYWlsIjoiaW5lbC5wYW5kemljQHBlcmNvbmEuY29tIiwiZW1haWxfdmVyaWZpZWQiOnRydWUsImF0X2hhc2giOiJmQ2NoTDFLeTd2TExDQzd3cUlxOE1BIiwiaWF0IjoxNzAxOTY2MzQ5LCJleHAiOjE3MDE5Njk5NDl9.fqAL-4URV-S7MCIC44A8HGdAKqvRNWmKyFLGPgeugJJ-v2LAVTl-mkDiINTQAHzCsr4fJcqAUicoyjhPVjgbRrOqOwOWXIpssjQ4hfdtHmjHE3HLklT8gwCVujsEB4cc_nyT3WR1G8JoP-qDPcKoOKVRKCtcpN62gnP1fC6iP5j1bW4Qr57A74f4kUdVy8brJ_Xu28tVGsKe7VTKm3e9jNz1G9vq1IrwOV7gEMqCYcK3apqUGLhdw_HEZUW1lWIs1ZnD8pjm2iO4jTd1AHUaCBBu4M1aFlnFjYI2ac42Ar3o9_9t1U3MXSbDUNIwq1XarGyPmkwE17nMnpExc0cLUw",
    "token_expiry": "2023-12-07T17:25:48Z"
  },
  "sentinels": {
    "config_sentinel": "/Users/inelpandzic/.config/gcloud/config_sentinel"
  }
}
2023-12-07 17:27:16,938 INFO     ___FILE_ONLY___ 

2023-12-07 17:27:16,943 DEBUG    root            Metrics reporting process started...
