2023-12-14 09:11:19,885 DEBUG    root            Loaded Command Group: ['gcloud', 'config']
2023-12-14 09:11:19,887 DEBUG    root            Loaded Command Group: ['gcloud', 'config', 'config_helper']
2023-12-14 09:11:19,888 DEBUG    root            Running [gcloud.config.config-helper] with arguments: [--format: "json"]
2023-12-14 09:11:19,901 DEBUG    root            Chosen display Format:default json
2023-12-14 09:11:19,902 INFO     root            Display format: "default json"
2023-12-14 09:11:19,902 INFO     ___FILE_ONLY___ {
  "configuration": {
    "active_configuration": "percona-cloud-dev",
    "properties": {
      "core": {
        "account": "inel.pandzic@percona.com",
        "disable_usage_reporting": "False",
        "project": "cloud-dev-112233"
      }
    }
  },
  "credential": {
    "access_token": "ya29.a0AfB_byAP4_os_VEe1ivhjZlacPWTNWuGEzSayarc2Rsk2xHOzeR2-paHoR98QvJKmGw_n7OTthLEzlUMoE5tcpZnC43vMIi0nAsy7rx_mSxalfWPvu2CoOogn5im9GH0-TGBK5qlkc9CMeC1UYCeFfRRIBxKHIBfDCmaHrBHgeInaCgYKATkSARESFQHGX2Mi8vjOTvB3WPsT-fQE3fKJ_A0179",
    "id_token": "eyJhbGciOiJSUzI1NiIsImtpZCI6IjBhZDFmZWM3ODUwNGY0NDdiYWU2NWJjZjVhZmFlZGI2NWVlYzllODEiLCJ0eXAiOiJKV1QifQ.eyJpc3MiOiJodHRwczovL2FjY291bnRzLmdvb2dsZS5jb20iLCJhenAiOiIzMjU1NTk0MDU1OS5hcHBzLmdvb2dsZXVzZXJjb250ZW50LmNvbSIsImF1ZCI6IjMyNTU1OTQwNTU5LmFwcHMuZ29vZ2xldXNlcmNvbnRlbnQuY29tIiwic3ViIjoiMTA3NDA5ODEzMzQ0NTU5NDQzNDA3IiwiaGQiOiJwZXJjb25hLmNvbSIsImVtYWlsIjoiaW5lbC5wYW5kemljQHBlcmNvbmEuY29tIiwiZW1haWxfdmVyaWZpZWQiOnRydWUsImF0X2hhc2giOiJFNzB3enhWU1lZSVh3OHc0VTVnNmVnIiwiaWF0IjoxNzAyNTQxMTk5LCJleHAiOjE3MDI1NDQ3OTl9.EDkjhE6dE2zIlYsXTaeCw9STJFJ4JKBDqhVmkBTg-DpI3ihFGdzpu0FaLqXLd9F7PvDwBkz7KL5xvnOCqvmY6JFolFJy_-vkKbRz3BbrF6j1cnL6PUtiS-qTUt39wCnjFZ3ISUQmyXFMySbnmVqjW8QC7ojmzuWAbND8-W2SE7FtwW9lvCTXEOIcO5rOj170-N3VvoScU9cVo4KHJDzim8GowlNJ1tN9e-_QKGSAaE4tY_C-0_Mu7bVVyoHFeH4gdycbc32bIwcbciGpuIsNgq52nTpjvM0Qfasu5WrzKB0hh3H7q01WcIjbHvbGakJPP8YtPCSzfh2sekXND0W_JQ",
    "token_expiry": "2023-12-14T09:06:38Z"
  },
  "sentinels": {
    "config_sentinel": "/Users/inelpandzic/.config/gcloud/config_sentinel"
  }
}
2023-12-14 09:11:19,902 INFO     ___FILE_ONLY___ 

2023-12-14 09:11:19,908 DEBUG    root            Metrics reporting process started...
