2023-12-14 11:06:58,817 DEBUG    root            Loaded Command Group: ['gcloud', 'config']
2023-12-14 11:06:58,819 DEBUG    root            Loaded Command Group: ['gcloud', 'config', 'config_helper']
2023-12-14 11:06:58,820 DEBUG    root            Running [gcloud.config.config-helper] with arguments: [--format: "json"]
2023-12-14 11:06:58,844 DEBUG    google.auth.transport.requests Making request: POST https://oauth2.googleapis.com/token
2023-12-14 11:06:58,864 DEBUG    urllib3.connectionpool Starting new HTTPS connection (1): oauth2.googleapis.com:443
2023-12-14 11:06:59,028 DEBUG    urllib3.connectionpool https://oauth2.googleapis.com:443 "POST /token HTTP/1.1" 200 None
2023-12-14 11:06:59,033 DEBUG    root            Chosen display Format:default json
2023-12-14 11:06:59,034 INFO     root            Display format: "default json"
2023-12-14 11:06:59,034 INFO     ___FILE_ONLY___ {
  "configuration": {
    "active_configuration": "percona-cloud-dev",
    "properties": {
      "core": {
        "account": "inel.pandzic@percona.com",
        "disable_usage_reporting": "False",
        "project": "cloud-dev-112233"
      }
    }
  },
  "credential": {
    "access_token": "ya29.a0AfB_byDUCoTxqB5uLpjwXVqQuKMa0H1tEP4y63brWzMdvSVyEngit-ZJZamTsQLPhB4HWbcl2zjobRXfyhBr1HjuTNIP2hkWhIYh0WOMW6eRietQUibBUXEOdC-RppQhcMooCSA0tgU2p0hPzlvCjE2aN6CXgMrkYhk1lOPZVYHdaCgYKAZ4SARESFQHGX2Mief1pNlixbd_7sZq_6JgyQA0179",
    "id_token": "eyJhbGciOiJSUzI1NiIsImtpZCI6IjBhZDFmZWM3ODUwNGY0NDdiYWU2NWJjZjVhZmFlZGI2NWVlYzllODEiLCJ0eXAiOiJKV1QifQ.eyJpc3MiOiJodHRwczovL2FjY291bnRzLmdvb2dsZS5jb20iLCJhenAiOiIzMjU1NTk0MDU1OS5hcHBzLmdvb2dsZXVzZXJjb250ZW50LmNvbSIsImF1ZCI6IjMyNTU1OTQwNTU5LmFwcHMuZ29vZ2xldXNlcmNvbnRlbnQuY29tIiwic3ViIjoiMTA3NDA5ODEzMzQ0NTU5NDQzNDA3IiwiaGQiOiJwZXJjb25hLmNvbSIsImVtYWlsIjoiaW5lbC5wYW5kemljQHBlcmNvbmEuY29tIiwiZW1haWxfdmVyaWZpZWQiOnRydWUsImF0X2hhc2giOiJFTk5qanBIalZrUDhxcDh3TFkxVVdRIiwiaWF0IjoxNzAyNTQ4NDE5LCJleHAiOjE3MDI1NTIwMTl9.XPCPCuFJ3oNthOQ3-SAh6AGhAlNWorXOECdEh_u799F4P482HPVQitcPC_naArKsYyvznXC4kT0iTv_1nJMsxsAnJHrYnCP8WFcZLQhXTWbyseEBgdpEuuU0eYPEESS5rIsoD2OgRv9rz0I1lug7L7hvcP0_ucTeZVcVI2j8Sks3shrtt4sOOwfbqeISU7Bjv4PLOWBareR6Sdvq32xe1cBYD3bBfXs9f-2ZJm4k6U-IBjgrKbNpp9l2um9C12nrAFvltwIV2-EOD0BOq6_tJ1FtxhjZrLWV1iWjYQtlvOk_Mo4Ga7yIYMSEtnE-aWwwPi9VaUDARfOVPBWwjEHVDA",
    "token_expiry": "2023-12-14T11:06:58Z"
  },
  "sentinels": {
    "config_sentinel": "/Users/inelpandzic/.config/gcloud/config_sentinel"
  }
}
2023-12-14 11:06:59,034 INFO     ___FILE_ONLY___ 

2023-12-14 11:06:59,040 DEBUG    root            Metrics reporting process started...
