2023-12-14 13:07:04,144 DEBUG    root            Loaded Command Group: ['gcloud', 'config']
2023-12-14 13:07:04,146 DEBUG    root            Loaded Command Group: ['gcloud', 'config', 'config_helper']
2023-12-14 13:07:04,147 DEBUG    root            Running [gcloud.config.config-helper] with arguments: [--format: "json"]
2023-12-14 13:07:04,159 DEBUG    google.auth.transport.requests Making request: POST https://oauth2.googleapis.com/token
2023-12-14 13:07:04,178 DEBUG    urllib3.connectionpool Starting new HTTPS connection (1): oauth2.googleapis.com:443
2023-12-14 13:07:04,348 DEBUG    urllib3.connectionpool https://oauth2.googleapis.com:443 "POST /token HTTP/1.1" 200 None
2023-12-14 13:07:04,358 DEBUG    root            Chosen display Format:default json
2023-12-14 13:07:04,359 INFO     root            Display format: "default json"
2023-12-14 13:07:04,359 INFO     ___FILE_ONLY___ {
  "configuration": {
    "active_configuration": "percona-cloud-dev",
    "properties": {
      "core": {
        "account": "inel.pandzic@percona.com",
        "disable_usage_reporting": "False",
        "project": "cloud-dev-112233"
      }
    }
  },
  "credential": {
    "access_token": "ya29.a0AfB_byCPV7qFPsKbi08QN4N_v-kEjOuvNpw7DPtKkBCfyTBnB9iT_Wl06QkLWqSXrT5zddJU5t7KzJ0WlX-gBrVjGYN-udCX-lQrFH6Sqvxwsb0YQVcTQtD_aODp0Id1uRnpRYVtQpCHe08x4zGRjiWiDXjvx-msxAJd85yAxP8paCgYKAeUSARESFQHGX2Mip0OpRFCczZCTQl2gogSwXA0179",
    "id_token": "eyJhbGciOiJSUzI1NiIsImtpZCI6IjBhZDFmZWM3ODUwNGY0NDdiYWU2NWJjZjVhZmFlZGI2NWVlYzllODEiLCJ0eXAiOiJKV1QifQ.eyJpc3MiOiJodHRwczovL2FjY291bnRzLmdvb2dsZS5jb20iLCJhenAiOiIzMjU1NTk0MDU1OS5hcHBzLmdvb2dsZXVzZXJjb250ZW50LmNvbSIsImF1ZCI6IjMyNTU1OTQwNTU5LmFwcHMuZ29vZ2xldXNlcmNvbnRlbnQuY29tIiwic3ViIjoiMTA3NDA5ODEzMzQ0NTU5NDQzNDA3IiwiaGQiOiJwZXJjb25hLmNvbSIsImVtYWlsIjoiaW5lbC5wYW5kemljQHBlcmNvbmEuY29tIiwiZW1haWxfdmVyaWZpZWQiOnRydWUsImF0X2hhc2giOiJhMDcyOGhqeTVpclNFWkxqRmlIR2p3IiwiaWF0IjoxNzAyNTU1NjI0LCJleHAiOjE3MDI1NTkyMjR9.CDHygNr-5ZOn1yL_VnYaikkJ4GKU5bwNWPYc-e2Y7fVwtI-Ghh6htfzrhl9YpSpPNpPafp51er4S7ihmK2LALJgb4UafoXCtQrWmhte1DDAzBhPITm64Xi08PiejnUAyICQY1zyncDYrG-GxqoD8OaAHyYitfzSEc7bpF5HSJ4JVEa9s09nv7KcW-oNzWsZCmFLMVSLdx0D4YIbHdTg-olj02fJ2XK2Ety4QzL6QjzAf6V1XjjVimr1NLUcnxDYPJok2k-i91ewUBru2bkz4WjaTJYkOOMBznJAc6X4EJEbArzgwG5gGMw3cU-hpUrVUR9nAu-_azxAH0epIWejs5w",
    "token_expiry": "2023-12-14T13:07:03Z"
  },
  "sentinels": {
    "config_sentinel": "/Users/inelpandzic/.config/gcloud/config_sentinel"
  }
}
2023-12-14 13:07:04,359 INFO     ___FILE_ONLY___ 

2023-12-14 13:07:04,380 DEBUG    root            Metrics reporting process started...
