2023-12-14 15:07:20,707 DEBUG    root            Loaded Command Group: ['gcloud', 'config']
2023-12-14 15:07:20,709 DEBUG    root            Loaded Command Group: ['gcloud', 'config', 'config_helper']
2023-12-14 15:07:20,710 DEBUG    root            Running [gcloud.config.config-helper] with arguments: [--format: "json"]
2023-12-14 15:07:20,715 DEBUG    google.auth.transport.requests Making request: POST https://oauth2.googleapis.com/token
2023-12-14 15:07:20,778 DEBUG    urllib3.connectionpool Starting new HTTPS connection (1): oauth2.googleapis.com:443
2023-12-14 15:07:20,939 DEBUG    urllib3.connectionpool https://oauth2.googleapis.com:443 "POST /token HTTP/1.1" 200 None
2023-12-14 15:07:20,951 DEBUG    root            Chosen display Format:default json
2023-12-14 15:07:20,951 INFO     root            Display format: "default json"
2023-12-14 15:07:20,951 INFO     ___FILE_ONLY___ {
  "configuration": {
    "active_configuration": "percona-cloud-dev",
    "properties": {
      "core": {
        "account": "inel.pandzic@percona.com",
        "disable_usage_reporting": "False",
        "project": "cloud-dev-112233"
      }
    }
  },
  "credential": {
    "access_token": "ya29.a0AfB_byDt_46LUH-e7oEoWdCbGIl1Euix9UBtkutI8_5ifncELNYDBoD-5G-rUE0EwfZoVA1flrizxKbFBDTRSVFMQiQEmwFptO5gsvKSu4MC0XUfQORDcjJ3dbvGJJlYrDOJCf9MO0OO23hEePQNJLYGedVspXaniJlHZfKJN8uMaCgYKAY0SARESFQHGX2MixdVNkHDHZOpeSiQK8L-QvQ0179",
    "id_token": "eyJhbGciOiJSUzI1NiIsImtpZCI6IjBhZDFmZWM3ODUwNGY0NDdiYWU2NWJjZjVhZmFlZGI2NWVlYzllODEiLCJ0eXAiOiJKV1QifQ.eyJpc3MiOiJodHRwczovL2FjY291bnRzLmdvb2dsZS5jb20iLCJhenAiOiIzMjU1NTk0MDU1OS5hcHBzLmdvb2dsZXVzZXJjb250ZW50LmNvbSIsImF1ZCI6IjMyNTU1OTQwNTU5LmFwcHMuZ29vZ2xldXNlcmNvbnRlbnQuY29tIiwic3ViIjoiMTA3NDA5ODEzMzQ0NTU5NDQzNDA3IiwiaGQiOiJwZXJjb25hLmNvbSIsImVtYWlsIjoiaW5lbC5wYW5kemljQHBlcmNvbmEuY29tIiwiZW1haWxfdmVyaWZpZWQiOnRydWUsImF0X2hhc2giOiJaY25hU3dycUJveW1QVFVVTkthOEFnIiwiaWF0IjoxNzAyNTYyODQwLCJleHAiOjE3MDI1NjY0NDB9.K_h5p7qagj9i6egDaeXWrUC_w4xPQRCQqwmBHnyEBwkJrHbdbcQJC2Jap2e0iYxsjMXql7FcFJemhpqvYSlsfK44_M7zq1hz7bexc9tRbD0KXU7iIQWmC8mlRFxRiFHK46Q1nSv1H444ylQ0UB3bIrEFC85fVTiUmu4nItzKcQWBmfcPjW19uTzVXaCa6rezrL-rvl58XOx-D8MXummU86aBzti8IqQJx8ecwRaV_-q1ZJy7THK8gIgCpCJIZ8P47eAdHqLjNrLwAHKbGs974JzQTYH_iOE9ios8Cj1-sKKAUh86iF3DkQWMMgegf6kJgpFVB_ssCkZKMhadFhWYBA",
    "token_expiry": "2023-12-14T15:07:19Z"
  },
  "sentinels": {
    "config_sentinel": "/Users/inelpandzic/.config/gcloud/config_sentinel"
  }
}
2023-12-14 15:07:20,951 INFO     ___FILE_ONLY___ 

2023-12-14 15:07:20,957 DEBUG    root            Metrics reporting process started...
