2023-12-14 16:07:09,564 DEBUG    root            Loaded Command Group: ['gcloud', 'config']
2023-12-14 16:07:09,566 DEBUG    root            Loaded Command Group: ['gcloud', 'config', 'config_helper']
2023-12-14 16:07:09,567 DEBUG    root            Running [gcloud.config.config-helper] with arguments: [--format: "json"]
2023-12-14 16:07:09,571 DEBUG    root            Chosen display Format:default json
2023-12-14 16:07:09,571 INFO     root            Display format: "default json"
2023-12-14 16:07:09,571 INFO     ___FILE_ONLY___ {
  "configuration": {
    "active_configuration": "percona-cloud-dev",
    "properties": {
      "core": {
        "account": "inel.pandzic@percona.com",
        "disable_usage_reporting": "False",
        "project": "cloud-dev-112233"
      }
    }
  },
  "credential": {
    "access_token": "ya29.a0AfB_byDEWeQJnGf1NnIiTyId2Vhf0R6ppZo6jKCrHhg618blHp6IkVGR01_h39_V9x1jUH_KVCZGkIpjQFd2oXZa1HatOiaN8YIrtNulZ_2XU4y7iNMBMPZWO5s7GEfHi1-D5YVdQk_y6JE8xbBKyDfdle6PXxqjt3xEYnCxjy41aCgYKAXESARESFQHGX2MiIwUhCLbusPZvk1nlyVT02g0179",
    "id_token": "eyJhbGciOiJSUzI1NiIsImtpZCI6IjBhZDFmZWM3ODUwNGY0NDdiYWU2NWJjZjVhZmFlZGI2NWVlYzllODEiLCJ0eXAiOiJKV1QifQ.eyJpc3MiOiJodHRwczovL2FjY291bnRzLmdvb2dsZS5jb20iLCJhenAiOiIzMjU1NTk0MDU1OS5hcHBzLmdvb2dsZXVzZXJjb250ZW50LmNvbSIsImF1ZCI6IjMyNTU1OTQwNTU5LmFwcHMuZ29vZ2xldXNlcmNvbnRlbnQuY29tIiwic3ViIjoiMTA3NDA5ODEzMzQ0NTU5NDQzNDA3IiwiaGQiOiJwZXJjb25hLmNvbSIsImVtYWlsIjoiaW5lbC5wYW5kemljQHBlcmNvbmEuY29tIiwiZW1haWxfdmVyaWZpZWQiOnRydWUsImF0X2hhc2giOiJkQ29kdm43TjNGc0JIUThuVHBrWVp3IiwiaWF0IjoxNzAyNTY2MTUzLCJleHAiOjE3MDI1Njk3NTN9.qAE9Nc3BUBNJ9rUPwlXcj5nP_vjGs-QXAgzM-ks7JuvgwmuvkMsQY5Udxe-xQL5UJwmEJwM5D63idAdsQhugkayJiX5nZKtVY--8mgmFDjxHe_-DvI0r3hvif1pR6gMI7ZsFoG6yFf5EOXeO8J6uQ_Yeljonlr8DcMlQvJ8SiwnPLftBRaVuGQqUSQizCGO6W6Wy_y30f6585r3p0xIhXyhpnVu94nNbuUMq9LVv-N1A3gEqx_7-zV8rd1q8D8OrKkzVx_31TpigHStdMDdN_rEqgIn6QjsmtRqTAHKkVyxQHBTItEUAQ3jrEEZ3lUHBYHep-8mAvA_3SdFs53iUXQ",
    "token_expiry": "2023-12-14T16:02:30Z"
  },
  "sentinels": {
    "config_sentinel": "/Users/inelpandzic/.config/gcloud/config_sentinel"
  }
}
2023-12-14 16:07:09,571 INFO     ___FILE_ONLY___ 

2023-12-14 16:07:09,577 DEBUG    root            Metrics reporting process started...
