2022-07-31 19:00:48,687 DEBUG    root            Loaded Command Group: ['gcloud', 'config']
2022-07-31 19:00:48,689 DEBUG    root            Loaded Command Group: ['gcloud', 'config', 'config_helper']
2022-07-31 19:00:48,690 DEBUG    root            Running [gcloud.config.config-helper] with arguments: [--format: "json"]
2022-07-31 19:00:48,731 DEBUG    google.auth.transport.requests Making request: POST https://oauth2.googleapis.com/token
2022-07-31 19:00:48,748 DEBUG    urllib3.connectionpool Starting new HTTPS connection (1): oauth2.googleapis.com:443
2022-07-31 19:00:48,971 DEBUG    urllib3.connectionpool https://oauth2.googleapis.com:443 "POST /token HTTP/1.1" 200 None
2022-07-31 19:00:48,986 INFO     root            Display format: "default json"
2022-07-31 19:00:48,987 INFO     ___FILE_ONLY___ {
  "configuration": {
    "active_configuration": "percona-cloud-dev",
    "properties": {
      "core": {
        "account": "inel.pandzic@percona.com",
        "disable_usage_reporting": "False",
        "project": "cloud-dev-112233"
      }
    }
  },
  "credential": {
    "access_token": "ya29.A0AVA9y1uIlzLVZ19Wqka7hJCaX63f3zrxf5ZMfuw4DTrpm44oxLQcomY-Bm4kFVlnWrWgloCjZVOGcyV7_xkt3g7Fh5-RErGvYNUbhEBIX6a7R0C1vQxCIVkvwvd-R0dKTIb7Nfd5JmQVqizT7-KnrNLdYm9ZvTvgQYVt3L0YUNnWUtBVEFTQVRBU0ZRRTY1ZHI4RkZiZzdaelBkcHFndFRGbkNBYTFXQQ0174",
    "id_token": "eyJhbGciOiJSUzI1NiIsImtpZCI6IjA3NGI5MjhlZGY2NWE2ZjQ3MGM3MWIwYTI0N2JkMGY3YTRjOWNjYmMiLCJ0eXAiOiJKV1QifQ.eyJpc3MiOiJodHRwczovL2FjY291bnRzLmdvb2dsZS5jb20iLCJhenAiOiIzMjU1NTk0MDU1OS5hcHBzLmdvb2dsZXVzZXJjb250ZW50LmNvbSIsImF1ZCI6IjMyNTU1OTQwNTU5LmFwcHMuZ29vZ2xldXNlcmNvbnRlbnQuY29tIiwic3ViIjoiMTA3NDA5ODEzMzQ0NTU5NDQzNDA3IiwiaGQiOiJwZXJjb25hLmNvbSIsImVtYWlsIjoiaW5lbC5wYW5kemljQHBlcmNvbmEuY29tIiwiZW1haWxfdmVyaWZpZWQiOnRydWUsImF0X2hhc2giOiJ0ZmdFNlRocHRsSEJkT2hYNGRGZHJ3IiwiaWF0IjoxNjU5Mjg2ODQ5LCJleHAiOjE2NTkyOTA0NDl9.k7YQkEE_Pic_dPHbf3XUaGKRyBMwBxI5LMdgm9RTy3enOPwb6OSJXAqH9_O2k-kTy02j0S_yf1mep5Wdv_mcIXbwCDAzcOwGX_kY2cdtbmtT3pzfOTzDiMkpGKTVo91h7UNpGWHEGRIHU8XgT3JaTbLIBNy3fUZttB0_DGloh0ndzvntvR31xIjYj6ev1xrHJ3tsltFAuQ3LSo0TqwLPgCodg1YH7hOFoGQdAYnEho1N7pBBDIK13dmuRrel8Bn4OZqR-aNWFT-045VrkfPlUuJuuvgif8k3eBXDSGqQNRA7PEBbJrroox3a3xsMoUvKrO2iZgNoebI4MYTRjjU3oA",
    "token_expiry": "2022-07-31T18:00:47Z"
  },
  "sentinels": {
    "config_sentinel": "/Users/inelpandzic/.config/gcloud/config_sentinel"
  }
}
2022-07-31 19:00:48,987 INFO     ___FILE_ONLY___ 

2022-07-31 19:00:49,000 DEBUG    root            Metrics reporting process started...
