2023-12-12 10:24:23,883 DEBUG    root            Loaded Command Group: ['gcloud', 'container', 'clusters']
2023-12-12 10:24:23,889 DEBUG    root            Loaded Command Group: ['gcloud', 'container', 'clusters', 'create']
2023-12-12 10:24:23,908 DEBUG    root            Running [gcloud.container.clusters.create] with arguments: [--cluster-version: "1.25", --disk-size: "32212254720", --labels: "OrderedDict([('delete-cluster-after-hours', '10')])", --machine-type: "n1-standard-4", --no-enable-autoupgrade: "False", --num-nodes: "3", --preemptible: "True", --zone: "europe-west3-b", NAME: "inel-73"]
2023-12-12 10:24:23,913 INFO     ___FILE_ONLY___ Default change: VPC-native is the default mode during cluster creation for versions greater than 1.21.0-gke.1500. To create advanced routes based clusters, please pass the `--no-enable-ip-alias` flag

2023-12-12 10:24:23,913 INFO     ___FILE_ONLY___ Default change: During creation of nodepools or autoscaling configuration changes for cluster versions greater than 1.24.1-gke.800 a default location policy is applied. For Spot and PVM it defaults to ANY, and for all other VM kinds a BALANCED policy is used. To change the default values use the `--location-policy` flag.

2023-12-12 10:24:23,913 INFO     ___FILE_ONLY___ Note: Your Pod address range (`--cluster-ipv4-cidr`) can accommodate at most 1008 node(s).

2023-12-12 10:24:24,118 DEBUG    urllib3.connectionpool Starting new HTTPS connection (1): container.googleapis.com:443
2023-12-12 10:24:29,478 DEBUG    urllib3.connectionpool https://container.googleapis.com:443 "POST /v1/projects/cloud-dev-112233/locations/europe-west3-b/clusters?alt=json HTTP/1.1" 200 None
2023-12-12 10:24:29,482 INFO     ___FILE_ONLY___ Creating cluster inel-73 in europe-west3-b...
2023-12-12 10:24:29,486 DEBUG    urllib3.connectionpool Starting new HTTPS connection (1): container.googleapis.com:443
2023-12-12 10:24:29,826 DEBUG    urllib3.connectionpool https://container.googleapis.com:443 "GET /v1/projects/cloud-dev-112233/locations/europe-west3-b/operations/operation-1702373069266-ae01d364-bef7-40c1-a2f6-bae567caab9f?alt=json HTTP/1.1" 200 None
2023-12-12 10:24:34,839 DEBUG    urllib3.connectionpool Starting new HTTPS connection (1): container.googleapis.com:443
2023-12-12 10:24:35,191 DEBUG    urllib3.connectionpool https://container.googleapis.com:443 "GET /v1/projects/cloud-dev-112233/locations/europe-west3-b/operations/operation-1702373069266-ae01d364-bef7-40c1-a2f6-bae567caab9f?alt=json HTTP/1.1" 200 None
2023-12-12 10:24:40,206 DEBUG    urllib3.connectionpool Starting new HTTPS connection (1): container.googleapis.com:443
2023-12-12 10:24:40,474 DEBUG    urllib3.connectionpool https://container.googleapis.com:443 "GET /v1/projects/cloud-dev-112233/locations/europe-west3-b/operations/operation-1702373069266-ae01d364-bef7-40c1-a2f6-bae567caab9f?alt=json HTTP/1.1" 200 None
2023-12-12 10:24:45,490 DEBUG    urllib3.connectionpool Starting new HTTPS connection (1): container.googleapis.com:443
2023-12-12 10:24:45,898 DEBUG    urllib3.connectionpool https://container.googleapis.com:443 "GET /v1/projects/cloud-dev-112233/locations/europe-west3-b/operations/operation-1702373069266-ae01d364-bef7-40c1-a2f6-bae567caab9f?alt=json HTTP/1.1" 200 None
2023-12-12 10:24:50,908 DEBUG    urllib3.connectionpool Starting new HTTPS connection (1): container.googleapis.com:443
2023-12-12 10:24:51,405 DEBUG    urllib3.connectionpool https://container.googleapis.com:443 "GET /v1/projects/cloud-dev-112233/locations/europe-west3-b/operations/operation-1702373069266-ae01d364-bef7-40c1-a2f6-bae567caab9f?alt=json HTTP/1.1" 200 None
2023-12-12 10:24:56,423 DEBUG    urllib3.connectionpool Starting new HTTPS connection (1): container.googleapis.com:443
2023-12-12 10:24:56,625 DEBUG    urllib3.connectionpool https://container.googleapis.com:443 "GET /v1/projects/cloud-dev-112233/locations/europe-west3-b/operations/operation-1702373069266-ae01d364-bef7-40c1-a2f6-bae567caab9f?alt=json HTTP/1.1" 200 None
2023-12-12 10:25:01,640 DEBUG    urllib3.connectionpool Starting new HTTPS connection (1): container.googleapis.com:443
2023-12-12 10:25:01,851 DEBUG    urllib3.connectionpool https://container.googleapis.com:443 "GET /v1/projects/cloud-dev-112233/locations/europe-west3-b/operations/operation-1702373069266-ae01d364-bef7-40c1-a2f6-bae567caab9f?alt=json HTTP/1.1" 200 None
2023-12-12 10:25:06,864 DEBUG    urllib3.connectionpool Starting new HTTPS connection (1): container.googleapis.com:443
2023-12-12 10:25:07,102 DEBUG    urllib3.connectionpool https://container.googleapis.com:443 "GET /v1/projects/cloud-dev-112233/locations/europe-west3-b/operations/operation-1702373069266-ae01d364-bef7-40c1-a2f6-bae567caab9f?alt=json HTTP/1.1" 200 None
2023-12-12 10:25:12,111 DEBUG    urllib3.connectionpool Starting new HTTPS connection (1): container.googleapis.com:443
2023-12-12 10:25:12,350 DEBUG    urllib3.connectionpool https://container.googleapis.com:443 "GET /v1/projects/cloud-dev-112233/locations/europe-west3-b/operations/operation-1702373069266-ae01d364-bef7-40c1-a2f6-bae567caab9f?alt=json HTTP/1.1" 200 None
2023-12-12 10:25:17,376 DEBUG    urllib3.connectionpool Starting new HTTPS connection (1): container.googleapis.com:443
2023-12-12 10:25:17,606 DEBUG    urllib3.connectionpool https://container.googleapis.com:443 "GET /v1/projects/cloud-dev-112233/locations/europe-west3-b/operations/operation-1702373069266-ae01d364-bef7-40c1-a2f6-bae567caab9f?alt=json HTTP/1.1" 200 None
2023-12-12 10:25:22,619 DEBUG    urllib3.connectionpool Starting new HTTPS connection (1): container.googleapis.com:443
2023-12-12 10:25:22,901 DEBUG    urllib3.connectionpool https://container.googleapis.com:443 "GET /v1/projects/cloud-dev-112233/locations/europe-west3-b/operations/operation-1702373069266-ae01d364-bef7-40c1-a2f6-bae567caab9f?alt=json HTTP/1.1" 200 None
2023-12-12 10:25:27,917 DEBUG    urllib3.connectionpool Starting new HTTPS connection (1): container.googleapis.com:443
2023-12-12 10:25:28,137 DEBUG    urllib3.connectionpool https://container.googleapis.com:443 "GET /v1/projects/cloud-dev-112233/locations/europe-west3-b/operations/operation-1702373069266-ae01d364-bef7-40c1-a2f6-bae567caab9f?alt=json HTTP/1.1" 200 None
2023-12-12 10:25:33,156 DEBUG    urllib3.connectionpool Starting new HTTPS connection (1): container.googleapis.com:443
2023-12-12 10:25:33,605 DEBUG    urllib3.connectionpool https://container.googleapis.com:443 "GET /v1/projects/cloud-dev-112233/locations/europe-west3-b/operations/operation-1702373069266-ae01d364-bef7-40c1-a2f6-bae567caab9f?alt=json HTTP/1.1" 200 None
2023-12-12 10:25:38,623 DEBUG    urllib3.connectionpool Starting new HTTPS connection (1): container.googleapis.com:443
2023-12-12 10:25:38,848 DEBUG    urllib3.connectionpool https://container.googleapis.com:443 "GET /v1/projects/cloud-dev-112233/locations/europe-west3-b/operations/operation-1702373069266-ae01d364-bef7-40c1-a2f6-bae567caab9f?alt=json HTTP/1.1" 200 None
2023-12-12 10:25:43,865 DEBUG    urllib3.connectionpool Starting new HTTPS connection (1): container.googleapis.com:443
2023-12-12 10:25:44,090 DEBUG    urllib3.connectionpool https://container.googleapis.com:443 "GET /v1/projects/cloud-dev-112233/locations/europe-west3-b/operations/operation-1702373069266-ae01d364-bef7-40c1-a2f6-bae567caab9f?alt=json HTTP/1.1" 200 None
2023-12-12 10:25:49,103 DEBUG    urllib3.connectionpool Starting new HTTPS connection (1): container.googleapis.com:443
2023-12-12 10:25:49,460 DEBUG    urllib3.connectionpool https://container.googleapis.com:443 "GET /v1/projects/cloud-dev-112233/locations/europe-west3-b/operations/operation-1702373069266-ae01d364-bef7-40c1-a2f6-bae567caab9f?alt=json HTTP/1.1" 200 None
2023-12-12 10:25:54,474 DEBUG    urllib3.connectionpool Starting new HTTPS connection (1): container.googleapis.com:443
2023-12-12 10:25:54,784 DEBUG    urllib3.connectionpool https://container.googleapis.com:443 "GET /v1/projects/cloud-dev-112233/locations/europe-west3-b/operations/operation-1702373069266-ae01d364-bef7-40c1-a2f6-bae567caab9f?alt=json HTTP/1.1" 200 None
2023-12-12 10:25:59,795 DEBUG    urllib3.connectionpool Starting new HTTPS connection (1): container.googleapis.com:443
2023-12-12 10:26:00,105 DEBUG    urllib3.connectionpool https://container.googleapis.com:443 "GET /v1/projects/cloud-dev-112233/locations/europe-west3-b/operations/operation-1702373069266-ae01d364-bef7-40c1-a2f6-bae567caab9f?alt=json HTTP/1.1" 200 None
2023-12-12 10:26:05,115 DEBUG    urllib3.connectionpool Starting new HTTPS connection (1): container.googleapis.com:443
2023-12-12 10:26:05,337 DEBUG    urllib3.connectionpool https://container.googleapis.com:443 "GET /v1/projects/cloud-dev-112233/locations/europe-west3-b/operations/operation-1702373069266-ae01d364-bef7-40c1-a2f6-bae567caab9f?alt=json HTTP/1.1" 200 None
2023-12-12 10:26:10,352 DEBUG    urllib3.connectionpool Starting new HTTPS connection (1): container.googleapis.com:443
2023-12-12 10:26:10,830 DEBUG    urllib3.connectionpool https://container.googleapis.com:443 "GET /v1/projects/cloud-dev-112233/locations/europe-west3-b/operations/operation-1702373069266-ae01d364-bef7-40c1-a2f6-bae567caab9f?alt=json HTTP/1.1" 200 None
2023-12-12 10:26:15,848 DEBUG    urllib3.connectionpool Starting new HTTPS connection (1): container.googleapis.com:443
2023-12-12 10:26:16,284 DEBUG    urllib3.connectionpool https://container.googleapis.com:443 "GET /v1/projects/cloud-dev-112233/locations/europe-west3-b/operations/operation-1702373069266-ae01d364-bef7-40c1-a2f6-bae567caab9f?alt=json HTTP/1.1" 200 None
2023-12-12 10:26:21,305 DEBUG    urllib3.connectionpool Starting new HTTPS connection (1): container.googleapis.com:443
2023-12-12 10:26:21,549 DEBUG    urllib3.connectionpool https://container.googleapis.com:443 "GET /v1/projects/cloud-dev-112233/locations/europe-west3-b/operations/operation-1702373069266-ae01d364-bef7-40c1-a2f6-bae567caab9f?alt=json HTTP/1.1" 200 None
2023-12-12 10:26:26,562 DEBUG    urllib3.connectionpool Starting new HTTPS connection (1): container.googleapis.com:443
2023-12-12 10:26:26,795 DEBUG    urllib3.connectionpool https://container.googleapis.com:443 "GET /v1/projects/cloud-dev-112233/locations/europe-west3-b/operations/operation-1702373069266-ae01d364-bef7-40c1-a2f6-bae567caab9f?alt=json HTTP/1.1" 200 None
2023-12-12 10:26:31,811 DEBUG    urllib3.connectionpool Starting new HTTPS connection (1): container.googleapis.com:443
2023-12-12 10:26:32,122 DEBUG    urllib3.connectionpool https://container.googleapis.com:443 "GET /v1/projects/cloud-dev-112233/locations/europe-west3-b/operations/operation-1702373069266-ae01d364-bef7-40c1-a2f6-bae567caab9f?alt=json HTTP/1.1" 200 None
2023-12-12 10:26:37,141 DEBUG    urllib3.connectionpool Starting new HTTPS connection (1): container.googleapis.com:443
2023-12-12 10:26:37,405 DEBUG    urllib3.connectionpool https://container.googleapis.com:443 "GET /v1/projects/cloud-dev-112233/locations/europe-west3-b/operations/operation-1702373069266-ae01d364-bef7-40c1-a2f6-bae567caab9f?alt=json HTTP/1.1" 200 None
2023-12-12 10:26:42,428 DEBUG    urllib3.connectionpool Starting new HTTPS connection (1): container.googleapis.com:443
2023-12-12 10:26:42,812 DEBUG    urllib3.connectionpool https://container.googleapis.com:443 "GET /v1/projects/cloud-dev-112233/locations/europe-west3-b/operations/operation-1702373069266-ae01d364-bef7-40c1-a2f6-bae567caab9f?alt=json HTTP/1.1" 200 None
2023-12-12 10:26:47,828 DEBUG    urllib3.connectionpool Starting new HTTPS connection (1): container.googleapis.com:443
2023-12-12 10:26:48,201 DEBUG    urllib3.connectionpool https://container.googleapis.com:443 "GET /v1/projects/cloud-dev-112233/locations/europe-west3-b/operations/operation-1702373069266-ae01d364-bef7-40c1-a2f6-bae567caab9f?alt=json HTTP/1.1" 200 None
2023-12-12 10:26:53,218 DEBUG    urllib3.connectionpool Starting new HTTPS connection (1): container.googleapis.com:443
2023-12-12 10:26:53,523 DEBUG    urllib3.connectionpool https://container.googleapis.com:443 "GET /v1/projects/cloud-dev-112233/locations/europe-west3-b/operations/operation-1702373069266-ae01d364-bef7-40c1-a2f6-bae567caab9f?alt=json HTTP/1.1" 200 None
2023-12-12 10:26:58,541 DEBUG    urllib3.connectionpool Starting new HTTPS connection (1): container.googleapis.com:443
2023-12-12 10:26:58,757 DEBUG    urllib3.connectionpool https://container.googleapis.com:443 "GET /v1/projects/cloud-dev-112233/locations/europe-west3-b/operations/operation-1702373069266-ae01d364-bef7-40c1-a2f6-bae567caab9f?alt=json HTTP/1.1" 200 None
2023-12-12 10:27:03,783 DEBUG    urllib3.connectionpool Starting new HTTPS connection (1): container.googleapis.com:443
2023-12-12 10:27:04,020 DEBUG    urllib3.connectionpool https://container.googleapis.com:443 "GET /v1/projects/cloud-dev-112233/locations/europe-west3-b/operations/operation-1702373069266-ae01d364-bef7-40c1-a2f6-bae567caab9f?alt=json HTTP/1.1" 200 None
2023-12-12 10:27:09,037 DEBUG    urllib3.connectionpool Starting new HTTPS connection (1): container.googleapis.com:443
2023-12-12 10:27:09,294 DEBUG    urllib3.connectionpool https://container.googleapis.com:443 "GET /v1/projects/cloud-dev-112233/locations/europe-west3-b/operations/operation-1702373069266-ae01d364-bef7-40c1-a2f6-bae567caab9f?alt=json HTTP/1.1" 200 None
2023-12-12 10:27:14,305 DEBUG    urllib3.connectionpool Starting new HTTPS connection (1): container.googleapis.com:443
2023-12-12 10:27:14,512 DEBUG    urllib3.connectionpool https://container.googleapis.com:443 "GET /v1/projects/cloud-dev-112233/locations/europe-west3-b/operations/operation-1702373069266-ae01d364-bef7-40c1-a2f6-bae567caab9f?alt=json HTTP/1.1" 200 None
2023-12-12 10:27:19,529 DEBUG    urllib3.connectionpool Starting new HTTPS connection (1): container.googleapis.com:443
2023-12-12 10:27:19,799 DEBUG    urllib3.connectionpool https://container.googleapis.com:443 "GET /v1/projects/cloud-dev-112233/locations/europe-west3-b/operations/operation-1702373069266-ae01d364-bef7-40c1-a2f6-bae567caab9f?alt=json HTTP/1.1" 200 None
2023-12-12 10:27:24,815 DEBUG    urllib3.connectionpool Starting new HTTPS connection (1): container.googleapis.com:443
2023-12-12 10:27:25,047 DEBUG    urllib3.connectionpool https://container.googleapis.com:443 "GET /v1/projects/cloud-dev-112233/locations/europe-west3-b/operations/operation-1702373069266-ae01d364-bef7-40c1-a2f6-bae567caab9f?alt=json HTTP/1.1" 200 None
2023-12-12 10:27:30,068 DEBUG    urllib3.connectionpool Starting new HTTPS connection (1): container.googleapis.com:443
2023-12-12 10:27:30,280 DEBUG    urllib3.connectionpool https://container.googleapis.com:443 "GET /v1/projects/cloud-dev-112233/locations/europe-west3-b/operations/operation-1702373069266-ae01d364-bef7-40c1-a2f6-bae567caab9f?alt=json HTTP/1.1" 200 None
2023-12-12 10:27:35,293 DEBUG    urllib3.connectionpool Starting new HTTPS connection (1): container.googleapis.com:443
2023-12-12 10:27:35,540 DEBUG    urllib3.connectionpool https://container.googleapis.com:443 "GET /v1/projects/cloud-dev-112233/locations/europe-west3-b/operations/operation-1702373069266-ae01d364-bef7-40c1-a2f6-bae567caab9f?alt=json HTTP/1.1" 200 None
2023-12-12 10:27:40,556 DEBUG    urllib3.connectionpool Starting new HTTPS connection (1): container.googleapis.com:443
2023-12-12 10:27:40,780 DEBUG    urllib3.connectionpool https://container.googleapis.com:443 "GET /v1/projects/cloud-dev-112233/locations/europe-west3-b/operations/operation-1702373069266-ae01d364-bef7-40c1-a2f6-bae567caab9f?alt=json HTTP/1.1" 200 None
2023-12-12 10:27:45,800 DEBUG    urllib3.connectionpool Starting new HTTPS connection (1): container.googleapis.com:443
2023-12-12 10:27:46,018 DEBUG    urllib3.connectionpool https://container.googleapis.com:443 "GET /v1/projects/cloud-dev-112233/locations/europe-west3-b/operations/operation-1702373069266-ae01d364-bef7-40c1-a2f6-bae567caab9f?alt=json HTTP/1.1" 200 None
2023-12-12 10:27:51,037 DEBUG    urllib3.connectionpool Starting new HTTPS connection (1): container.googleapis.com:443
2023-12-12 10:27:51,306 DEBUG    urllib3.connectionpool https://container.googleapis.com:443 "GET /v1/projects/cloud-dev-112233/locations/europe-west3-b/operations/operation-1702373069266-ae01d364-bef7-40c1-a2f6-bae567caab9f?alt=json HTTP/1.1" 200 None
2023-12-12 10:27:56,318 DEBUG    urllib3.connectionpool Starting new HTTPS connection (1): container.googleapis.com:443
2023-12-12 10:27:56,550 DEBUG    urllib3.connectionpool https://container.googleapis.com:443 "GET /v1/projects/cloud-dev-112233/locations/europe-west3-b/operations/operation-1702373069266-ae01d364-bef7-40c1-a2f6-bae567caab9f?alt=json HTTP/1.1" 200 None
2023-12-12 10:28:01,570 DEBUG    urllib3.connectionpool Starting new HTTPS connection (1): container.googleapis.com:443
2023-12-12 10:28:01,980 DEBUG    urllib3.connectionpool https://container.googleapis.com:443 "GET /v1/projects/cloud-dev-112233/locations/europe-west3-b/operations/operation-1702373069266-ae01d364-bef7-40c1-a2f6-bae567caab9f?alt=json HTTP/1.1" 200 None
2023-12-12 10:28:06,996 DEBUG    urllib3.connectionpool Starting new HTTPS connection (1): container.googleapis.com:443
2023-12-12 10:28:07,456 DEBUG    urllib3.connectionpool https://container.googleapis.com:443 "GET /v1/projects/cloud-dev-112233/locations/europe-west3-b/operations/operation-1702373069266-ae01d364-bef7-40c1-a2f6-bae567caab9f?alt=json HTTP/1.1" 200 None
2023-12-12 10:28:12,476 DEBUG    urllib3.connectionpool Starting new HTTPS connection (1): container.googleapis.com:443
2023-12-12 10:28:12,674 DEBUG    urllib3.connectionpool https://container.googleapis.com:443 "GET /v1/projects/cloud-dev-112233/locations/europe-west3-b/operations/operation-1702373069266-ae01d364-bef7-40c1-a2f6-bae567caab9f?alt=json HTTP/1.1" 200 None
2023-12-12 10:28:17,688 DEBUG    urllib3.connectionpool Starting new HTTPS connection (1): container.googleapis.com:443
2023-12-12 10:28:17,917 DEBUG    urllib3.connectionpool https://container.googleapis.com:443 "GET /v1/projects/cloud-dev-112233/locations/europe-west3-b/operations/operation-1702373069266-ae01d364-bef7-40c1-a2f6-bae567caab9f?alt=json HTTP/1.1" 200 None
2023-12-12 10:28:22,934 DEBUG    urllib3.connectionpool Starting new HTTPS connection (1): container.googleapis.com:443
2023-12-12 10:28:23,250 DEBUG    urllib3.connectionpool https://container.googleapis.com:443 "GET /v1/projects/cloud-dev-112233/locations/europe-west3-b/operations/operation-1702373069266-ae01d364-bef7-40c1-a2f6-bae567caab9f?alt=json HTTP/1.1" 200 None
2023-12-12 10:28:28,266 DEBUG    urllib3.connectionpool Starting new HTTPS connection (1): container.googleapis.com:443
2023-12-12 10:28:28,483 DEBUG    urllib3.connectionpool https://container.googleapis.com:443 "GET /v1/projects/cloud-dev-112233/locations/europe-west3-b/operations/operation-1702373069266-ae01d364-bef7-40c1-a2f6-bae567caab9f?alt=json HTTP/1.1" 200 None
2023-12-12 10:28:33,499 DEBUG    urllib3.connectionpool Starting new HTTPS connection (1): container.googleapis.com:443
2023-12-12 10:28:33,722 DEBUG    urllib3.connectionpool https://container.googleapis.com:443 "GET /v1/projects/cloud-dev-112233/locations/europe-west3-b/operations/operation-1702373069266-ae01d364-bef7-40c1-a2f6-bae567caab9f?alt=json HTTP/1.1" 200 None
2023-12-12 10:28:38,740 DEBUG    urllib3.connectionpool Starting new HTTPS connection (1): container.googleapis.com:443
2023-12-12 10:28:38,998 DEBUG    urllib3.connectionpool https://container.googleapis.com:443 "GET /v1/projects/cloud-dev-112233/locations/europe-west3-b/operations/operation-1702373069266-ae01d364-bef7-40c1-a2f6-bae567caab9f?alt=json HTTP/1.1" 200 None
2023-12-12 10:28:44,011 DEBUG    urllib3.connectionpool Starting new HTTPS connection (1): container.googleapis.com:443
2023-12-12 10:28:44,253 DEBUG    urllib3.connectionpool https://container.googleapis.com:443 "GET /v1/projects/cloud-dev-112233/locations/europe-west3-b/operations/operation-1702373069266-ae01d364-bef7-40c1-a2f6-bae567caab9f?alt=json HTTP/1.1" 200 None
2023-12-12 10:28:49,266 DEBUG    urllib3.connectionpool Starting new HTTPS connection (1): container.googleapis.com:443
2023-12-12 10:28:49,490 DEBUG    urllib3.connectionpool https://container.googleapis.com:443 "GET /v1/projects/cloud-dev-112233/locations/europe-west3-b/operations/operation-1702373069266-ae01d364-bef7-40c1-a2f6-bae567caab9f?alt=json HTTP/1.1" 200 None
2023-12-12 10:28:54,506 DEBUG    urllib3.connectionpool Starting new HTTPS connection (1): container.googleapis.com:443
2023-12-12 10:28:54,722 DEBUG    urllib3.connectionpool https://container.googleapis.com:443 "GET /v1/projects/cloud-dev-112233/locations/europe-west3-b/operations/operation-1702373069266-ae01d364-bef7-40c1-a2f6-bae567caab9f?alt=json HTTP/1.1" 200 None
2023-12-12 10:28:59,737 DEBUG    urllib3.connectionpool Starting new HTTPS connection (1): container.googleapis.com:443
2023-12-12 10:28:59,998 DEBUG    urllib3.connectionpool https://container.googleapis.com:443 "GET /v1/projects/cloud-dev-112233/locations/europe-west3-b/operations/operation-1702373069266-ae01d364-bef7-40c1-a2f6-bae567caab9f?alt=json HTTP/1.1" 200 None
2023-12-12 10:29:05,022 DEBUG    urllib3.connectionpool Starting new HTTPS connection (1): container.googleapis.com:443
2023-12-12 10:29:05,247 DEBUG    urllib3.connectionpool https://container.googleapis.com:443 "GET /v1/projects/cloud-dev-112233/locations/europe-west3-b/operations/operation-1702373069266-ae01d364-bef7-40c1-a2f6-bae567caab9f?alt=json HTTP/1.1" 200 None
2023-12-12 10:29:10,262 DEBUG    urllib3.connectionpool Starting new HTTPS connection (1): container.googleapis.com:443
2023-12-12 10:29:10,657 DEBUG    urllib3.connectionpool https://container.googleapis.com:443 "GET /v1/projects/cloud-dev-112233/locations/europe-west3-b/operations/operation-1702373069266-ae01d364-bef7-40c1-a2f6-bae567caab9f?alt=json HTTP/1.1" 200 None
2023-12-12 10:29:15,669 DEBUG    urllib3.connectionpool Starting new HTTPS connection (1): container.googleapis.com:443
2023-12-12 10:29:16,065 DEBUG    urllib3.connectionpool https://container.googleapis.com:443 "GET /v1/projects/cloud-dev-112233/locations/europe-west3-b/operations/operation-1702373069266-ae01d364-bef7-40c1-a2f6-bae567caab9f?alt=json HTTP/1.1" 200 None
2023-12-12 10:29:21,075 DEBUG    urllib3.connectionpool Starting new HTTPS connection (1): container.googleapis.com:443
2023-12-12 10:29:21,455 DEBUG    urllib3.connectionpool https://container.googleapis.com:443 "GET /v1/projects/cloud-dev-112233/locations/europe-west3-b/operations/operation-1702373069266-ae01d364-bef7-40c1-a2f6-bae567caab9f?alt=json HTTP/1.1" 200 None
2023-12-12 10:29:26,466 DEBUG    urllib3.connectionpool Starting new HTTPS connection (1): container.googleapis.com:443
2023-12-12 10:29:26,671 DEBUG    urllib3.connectionpool https://container.googleapis.com:443 "GET /v1/projects/cloud-dev-112233/locations/europe-west3-b/operations/operation-1702373069266-ae01d364-bef7-40c1-a2f6-bae567caab9f?alt=json HTTP/1.1" 200 None
2023-12-12 10:29:31,679 DEBUG    urllib3.connectionpool Starting new HTTPS connection (1): container.googleapis.com:443
2023-12-12 10:29:31,900 DEBUG    urllib3.connectionpool https://container.googleapis.com:443 "GET /v1/projects/cloud-dev-112233/locations/europe-west3-b/operations/operation-1702373069266-ae01d364-bef7-40c1-a2f6-bae567caab9f?alt=json HTTP/1.1" 200 None
2023-12-12 10:29:36,912 DEBUG    urllib3.connectionpool Starting new HTTPS connection (1): container.googleapis.com:443
2023-12-12 10:29:37,591 DEBUG    urllib3.connectionpool https://container.googleapis.com:443 "GET /v1/projects/cloud-dev-112233/locations/europe-west3-b/operations/operation-1702373069266-ae01d364-bef7-40c1-a2f6-bae567caab9f?alt=json HTTP/1.1" 200 None
2023-12-12 10:29:42,603 DEBUG    urllib3.connectionpool Starting new HTTPS connection (1): container.googleapis.com:443
2023-12-12 10:29:42,876 DEBUG    urllib3.connectionpool https://container.googleapis.com:443 "GET /v1/projects/cloud-dev-112233/locations/europe-west3-b/operations/operation-1702373069266-ae01d364-bef7-40c1-a2f6-bae567caab9f?alt=json HTTP/1.1" 200 None
2023-12-12 10:29:47,893 DEBUG    urllib3.connectionpool Starting new HTTPS connection (1): container.googleapis.com:443
2023-12-12 10:29:48,154 DEBUG    urllib3.connectionpool https://container.googleapis.com:443 "GET /v1/projects/cloud-dev-112233/locations/europe-west3-b/operations/operation-1702373069266-ae01d364-bef7-40c1-a2f6-bae567caab9f?alt=json HTTP/1.1" 200 None
2023-12-12 10:29:53,173 DEBUG    urllib3.connectionpool Starting new HTTPS connection (1): container.googleapis.com:443
2023-12-12 10:29:53,385 DEBUG    urllib3.connectionpool https://container.googleapis.com:443 "GET /v1/projects/cloud-dev-112233/locations/europe-west3-b/operations/operation-1702373069266-ae01d364-bef7-40c1-a2f6-bae567caab9f?alt=json HTTP/1.1" 200 None
2023-12-12 10:29:58,403 DEBUG    urllib3.connectionpool Starting new HTTPS connection (1): container.googleapis.com:443
2023-12-12 10:29:58,622 DEBUG    urllib3.connectionpool https://container.googleapis.com:443 "GET /v1/projects/cloud-dev-112233/locations/europe-west3-b/operations/operation-1702373069266-ae01d364-bef7-40c1-a2f6-bae567caab9f?alt=json HTTP/1.1" 200 None
2023-12-12 10:30:03,633 DEBUG    urllib3.connectionpool Starting new HTTPS connection (1): container.googleapis.com:443
2023-12-12 10:30:03,865 DEBUG    urllib3.connectionpool https://container.googleapis.com:443 "GET /v1/projects/cloud-dev-112233/locations/europe-west3-b/operations/operation-1702373069266-ae01d364-bef7-40c1-a2f6-bae567caab9f?alt=json HTTP/1.1" 200 None
2023-12-12 10:30:08,887 DEBUG    urllib3.connectionpool Starting new HTTPS connection (1): container.googleapis.com:443
2023-12-12 10:30:09,111 DEBUG    urllib3.connectionpool https://container.googleapis.com:443 "GET /v1/projects/cloud-dev-112233/locations/europe-west3-b/operations/operation-1702373069266-ae01d364-bef7-40c1-a2f6-bae567caab9f?alt=json HTTP/1.1" 200 None
2023-12-12 10:30:14,130 DEBUG    urllib3.connectionpool Starting new HTTPS connection (1): container.googleapis.com:443
2023-12-12 10:30:14,414 DEBUG    urllib3.connectionpool https://container.googleapis.com:443 "GET /v1/projects/cloud-dev-112233/locations/europe-west3-b/operations/operation-1702373069266-ae01d364-bef7-40c1-a2f6-bae567caab9f?alt=json HTTP/1.1" 200 None
2023-12-12 10:30:19,431 DEBUG    urllib3.connectionpool Starting new HTTPS connection (1): container.googleapis.com:443
2023-12-12 10:30:19,695 DEBUG    urllib3.connectionpool https://container.googleapis.com:443 "GET /v1/projects/cloud-dev-112233/locations/europe-west3-b/operations/operation-1702373069266-ae01d364-bef7-40c1-a2f6-bae567caab9f?alt=json HTTP/1.1" 200 None
2023-12-12 10:30:19,705 INFO     root            Operation <Operation
 clusterConditions: []
 endTime: '2023-12-12T09:30:18.438074535Z'
 name: 'operation-1702373069266-ae01d364-bef7-40c1-a2f6-bae567caab9f'
 nodepoolConditions: []
 operationType: OperationTypeValueValuesEnum(CREATE_CLUSTER, 1)
 progress: <OperationProgress
 metrics: [<Metric
 intValue: 10
 name: 'CLUSTER_CONFIGURING'>, <Metric
 intValue: 10
 name: 'CLUSTER_CONFIGURING_TOTAL'>, <Metric
 intValue: 12
 name: 'CLUSTER_DEPLOYING'>, <Metric
 intValue: 12
 name: 'CLUSTER_DEPLOYING_TOTAL'>, <Metric
 intValue: 1
 name: 'CLUSTER_HEALTHCHECKING'>, <Metric
 intValue: 2
 name: 'CLUSTER_HEALTHCHECKING_TOTAL'>]
 stages: []>
 selfLink: 'https://container.googleapis.com/v1/projects/166042509722/zones/europe-west3-b/operations/operation-1702373069266-ae01d364-bef7-40c1-a2f6-bae567caab9f'
 startTime: '2023-12-12T09:24:29.266622341Z'
 status: StatusValueValuesEnum(DONE, 3)
 targetLink: 'https://container.googleapis.com/v1/projects/166042509722/zones/europe-west3-b/clusters/inel-73'
 zone: 'europe-west3-b'> succeeded after 350.222 seconds
2023-12-12 10:30:19,912 DEBUG    urllib3.connectionpool Starting new HTTPS connection (1): container.googleapis.com:443
2023-12-12 10:30:20,264 DEBUG    urllib3.connectionpool https://container.googleapis.com:443 "GET /v1/projects/cloud-dev-112233/locations/europe-west3-b/clusters/inel-73?alt=json HTTP/1.1" 200 None
2023-12-12 10:30:20,276 INFO     ___FILE_ONLY___ Created [https://container.googleapis.com/v1/projects/cloud-dev-112233/zones/europe-west3-b/clusters/inel-73].

2023-12-12 10:30:20,276 INFO     ___FILE_ONLY___ To inspect the contents of your cluster, go to: https://console.cloud.google.com/kubernetes/workload_/gcloud/europe-west3-b/inel-73?project=cloud-dev-112233

2023-12-12 10:30:21,356 DEBUG    root            Saved kubeconfig to /Users/inelpandzic/.kube/config
2023-12-12 10:30:21,356 INFO     ___FILE_ONLY___ kubeconfig entry generated for inel-73.

2023-12-12 10:30:21,357 DEBUG    root            Chosen display Format:
    table(
        name,
        zone:label=LOCATION,
        master_version():label=MASTER_VERSION,
        endpoint:label=MASTER_IP,
        nodePools[0].config.machineType,
        currentNodeVersion:label=NODE_VERSION,
        firstof(currentNodeCount,initialNodeCount):label=NUM_NODES,
        status
    )

2023-12-12 10:30:21,357 INFO     root            Display format: "
    table(
        name,
        zone:label=LOCATION,
        master_version():label=MASTER_VERSION,
        endpoint:label=MASTER_IP,
        nodePools[0].config.machineType,
        currentNodeVersion:label=NODE_VERSION,
        firstof(currentNodeCount,initialNodeCount):label=NUM_NODES,
        status
    )
"
2023-12-12 10:30:21,359 INFO     ___FILE_ONLY___ NAME
2023-12-12 10:30:21,359 INFO     ___FILE_ONLY___      
2023-12-12 10:30:21,359 INFO     ___FILE_ONLY___ LOCATION
2023-12-12 10:30:21,359 INFO     ___FILE_ONLY___         
2023-12-12 10:30:21,359 INFO     ___FILE_ONLY___ MASTER_VERSION
2023-12-12 10:30:21,359 INFO     ___FILE_ONLY___        
2023-12-12 10:30:21,360 INFO     ___FILE_ONLY___ MASTER_IP
2023-12-12 10:30:21,360 INFO     ___FILE_ONLY___       
2023-12-12 10:30:21,360 INFO     ___FILE_ONLY___ MACHINE_TYPE
2023-12-12 10:30:21,360 INFO     ___FILE_ONLY___    
2023-12-12 10:30:21,360 INFO     ___FILE_ONLY___ NODE_VERSION
2023-12-12 10:30:21,360 INFO     ___FILE_ONLY___          
2023-12-12 10:30:21,360 INFO     ___FILE_ONLY___ NUM_NODES
2023-12-12 10:30:21,360 INFO     ___FILE_ONLY___   
2023-12-12 10:30:21,360 INFO     ___FILE_ONLY___ STATUS
2023-12-12 10:30:21,360 INFO     ___FILE_ONLY___ 

2023-12-12 10:30:21,360 INFO     ___FILE_ONLY___ inel-73
2023-12-12 10:30:21,360 INFO     ___FILE_ONLY___   
2023-12-12 10:30:21,360 INFO     ___FILE_ONLY___ europe-west3-b
2023-12-12 10:30:21,360 INFO     ___FILE_ONLY___   
2023-12-12 10:30:21,360 INFO     ___FILE_ONLY___ 1.25.16-gke.1020000
2023-12-12 10:30:21,360 INFO     ___FILE_ONLY___   
2023-12-12 10:30:21,360 INFO     ___FILE_ONLY___ 34.89.170.222
2023-12-12 10:30:21,360 INFO     ___FILE_ONLY___   
2023-12-12 10:30:21,360 INFO     ___FILE_ONLY___ n1-standard-4
2023-12-12 10:30:21,360 INFO     ___FILE_ONLY___   
2023-12-12 10:30:21,360 INFO     ___FILE_ONLY___ 1.25.16-gke.1020000
2023-12-12 10:30:21,360 INFO     ___FILE_ONLY___   
2023-12-12 10:30:21,360 INFO     ___FILE_ONLY___ 3
2023-12-12 10:30:21,360 INFO     ___FILE_ONLY___           
2023-12-12 10:30:21,360 INFO     ___FILE_ONLY___ RUNNING
2023-12-12 10:30:21,360 INFO     ___FILE_ONLY___ 

2023-12-12 10:30:21,361 INFO     ___FILE_ONLY___ 

Updates are available for some Google Cloud CLI components.  To install them,
please run:
  $ gcloud components update


2023-12-12 10:30:21,367 DEBUG    root            Metrics reporting process started...
