2022-11-03 09:38:17,618 DEBUG    root            Loaded Command Group: ['gcloud', 'container', 'clusters']
2022-11-03 09:38:17,625 DEBUG    root            Loaded Command Group: ['gcloud', 'container', 'clusters', 'create']
2022-11-03 09:38:17,646 DEBUG    root            Running [gcloud.container.clusters.create] with arguments: [--cluster-version: "1.21", --machine-type: "n1-standard-4", --num-nodes: "3", --preemptible: "True", --zone: "europe-west3-b", NAME: "inel-27684"]
2022-11-03 09:38:17,651 INFO     ___FILE_ONLY___ Default change: VPC-native is the default mode during cluster creation for versions greater than 1.21.0-gke.1500. To create advanced routes based clusters, please pass the `--no-enable-ip-alias` flag

2022-11-03 09:38:17,651 INFO     ___FILE_ONLY___ Note: Your Pod address range (`--cluster-ipv4-cidr`) can accommodate at most 1008 node(s).

2022-11-03 09:38:17,659 DEBUG    urllib3.connectionpool Starting new HTTPS connection (1): container.googleapis.com:443
2022-11-03 09:38:21,215 DEBUG    urllib3.connectionpool https://container.googleapis.com:443 "POST /v1/projects/cloud-dev-112233/locations/europe-west3-b/clusters?alt=json HTTP/1.1" 200 None
2022-11-03 09:38:21,221 INFO     ___FILE_ONLY___ Creating cluster inel-27684 in europe-west3-b...
2022-11-03 09:38:21,230 DEBUG    urllib3.connectionpool Starting new HTTPS connection (1): container.googleapis.com:443
2022-11-03 09:38:21,461 DEBUG    urllib3.connectionpool https://container.googleapis.com:443 "GET /v1/projects/cloud-dev-112233/locations/europe-west3-b/operations/operation-1667464701194-c2f22fcb?alt=json HTTP/1.1" 200 None
2022-11-03 09:38:26,475 DEBUG    urllib3.connectionpool Starting new HTTPS connection (1): container.googleapis.com:443
2022-11-03 09:38:26,701 DEBUG    urllib3.connectionpool https://container.googleapis.com:443 "GET /v1/projects/cloud-dev-112233/locations/europe-west3-b/operations/operation-1667464701194-c2f22fcb?alt=json HTTP/1.1" 200 None
2022-11-03 09:38:31,715 DEBUG    urllib3.connectionpool Starting new HTTPS connection (1): container.googleapis.com:443
2022-11-03 09:38:31,918 DEBUG    urllib3.connectionpool https://container.googleapis.com:443 "GET /v1/projects/cloud-dev-112233/locations/europe-west3-b/operations/operation-1667464701194-c2f22fcb?alt=json HTTP/1.1" 200 None
2022-11-03 09:38:36,929 DEBUG    urllib3.connectionpool Starting new HTTPS connection (1): container.googleapis.com:443
2022-11-03 09:38:37,170 DEBUG    urllib3.connectionpool https://container.googleapis.com:443 "GET /v1/projects/cloud-dev-112233/locations/europe-west3-b/operations/operation-1667464701194-c2f22fcb?alt=json HTTP/1.1" 200 None
2022-11-03 09:38:42,177 DEBUG    urllib3.connectionpool Starting new HTTPS connection (1): container.googleapis.com:443
2022-11-03 09:38:42,378 DEBUG    urllib3.connectionpool https://container.googleapis.com:443 "GET /v1/projects/cloud-dev-112233/locations/europe-west3-b/operations/operation-1667464701194-c2f22fcb?alt=json HTTP/1.1" 200 None
2022-11-03 09:38:47,391 DEBUG    urllib3.connectionpool Starting new HTTPS connection (1): container.googleapis.com:443
2022-11-03 09:38:47,590 DEBUG    urllib3.connectionpool https://container.googleapis.com:443 "GET /v1/projects/cloud-dev-112233/locations/europe-west3-b/operations/operation-1667464701194-c2f22fcb?alt=json HTTP/1.1" 200 None
2022-11-03 09:38:52,604 DEBUG    urllib3.connectionpool Starting new HTTPS connection (1): container.googleapis.com:443
2022-11-03 09:38:52,825 DEBUG    urllib3.connectionpool https://container.googleapis.com:443 "GET /v1/projects/cloud-dev-112233/locations/europe-west3-b/operations/operation-1667464701194-c2f22fcb?alt=json HTTP/1.1" 200 None
2022-11-03 09:38:57,838 DEBUG    urllib3.connectionpool Starting new HTTPS connection (1): container.googleapis.com:443
2022-11-03 09:38:58,036 DEBUG    urllib3.connectionpool https://container.googleapis.com:443 "GET /v1/projects/cloud-dev-112233/locations/europe-west3-b/operations/operation-1667464701194-c2f22fcb?alt=json HTTP/1.1" 200 None
2022-11-03 09:39:03,063 DEBUG    urllib3.connectionpool Starting new HTTPS connection (1): container.googleapis.com:443
2022-11-03 09:39:03,264 DEBUG    urllib3.connectionpool https://container.googleapis.com:443 "GET /v1/projects/cloud-dev-112233/locations/europe-west3-b/operations/operation-1667464701194-c2f22fcb?alt=json HTTP/1.1" 200 None
2022-11-03 09:39:08,273 DEBUG    urllib3.connectionpool Starting new HTTPS connection (1): container.googleapis.com:443
2022-11-03 09:39:08,473 DEBUG    urllib3.connectionpool https://container.googleapis.com:443 "GET /v1/projects/cloud-dev-112233/locations/europe-west3-b/operations/operation-1667464701194-c2f22fcb?alt=json HTTP/1.1" 200 None
2022-11-03 09:39:13,490 DEBUG    urllib3.connectionpool Starting new HTTPS connection (1): container.googleapis.com:443
2022-11-03 09:39:13,691 DEBUG    urllib3.connectionpool https://container.googleapis.com:443 "GET /v1/projects/cloud-dev-112233/locations/europe-west3-b/operations/operation-1667464701194-c2f22fcb?alt=json HTTP/1.1" 200 None
2022-11-03 09:39:18,702 DEBUG    urllib3.connectionpool Starting new HTTPS connection (1): container.googleapis.com:443
2022-11-03 09:39:18,904 DEBUG    urllib3.connectionpool https://container.googleapis.com:443 "GET /v1/projects/cloud-dev-112233/locations/europe-west3-b/operations/operation-1667464701194-c2f22fcb?alt=json HTTP/1.1" 200 None
2022-11-03 09:39:23,916 DEBUG    urllib3.connectionpool Starting new HTTPS connection (1): container.googleapis.com:443
2022-11-03 09:39:24,172 DEBUG    urllib3.connectionpool https://container.googleapis.com:443 "GET /v1/projects/cloud-dev-112233/locations/europe-west3-b/operations/operation-1667464701194-c2f22fcb?alt=json HTTP/1.1" 200 None
2022-11-03 09:39:29,189 DEBUG    urllib3.connectionpool Starting new HTTPS connection (1): container.googleapis.com:443
2022-11-03 09:39:29,413 DEBUG    urllib3.connectionpool https://container.googleapis.com:443 "GET /v1/projects/cloud-dev-112233/locations/europe-west3-b/operations/operation-1667464701194-c2f22fcb?alt=json HTTP/1.1" 200 None
2022-11-03 09:39:34,442 DEBUG    urllib3.connectionpool Starting new HTTPS connection (1): container.googleapis.com:443
2022-11-03 09:39:34,639 DEBUG    urllib3.connectionpool https://container.googleapis.com:443 "GET /v1/projects/cloud-dev-112233/locations/europe-west3-b/operations/operation-1667464701194-c2f22fcb?alt=json HTTP/1.1" 200 None
2022-11-03 09:39:39,664 DEBUG    urllib3.connectionpool Starting new HTTPS connection (1): container.googleapis.com:443
2022-11-03 09:39:39,865 DEBUG    urllib3.connectionpool https://container.googleapis.com:443 "GET /v1/projects/cloud-dev-112233/locations/europe-west3-b/operations/operation-1667464701194-c2f22fcb?alt=json HTTP/1.1" 200 None
2022-11-03 09:39:44,879 DEBUG    urllib3.connectionpool Starting new HTTPS connection (1): container.googleapis.com:443
2022-11-03 09:39:45,113 DEBUG    urllib3.connectionpool https://container.googleapis.com:443 "GET /v1/projects/cloud-dev-112233/locations/europe-west3-b/operations/operation-1667464701194-c2f22fcb?alt=json HTTP/1.1" 200 None
2022-11-03 09:39:50,133 DEBUG    urllib3.connectionpool Starting new HTTPS connection (1): container.googleapis.com:443
2022-11-03 09:39:50,343 DEBUG    urllib3.connectionpool https://container.googleapis.com:443 "GET /v1/projects/cloud-dev-112233/locations/europe-west3-b/operations/operation-1667464701194-c2f22fcb?alt=json HTTP/1.1" 200 None
2022-11-03 09:39:55,360 DEBUG    urllib3.connectionpool Starting new HTTPS connection (1): container.googleapis.com:443
2022-11-03 09:39:55,570 DEBUG    urllib3.connectionpool https://container.googleapis.com:443 "GET /v1/projects/cloud-dev-112233/locations/europe-west3-b/operations/operation-1667464701194-c2f22fcb?alt=json HTTP/1.1" 200 None
2022-11-03 09:40:00,586 DEBUG    urllib3.connectionpool Starting new HTTPS connection (1): container.googleapis.com:443
2022-11-03 09:40:00,790 DEBUG    urllib3.connectionpool https://container.googleapis.com:443 "GET /v1/projects/cloud-dev-112233/locations/europe-west3-b/operations/operation-1667464701194-c2f22fcb?alt=json HTTP/1.1" 200 None
2022-11-03 09:40:05,803 DEBUG    urllib3.connectionpool Starting new HTTPS connection (1): container.googleapis.com:443
2022-11-03 09:40:06,015 DEBUG    urllib3.connectionpool https://container.googleapis.com:443 "GET /v1/projects/cloud-dev-112233/locations/europe-west3-b/operations/operation-1667464701194-c2f22fcb?alt=json HTTP/1.1" 200 None
2022-11-03 09:40:11,037 DEBUG    urllib3.connectionpool Starting new HTTPS connection (1): container.googleapis.com:443
2022-11-03 09:40:11,245 DEBUG    urllib3.connectionpool https://container.googleapis.com:443 "GET /v1/projects/cloud-dev-112233/locations/europe-west3-b/operations/operation-1667464701194-c2f22fcb?alt=json HTTP/1.1" 200 None
2022-11-03 09:40:16,257 DEBUG    urllib3.connectionpool Starting new HTTPS connection (1): container.googleapis.com:443
2022-11-03 09:40:16,489 DEBUG    urllib3.connectionpool https://container.googleapis.com:443 "GET /v1/projects/cloud-dev-112233/locations/europe-west3-b/operations/operation-1667464701194-c2f22fcb?alt=json HTTP/1.1" 200 None
2022-11-03 09:40:21,502 DEBUG    urllib3.connectionpool Starting new HTTPS connection (1): container.googleapis.com:443
2022-11-03 09:40:21,705 DEBUG    urllib3.connectionpool https://container.googleapis.com:443 "GET /v1/projects/cloud-dev-112233/locations/europe-west3-b/operations/operation-1667464701194-c2f22fcb?alt=json HTTP/1.1" 200 None
2022-11-03 09:40:26,738 DEBUG    urllib3.connectionpool Starting new HTTPS connection (1): container.googleapis.com:443
2022-11-03 09:40:26,954 DEBUG    urllib3.connectionpool https://container.googleapis.com:443 "GET /v1/projects/cloud-dev-112233/locations/europe-west3-b/operations/operation-1667464701194-c2f22fcb?alt=json HTTP/1.1" 200 None
2022-11-03 09:40:31,968 DEBUG    urllib3.connectionpool Starting new HTTPS connection (1): container.googleapis.com:443
2022-11-03 09:40:32,200 DEBUG    urllib3.connectionpool https://container.googleapis.com:443 "GET /v1/projects/cloud-dev-112233/locations/europe-west3-b/operations/operation-1667464701194-c2f22fcb?alt=json HTTP/1.1" 200 None
2022-11-03 09:40:37,211 DEBUG    urllib3.connectionpool Starting new HTTPS connection (1): container.googleapis.com:443
2022-11-03 09:40:37,447 DEBUG    urllib3.connectionpool https://container.googleapis.com:443 "GET /v1/projects/cloud-dev-112233/locations/europe-west3-b/operations/operation-1667464701194-c2f22fcb?alt=json HTTP/1.1" 200 None
2022-11-03 09:40:42,461 DEBUG    urllib3.connectionpool Starting new HTTPS connection (1): container.googleapis.com:443
2022-11-03 09:40:42,693 DEBUG    urllib3.connectionpool https://container.googleapis.com:443 "GET /v1/projects/cloud-dev-112233/locations/europe-west3-b/operations/operation-1667464701194-c2f22fcb?alt=json HTTP/1.1" 200 None
2022-11-03 09:40:47,707 DEBUG    urllib3.connectionpool Starting new HTTPS connection (1): container.googleapis.com:443
2022-11-03 09:40:47,914 DEBUG    urllib3.connectionpool https://container.googleapis.com:443 "GET /v1/projects/cloud-dev-112233/locations/europe-west3-b/operations/operation-1667464701194-c2f22fcb?alt=json HTTP/1.1" 200 None
2022-11-03 09:40:52,928 DEBUG    urllib3.connectionpool Starting new HTTPS connection (1): container.googleapis.com:443
2022-11-03 09:40:53,163 DEBUG    urllib3.connectionpool https://container.googleapis.com:443 "GET /v1/projects/cloud-dev-112233/locations/europe-west3-b/operations/operation-1667464701194-c2f22fcb?alt=json HTTP/1.1" 200 None
2022-11-03 09:40:58,171 DEBUG    urllib3.connectionpool Starting new HTTPS connection (1): container.googleapis.com:443
2022-11-03 09:40:58,304 DEBUG    urllib3.connectionpool https://container.googleapis.com:443 "GET /v1/projects/cloud-dev-112233/locations/europe-west3-b/operations/operation-1667464701194-c2f22fcb?alt=json HTTP/1.1" 200 None
2022-11-03 09:41:03,329 DEBUG    urllib3.connectionpool Starting new HTTPS connection (1): container.googleapis.com:443
2022-11-03 09:41:03,539 DEBUG    urllib3.connectionpool https://container.googleapis.com:443 "GET /v1/projects/cloud-dev-112233/locations/europe-west3-b/operations/operation-1667464701194-c2f22fcb?alt=json HTTP/1.1" 200 None
2022-11-03 09:41:08,577 DEBUG    urllib3.connectionpool Starting new HTTPS connection (1): container.googleapis.com:443
2022-11-03 09:41:08,808 DEBUG    urllib3.connectionpool https://container.googleapis.com:443 "GET /v1/projects/cloud-dev-112233/locations/europe-west3-b/operations/operation-1667464701194-c2f22fcb?alt=json HTTP/1.1" 200 None
2022-11-03 09:41:13,837 DEBUG    urllib3.connectionpool Starting new HTTPS connection (1): container.googleapis.com:443
2022-11-03 09:41:14,055 DEBUG    urllib3.connectionpool https://container.googleapis.com:443 "GET /v1/projects/cloud-dev-112233/locations/europe-west3-b/operations/operation-1667464701194-c2f22fcb?alt=json HTTP/1.1" 200 None
2022-11-03 09:41:19,087 DEBUG    urllib3.connectionpool Starting new HTTPS connection (1): container.googleapis.com:443
2022-11-03 09:41:19,335 DEBUG    urllib3.connectionpool https://container.googleapis.com:443 "GET /v1/projects/cloud-dev-112233/locations/europe-west3-b/operations/operation-1667464701194-c2f22fcb?alt=json HTTP/1.1" 200 None
2022-11-03 09:41:24,360 DEBUG    urllib3.connectionpool Starting new HTTPS connection (1): container.googleapis.com:443
2022-11-03 09:41:24,587 DEBUG    urllib3.connectionpool https://container.googleapis.com:443 "GET /v1/projects/cloud-dev-112233/locations/europe-west3-b/operations/operation-1667464701194-c2f22fcb?alt=json HTTP/1.1" 200 None
2022-11-03 09:41:29,632 DEBUG    urllib3.connectionpool Starting new HTTPS connection (1): container.googleapis.com:443
2022-11-03 09:41:29,877 DEBUG    urllib3.connectionpool https://container.googleapis.com:443 "GET /v1/projects/cloud-dev-112233/locations/europe-west3-b/operations/operation-1667464701194-c2f22fcb?alt=json HTTP/1.1" 200 None
2022-11-03 09:41:34,894 DEBUG    urllib3.connectionpool Starting new HTTPS connection (1): container.googleapis.com:443
2022-11-03 09:41:35,112 DEBUG    urllib3.connectionpool https://container.googleapis.com:443 "GET /v1/projects/cloud-dev-112233/locations/europe-west3-b/operations/operation-1667464701194-c2f22fcb?alt=json HTTP/1.1" 200 None
2022-11-03 09:41:40,133 DEBUG    urllib3.connectionpool Starting new HTTPS connection (1): container.googleapis.com:443
2022-11-03 09:41:40,343 DEBUG    urllib3.connectionpool https://container.googleapis.com:443 "GET /v1/projects/cloud-dev-112233/locations/europe-west3-b/operations/operation-1667464701194-c2f22fcb?alt=json HTTP/1.1" 200 None
2022-11-03 09:41:45,359 DEBUG    urllib3.connectionpool Starting new HTTPS connection (1): container.googleapis.com:443
2022-11-03 09:41:45,585 DEBUG    urllib3.connectionpool https://container.googleapis.com:443 "GET /v1/projects/cloud-dev-112233/locations/europe-west3-b/operations/operation-1667464701194-c2f22fcb?alt=json HTTP/1.1" 200 None
2022-11-03 09:41:50,597 DEBUG    urllib3.connectionpool Starting new HTTPS connection (1): container.googleapis.com:443
2022-11-03 09:41:50,824 DEBUG    urllib3.connectionpool https://container.googleapis.com:443 "GET /v1/projects/cloud-dev-112233/locations/europe-west3-b/operations/operation-1667464701194-c2f22fcb?alt=json HTTP/1.1" 200 None
2022-11-03 09:41:50,831 INFO     root            Operation <Operation
 clusterConditions: []
 endTime: '2022-11-03T08:41:47.782728841Z'
 name: 'operation-1667464701194-c2f22fcb'
 nodepoolConditions: []
 operationType: OperationTypeValueValuesEnum(CREATE_CLUSTER, 1)
 progress: <OperationProgress
 metrics: [<Metric
 intValue: 4
 name: 'CLUSTER_CONFIGURING'>, <Metric
 intValue: 4
 name: 'CLUSTER_CONFIGURING_TOTAL'>, <Metric
 intValue: 7
 name: 'CLUSTER_DEPLOYING'>, <Metric
 intValue: 7
 name: 'CLUSTER_DEPLOYING_TOTAL'>, <Metric
 intValue: 1
 name: 'CLUSTER_HEALTHCHECKING'>, <Metric
 intValue: 2
 name: 'CLUSTER_HEALTHCHECKING_TOTAL'>]
 stages: []>
 selfLink: 'https://container.googleapis.com/v1/projects/166042509722/zones/europe-west3-b/operations/operation-1667464701194-c2f22fcb'
 startTime: '2022-11-03T08:38:21.194684661Z'
 status: StatusValueValuesEnum(DONE, 3)
 targetLink: 'https://container.googleapis.com/v1/projects/166042509722/zones/europe-west3-b/clusters/inel-27684'
 zone: 'europe-west3-b'> succeeded after 209.610 seconds
2022-11-03 09:41:51,036 DEBUG    urllib3.connectionpool Starting new HTTPS connection (1): container.googleapis.com:443
2022-11-03 09:41:51,253 DEBUG    urllib3.connectionpool https://container.googleapis.com:443 "GET /v1/projects/cloud-dev-112233/locations/europe-west3-b/clusters/inel-27684?alt=json HTTP/1.1" 200 None
2022-11-03 09:41:51,277 INFO     ___FILE_ONLY___ Created [https://container.googleapis.com/v1/projects/cloud-dev-112233/zones/europe-west3-b/clusters/inel-27684].

2022-11-03 09:41:51,277 INFO     ___FILE_ONLY___ To inspect the contents of your cluster, go to: https://console.cloud.google.com/kubernetes/workload_/gcloud/europe-west3-b/inel-27684?project=cloud-dev-112233

2022-11-03 09:41:51,378 DEBUG    root            Saved kubeconfig to /Users/inelpandzic/.kube/config
2022-11-03 09:41:51,378 INFO     ___FILE_ONLY___ kubeconfig entry generated for inel-27684.

2022-11-03 09:41:51,381 INFO     root            Display format: "
    table(
        name,
        zone:label=LOCATION,
        master_version():label=MASTER_VERSION,
        endpoint:label=MASTER_IP,
        nodePools[0].config.machineType,
        currentNodeVersion:label=NODE_VERSION,
        firstof(currentNodeCount,initialNodeCount):label=NUM_NODES,
        status
    )
"
2022-11-03 09:41:51,385 INFO     ___FILE_ONLY___ NAME
2022-11-03 09:41:51,385 INFO     ___FILE_ONLY___         
2022-11-03 09:41:51,385 INFO     ___FILE_ONLY___ LOCATION
2022-11-03 09:41:51,385 INFO     ___FILE_ONLY___         
2022-11-03 09:41:51,385 INFO     ___FILE_ONLY___ MASTER_VERSION
2022-11-03 09:41:51,385 INFO     ___FILE_ONLY___     
2022-11-03 09:41:51,385 INFO     ___FILE_ONLY___ MASTER_IP
2022-11-03 09:41:51,385 INFO     ___FILE_ONLY___       
2022-11-03 09:41:51,385 INFO     ___FILE_ONLY___ MACHINE_TYPE
2022-11-03 09:41:51,385 INFO     ___FILE_ONLY___    
2022-11-03 09:41:51,385 INFO     ___FILE_ONLY___ NODE_VERSION
2022-11-03 09:41:51,385 INFO     ___FILE_ONLY___       
2022-11-03 09:41:51,385 INFO     ___FILE_ONLY___ NUM_NODES
2022-11-03 09:41:51,385 INFO     ___FILE_ONLY___   
2022-11-03 09:41:51,385 INFO     ___FILE_ONLY___ STATUS
2022-11-03 09:41:51,385 INFO     ___FILE_ONLY___ 

2022-11-03 09:41:51,385 INFO     ___FILE_ONLY___ inel-27684
2022-11-03 09:41:51,385 INFO     ___FILE_ONLY___   
2022-11-03 09:41:51,385 INFO     ___FILE_ONLY___ europe-west3-b
2022-11-03 09:41:51,385 INFO     ___FILE_ONLY___   
2022-11-03 09:41:51,385 INFO     ___FILE_ONLY___ 1.21.14-gke.8500
2022-11-03 09:41:51,385 INFO     ___FILE_ONLY___   
2022-11-03 09:41:51,385 INFO     ___FILE_ONLY___ 34.159.75.143
2022-11-03 09:41:51,385 INFO     ___FILE_ONLY___   
2022-11-03 09:41:51,385 INFO     ___FILE_ONLY___ n1-standard-4
2022-11-03 09:41:51,385 INFO     ___FILE_ONLY___   
2022-11-03 09:41:51,385 INFO     ___FILE_ONLY___ 1.21.14-gke.8500
2022-11-03 09:41:51,385 INFO     ___FILE_ONLY___   
2022-11-03 09:41:51,385 INFO     ___FILE_ONLY___ 3
2022-11-03 09:41:51,386 INFO     ___FILE_ONLY___           
2022-11-03 09:41:51,386 INFO     ___FILE_ONLY___ RUNNING
2022-11-03 09:41:51,386 INFO     ___FILE_ONLY___ 

2022-11-03 09:41:51,398 DEBUG    root            Metrics reporting process started...
