2022-11-03 09:46:44,040 DEBUG    root            Loaded Command Group: ['gcloud', 'config']
2022-11-03 09:46:44,042 DEBUG    root            Loaded Command Group: ['gcloud', 'config', 'config_helper']
2022-11-03 09:46:44,042 DEBUG    root            Running [gcloud.config.config-helper] with arguments: [--format: "json"]
2022-11-03 09:46:44,049 INFO     root            Display format: "default json"
2022-11-03 09:46:44,049 INFO     ___FILE_ONLY___ {
  "configuration": {
    "active_configuration": "percona-cloud-dev",
    "properties": {
      "core": {
        "account": "inel.pandzic@percona.com",
        "disable_usage_reporting": "False",
        "project": "cloud-dev-112233"
      }
    }
  },
  "credential": {
    "access_token": "ya29.a0Aa4xrXO1O-XMP-lnNGr3TKPO3HuJcB4gjD1fqzY5Xh9h9mw3QmIxuhJuH8M0U1j35WWQ-tSqxMhUm0tgVEFUZsp9VoHNTf6brglWDkiuExLRTiowRpZrmllkfumfgfMQKZOSmTg7dOVTre9seJVLkkM-5lzteJ5fHqJp3DMaCgYKATASARESFQEjDvL9ay7umW_e9mnIzFdCvhYIxA0174",
    "id_token": "eyJhbGciOiJSUzI1NiIsImtpZCI6Ijc3Y2MwZWY0YzcxODFjZjRjMGRjZWY3YjYwYWUyOGNjOTAyMmM3NmIiLCJ0eXAiOiJKV1QifQ.eyJpc3MiOiJodHRwczovL2FjY291bnRzLmdvb2dsZS5jb20iLCJhenAiOiIzMjU1NTk0MDU1OS5hcHBzLmdvb2dsZXVzZXJjb250ZW50LmNvbSIsImF1ZCI6IjMyNTU1OTQwNTU5LmFwcHMuZ29vZ2xldXNlcmNvbnRlbnQuY29tIiwic3ViIjoiMTA3NDA5ODEzMzQ0NTU5NDQzNDA3IiwiaGQiOiJwZXJjb25hLmNvbSIsImVtYWlsIjoiaW5lbC5wYW5kemljQHBlcmNvbmEuY29tIiwiZW1haWxfdmVyaWZpZWQiOnRydWUsImF0X2hhc2giOiJYbEMwREhXcDFneG5GSDhvTHVZR2ZnIiwiaWF0IjoxNjY3NDYyMTE3LCJleHAiOjE2Njc0NjU3MTd9.CpDC74cKH6XrJqaENpETOama-XfzmdakMxrkqtclaPn6J9_MwAH57CRYlbdj1JCKGV6XVuM0ups-wKfFFMB73Xo0-QkHNSbtaXlzADEV5i4JHpfNmcBZwUfUSAaHpAKKRPS85L0EPP0KSTVMktUzOCliarYMs7Gis_5RVIRuzt15X-sfP_iFMCyLT2opLR6VxkbRawoLPwqgq0iVGPj3_nJ8iCXA3TSHyTgRk1RF_vVh-fna2vYc6oI72tI6QP89agKMTpUNGrUaEpfIGZ5G23JFcq0Ii-nVPzsTzTURYM7wcesIw9pSOKZEQ8m_3OrYQv04cPbapyuP5yEG0XgZhg",
    "token_expiry": "2022-11-03T08:55:16Z"
  },
  "sentinels": {
    "config_sentinel": "/Users/inelpandzic/.config/gcloud/config_sentinel"
  }
}
2022-11-03 09:46:44,049 INFO     ___FILE_ONLY___ 

2022-11-03 09:46:44,055 DEBUG    root            Metrics reporting process started...
