2022-11-03 09:55:26,915 DEBUG    root            Loaded Command Group: ['gcloud', 'config']
2022-11-03 09:55:26,918 DEBUG    root            Loaded Command Group: ['gcloud', 'config', 'config_helper']
2022-11-03 09:55:26,919 DEBUG    root            Running [gcloud.config.config-helper] with arguments: [--format: "json"]
2022-11-03 09:55:26,929 DEBUG    google.auth.transport.requests Making request: POST https://oauth2.googleapis.com/token
2022-11-03 09:55:26,957 DEBUG    urllib3.connectionpool Starting new HTTPS connection (1): oauth2.googleapis.com:443
2022-11-03 09:55:27,114 DEBUG    urllib3.connectionpool https://oauth2.googleapis.com:443 "POST /token HTTP/1.1" 200 None
2022-11-03 09:55:27,118 INFO     root            Display format: "default json"
2022-11-03 09:55:27,118 INFO     ___FILE_ONLY___ {
  "configuration": {
    "active_configuration": "percona-cloud-dev",
    "properties": {
      "core": {
        "account": "inel.pandzic@percona.com",
        "disable_usage_reporting": "False",
        "project": "cloud-dev-112233"
      }
    }
  },
  "credential": {
    "access_token": "ya29.a0Aa4xrXOPEhD-gSI-9E6vgRJ2RVjjYCv1RxUU0jmnVF7hMtR0VIh8IVhtLaGYTclzpsGd7v_aFjHlYv58n0CnXm93u7SGVXoXzdEKgGp9mNBllW6n9Q0cQhAtRwyrh1teAEoAM7dWd4K9U5KU7S1ekxgB-ix0ZHGc4YmW91waCgYKASoSARESFQEjDvL9hqKeGwPXuOlLfjHdDOaJlQ0174",
    "id_token": "eyJhbGciOiJSUzI1NiIsImtpZCI6Ijc3Y2MwZWY0YzcxODFjZjRjMGRjZWY3YjYwYWUyOGNjOTAyMmM3NmIiLCJ0eXAiOiJKV1QifQ.eyJpc3MiOiJodHRwczovL2FjY291bnRzLmdvb2dsZS5jb20iLCJhenAiOiIzMjU1NTk0MDU1OS5hcHBzLmdvb2dsZXVzZXJjb250ZW50LmNvbSIsImF1ZCI6IjMyNTU1OTQwNTU5LmFwcHMuZ29vZ2xldXNlcmNvbnRlbnQuY29tIiwic3ViIjoiMTA3NDA5ODEzMzQ0NTU5NDQzNDA3IiwiaGQiOiJwZXJjb25hLmNvbSIsImVtYWlsIjoiaW5lbC5wYW5kemljQHBlcmNvbmEuY29tIiwiZW1haWxfdmVyaWZpZWQiOnRydWUsImF0X2hhc2giOiJ0a3A3a3BoTFBIYVcxaTB2cWkwM3NnIiwiaWF0IjoxNjY3NDY1NzI3LCJleHAiOjE2Njc0NjkzMjd9.mnjSMv744tJqhhf-E-CFCyy6pLFNRdiny9KtU0z9qkUmslpTyAft7IeLbbXIZb8FTf9-cy5nc3TqkSUKd3L3suMP9iTS5NerjXJXeTMcLZhpSUtch11f3V_7wJt0L1akux_JIahLvgMMPOSDRFHPfTZScWW3522hP5JsGpslwizyJVctVRY3fGhqRtEnB6WD6xbvnlpEOQ5eXQlDBUliIQhSS9LR8ui-baIRGxb8SRjHzjnIhn1LWRypDvlxL5aNQp5NI2XAwJfI3PZN1x0cnq1wlpZUYXeMZyRoA87bBkE6lnFzxjpA79H9KvhcSIFQ_oQPbchkFbV0YGAJfZWb0w",
    "token_expiry": "2022-11-03T09:55:26Z"
  },
  "sentinels": {
    "config_sentinel": "/Users/inelpandzic/.config/gcloud/config_sentinel"
  }
}
2022-11-03 09:55:27,118 INFO     ___FILE_ONLY___ 

2022-11-03 09:55:27,123 DEBUG    root            Metrics reporting process started...
