2022-11-03 10:31:10,350 DEBUG    root            Loaded Command Group: ['gcloud', 'container', 'clusters']
2022-11-03 10:31:10,352 DEBUG    root            Loaded Command Group: ['gcloud', 'container', 'clusters', 'list']
2022-11-03 10:31:10,384 DEBUG    root            Running [gcloud.container.clusters.list] with arguments: []
2022-11-03 10:31:10,431 DEBUG    urllib3.connectionpool Starting new HTTPS connection (1): container.googleapis.com:443
2022-11-03 10:31:11,069 DEBUG    urllib3.connectionpool https://container.googleapis.com:443 "GET /v1/projects/cloud-dev-112233/locations/-/clusters?alt=json HTTP/1.1" 200 None
2022-11-03 10:31:11,187 INFO     root            Display format: "
    table(
        name,
        zone:label=LOCATION,
        master_version():label=MASTER_VERSION,
        endpoint:label=MASTER_IP,
        nodePools[0].config.machineType,
        currentNodeVersion:label=NODE_VERSION,
        firstof(currentNodeCount,initialNodeCount):label=NUM_NODES,
        status
    )
"
2022-11-03 10:31:11,237 INFO     ___FILE_ONLY___ NAME
2022-11-03 10:31:11,237 INFO     ___FILE_ONLY___                               
2022-11-03 10:31:11,237 INFO     ___FILE_ONLY___ LOCATION
2022-11-03 10:31:11,237 INFO     ___FILE_ONLY___         
2022-11-03 10:31:11,237 INFO     ___FILE_ONLY___ MASTER_VERSION
2022-11-03 10:31:11,237 INFO     ___FILE_ONLY___     
2022-11-03 10:31:11,237 INFO     ___FILE_ONLY___ MASTER_IP
2022-11-03 10:31:11,237 INFO     ___FILE_ONLY___         
2022-11-03 10:31:11,237 INFO     ___FILE_ONLY___ MACHINE_TYPE
2022-11-03 10:31:11,237 INFO     ___FILE_ONLY___    
2022-11-03 10:31:11,237 INFO     ___FILE_ONLY___ NODE_VERSION
2022-11-03 10:31:11,237 INFO     ___FILE_ONLY___         
2022-11-03 10:31:11,237 INFO     ___FILE_ONLY___ NUM_NODES
2022-11-03 10:31:11,237 INFO     ___FILE_ONLY___   
2022-11-03 10:31:11,237 INFO     ___FILE_ONLY___ STATUS
2022-11-03 10:31:11,237 INFO     ___FILE_ONLY___ 

2022-11-03 10:31:11,237 INFO     ___FILE_ONLY___ ondrei-13193
2022-11-03 10:31:11,237 INFO     ___FILE_ONLY___                       
2022-11-03 10:31:11,237 INFO     ___FILE_ONLY___ europe-west1-c
2022-11-03 10:31:11,237 INFO     ___FILE_ONLY___   
2022-11-03 10:31:11,237 INFO     ___FILE_ONLY___ 1.22.12-gke.2300
2022-11-03 10:31:11,237 INFO     ___FILE_ONLY___   
2022-11-03 10:31:11,237 INFO     ___FILE_ONLY___ 104.155.15.56
2022-11-03 10:31:11,237 INFO     ___FILE_ONLY___     
2022-11-03 10:31:11,237 INFO     ___FILE_ONLY___ n1-standard-4
2022-11-03 10:31:11,237 INFO     ___FILE_ONLY___   
2022-11-03 10:31:11,237 INFO     ___FILE_ONLY___ 1.21.14-gke.8500 *
2022-11-03 10:31:11,237 INFO     ___FILE_ONLY___   
2022-11-03 10:31:11,237 INFO     ___FILE_ONLY___ 3
2022-11-03 10:31:11,237 INFO     ___FILE_ONLY___           
2022-11-03 10:31:11,238 INFO     ___FILE_ONLY___ RUNNING
2022-11-03 10:31:11,238 INFO     ___FILE_ONLY___ 

2022-11-03 10:31:11,238 INFO     ___FILE_ONLY___ slava-pxc
2022-11-03 10:31:11,238 INFO     ___FILE_ONLY___                          
2022-11-03 10:31:11,238 INFO     ___FILE_ONLY___ europe-west3-a
2022-11-03 10:31:11,238 INFO     ___FILE_ONLY___   
2022-11-03 10:31:11,238 INFO     ___FILE_ONLY___ 1.23.12-gke.100
2022-11-03 10:31:11,238 INFO     ___FILE_ONLY___    
2022-11-03 10:31:11,238 INFO     ___FILE_ONLY___ 35.246.129.244
2022-11-03 10:31:11,238 INFO     ___FILE_ONLY___    
2022-11-03 10:31:11,238 INFO     ___FILE_ONLY___ n1-standard-4
2022-11-03 10:31:11,238 INFO     ___FILE_ONLY___   
2022-11-03 10:31:11,238 INFO     ___FILE_ONLY___ 1.23.12-gke.100
2022-11-03 10:31:11,238 INFO     ___FILE_ONLY___      
2022-11-03 10:31:11,238 INFO     ___FILE_ONLY___ 3
2022-11-03 10:31:11,238 INFO     ___FILE_ONLY___           
2022-11-03 10:31:11,238 INFO     ___FILE_ONLY___ RUNNING
2022-11-03 10:31:11,238 INFO     ___FILE_ONLY___ 

2022-11-03 10:31:11,238 INFO     ___FILE_ONLY___ inel-27684
2022-11-03 10:31:11,238 INFO     ___FILE_ONLY___                         
2022-11-03 10:31:11,238 INFO     ___FILE_ONLY___ europe-west3-b
2022-11-03 10:31:11,238 INFO     ___FILE_ONLY___   
2022-11-03 10:31:11,238 INFO     ___FILE_ONLY___ 1.21.14-gke.8500
2022-11-03 10:31:11,238 INFO     ___FILE_ONLY___   
2022-11-03 10:31:11,238 INFO     ___FILE_ONLY___ 34.159.75.143
2022-11-03 10:31:11,238 INFO     ___FILE_ONLY___     
2022-11-03 10:31:11,238 INFO     ___FILE_ONLY___ n1-standard-4
2022-11-03 10:31:11,238 INFO     ___FILE_ONLY___   
2022-11-03 10:31:11,238 INFO     ___FILE_ONLY___ 1.21.14-gke.8500
2022-11-03 10:31:11,238 INFO     ___FILE_ONLY___     
2022-11-03 10:31:11,238 INFO     ___FILE_ONLY___ 3
2022-11-03 10:31:11,238 INFO     ___FILE_ONLY___           
2022-11-03 10:31:11,238 INFO     ___FILE_ONLY___ RUNNING
2022-11-03 10:31:11,238 INFO     ___FILE_ONLY___ 

2022-11-03 10:31:11,238 INFO     ___FILE_ONLY___ max-30844
2022-11-03 10:31:11,238 INFO     ___FILE_ONLY___                          
2022-11-03 10:31:11,238 INFO     ___FILE_ONLY___ europe-west3-b
2022-11-03 10:31:11,238 INFO     ___FILE_ONLY___   
2022-11-03 10:31:11,238 INFO     ___FILE_ONLY___ 1.22.12-gke.2300
2022-11-03 10:31:11,238 INFO     ___FILE_ONLY___   
2022-11-03 10:31:11,238 INFO     ___FILE_ONLY___ 35.246.193.17
2022-11-03 10:31:11,238 INFO     ___FILE_ONLY___     
2022-11-03 10:31:11,238 INFO     ___FILE_ONLY___ n1-standard-4
2022-11-03 10:31:11,239 INFO     ___FILE_ONLY___   
2022-11-03 10:31:11,239 INFO     ___FILE_ONLY___ 1.21.14-gke.2700 *
2022-11-03 10:31:11,239 INFO     ___FILE_ONLY___   
2022-11-03 10:31:11,239 INFO     ___FILE_ONLY___ 3
2022-11-03 10:31:11,239 INFO     ___FILE_ONLY___           
2022-11-03 10:31:11,239 INFO     ___FILE_ONLY___ RUNNING
2022-11-03 10:31:11,239 INFO     ___FILE_ONLY___ 

2022-11-03 10:31:11,239 INFO     ___FILE_ONLY___ jen-pxc-1262-8405ecdb-3-cluster1
2022-11-03 10:31:11,239 INFO     ___FILE_ONLY___   
2022-11-03 10:31:11,239 INFO     ___FILE_ONLY___ us-central1-a
2022-11-03 10:31:11,239 INFO     ___FILE_ONLY___    
2022-11-03 10:31:11,239 INFO     ___FILE_ONLY___ 1.21.14-gke.8500
2022-11-03 10:31:11,239 INFO     ___FILE_ONLY___   
2022-11-03 10:31:11,239 INFO     ___FILE_ONLY___ 34.171.19.34
2022-11-03 10:31:11,239 INFO     ___FILE_ONLY___      
2022-11-03 10:31:11,239 INFO     ___FILE_ONLY___ n1-standard-4
2022-11-03 10:31:11,239 INFO     ___FILE_ONLY___   
2022-11-03 10:31:11,239 INFO     ___FILE_ONLY___ 1.21.14-gke.8500
2022-11-03 10:31:11,239 INFO     ___FILE_ONLY___     
2022-11-03 10:31:11,239 INFO     ___FILE_ONLY___ 3
2022-11-03 10:31:11,239 INFO     ___FILE_ONLY___           
2022-11-03 10:31:11,239 INFO     ___FILE_ONLY___ RUNNING
2022-11-03 10:31:11,239 INFO     ___FILE_ONLY___ 

2022-11-03 10:31:11,239 INFO     ___FILE_ONLY___ jen-pxc-1262-8405ecdb-3-cluster2
2022-11-03 10:31:11,239 INFO     ___FILE_ONLY___   
2022-11-03 10:31:11,239 INFO     ___FILE_ONLY___ us-central1-a
2022-11-03 10:31:11,239 INFO     ___FILE_ONLY___    
2022-11-03 10:31:11,239 INFO     ___FILE_ONLY___ 1.21.14-gke.8500
2022-11-03 10:31:11,239 INFO     ___FILE_ONLY___   
2022-11-03 10:31:11,239 INFO     ___FILE_ONLY___ 35.188.152.183
2022-11-03 10:31:11,239 INFO     ___FILE_ONLY___    
2022-11-03 10:31:11,239 INFO     ___FILE_ONLY___ n1-standard-4
2022-11-03 10:31:11,239 INFO     ___FILE_ONLY___   
2022-11-03 10:31:11,239 INFO     ___FILE_ONLY___ 1.21.14-gke.8500
2022-11-03 10:31:11,239 INFO     ___FILE_ONLY___     
2022-11-03 10:31:11,239 INFO     ___FILE_ONLY___ 3
2022-11-03 10:31:11,239 INFO     ___FILE_ONLY___           
2022-11-03 10:31:11,239 INFO     ___FILE_ONLY___ RUNNING
2022-11-03 10:31:11,239 INFO     ___FILE_ONLY___ 

2022-11-03 10:31:11,239 INFO     ___FILE_ONLY___ jen-pxc-1262-8405ecdb-3-cluster3
2022-11-03 10:31:11,239 INFO     ___FILE_ONLY___   
2022-11-03 10:31:11,239 INFO     ___FILE_ONLY___ us-central1-a
2022-11-03 10:31:11,239 INFO     ___FILE_ONLY___    
2022-11-03 10:31:11,239 INFO     ___FILE_ONLY___ 1.21.14-gke.8500
2022-11-03 10:31:11,239 INFO     ___FILE_ONLY___   
2022-11-03 10:31:11,239 INFO     ___FILE_ONLY___ 34.66.165.13
2022-11-03 10:31:11,239 INFO     ___FILE_ONLY___      
2022-11-03 10:31:11,239 INFO     ___FILE_ONLY___ n1-standard-4
2022-11-03 10:31:11,239 INFO     ___FILE_ONLY___   
2022-11-03 10:31:11,240 INFO     ___FILE_ONLY___ 1.21.14-gke.8500
2022-11-03 10:31:11,240 INFO     ___FILE_ONLY___     
2022-11-03 10:31:11,240 INFO     ___FILE_ONLY___ 3
2022-11-03 10:31:11,240 INFO     ___FILE_ONLY___           
2022-11-03 10:31:11,240 INFO     ___FILE_ONLY___ RUNNING
2022-11-03 10:31:11,240 INFO     ___FILE_ONLY___ 

2022-11-03 10:31:11,240 INFO     ___FILE_ONLY___ jen-pxc-1262-8405ecdb-3-cluster4
2022-11-03 10:31:11,240 INFO     ___FILE_ONLY___   
2022-11-03 10:31:11,240 INFO     ___FILE_ONLY___ us-central1-a
2022-11-03 10:31:11,240 INFO     ___FILE_ONLY___    
2022-11-03 10:31:11,240 INFO     ___FILE_ONLY___ 1.21.14-gke.8500
2022-11-03 10:31:11,240 INFO     ___FILE_ONLY___   
2022-11-03 10:31:11,240 INFO     ___FILE_ONLY___ 34.72.211.109
2022-11-03 10:31:11,240 INFO     ___FILE_ONLY___     
2022-11-03 10:31:11,240 INFO     ___FILE_ONLY___ n1-standard-4
2022-11-03 10:31:11,240 INFO     ___FILE_ONLY___   
2022-11-03 10:31:11,240 INFO     ___FILE_ONLY___ 1.21.14-gke.8500
2022-11-03 10:31:11,240 INFO     ___FILE_ONLY___     
2022-11-03 10:31:11,240 INFO     ___FILE_ONLY___ 3
2022-11-03 10:31:11,240 INFO     ___FILE_ONLY___           
2022-11-03 10:31:11,240 INFO     ___FILE_ONLY___ RUNNING
2022-11-03 10:31:11,240 INFO     ___FILE_ONLY___ 

2022-11-03 10:31:11,240 INFO     ___FILE_ONLY___ jen-pxc-1262-8405ecdb-3-cluster5
2022-11-03 10:31:11,240 INFO     ___FILE_ONLY___   
2022-11-03 10:31:11,240 INFO     ___FILE_ONLY___ us-central1-a
2022-11-03 10:31:11,240 INFO     ___FILE_ONLY___    
2022-11-03 10:31:11,240 INFO     ___FILE_ONLY___ 1.21.14-gke.8500
2022-11-03 10:31:11,240 INFO     ___FILE_ONLY___   
2022-11-03 10:31:11,240 INFO     ___FILE_ONLY___ 34.72.185.218
2022-11-03 10:31:11,240 INFO     ___FILE_ONLY___     
2022-11-03 10:31:11,240 INFO     ___FILE_ONLY___ n1-standard-4
2022-11-03 10:31:11,240 INFO     ___FILE_ONLY___   
2022-11-03 10:31:11,240 INFO     ___FILE_ONLY___ 1.21.14-gke.8500
2022-11-03 10:31:11,240 INFO     ___FILE_ONLY___     
2022-11-03 10:31:11,240 INFO     ___FILE_ONLY___ 3
2022-11-03 10:31:11,240 INFO     ___FILE_ONLY___           
2022-11-03 10:31:11,240 INFO     ___FILE_ONLY___ RUNNING
2022-11-03 10:31:11,240 INFO     ___FILE_ONLY___ 

2022-11-03 10:31:11,240 INFO     ___FILE_ONLY___ jen-pxc-1262-8405ecdb-3-cluster6
2022-11-03 10:31:11,240 INFO     ___FILE_ONLY___   
2022-11-03 10:31:11,240 INFO     ___FILE_ONLY___ us-central1-a
2022-11-03 10:31:11,240 INFO     ___FILE_ONLY___    
2022-11-03 10:31:11,240 INFO     ___FILE_ONLY___ 1.21.14-gke.8500
2022-11-03 10:31:11,240 INFO     ___FILE_ONLY___   
2022-11-03 10:31:11,240 INFO     ___FILE_ONLY___ 34.69.245.46
2022-11-03 10:31:11,240 INFO     ___FILE_ONLY___      
2022-11-03 10:31:11,240 INFO     ___FILE_ONLY___ n1-standard-4
2022-11-03 10:31:11,240 INFO     ___FILE_ONLY___   
2022-11-03 10:31:11,240 INFO     ___FILE_ONLY___ 1.21.14-gke.8500
2022-11-03 10:31:11,240 INFO     ___FILE_ONLY___     
2022-11-03 10:31:11,240 INFO     ___FILE_ONLY___ 3
2022-11-03 10:31:11,241 INFO     ___FILE_ONLY___           
2022-11-03 10:31:11,241 INFO     ___FILE_ONLY___ RUNNING
2022-11-03 10:31:11,241 INFO     ___FILE_ONLY___ 

2022-11-03 10:31:11,241 INFO     ___FILE_ONLY___ jen-pxc-1262-8405ecdb-3-cluster7
2022-11-03 10:31:11,241 INFO     ___FILE_ONLY___   
2022-11-03 10:31:11,241 INFO     ___FILE_ONLY___ us-central1-a
2022-11-03 10:31:11,241 INFO     ___FILE_ONLY___    
2022-11-03 10:31:11,241 INFO     ___FILE_ONLY___ 1.21.14-gke.8500
2022-11-03 10:31:11,241 INFO     ___FILE_ONLY___   
2022-11-03 10:31:11,241 INFO     ___FILE_ONLY___ 35.225.54.183
2022-11-03 10:31:11,241 INFO     ___FILE_ONLY___     
2022-11-03 10:31:11,241 INFO     ___FILE_ONLY___ n1-standard-4
2022-11-03 10:31:11,241 INFO     ___FILE_ONLY___   
2022-11-03 10:31:11,241 INFO     ___FILE_ONLY___ 1.21.14-gke.8500
2022-11-03 10:31:11,241 INFO     ___FILE_ONLY___     
2022-11-03 10:31:11,241 INFO     ___FILE_ONLY___ 3
2022-11-03 10:31:11,241 INFO     ___FILE_ONLY___           
2022-11-03 10:31:11,241 INFO     ___FILE_ONLY___ RUNNING
2022-11-03 10:31:11,241 INFO     ___FILE_ONLY___ 

2022-11-03 10:31:11,241 INFO     ___FILE_ONLY___ jen-pxc-1262-8405ecdb-3-cluster8
2022-11-03 10:31:11,241 INFO     ___FILE_ONLY___   
2022-11-03 10:31:11,241 INFO     ___FILE_ONLY___ us-central1-a
2022-11-03 10:31:11,241 INFO     ___FILE_ONLY___    
2022-11-03 10:31:11,241 INFO     ___FILE_ONLY___ 1.21.14-gke.8500
2022-11-03 10:31:11,241 INFO     ___FILE_ONLY___   
2022-11-03 10:31:11,241 INFO     ___FILE_ONLY___ 35.222.48.136
2022-11-03 10:31:11,241 INFO     ___FILE_ONLY___     
2022-11-03 10:31:11,241 INFO     ___FILE_ONLY___ n1-standard-4
2022-11-03 10:31:11,241 INFO     ___FILE_ONLY___   
2022-11-03 10:31:11,241 INFO     ___FILE_ONLY___ 1.21.14-gke.8500
2022-11-03 10:31:11,241 INFO     ___FILE_ONLY___     
2022-11-03 10:31:11,241 INFO     ___FILE_ONLY___ 3
2022-11-03 10:31:11,241 INFO     ___FILE_ONLY___           
2022-11-03 10:31:11,241 INFO     ___FILE_ONLY___ RUNNING
2022-11-03 10:31:11,241 INFO     ___FILE_ONLY___ 

2022-11-03 10:31:11,241 INFO     ___FILE_ONLY___ jen-pxc-1262-8405ecdb-3-cluster9
2022-11-03 10:31:11,241 INFO     ___FILE_ONLY___   
2022-11-03 10:31:11,241 INFO     ___FILE_ONLY___ us-central1-a
2022-11-03 10:31:11,241 INFO     ___FILE_ONLY___    
2022-11-03 10:31:11,241 INFO     ___FILE_ONLY___ 1.21.14-gke.8500
2022-11-03 10:31:11,241 INFO     ___FILE_ONLY___   
2022-11-03 10:31:11,241 INFO     ___FILE_ONLY___ 34.173.119.53
2022-11-03 10:31:11,241 INFO     ___FILE_ONLY___     
2022-11-03 10:31:11,241 INFO     ___FILE_ONLY___ n1-standard-4
2022-11-03 10:31:11,241 INFO     ___FILE_ONLY___   
2022-11-03 10:31:11,241 INFO     ___FILE_ONLY___ 1.21.14-gke.8500
2022-11-03 10:31:11,241 INFO     ___FILE_ONLY___     
2022-11-03 10:31:11,241 INFO     ___FILE_ONLY___ 3
2022-11-03 10:31:11,241 INFO     ___FILE_ONLY___           
2022-11-03 10:31:11,241 INFO     ___FILE_ONLY___ RUNNING
2022-11-03 10:31:11,242 INFO     ___FILE_ONLY___ 

2022-11-03 10:31:11,242 INFO     ___FILE_ONLY___ jen-pxc-4abe7a0b-2-cluster1
2022-11-03 10:31:11,242 INFO     ___FILE_ONLY___        
2022-11-03 10:31:11,242 INFO     ___FILE_ONLY___ us-central1-a
2022-11-03 10:31:11,242 INFO     ___FILE_ONLY___    
2022-11-03 10:31:11,242 INFO     ___FILE_ONLY___ 1.21.14-gke.8500
2022-11-03 10:31:11,242 INFO     ___FILE_ONLY___   
2022-11-03 10:31:11,242 INFO     ___FILE_ONLY___ 34.71.38.205
2022-11-03 10:31:11,242 INFO     ___FILE_ONLY___      
2022-11-03 10:31:11,242 INFO     ___FILE_ONLY___ n1-standard-4
2022-11-03 10:31:11,242 INFO     ___FILE_ONLY___   
2022-11-03 10:31:11,242 INFO     ___FILE_ONLY___ 1.21.14-gke.8500
2022-11-03 10:31:11,242 INFO     ___FILE_ONLY___     
2022-11-03 10:31:11,242 INFO     ___FILE_ONLY___ 3
2022-11-03 10:31:11,242 INFO     ___FILE_ONLY___           
2022-11-03 10:31:11,242 INFO     ___FILE_ONLY___ RUNNING
2022-11-03 10:31:11,242 INFO     ___FILE_ONLY___ 

2022-11-03 10:31:11,242 INFO     ___FILE_ONLY___ jen-pxc-4abe7a0b-2-cluster2
2022-11-03 10:31:11,242 INFO     ___FILE_ONLY___        
2022-11-03 10:31:11,242 INFO     ___FILE_ONLY___ us-central1-a
2022-11-03 10:31:11,242 INFO     ___FILE_ONLY___    
2022-11-03 10:31:11,242 INFO     ___FILE_ONLY___ 1.21.14-gke.8500
2022-11-03 10:31:11,242 INFO     ___FILE_ONLY___   
2022-11-03 10:31:11,242 INFO     ___FILE_ONLY___ 35.226.198.3
2022-11-03 10:31:11,242 INFO     ___FILE_ONLY___      
2022-11-03 10:31:11,242 INFO     ___FILE_ONLY___ n1-standard-4
2022-11-03 10:31:11,242 INFO     ___FILE_ONLY___   
2022-11-03 10:31:11,242 INFO     ___FILE_ONLY___ 1.21.14-gke.8500
2022-11-03 10:31:11,242 INFO     ___FILE_ONLY___     
2022-11-03 10:31:11,242 INFO     ___FILE_ONLY___ 3
2022-11-03 10:31:11,242 INFO     ___FILE_ONLY___           
2022-11-03 10:31:11,242 INFO     ___FILE_ONLY___ RUNNING
2022-11-03 10:31:11,242 INFO     ___FILE_ONLY___ 

2022-11-03 10:31:11,242 INFO     ___FILE_ONLY___ jen-pxc-4abe7a0b-2-cluster3
2022-11-03 10:31:11,242 INFO     ___FILE_ONLY___        
2022-11-03 10:31:11,242 INFO     ___FILE_ONLY___ us-central1-a
2022-11-03 10:31:11,242 INFO     ___FILE_ONLY___    
2022-11-03 10:31:11,242 INFO     ___FILE_ONLY___ 1.21.14-gke.8500
2022-11-03 10:31:11,242 INFO     ___FILE_ONLY___   
2022-11-03 10:31:11,242 INFO     ___FILE_ONLY___ 34.134.22.9
2022-11-03 10:31:11,243 INFO     ___FILE_ONLY___       
2022-11-03 10:31:11,243 INFO     ___FILE_ONLY___ n1-standard-4
2022-11-03 10:31:11,243 INFO     ___FILE_ONLY___   
2022-11-03 10:31:11,243 INFO     ___FILE_ONLY___ 1.21.14-gke.8500
2022-11-03 10:31:11,243 INFO     ___FILE_ONLY___     
2022-11-03 10:31:11,243 INFO     ___FILE_ONLY___ 3
2022-11-03 10:31:11,243 INFO     ___FILE_ONLY___           
2022-11-03 10:31:11,243 INFO     ___FILE_ONLY___ RUNNING
2022-11-03 10:31:11,243 INFO     ___FILE_ONLY___ 

2022-11-03 10:31:11,243 INFO     ___FILE_ONLY___ jen-pxc-4abe7a0b-2-cluster4
2022-11-03 10:31:11,243 INFO     ___FILE_ONLY___        
2022-11-03 10:31:11,243 INFO     ___FILE_ONLY___ us-central1-a
2022-11-03 10:31:11,243 INFO     ___FILE_ONLY___    
2022-11-03 10:31:11,243 INFO     ___FILE_ONLY___ 1.21.14-gke.8500
2022-11-03 10:31:11,243 INFO     ___FILE_ONLY___   
2022-11-03 10:31:11,243 INFO     ___FILE_ONLY___ 34.136.88.162
2022-11-03 10:31:11,243 INFO     ___FILE_ONLY___     
2022-11-03 10:31:11,243 INFO     ___FILE_ONLY___ n1-standard-4
2022-11-03 10:31:11,243 INFO     ___FILE_ONLY___   
2022-11-03 10:31:11,243 INFO     ___FILE_ONLY___ 1.21.14-gke.8500
2022-11-03 10:31:11,243 INFO     ___FILE_ONLY___     
2022-11-03 10:31:11,243 INFO     ___FILE_ONLY___ 3
2022-11-03 10:31:11,243 INFO     ___FILE_ONLY___           
2022-11-03 10:31:11,243 INFO     ___FILE_ONLY___ RUNNING
2022-11-03 10:31:11,243 INFO     ___FILE_ONLY___ 

2022-11-03 10:31:11,243 INFO     ___FILE_ONLY___ jen-pxc-4abe7a0b-2-cluster5
2022-11-03 10:31:11,243 INFO     ___FILE_ONLY___        
2022-11-03 10:31:11,243 INFO     ___FILE_ONLY___ us-central1-a
2022-11-03 10:31:11,243 INFO     ___FILE_ONLY___    
2022-11-03 10:31:11,243 INFO     ___FILE_ONLY___ 1.21.14-gke.8500
2022-11-03 10:31:11,243 INFO     ___FILE_ONLY___   
2022-11-03 10:31:11,243 INFO     ___FILE_ONLY___ 35.193.157.77
2022-11-03 10:31:11,243 INFO     ___FILE_ONLY___     
2022-11-03 10:31:11,243 INFO     ___FILE_ONLY___ n1-standard-4
2022-11-03 10:31:11,243 INFO     ___FILE_ONLY___   
2022-11-03 10:31:11,243 INFO     ___FILE_ONLY___ 1.21.14-gke.8500
2022-11-03 10:31:11,243 INFO     ___FILE_ONLY___     
2022-11-03 10:31:11,243 INFO     ___FILE_ONLY___ 3
2022-11-03 10:31:11,243 INFO     ___FILE_ONLY___           
2022-11-03 10:31:11,243 INFO     ___FILE_ONLY___ RUNNING
2022-11-03 10:31:11,243 INFO     ___FILE_ONLY___ 

2022-11-03 10:31:11,243 INFO     ___FILE_ONLY___ jen-pxc-4abe7a0b-2-cluster6
2022-11-03 10:31:11,243 INFO     ___FILE_ONLY___        
2022-11-03 10:31:11,243 INFO     ___FILE_ONLY___ us-central1-a
2022-11-03 10:31:11,243 INFO     ___FILE_ONLY___    
2022-11-03 10:31:11,243 INFO     ___FILE_ONLY___ 1.21.14-gke.8500
2022-11-03 10:31:11,243 INFO     ___FILE_ONLY___   
2022-11-03 10:31:11,243 INFO     ___FILE_ONLY___ 35.232.198.186
2022-11-03 10:31:11,243 INFO     ___FILE_ONLY___    
2022-11-03 10:31:11,244 INFO     ___FILE_ONLY___ n1-standard-4
2022-11-03 10:31:11,244 INFO     ___FILE_ONLY___   
2022-11-03 10:31:11,244 INFO     ___FILE_ONLY___ 1.21.14-gke.8500
2022-11-03 10:31:11,244 INFO     ___FILE_ONLY___     
2022-11-03 10:31:11,244 INFO     ___FILE_ONLY___ 3
2022-11-03 10:31:11,244 INFO     ___FILE_ONLY___           
2022-11-03 10:31:11,244 INFO     ___FILE_ONLY___ RUNNING
2022-11-03 10:31:11,244 INFO     ___FILE_ONLY___ 

2022-11-03 10:31:11,244 INFO     ___FILE_ONLY___ jen-pxc-4abe7a0b-2-cluster7
2022-11-03 10:31:11,244 INFO     ___FILE_ONLY___        
2022-11-03 10:31:11,244 INFO     ___FILE_ONLY___ us-central1-a
2022-11-03 10:31:11,244 INFO     ___FILE_ONLY___    
2022-11-03 10:31:11,244 INFO     ___FILE_ONLY___ 1.21.14-gke.8500
2022-11-03 10:31:11,244 INFO     ___FILE_ONLY___   
2022-11-03 10:31:11,244 INFO     ___FILE_ONLY___ 34.134.50.14
2022-11-03 10:31:11,244 INFO     ___FILE_ONLY___      
2022-11-03 10:31:11,244 INFO     ___FILE_ONLY___ n1-standard-4
2022-11-03 10:31:11,244 INFO     ___FILE_ONLY___   
2022-11-03 10:31:11,244 INFO     ___FILE_ONLY___ 1.21.14-gke.8500
2022-11-03 10:31:11,244 INFO     ___FILE_ONLY___     
2022-11-03 10:31:11,244 INFO     ___FILE_ONLY___ 3
2022-11-03 10:31:11,244 INFO     ___FILE_ONLY___           
2022-11-03 10:31:11,244 INFO     ___FILE_ONLY___ RUNNING
2022-11-03 10:31:11,244 INFO     ___FILE_ONLY___ 

2022-11-03 10:31:11,244 INFO     ___FILE_ONLY___ jen-pxc-4abe7a0b-2-cluster8
2022-11-03 10:31:11,244 INFO     ___FILE_ONLY___        
2022-11-03 10:31:11,244 INFO     ___FILE_ONLY___ us-central1-a
2022-11-03 10:31:11,244 INFO     ___FILE_ONLY___    
2022-11-03 10:31:11,244 INFO     ___FILE_ONLY___ 1.21.14-gke.8500
2022-11-03 10:31:11,244 INFO     ___FILE_ONLY___   
2022-11-03 10:31:11,244 INFO     ___FILE_ONLY___ 35.226.14.76
2022-11-03 10:31:11,244 INFO     ___FILE_ONLY___      
2022-11-03 10:31:11,244 INFO     ___FILE_ONLY___ n1-standard-4
2022-11-03 10:31:11,244 INFO     ___FILE_ONLY___   
2022-11-03 10:31:11,244 INFO     ___FILE_ONLY___ 1.21.14-gke.8500
2022-11-03 10:31:11,244 INFO     ___FILE_ONLY___     
2022-11-03 10:31:11,244 INFO     ___FILE_ONLY___ 3
2022-11-03 10:31:11,244 INFO     ___FILE_ONLY___           
2022-11-03 10:31:11,244 INFO     ___FILE_ONLY___ RUNNING
2022-11-03 10:31:11,244 INFO     ___FILE_ONLY___ 

2022-11-03 10:31:11,244 INFO     ___FILE_ONLY___ jen-pxc-4abe7a0b-2-cluster9
2022-11-03 10:31:11,244 INFO     ___FILE_ONLY___        
2022-11-03 10:31:11,244 INFO     ___FILE_ONLY___ us-central1-a
2022-11-03 10:31:11,244 INFO     ___FILE_ONLY___    
2022-11-03 10:31:11,244 INFO     ___FILE_ONLY___ 1.21.14-gke.8500
2022-11-03 10:31:11,244 INFO     ___FILE_ONLY___   
2022-11-03 10:31:11,244 INFO     ___FILE_ONLY___ 35.222.169.140
2022-11-03 10:31:11,244 INFO     ___FILE_ONLY___    
2022-11-03 10:31:11,245 INFO     ___FILE_ONLY___ n1-standard-4
2022-11-03 10:31:11,245 INFO     ___FILE_ONLY___   
2022-11-03 10:31:11,245 INFO     ___FILE_ONLY___ 1.21.14-gke.8500
2022-11-03 10:31:11,245 INFO     ___FILE_ONLY___     
2022-11-03 10:31:11,245 INFO     ___FILE_ONLY___ 3
2022-11-03 10:31:11,245 INFO     ___FILE_ONLY___           
2022-11-03 10:31:11,245 INFO     ___FILE_ONLY___ RUNNING
2022-11-03 10:31:11,245 INFO     ___FILE_ONLY___ 

2022-11-03 10:31:11,245 INFO     ___FILE_ONLY___ jen-pxc-4ac35f56-46-cluster1
2022-11-03 10:31:11,245 INFO     ___FILE_ONLY___       
2022-11-03 10:31:11,245 INFO     ___FILE_ONLY___ us-central1-a
2022-11-03 10:31:11,245 INFO     ___FILE_ONLY___    
2022-11-03 10:31:11,245 INFO     ___FILE_ONLY___ 1.21.14-gke.8500
2022-11-03 10:31:11,245 INFO     ___FILE_ONLY___   
2022-11-03 10:31:11,245 INFO     ___FILE_ONLY___ 34.134.13.159
2022-11-03 10:31:11,245 INFO     ___FILE_ONLY___     
2022-11-03 10:31:11,245 INFO     ___FILE_ONLY___ n1-standard-4
2022-11-03 10:31:11,245 INFO     ___FILE_ONLY___   
2022-11-03 10:31:11,245 INFO     ___FILE_ONLY___ 1.21.14-gke.8500
2022-11-03 10:31:11,245 INFO     ___FILE_ONLY___     
2022-11-03 10:31:11,245 INFO     ___FILE_ONLY___ 3
2022-11-03 10:31:11,245 INFO     ___FILE_ONLY___           
2022-11-03 10:31:11,245 INFO     ___FILE_ONLY___ RUNNING
2022-11-03 10:31:11,245 INFO     ___FILE_ONLY___ 

2022-11-03 10:31:11,245 INFO     ___FILE_ONLY___ jen-pxc-4ac35f56-46-cluster2
2022-11-03 10:31:11,245 INFO     ___FILE_ONLY___       
2022-11-03 10:31:11,245 INFO     ___FILE_ONLY___ us-central1-a
2022-11-03 10:31:11,245 INFO     ___FILE_ONLY___    
2022-11-03 10:31:11,245 INFO     ___FILE_ONLY___ 1.21.14-gke.8500
2022-11-03 10:31:11,245 INFO     ___FILE_ONLY___   
2022-11-03 10:31:11,245 INFO     ___FILE_ONLY___ 104.197.202.139
2022-11-03 10:31:11,245 INFO     ___FILE_ONLY___   
2022-11-03 10:31:11,245 INFO     ___FILE_ONLY___ n1-standard-4
2022-11-03 10:31:11,245 INFO     ___FILE_ONLY___   
2022-11-03 10:31:11,245 INFO     ___FILE_ONLY___ 1.21.14-gke.8500
2022-11-03 10:31:11,245 INFO     ___FILE_ONLY___     
2022-11-03 10:31:11,245 INFO     ___FILE_ONLY___ 3
2022-11-03 10:31:11,245 INFO     ___FILE_ONLY___           
2022-11-03 10:31:11,245 INFO     ___FILE_ONLY___ RUNNING
2022-11-03 10:31:11,245 INFO     ___FILE_ONLY___ 

2022-11-03 10:31:11,245 INFO     ___FILE_ONLY___ jen-pxc-4ac35f56-46-cluster3
2022-11-03 10:31:11,245 INFO     ___FILE_ONLY___       
2022-11-03 10:31:11,245 INFO     ___FILE_ONLY___ us-central1-a
2022-11-03 10:31:11,245 INFO     ___FILE_ONLY___    
2022-11-03 10:31:11,245 INFO     ___FILE_ONLY___ 1.21.14-gke.8500
2022-11-03 10:31:11,245 INFO     ___FILE_ONLY___   
2022-11-03 10:31:11,245 INFO     ___FILE_ONLY___ 34.172.220.167
2022-11-03 10:31:11,245 INFO     ___FILE_ONLY___    
2022-11-03 10:31:11,245 INFO     ___FILE_ONLY___ n1-standard-4
2022-11-03 10:31:11,245 INFO     ___FILE_ONLY___   
2022-11-03 10:31:11,245 INFO     ___FILE_ONLY___ 1.21.14-gke.8500
2022-11-03 10:31:11,246 INFO     ___FILE_ONLY___     
2022-11-03 10:31:11,246 INFO     ___FILE_ONLY___ 3
2022-11-03 10:31:11,246 INFO     ___FILE_ONLY___           
2022-11-03 10:31:11,246 INFO     ___FILE_ONLY___ RUNNING
2022-11-03 10:31:11,246 INFO     ___FILE_ONLY___ 

2022-11-03 10:31:11,246 INFO     ___FILE_ONLY___ jen-pxc-4ac35f56-46-cluster4
2022-11-03 10:31:11,246 INFO     ___FILE_ONLY___       
2022-11-03 10:31:11,246 INFO     ___FILE_ONLY___ us-central1-a
2022-11-03 10:31:11,246 INFO     ___FILE_ONLY___    
2022-11-03 10:31:11,246 INFO     ___FILE_ONLY___ 1.21.14-gke.8500
2022-11-03 10:31:11,246 INFO     ___FILE_ONLY___   
2022-11-03 10:31:11,246 INFO     ___FILE_ONLY___ 34.123.104.153
2022-11-03 10:31:11,246 INFO     ___FILE_ONLY___    
2022-11-03 10:31:11,246 INFO     ___FILE_ONLY___ n1-standard-4
2022-11-03 10:31:11,246 INFO     ___FILE_ONLY___   
2022-11-03 10:31:11,246 INFO     ___FILE_ONLY___ 1.21.14-gke.8500
2022-11-03 10:31:11,246 INFO     ___FILE_ONLY___     
2022-11-03 10:31:11,246 INFO     ___FILE_ONLY___ 3
2022-11-03 10:31:11,246 INFO     ___FILE_ONLY___           
2022-11-03 10:31:11,246 INFO     ___FILE_ONLY___ RUNNING
2022-11-03 10:31:11,246 INFO     ___FILE_ONLY___ 

2022-11-03 10:31:11,246 INFO     ___FILE_ONLY___ jen-pxc-4ac35f56-46-cluster5
2022-11-03 10:31:11,246 INFO     ___FILE_ONLY___       
2022-11-03 10:31:11,246 INFO     ___FILE_ONLY___ us-central1-a
2022-11-03 10:31:11,246 INFO     ___FILE_ONLY___    
2022-11-03 10:31:11,246 INFO     ___FILE_ONLY___ 1.21.14-gke.8500
2022-11-03 10:31:11,246 INFO     ___FILE_ONLY___   
2022-11-03 10:31:11,246 INFO     ___FILE_ONLY___ 34.134.171.176
2022-11-03 10:31:11,246 INFO     ___FILE_ONLY___    
2022-11-03 10:31:11,246 INFO     ___FILE_ONLY___ n1-standard-4
2022-11-03 10:31:11,246 INFO     ___FILE_ONLY___   
2022-11-03 10:31:11,246 INFO     ___FILE_ONLY___ 1.21.14-gke.8500
2022-11-03 10:31:11,246 INFO     ___FILE_ONLY___     
2022-11-03 10:31:11,246 INFO     ___FILE_ONLY___ 3
2022-11-03 10:31:11,246 INFO     ___FILE_ONLY___           
2022-11-03 10:31:11,246 INFO     ___FILE_ONLY___ RUNNING
2022-11-03 10:31:11,246 INFO     ___FILE_ONLY___ 

2022-11-03 10:31:11,246 INFO     ___FILE_ONLY___ jen-pxc-4ac35f56-46-cluster6
2022-11-03 10:31:11,246 INFO     ___FILE_ONLY___       
2022-11-03 10:31:11,246 INFO     ___FILE_ONLY___ us-central1-a
2022-11-03 10:31:11,247 INFO     ___FILE_ONLY___    
2022-11-03 10:31:11,247 INFO     ___FILE_ONLY___ 1.21.14-gke.8500
2022-11-03 10:31:11,247 INFO     ___FILE_ONLY___   
2022-11-03 10:31:11,247 INFO     ___FILE_ONLY___ 104.198.180.180
2022-11-03 10:31:11,247 INFO     ___FILE_ONLY___   
2022-11-03 10:31:11,247 INFO     ___FILE_ONLY___ n1-standard-4
2022-11-03 10:31:11,247 INFO     ___FILE_ONLY___   
2022-11-03 10:31:11,247 INFO     ___FILE_ONLY___ 1.21.14-gke.8500
2022-11-03 10:31:11,247 INFO     ___FILE_ONLY___     
2022-11-03 10:31:11,247 INFO     ___FILE_ONLY___ 3
2022-11-03 10:31:11,247 INFO     ___FILE_ONLY___           
2022-11-03 10:31:11,247 INFO     ___FILE_ONLY___ RUNNING
2022-11-03 10:31:11,247 INFO     ___FILE_ONLY___ 

2022-11-03 10:31:11,247 INFO     ___FILE_ONLY___ jen-pxc-4ac35f56-46-cluster7
2022-11-03 10:31:11,247 INFO     ___FILE_ONLY___       
2022-11-03 10:31:11,247 INFO     ___FILE_ONLY___ us-central1-a
2022-11-03 10:31:11,247 INFO     ___FILE_ONLY___    
2022-11-03 10:31:11,247 INFO     ___FILE_ONLY___ 1.21.14-gke.8500
2022-11-03 10:31:11,247 INFO     ___FILE_ONLY___   
2022-11-03 10:31:11,247 INFO     ___FILE_ONLY___ 35.223.108.246
2022-11-03 10:31:11,247 INFO     ___FILE_ONLY___    
2022-11-03 10:31:11,247 INFO     ___FILE_ONLY___ n1-standard-4
2022-11-03 10:31:11,247 INFO     ___FILE_ONLY___   
2022-11-03 10:31:11,247 INFO     ___FILE_ONLY___ 1.21.14-gke.8500
2022-11-03 10:31:11,247 INFO     ___FILE_ONLY___     
2022-11-03 10:31:11,247 INFO     ___FILE_ONLY___ 3
2022-11-03 10:31:11,247 INFO     ___FILE_ONLY___           
2022-11-03 10:31:11,247 INFO     ___FILE_ONLY___ RUNNING
2022-11-03 10:31:11,247 INFO     ___FILE_ONLY___ 

2022-11-03 10:31:11,247 INFO     ___FILE_ONLY___ jen-pxc-4ac35f56-46-cluster9
2022-11-03 10:31:11,247 INFO     ___FILE_ONLY___       
2022-11-03 10:31:11,247 INFO     ___FILE_ONLY___ us-central1-a
2022-11-03 10:31:11,247 INFO     ___FILE_ONLY___    
2022-11-03 10:31:11,247 INFO     ___FILE_ONLY___ 1.21.14-gke.8500
2022-11-03 10:31:11,247 INFO     ___FILE_ONLY___   
2022-11-03 10:31:11,247 INFO     ___FILE_ONLY___ 35.238.38.144
2022-11-03 10:31:11,247 INFO     ___FILE_ONLY___     
2022-11-03 10:31:11,247 INFO     ___FILE_ONLY___ n1-standard-4
2022-11-03 10:31:11,247 INFO     ___FILE_ONLY___   
2022-11-03 10:31:11,247 INFO     ___FILE_ONLY___ 1.21.14-gke.8500
2022-11-03 10:31:11,247 INFO     ___FILE_ONLY___     
2022-11-03 10:31:11,247 INFO     ___FILE_ONLY___ 3
2022-11-03 10:31:11,247 INFO     ___FILE_ONLY___           
2022-11-03 10:31:11,247 INFO     ___FILE_ONLY___ RUNNING
2022-11-03 10:31:11,247 INFO     ___FILE_ONLY___ 

2022-11-03 10:31:11,247 INFO     ___FILE_ONLY___ jen-pxc-defa4040-5-cluster1
2022-11-03 10:31:11,248 INFO     ___FILE_ONLY___        
2022-11-03 10:31:11,248 INFO     ___FILE_ONLY___ us-central1-a
2022-11-03 10:31:11,248 INFO     ___FILE_ONLY___    
2022-11-03 10:31:11,248 INFO     ___FILE_ONLY___ 1.21.14-gke.8500
2022-11-03 10:31:11,248 INFO     ___FILE_ONLY___   
2022-11-03 10:31:11,248 INFO     ___FILE_ONLY___ 35.226.91.198
2022-11-03 10:31:11,248 INFO     ___FILE_ONLY___     
2022-11-03 10:31:11,248 INFO     ___FILE_ONLY___ n1-standard-4
2022-11-03 10:31:11,248 INFO     ___FILE_ONLY___   
2022-11-03 10:31:11,248 INFO     ___FILE_ONLY___ 1.21.14-gke.8500
2022-11-03 10:31:11,248 INFO     ___FILE_ONLY___     
2022-11-03 10:31:11,248 INFO     ___FILE_ONLY___ 3
2022-11-03 10:31:11,248 INFO     ___FILE_ONLY___           
2022-11-03 10:31:11,248 INFO     ___FILE_ONLY___ RUNNING
2022-11-03 10:31:11,248 INFO     ___FILE_ONLY___ 

2022-11-03 10:31:11,248 INFO     ___FILE_ONLY___ jen-pxc-defa4040-5-cluster2
2022-11-03 10:31:11,248 INFO     ___FILE_ONLY___        
2022-11-03 10:31:11,248 INFO     ___FILE_ONLY___ us-central1-a
2022-11-03 10:31:11,248 INFO     ___FILE_ONLY___    
2022-11-03 10:31:11,248 INFO     ___FILE_ONLY___ 1.21.14-gke.8500
2022-11-03 10:31:11,248 INFO     ___FILE_ONLY___   
2022-11-03 10:31:11,248 INFO     ___FILE_ONLY___ 35.224.11.175
2022-11-03 10:31:11,248 INFO     ___FILE_ONLY___     
2022-11-03 10:31:11,248 INFO     ___FILE_ONLY___ n1-standard-4
2022-11-03 10:31:11,248 INFO     ___FILE_ONLY___   
2022-11-03 10:31:11,248 INFO     ___FILE_ONLY___ 1.21.14-gke.8500
2022-11-03 10:31:11,248 INFO     ___FILE_ONLY___     
2022-11-03 10:31:11,248 INFO     ___FILE_ONLY___ 3
2022-11-03 10:31:11,248 INFO     ___FILE_ONLY___           
2022-11-03 10:31:11,248 INFO     ___FILE_ONLY___ RUNNING
2022-11-03 10:31:11,248 INFO     ___FILE_ONLY___ 

2022-11-03 10:31:11,248 INFO     ___FILE_ONLY___ jen-pxc-defa4040-5-cluster3
2022-11-03 10:31:11,248 INFO     ___FILE_ONLY___        
2022-11-03 10:31:11,248 INFO     ___FILE_ONLY___ us-central1-a
2022-11-03 10:31:11,248 INFO     ___FILE_ONLY___    
2022-11-03 10:31:11,248 INFO     ___FILE_ONLY___ 1.21.14-gke.8500
2022-11-03 10:31:11,248 INFO     ___FILE_ONLY___   
2022-11-03 10:31:11,248 INFO     ___FILE_ONLY___ 130.211.206.165
2022-11-03 10:31:11,248 INFO     ___FILE_ONLY___   
2022-11-03 10:31:11,248 INFO     ___FILE_ONLY___ n1-standard-4
2022-11-03 10:31:11,248 INFO     ___FILE_ONLY___   
2022-11-03 10:31:11,248 INFO     ___FILE_ONLY___ 1.21.14-gke.8500
2022-11-03 10:31:11,248 INFO     ___FILE_ONLY___     
2022-11-03 10:31:11,248 INFO     ___FILE_ONLY___ 3
2022-11-03 10:31:11,248 INFO     ___FILE_ONLY___           
2022-11-03 10:31:11,248 INFO     ___FILE_ONLY___ RUNNING
2022-11-03 10:31:11,249 INFO     ___FILE_ONLY___ 

2022-11-03 10:31:11,249 INFO     ___FILE_ONLY___ jen-pxc-defa4040-5-cluster4
2022-11-03 10:31:11,249 INFO     ___FILE_ONLY___        
2022-11-03 10:31:11,249 INFO     ___FILE_ONLY___ us-central1-a
2022-11-03 10:31:11,249 INFO     ___FILE_ONLY___    
2022-11-03 10:31:11,249 INFO     ___FILE_ONLY___ 1.21.14-gke.8500
2022-11-03 10:31:11,249 INFO     ___FILE_ONLY___   
2022-11-03 10:31:11,249 INFO     ___FILE_ONLY___ 34.68.35.63
2022-11-03 10:31:11,249 INFO     ___FILE_ONLY___       
2022-11-03 10:31:11,249 INFO     ___FILE_ONLY___ n1-standard-4
2022-11-03 10:31:11,249 INFO     ___FILE_ONLY___   
2022-11-03 10:31:11,249 INFO     ___FILE_ONLY___ 1.21.14-gke.8500
2022-11-03 10:31:11,249 INFO     ___FILE_ONLY___     
2022-11-03 10:31:11,249 INFO     ___FILE_ONLY___ 3
2022-11-03 10:31:11,249 INFO     ___FILE_ONLY___           
2022-11-03 10:31:11,249 INFO     ___FILE_ONLY___ RUNNING
2022-11-03 10:31:11,249 INFO     ___FILE_ONLY___ 

2022-11-03 10:31:11,249 INFO     ___FILE_ONLY___ jen-pxc-defa4040-5-cluster5
2022-11-03 10:31:11,249 INFO     ___FILE_ONLY___        
2022-11-03 10:31:11,249 INFO     ___FILE_ONLY___ us-central1-a
2022-11-03 10:31:11,249 INFO     ___FILE_ONLY___    
2022-11-03 10:31:11,249 INFO     ___FILE_ONLY___ 1.21.14-gke.8500
2022-11-03 10:31:11,249 INFO     ___FILE_ONLY___   
2022-11-03 10:31:11,249 INFO     ___FILE_ONLY___ 104.198.203.161
2022-11-03 10:31:11,249 INFO     ___FILE_ONLY___   
2022-11-03 10:31:11,249 INFO     ___FILE_ONLY___ n1-standard-4
2022-11-03 10:31:11,249 INFO     ___FILE_ONLY___   
2022-11-03 10:31:11,249 INFO     ___FILE_ONLY___ 1.21.14-gke.8500
2022-11-03 10:31:11,249 INFO     ___FILE_ONLY___     
2022-11-03 10:31:11,249 INFO     ___FILE_ONLY___ 3
2022-11-03 10:31:11,249 INFO     ___FILE_ONLY___           
2022-11-03 10:31:11,249 INFO     ___FILE_ONLY___ RUNNING
2022-11-03 10:31:11,249 INFO     ___FILE_ONLY___ 

2022-11-03 10:31:11,249 INFO     ___FILE_ONLY___ jen-pxc-defa4040-5-cluster6
2022-11-03 10:31:11,249 INFO     ___FILE_ONLY___        
2022-11-03 10:31:11,249 INFO     ___FILE_ONLY___ us-central1-a
2022-11-03 10:31:11,249 INFO     ___FILE_ONLY___    
2022-11-03 10:31:11,249 INFO     ___FILE_ONLY___ 1.21.14-gke.8500
2022-11-03 10:31:11,249 INFO     ___FILE_ONLY___   
2022-11-03 10:31:11,249 INFO     ___FILE_ONLY___ 34.171.88.157
2022-11-03 10:31:11,249 INFO     ___FILE_ONLY___     
2022-11-03 10:31:11,249 INFO     ___FILE_ONLY___ n1-standard-4
2022-11-03 10:31:11,249 INFO     ___FILE_ONLY___   
2022-11-03 10:31:11,249 INFO     ___FILE_ONLY___ 1.21.14-gke.8500
2022-11-03 10:31:11,249 INFO     ___FILE_ONLY___     
2022-11-03 10:31:11,249 INFO     ___FILE_ONLY___ 3
2022-11-03 10:31:11,249 INFO     ___FILE_ONLY___           
2022-11-03 10:31:11,249 INFO     ___FILE_ONLY___ RUNNING
2022-11-03 10:31:11,249 INFO     ___FILE_ONLY___ 

2022-11-03 10:31:11,249 INFO     ___FILE_ONLY___ jen-pxc-defa4040-5-cluster7
2022-11-03 10:31:11,250 INFO     ___FILE_ONLY___        
2022-11-03 10:31:11,250 INFO     ___FILE_ONLY___ us-central1-a
2022-11-03 10:31:11,250 INFO     ___FILE_ONLY___    
2022-11-03 10:31:11,250 INFO     ___FILE_ONLY___ 1.21.14-gke.8500
2022-11-03 10:31:11,250 INFO     ___FILE_ONLY___   
2022-11-03 10:31:11,250 INFO     ___FILE_ONLY___ 34.121.118.86
2022-11-03 10:31:11,250 INFO     ___FILE_ONLY___     
2022-11-03 10:31:11,250 INFO     ___FILE_ONLY___ n1-standard-4
2022-11-03 10:31:11,250 INFO     ___FILE_ONLY___   
2022-11-03 10:31:11,250 INFO     ___FILE_ONLY___ 1.21.14-gke.8500
2022-11-03 10:31:11,250 INFO     ___FILE_ONLY___     
2022-11-03 10:31:11,250 INFO     ___FILE_ONLY___ 3
2022-11-03 10:31:11,250 INFO     ___FILE_ONLY___           
2022-11-03 10:31:11,250 INFO     ___FILE_ONLY___ RUNNING
2022-11-03 10:31:11,250 INFO     ___FILE_ONLY___ 

2022-11-03 10:31:11,250 INFO     ___FILE_ONLY___ jen-pxc-defa4040-5-cluster8
2022-11-03 10:31:11,250 INFO     ___FILE_ONLY___        
2022-11-03 10:31:11,250 INFO     ___FILE_ONLY___ us-central1-a
2022-11-03 10:31:11,250 INFO     ___FILE_ONLY___    
2022-11-03 10:31:11,250 INFO     ___FILE_ONLY___ 1.21.14-gke.8500
2022-11-03 10:31:11,250 INFO     ___FILE_ONLY___   
2022-11-03 10:31:11,250 INFO     ___FILE_ONLY___ 34.123.68.193
2022-11-03 10:31:11,250 INFO     ___FILE_ONLY___     
2022-11-03 10:31:11,250 INFO     ___FILE_ONLY___ n1-standard-4
2022-11-03 10:31:11,250 INFO     ___FILE_ONLY___   
2022-11-03 10:31:11,250 INFO     ___FILE_ONLY___ 1.21.14-gke.8500
2022-11-03 10:31:11,250 INFO     ___FILE_ONLY___     
2022-11-03 10:31:11,250 INFO     ___FILE_ONLY___ 3
2022-11-03 10:31:11,250 INFO     ___FILE_ONLY___           
2022-11-03 10:31:11,250 INFO     ___FILE_ONLY___ RUNNING
2022-11-03 10:31:11,250 INFO     ___FILE_ONLY___ 

2022-11-03 10:31:11,250 INFO     ___FILE_ONLY___ jen-pxc-defa4040-5-cluster9
2022-11-03 10:31:11,250 INFO     ___FILE_ONLY___        
2022-11-03 10:31:11,250 INFO     ___FILE_ONLY___ us-central1-a
2022-11-03 10:31:11,250 INFO     ___FILE_ONLY___    
2022-11-03 10:31:11,250 INFO     ___FILE_ONLY___ 1.21.14-gke.8500
2022-11-03 10:31:11,250 INFO     ___FILE_ONLY___   
2022-11-03 10:31:11,250 INFO     ___FILE_ONLY___ 35.193.131.121
2022-11-03 10:31:11,250 INFO     ___FILE_ONLY___    
2022-11-03 10:31:11,250 INFO     ___FILE_ONLY___ n1-standard-4
2022-11-03 10:31:11,250 INFO     ___FILE_ONLY___   
2022-11-03 10:31:11,250 INFO     ___FILE_ONLY___ 1.21.14-gke.8500
2022-11-03 10:31:11,250 INFO     ___FILE_ONLY___     
2022-11-03 10:31:11,250 INFO     ___FILE_ONLY___ 3
2022-11-03 10:31:11,250 INFO     ___FILE_ONLY___           
2022-11-03 10:31:11,250 INFO     ___FILE_ONLY___ RUNNING
2022-11-03 10:31:11,250 INFO     ___FILE_ONLY___ 

2022-11-03 10:31:11,250 INFO     ___FILE_ONLY___ plavi-121
2022-11-03 10:31:11,250 INFO     ___FILE_ONLY___                          
2022-11-03 10:31:11,250 INFO     ___FILE_ONLY___ us-central1-a
2022-11-03 10:31:11,251 INFO     ___FILE_ONLY___    
2022-11-03 10:31:11,251 INFO     ___FILE_ONLY___ 1.21.14-gke.7100
2022-11-03 10:31:11,251 INFO     ___FILE_ONLY___   
2022-11-03 10:31:11,251 INFO     ___FILE_ONLY___ 34.123.44.231
2022-11-03 10:31:11,251 INFO     ___FILE_ONLY___     
2022-11-03 10:31:11,251 INFO     ___FILE_ONLY___ n1-standard-4
2022-11-03 10:31:11,251 INFO     ___FILE_ONLY___   
2022-11-03 10:31:11,251 INFO     ___FILE_ONLY___ 1.21.14-gke.7100
2022-11-03 10:31:11,251 INFO     ___FILE_ONLY___     
2022-11-03 10:31:11,251 INFO     ___FILE_ONLY___ 3
2022-11-03 10:31:11,251 INFO     ___FILE_ONLY___           
2022-11-03 10:31:11,251 INFO     ___FILE_ONLY___ RUNNING
2022-11-03 10:31:11,251 INFO     ___FILE_ONLY___ 

2022-11-03 10:31:11,251 INFO     ___FILE_ONLY___ natali-22
2022-11-03 10:31:11,251 INFO     ___FILE_ONLY___                          
2022-11-03 10:31:11,251 INFO     ___FILE_ONLY___ us-central1-c
2022-11-03 10:31:11,251 INFO     ___FILE_ONLY___    
2022-11-03 10:31:11,251 INFO     ___FILE_ONLY___ 1.22.15-gke.1000
2022-11-03 10:31:11,251 INFO     ___FILE_ONLY___   
2022-11-03 10:31:11,251 INFO     ___FILE_ONLY___ 34.171.144.7
2022-11-03 10:31:11,251 INFO     ___FILE_ONLY___      
2022-11-03 10:31:11,251 INFO     ___FILE_ONLY___ n1-standard-4
2022-11-03 10:31:11,251 INFO     ___FILE_ONLY___   
2022-11-03 10:31:11,251 INFO     ___FILE_ONLY___ 1.22.15-gke.1000
2022-11-03 10:31:11,251 INFO     ___FILE_ONLY___     
2022-11-03 10:31:11,251 INFO     ___FILE_ONLY___ 3
2022-11-03 10:31:11,251 INFO     ___FILE_ONLY___           
2022-11-03 10:31:11,251 INFO     ___FILE_ONLY___ RUNNING
2022-11-03 10:31:11,251 INFO     ___FILE_ONLY___ 

2022-11-03 10:31:11,251 INFO     ___FILE_ONLY___ 
* - There is an upgrade available for your cluster(s).

To upgrade nodes to the latest available version, run
  $ gcloud container clusters upgrade NAME

2022-11-03 10:31:11,263 DEBUG    root            Metrics reporting process started...
