2022-11-03 10:31:23,289 DEBUG    root            Loaded Command Group: ['gcloud', 'container', 'clusters']
2022-11-03 10:31:23,290 DEBUG    root            Loaded Command Group: ['gcloud', 'container', 'clusters', 'delete']
2022-11-03 10:31:23,302 DEBUG    root            Running [gcloud.container.clusters.delete] with arguments: [--zone: "europe-west3-b", NAME:1: "['inel-27684']"]
2022-11-03 10:31:24,573 DEBUG    urllib3.connectionpool Starting new HTTPS connection (1): container.googleapis.com:443
2022-11-03 10:31:25,090 DEBUG    urllib3.connectionpool https://container.googleapis.com:443 "DELETE /v1/projects/cloud-dev-112233/locations/europe-west3-b/clusters/inel-27684?alt=json HTTP/1.1" 200 None
2022-11-03 10:31:25,096 INFO     ___FILE_ONLY___ Deleting cluster inel-27684...
2022-11-03 10:31:25,100 DEBUG    urllib3.connectionpool Starting new HTTPS connection (1): container.googleapis.com:443
2022-11-03 10:31:25,338 DEBUG    urllib3.connectionpool https://container.googleapis.com:443 "GET /v1/projects/cloud-dev-112233/locations/europe-west3-b/operations/operation-1667467885076-87a017c2?alt=json HTTP/1.1" 200 None
2022-11-03 10:31:30,355 DEBUG    urllib3.connectionpool Starting new HTTPS connection (1): container.googleapis.com:443
2022-11-03 10:31:30,609 DEBUG    urllib3.connectionpool https://container.googleapis.com:443 "GET /v1/projects/cloud-dev-112233/locations/europe-west3-b/operations/operation-1667467885076-87a017c2?alt=json HTTP/1.1" 200 None
2022-11-03 10:31:35,623 DEBUG    urllib3.connectionpool Starting new HTTPS connection (1): container.googleapis.com:443
2022-11-03 10:31:35,852 DEBUG    urllib3.connectionpool https://container.googleapis.com:443 "GET /v1/projects/cloud-dev-112233/locations/europe-west3-b/operations/operation-1667467885076-87a017c2?alt=json HTTP/1.1" 200 None
2022-11-03 10:31:40,867 DEBUG    urllib3.connectionpool Starting new HTTPS connection (1): container.googleapis.com:443
2022-11-03 10:31:41,095 DEBUG    urllib3.connectionpool https://container.googleapis.com:443 "GET /v1/projects/cloud-dev-112233/locations/europe-west3-b/operations/operation-1667467885076-87a017c2?alt=json HTTP/1.1" 200 None
2022-11-03 10:31:46,108 DEBUG    urllib3.connectionpool Starting new HTTPS connection (1): container.googleapis.com:443
2022-11-03 10:31:46,346 DEBUG    urllib3.connectionpool https://container.googleapis.com:443 "GET /v1/projects/cloud-dev-112233/locations/europe-west3-b/operations/operation-1667467885076-87a017c2?alt=json HTTP/1.1" 200 None
2022-11-03 10:31:51,370 DEBUG    urllib3.connectionpool Starting new HTTPS connection (1): container.googleapis.com:443
2022-11-03 10:31:51,606 DEBUG    urllib3.connectionpool https://container.googleapis.com:443 "GET /v1/projects/cloud-dev-112233/locations/europe-west3-b/operations/operation-1667467885076-87a017c2?alt=json HTTP/1.1" 200 None
2022-11-03 10:31:56,617 DEBUG    urllib3.connectionpool Starting new HTTPS connection (1): container.googleapis.com:443
2022-11-03 10:31:56,823 DEBUG    urllib3.connectionpool https://container.googleapis.com:443 "GET /v1/projects/cloud-dev-112233/locations/europe-west3-b/operations/operation-1667467885076-87a017c2?alt=json HTTP/1.1" 200 None
2022-11-03 10:32:01,838 DEBUG    urllib3.connectionpool Starting new HTTPS connection (1): container.googleapis.com:443
2022-11-03 10:32:02,039 DEBUG    urllib3.connectionpool https://container.googleapis.com:443 "GET /v1/projects/cloud-dev-112233/locations/europe-west3-b/operations/operation-1667467885076-87a017c2?alt=json HTTP/1.1" 200 None
2022-11-03 10:32:07,055 DEBUG    urllib3.connectionpool Starting new HTTPS connection (1): container.googleapis.com:443
2022-11-03 10:32:07,271 DEBUG    urllib3.connectionpool https://container.googleapis.com:443 "GET /v1/projects/cloud-dev-112233/locations/europe-west3-b/operations/operation-1667467885076-87a017c2?alt=json HTTP/1.1" 200 None
2022-11-03 10:32:12,291 DEBUG    urllib3.connectionpool Starting new HTTPS connection (1): container.googleapis.com:443
2022-11-03 10:32:12,531 DEBUG    urllib3.connectionpool https://container.googleapis.com:443 "GET /v1/projects/cloud-dev-112233/locations/europe-west3-b/operations/operation-1667467885076-87a017c2?alt=json HTTP/1.1" 200 None
2022-11-03 10:32:17,544 DEBUG    urllib3.connectionpool Starting new HTTPS connection (1): container.googleapis.com:443
2022-11-03 10:32:17,757 DEBUG    urllib3.connectionpool https://container.googleapis.com:443 "GET /v1/projects/cloud-dev-112233/locations/europe-west3-b/operations/operation-1667467885076-87a017c2?alt=json HTTP/1.1" 200 None
2022-11-03 10:32:22,782 DEBUG    urllib3.connectionpool Starting new HTTPS connection (1): container.googleapis.com:443
2022-11-03 10:32:22,995 DEBUG    urllib3.connectionpool https://container.googleapis.com:443 "GET /v1/projects/cloud-dev-112233/locations/europe-west3-b/operations/operation-1667467885076-87a017c2?alt=json HTTP/1.1" 200 None
2022-11-03 10:32:28,020 DEBUG    urllib3.connectionpool Starting new HTTPS connection (1): container.googleapis.com:443
2022-11-03 10:32:28,265 DEBUG    urllib3.connectionpool https://container.googleapis.com:443 "GET /v1/projects/cloud-dev-112233/locations/europe-west3-b/operations/operation-1667467885076-87a017c2?alt=json HTTP/1.1" 200 None
2022-11-03 10:32:33,278 DEBUG    urllib3.connectionpool Starting new HTTPS connection (1): container.googleapis.com:443
2022-11-03 10:32:33,511 DEBUG    urllib3.connectionpool https://container.googleapis.com:443 "GET /v1/projects/cloud-dev-112233/locations/europe-west3-b/operations/operation-1667467885076-87a017c2?alt=json HTTP/1.1" 200 None
2022-11-03 10:32:38,536 DEBUG    urllib3.connectionpool Starting new HTTPS connection (1): container.googleapis.com:443
2022-11-03 10:32:38,773 DEBUG    urllib3.connectionpool https://container.googleapis.com:443 "GET /v1/projects/cloud-dev-112233/locations/europe-west3-b/operations/operation-1667467885076-87a017c2?alt=json HTTP/1.1" 200 None
2022-11-03 10:32:43,798 DEBUG    urllib3.connectionpool Starting new HTTPS connection (1): container.googleapis.com:443
2022-11-03 10:32:44,045 DEBUG    urllib3.connectionpool https://container.googleapis.com:443 "GET /v1/projects/cloud-dev-112233/locations/europe-west3-b/operations/operation-1667467885076-87a017c2?alt=json HTTP/1.1" 200 None
2022-11-03 10:32:49,065 DEBUG    urllib3.connectionpool Starting new HTTPS connection (1): container.googleapis.com:443
2022-11-03 10:32:49,296 DEBUG    urllib3.connectionpool https://container.googleapis.com:443 "GET /v1/projects/cloud-dev-112233/locations/europe-west3-b/operations/operation-1667467885076-87a017c2?alt=json HTTP/1.1" 200 None
2022-11-03 10:32:54,318 DEBUG    urllib3.connectionpool Starting new HTTPS connection (1): container.googleapis.com:443
2022-11-03 10:32:54,531 DEBUG    urllib3.connectionpool https://container.googleapis.com:443 "GET /v1/projects/cloud-dev-112233/locations/europe-west3-b/operations/operation-1667467885076-87a017c2?alt=json HTTP/1.1" 200 None
2022-11-03 10:32:59,553 DEBUG    urllib3.connectionpool Starting new HTTPS connection (1): container.googleapis.com:443
2022-11-03 10:32:59,769 DEBUG    urllib3.connectionpool https://container.googleapis.com:443 "GET /v1/projects/cloud-dev-112233/locations/europe-west3-b/operations/operation-1667467885076-87a017c2?alt=json HTTP/1.1" 200 None
2022-11-03 10:33:04,789 DEBUG    urllib3.connectionpool Starting new HTTPS connection (1): container.googleapis.com:443
2022-11-03 10:33:05,020 DEBUG    urllib3.connectionpool https://container.googleapis.com:443 "GET /v1/projects/cloud-dev-112233/locations/europe-west3-b/operations/operation-1667467885076-87a017c2?alt=json HTTP/1.1" 200 None
2022-11-03 10:33:10,037 DEBUG    urllib3.connectionpool Starting new HTTPS connection (1): container.googleapis.com:443
2022-11-03 10:33:10,250 DEBUG    urllib3.connectionpool https://container.googleapis.com:443 "GET /v1/projects/cloud-dev-112233/locations/europe-west3-b/operations/operation-1667467885076-87a017c2?alt=json HTTP/1.1" 200 None
2022-11-03 10:33:15,267 DEBUG    urllib3.connectionpool Starting new HTTPS connection (1): container.googleapis.com:443
2022-11-03 10:33:15,499 DEBUG    urllib3.connectionpool https://container.googleapis.com:443 "GET /v1/projects/cloud-dev-112233/locations/europe-west3-b/operations/operation-1667467885076-87a017c2?alt=json HTTP/1.1" 200 None
2022-11-03 10:33:20,519 DEBUG    urllib3.connectionpool Starting new HTTPS connection (1): container.googleapis.com:443
2022-11-03 10:33:20,742 DEBUG    urllib3.connectionpool https://container.googleapis.com:443 "GET /v1/projects/cloud-dev-112233/locations/europe-west3-b/operations/operation-1667467885076-87a017c2?alt=json HTTP/1.1" 200 None
2022-11-03 10:33:25,757 DEBUG    urllib3.connectionpool Starting new HTTPS connection (1): container.googleapis.com:443
2022-11-03 10:33:25,975 DEBUG    urllib3.connectionpool https://container.googleapis.com:443 "GET /v1/projects/cloud-dev-112233/locations/europe-west3-b/operations/operation-1667467885076-87a017c2?alt=json HTTP/1.1" 200 None
2022-11-03 10:33:30,990 DEBUG    urllib3.connectionpool Starting new HTTPS connection (1): container.googleapis.com:443
2022-11-03 10:33:31,204 DEBUG    urllib3.connectionpool https://container.googleapis.com:443 "GET /v1/projects/cloud-dev-112233/locations/europe-west3-b/operations/operation-1667467885076-87a017c2?alt=json HTTP/1.1" 200 None
2022-11-03 10:33:36,221 DEBUG    urllib3.connectionpool Starting new HTTPS connection (1): container.googleapis.com:443
2022-11-03 10:33:36,431 DEBUG    urllib3.connectionpool https://container.googleapis.com:443 "GET /v1/projects/cloud-dev-112233/locations/europe-west3-b/operations/operation-1667467885076-87a017c2?alt=json HTTP/1.1" 200 None
2022-11-03 10:33:41,460 DEBUG    urllib3.connectionpool Starting new HTTPS connection (1): container.googleapis.com:443
2022-11-03 10:33:41,672 DEBUG    urllib3.connectionpool https://container.googleapis.com:443 "GET /v1/projects/cloud-dev-112233/locations/europe-west3-b/operations/operation-1667467885076-87a017c2?alt=json HTTP/1.1" 200 None
2022-11-03 10:33:46,691 DEBUG    urllib3.connectionpool Starting new HTTPS connection (1): container.googleapis.com:443
2022-11-03 10:33:46,899 DEBUG    urllib3.connectionpool https://container.googleapis.com:443 "GET /v1/projects/cloud-dev-112233/locations/europe-west3-b/operations/operation-1667467885076-87a017c2?alt=json HTTP/1.1" 200 None
2022-11-03 10:33:51,919 DEBUG    urllib3.connectionpool Starting new HTTPS connection (1): container.googleapis.com:443
2022-11-03 10:33:52,132 DEBUG    urllib3.connectionpool https://container.googleapis.com:443 "GET /v1/projects/cloud-dev-112233/locations/europe-west3-b/operations/operation-1667467885076-87a017c2?alt=json HTTP/1.1" 200 None
2022-11-03 10:33:57,148 DEBUG    urllib3.connectionpool Starting new HTTPS connection (1): container.googleapis.com:443
2022-11-03 10:33:57,381 DEBUG    urllib3.connectionpool https://container.googleapis.com:443 "GET /v1/projects/cloud-dev-112233/locations/europe-west3-b/operations/operation-1667467885076-87a017c2?alt=json HTTP/1.1" 200 None
2022-11-03 10:34:02,398 DEBUG    urllib3.connectionpool Starting new HTTPS connection (1): container.googleapis.com:443
2022-11-03 10:34:02,606 DEBUG    urllib3.connectionpool https://container.googleapis.com:443 "GET /v1/projects/cloud-dev-112233/locations/europe-west3-b/operations/operation-1667467885076-87a017c2?alt=json HTTP/1.1" 200 None
2022-11-03 10:34:07,627 DEBUG    urllib3.connectionpool Starting new HTTPS connection (1): container.googleapis.com:443
2022-11-03 10:34:07,837 DEBUG    urllib3.connectionpool https://container.googleapis.com:443 "GET /v1/projects/cloud-dev-112233/locations/europe-west3-b/operations/operation-1667467885076-87a017c2?alt=json HTTP/1.1" 200 None
2022-11-03 10:34:12,857 DEBUG    urllib3.connectionpool Starting new HTTPS connection (1): container.googleapis.com:443
2022-11-03 10:34:13,075 DEBUG    urllib3.connectionpool https://container.googleapis.com:443 "GET /v1/projects/cloud-dev-112233/locations/europe-west3-b/operations/operation-1667467885076-87a017c2?alt=json HTTP/1.1" 200 None
2022-11-03 10:34:18,094 DEBUG    urllib3.connectionpool Starting new HTTPS connection (1): container.googleapis.com:443
2022-11-03 10:34:18,307 DEBUG    urllib3.connectionpool https://container.googleapis.com:443 "GET /v1/projects/cloud-dev-112233/locations/europe-west3-b/operations/operation-1667467885076-87a017c2?alt=json HTTP/1.1" 200 None
2022-11-03 10:34:23,328 DEBUG    urllib3.connectionpool Starting new HTTPS connection (1): container.googleapis.com:443
2022-11-03 10:34:23,563 DEBUG    urllib3.connectionpool https://container.googleapis.com:443 "GET /v1/projects/cloud-dev-112233/locations/europe-west3-b/operations/operation-1667467885076-87a017c2?alt=json HTTP/1.1" 200 None
2022-11-03 10:34:28,581 DEBUG    urllib3.connectionpool Starting new HTTPS connection (1): container.googleapis.com:443
2022-11-03 10:34:28,795 DEBUG    urllib3.connectionpool https://container.googleapis.com:443 "GET /v1/projects/cloud-dev-112233/locations/europe-west3-b/operations/operation-1667467885076-87a017c2?alt=json HTTP/1.1" 200 None
2022-11-03 10:34:33,813 DEBUG    urllib3.connectionpool Starting new HTTPS connection (1): container.googleapis.com:443
2022-11-03 10:34:34,049 DEBUG    urllib3.connectionpool https://container.googleapis.com:443 "GET /v1/projects/cloud-dev-112233/locations/europe-west3-b/operations/operation-1667467885076-87a017c2?alt=json HTTP/1.1" 200 None
2022-11-03 10:34:39,067 DEBUG    urllib3.connectionpool Starting new HTTPS connection (1): container.googleapis.com:443
2022-11-03 10:34:39,303 DEBUG    urllib3.connectionpool https://container.googleapis.com:443 "GET /v1/projects/cloud-dev-112233/locations/europe-west3-b/operations/operation-1667467885076-87a017c2?alt=json HTTP/1.1" 200 None
2022-11-03 10:34:44,326 DEBUG    urllib3.connectionpool Starting new HTTPS connection (1): container.googleapis.com:443
2022-11-03 10:34:44,538 DEBUG    urllib3.connectionpool https://container.googleapis.com:443 "GET /v1/projects/cloud-dev-112233/locations/europe-west3-b/operations/operation-1667467885076-87a017c2?alt=json HTTP/1.1" 200 None
2022-11-03 10:34:49,558 DEBUG    urllib3.connectionpool Starting new HTTPS connection (1): container.googleapis.com:443
2022-11-03 10:34:49,789 DEBUG    urllib3.connectionpool https://container.googleapis.com:443 "GET /v1/projects/cloud-dev-112233/locations/europe-west3-b/operations/operation-1667467885076-87a017c2?alt=json HTTP/1.1" 200 None
2022-11-03 10:34:49,799 INFO     root            Operation <Operation
 clusterConditions: []
 endTime: '2022-11-03T09:34:46.025499683Z'
 name: 'operation-1667467885076-87a017c2'
 nodepoolConditions: []
 operationType: OperationTypeValueValuesEnum(DELETE_CLUSTER, 2)
 selfLink: 'https://container.googleapis.com/v1/projects/166042509722/zones/europe-west3-b/operations/operation-1667467885076-87a017c2'
 startTime: '2022-11-03T09:31:25.076035099Z'
 status: StatusValueValuesEnum(DONE, 3)
 targetLink: 'https://container.googleapis.com/v1/projects/166042509722/zones/europe-west3-b/clusters/inel-27684'
 zone: 'europe-west3-b'> succeeded after 204.702 seconds
2022-11-03 10:34:50,027 DEBUG    root            Purged cluster config from /Users/inelpandzic/.config/gcloud/kubernetes/cloud-dev-112233_europe-west3-b_inel-27684
2022-11-03 10:34:50,028 INFO     ___FILE_ONLY___ Deleted [https://container.googleapis.com/v1/projects/cloud-dev-112233/zones/europe-west3-b/clusters/inel-27684].

2022-11-03 10:34:50,029 INFO     root            Display format: "none"
2022-11-03 10:34:50,049 DEBUG    root            Metrics reporting process started...
