2022-11-03 11:17:17,447 DEBUG    root            Loaded Command Group: ['gcloud', 'container', 'clusters']
2022-11-03 11:17:17,448 DEBUG    root            Loaded Command Group: ['gcloud', 'container', 'clusters', 'delete']
2022-11-03 11:17:17,461 DEBUG    root            Running [gcloud.container.clusters.delete] with arguments: [--zone: "europe-west3-b", NAME:1: "['inel-16389']"]
2022-11-03 11:17:18,685 DEBUG    urllib3.connectionpool Starting new HTTPS connection (1): container.googleapis.com:443
2022-11-03 11:17:19,191 DEBUG    urllib3.connectionpool https://container.googleapis.com:443 "DELETE /v1/projects/cloud-dev-112233/locations/europe-west3-b/clusters/inel-16389?alt=json HTTP/1.1" 200 None
2022-11-03 11:17:19,194 INFO     ___FILE_ONLY___ Deleting cluster inel-16389...
2022-11-03 11:17:19,200 DEBUG    urllib3.connectionpool Starting new HTTPS connection (1): container.googleapis.com:443
2022-11-03 11:17:19,436 DEBUG    urllib3.connectionpool https://container.googleapis.com:443 "GET /v1/projects/cloud-dev-112233/locations/europe-west3-b/operations/operation-1667470639215-076a1d2e?alt=json HTTP/1.1" 200 None
2022-11-03 11:17:24,444 DEBUG    urllib3.connectionpool Starting new HTTPS connection (1): container.googleapis.com:443
2022-11-03 11:17:24,684 DEBUG    urllib3.connectionpool https://container.googleapis.com:443 "GET /v1/projects/cloud-dev-112233/locations/europe-west3-b/operations/operation-1667470639215-076a1d2e?alt=json HTTP/1.1" 200 None
2022-11-03 11:17:29,707 DEBUG    urllib3.connectionpool Starting new HTTPS connection (1): container.googleapis.com:443
2022-11-03 11:17:29,951 DEBUG    urllib3.connectionpool https://container.googleapis.com:443 "GET /v1/projects/cloud-dev-112233/locations/europe-west3-b/operations/operation-1667470639215-076a1d2e?alt=json HTTP/1.1" 200 None
2022-11-03 11:17:34,967 DEBUG    urllib3.connectionpool Starting new HTTPS connection (1): container.googleapis.com:443
2022-11-03 11:17:35,213 DEBUG    urllib3.connectionpool https://container.googleapis.com:443 "GET /v1/projects/cloud-dev-112233/locations/europe-west3-b/operations/operation-1667470639215-076a1d2e?alt=json HTTP/1.1" 200 None
2022-11-03 11:17:40,240 DEBUG    urllib3.connectionpool Starting new HTTPS connection (1): container.googleapis.com:443
2022-11-03 11:17:40,463 DEBUG    urllib3.connectionpool https://container.googleapis.com:443 "GET /v1/projects/cloud-dev-112233/locations/europe-west3-b/operations/operation-1667470639215-076a1d2e?alt=json HTTP/1.1" 200 None
2022-11-03 11:17:45,482 DEBUG    urllib3.connectionpool Starting new HTTPS connection (1): container.googleapis.com:443
2022-11-03 11:17:45,743 DEBUG    urllib3.connectionpool https://container.googleapis.com:443 "GET /v1/projects/cloud-dev-112233/locations/europe-west3-b/operations/operation-1667470639215-076a1d2e?alt=json HTTP/1.1" 200 None
2022-11-03 11:17:50,761 DEBUG    urllib3.connectionpool Starting new HTTPS connection (1): container.googleapis.com:443
2022-11-03 11:17:51,000 DEBUG    urllib3.connectionpool https://container.googleapis.com:443 "GET /v1/projects/cloud-dev-112233/locations/europe-west3-b/operations/operation-1667470639215-076a1d2e?alt=json HTTP/1.1" 200 None
2022-11-03 11:17:56,028 DEBUG    urllib3.connectionpool Starting new HTTPS connection (1): container.googleapis.com:443
2022-11-03 11:17:56,275 DEBUG    urllib3.connectionpool https://container.googleapis.com:443 "GET /v1/projects/cloud-dev-112233/locations/europe-west3-b/operations/operation-1667470639215-076a1d2e?alt=json HTTP/1.1" 200 None
2022-11-03 11:18:01,293 DEBUG    urllib3.connectionpool Starting new HTTPS connection (1): container.googleapis.com:443
2022-11-03 11:18:01,502 DEBUG    urllib3.connectionpool https://container.googleapis.com:443 "GET /v1/projects/cloud-dev-112233/locations/europe-west3-b/operations/operation-1667470639215-076a1d2e?alt=json HTTP/1.1" 200 None
2022-11-03 11:18:06,521 DEBUG    urllib3.connectionpool Starting new HTTPS connection (1): container.googleapis.com:443
2022-11-03 11:18:06,769 DEBUG    urllib3.connectionpool https://container.googleapis.com:443 "GET /v1/projects/cloud-dev-112233/locations/europe-west3-b/operations/operation-1667470639215-076a1d2e?alt=json HTTP/1.1" 200 None
2022-11-03 11:18:11,790 DEBUG    urllib3.connectionpool Starting new HTTPS connection (1): container.googleapis.com:443
2022-11-03 11:18:12,012 DEBUG    urllib3.connectionpool https://container.googleapis.com:443 "GET /v1/projects/cloud-dev-112233/locations/europe-west3-b/operations/operation-1667470639215-076a1d2e?alt=json HTTP/1.1" 200 None
2022-11-03 11:18:17,040 DEBUG    urllib3.connectionpool Starting new HTTPS connection (1): container.googleapis.com:443
2022-11-03 11:18:17,254 DEBUG    urllib3.connectionpool https://container.googleapis.com:443 "GET /v1/projects/cloud-dev-112233/locations/europe-west3-b/operations/operation-1667470639215-076a1d2e?alt=json HTTP/1.1" 200 None
2022-11-03 11:18:22,274 DEBUG    urllib3.connectionpool Starting new HTTPS connection (1): container.googleapis.com:443
2022-11-03 11:18:22,514 DEBUG    urllib3.connectionpool https://container.googleapis.com:443 "GET /v1/projects/cloud-dev-112233/locations/europe-west3-b/operations/operation-1667470639215-076a1d2e?alt=json HTTP/1.1" 200 None
2022-11-03 11:18:27,535 DEBUG    urllib3.connectionpool Starting new HTTPS connection (1): container.googleapis.com:443
2022-11-03 11:18:27,780 DEBUG    urllib3.connectionpool https://container.googleapis.com:443 "GET /v1/projects/cloud-dev-112233/locations/europe-west3-b/operations/operation-1667470639215-076a1d2e?alt=json HTTP/1.1" 200 None
2022-11-03 11:18:32,806 DEBUG    urllib3.connectionpool Starting new HTTPS connection (1): container.googleapis.com:443
2022-11-03 11:18:33,052 DEBUG    urllib3.connectionpool https://container.googleapis.com:443 "GET /v1/projects/cloud-dev-112233/locations/europe-west3-b/operations/operation-1667470639215-076a1d2e?alt=json HTTP/1.1" 200 None
2022-11-03 11:18:38,077 DEBUG    urllib3.connectionpool Starting new HTTPS connection (1): container.googleapis.com:443
2022-11-03 11:18:38,332 DEBUG    urllib3.connectionpool https://container.googleapis.com:443 "GET /v1/projects/cloud-dev-112233/locations/europe-west3-b/operations/operation-1667470639215-076a1d2e?alt=json HTTP/1.1" 200 None
2022-11-03 11:18:43,362 DEBUG    urllib3.connectionpool Starting new HTTPS connection (1): container.googleapis.com:443
2022-11-03 11:18:43,570 DEBUG    urllib3.connectionpool https://container.googleapis.com:443 "GET /v1/projects/cloud-dev-112233/locations/europe-west3-b/operations/operation-1667470639215-076a1d2e?alt=json HTTP/1.1" 200 None
2022-11-03 11:18:48,591 DEBUG    urllib3.connectionpool Starting new HTTPS connection (1): container.googleapis.com:443
2022-11-03 11:18:48,807 DEBUG    urllib3.connectionpool https://container.googleapis.com:443 "GET /v1/projects/cloud-dev-112233/locations/europe-west3-b/operations/operation-1667470639215-076a1d2e?alt=json HTTP/1.1" 200 None
2022-11-03 11:18:53,826 DEBUG    urllib3.connectionpool Starting new HTTPS connection (1): container.googleapis.com:443
2022-11-03 11:18:54,056 DEBUG    urllib3.connectionpool https://container.googleapis.com:443 "GET /v1/projects/cloud-dev-112233/locations/europe-west3-b/operations/operation-1667470639215-076a1d2e?alt=json HTTP/1.1" 200 None
2022-11-03 11:18:59,079 DEBUG    urllib3.connectionpool Starting new HTTPS connection (1): container.googleapis.com:443
2022-11-03 11:18:59,312 DEBUG    urllib3.connectionpool https://container.googleapis.com:443 "GET /v1/projects/cloud-dev-112233/locations/europe-west3-b/operations/operation-1667470639215-076a1d2e?alt=json HTTP/1.1" 200 None
2022-11-03 11:19:04,323 DEBUG    urllib3.connectionpool Starting new HTTPS connection (1): container.googleapis.com:443
2022-11-03 11:19:04,560 DEBUG    urllib3.connectionpool https://container.googleapis.com:443 "GET /v1/projects/cloud-dev-112233/locations/europe-west3-b/operations/operation-1667470639215-076a1d2e?alt=json HTTP/1.1" 200 None
2022-11-03 11:19:09,579 DEBUG    urllib3.connectionpool Starting new HTTPS connection (1): container.googleapis.com:443
2022-11-03 11:19:09,803 DEBUG    urllib3.connectionpool https://container.googleapis.com:443 "GET /v1/projects/cloud-dev-112233/locations/europe-west3-b/operations/operation-1667470639215-076a1d2e?alt=json HTTP/1.1" 200 None
2022-11-03 11:19:14,825 DEBUG    urllib3.connectionpool Starting new HTTPS connection (1): container.googleapis.com:443
2022-11-03 11:19:15,035 DEBUG    urllib3.connectionpool https://container.googleapis.com:443 "GET /v1/projects/cloud-dev-112233/locations/europe-west3-b/operations/operation-1667470639215-076a1d2e?alt=json HTTP/1.1" 200 None
2022-11-03 11:19:20,059 DEBUG    urllib3.connectionpool Starting new HTTPS connection (1): container.googleapis.com:443
2022-11-03 11:19:20,314 DEBUG    urllib3.connectionpool https://container.googleapis.com:443 "GET /v1/projects/cloud-dev-112233/locations/europe-west3-b/operations/operation-1667470639215-076a1d2e?alt=json HTTP/1.1" 200 None
2022-11-03 11:19:25,354 DEBUG    urllib3.connectionpool Starting new HTTPS connection (1): container.googleapis.com:443
2022-11-03 11:19:25,571 DEBUG    urllib3.connectionpool https://container.googleapis.com:443 "GET /v1/projects/cloud-dev-112233/locations/europe-west3-b/operations/operation-1667470639215-076a1d2e?alt=json HTTP/1.1" 200 None
2022-11-03 11:19:30,599 DEBUG    urllib3.connectionpool Starting new HTTPS connection (1): container.googleapis.com:443
2022-11-03 11:19:30,813 DEBUG    urllib3.connectionpool https://container.googleapis.com:443 "GET /v1/projects/cloud-dev-112233/locations/europe-west3-b/operations/operation-1667470639215-076a1d2e?alt=json HTTP/1.1" 200 None
2022-11-03 11:19:35,859 DEBUG    urllib3.connectionpool Starting new HTTPS connection (1): container.googleapis.com:443
2022-11-03 11:19:36,082 DEBUG    urllib3.connectionpool https://container.googleapis.com:443 "GET /v1/projects/cloud-dev-112233/locations/europe-west3-b/operations/operation-1667470639215-076a1d2e?alt=json HTTP/1.1" 200 None
2022-11-03 11:19:41,115 DEBUG    urllib3.connectionpool Starting new HTTPS connection (1): container.googleapis.com:443
2022-11-03 11:19:41,322 DEBUG    urllib3.connectionpool https://container.googleapis.com:443 "GET /v1/projects/cloud-dev-112233/locations/europe-west3-b/operations/operation-1667470639215-076a1d2e?alt=json HTTP/1.1" 200 None
2022-11-03 11:19:46,359 DEBUG    urllib3.connectionpool Starting new HTTPS connection (1): container.googleapis.com:443
2022-11-03 11:19:46,601 DEBUG    urllib3.connectionpool https://container.googleapis.com:443 "GET /v1/projects/cloud-dev-112233/locations/europe-west3-b/operations/operation-1667470639215-076a1d2e?alt=json HTTP/1.1" 200 None
2022-11-03 11:19:51,638 DEBUG    urllib3.connectionpool Starting new HTTPS connection (1): container.googleapis.com:443
2022-11-03 11:19:51,894 DEBUG    urllib3.connectionpool https://container.googleapis.com:443 "GET /v1/projects/cloud-dev-112233/locations/europe-west3-b/operations/operation-1667470639215-076a1d2e?alt=json HTTP/1.1" 200 None
2022-11-03 11:19:56,923 DEBUG    urllib3.connectionpool Starting new HTTPS connection (1): container.googleapis.com:443
2022-11-03 11:19:57,143 DEBUG    urllib3.connectionpool https://container.googleapis.com:443 "GET /v1/projects/cloud-dev-112233/locations/europe-west3-b/operations/operation-1667470639215-076a1d2e?alt=json HTTP/1.1" 200 None
2022-11-03 11:20:02,171 DEBUG    urllib3.connectionpool Starting new HTTPS connection (1): container.googleapis.com:443
2022-11-03 11:20:02,394 DEBUG    urllib3.connectionpool https://container.googleapis.com:443 "GET /v1/projects/cloud-dev-112233/locations/europe-west3-b/operations/operation-1667470639215-076a1d2e?alt=json HTTP/1.1" 200 None
2022-11-03 11:20:07,402 DEBUG    urllib3.connectionpool Starting new HTTPS connection (1): container.googleapis.com:443
2022-11-03 11:20:07,642 DEBUG    urllib3.connectionpool https://container.googleapis.com:443 "GET /v1/projects/cloud-dev-112233/locations/europe-west3-b/operations/operation-1667470639215-076a1d2e?alt=json HTTP/1.1" 200 None
2022-11-03 11:20:12,662 DEBUG    urllib3.connectionpool Starting new HTTPS connection (1): container.googleapis.com:443
2022-11-03 11:20:12,898 DEBUG    urllib3.connectionpool https://container.googleapis.com:443 "GET /v1/projects/cloud-dev-112233/locations/europe-west3-b/operations/operation-1667470639215-076a1d2e?alt=json HTTP/1.1" 200 None
2022-11-03 11:20:12,903 INFO     root            Operation <Operation
 clusterConditions: []
 endTime: '2022-11-03T10:20:11.929739349Z'
 name: 'operation-1667470639215-076a1d2e'
 nodepoolConditions: []
 operationType: OperationTypeValueValuesEnum(DELETE_CLUSTER, 2)
 selfLink: 'https://container.googleapis.com/v1/projects/166042509722/zones/europe-west3-b/operations/operation-1667470639215-076a1d2e'
 startTime: '2022-11-03T10:17:19.21550562Z'
 status: StatusValueValuesEnum(DONE, 3)
 targetLink: 'https://container.googleapis.com/v1/projects/166042509722/zones/europe-west3-b/clusters/inel-16389'
 zone: 'europe-west3-b'> succeeded after 173.709 seconds
2022-11-03 11:20:13,050 DEBUG    root            Purged cluster config from /Users/inelpandzic/.config/gcloud/kubernetes/cloud-dev-112233_europe-west3-b_inel-16389
2022-11-03 11:20:13,051 INFO     ___FILE_ONLY___ Deleted [https://container.googleapis.com/v1/projects/cloud-dev-112233/zones/europe-west3-b/clusters/inel-16389].

2022-11-03 11:20:13,052 INFO     root            Display format: "none"
2022-11-03 11:20:13,066 DEBUG    root            Metrics reporting process started...
