2022-11-03 11:17:27,490 DEBUG    root            Loaded Command Group: ['gcloud', 'container', 'clusters']
2022-11-03 11:17:27,493 DEBUG    root            Loaded Command Group: ['gcloud', 'container', 'clusters', 'create']
2022-11-03 11:17:27,509 DEBUG    root            Running [gcloud.container.clusters.create] with arguments: [--cluster-version: "1.21", --machine-type: "n1-standard-4", --num-nodes: "3", --preemptible: "True", --zone: "europe-west3-b", NAME: "inel-10696"]
2022-11-03 11:17:27,512 INFO     ___FILE_ONLY___ Default change: VPC-native is the default mode during cluster creation for versions greater than 1.21.0-gke.1500. To create advanced routes based clusters, please pass the `--no-enable-ip-alias` flag

2022-11-03 11:17:27,513 INFO     ___FILE_ONLY___ Note: Your Pod address range (`--cluster-ipv4-cidr`) can accommodate at most 1008 node(s).

2022-11-03 11:17:27,522 DEBUG    urllib3.connectionpool Starting new HTTPS connection (1): container.googleapis.com:443
2022-11-03 11:17:30,723 DEBUG    urllib3.connectionpool https://container.googleapis.com:443 "POST /v1/projects/cloud-dev-112233/locations/europe-west3-b/clusters?alt=json HTTP/1.1" 200 None
2022-11-03 11:17:30,730 INFO     ___FILE_ONLY___ Creating cluster inel-10696 in europe-west3-b...
2022-11-03 11:17:30,741 DEBUG    urllib3.connectionpool Starting new HTTPS connection (1): container.googleapis.com:443
2022-11-03 11:17:30,983 DEBUG    urllib3.connectionpool https://container.googleapis.com:443 "GET /v1/projects/cloud-dev-112233/locations/europe-west3-b/operations/operation-1667470650724-d174aebe?alt=json HTTP/1.1" 200 None
2022-11-03 11:17:36,009 DEBUG    urllib3.connectionpool Starting new HTTPS connection (1): container.googleapis.com:443
2022-11-03 11:17:36,225 DEBUG    urllib3.connectionpool https://container.googleapis.com:443 "GET /v1/projects/cloud-dev-112233/locations/europe-west3-b/operations/operation-1667470650724-d174aebe?alt=json HTTP/1.1" 200 None
2022-11-03 11:17:41,258 DEBUG    urllib3.connectionpool Starting new HTTPS connection (1): container.googleapis.com:443
2022-11-03 11:17:41,479 DEBUG    urllib3.connectionpool https://container.googleapis.com:443 "GET /v1/projects/cloud-dev-112233/locations/europe-west3-b/operations/operation-1667470650724-d174aebe?alt=json HTTP/1.1" 200 None
2022-11-03 11:17:46,499 DEBUG    urllib3.connectionpool Starting new HTTPS connection (1): container.googleapis.com:443
2022-11-03 11:17:46,737 DEBUG    urllib3.connectionpool https://container.googleapis.com:443 "GET /v1/projects/cloud-dev-112233/locations/europe-west3-b/operations/operation-1667470650724-d174aebe?alt=json HTTP/1.1" 200 None
2022-11-03 11:17:51,756 DEBUG    urllib3.connectionpool Starting new HTTPS connection (1): container.googleapis.com:443
2022-11-03 11:17:51,995 DEBUG    urllib3.connectionpool https://container.googleapis.com:443 "GET /v1/projects/cloud-dev-112233/locations/europe-west3-b/operations/operation-1667470650724-d174aebe?alt=json HTTP/1.1" 200 None
2022-11-03 11:17:57,027 DEBUG    urllib3.connectionpool Starting new HTTPS connection (1): container.googleapis.com:443
2022-11-03 11:17:57,292 DEBUG    urllib3.connectionpool https://container.googleapis.com:443 "GET /v1/projects/cloud-dev-112233/locations/europe-west3-b/operations/operation-1667470650724-d174aebe?alt=json HTTP/1.1" 200 None
2022-11-03 11:18:02,310 DEBUG    urllib3.connectionpool Starting new HTTPS connection (1): container.googleapis.com:443
2022-11-03 11:18:02,525 DEBUG    urllib3.connectionpool https://container.googleapis.com:443 "GET /v1/projects/cloud-dev-112233/locations/europe-west3-b/operations/operation-1667470650724-d174aebe?alt=json HTTP/1.1" 200 None
2022-11-03 11:18:07,560 DEBUG    urllib3.connectionpool Starting new HTTPS connection (1): container.googleapis.com:443
2022-11-03 11:18:07,816 DEBUG    urllib3.connectionpool https://container.googleapis.com:443 "GET /v1/projects/cloud-dev-112233/locations/europe-west3-b/operations/operation-1667470650724-d174aebe?alt=json HTTP/1.1" 200 None
2022-11-03 11:18:12,843 DEBUG    urllib3.connectionpool Starting new HTTPS connection (1): container.googleapis.com:443
2022-11-03 11:18:13,072 DEBUG    urllib3.connectionpool https://container.googleapis.com:443 "GET /v1/projects/cloud-dev-112233/locations/europe-west3-b/operations/operation-1667470650724-d174aebe?alt=json HTTP/1.1" 200 None
2022-11-03 11:18:18,096 DEBUG    urllib3.connectionpool Starting new HTTPS connection (1): container.googleapis.com:443
2022-11-03 11:18:18,343 DEBUG    urllib3.connectionpool https://container.googleapis.com:443 "GET /v1/projects/cloud-dev-112233/locations/europe-west3-b/operations/operation-1667470650724-d174aebe?alt=json HTTP/1.1" 200 None
2022-11-03 11:18:23,369 DEBUG    urllib3.connectionpool Starting new HTTPS connection (1): container.googleapis.com:443
2022-11-03 11:18:23,592 DEBUG    urllib3.connectionpool https://container.googleapis.com:443 "GET /v1/projects/cloud-dev-112233/locations/europe-west3-b/operations/operation-1667470650724-d174aebe?alt=json HTTP/1.1" 200 None
2022-11-03 11:18:28,616 DEBUG    urllib3.connectionpool Starting new HTTPS connection (1): container.googleapis.com:443
2022-11-03 11:18:28,840 DEBUG    urllib3.connectionpool https://container.googleapis.com:443 "GET /v1/projects/cloud-dev-112233/locations/europe-west3-b/operations/operation-1667470650724-d174aebe?alt=json HTTP/1.1" 200 None
2022-11-03 11:18:33,865 DEBUG    urllib3.connectionpool Starting new HTTPS connection (1): container.googleapis.com:443
2022-11-03 11:18:34,116 DEBUG    urllib3.connectionpool https://container.googleapis.com:443 "GET /v1/projects/cloud-dev-112233/locations/europe-west3-b/operations/operation-1667470650724-d174aebe?alt=json HTTP/1.1" 200 None
2022-11-03 11:18:39,145 DEBUG    urllib3.connectionpool Starting new HTTPS connection (1): container.googleapis.com:443
2022-11-03 11:18:39,397 DEBUG    urllib3.connectionpool https://container.googleapis.com:443 "GET /v1/projects/cloud-dev-112233/locations/europe-west3-b/operations/operation-1667470650724-d174aebe?alt=json HTTP/1.1" 200 None
2022-11-03 11:18:44,419 DEBUG    urllib3.connectionpool Starting new HTTPS connection (1): container.googleapis.com:443
2022-11-03 11:18:44,654 DEBUG    urllib3.connectionpool https://container.googleapis.com:443 "GET /v1/projects/cloud-dev-112233/locations/europe-west3-b/operations/operation-1667470650724-d174aebe?alt=json HTTP/1.1" 200 None
2022-11-03 11:18:49,673 DEBUG    urllib3.connectionpool Starting new HTTPS connection (1): container.googleapis.com:443
2022-11-03 11:18:49,877 DEBUG    urllib3.connectionpool https://container.googleapis.com:443 "GET /v1/projects/cloud-dev-112233/locations/europe-west3-b/operations/operation-1667470650724-d174aebe?alt=json HTTP/1.1" 200 None
2022-11-03 11:18:54,889 DEBUG    urllib3.connectionpool Starting new HTTPS connection (1): container.googleapis.com:443
2022-11-03 11:18:55,091 DEBUG    urllib3.connectionpool https://container.googleapis.com:443 "GET /v1/projects/cloud-dev-112233/locations/europe-west3-b/operations/operation-1667470650724-d174aebe?alt=json HTTP/1.1" 200 None
2022-11-03 11:19:00,107 DEBUG    urllib3.connectionpool Starting new HTTPS connection (1): container.googleapis.com:443
2022-11-03 11:19:00,331 DEBUG    urllib3.connectionpool https://container.googleapis.com:443 "GET /v1/projects/cloud-dev-112233/locations/europe-west3-b/operations/operation-1667470650724-d174aebe?alt=json HTTP/1.1" 200 None
2022-11-03 11:19:05,349 DEBUG    urllib3.connectionpool Starting new HTTPS connection (1): container.googleapis.com:443
2022-11-03 11:19:05,591 DEBUG    urllib3.connectionpool https://container.googleapis.com:443 "GET /v1/projects/cloud-dev-112233/locations/europe-west3-b/operations/operation-1667470650724-d174aebe?alt=json HTTP/1.1" 200 None
2022-11-03 11:19:10,619 DEBUG    urllib3.connectionpool Starting new HTTPS connection (1): container.googleapis.com:443
2022-11-03 11:19:10,832 DEBUG    urllib3.connectionpool https://container.googleapis.com:443 "GET /v1/projects/cloud-dev-112233/locations/europe-west3-b/operations/operation-1667470650724-d174aebe?alt=json HTTP/1.1" 200 None
2022-11-03 11:19:15,867 DEBUG    urllib3.connectionpool Starting new HTTPS connection (1): container.googleapis.com:443
2022-11-03 11:19:16,090 DEBUG    urllib3.connectionpool https://container.googleapis.com:443 "GET /v1/projects/cloud-dev-112233/locations/europe-west3-b/operations/operation-1667470650724-d174aebe?alt=json HTTP/1.1" 200 None
2022-11-03 11:19:21,114 DEBUG    urllib3.connectionpool Starting new HTTPS connection (1): container.googleapis.com:443
2022-11-03 11:19:21,354 DEBUG    urllib3.connectionpool https://container.googleapis.com:443 "GET /v1/projects/cloud-dev-112233/locations/europe-west3-b/operations/operation-1667470650724-d174aebe?alt=json HTTP/1.1" 200 None
2022-11-03 11:19:26,366 DEBUG    urllib3.connectionpool Starting new HTTPS connection (1): container.googleapis.com:443
2022-11-03 11:19:26,592 DEBUG    urllib3.connectionpool https://container.googleapis.com:443 "GET /v1/projects/cloud-dev-112233/locations/europe-west3-b/operations/operation-1667470650724-d174aebe?alt=json HTTP/1.1" 200 None
2022-11-03 11:19:31,611 DEBUG    urllib3.connectionpool Starting new HTTPS connection (1): container.googleapis.com:443
2022-11-03 11:19:31,826 DEBUG    urllib3.connectionpool https://container.googleapis.com:443 "GET /v1/projects/cloud-dev-112233/locations/europe-west3-b/operations/operation-1667470650724-d174aebe?alt=json HTTP/1.1" 200 None
2022-11-03 11:19:36,863 DEBUG    urllib3.connectionpool Starting new HTTPS connection (1): container.googleapis.com:443
2022-11-03 11:19:37,117 DEBUG    urllib3.connectionpool https://container.googleapis.com:443 "GET /v1/projects/cloud-dev-112233/locations/europe-west3-b/operations/operation-1667470650724-d174aebe?alt=json HTTP/1.1" 200 None
2022-11-03 11:19:42,142 DEBUG    urllib3.connectionpool Starting new HTTPS connection (1): container.googleapis.com:443
2022-11-03 11:19:42,400 DEBUG    urllib3.connectionpool https://container.googleapis.com:443 "GET /v1/projects/cloud-dev-112233/locations/europe-west3-b/operations/operation-1667470650724-d174aebe?alt=json HTTP/1.1" 200 None
2022-11-03 11:19:47,415 DEBUG    urllib3.connectionpool Starting new HTTPS connection (1): container.googleapis.com:443
2022-11-03 11:19:47,630 DEBUG    urllib3.connectionpool https://container.googleapis.com:443 "GET /v1/projects/cloud-dev-112233/locations/europe-west3-b/operations/operation-1667470650724-d174aebe?alt=json HTTP/1.1" 200 None
2022-11-03 11:19:52,657 DEBUG    urllib3.connectionpool Starting new HTTPS connection (1): container.googleapis.com:443
2022-11-03 11:19:52,895 DEBUG    urllib3.connectionpool https://container.googleapis.com:443 "GET /v1/projects/cloud-dev-112233/locations/europe-west3-b/operations/operation-1667470650724-d174aebe?alt=json HTTP/1.1" 200 None
2022-11-03 11:19:57,917 DEBUG    urllib3.connectionpool Starting new HTTPS connection (1): container.googleapis.com:443
2022-11-03 11:19:58,168 DEBUG    urllib3.connectionpool https://container.googleapis.com:443 "GET /v1/projects/cloud-dev-112233/locations/europe-west3-b/operations/operation-1667470650724-d174aebe?alt=json HTTP/1.1" 200 None
2022-11-03 11:20:04,050 DEBUG    urllib3.connectionpool Starting new HTTPS connection (1): container.googleapis.com:443
2022-11-03 11:20:04,311 DEBUG    urllib3.connectionpool https://container.googleapis.com:443 "GET /v1/projects/cloud-dev-112233/locations/europe-west3-b/operations/operation-1667470650724-d174aebe?alt=json HTTP/1.1" 200 None
2022-11-03 11:20:09,332 DEBUG    urllib3.connectionpool Starting new HTTPS connection (1): container.googleapis.com:443
2022-11-03 11:20:09,545 DEBUG    urllib3.connectionpool https://container.googleapis.com:443 "GET /v1/projects/cloud-dev-112233/locations/europe-west3-b/operations/operation-1667470650724-d174aebe?alt=json HTTP/1.1" 200 None
2022-11-03 11:20:14,562 DEBUG    urllib3.connectionpool Starting new HTTPS connection (1): container.googleapis.com:443
2022-11-03 11:20:14,799 DEBUG    urllib3.connectionpool https://container.googleapis.com:443 "GET /v1/projects/cloud-dev-112233/locations/europe-west3-b/operations/operation-1667470650724-d174aebe?alt=json HTTP/1.1" 200 None
2022-11-03 11:20:19,825 DEBUG    urllib3.connectionpool Starting new HTTPS connection (1): container.googleapis.com:443
2022-11-03 11:20:20,077 DEBUG    urllib3.connectionpool https://container.googleapis.com:443 "GET /v1/projects/cloud-dev-112233/locations/europe-west3-b/operations/operation-1667470650724-d174aebe?alt=json HTTP/1.1" 200 None
2022-11-03 11:20:25,107 DEBUG    urllib3.connectionpool Starting new HTTPS connection (1): container.googleapis.com:443
2022-11-03 11:20:25,351 DEBUG    urllib3.connectionpool https://container.googleapis.com:443 "GET /v1/projects/cloud-dev-112233/locations/europe-west3-b/operations/operation-1667470650724-d174aebe?alt=json HTTP/1.1" 200 None
2022-11-03 11:20:30,385 DEBUG    urllib3.connectionpool Starting new HTTPS connection (1): container.googleapis.com:443
2022-11-03 11:20:30,595 DEBUG    urllib3.connectionpool https://container.googleapis.com:443 "GET /v1/projects/cloud-dev-112233/locations/europe-west3-b/operations/operation-1667470650724-d174aebe?alt=json HTTP/1.1" 200 None
2022-11-03 11:20:35,604 DEBUG    urllib3.connectionpool Starting new HTTPS connection (1): container.googleapis.com:443
2022-11-03 11:20:35,828 DEBUG    urllib3.connectionpool https://container.googleapis.com:443 "GET /v1/projects/cloud-dev-112233/locations/europe-west3-b/operations/operation-1667470650724-d174aebe?alt=json HTTP/1.1" 200 None
2022-11-03 11:20:40,849 DEBUG    urllib3.connectionpool Starting new HTTPS connection (1): container.googleapis.com:443
2022-11-03 11:20:41,102 DEBUG    urllib3.connectionpool https://container.googleapis.com:443 "GET /v1/projects/cloud-dev-112233/locations/europe-west3-b/operations/operation-1667470650724-d174aebe?alt=json HTTP/1.1" 200 None
2022-11-03 11:20:46,124 DEBUG    urllib3.connectionpool Starting new HTTPS connection (1): container.googleapis.com:443
2022-11-03 11:20:46,360 DEBUG    urllib3.connectionpool https://container.googleapis.com:443 "GET /v1/projects/cloud-dev-112233/locations/europe-west3-b/operations/operation-1667470650724-d174aebe?alt=json HTTP/1.1" 200 None
2022-11-03 11:20:51,401 DEBUG    urllib3.connectionpool Starting new HTTPS connection (1): container.googleapis.com:443
2022-11-03 11:20:51,634 DEBUG    urllib3.connectionpool https://container.googleapis.com:443 "GET /v1/projects/cloud-dev-112233/locations/europe-west3-b/operations/operation-1667470650724-d174aebe?alt=json HTTP/1.1" 200 None
2022-11-03 11:20:56,655 DEBUG    urllib3.connectionpool Starting new HTTPS connection (1): container.googleapis.com:443
2022-11-03 11:20:56,892 DEBUG    urllib3.connectionpool https://container.googleapis.com:443 "GET /v1/projects/cloud-dev-112233/locations/europe-west3-b/operations/operation-1667470650724-d174aebe?alt=json HTTP/1.1" 200 None
2022-11-03 11:21:01,931 DEBUG    urllib3.connectionpool Starting new HTTPS connection (1): container.googleapis.com:443
2022-11-03 11:21:02,170 DEBUG    urllib3.connectionpool https://container.googleapis.com:443 "GET /v1/projects/cloud-dev-112233/locations/europe-west3-b/operations/operation-1667470650724-d174aebe?alt=json HTTP/1.1" 200 None
2022-11-03 11:21:07,199 DEBUG    urllib3.connectionpool Starting new HTTPS connection (1): container.googleapis.com:443
2022-11-03 11:21:07,444 DEBUG    urllib3.connectionpool https://container.googleapis.com:443 "GET /v1/projects/cloud-dev-112233/locations/europe-west3-b/operations/operation-1667470650724-d174aebe?alt=json HTTP/1.1" 200 None
2022-11-03 11:21:12,466 DEBUG    urllib3.connectionpool Starting new HTTPS connection (1): container.googleapis.com:443
2022-11-03 11:21:12,718 DEBUG    urllib3.connectionpool https://container.googleapis.com:443 "GET /v1/projects/cloud-dev-112233/locations/europe-west3-b/operations/operation-1667470650724-d174aebe?alt=json HTTP/1.1" 200 None
2022-11-03 11:21:17,743 DEBUG    urllib3.connectionpool Starting new HTTPS connection (1): container.googleapis.com:443
2022-11-03 11:21:17,948 DEBUG    urllib3.connectionpool https://container.googleapis.com:443 "GET /v1/projects/cloud-dev-112233/locations/europe-west3-b/operations/operation-1667470650724-d174aebe?alt=json HTTP/1.1" 200 None
2022-11-03 11:21:22,980 DEBUG    urllib3.connectionpool Starting new HTTPS connection (1): container.googleapis.com:443
2022-11-03 11:21:23,222 DEBUG    urllib3.connectionpool https://container.googleapis.com:443 "GET /v1/projects/cloud-dev-112233/locations/europe-west3-b/operations/operation-1667470650724-d174aebe?alt=json HTTP/1.1" 200 None
2022-11-03 11:21:23,230 INFO     root            Operation <Operation
 clusterConditions: []
 endTime: '2022-11-03T10:21:20.358082834Z'
 name: 'operation-1667470650724-d174aebe'
 nodepoolConditions: []
 operationType: OperationTypeValueValuesEnum(CREATE_CLUSTER, 1)
 progress: <OperationProgress
 metrics: [<Metric
 intValue: 4
 name: 'CLUSTER_CONFIGURING'>, <Metric
 intValue: 4
 name: 'CLUSTER_CONFIGURING_TOTAL'>, <Metric
 intValue: 7
 name: 'CLUSTER_DEPLOYING'>, <Metric
 intValue: 7
 name: 'CLUSTER_DEPLOYING_TOTAL'>, <Metric
 intValue: 1
 name: 'CLUSTER_HEALTHCHECKING'>, <Metric
 intValue: 2
 name: 'CLUSTER_HEALTHCHECKING_TOTAL'>]
 stages: []>
 selfLink: 'https://container.googleapis.com/v1/projects/166042509722/zones/europe-west3-b/operations/operation-1667470650724-d174aebe'
 startTime: '2022-11-03T10:17:30.724199171Z'
 status: StatusValueValuesEnum(DONE, 3)
 targetLink: 'https://container.googleapis.com/v1/projects/166042509722/zones/europe-west3-b/clusters/inel-10696'
 zone: 'europe-west3-b'> succeeded after 232.498 seconds
2022-11-03 11:21:23,328 DEBUG    urllib3.connectionpool Starting new HTTPS connection (1): container.googleapis.com:443
2022-11-03 11:21:23,586 DEBUG    urllib3.connectionpool https://container.googleapis.com:443 "GET /v1/projects/cloud-dev-112233/locations/europe-west3-b/clusters/inel-10696?alt=json HTTP/1.1" 200 None
2022-11-03 11:21:23,620 INFO     ___FILE_ONLY___ Created [https://container.googleapis.com/v1/projects/cloud-dev-112233/zones/europe-west3-b/clusters/inel-10696].

2022-11-03 11:21:23,621 INFO     ___FILE_ONLY___ To inspect the contents of your cluster, go to: https://console.cloud.google.com/kubernetes/workload_/gcloud/europe-west3-b/inel-10696?project=cloud-dev-112233

2022-11-03 11:21:23,711 DEBUG    root            Saved kubeconfig to /Users/inelpandzic/.kube/config
2022-11-03 11:21:23,711 INFO     ___FILE_ONLY___ kubeconfig entry generated for inel-10696.

2022-11-03 11:21:23,713 INFO     root            Display format: "
    table(
        name,
        zone:label=LOCATION,
        master_version():label=MASTER_VERSION,
        endpoint:label=MASTER_IP,
        nodePools[0].config.machineType,
        currentNodeVersion:label=NODE_VERSION,
        firstof(currentNodeCount,initialNodeCount):label=NUM_NODES,
        status
    )
"
2022-11-03 11:21:23,715 INFO     ___FILE_ONLY___ NAME
2022-11-03 11:21:23,715 INFO     ___FILE_ONLY___         
2022-11-03 11:21:23,715 INFO     ___FILE_ONLY___ LOCATION
2022-11-03 11:21:23,715 INFO     ___FILE_ONLY___         
2022-11-03 11:21:23,715 INFO     ___FILE_ONLY___ MASTER_VERSION
2022-11-03 11:21:23,715 INFO     ___FILE_ONLY___     
2022-11-03 11:21:23,715 INFO     ___FILE_ONLY___ MASTER_IP
2022-11-03 11:21:23,715 INFO     ___FILE_ONLY___       
2022-11-03 11:21:23,715 INFO     ___FILE_ONLY___ MACHINE_TYPE
2022-11-03 11:21:23,715 INFO     ___FILE_ONLY___    
2022-11-03 11:21:23,715 INFO     ___FILE_ONLY___ NODE_VERSION
2022-11-03 11:21:23,715 INFO     ___FILE_ONLY___       
2022-11-03 11:21:23,715 INFO     ___FILE_ONLY___ NUM_NODES
2022-11-03 11:21:23,715 INFO     ___FILE_ONLY___   
2022-11-03 11:21:23,715 INFO     ___FILE_ONLY___ STATUS
2022-11-03 11:21:23,716 INFO     ___FILE_ONLY___ 

2022-11-03 11:21:23,716 INFO     ___FILE_ONLY___ inel-10696
2022-11-03 11:21:23,716 INFO     ___FILE_ONLY___   
2022-11-03 11:21:23,716 INFO     ___FILE_ONLY___ europe-west3-b
2022-11-03 11:21:23,716 INFO     ___FILE_ONLY___   
2022-11-03 11:21:23,716 INFO     ___FILE_ONLY___ 1.21.14-gke.8500
2022-11-03 11:21:23,716 INFO     ___FILE_ONLY___   
2022-11-03 11:21:23,716 INFO     ___FILE_ONLY___ 34.159.38.195
2022-11-03 11:21:23,716 INFO     ___FILE_ONLY___   
2022-11-03 11:21:23,716 INFO     ___FILE_ONLY___ n1-standard-4
2022-11-03 11:21:23,716 INFO     ___FILE_ONLY___   
2022-11-03 11:21:23,716 INFO     ___FILE_ONLY___ 1.21.14-gke.8500
2022-11-03 11:21:23,716 INFO     ___FILE_ONLY___   
2022-11-03 11:21:23,716 INFO     ___FILE_ONLY___ 3
2022-11-03 11:21:23,716 INFO     ___FILE_ONLY___           
2022-11-03 11:21:23,716 INFO     ___FILE_ONLY___ RUNNING
2022-11-03 11:21:23,716 INFO     ___FILE_ONLY___ 

2022-11-03 11:21:23,725 DEBUG    root            Metrics reporting process started...
