2022-11-03 11:47:34,450 DEBUG    root            Loaded Command Group: ['gcloud', 'config']
2022-11-03 11:47:34,452 DEBUG    root            Loaded Command Group: ['gcloud', 'config', 'config_helper']
2022-11-03 11:47:34,453 DEBUG    root            Running [gcloud.config.config-helper] with arguments: [--format: "json"]
2022-11-03 11:47:34,468 INFO     root            Display format: "default json"
2022-11-03 11:47:34,468 INFO     ___FILE_ONLY___ {
  "configuration": {
    "active_configuration": "percona-cloud-dev",
    "properties": {
      "core": {
        "account": "inel.pandzic@percona.com",
        "disable_usage_reporting": "False",
        "project": "cloud-dev-112233"
      }
    }
  },
  "credential": {
    "access_token": "ya29.a0Aa4xrXOC-SiiVWFoKoZQvhycHhLUCYNQ2JZXAcyNEnMWzBb_ITC40on6azqczy00BpnhDyMj5eaTPnKPLrvbrTN-befZFMYOMeQM9J7N9KwZ8T2KKReF9Q7yrfpANNWVqIYOUKsfVv26NH88oLl3oRioTakmiwpk8TVPbgwaCgYKATASARESFQEjDvL9i5Os8SiSq5SIwtL5QGg77A0174",
    "id_token": "eyJhbGciOiJSUzI1NiIsImtpZCI6Ijc3Y2MwZWY0YzcxODFjZjRjMGRjZWY3YjYwYWUyOGNjOTAyMmM3NmIiLCJ0eXAiOiJKV1QifQ.eyJpc3MiOiJodHRwczovL2FjY291bnRzLmdvb2dsZS5jb20iLCJhenAiOiIzMjU1NTk0MDU1OS5hcHBzLmdvb2dsZXVzZXJjb250ZW50LmNvbSIsImF1ZCI6IjMyNTU1OTQwNTU5LmFwcHMuZ29vZ2xldXNlcmNvbnRlbnQuY29tIiwic3ViIjoiMTA3NDA5ODEzMzQ0NTU5NDQzNDA3IiwiaGQiOiJwZXJjb25hLmNvbSIsImVtYWlsIjoiaW5lbC5wYW5kemljQHBlcmNvbmEuY29tIiwiZW1haWxfdmVyaWZpZWQiOnRydWUsImF0X2hhc2giOiJXaTFFWVEycVBiNmFvOV9DUHc4RmtRIiwiaWF0IjoxNjY3NDY5Mzc4LCJleHAiOjE2Njc0NzI5Nzh9.qwj1DxpYi1pQwynjPb4za7d5vbqsCtSKhyeAUGfsvqKnTfg7zlygsAqfvanv1Acdg8thYm4ma6Lec_liGiCT_vcxZYLwO4LiNq_bCDkonRW0dupcXq1EDIn5f3aSP7KxqX_gHhKn_L1BEDP-F5CyEah-q6uax_pLQk6WTRmroNyDtapOA0deiFyW1g2RSpzniu9Q9nR5c0MSdahJu6Uu2sAI9tgId0FEofLaJ16S-v-FzIHe14-oe-otfMZo1rroQWivcqwHgnKaw-CXoHP_wxpCOfDgbkozXLs62r9WTsPA2p5UjOZHVC9gqVL3NkZedAANn_AYuIhjOaiS3CZQmw",
    "token_expiry": "2022-11-03T10:56:17Z"
  },
  "sentinels": {
    "config_sentinel": "/Users/inelpandzic/.config/gcloud/config_sentinel"
  }
}
2022-11-03 11:47:34,468 INFO     ___FILE_ONLY___ 

2022-11-03 11:47:34,469 DEBUG    root            Checking for updates...
2022-11-03 11:47:34,482 DEBUG    urllib3.connectionpool Starting new HTTPS connection (1): dl.google.com:443
2022-11-03 11:47:34,619 DEBUG    urllib3.connectionpool https://dl.google.com:443 "GET /dl/cloudsdk/channels/rapid/components-2.json HTTP/1.1" 200 203446
2022-11-03 11:47:34,698 DEBUG    root            Updating notification cache...
2022-11-03 11:47:34,698 DEBUG    root            Activating notification: [default]
2022-11-03 11:47:34,706 DEBUG    root            Metrics reporting process started...
