2022-11-03 11:57:07,954 DEBUG    root            Loaded Command Group: ['gcloud', 'config']
2022-11-03 11:57:07,956 DEBUG    root            Loaded Command Group: ['gcloud', 'config', 'config_helper']
2022-11-03 11:57:07,957 DEBUG    root            Running [gcloud.config.config-helper] with arguments: [--format: "json"]
2022-11-03 11:57:07,963 DEBUG    google.auth.transport.requests Making request: POST https://oauth2.googleapis.com/token
2022-11-03 11:57:07,980 DEBUG    urllib3.connectionpool Starting new HTTPS connection (1): oauth2.googleapis.com:443
2022-11-03 11:57:08,147 DEBUG    urllib3.connectionpool https://oauth2.googleapis.com:443 "POST /token HTTP/1.1" 200 None
2022-11-03 11:57:08,154 INFO     root            Display format: "default json"
2022-11-03 11:57:08,154 INFO     ___FILE_ONLY___ {
  "configuration": {
    "active_configuration": "percona-cloud-dev",
    "properties": {
      "core": {
        "account": "inel.pandzic@percona.com",
        "disable_usage_reporting": "False",
        "project": "cloud-dev-112233"
      }
    }
  },
  "credential": {
    "access_token": "ya29.a0Aa4xrXMlT_d88PF73XcW2rYdgb209gQ7ZUhFO5PlYk9Q_mlSo0h9eVVue_OJd95kmxyG5OKicdrbciOlNO_t_-URUH7BQP7WrlmmBsyGqVw8X3mVIzK1jKrfBuOMDN0zX6Zknd-TaivB1HvJ8m5xSjlg74lI-0Ok0ARcp4UaCgYKATASARESFQEjDvL9sHEB1yeKHniEPLuZeVrsFw0174",
    "id_token": "eyJhbGciOiJSUzI1NiIsImtpZCI6Ijc3Y2MwZWY0YzcxODFjZjRjMGRjZWY3YjYwYWUyOGNjOTAyMmM3NmIiLCJ0eXAiOiJKV1QifQ.eyJpc3MiOiJodHRwczovL2FjY291bnRzLmdvb2dsZS5jb20iLCJhenAiOiIzMjU1NTk0MDU1OS5hcHBzLmdvb2dsZXVzZXJjb250ZW50LmNvbSIsImF1ZCI6IjMyNTU1OTQwNTU5LmFwcHMuZ29vZ2xldXNlcmNvbnRlbnQuY29tIiwic3ViIjoiMTA3NDA5ODEzMzQ0NTU5NDQzNDA3IiwiaGQiOiJwZXJjb25hLmNvbSIsImVtYWlsIjoiaW5lbC5wYW5kemljQHBlcmNvbmEuY29tIiwiZW1haWxfdmVyaWZpZWQiOnRydWUsImF0X2hhc2giOiJycGRISzJIWmRKSjF1Y0NKNjM3VUVnIiwiaWF0IjoxNjY3NDczMDI4LCJleHAiOjE2Njc0NzY2Mjh9.FqoXZVT2vHVuwO8T6GfRuhyVSK2_IjC-4WPdYweaNtScpLgvYbb0kFr_WGZVAuzt2imbqTHUlx9KI98eL47GMW2O8pAANWK9Y1B4OvAM3GVQM9jeo9hymyTiEVKI1U9oVkfaEH4EUO_nJcWFRMDQzBaNMTjgQn2RZE3ljM1ZkXtSRkkdaKQaHciUaE8HY5UvQUPKdumjyuJTrP73qhKsfhYDlcdfUafZxKy9c0by0C6RDBVOql2bbOGK_Ekqmk1TJ67KeewkE4nWigVN0Zt1GZSvxLsRfndR33DfrtH-B90lPf_BTRtmvEvB5yRpLw3fNxnWNIAmGkjCcNbp6a6ZKg",
    "token_expiry": "2022-11-03T11:57:07Z"
  },
  "sentinels": {
    "config_sentinel": "/Users/inelpandzic/.config/gcloud/config_sentinel"
  }
}
2022-11-03 11:57:08,154 INFO     ___FILE_ONLY___ 

2022-11-03 11:57:08,165 DEBUG    root            Metrics reporting process started...
