2022-11-03 14:12:59,179 DEBUG    root            Loaded Command Group: ['gcloud', 'container', 'clusters']
2022-11-03 14:12:59,181 DEBUG    root            Loaded Command Group: ['gcloud', 'container', 'clusters', 'list']
2022-11-03 14:12:59,200 DEBUG    google.auth.transport.requests Making request: POST https://oauth2.googleapis.com/token
2022-11-03 14:12:59,211 DEBUG    urllib3.connectionpool Starting new HTTPS connection (1): oauth2.googleapis.com:443
2022-11-03 14:12:59,365 DEBUG    urllib3.connectionpool https://oauth2.googleapis.com:443 "POST /token HTTP/1.1" 200 None
2022-11-03 14:12:59,384 DEBUG    root            Running [gcloud.container.clusters.list] with arguments: []
2022-11-03 14:12:59,432 DEBUG    urllib3.connectionpool Starting new HTTPS connection (1): container.googleapis.com:443
2022-11-03 14:13:00,057 DEBUG    urllib3.connectionpool https://container.googleapis.com:443 "GET /v1/projects/cloud-dev-112233/locations/-/clusters?alt=json HTTP/1.1" 200 None
2022-11-03 14:13:00,146 INFO     root            Display format: "
    table(
        name,
        zone:label=LOCATION,
        master_version():label=MASTER_VERSION,
        endpoint:label=MASTER_IP,
        nodePools[0].config.machineType,
        currentNodeVersion:label=NODE_VERSION,
        firstof(currentNodeCount,initialNodeCount):label=NUM_NODES,
        status
    )
"
2022-11-03 14:13:00,179 INFO     ___FILE_ONLY___ NAME
2022-11-03 14:13:00,179 INFO     ___FILE_ONLY___                               
2022-11-03 14:13:00,179 INFO     ___FILE_ONLY___ LOCATION
2022-11-03 14:13:00,180 INFO     ___FILE_ONLY___         
2022-11-03 14:13:00,180 INFO     ___FILE_ONLY___ MASTER_VERSION
2022-11-03 14:13:00,180 INFO     ___FILE_ONLY___     
2022-11-03 14:13:00,180 INFO     ___FILE_ONLY___ MASTER_IP
2022-11-03 14:13:00,180 INFO     ___FILE_ONLY___        
2022-11-03 14:13:00,180 INFO     ___FILE_ONLY___ MACHINE_TYPE
2022-11-03 14:13:00,180 INFO     ___FILE_ONLY___    
2022-11-03 14:13:00,180 INFO     ___FILE_ONLY___ NODE_VERSION
2022-11-03 14:13:00,180 INFO     ___FILE_ONLY___         
2022-11-03 14:13:00,180 INFO     ___FILE_ONLY___ NUM_NODES
2022-11-03 14:13:00,180 INFO     ___FILE_ONLY___   
2022-11-03 14:13:00,180 INFO     ___FILE_ONLY___ STATUS
2022-11-03 14:13:00,180 INFO     ___FILE_ONLY___ 

2022-11-03 14:13:00,180 INFO     ___FILE_ONLY___ ondrei-13193
2022-11-03 14:13:00,180 INFO     ___FILE_ONLY___                       
2022-11-03 14:13:00,180 INFO     ___FILE_ONLY___ europe-west1-c
2022-11-03 14:13:00,180 INFO     ___FILE_ONLY___   
2022-11-03 14:13:00,180 INFO     ___FILE_ONLY___ 1.22.12-gke.2300
2022-11-03 14:13:00,180 INFO     ___FILE_ONLY___   
2022-11-03 14:13:00,180 INFO     ___FILE_ONLY___ 104.155.15.56
2022-11-03 14:13:00,180 INFO     ___FILE_ONLY___    
2022-11-03 14:13:00,180 INFO     ___FILE_ONLY___ n1-standard-4
2022-11-03 14:13:00,180 INFO     ___FILE_ONLY___   
2022-11-03 14:13:00,180 INFO     ___FILE_ONLY___ 1.21.14-gke.8500 *
2022-11-03 14:13:00,180 INFO     ___FILE_ONLY___   
2022-11-03 14:13:00,180 INFO     ___FILE_ONLY___ 3
2022-11-03 14:13:00,180 INFO     ___FILE_ONLY___           
2022-11-03 14:13:00,180 INFO     ___FILE_ONLY___ RUNNING
2022-11-03 14:13:00,180 INFO     ___FILE_ONLY___ 

2022-11-03 14:13:00,180 INFO     ___FILE_ONLY___ slava-pxc
2022-11-03 14:13:00,180 INFO     ___FILE_ONLY___                          
2022-11-03 14:13:00,180 INFO     ___FILE_ONLY___ europe-west3-a
2022-11-03 14:13:00,180 INFO     ___FILE_ONLY___   
2022-11-03 14:13:00,180 INFO     ___FILE_ONLY___ 1.23.12-gke.100
2022-11-03 14:13:00,180 INFO     ___FILE_ONLY___    
2022-11-03 14:13:00,180 INFO     ___FILE_ONLY___ 35.246.129.244
2022-11-03 14:13:00,180 INFO     ___FILE_ONLY___   
2022-11-03 14:13:00,180 INFO     ___FILE_ONLY___ n1-standard-4
2022-11-03 14:13:00,180 INFO     ___FILE_ONLY___   
2022-11-03 14:13:00,180 INFO     ___FILE_ONLY___ 1.23.12-gke.100
2022-11-03 14:13:00,180 INFO     ___FILE_ONLY___      
2022-11-03 14:13:00,180 INFO     ___FILE_ONLY___ 3
2022-11-03 14:13:00,181 INFO     ___FILE_ONLY___           
2022-11-03 14:13:00,181 INFO     ___FILE_ONLY___ RUNNING
2022-11-03 14:13:00,181 INFO     ___FILE_ONLY___ 

2022-11-03 14:13:00,181 INFO     ___FILE_ONLY___ inel-10696
2022-11-03 14:13:00,181 INFO     ___FILE_ONLY___                         
2022-11-03 14:13:00,181 INFO     ___FILE_ONLY___ europe-west3-b
2022-11-03 14:13:00,181 INFO     ___FILE_ONLY___   
2022-11-03 14:13:00,181 INFO     ___FILE_ONLY___ 1.21.14-gke.8500
2022-11-03 14:13:00,181 INFO     ___FILE_ONLY___   
2022-11-03 14:13:00,181 INFO     ___FILE_ONLY___ 34.159.38.195
2022-11-03 14:13:00,181 INFO     ___FILE_ONLY___    
2022-11-03 14:13:00,181 INFO     ___FILE_ONLY___ n1-standard-4
2022-11-03 14:13:00,181 INFO     ___FILE_ONLY___   
2022-11-03 14:13:00,181 INFO     ___FILE_ONLY___ 1.21.14-gke.8500
2022-11-03 14:13:00,181 INFO     ___FILE_ONLY___     
2022-11-03 14:13:00,181 INFO     ___FILE_ONLY___ 3
2022-11-03 14:13:00,181 INFO     ___FILE_ONLY___           
2022-11-03 14:13:00,181 INFO     ___FILE_ONLY___ RUNNING
2022-11-03 14:13:00,181 INFO     ___FILE_ONLY___ 

2022-11-03 14:13:00,181 INFO     ___FILE_ONLY___ max-30844
2022-11-03 14:13:00,181 INFO     ___FILE_ONLY___                          
2022-11-03 14:13:00,181 INFO     ___FILE_ONLY___ europe-west3-b
2022-11-03 14:13:00,181 INFO     ___FILE_ONLY___   
2022-11-03 14:13:00,181 INFO     ___FILE_ONLY___ 1.22.12-gke.2300
2022-11-03 14:13:00,181 INFO     ___FILE_ONLY___   
2022-11-03 14:13:00,181 INFO     ___FILE_ONLY___ 35.246.193.17
2022-11-03 14:13:00,181 INFO     ___FILE_ONLY___    
2022-11-03 14:13:00,181 INFO     ___FILE_ONLY___ n1-standard-4
2022-11-03 14:13:00,181 INFO     ___FILE_ONLY___   
2022-11-03 14:13:00,181 INFO     ___FILE_ONLY___ 1.21.14-gke.2700 *
2022-11-03 14:13:00,181 INFO     ___FILE_ONLY___   
2022-11-03 14:13:00,181 INFO     ___FILE_ONLY___ 3
2022-11-03 14:13:00,181 INFO     ___FILE_ONLY___           
2022-11-03 14:13:00,181 INFO     ___FILE_ONLY___ RUNNING
2022-11-03 14:13:00,181 INFO     ___FILE_ONLY___ 

2022-11-03 14:13:00,181 INFO     ___FILE_ONLY___ jen-pxc-1262-56a4404f-4-cluster1
2022-11-03 14:13:00,181 INFO     ___FILE_ONLY___   
2022-11-03 14:13:00,181 INFO     ___FILE_ONLY___ us-central1-a
2022-11-03 14:13:00,181 INFO     ___FILE_ONLY___    
2022-11-03 14:13:00,181 INFO     ___FILE_ONLY___ 1.21.14-gke.8500
2022-11-03 14:13:00,181 INFO     ___FILE_ONLY___   
2022-11-03 14:13:00,181 INFO     ___FILE_ONLY___ 34.170.243.169
2022-11-03 14:13:00,181 INFO     ___FILE_ONLY___   
2022-11-03 14:13:00,181 INFO     ___FILE_ONLY___ n1-standard-4
2022-11-03 14:13:00,181 INFO     ___FILE_ONLY___   
2022-11-03 14:13:00,182 INFO     ___FILE_ONLY___ 1.21.14-gke.8500
2022-11-03 14:13:00,182 INFO     ___FILE_ONLY___     
2022-11-03 14:13:00,182 INFO     ___FILE_ONLY___ 3
2022-11-03 14:13:00,182 INFO     ___FILE_ONLY___           
2022-11-03 14:13:00,182 INFO     ___FILE_ONLY___ RUNNING
2022-11-03 14:13:00,182 INFO     ___FILE_ONLY___ 

2022-11-03 14:13:00,182 INFO     ___FILE_ONLY___ jen-pxc-1262-56a4404f-4-cluster2
2022-11-03 14:13:00,182 INFO     ___FILE_ONLY___   
2022-11-03 14:13:00,182 INFO     ___FILE_ONLY___ us-central1-a
2022-11-03 14:13:00,182 INFO     ___FILE_ONLY___    
2022-11-03 14:13:00,182 INFO     ___FILE_ONLY___ 1.21.14-gke.8500
2022-11-03 14:13:00,182 INFO     ___FILE_ONLY___   
2022-11-03 14:13:00,182 INFO     ___FILE_ONLY___ 34.132.202.165
2022-11-03 14:13:00,182 INFO     ___FILE_ONLY___   
2022-11-03 14:13:00,182 INFO     ___FILE_ONLY___ n1-standard-4
2022-11-03 14:13:00,182 INFO     ___FILE_ONLY___   
2022-11-03 14:13:00,182 INFO     ___FILE_ONLY___ 1.21.14-gke.8500
2022-11-03 14:13:00,182 INFO     ___FILE_ONLY___     
2022-11-03 14:13:00,182 INFO     ___FILE_ONLY___ 3
2022-11-03 14:13:00,182 INFO     ___FILE_ONLY___           
2022-11-03 14:13:00,182 INFO     ___FILE_ONLY___ RUNNING
2022-11-03 14:13:00,182 INFO     ___FILE_ONLY___ 

2022-11-03 14:13:00,182 INFO     ___FILE_ONLY___ jen-pxc-1262-56a4404f-4-cluster3
2022-11-03 14:13:00,182 INFO     ___FILE_ONLY___   
2022-11-03 14:13:00,182 INFO     ___FILE_ONLY___ us-central1-a
2022-11-03 14:13:00,182 INFO     ___FILE_ONLY___    
2022-11-03 14:13:00,182 INFO     ___FILE_ONLY___ 1.21.14-gke.8500
2022-11-03 14:13:00,182 INFO     ___FILE_ONLY___   
2022-11-03 14:13:00,182 INFO     ___FILE_ONLY___ 35.222.46.173
2022-11-03 14:13:00,182 INFO     ___FILE_ONLY___    
2022-11-03 14:13:00,182 INFO     ___FILE_ONLY___ n1-standard-4
2022-11-03 14:13:00,182 INFO     ___FILE_ONLY___   
2022-11-03 14:13:00,182 INFO     ___FILE_ONLY___ 1.21.14-gke.8500
2022-11-03 14:13:00,182 INFO     ___FILE_ONLY___     
2022-11-03 14:13:00,182 INFO     ___FILE_ONLY___ 3
2022-11-03 14:13:00,182 INFO     ___FILE_ONLY___           
2022-11-03 14:13:00,182 INFO     ___FILE_ONLY___ RUNNING
2022-11-03 14:13:00,182 INFO     ___FILE_ONLY___ 

2022-11-03 14:13:00,182 INFO     ___FILE_ONLY___ jen-pxc-1262-56a4404f-4-cluster4
2022-11-03 14:13:00,182 INFO     ___FILE_ONLY___   
2022-11-03 14:13:00,182 INFO     ___FILE_ONLY___ us-central1-a
2022-11-03 14:13:00,182 INFO     ___FILE_ONLY___    
2022-11-03 14:13:00,182 INFO     ___FILE_ONLY___ 1.21.14-gke.8500
2022-11-03 14:13:00,182 INFO     ___FILE_ONLY___   
2022-11-03 14:13:00,182 INFO     ___FILE_ONLY___ 35.193.162.169
2022-11-03 14:13:00,182 INFO     ___FILE_ONLY___   
2022-11-03 14:13:00,182 INFO     ___FILE_ONLY___ n1-standard-4
2022-11-03 14:13:00,182 INFO     ___FILE_ONLY___   
2022-11-03 14:13:00,182 INFO     ___FILE_ONLY___ 1.21.14-gke.8500
2022-11-03 14:13:00,182 INFO     ___FILE_ONLY___     
2022-11-03 14:13:00,183 INFO     ___FILE_ONLY___ 3
2022-11-03 14:13:00,183 INFO     ___FILE_ONLY___           
2022-11-03 14:13:00,183 INFO     ___FILE_ONLY___ RUNNING
2022-11-03 14:13:00,183 INFO     ___FILE_ONLY___ 

2022-11-03 14:13:00,183 INFO     ___FILE_ONLY___ jen-pxc-1262-56a4404f-4-cluster5
2022-11-03 14:13:00,183 INFO     ___FILE_ONLY___   
2022-11-03 14:13:00,183 INFO     ___FILE_ONLY___ us-central1-a
2022-11-03 14:13:00,183 INFO     ___FILE_ONLY___    
2022-11-03 14:13:00,183 INFO     ___FILE_ONLY___ 1.21.14-gke.8500
2022-11-03 14:13:00,183 INFO     ___FILE_ONLY___   
2022-11-03 14:13:00,183 INFO     ___FILE_ONLY___ 34.133.238.177
2022-11-03 14:13:00,183 INFO     ___FILE_ONLY___   
2022-11-03 14:13:00,183 INFO     ___FILE_ONLY___ n1-standard-4
2022-11-03 14:13:00,183 INFO     ___FILE_ONLY___   
2022-11-03 14:13:00,183 INFO     ___FILE_ONLY___ 1.21.14-gke.8500
2022-11-03 14:13:00,183 INFO     ___FILE_ONLY___     
2022-11-03 14:13:00,183 INFO     ___FILE_ONLY___ 3
2022-11-03 14:13:00,183 INFO     ___FILE_ONLY___           
2022-11-03 14:13:00,183 INFO     ___FILE_ONLY___ RUNNING
2022-11-03 14:13:00,183 INFO     ___FILE_ONLY___ 

2022-11-03 14:13:00,183 INFO     ___FILE_ONLY___ jen-pxc-1262-56a4404f-4-cluster6
2022-11-03 14:13:00,183 INFO     ___FILE_ONLY___   
2022-11-03 14:13:00,183 INFO     ___FILE_ONLY___ us-central1-a
2022-11-03 14:13:00,183 INFO     ___FILE_ONLY___    
2022-11-03 14:13:00,183 INFO     ___FILE_ONLY___ 1.21.14-gke.8500
2022-11-03 14:13:00,183 INFO     ___FILE_ONLY___   
2022-11-03 14:13:00,183 INFO     ___FILE_ONLY___ 35.232.124.59
2022-11-03 14:13:00,183 INFO     ___FILE_ONLY___    
2022-11-03 14:13:00,183 INFO     ___FILE_ONLY___ n1-standard-4
2022-11-03 14:13:00,183 INFO     ___FILE_ONLY___   
2022-11-03 14:13:00,183 INFO     ___FILE_ONLY___ 1.21.14-gke.8500
2022-11-03 14:13:00,183 INFO     ___FILE_ONLY___     
2022-11-03 14:13:00,183 INFO     ___FILE_ONLY___ 3
2022-11-03 14:13:00,183 INFO     ___FILE_ONLY___           
2022-11-03 14:13:00,183 INFO     ___FILE_ONLY___ RUNNING
2022-11-03 14:13:00,183 INFO     ___FILE_ONLY___ 

2022-11-03 14:13:00,183 INFO     ___FILE_ONLY___ jen-pxc-1262-56a4404f-4-cluster7
2022-11-03 14:13:00,183 INFO     ___FILE_ONLY___   
2022-11-03 14:13:00,183 INFO     ___FILE_ONLY___ us-central1-a
2022-11-03 14:13:00,183 INFO     ___FILE_ONLY___    
2022-11-03 14:13:00,183 INFO     ___FILE_ONLY___ 1.21.14-gke.8500
2022-11-03 14:13:00,183 INFO     ___FILE_ONLY___   
2022-11-03 14:13:00,183 INFO     ___FILE_ONLY___ 35.224.145.18
2022-11-03 14:13:00,183 INFO     ___FILE_ONLY___    
2022-11-03 14:13:00,183 INFO     ___FILE_ONLY___ n1-standard-4
2022-11-03 14:13:00,183 INFO     ___FILE_ONLY___   
2022-11-03 14:13:00,183 INFO     ___FILE_ONLY___ 1.21.14-gke.8500
2022-11-03 14:13:00,183 INFO     ___FILE_ONLY___     
2022-11-03 14:13:00,183 INFO     ___FILE_ONLY___ 3
2022-11-03 14:13:00,183 INFO     ___FILE_ONLY___           
2022-11-03 14:13:00,183 INFO     ___FILE_ONLY___ RUNNING
2022-11-03 14:13:00,183 INFO     ___FILE_ONLY___ 

2022-11-03 14:13:00,183 INFO     ___FILE_ONLY___ jen-pxc-1262-56a4404f-4-cluster8
2022-11-03 14:13:00,184 INFO     ___FILE_ONLY___   
2022-11-03 14:13:00,184 INFO     ___FILE_ONLY___ us-central1-a
2022-11-03 14:13:00,184 INFO     ___FILE_ONLY___    
2022-11-03 14:13:00,184 INFO     ___FILE_ONLY___ 1.21.14-gke.8500
2022-11-03 14:13:00,184 INFO     ___FILE_ONLY___   
2022-11-03 14:13:00,184 INFO     ___FILE_ONLY___ 34.72.190.176
2022-11-03 14:13:00,184 INFO     ___FILE_ONLY___    
2022-11-03 14:13:00,184 INFO     ___FILE_ONLY___ n1-standard-4
2022-11-03 14:13:00,184 INFO     ___FILE_ONLY___   
2022-11-03 14:13:00,184 INFO     ___FILE_ONLY___ 1.21.14-gke.8500
2022-11-03 14:13:00,184 INFO     ___FILE_ONLY___     
2022-11-03 14:13:00,184 INFO     ___FILE_ONLY___ 3
2022-11-03 14:13:00,184 INFO     ___FILE_ONLY___           
2022-11-03 14:13:00,184 INFO     ___FILE_ONLY___ RUNNING
2022-11-03 14:13:00,184 INFO     ___FILE_ONLY___ 

2022-11-03 14:13:00,184 INFO     ___FILE_ONLY___ jen-pxc-1262-56a4404f-4-cluster9
2022-11-03 14:13:00,184 INFO     ___FILE_ONLY___   
2022-11-03 14:13:00,184 INFO     ___FILE_ONLY___ us-central1-a
2022-11-03 14:13:00,184 INFO     ___FILE_ONLY___    
2022-11-03 14:13:00,184 INFO     ___FILE_ONLY___ 1.21.14-gke.8500
2022-11-03 14:13:00,184 INFO     ___FILE_ONLY___   
2022-11-03 14:13:00,184 INFO     ___FILE_ONLY___ 34.121.75.177
2022-11-03 14:13:00,184 INFO     ___FILE_ONLY___    
2022-11-03 14:13:00,184 INFO     ___FILE_ONLY___ n1-standard-4
2022-11-03 14:13:00,184 INFO     ___FILE_ONLY___   
2022-11-03 14:13:00,184 INFO     ___FILE_ONLY___ 1.21.14-gke.8500
2022-11-03 14:13:00,184 INFO     ___FILE_ONLY___     
2022-11-03 14:13:00,184 INFO     ___FILE_ONLY___ 3
2022-11-03 14:13:00,184 INFO     ___FILE_ONLY___           
2022-11-03 14:13:00,184 INFO     ___FILE_ONLY___ RUNNING
2022-11-03 14:13:00,184 INFO     ___FILE_ONLY___ 

2022-11-03 14:13:00,184 INFO     ___FILE_ONLY___ jen-pxc-7d922f78-47-cluster1
2022-11-03 14:13:00,184 INFO     ___FILE_ONLY___       
2022-11-03 14:13:00,184 INFO     ___FILE_ONLY___ us-central1-a
2022-11-03 14:13:00,184 INFO     ___FILE_ONLY___    
2022-11-03 14:13:00,184 INFO     ___FILE_ONLY___ 1.21.14-gke.8500
2022-11-03 14:13:00,184 INFO     ___FILE_ONLY___   
2022-11-03 14:13:00,184 INFO     ___FILE_ONLY___ 35.223.18.210
2022-11-03 14:13:00,184 INFO     ___FILE_ONLY___    
2022-11-03 14:13:00,184 INFO     ___FILE_ONLY___ n1-standard-4
2022-11-03 14:13:00,184 INFO     ___FILE_ONLY___   
2022-11-03 14:13:00,184 INFO     ___FILE_ONLY___ 1.21.14-gke.8500
2022-11-03 14:13:00,184 INFO     ___FILE_ONLY___     
2022-11-03 14:13:00,184 INFO     ___FILE_ONLY___ 3
2022-11-03 14:13:00,184 INFO     ___FILE_ONLY___           
2022-11-03 14:13:00,184 INFO     ___FILE_ONLY___ RUNNING
2022-11-03 14:13:00,184 INFO     ___FILE_ONLY___ 

2022-11-03 14:13:00,184 INFO     ___FILE_ONLY___ jen-pxc-7d922f78-47-cluster2
2022-11-03 14:13:00,184 INFO     ___FILE_ONLY___       
2022-11-03 14:13:00,185 INFO     ___FILE_ONLY___ us-central1-a
2022-11-03 14:13:00,185 INFO     ___FILE_ONLY___    
2022-11-03 14:13:00,185 INFO     ___FILE_ONLY___ 1.21.14-gke.8500
2022-11-03 14:13:00,185 INFO     ___FILE_ONLY___   
2022-11-03 14:13:00,185 INFO     ___FILE_ONLY___ 35.226.79.219
2022-11-03 14:13:00,185 INFO     ___FILE_ONLY___    
2022-11-03 14:13:00,185 INFO     ___FILE_ONLY___ n1-standard-4
2022-11-03 14:13:00,185 INFO     ___FILE_ONLY___   
2022-11-03 14:13:00,185 INFO     ___FILE_ONLY___ 1.21.14-gke.8500
2022-11-03 14:13:00,185 INFO     ___FILE_ONLY___     
2022-11-03 14:13:00,185 INFO     ___FILE_ONLY___ 3
2022-11-03 14:13:00,185 INFO     ___FILE_ONLY___           
2022-11-03 14:13:00,185 INFO     ___FILE_ONLY___ RUNNING
2022-11-03 14:13:00,185 INFO     ___FILE_ONLY___ 

2022-11-03 14:13:00,185 INFO     ___FILE_ONLY___ jen-pxc-7d922f78-47-cluster3
2022-11-03 14:13:00,185 INFO     ___FILE_ONLY___       
2022-11-03 14:13:00,185 INFO     ___FILE_ONLY___ us-central1-a
2022-11-03 14:13:00,185 INFO     ___FILE_ONLY___    
2022-11-03 14:13:00,185 INFO     ___FILE_ONLY___ 1.21.14-gke.8500
2022-11-03 14:13:00,185 INFO     ___FILE_ONLY___   
2022-11-03 14:13:00,185 INFO     ___FILE_ONLY___ 104.198.148.62
2022-11-03 14:13:00,185 INFO     ___FILE_ONLY___   
2022-11-03 14:13:00,185 INFO     ___FILE_ONLY___ n1-standard-4
2022-11-03 14:13:00,185 INFO     ___FILE_ONLY___   
2022-11-03 14:13:00,185 INFO     ___FILE_ONLY___ 1.21.14-gke.8500
2022-11-03 14:13:00,185 INFO     ___FILE_ONLY___     
2022-11-03 14:13:00,185 INFO     ___FILE_ONLY___ 3
2022-11-03 14:13:00,185 INFO     ___FILE_ONLY___           
2022-11-03 14:13:00,185 INFO     ___FILE_ONLY___ RUNNING
2022-11-03 14:13:00,185 INFO     ___FILE_ONLY___ 

2022-11-03 14:13:00,185 INFO     ___FILE_ONLY___ jen-pxc-7d922f78-47-cluster4
2022-11-03 14:13:00,185 INFO     ___FILE_ONLY___       
2022-11-03 14:13:00,185 INFO     ___FILE_ONLY___ us-central1-a
2022-11-03 14:13:00,185 INFO     ___FILE_ONLY___    
2022-11-03 14:13:00,185 INFO     ___FILE_ONLY___ 1.21.14-gke.8500
2022-11-03 14:13:00,185 INFO     ___FILE_ONLY___   
2022-11-03 14:13:00,185 INFO     ___FILE_ONLY___ 34.71.91.170
2022-11-03 14:13:00,185 INFO     ___FILE_ONLY___     
2022-11-03 14:13:00,185 INFO     ___FILE_ONLY___ n1-standard-4
2022-11-03 14:13:00,185 INFO     ___FILE_ONLY___   
2022-11-03 14:13:00,185 INFO     ___FILE_ONLY___ 1.21.14-gke.8500
2022-11-03 14:13:00,185 INFO     ___FILE_ONLY___     
2022-11-03 14:13:00,185 INFO     ___FILE_ONLY___ 3
2022-11-03 14:13:00,185 INFO     ___FILE_ONLY___           
2022-11-03 14:13:00,185 INFO     ___FILE_ONLY___ RUNNING
2022-11-03 14:13:00,185 INFO     ___FILE_ONLY___ 

2022-11-03 14:13:00,185 INFO     ___FILE_ONLY___ jen-pxc-7d922f78-47-cluster5
2022-11-03 14:13:00,186 INFO     ___FILE_ONLY___       
2022-11-03 14:13:00,186 INFO     ___FILE_ONLY___ us-central1-a
2022-11-03 14:13:00,186 INFO     ___FILE_ONLY___    
2022-11-03 14:13:00,186 INFO     ___FILE_ONLY___ 1.21.14-gke.8500
2022-11-03 14:13:00,186 INFO     ___FILE_ONLY___   
2022-11-03 14:13:00,186 INFO     ___FILE_ONLY___ 34.133.81.129
2022-11-03 14:13:00,186 INFO     ___FILE_ONLY___    
2022-11-03 14:13:00,186 INFO     ___FILE_ONLY___ n1-standard-4
2022-11-03 14:13:00,186 INFO     ___FILE_ONLY___   
2022-11-03 14:13:00,186 INFO     ___FILE_ONLY___ 1.21.14-gke.8500
2022-11-03 14:13:00,186 INFO     ___FILE_ONLY___     
2022-11-03 14:13:00,186 INFO     ___FILE_ONLY___ 3
2022-11-03 14:13:00,186 INFO     ___FILE_ONLY___           
2022-11-03 14:13:00,186 INFO     ___FILE_ONLY___ RUNNING
2022-11-03 14:13:00,186 INFO     ___FILE_ONLY___ 

2022-11-03 14:13:00,186 INFO     ___FILE_ONLY___ jen-pxc-7d922f78-47-cluster6
2022-11-03 14:13:00,186 INFO     ___FILE_ONLY___       
2022-11-03 14:13:00,186 INFO     ___FILE_ONLY___ us-central1-a
2022-11-03 14:13:00,186 INFO     ___FILE_ONLY___    
2022-11-03 14:13:00,186 INFO     ___FILE_ONLY___ 1.21.14-gke.8500
2022-11-03 14:13:00,186 INFO     ___FILE_ONLY___   
2022-11-03 14:13:00,186 INFO     ___FILE_ONLY___ 34.173.41.229
2022-11-03 14:13:00,186 INFO     ___FILE_ONLY___    
2022-11-03 14:13:00,186 INFO     ___FILE_ONLY___ n1-standard-4
2022-11-03 14:13:00,186 INFO     ___FILE_ONLY___   
2022-11-03 14:13:00,186 INFO     ___FILE_ONLY___ 1.21.14-gke.8500
2022-11-03 14:13:00,186 INFO     ___FILE_ONLY___     
2022-11-03 14:13:00,186 INFO     ___FILE_ONLY___ 3
2022-11-03 14:13:00,186 INFO     ___FILE_ONLY___           
2022-11-03 14:13:00,186 INFO     ___FILE_ONLY___ RUNNING
2022-11-03 14:13:00,186 INFO     ___FILE_ONLY___ 

2022-11-03 14:13:00,186 INFO     ___FILE_ONLY___ jen-pxc-7d922f78-47-cluster7
2022-11-03 14:13:00,186 INFO     ___FILE_ONLY___       
2022-11-03 14:13:00,186 INFO     ___FILE_ONLY___ us-central1-a
2022-11-03 14:13:00,186 INFO     ___FILE_ONLY___    
2022-11-03 14:13:00,186 INFO     ___FILE_ONLY___ 1.21.14-gke.8500
2022-11-03 14:13:00,186 INFO     ___FILE_ONLY___   
2022-11-03 14:13:00,186 INFO     ___FILE_ONLY___ 34.70.83.149
2022-11-03 14:13:00,186 INFO     ___FILE_ONLY___     
2022-11-03 14:13:00,186 INFO     ___FILE_ONLY___ n1-standard-4
2022-11-03 14:13:00,186 INFO     ___FILE_ONLY___   
2022-11-03 14:13:00,186 INFO     ___FILE_ONLY___ 1.21.14-gke.8500
2022-11-03 14:13:00,186 INFO     ___FILE_ONLY___     
2022-11-03 14:13:00,186 INFO     ___FILE_ONLY___ 3
2022-11-03 14:13:00,186 INFO     ___FILE_ONLY___           
2022-11-03 14:13:00,186 INFO     ___FILE_ONLY___ RUNNING
2022-11-03 14:13:00,186 INFO     ___FILE_ONLY___ 

2022-11-03 14:13:00,186 INFO     ___FILE_ONLY___ jen-pxc-7d922f78-47-cluster8
2022-11-03 14:13:00,186 INFO     ___FILE_ONLY___       
2022-11-03 14:13:00,187 INFO     ___FILE_ONLY___ us-central1-a
2022-11-03 14:13:00,187 INFO     ___FILE_ONLY___    
2022-11-03 14:13:00,187 INFO     ___FILE_ONLY___ 1.21.14-gke.8500
2022-11-03 14:13:00,187 INFO     ___FILE_ONLY___   
2022-11-03 14:13:00,187 INFO     ___FILE_ONLY___ 34.69.126.111
2022-11-03 14:13:00,187 INFO     ___FILE_ONLY___    
2022-11-03 14:13:00,187 INFO     ___FILE_ONLY___ n1-standard-4
2022-11-03 14:13:00,187 INFO     ___FILE_ONLY___   
2022-11-03 14:13:00,187 INFO     ___FILE_ONLY___ 1.21.14-gke.8500
2022-11-03 14:13:00,187 INFO     ___FILE_ONLY___     
2022-11-03 14:13:00,187 INFO     ___FILE_ONLY___ 3
2022-11-03 14:13:00,187 INFO     ___FILE_ONLY___           
2022-11-03 14:13:00,187 INFO     ___FILE_ONLY___ RUNNING
2022-11-03 14:13:00,187 INFO     ___FILE_ONLY___ 

2022-11-03 14:13:00,187 INFO     ___FILE_ONLY___ jen-pxc-7d922f78-47-cluster9
2022-11-03 14:13:00,187 INFO     ___FILE_ONLY___       
2022-11-03 14:13:00,187 INFO     ___FILE_ONLY___ us-central1-a
2022-11-03 14:13:00,187 INFO     ___FILE_ONLY___    
2022-11-03 14:13:00,187 INFO     ___FILE_ONLY___ 1.21.14-gke.8500
2022-11-03 14:13:00,187 INFO     ___FILE_ONLY___   
2022-11-03 14:13:00,187 INFO     ___FILE_ONLY___ 35.222.146.247
2022-11-03 14:13:00,187 INFO     ___FILE_ONLY___   
2022-11-03 14:13:00,187 INFO     ___FILE_ONLY___ n1-standard-4
2022-11-03 14:13:00,187 INFO     ___FILE_ONLY___   
2022-11-03 14:13:00,187 INFO     ___FILE_ONLY___ 1.21.14-gke.8500
2022-11-03 14:13:00,187 INFO     ___FILE_ONLY___     
2022-11-03 14:13:00,187 INFO     ___FILE_ONLY___ 3
2022-11-03 14:13:00,187 INFO     ___FILE_ONLY___           
2022-11-03 14:13:00,187 INFO     ___FILE_ONLY___ RUNNING
2022-11-03 14:13:00,187 INFO     ___FILE_ONLY___ 

2022-11-03 14:13:00,187 INFO     ___FILE_ONLY___ plavi-121
2022-11-03 14:13:00,187 INFO     ___FILE_ONLY___                          
2022-11-03 14:13:00,187 INFO     ___FILE_ONLY___ us-central1-a
2022-11-03 14:13:00,187 INFO     ___FILE_ONLY___    
2022-11-03 14:13:00,187 INFO     ___FILE_ONLY___ 1.21.14-gke.7100
2022-11-03 14:13:00,187 INFO     ___FILE_ONLY___   
2022-11-03 14:13:00,187 INFO     ___FILE_ONLY___ 34.123.44.231
2022-11-03 14:13:00,187 INFO     ___FILE_ONLY___    
2022-11-03 14:13:00,187 INFO     ___FILE_ONLY___ n1-standard-4
2022-11-03 14:13:00,187 INFO     ___FILE_ONLY___   
2022-11-03 14:13:00,187 INFO     ___FILE_ONLY___ 1.21.14-gke.7100
2022-11-03 14:13:00,187 INFO     ___FILE_ONLY___     
2022-11-03 14:13:00,187 INFO     ___FILE_ONLY___ 3
2022-11-03 14:13:00,187 INFO     ___FILE_ONLY___           
2022-11-03 14:13:00,187 INFO     ___FILE_ONLY___ RUNNING
2022-11-03 14:13:00,187 INFO     ___FILE_ONLY___ 

2022-11-03 14:13:00,187 INFO     ___FILE_ONLY___ spronin-1337
2022-11-03 14:13:00,187 INFO     ___FILE_ONLY___                       
2022-11-03 14:13:00,187 INFO     ___FILE_ONLY___ us-central1-a
2022-11-03 14:13:00,188 INFO     ___FILE_ONLY___    
2022-11-03 14:13:00,188 INFO     ___FILE_ONLY___ 1.23.12-gke.1600
2022-11-03 14:13:00,188 INFO     ___FILE_ONLY___   
2022-11-03 14:13:00,188 INFO     ___FILE_ONLY___ 34.121.221.55
2022-11-03 14:13:00,188 INFO     ___FILE_ONLY___    
2022-11-03 14:13:00,188 INFO     ___FILE_ONLY___ n1-standard-4
2022-11-03 14:13:00,188 INFO     ___FILE_ONLY___   
2022-11-03 14:13:00,188 INFO     ___FILE_ONLY___ 1.23.12-gke.1600
2022-11-03 14:13:00,188 INFO     ___FILE_ONLY___     
2022-11-03 14:13:00,188 INFO     ___FILE_ONLY___ 3
2022-11-03 14:13:00,188 INFO     ___FILE_ONLY___           
2022-11-03 14:13:00,188 INFO     ___FILE_ONLY___ RUNNING
2022-11-03 14:13:00,188 INFO     ___FILE_ONLY___ 

2022-11-03 14:13:00,188 INFO     ___FILE_ONLY___ cap-666
2022-11-03 14:13:00,188 INFO     ___FILE_ONLY___                            
2022-11-03 14:13:00,188 INFO     ___FILE_ONLY___ us-central1-c
2022-11-03 14:13:00,188 INFO     ___FILE_ONLY___    
2022-11-03 14:13:00,188 INFO     ___FILE_ONLY___ 1.21.14-gke.8500
2022-11-03 14:13:00,188 INFO     ___FILE_ONLY___   
2022-11-03 14:13:00,188 INFO     ___FILE_ONLY___ 34.170.215.113
2022-11-03 14:13:00,188 INFO     ___FILE_ONLY___   
2022-11-03 14:13:00,188 INFO     ___FILE_ONLY___ n1-standard-4
2022-11-03 14:13:00,188 INFO     ___FILE_ONLY___   
2022-11-03 14:13:00,188 INFO     ___FILE_ONLY___ 1.21.14-gke.8500
2022-11-03 14:13:00,188 INFO     ___FILE_ONLY___     
2022-11-03 14:13:00,188 INFO     ___FILE_ONLY___ 3
2022-11-03 14:13:00,188 INFO     ___FILE_ONLY___           
2022-11-03 14:13:00,188 INFO     ___FILE_ONLY___ RUNNING
2022-11-03 14:13:00,188 INFO     ___FILE_ONLY___ 

2022-11-03 14:13:00,188 INFO     ___FILE_ONLY___ natali-22
2022-11-03 14:13:00,188 INFO     ___FILE_ONLY___                          
2022-11-03 14:13:00,188 INFO     ___FILE_ONLY___ us-central1-c
2022-11-03 14:13:00,188 INFO     ___FILE_ONLY___    
2022-11-03 14:13:00,188 INFO     ___FILE_ONLY___ 1.22.15-gke.1000
2022-11-03 14:13:00,188 INFO     ___FILE_ONLY___   
2022-11-03 14:13:00,188 INFO     ___FILE_ONLY___ 35.226.203.217
2022-11-03 14:13:00,188 INFO     ___FILE_ONLY___   
2022-11-03 14:13:00,188 INFO     ___FILE_ONLY___ n1-standard-4
2022-11-03 14:13:00,188 INFO     ___FILE_ONLY___   
2022-11-03 14:13:00,188 INFO     ___FILE_ONLY___ 1.22.15-gke.1000
2022-11-03 14:13:00,188 INFO     ___FILE_ONLY___     
2022-11-03 14:13:00,188 INFO     ___FILE_ONLY___ 3
2022-11-03 14:13:00,188 INFO     ___FILE_ONLY___           
2022-11-03 14:13:00,188 INFO     ___FILE_ONLY___ RUNNING
2022-11-03 14:13:00,188 INFO     ___FILE_ONLY___ 

2022-11-03 14:13:00,188 INFO     ___FILE_ONLY___ 
* - There is an upgrade available for your cluster(s).

To upgrade nodes to the latest available version, run
  $ gcloud container clusters upgrade NAME

2022-11-03 14:13:00,195 DEBUG    root            Metrics reporting process started...
