2022-11-03 15:06:01,905 DEBUG    root            Loaded Command Group: ['gcloud', 'config']
2022-11-03 15:06:01,907 DEBUG    root            Loaded Command Group: ['gcloud', 'config', 'config_helper']
2022-11-03 15:06:01,908 DEBUG    root            Running [gcloud.config.config-helper] with arguments: [--format: "json"]
2022-11-03 15:06:01,920 INFO     root            Display format: "default json"
2022-11-03 15:06:01,920 INFO     ___FILE_ONLY___ {
  "configuration": {
    "active_configuration": "percona-cloud-dev",
    "properties": {
      "core": {
        "account": "inel.pandzic@percona.com",
        "disable_usage_reporting": "False",
        "project": "cloud-dev-112233"
      }
    }
  },
  "credential": {
    "access_token": "ya29.a0Aa4xrXM5F1h5lJ7MIOkxyMGviGuC-753OAzo8XTHMQT3F8rkqgUjypca2Koam-5jSwjACSyf6Db72XqrXNiPJiCBMx26AJmzH_KJh4zxX2MMLbGffda90FuaTAN0GB-rarvyCR2cjM5Pb-YtfEhmWzSmYEjxXXFXYUm2hzUaCgYKATASARESFQEjDvL9NLrkxN-gGxtf7-2EFJa9_A0174",
    "id_token": "eyJhbGciOiJSUzI1NiIsImtpZCI6Ijc3Y2MwZWY0YzcxODFjZjRjMGRjZWY3YjYwYWUyOGNjOTAyMmM3NmIiLCJ0eXAiOiJKV1QifQ.eyJpc3MiOiJodHRwczovL2FjY291bnRzLmdvb2dsZS5jb20iLCJhenAiOiIzMjU1NTk0MDU1OS5hcHBzLmdvb2dsZXVzZXJjb250ZW50LmNvbSIsImF1ZCI6IjMyNTU1OTQwNTU5LmFwcHMuZ29vZ2xldXNlcmNvbnRlbnQuY29tIiwic3ViIjoiMTA3NDA5ODEzMzQ0NTU5NDQzNDA3IiwiaGQiOiJwZXJjb25hLmNvbSIsImVtYWlsIjoiaW5lbC5wYW5kemljQHBlcmNvbmEuY29tIiwiZW1haWxfdmVyaWZpZWQiOnRydWUsImF0X2hhc2giOiJFRjBYRHhqT2NFVlFlV3JfRGVLU1NnIiwiaWF0IjoxNjY3NDgxMTc5LCJleHAiOjE2Njc0ODQ3Nzl9.TQ44cvTxYR4Mg9V62I6ANAVlpl5NyyJI_jiAvBJFIy5GBQzB3nMExopPCtMOQoRbcM6VurYTu4ZskAEx1zAcC-lr7i-u7dXhbbwRDBwTEZ6v7uLibYCxnCC5OMgDDmrgSKjIfZhu2Ar-Wl_ZPtSzQasN7BrGDPm-xnmxOMb5ePiiLTkoecSSyCGDb50ujtfm79UWPlr4myCv74-kDM5TGms8zsIgP4_pvz-ToiQ0RRxw4ugVRvqH9Epv_7942QqN_hKoBP5YGMc9W_up2wdDEW41ljlXP2l0C2F7z9tzhBxWjq8p647gP6vVgAv1l-Bfa-3vlvErGtkChWwfqUOA-A",
    "token_expiry": "2022-11-03T14:12:58Z"
  },
  "sentinels": {
    "config_sentinel": "/Users/inelpandzic/.config/gcloud/config_sentinel"
  }
}
2022-11-03 15:06:01,920 INFO     ___FILE_ONLY___ 

2022-11-03 15:06:01,940 DEBUG    root            Metrics reporting process started...
