2022-11-03 17:20:56,726 DEBUG    root            Loaded Command Group: ['gcloud', 'config']
2022-11-03 17:20:56,728 DEBUG    root            Loaded Command Group: ['gcloud', 'config', 'config_helper']
2022-11-03 17:20:56,729 DEBUG    root            Running [gcloud.config.config-helper] with arguments: [--format: "json"]
2022-11-03 17:20:56,739 INFO     root            Display format: "default json"
2022-11-03 17:20:56,740 INFO     ___FILE_ONLY___ {
  "configuration": {
    "active_configuration": "percona-cloud-dev",
    "properties": {
      "core": {
        "account": "inel.pandzic@percona.com",
        "disable_usage_reporting": "False",
        "project": "cloud-dev-112233"
      }
    }
  },
  "credential": {
    "access_token": "ya29.a0Aa4xrXMi6wAByOa30gwiAU7w0kbrnzYriud7owVXwHteVJ3cqRJUgWcM3hODkdnpWQFgmaO_j6yIMYOufMygxDzNo_53RFVyyyHwsMjyF3vcjHFqa2GS1DCL4qpatxYPPUoON_zlda8iO6U_vk4Nh4-vaXsUMnMSSaxb5ocaCgYKATASARESFQEjDvL9Nh7vSz-JTB6SLwyuUVVsJw0174",
    "id_token": "eyJhbGciOiJSUzI1NiIsImtpZCI6Ijc3Y2MwZWY0YzcxODFjZjRjMGRjZWY3YjYwYWUyOGNjOTAyMmM3NmIiLCJ0eXAiOiJKV1QifQ.eyJpc3MiOiJodHRwczovL2FjY291bnRzLmdvb2dsZS5jb20iLCJhenAiOiIzMjU1NTk0MDU1OS5hcHBzLmdvb2dsZXVzZXJjb250ZW50LmNvbSIsImF1ZCI6IjMyNTU1OTQwNTU5LmFwcHMuZ29vZ2xldXNlcmNvbnRlbnQuY29tIiwic3ViIjoiMTA3NDA5ODEzMzQ0NTU5NDQzNDA3IiwiaGQiOiJwZXJjb25hLmNvbSIsImVtYWlsIjoiaW5lbC5wYW5kemljQHBlcmNvbmEuY29tIiwiZW1haWxfdmVyaWZpZWQiOnRydWUsImF0X2hhc2giOiJzNzF2dDdjazFsZThTZjFFNmx3VmR3IiwiaWF0IjoxNjY3NDkxMjcwLCJleHAiOjE2Njc0OTQ4NzB9.iGJ8qFQvugOiIoJLetbhO37D7ytBDh5mgccx2yqxoVOKr2CrgqR1glUFGCpNxWpQQz01jS84qzFgh65FaR3jPXQCs5d7xUoqLDNLSBankzeV-wx-in7R8zALDeLPrjV8o-mQvUVxse48aFB2v1gGtJdEo7GOuOLJ--8eoWDmKHrlM2u7sEjtPXGU0ma_V5OnQ8gqA_OsMCl9zIB7ONc7xy-EAjF5kPTUZfsySJYpeOR60uk4MsEtlS8yLXPKhUo4LZlennyk73ACOl3hso-kyJE6XbcOSYFnuvFRUiIeC6ccs4wVU16mZX_Lc39XPCMveqJqiZs4tBRW6VUt6ybOug",
    "token_expiry": "2022-11-03T17:01:09Z"
  },
  "sentinels": {
    "config_sentinel": "/Users/inelpandzic/.config/gcloud/config_sentinel"
  }
}
2022-11-03 17:20:56,740 INFO     ___FILE_ONLY___ 

2022-11-03 17:20:56,753 DEBUG    root            Metrics reporting process started...
