2022-11-03 17:28:45,108 DEBUG    root            Loaded Command Group: ['gcloud', 'container', 'clusters']
2022-11-03 17:28:45,110 DEBUG    root            Loaded Command Group: ['gcloud', 'container', 'clusters', 'list']
2022-11-03 17:28:45,125 DEBUG    root            Running [gcloud.container.clusters.list] with arguments: []
2022-11-03 17:28:45,178 DEBUG    urllib3.connectionpool Starting new HTTPS connection (1): container.googleapis.com:443
2022-11-03 17:28:45,792 DEBUG    urllib3.connectionpool https://container.googleapis.com:443 "GET /v1/projects/cloud-dev-112233/locations/-/clusters?alt=json HTTP/1.1" 200 None
2022-11-03 17:28:45,862 INFO     root            Display format: "
    table(
        name,
        zone:label=LOCATION,
        master_version():label=MASTER_VERSION,
        endpoint:label=MASTER_IP,
        nodePools[0].config.machineType,
        currentNodeVersion:label=NODE_VERSION,
        firstof(currentNodeCount,initialNodeCount):label=NUM_NODES,
        status
    )
"
2022-11-03 17:28:45,893 INFO     ___FILE_ONLY___ NAME
2022-11-03 17:28:45,893 INFO     ___FILE_ONLY___                           
2022-11-03 17:28:45,893 INFO     ___FILE_ONLY___ LOCATION
2022-11-03 17:28:45,893 INFO     ___FILE_ONLY___         
2022-11-03 17:28:45,893 INFO     ___FILE_ONLY___ MASTER_VERSION
2022-11-03 17:28:45,893 INFO     ___FILE_ONLY___     
2022-11-03 17:28:45,893 INFO     ___FILE_ONLY___ MASTER_IP
2022-11-03 17:28:45,893 INFO     ___FILE_ONLY___        
2022-11-03 17:28:45,893 INFO     ___FILE_ONLY___ MACHINE_TYPE
2022-11-03 17:28:45,893 INFO     ___FILE_ONLY___    
2022-11-03 17:28:45,893 INFO     ___FILE_ONLY___ NODE_VERSION
2022-11-03 17:28:45,893 INFO     ___FILE_ONLY___         
2022-11-03 17:28:45,893 INFO     ___FILE_ONLY___ NUM_NODES
2022-11-03 17:28:45,893 INFO     ___FILE_ONLY___   
2022-11-03 17:28:45,893 INFO     ___FILE_ONLY___ STATUS
2022-11-03 17:28:45,893 INFO     ___FILE_ONLY___ 

2022-11-03 17:28:45,893 INFO     ___FILE_ONLY___ ondrei-13193
2022-11-03 17:28:45,893 INFO     ___FILE_ONLY___                   
2022-11-03 17:28:45,893 INFO     ___FILE_ONLY___ europe-west1-c
2022-11-03 17:28:45,893 INFO     ___FILE_ONLY___   
2022-11-03 17:28:45,893 INFO     ___FILE_ONLY___ 1.22.12-gke.2300
2022-11-03 17:28:45,893 INFO     ___FILE_ONLY___   
2022-11-03 17:28:45,893 INFO     ___FILE_ONLY___ 104.155.15.56
2022-11-03 17:28:45,893 INFO     ___FILE_ONLY___    
2022-11-03 17:28:45,893 INFO     ___FILE_ONLY___ n1-standard-4
2022-11-03 17:28:45,893 INFO     ___FILE_ONLY___   
2022-11-03 17:28:45,893 INFO     ___FILE_ONLY___ 1.21.14-gke.8500 *
2022-11-03 17:28:45,893 INFO     ___FILE_ONLY___   
2022-11-03 17:28:45,893 INFO     ___FILE_ONLY___ 3
2022-11-03 17:28:45,893 INFO     ___FILE_ONLY___           
2022-11-03 17:28:45,894 INFO     ___FILE_ONLY___ RUNNING
2022-11-03 17:28:45,894 INFO     ___FILE_ONLY___ 

2022-11-03 17:28:45,894 INFO     ___FILE_ONLY___ slava-pxc
2022-11-03 17:28:45,894 INFO     ___FILE_ONLY___                      
2022-11-03 17:28:45,894 INFO     ___FILE_ONLY___ europe-west3-a
2022-11-03 17:28:45,894 INFO     ___FILE_ONLY___   
2022-11-03 17:28:45,894 INFO     ___FILE_ONLY___ 1.23.12-gke.100
2022-11-03 17:28:45,894 INFO     ___FILE_ONLY___    
2022-11-03 17:28:45,894 INFO     ___FILE_ONLY___ 35.246.129.244
2022-11-03 17:28:45,894 INFO     ___FILE_ONLY___   
2022-11-03 17:28:45,894 INFO     ___FILE_ONLY___ n1-standard-4
2022-11-03 17:28:45,894 INFO     ___FILE_ONLY___   
2022-11-03 17:28:45,894 INFO     ___FILE_ONLY___ 1.23.12-gke.100
2022-11-03 17:28:45,894 INFO     ___FILE_ONLY___      
2022-11-03 17:28:45,894 INFO     ___FILE_ONLY___ 3
2022-11-03 17:28:45,894 INFO     ___FILE_ONLY___           
2022-11-03 17:28:45,894 INFO     ___FILE_ONLY___ RUNNING
2022-11-03 17:28:45,894 INFO     ___FILE_ONLY___ 

2022-11-03 17:28:45,894 INFO     ___FILE_ONLY___ inel-10696
2022-11-03 17:28:45,894 INFO     ___FILE_ONLY___                     
2022-11-03 17:28:45,894 INFO     ___FILE_ONLY___ europe-west3-b
2022-11-03 17:28:45,894 INFO     ___FILE_ONLY___   
2022-11-03 17:28:45,894 INFO     ___FILE_ONLY___ 1.21.14-gke.8500
2022-11-03 17:28:45,894 INFO     ___FILE_ONLY___   
2022-11-03 17:28:45,894 INFO     ___FILE_ONLY___ 34.159.38.195
2022-11-03 17:28:45,894 INFO     ___FILE_ONLY___    
2022-11-03 17:28:45,894 INFO     ___FILE_ONLY___ n1-standard-4
2022-11-03 17:28:45,894 INFO     ___FILE_ONLY___   
2022-11-03 17:28:45,894 INFO     ___FILE_ONLY___ 1.21.14-gke.8500
2022-11-03 17:28:45,894 INFO     ___FILE_ONLY___     
2022-11-03 17:28:45,894 INFO     ___FILE_ONLY___ 3
2022-11-03 17:28:45,894 INFO     ___FILE_ONLY___           
2022-11-03 17:28:45,894 INFO     ___FILE_ONLY___ RUNNING
2022-11-03 17:28:45,894 INFO     ___FILE_ONLY___ 

2022-11-03 17:28:45,894 INFO     ___FILE_ONLY___ max-30844
2022-11-03 17:28:45,894 INFO     ___FILE_ONLY___                      
2022-11-03 17:28:45,894 INFO     ___FILE_ONLY___ europe-west3-b
2022-11-03 17:28:45,894 INFO     ___FILE_ONLY___   
2022-11-03 17:28:45,894 INFO     ___FILE_ONLY___ 1.22.12-gke.2300
2022-11-03 17:28:45,894 INFO     ___FILE_ONLY___   
2022-11-03 17:28:45,894 INFO     ___FILE_ONLY___ 35.246.193.17
2022-11-03 17:28:45,894 INFO     ___FILE_ONLY___    
2022-11-03 17:28:45,895 INFO     ___FILE_ONLY___ n1-standard-4
2022-11-03 17:28:45,895 INFO     ___FILE_ONLY___   
2022-11-03 17:28:45,895 INFO     ___FILE_ONLY___ 1.21.14-gke.2700 *
2022-11-03 17:28:45,895 INFO     ___FILE_ONLY___   
2022-11-03 17:28:45,895 INFO     ___FILE_ONLY___ 3
2022-11-03 17:28:45,895 INFO     ___FILE_ONLY___           
2022-11-03 17:28:45,895 INFO     ___FILE_ONLY___ RUNNING
2022-11-03 17:28:45,895 INFO     ___FILE_ONLY___ 

2022-11-03 17:28:45,895 INFO     ___FILE_ONLY___ jen-pxc-7d922f78-49-cluster1
2022-11-03 17:28:45,895 INFO     ___FILE_ONLY___   
2022-11-03 17:28:45,895 INFO     ___FILE_ONLY___ us-central1-a
2022-11-03 17:28:45,895 INFO     ___FILE_ONLY___    
2022-11-03 17:28:45,895 INFO     ___FILE_ONLY___ 1.21.14-gke.8500
2022-11-03 17:28:45,895 INFO     ___FILE_ONLY___   
2022-11-03 17:28:45,895 INFO     ___FILE_ONLY___ 34.123.44.130
2022-11-03 17:28:45,895 INFO     ___FILE_ONLY___    
2022-11-03 17:28:45,895 INFO     ___FILE_ONLY___ n1-standard-4
2022-11-03 17:28:45,895 INFO     ___FILE_ONLY___   
2022-11-03 17:28:45,895 INFO     ___FILE_ONLY___ 1.21.14-gke.8500
2022-11-03 17:28:45,895 INFO     ___FILE_ONLY___     
2022-11-03 17:28:45,895 INFO     ___FILE_ONLY___ 3
2022-11-03 17:28:45,895 INFO     ___FILE_ONLY___           
2022-11-03 17:28:45,895 INFO     ___FILE_ONLY___ RUNNING
2022-11-03 17:28:45,895 INFO     ___FILE_ONLY___ 

2022-11-03 17:28:45,895 INFO     ___FILE_ONLY___ jen-pxc-7d922f78-49-cluster2
2022-11-03 17:28:45,895 INFO     ___FILE_ONLY___   
2022-11-03 17:28:45,895 INFO     ___FILE_ONLY___ us-central1-a
2022-11-03 17:28:45,895 INFO     ___FILE_ONLY___    
2022-11-03 17:28:45,895 INFO     ___FILE_ONLY___ 1.21.14-gke.8500
2022-11-03 17:28:45,895 INFO     ___FILE_ONLY___   
2022-11-03 17:28:45,895 INFO     ___FILE_ONLY___ 34.173.73.250
2022-11-03 17:28:45,895 INFO     ___FILE_ONLY___    
2022-11-03 17:28:45,895 INFO     ___FILE_ONLY___ n1-standard-4
2022-11-03 17:28:45,895 INFO     ___FILE_ONLY___   
2022-11-03 17:28:45,895 INFO     ___FILE_ONLY___ 1.21.14-gke.8500
2022-11-03 17:28:45,895 INFO     ___FILE_ONLY___     
2022-11-03 17:28:45,895 INFO     ___FILE_ONLY___ 3
2022-11-03 17:28:45,895 INFO     ___FILE_ONLY___           
2022-11-03 17:28:45,895 INFO     ___FILE_ONLY___ RUNNING
2022-11-03 17:28:45,895 INFO     ___FILE_ONLY___ 

2022-11-03 17:28:45,895 INFO     ___FILE_ONLY___ jen-pxc-7d922f78-49-cluster3
2022-11-03 17:28:45,895 INFO     ___FILE_ONLY___   
2022-11-03 17:28:45,895 INFO     ___FILE_ONLY___ us-central1-a
2022-11-03 17:28:45,895 INFO     ___FILE_ONLY___    
2022-11-03 17:28:45,895 INFO     ___FILE_ONLY___ 1.21.14-gke.8500
2022-11-03 17:28:45,895 INFO     ___FILE_ONLY___   
2022-11-03 17:28:45,895 INFO     ___FILE_ONLY___ 34.71.25.85
2022-11-03 17:28:45,895 INFO     ___FILE_ONLY___      
2022-11-03 17:28:45,895 INFO     ___FILE_ONLY___ n1-standard-4
2022-11-03 17:28:45,896 INFO     ___FILE_ONLY___   
2022-11-03 17:28:45,896 INFO     ___FILE_ONLY___ 1.21.14-gke.8500
2022-11-03 17:28:45,896 INFO     ___FILE_ONLY___     
2022-11-03 17:28:45,896 INFO     ___FILE_ONLY___ 3
2022-11-03 17:28:45,896 INFO     ___FILE_ONLY___           
2022-11-03 17:28:45,896 INFO     ___FILE_ONLY___ RUNNING
2022-11-03 17:28:45,896 INFO     ___FILE_ONLY___ 

2022-11-03 17:28:45,896 INFO     ___FILE_ONLY___ jen-pxc-7d922f78-49-cluster4
2022-11-03 17:28:45,896 INFO     ___FILE_ONLY___   
2022-11-03 17:28:45,896 INFO     ___FILE_ONLY___ us-central1-a
2022-11-03 17:28:45,896 INFO     ___FILE_ONLY___    
2022-11-03 17:28:45,896 INFO     ___FILE_ONLY___ 1.21.14-gke.8500
2022-11-03 17:28:45,896 INFO     ___FILE_ONLY___   
2022-11-03 17:28:45,896 INFO     ___FILE_ONLY___ 34.28.46.45
2022-11-03 17:28:45,896 INFO     ___FILE_ONLY___      
2022-11-03 17:28:45,896 INFO     ___FILE_ONLY___ n1-standard-4
2022-11-03 17:28:45,896 INFO     ___FILE_ONLY___   
2022-11-03 17:28:45,896 INFO     ___FILE_ONLY___ 1.21.14-gke.8500
2022-11-03 17:28:45,896 INFO     ___FILE_ONLY___     
2022-11-03 17:28:45,896 INFO     ___FILE_ONLY___ 3
2022-11-03 17:28:45,896 INFO     ___FILE_ONLY___           
2022-11-03 17:28:45,896 INFO     ___FILE_ONLY___ RUNNING
2022-11-03 17:28:45,896 INFO     ___FILE_ONLY___ 

2022-11-03 17:28:45,896 INFO     ___FILE_ONLY___ jen-pxc-7d922f78-49-cluster5
2022-11-03 17:28:45,896 INFO     ___FILE_ONLY___   
2022-11-03 17:28:45,896 INFO     ___FILE_ONLY___ us-central1-a
2022-11-03 17:28:45,896 INFO     ___FILE_ONLY___    
2022-11-03 17:28:45,896 INFO     ___FILE_ONLY___ 1.21.14-gke.8500
2022-11-03 17:28:45,896 INFO     ___FILE_ONLY___   
2022-11-03 17:28:45,896 INFO     ___FILE_ONLY___ 35.192.165.178
2022-11-03 17:28:45,896 INFO     ___FILE_ONLY___   
2022-11-03 17:28:45,896 INFO     ___FILE_ONLY___ n1-standard-4
2022-11-03 17:28:45,896 INFO     ___FILE_ONLY___   
2022-11-03 17:28:45,896 INFO     ___FILE_ONLY___ 1.21.14-gke.8500
2022-11-03 17:28:45,896 INFO     ___FILE_ONLY___     
2022-11-03 17:28:45,896 INFO     ___FILE_ONLY___ 3
2022-11-03 17:28:45,896 INFO     ___FILE_ONLY___           
2022-11-03 17:28:45,896 INFO     ___FILE_ONLY___ RUNNING
2022-11-03 17:28:45,896 INFO     ___FILE_ONLY___ 

2022-11-03 17:28:45,896 INFO     ___FILE_ONLY___ jen-pxc-7d922f78-49-cluster6
2022-11-03 17:28:45,896 INFO     ___FILE_ONLY___   
2022-11-03 17:28:45,896 INFO     ___FILE_ONLY___ us-central1-a
2022-11-03 17:28:45,896 INFO     ___FILE_ONLY___    
2022-11-03 17:28:45,896 INFO     ___FILE_ONLY___ 1.21.14-gke.8500
2022-11-03 17:28:45,896 INFO     ___FILE_ONLY___   
2022-11-03 17:28:45,896 INFO     ___FILE_ONLY___ 34.132.143.48
2022-11-03 17:28:45,896 INFO     ___FILE_ONLY___    
2022-11-03 17:28:45,896 INFO     ___FILE_ONLY___ n1-standard-4
2022-11-03 17:28:45,896 INFO     ___FILE_ONLY___   
2022-11-03 17:28:45,896 INFO     ___FILE_ONLY___ 1.21.14-gke.8500
2022-11-03 17:28:45,896 INFO     ___FILE_ONLY___     
2022-11-03 17:28:45,897 INFO     ___FILE_ONLY___ 3
2022-11-03 17:28:45,897 INFO     ___FILE_ONLY___           
2022-11-03 17:28:45,897 INFO     ___FILE_ONLY___ RUNNING
2022-11-03 17:28:45,897 INFO     ___FILE_ONLY___ 

2022-11-03 17:28:45,897 INFO     ___FILE_ONLY___ jen-pxc-7d922f78-49-cluster7
2022-11-03 17:28:45,897 INFO     ___FILE_ONLY___   
2022-11-03 17:28:45,897 INFO     ___FILE_ONLY___ us-central1-a
2022-11-03 17:28:45,897 INFO     ___FILE_ONLY___    
2022-11-03 17:28:45,897 INFO     ___FILE_ONLY___ 1.21.14-gke.8500
2022-11-03 17:28:45,897 INFO     ___FILE_ONLY___   
2022-11-03 17:28:45,897 INFO     ___FILE_ONLY___ 34.121.223.47
2022-11-03 17:28:45,897 INFO     ___FILE_ONLY___    
2022-11-03 17:28:45,897 INFO     ___FILE_ONLY___ n1-standard-4
2022-11-03 17:28:45,897 INFO     ___FILE_ONLY___   
2022-11-03 17:28:45,897 INFO     ___FILE_ONLY___ 1.21.14-gke.8500
2022-11-03 17:28:45,897 INFO     ___FILE_ONLY___     
2022-11-03 17:28:45,897 INFO     ___FILE_ONLY___ 3
2022-11-03 17:28:45,897 INFO     ___FILE_ONLY___           
2022-11-03 17:28:45,897 INFO     ___FILE_ONLY___ RUNNING
2022-11-03 17:28:45,897 INFO     ___FILE_ONLY___ 

2022-11-03 17:28:45,897 INFO     ___FILE_ONLY___ jen-pxc-7d922f78-49-cluster8
2022-11-03 17:28:45,897 INFO     ___FILE_ONLY___   
2022-11-03 17:28:45,897 INFO     ___FILE_ONLY___ us-central1-a
2022-11-03 17:28:45,897 INFO     ___FILE_ONLY___    
2022-11-03 17:28:45,897 INFO     ___FILE_ONLY___ 1.21.14-gke.8500
2022-11-03 17:28:45,897 INFO     ___FILE_ONLY___   
2022-11-03 17:28:45,897 INFO     ___FILE_ONLY___ 35.224.166.63
2022-11-03 17:28:45,897 INFO     ___FILE_ONLY___    
2022-11-03 17:28:45,897 INFO     ___FILE_ONLY___ n1-standard-4
2022-11-03 17:28:45,897 INFO     ___FILE_ONLY___   
2022-11-03 17:28:45,897 INFO     ___FILE_ONLY___ 1.21.14-gke.8500
2022-11-03 17:28:45,897 INFO     ___FILE_ONLY___     
2022-11-03 17:28:45,897 INFO     ___FILE_ONLY___ 3
2022-11-03 17:28:45,897 INFO     ___FILE_ONLY___           
2022-11-03 17:28:45,897 INFO     ___FILE_ONLY___ RUNNING
2022-11-03 17:28:45,897 INFO     ___FILE_ONLY___ 

2022-11-03 17:28:45,897 INFO     ___FILE_ONLY___ jen-pxc-7d922f78-49-cluster9
2022-11-03 17:28:45,897 INFO     ___FILE_ONLY___   
2022-11-03 17:28:45,897 INFO     ___FILE_ONLY___ us-central1-a
2022-11-03 17:28:45,897 INFO     ___FILE_ONLY___    
2022-11-03 17:28:45,897 INFO     ___FILE_ONLY___ 1.21.14-gke.8500
2022-11-03 17:28:45,897 INFO     ___FILE_ONLY___   
2022-11-03 17:28:45,897 INFO     ___FILE_ONLY___ 34.133.96.42
2022-11-03 17:28:45,897 INFO     ___FILE_ONLY___     
2022-11-03 17:28:45,897 INFO     ___FILE_ONLY___ n1-standard-4
2022-11-03 17:28:45,897 INFO     ___FILE_ONLY___   
2022-11-03 17:28:45,897 INFO     ___FILE_ONLY___ 1.21.14-gke.8500
2022-11-03 17:28:45,897 INFO     ___FILE_ONLY___     
2022-11-03 17:28:45,897 INFO     ___FILE_ONLY___ 3
2022-11-03 17:28:45,898 INFO     ___FILE_ONLY___           
2022-11-03 17:28:45,898 INFO     ___FILE_ONLY___ RUNNING
2022-11-03 17:28:45,898 INFO     ___FILE_ONLY___ 

2022-11-03 17:28:45,898 INFO     ___FILE_ONLY___ jen-pxc-7ed915f2-11-cluster1
2022-11-03 17:28:45,898 INFO     ___FILE_ONLY___   
2022-11-03 17:28:45,898 INFO     ___FILE_ONLY___ us-central1-a
2022-11-03 17:28:45,898 INFO     ___FILE_ONLY___    
2022-11-03 17:28:45,898 INFO     ___FILE_ONLY___ 1.21.14-gke.8500
2022-11-03 17:28:45,898 INFO     ___FILE_ONLY___   
2022-11-03 17:28:45,898 INFO     ___FILE_ONLY___ 35.225.140.109
2022-11-03 17:28:45,898 INFO     ___FILE_ONLY___   
2022-11-03 17:28:45,898 INFO     ___FILE_ONLY___ n1-standard-4
2022-11-03 17:28:45,898 INFO     ___FILE_ONLY___   
2022-11-03 17:28:45,898 INFO     ___FILE_ONLY___ 1.21.14-gke.8500
2022-11-03 17:28:45,898 INFO     ___FILE_ONLY___     
2022-11-03 17:28:45,898 INFO     ___FILE_ONLY___ 3
2022-11-03 17:28:45,898 INFO     ___FILE_ONLY___           
2022-11-03 17:28:45,898 INFO     ___FILE_ONLY___ RUNNING
2022-11-03 17:28:45,898 INFO     ___FILE_ONLY___ 

2022-11-03 17:28:45,898 INFO     ___FILE_ONLY___ jen-pxc-7ed915f2-11-cluster2
2022-11-03 17:28:45,898 INFO     ___FILE_ONLY___   
2022-11-03 17:28:45,898 INFO     ___FILE_ONLY___ us-central1-a
2022-11-03 17:28:45,898 INFO     ___FILE_ONLY___    
2022-11-03 17:28:45,898 INFO     ___FILE_ONLY___ 1.21.14-gke.8500
2022-11-03 17:28:45,898 INFO     ___FILE_ONLY___   
2022-11-03 17:28:45,898 INFO     ___FILE_ONLY___ 34.70.69.102
2022-11-03 17:28:45,898 INFO     ___FILE_ONLY___     
2022-11-03 17:28:45,898 INFO     ___FILE_ONLY___ n1-standard-4
2022-11-03 17:28:45,898 INFO     ___FILE_ONLY___   
2022-11-03 17:28:45,898 INFO     ___FILE_ONLY___ 1.21.14-gke.8500
2022-11-03 17:28:45,898 INFO     ___FILE_ONLY___     
2022-11-03 17:28:45,898 INFO     ___FILE_ONLY___ 3
2022-11-03 17:28:45,898 INFO     ___FILE_ONLY___           
2022-11-03 17:28:45,898 INFO     ___FILE_ONLY___ RUNNING
2022-11-03 17:28:45,898 INFO     ___FILE_ONLY___ 

2022-11-03 17:28:45,898 INFO     ___FILE_ONLY___ jen-pxc-7ed915f2-11-cluster3
2022-11-03 17:28:45,898 INFO     ___FILE_ONLY___   
2022-11-03 17:28:45,898 INFO     ___FILE_ONLY___ us-central1-a
2022-11-03 17:28:45,898 INFO     ___FILE_ONLY___    
2022-11-03 17:28:45,898 INFO     ___FILE_ONLY___ 1.21.14-gke.8500
2022-11-03 17:28:45,898 INFO     ___FILE_ONLY___   
2022-11-03 17:28:45,898 INFO     ___FILE_ONLY___ 35.188.114.94
2022-11-03 17:28:45,898 INFO     ___FILE_ONLY___    
2022-11-03 17:28:45,898 INFO     ___FILE_ONLY___ n1-standard-4
2022-11-03 17:28:45,898 INFO     ___FILE_ONLY___   
2022-11-03 17:28:45,898 INFO     ___FILE_ONLY___ 1.21.14-gke.8500
2022-11-03 17:28:45,898 INFO     ___FILE_ONLY___     
2022-11-03 17:28:45,898 INFO     ___FILE_ONLY___ 3
2022-11-03 17:28:45,898 INFO     ___FILE_ONLY___           
2022-11-03 17:28:45,898 INFO     ___FILE_ONLY___ STOPPING
2022-11-03 17:28:45,898 INFO     ___FILE_ONLY___ 

2022-11-03 17:28:45,899 INFO     ___FILE_ONLY___ jen-pxc-7ed915f2-11-cluster4
2022-11-03 17:28:45,899 INFO     ___FILE_ONLY___   
2022-11-03 17:28:45,899 INFO     ___FILE_ONLY___ us-central1-a
2022-11-03 17:28:45,899 INFO     ___FILE_ONLY___    
2022-11-03 17:28:45,899 INFO     ___FILE_ONLY___ 1.21.14-gke.8500
2022-11-03 17:28:45,899 INFO     ___FILE_ONLY___   
2022-11-03 17:28:45,899 INFO     ___FILE_ONLY___ 35.226.115.144
2022-11-03 17:28:45,899 INFO     ___FILE_ONLY___   
2022-11-03 17:28:45,899 INFO     ___FILE_ONLY___ n1-standard-4
2022-11-03 17:28:45,899 INFO     ___FILE_ONLY___   
2022-11-03 17:28:45,899 INFO     ___FILE_ONLY___ 1.21.14-gke.8500
2022-11-03 17:28:45,899 INFO     ___FILE_ONLY___     
2022-11-03 17:28:45,899 INFO     ___FILE_ONLY___ 3
2022-11-03 17:28:45,899 INFO     ___FILE_ONLY___           
2022-11-03 17:28:45,899 INFO     ___FILE_ONLY___ RUNNING
2022-11-03 17:28:45,899 INFO     ___FILE_ONLY___ 

2022-11-03 17:28:45,899 INFO     ___FILE_ONLY___ jen-pxc-7ed915f2-11-cluster5
2022-11-03 17:28:45,899 INFO     ___FILE_ONLY___   
2022-11-03 17:28:45,899 INFO     ___FILE_ONLY___ us-central1-a
2022-11-03 17:28:45,899 INFO     ___FILE_ONLY___    
2022-11-03 17:28:45,899 INFO     ___FILE_ONLY___ 1.21.14-gke.8500
2022-11-03 17:28:45,899 INFO     ___FILE_ONLY___   
2022-11-03 17:28:45,899 INFO     ___FILE_ONLY___ 35.226.93.103
2022-11-03 17:28:45,899 INFO     ___FILE_ONLY___    
2022-11-03 17:28:45,899 INFO     ___FILE_ONLY___ n1-standard-4
2022-11-03 17:28:45,899 INFO     ___FILE_ONLY___   
2022-11-03 17:28:45,899 INFO     ___FILE_ONLY___ 1.21.14-gke.8500
2022-11-03 17:28:45,899 INFO     ___FILE_ONLY___     
2022-11-03 17:28:45,899 INFO     ___FILE_ONLY___ 3
2022-11-03 17:28:45,899 INFO     ___FILE_ONLY___           
2022-11-03 17:28:45,899 INFO     ___FILE_ONLY___ RUNNING
2022-11-03 17:28:45,899 INFO     ___FILE_ONLY___ 

2022-11-03 17:28:45,899 INFO     ___FILE_ONLY___ jen-pxc-7ed915f2-11-cluster6
2022-11-03 17:28:45,899 INFO     ___FILE_ONLY___   
2022-11-03 17:28:45,899 INFO     ___FILE_ONLY___ us-central1-a
2022-11-03 17:28:45,899 INFO     ___FILE_ONLY___    
2022-11-03 17:28:45,899 INFO     ___FILE_ONLY___ 1.21.14-gke.8500
2022-11-03 17:28:45,899 INFO     ___FILE_ONLY___   
2022-11-03 17:28:45,899 INFO     ___FILE_ONLY___ 34.68.226.33
2022-11-03 17:28:45,899 INFO     ___FILE_ONLY___     
2022-11-03 17:28:45,899 INFO     ___FILE_ONLY___ n1-standard-4
2022-11-03 17:28:45,899 INFO     ___FILE_ONLY___   
2022-11-03 17:28:45,899 INFO     ___FILE_ONLY___ 1.21.14-gke.8500
2022-11-03 17:28:45,899 INFO     ___FILE_ONLY___     
2022-11-03 17:28:45,899 INFO     ___FILE_ONLY___ 3
2022-11-03 17:28:45,899 INFO     ___FILE_ONLY___           
2022-11-03 17:28:45,899 INFO     ___FILE_ONLY___ RUNNING
2022-11-03 17:28:45,899 INFO     ___FILE_ONLY___ 

2022-11-03 17:28:45,899 INFO     ___FILE_ONLY___ jen-pxc-7ed915f2-11-cluster7
2022-11-03 17:28:45,899 INFO     ___FILE_ONLY___   
2022-11-03 17:28:45,899 INFO     ___FILE_ONLY___ us-central1-a
2022-11-03 17:28:45,900 INFO     ___FILE_ONLY___    
2022-11-03 17:28:45,900 INFO     ___FILE_ONLY___ 1.21.14-gke.8500
2022-11-03 17:28:45,900 INFO     ___FILE_ONLY___   
2022-11-03 17:28:45,900 INFO     ___FILE_ONLY___ 34.135.225.32
2022-11-03 17:28:45,900 INFO     ___FILE_ONLY___    
2022-11-03 17:28:45,900 INFO     ___FILE_ONLY___ n1-standard-4
2022-11-03 17:28:45,900 INFO     ___FILE_ONLY___   
2022-11-03 17:28:45,900 INFO     ___FILE_ONLY___ 1.21.14-gke.8500
2022-11-03 17:28:45,900 INFO     ___FILE_ONLY___     
2022-11-03 17:28:45,900 INFO     ___FILE_ONLY___ 3
2022-11-03 17:28:45,900 INFO     ___FILE_ONLY___           
2022-11-03 17:28:45,900 INFO     ___FILE_ONLY___ RUNNING
2022-11-03 17:28:45,900 INFO     ___FILE_ONLY___ 

2022-11-03 17:28:45,900 INFO     ___FILE_ONLY___ jen-pxc-7ed915f2-11-cluster8
2022-11-03 17:28:45,900 INFO     ___FILE_ONLY___   
2022-11-03 17:28:45,900 INFO     ___FILE_ONLY___ us-central1-a
2022-11-03 17:28:45,900 INFO     ___FILE_ONLY___    
2022-11-03 17:28:45,900 INFO     ___FILE_ONLY___ 1.21.14-gke.8500
2022-11-03 17:28:45,900 INFO     ___FILE_ONLY___   
2022-11-03 17:28:45,900 INFO     ___FILE_ONLY___ 34.132.204.234
2022-11-03 17:28:45,900 INFO     ___FILE_ONLY___   
2022-11-03 17:28:45,900 INFO     ___FILE_ONLY___ n1-standard-4
2022-11-03 17:28:45,900 INFO     ___FILE_ONLY___   
2022-11-03 17:28:45,900 INFO     ___FILE_ONLY___ 1.21.14-gke.8500
2022-11-03 17:28:45,900 INFO     ___FILE_ONLY___     
2022-11-03 17:28:45,900 INFO     ___FILE_ONLY___ 3
2022-11-03 17:28:45,900 INFO     ___FILE_ONLY___           
2022-11-03 17:28:45,900 INFO     ___FILE_ONLY___ RUNNING
2022-11-03 17:28:45,900 INFO     ___FILE_ONLY___ 

2022-11-03 17:28:45,900 INFO     ___FILE_ONLY___ jen-pxc-7ed915f2-11-cluster9
2022-11-03 17:28:45,900 INFO     ___FILE_ONLY___   
2022-11-03 17:28:45,900 INFO     ___FILE_ONLY___ us-central1-a
2022-11-03 17:28:45,900 INFO     ___FILE_ONLY___    
2022-11-03 17:28:45,900 INFO     ___FILE_ONLY___ 1.21.14-gke.8500
2022-11-03 17:28:45,900 INFO     ___FILE_ONLY___   
2022-11-03 17:28:45,900 INFO     ___FILE_ONLY___ 34.136.130.18
2022-11-03 17:28:45,900 INFO     ___FILE_ONLY___    
2022-11-03 17:28:45,900 INFO     ___FILE_ONLY___ n1-standard-4
2022-11-03 17:28:45,900 INFO     ___FILE_ONLY___   
2022-11-03 17:28:45,900 INFO     ___FILE_ONLY___ 1.21.14-gke.8500
2022-11-03 17:28:45,900 INFO     ___FILE_ONLY___     
2022-11-03 17:28:45,900 INFO     ___FILE_ONLY___ 3
2022-11-03 17:28:45,900 INFO     ___FILE_ONLY___           
2022-11-03 17:28:45,900 INFO     ___FILE_ONLY___ RUNNING
2022-11-03 17:28:45,900 INFO     ___FILE_ONLY___ 

2022-11-03 17:28:45,900 INFO     ___FILE_ONLY___ plavi-121
2022-11-03 17:28:45,900 INFO     ___FILE_ONLY___                      
2022-11-03 17:28:45,900 INFO     ___FILE_ONLY___ us-central1-a
2022-11-03 17:28:45,900 INFO     ___FILE_ONLY___    
2022-11-03 17:28:45,900 INFO     ___FILE_ONLY___ 1.21.14-gke.7100
2022-11-03 17:28:45,901 INFO     ___FILE_ONLY___   
2022-11-03 17:28:45,901 INFO     ___FILE_ONLY___ 34.123.44.231
2022-11-03 17:28:45,901 INFO     ___FILE_ONLY___    
2022-11-03 17:28:45,901 INFO     ___FILE_ONLY___ n1-standard-4
2022-11-03 17:28:45,901 INFO     ___FILE_ONLY___   
2022-11-03 17:28:45,901 INFO     ___FILE_ONLY___ 1.21.14-gke.7100
2022-11-03 17:28:45,901 INFO     ___FILE_ONLY___     
2022-11-03 17:28:45,901 INFO     ___FILE_ONLY___ 3
2022-11-03 17:28:45,901 INFO     ___FILE_ONLY___           
2022-11-03 17:28:45,901 INFO     ___FILE_ONLY___ RUNNING
2022-11-03 17:28:45,901 INFO     ___FILE_ONLY___ 

2022-11-03 17:28:45,901 INFO     ___FILE_ONLY___ spronin-1337
2022-11-03 17:28:45,901 INFO     ___FILE_ONLY___                   
2022-11-03 17:28:45,901 INFO     ___FILE_ONLY___ us-central1-a
2022-11-03 17:28:45,901 INFO     ___FILE_ONLY___    
2022-11-03 17:28:45,901 INFO     ___FILE_ONLY___ 1.23.12-gke.1600
2022-11-03 17:28:45,901 INFO     ___FILE_ONLY___   
2022-11-03 17:28:45,901 INFO     ___FILE_ONLY___ 34.121.221.55
2022-11-03 17:28:45,901 INFO     ___FILE_ONLY___    
2022-11-03 17:28:45,901 INFO     ___FILE_ONLY___ n1-standard-4
2022-11-03 17:28:45,901 INFO     ___FILE_ONLY___   
2022-11-03 17:28:45,901 INFO     ___FILE_ONLY___ 1.23.12-gke.1600
2022-11-03 17:28:45,901 INFO     ___FILE_ONLY___     
2022-11-03 17:28:45,901 INFO     ___FILE_ONLY___ 3
2022-11-03 17:28:45,901 INFO     ___FILE_ONLY___           
2022-11-03 17:28:45,901 INFO     ___FILE_ONLY___ RUNNING
2022-11-03 17:28:45,901 INFO     ___FILE_ONLY___ 

2022-11-03 17:28:45,901 INFO     ___FILE_ONLY___ cap-666
2022-11-03 17:28:45,901 INFO     ___FILE_ONLY___                        
2022-11-03 17:28:45,901 INFO     ___FILE_ONLY___ us-central1-c
2022-11-03 17:28:45,901 INFO     ___FILE_ONLY___    
2022-11-03 17:28:45,901 INFO     ___FILE_ONLY___ 1.21.14-gke.8500
2022-11-03 17:28:45,901 INFO     ___FILE_ONLY___   
2022-11-03 17:28:45,901 INFO     ___FILE_ONLY___ 34.170.215.113
2022-11-03 17:28:45,901 INFO     ___FILE_ONLY___   
2022-11-03 17:28:45,901 INFO     ___FILE_ONLY___ n1-standard-4
2022-11-03 17:28:45,901 INFO     ___FILE_ONLY___   
2022-11-03 17:28:45,901 INFO     ___FILE_ONLY___ 1.21.14-gke.8500
2022-11-03 17:28:45,901 INFO     ___FILE_ONLY___     
2022-11-03 17:28:45,901 INFO     ___FILE_ONLY___ 3
2022-11-03 17:28:45,902 INFO     ___FILE_ONLY___           
2022-11-03 17:28:45,902 INFO     ___FILE_ONLY___ RUNNING
2022-11-03 17:28:45,902 INFO     ___FILE_ONLY___ 

2022-11-03 17:28:45,902 INFO     ___FILE_ONLY___ natali-22
2022-11-03 17:28:45,902 INFO     ___FILE_ONLY___                      
2022-11-03 17:28:45,902 INFO     ___FILE_ONLY___ us-central1-c
2022-11-03 17:28:45,902 INFO     ___FILE_ONLY___    
2022-11-03 17:28:45,902 INFO     ___FILE_ONLY___ 1.22.15-gke.1000
2022-11-03 17:28:45,902 INFO     ___FILE_ONLY___   
2022-11-03 17:28:45,902 INFO     ___FILE_ONLY___ 34.133.132.128
2022-11-03 17:28:45,902 INFO     ___FILE_ONLY___   
2022-11-03 17:28:45,902 INFO     ___FILE_ONLY___ n1-standard-4
2022-11-03 17:28:45,902 INFO     ___FILE_ONLY___   
2022-11-03 17:28:45,902 INFO     ___FILE_ONLY___ 1.22.15-gke.1000
2022-11-03 17:28:45,902 INFO     ___FILE_ONLY___     
2022-11-03 17:28:45,902 INFO     ___FILE_ONLY___ 3
2022-11-03 17:28:45,902 INFO     ___FILE_ONLY___           
2022-11-03 17:28:45,902 INFO     ___FILE_ONLY___ RUNNING
2022-11-03 17:28:45,902 INFO     ___FILE_ONLY___ 

2022-11-03 17:28:45,902 INFO     ___FILE_ONLY___ 
* - There is an upgrade available for your cluster(s).

To upgrade nodes to the latest available version, run
  $ gcloud container clusters upgrade NAME

2022-11-03 17:28:45,919 DEBUG    root            Metrics reporting process started...
