2023-07-24 11:45:38,718 DEBUG    root            Loaded Command Group: ['gcloud', 'config']
2023-07-24 11:45:38,720 DEBUG    root            Loaded Command Group: ['gcloud', 'config', 'config_helper']
2023-07-24 11:45:38,720 DEBUG    root            Running [gcloud.config.config-helper] with arguments: [--format: "json"]
2023-07-24 11:45:38,742 DEBUG    google.auth.transport.requests Making request: POST https://oauth2.googleapis.com/token
2023-07-24 11:45:38,766 DEBUG    urllib3.connectionpool Starting new HTTPS connection (1): oauth2.googleapis.com:443
2023-07-24 11:45:38,924 DEBUG    urllib3.connectionpool https://oauth2.googleapis.com:443 "POST /token HTTP/1.1" 200 None
2023-07-24 11:45:38,944 DEBUG    urllib3.connectionpool Starting new HTTPS connection (1): www.gstatic.com:443
2023-07-24 11:45:39,049 DEBUG    urllib3.connectionpool https://www.gstatic.com:443 "GET /cloudsdk/feature_flag_config_file.yaml HTTP/1.1" 200 101
2023-07-24 11:45:39,070 DEBUG    root            Chosen display Format:default json
2023-07-24 11:45:39,071 INFO     root            Display format: "default json"
2023-07-24 11:45:39,071 INFO     ___FILE_ONLY___ {
  "configuration": {
    "active_configuration": "percona-cloud-dev",
    "properties": {
      "core": {
        "account": "inel.pandzic@percona.com",
        "disable_usage_reporting": "False",
        "project": "cloud-dev-112233"
      }
    }
  },
  "credential": {
    "access_token": "ya29.a0AbVbY6NLawI2qL1YSTePOZtRKF6pOOu0-VFQvJ-r4YZteMaKK6aRlRilMqUJNaAFlraWH77z2ZFaJ0KWd1uM-ViBVMyshZ9DNXaZekh3yBQpHA4PvaL5GfU4-Dwz5XcikiZRDhrSPsoi_ut-yfDVCzPKXlGHU0efxAAL944aCgYKARMSARESFQFWKvPlGG2aRZzJfXgnGaFytBaXZg0174",
    "id_token": "eyJhbGciOiJSUzI1NiIsImtpZCI6ImEzYmRiZmRlZGUzYmFiYjI2NTFhZmNhMjY3OGRkZThjMGIzNWRmNzYiLCJ0eXAiOiJKV1QifQ.eyJpc3MiOiJodHRwczovL2FjY291bnRzLmdvb2dsZS5jb20iLCJhenAiOiIzMjU1NTk0MDU1OS5hcHBzLmdvb2dsZXVzZXJjb250ZW50LmNvbSIsImF1ZCI6IjMyNTU1OTQwNTU5LmFwcHMuZ29vZ2xldXNlcmNvbnRlbnQuY29tIiwic3ViIjoiMTA3NDA5ODEzMzQ0NTU5NDQzNDA3IiwiaGQiOiJwZXJjb25hLmNvbSIsImVtYWlsIjoiaW5lbC5wYW5kemljQHBlcmNvbmEuY29tIiwiZW1haWxfdmVyaWZpZWQiOnRydWUsImF0X2hhc2giOiIwLTdvbjd1V0NpS3NNMDVfNTFqTEd3IiwiaWF0IjoxNjkwMTkxOTM5LCJleHAiOjE2OTAxOTU1Mzl9.sqav6bj_Wu5udmAaZW-pZQbUT71nmw0Um4z6vG16r1_D1fiEtrinkit_DY_FIJ29jZlHsb0_fhClV8_T20aWp2SW9p0K_qBqNfdjqXwWCLsYJwk_b_AdcroYCl2edSpA-jINmPKK7azoeVorl3cLdfJHb3OF6OjJUnFckvOXa0aET93bG8qxTIWS5XSWXog_RUmUuOnuJdDO45Coh_Qz-yRLkA52KeLgD5T2F9jPIZ1lX9TYUD0O2Lal1FYzRmHGx9ytlAe83T-LngHufHYCQ3dwsK5m_83J7on1XyIMyZLuQTRFpAV8Qd1glUBUkYRxd5PTzyi_EAMueEX-c6Zukw",
    "token_expiry": "2023-07-24T10:45:37Z"
  },
  "sentinels": {
    "config_sentinel": "/Users/inelpandzic/.config/gcloud/config_sentinel"
  }
}
2023-07-24 11:45:39,071 INFO     ___FILE_ONLY___ 

2023-07-24 11:45:39,085 DEBUG    root            Metrics reporting process started...
