2023-07-24 12:45:47,373 DEBUG    root            Loaded Command Group: ['gcloud', 'config']
2023-07-24 12:45:47,375 DEBUG    root            Loaded Command Group: ['gcloud', 'config', 'config_helper']
2023-07-24 12:45:47,376 DEBUG    root            Running [gcloud.config.config-helper] with arguments: [--format: "json"]
2023-07-24 12:45:47,387 DEBUG    google.auth.transport.requests Making request: POST https://oauth2.googleapis.com/token
2023-07-24 12:45:47,410 DEBUG    urllib3.connectionpool Starting new HTTPS connection (1): oauth2.googleapis.com:443
2023-07-24 12:45:47,565 DEBUG    urllib3.connectionpool https://oauth2.googleapis.com:443 "POST /token HTTP/1.1" 200 None
2023-07-24 12:45:47,585 DEBUG    urllib3.connectionpool Starting new HTTPS connection (1): www.gstatic.com:443
2023-07-24 12:45:47,694 DEBUG    urllib3.connectionpool https://www.gstatic.com:443 "GET /cloudsdk/feature_flag_config_file.yaml HTTP/1.1" 200 101
2023-07-24 12:45:47,709 DEBUG    root            Chosen display Format:default json
2023-07-24 12:45:47,709 INFO     root            Display format: "default json"
2023-07-24 12:45:47,713 INFO     ___FILE_ONLY___ {
  "configuration": {
    "active_configuration": "percona-cloud-dev",
    "properties": {
      "core": {
        "account": "inel.pandzic@percona.com",
        "disable_usage_reporting": "False",
        "project": "cloud-dev-112233"
      }
    }
  },
  "credential": {
    "access_token": "ya29.a0AbVbY6N4Mv9Y6F6t8nyFnEvbHbllnJ2CCgb8CRMrCgSKbU2n6tGN2HbTgg4_CDy-mwxf5nfWpVnbWOF4T8El0BlP1If5gYRXVptGk8A3IZJBes051FlzRIcDC4vOvaiyoiS7wyvSsjqZUWcJnFjllSU2zVvFx1kkxfJBOOAaCgYKARwSARESFQFWKvPlAydDxtpkg6wKRKM3SUQXCQ0174",
    "id_token": "eyJhbGciOiJSUzI1NiIsImtpZCI6ImEzYmRiZmRlZGUzYmFiYjI2NTFhZmNhMjY3OGRkZThjMGIzNWRmNzYiLCJ0eXAiOiJKV1QifQ.eyJpc3MiOiJodHRwczovL2FjY291bnRzLmdvb2dsZS5jb20iLCJhenAiOiIzMjU1NTk0MDU1OS5hcHBzLmdvb2dsZXVzZXJjb250ZW50LmNvbSIsImF1ZCI6IjMyNTU1OTQwNTU5LmFwcHMuZ29vZ2xldXNlcmNvbnRlbnQuY29tIiwic3ViIjoiMTA3NDA5ODEzMzQ0NTU5NDQzNDA3IiwiaGQiOiJwZXJjb25hLmNvbSIsImVtYWlsIjoiaW5lbC5wYW5kemljQHBlcmNvbmEuY29tIiwiZW1haWxfdmVyaWZpZWQiOnRydWUsImF0X2hhc2giOiJxeGNxSzFfZVFVbUI0TjNDcjVqVEd3IiwiaWF0IjoxNjkwMTk1NTQ3LCJleHAiOjE2OTAxOTkxNDd9.DHzrnSMX61hkNlE4HPufbZ2678_sw0lHwsm1fbBjaYNAp5zIfrHq-fGGPKpM9Amu-KrhO-E1ilT-F-EGRkEmVKMkg1XqHQliXhR4KKrVqnlbKetZbA7zjpjxerlfW-WdbGXsgVZALpDEVzshbTUNOwzP9eBreuNFjrcUbgtkSL4cfF-iyGSUnN78Wgqaf2yMzToTnIQ-Mmw-R4MWG--nQYnIjLRD5Vy7uFBi0MP46GjNKCytcf-l925SgI8YtZnZeKMp1yUstGe_sfPz-isTEU_MbXEkbO5SpgKgvlX_49msvKl2sTYLdym20fgBxnnsFTjOpehX2WuMRxGjwJNEnA",
    "token_expiry": "2023-07-24T11:45:46Z"
  },
  "sentinels": {
    "config_sentinel": "/Users/inelpandzic/.config/gcloud/config_sentinel"
  }
}
2023-07-24 12:45:47,713 INFO     ___FILE_ONLY___ 

2023-07-24 12:45:47,729 DEBUG    root            Metrics reporting process started...
