2022-08-24 11:56:35,330 DEBUG    root            Loaded Command Group: ['gcloud', 'container', 'clusters']
2022-08-24 11:56:35,332 DEBUG    root            Loaded Command Group: ['gcloud', 'container', 'clusters', 'list']
2022-08-24 11:56:35,352 DEBUG    root            Running [gcloud.container.clusters.list] with arguments: []
2022-08-24 11:56:35,397 DEBUG    urllib3.connectionpool Starting new HTTPS connection (1): container.googleapis.com:443
2022-08-24 11:56:36,049 DEBUG    urllib3.connectionpool https://container.googleapis.com:443 "GET /v1/projects/cloud-dev-112233/locations/-/clusters?alt=json HTTP/1.1" 200 None
2022-08-24 11:56:36,142 INFO     root            Display format: "
    table(
        name,
        zone:label=LOCATION,
        master_version():label=MASTER_VERSION,
        endpoint:label=MASTER_IP,
        nodePools[0].config.machineType,
        currentNodeVersion:label=NODE_VERSION,
        firstof(currentNodeCount,initialNodeCount):label=NUM_NODES,
        status
    )
"
2022-08-24 11:56:36,178 INFO     ___FILE_ONLY___ NAME
2022-08-24 11:56:36,178 INFO     ___FILE_ONLY___                                     
2022-08-24 11:56:36,178 INFO     ___FILE_ONLY___ LOCATION
2022-08-24 11:56:36,178 INFO     ___FILE_ONLY___         
2022-08-24 11:56:36,178 INFO     ___FILE_ONLY___ MASTER_VERSION
2022-08-24 11:56:36,178 INFO     ___FILE_ONLY___      
2022-08-24 11:56:36,178 INFO     ___FILE_ONLY___ MASTER_IP
2022-08-24 11:56:36,178 INFO     ___FILE_ONLY___        
2022-08-24 11:56:36,178 INFO     ___FILE_ONLY___ MACHINE_TYPE
2022-08-24 11:56:36,178 INFO     ___FILE_ONLY___    
2022-08-24 11:56:36,178 INFO     ___FILE_ONLY___ NODE_VERSION
2022-08-24 11:56:36,178 INFO     ___FILE_ONLY___          
2022-08-24 11:56:36,178 INFO     ___FILE_ONLY___ NUM_NODES
2022-08-24 11:56:36,178 INFO     ___FILE_ONLY___   
2022-08-24 11:56:36,178 INFO     ___FILE_ONLY___ STATUS
2022-08-24 11:56:36,178 INFO     ___FILE_ONLY___ 

2022-08-24 11:56:36,178 INFO     ___FILE_ONLY___ ondrei-24064
2022-08-24 11:56:36,178 INFO     ___FILE_ONLY___                             
2022-08-24 11:56:36,178 INFO     ___FILE_ONLY___ europe-west1-c
2022-08-24 11:56:36,178 INFO     ___FILE_ONLY___   
2022-08-24 11:56:36,178 INFO     ___FILE_ONLY___ 1.21.13-gke.900
2022-08-24 11:56:36,178 INFO     ___FILE_ONLY___     
2022-08-24 11:56:36,178 INFO     ___FILE_ONLY___ 130.211.97.60
2022-08-24 11:56:36,178 INFO     ___FILE_ONLY___    
2022-08-24 11:56:36,178 INFO     ___FILE_ONLY___ n1-standard-4
2022-08-24 11:56:36,178 INFO     ___FILE_ONLY___   
2022-08-24 11:56:36,178 INFO     ___FILE_ONLY___ 1.20.15-gke.13400 *
2022-08-24 11:56:36,178 INFO     ___FILE_ONLY___   
2022-08-24 11:56:36,178 INFO     ___FILE_ONLY___ 3
2022-08-24 11:56:36,179 INFO     ___FILE_ONLY___           
2022-08-24 11:56:36,179 INFO     ___FILE_ONLY___ RUNNING
2022-08-24 11:56:36,179 INFO     ___FILE_ONLY___ 

2022-08-24 11:56:36,179 INFO     ___FILE_ONLY___ plavi-122
2022-08-24 11:56:36,179 INFO     ___FILE_ONLY___                                
2022-08-24 11:56:36,179 INFO     ___FILE_ONLY___ europe-west2-c
2022-08-24 11:56:36,179 INFO     ___FILE_ONLY___   
2022-08-24 11:56:36,179 INFO     ___FILE_ONLY___ 1.22.12-gke.500
2022-08-24 11:56:36,179 INFO     ___FILE_ONLY___     
2022-08-24 11:56:36,179 INFO     ___FILE_ONLY___ 35.242.168.94
2022-08-24 11:56:36,179 INFO     ___FILE_ONLY___    
2022-08-24 11:56:36,179 INFO     ___FILE_ONLY___ n1-standard-4
2022-08-24 11:56:36,179 INFO     ___FILE_ONLY___   
2022-08-24 11:56:36,179 INFO     ___FILE_ONLY___ 1.22.12-gke.500
2022-08-24 11:56:36,179 INFO     ___FILE_ONLY___       
2022-08-24 11:56:36,179 INFO     ___FILE_ONLY___ 3
2022-08-24 11:56:36,179 INFO     ___FILE_ONLY___           
2022-08-24 11:56:36,179 INFO     ___FILE_ONLY___ RUNNING
2022-08-24 11:56:36,179 INFO     ___FILE_ONLY___ 

2022-08-24 11:56:36,179 INFO     ___FILE_ONLY___ plavi-1222
2022-08-24 11:56:36,179 INFO     ___FILE_ONLY___                               
2022-08-24 11:56:36,179 INFO     ___FILE_ONLY___ europe-west2-c
2022-08-24 11:56:36,179 INFO     ___FILE_ONLY___   
2022-08-24 11:56:36,179 INFO     ___FILE_ONLY___ 1.22.12-gke.500
2022-08-24 11:56:36,179 INFO     ___FILE_ONLY___     
2022-08-24 11:56:36,179 INFO     ___FILE_ONLY___ 34.89.31.33
2022-08-24 11:56:36,179 INFO     ___FILE_ONLY___      
2022-08-24 11:56:36,179 INFO     ___FILE_ONLY___ n1-standard-4
2022-08-24 11:56:36,179 INFO     ___FILE_ONLY___   
2022-08-24 11:56:36,179 INFO     ___FILE_ONLY___ 1.22.12-gke.500
2022-08-24 11:56:36,179 INFO     ___FILE_ONLY___       
2022-08-24 11:56:36,179 INFO     ___FILE_ONLY___ 5
2022-08-24 11:56:36,179 INFO     ___FILE_ONLY___           
2022-08-24 11:56:36,179 INFO     ___FILE_ONLY___ RUNNING
2022-08-24 11:56:36,179 INFO     ___FILE_ONLY___ 

2022-08-24 11:56:36,179 INFO     ___FILE_ONLY___ ege-7367
2022-08-24 11:56:36,179 INFO     ___FILE_ONLY___                                 
2022-08-24 11:56:36,179 INFO     ___FILE_ONLY___ europe-west3
2022-08-24 11:56:36,179 INFO     ___FILE_ONLY___     
2022-08-24 11:56:36,179 INFO     ___FILE_ONLY___ 1.24.2-gke.1900
2022-08-24 11:56:36,179 INFO     ___FILE_ONLY___     
2022-08-24 11:56:36,179 INFO     ___FILE_ONLY___ 34.159.211.234
2022-08-24 11:56:36,179 INFO     ___FILE_ONLY___   
2022-08-24 11:56:36,180 INFO     ___FILE_ONLY___ n1-standard-4
2022-08-24 11:56:36,180 INFO     ___FILE_ONLY___   
2022-08-24 11:56:36,180 INFO     ___FILE_ONLY___ 1.24.2-gke.1900
2022-08-24 11:56:36,180 INFO     ___FILE_ONLY___       
2022-08-24 11:56:36,180 INFO     ___FILE_ONLY___ 3
2022-08-24 11:56:36,180 INFO     ___FILE_ONLY___           
2022-08-24 11:56:36,180 INFO     ___FILE_ONLY___ RUNNING
2022-08-24 11:56:36,180 INFO     ___FILE_ONLY___ 

2022-08-24 11:56:36,180 INFO     ___FILE_ONLY___ slava-pxc
2022-08-24 11:56:36,180 INFO     ___FILE_ONLY___                                
2022-08-24 11:56:36,180 INFO     ___FILE_ONLY___ europe-west3-a
2022-08-24 11:56:36,180 INFO     ___FILE_ONLY___   
2022-08-24 11:56:36,180 INFO     ___FILE_ONLY___ 1.20.15-gke.13400
2022-08-24 11:56:36,180 INFO     ___FILE_ONLY___   
2022-08-24 11:56:36,180 INFO     ___FILE_ONLY___ 34.159.164.121
2022-08-24 11:56:36,180 INFO     ___FILE_ONLY___   
2022-08-24 11:56:36,180 INFO     ___FILE_ONLY___ n1-standard-4
2022-08-24 11:56:36,180 INFO     ___FILE_ONLY___   
2022-08-24 11:56:36,180 INFO     ___FILE_ONLY___ 1.20.15-gke.13400
2022-08-24 11:56:36,180 INFO     ___FILE_ONLY___     
2022-08-24 11:56:36,180 INFO     ___FILE_ONLY___ 3
2022-08-24 11:56:36,180 INFO     ___FILE_ONLY___           
2022-08-24 11:56:36,180 INFO     ___FILE_ONLY___ RUNNING
2022-08-24 11:56:36,180 INFO     ___FILE_ONLY___ 

2022-08-24 11:56:36,180 INFO     ___FILE_ONLY___ dmitriy-27668
2022-08-24 11:56:36,180 INFO     ___FILE_ONLY___                            
2022-08-24 11:56:36,180 INFO     ___FILE_ONLY___ europe-west3-b
2022-08-24 11:56:36,180 INFO     ___FILE_ONLY___   
2022-08-24 11:56:36,180 INFO     ___FILE_ONLY___ 1.22.12-gke.500
2022-08-24 11:56:36,180 INFO     ___FILE_ONLY___     
2022-08-24 11:56:36,180 INFO     ___FILE_ONLY___ 34.141.112.81
2022-08-24 11:56:36,180 INFO     ___FILE_ONLY___    
2022-08-24 11:56:36,180 INFO     ___FILE_ONLY___ n1-standard-4
2022-08-24 11:56:36,180 INFO     ___FILE_ONLY___   
2022-08-24 11:56:36,180 INFO     ___FILE_ONLY___ 1.22.12-gke.500
2022-08-24 11:56:36,180 INFO     ___FILE_ONLY___       
2022-08-24 11:56:36,180 INFO     ___FILE_ONLY___ 3
2022-08-24 11:56:36,180 INFO     ___FILE_ONLY___           
2022-08-24 11:56:36,180 INFO     ___FILE_ONLY___ RUNNING
2022-08-24 11:56:36,180 INFO     ___FILE_ONLY___ 

2022-08-24 11:56:36,181 INFO     ___FILE_ONLY___ inel-31176
2022-08-24 11:56:36,181 INFO     ___FILE_ONLY___                               
2022-08-24 11:56:36,181 INFO     ___FILE_ONLY___ europe-west3-b
2022-08-24 11:56:36,181 INFO     ___FILE_ONLY___   
2022-08-24 11:56:36,181 INFO     ___FILE_ONLY___ 1.21.14-gke.2700
2022-08-24 11:56:36,181 INFO     ___FILE_ONLY___    
2022-08-24 11:56:36,181 INFO     ___FILE_ONLY___ 35.234.83.8
2022-08-24 11:56:36,181 INFO     ___FILE_ONLY___      
2022-08-24 11:56:36,181 INFO     ___FILE_ONLY___ n1-standard-4
2022-08-24 11:56:36,181 INFO     ___FILE_ONLY___   
2022-08-24 11:56:36,181 INFO     ___FILE_ONLY___ 1.21.14-gke.2700
2022-08-24 11:56:36,181 INFO     ___FILE_ONLY___      
2022-08-24 11:56:36,181 INFO     ___FILE_ONLY___ 3
2022-08-24 11:56:36,181 INFO     ___FILE_ONLY___           
2022-08-24 11:56:36,181 INFO     ___FILE_ONLY___ RUNNING
2022-08-24 11:56:36,181 INFO     ___FILE_ONLY___ 

2022-08-24 11:56:36,181 INFO     ___FILE_ONLY___ max-30844
2022-08-24 11:56:36,181 INFO     ___FILE_ONLY___                                
2022-08-24 11:56:36,181 INFO     ___FILE_ONLY___ europe-west3-b
2022-08-24 11:56:36,181 INFO     ___FILE_ONLY___   
2022-08-24 11:56:36,181 INFO     ___FILE_ONLY___ 1.21.13-gke.900
2022-08-24 11:56:36,181 INFO     ___FILE_ONLY___     
2022-08-24 11:56:36,181 INFO     ___FILE_ONLY___ 35.246.193.17
2022-08-24 11:56:36,181 INFO     ___FILE_ONLY___    
2022-08-24 11:56:36,181 INFO     ___FILE_ONLY___ n1-standard-4
2022-08-24 11:56:36,181 INFO     ___FILE_ONLY___   
2022-08-24 11:56:36,181 INFO     ___FILE_ONLY___ 1.21.12-gke.2200 *
2022-08-24 11:56:36,181 INFO     ___FILE_ONLY___    
2022-08-24 11:56:36,181 INFO     ___FILE_ONLY___ 3
2022-08-24 11:56:36,181 INFO     ___FILE_ONLY___           
2022-08-24 11:56:36,181 INFO     ___FILE_ONLY___ RUNNING
2022-08-24 11:56:36,181 INFO     ___FILE_ONLY___ 

2022-08-24 11:56:36,181 INFO     ___FILE_ONLY___ natali-22
2022-08-24 11:56:36,181 INFO     ___FILE_ONLY___                                
2022-08-24 11:56:36,181 INFO     ___FILE_ONLY___ europe-west3-b
2022-08-24 11:56:36,181 INFO     ___FILE_ONLY___   
2022-08-24 11:56:36,181 INFO     ___FILE_ONLY___ 1.22.12-gke.1200
2022-08-24 11:56:36,181 INFO     ___FILE_ONLY___    
2022-08-24 11:56:36,181 INFO     ___FILE_ONLY___ 35.198.64.197
2022-08-24 11:56:36,181 INFO     ___FILE_ONLY___    
2022-08-24 11:56:36,181 INFO     ___FILE_ONLY___ n1-standard-4
2022-08-24 11:56:36,181 INFO     ___FILE_ONLY___   
2022-08-24 11:56:36,181 INFO     ___FILE_ONLY___ 1.22.12-gke.1200
2022-08-24 11:56:36,182 INFO     ___FILE_ONLY___      
2022-08-24 11:56:36,182 INFO     ___FILE_ONLY___ 3
2022-08-24 11:56:36,182 INFO     ___FILE_ONLY___           
2022-08-24 11:56:36,182 INFO     ___FILE_ONLY___ RUNNING
2022-08-24 11:56:36,182 INFO     ___FILE_ONLY___ 

2022-08-24 11:56:36,182 INFO     ___FILE_ONLY___ jenkins-psmdb-1ed32130-backups
2022-08-24 11:56:36,182 INFO     ___FILE_ONLY___           
2022-08-24 11:56:36,182 INFO     ___FILE_ONLY___ us-central1-a
2022-08-24 11:56:36,182 INFO     ___FILE_ONLY___    
2022-08-24 11:56:36,182 INFO     ___FILE_ONLY___ 1.21.14-gke.2700
2022-08-24 11:56:36,182 INFO     ___FILE_ONLY___    
2022-08-24 11:56:36,182 INFO     ___FILE_ONLY___ 34.67.84.211
2022-08-24 11:56:36,182 INFO     ___FILE_ONLY___     
2022-08-24 11:56:36,182 INFO     ___FILE_ONLY___ n1-standard-4
2022-08-24 11:56:36,182 INFO     ___FILE_ONLY___   
2022-08-24 11:56:36,182 INFO     ___FILE_ONLY___ 1.21.14-gke.2700
2022-08-24 11:56:36,182 INFO     ___FILE_ONLY___      
2022-08-24 11:56:36,182 INFO     ___FILE_ONLY___ 3
2022-08-24 11:56:36,182 INFO     ___FILE_ONLY___           
2022-08-24 11:56:36,182 INFO     ___FILE_ONLY___ RUNNING
2022-08-24 11:56:36,182 INFO     ___FILE_ONLY___ 

2022-08-24 11:56:36,182 INFO     ___FILE_ONLY___ jenkins-psmdb-1ed32130-basic
2022-08-24 11:56:36,182 INFO     ___FILE_ONLY___             
2022-08-24 11:56:36,182 INFO     ___FILE_ONLY___ us-central1-a
2022-08-24 11:56:36,182 INFO     ___FILE_ONLY___    
2022-08-24 11:56:36,182 INFO     ___FILE_ONLY___ 1.21.14-gke.2700
2022-08-24 11:56:36,182 INFO     ___FILE_ONLY___    
2022-08-24 11:56:36,182 INFO     ___FILE_ONLY___ 34.66.140.40
2022-08-24 11:56:36,182 INFO     ___FILE_ONLY___     
2022-08-24 11:56:36,182 INFO     ___FILE_ONLY___ n1-standard-4
2022-08-24 11:56:36,182 INFO     ___FILE_ONLY___   
2022-08-24 11:56:36,182 INFO     ___FILE_ONLY___ 1.21.14-gke.2700
2022-08-24 11:56:36,182 INFO     ___FILE_ONLY___      
2022-08-24 11:56:36,182 INFO     ___FILE_ONLY___ 3
2022-08-24 11:56:36,182 INFO     ___FILE_ONLY___           
2022-08-24 11:56:36,182 INFO     ___FILE_ONLY___ RUNNING
2022-08-24 11:56:36,182 INFO     ___FILE_ONLY___ 

2022-08-24 11:56:36,182 INFO     ___FILE_ONLY___ jenkins-psmdb-1ed32130-scaling
2022-08-24 11:56:36,182 INFO     ___FILE_ONLY___           
2022-08-24 11:56:36,182 INFO     ___FILE_ONLY___ us-central1-a
2022-08-24 11:56:36,182 INFO     ___FILE_ONLY___    
2022-08-24 11:56:36,182 INFO     ___FILE_ONLY___ 1.21.14-gke.2700
2022-08-24 11:56:36,182 INFO     ___FILE_ONLY___    
2022-08-24 11:56:36,182 INFO     ___FILE_ONLY___ 35.225.65.121
2022-08-24 11:56:36,182 INFO     ___FILE_ONLY___    
2022-08-24 11:56:36,183 INFO     ___FILE_ONLY___ n1-standard-4
2022-08-24 11:56:36,183 INFO     ___FILE_ONLY___   
2022-08-24 11:56:36,183 INFO     ___FILE_ONLY___ 1.21.14-gke.2700
2022-08-24 11:56:36,183 INFO     ___FILE_ONLY___      
2022-08-24 11:56:36,183 INFO     ___FILE_ONLY___ 3
2022-08-24 11:56:36,183 INFO     ___FILE_ONLY___           
2022-08-24 11:56:36,183 INFO     ___FILE_ONLY___ RUNNING
2022-08-24 11:56:36,183 INFO     ___FILE_ONLY___ 

2022-08-24 11:56:36,183 INFO     ___FILE_ONLY___ jenkins-psmdb-1ed32130-selfhealing
2022-08-24 11:56:36,183 INFO     ___FILE_ONLY___       
2022-08-24 11:56:36,183 INFO     ___FILE_ONLY___ us-central1-a
2022-08-24 11:56:36,183 INFO     ___FILE_ONLY___    
2022-08-24 11:56:36,183 INFO     ___FILE_ONLY___ 1.21.14-gke.2700
2022-08-24 11:56:36,183 INFO     ___FILE_ONLY___    
2022-08-24 11:56:36,183 INFO     ___FILE_ONLY___ 34.122.140.116
2022-08-24 11:56:36,183 INFO     ___FILE_ONLY___   
2022-08-24 11:56:36,183 INFO     ___FILE_ONLY___ n1-standard-4
2022-08-24 11:56:36,183 INFO     ___FILE_ONLY___   
2022-08-24 11:56:36,183 INFO     ___FILE_ONLY___ 1.21.14-gke.2700
2022-08-24 11:56:36,183 INFO     ___FILE_ONLY___      
2022-08-24 11:56:36,183 INFO     ___FILE_ONLY___ 3
2022-08-24 11:56:36,183 INFO     ___FILE_ONLY___           
2022-08-24 11:56:36,183 INFO     ___FILE_ONLY___ RUNNING
2022-08-24 11:56:36,183 INFO     ___FILE_ONLY___ 

2022-08-24 11:56:36,183 INFO     ___FILE_ONLY___ jenkins-psmdb-25486159-basic
2022-08-24 11:56:36,183 INFO     ___FILE_ONLY___             
2022-08-24 11:56:36,183 INFO     ___FILE_ONLY___ us-central1-a
2022-08-24 11:56:36,183 INFO     ___FILE_ONLY___    
2022-08-24 11:56:36,183 INFO     ___FILE_ONLY___ 1.21.14-gke.2700
2022-08-24 11:56:36,183 INFO     ___FILE_ONLY___    
2022-08-24 11:56:36,183 INFO     ___FILE_ONLY___ 34.170.49.34
2022-08-24 11:56:36,183 INFO     ___FILE_ONLY___     
2022-08-24 11:56:36,183 INFO     ___FILE_ONLY___ n1-standard-4
2022-08-24 11:56:36,183 INFO     ___FILE_ONLY___   
2022-08-24 11:56:36,183 INFO     ___FILE_ONLY___ 1.21.14-gke.2700
2022-08-24 11:56:36,183 INFO     ___FILE_ONLY___      
2022-08-24 11:56:36,183 INFO     ___FILE_ONLY___ 3
2022-08-24 11:56:36,183 INFO     ___FILE_ONLY___           
2022-08-24 11:56:36,183 INFO     ___FILE_ONLY___ RUNNING
2022-08-24 11:56:36,183 INFO     ___FILE_ONLY___ 

2022-08-24 11:56:36,183 INFO     ___FILE_ONLY___ jenkins-psmdb-baa33f52-backups
2022-08-24 11:56:36,183 INFO     ___FILE_ONLY___           
2022-08-24 11:56:36,183 INFO     ___FILE_ONLY___ us-central1-a
2022-08-24 11:56:36,183 INFO     ___FILE_ONLY___    
2022-08-24 11:56:36,183 INFO     ___FILE_ONLY___ 1.21.14-gke.2100
2022-08-24 11:56:36,183 INFO     ___FILE_ONLY___    
2022-08-24 11:56:36,183 INFO     ___FILE_ONLY___ 35.225.69.238
2022-08-24 11:56:36,184 INFO     ___FILE_ONLY___    
2022-08-24 11:56:36,184 INFO     ___FILE_ONLY___ n1-standard-4
2022-08-24 11:56:36,184 INFO     ___FILE_ONLY___   
2022-08-24 11:56:36,184 INFO     ___FILE_ONLY___ 1.21.14-gke.2100
2022-08-24 11:56:36,184 INFO     ___FILE_ONLY___      
2022-08-24 11:56:36,184 INFO     ___FILE_ONLY___ 3
2022-08-24 11:56:36,184 INFO     ___FILE_ONLY___           
2022-08-24 11:56:36,184 INFO     ___FILE_ONLY___ RUNNING
2022-08-24 11:56:36,184 INFO     ___FILE_ONLY___ 

2022-08-24 11:56:36,184 INFO     ___FILE_ONLY___ jenkins-psmdb-d297c7fe-backups
2022-08-24 11:56:36,184 INFO     ___FILE_ONLY___           
2022-08-24 11:56:36,184 INFO     ___FILE_ONLY___ us-central1-a
2022-08-24 11:56:36,184 INFO     ___FILE_ONLY___    
2022-08-24 11:56:36,184 INFO     ___FILE_ONLY___ 1.21.14-gke.2700
2022-08-24 11:56:36,184 INFO     ___FILE_ONLY___    
2022-08-24 11:56:36,184 INFO     ___FILE_ONLY___ 34.71.190.146
2022-08-24 11:56:36,184 INFO     ___FILE_ONLY___    
2022-08-24 11:56:36,184 INFO     ___FILE_ONLY___ n1-standard-4
2022-08-24 11:56:36,184 INFO     ___FILE_ONLY___   
2022-08-24 11:56:36,184 INFO     ___FILE_ONLY___ 1.21.14-gke.2700
2022-08-24 11:56:36,184 INFO     ___FILE_ONLY___      
2022-08-24 11:56:36,184 INFO     ___FILE_ONLY___ 3
2022-08-24 11:56:36,184 INFO     ___FILE_ONLY___           
2022-08-24 11:56:36,184 INFO     ___FILE_ONLY___ RUNNING
2022-08-24 11:56:36,184 INFO     ___FILE_ONLY___ 

2022-08-24 11:56:36,184 INFO     ___FILE_ONLY___ jenkins-psmdb-f4f9e27f-backups
2022-08-24 11:56:36,184 INFO     ___FILE_ONLY___           
2022-08-24 11:56:36,184 INFO     ___FILE_ONLY___ us-central1-a
2022-08-24 11:56:36,184 INFO     ___FILE_ONLY___    
2022-08-24 11:56:36,184 INFO     ___FILE_ONLY___ 1.21.14-gke.2700
2022-08-24 11:56:36,184 INFO     ___FILE_ONLY___    
2022-08-24 11:56:36,184 INFO     ___FILE_ONLY___ 104.197.30.205
2022-08-24 11:56:36,184 INFO     ___FILE_ONLY___   
2022-08-24 11:56:36,184 INFO     ___FILE_ONLY___ n1-standard-4
2022-08-24 11:56:36,184 INFO     ___FILE_ONLY___   
2022-08-24 11:56:36,184 INFO     ___FILE_ONLY___ 1.21.14-gke.2700
2022-08-24 11:56:36,184 INFO     ___FILE_ONLY___      
2022-08-24 11:56:36,184 INFO     ___FILE_ONLY___ 3
2022-08-24 11:56:36,184 INFO     ___FILE_ONLY___           
2022-08-24 11:56:36,184 INFO     ___FILE_ONLY___ RUNNING
2022-08-24 11:56:36,184 INFO     ___FILE_ONLY___ 

2022-08-24 11:56:36,184 INFO     ___FILE_ONLY___ jenkins-psmdb-f4f9e27f-basic
2022-08-24 11:56:36,184 INFO     ___FILE_ONLY___             
2022-08-24 11:56:36,184 INFO     ___FILE_ONLY___ us-central1-a
2022-08-24 11:56:36,184 INFO     ___FILE_ONLY___    
2022-08-24 11:56:36,184 INFO     ___FILE_ONLY___ 1.21.14-gke.2700
2022-08-24 11:56:36,184 INFO     ___FILE_ONLY___    
2022-08-24 11:56:36,185 INFO     ___FILE_ONLY___ 34.70.41.223
2022-08-24 11:56:36,185 INFO     ___FILE_ONLY___     
2022-08-24 11:56:36,185 INFO     ___FILE_ONLY___ n1-standard-4
2022-08-24 11:56:36,185 INFO     ___FILE_ONLY___   
2022-08-24 11:56:36,185 INFO     ___FILE_ONLY___ 1.21.14-gke.2700
2022-08-24 11:56:36,185 INFO     ___FILE_ONLY___      
2022-08-24 11:56:36,185 INFO     ___FILE_ONLY___ 3
2022-08-24 11:56:36,185 INFO     ___FILE_ONLY___           
2022-08-24 11:56:36,185 INFO     ___FILE_ONLY___ RUNNING
2022-08-24 11:56:36,185 INFO     ___FILE_ONLY___ 

2022-08-24 11:56:36,185 INFO     ___FILE_ONLY___ jenkins-pso-a713f8a-cluster1
2022-08-24 11:56:36,185 INFO     ___FILE_ONLY___             
2022-08-24 11:56:36,185 INFO     ___FILE_ONLY___ us-central1-a
2022-08-24 11:56:36,185 INFO     ___FILE_ONLY___    
2022-08-24 11:56:36,185 INFO     ___FILE_ONLY___ 1.21.14-gke.2700
2022-08-24 11:56:36,185 INFO     ___FILE_ONLY___    
2022-08-24 11:56:36,185 INFO     ___FILE_ONLY___ 35.188.105.127
2022-08-24 11:56:36,185 INFO     ___FILE_ONLY___   
2022-08-24 11:56:36,185 INFO     ___FILE_ONLY___ n1-standard-4
2022-08-24 11:56:36,185 INFO     ___FILE_ONLY___   
2022-08-24 11:56:36,185 INFO     ___FILE_ONLY___ 1.21.14-gke.2700
2022-08-24 11:56:36,185 INFO     ___FILE_ONLY___      
2022-08-24 11:56:36,185 INFO     ___FILE_ONLY___ 3
2022-08-24 11:56:36,185 INFO     ___FILE_ONLY___           
2022-08-24 11:56:36,185 INFO     ___FILE_ONLY___ RUNNING
2022-08-24 11:56:36,185 INFO     ___FILE_ONLY___ 

2022-08-24 11:56:36,185 INFO     ___FILE_ONLY___ jenkins-pso-ebb0371-cluster1
2022-08-24 11:56:36,185 INFO     ___FILE_ONLY___             
2022-08-24 11:56:36,185 INFO     ___FILE_ONLY___ us-central1-a
2022-08-24 11:56:36,185 INFO     ___FILE_ONLY___    
2022-08-24 11:56:36,185 INFO     ___FILE_ONLY___ 1.21.14-gke.2700
2022-08-24 11:56:36,185 INFO     ___FILE_ONLY___    
2022-08-24 11:56:36,185 INFO     ___FILE_ONLY___ 34.122.57.184
2022-08-24 11:56:36,185 INFO     ___FILE_ONLY___    
2022-08-24 11:56:36,185 INFO     ___FILE_ONLY___ n1-standard-4
2022-08-24 11:56:36,185 INFO     ___FILE_ONLY___   
2022-08-24 11:56:36,185 INFO     ___FILE_ONLY___ 1.21.14-gke.2700
2022-08-24 11:56:36,185 INFO     ___FILE_ONLY___      
2022-08-24 11:56:36,185 INFO     ___FILE_ONLY___ 3
2022-08-24 11:56:36,185 INFO     ___FILE_ONLY___           
2022-08-24 11:56:36,185 INFO     ___FILE_ONLY___ RUNNING
2022-08-24 11:56:36,185 INFO     ___FILE_ONLY___ 

2022-08-24 11:56:36,185 INFO     ___FILE_ONLY___ jenkins-pso-ebb0371-cluster2
2022-08-24 11:56:36,185 INFO     ___FILE_ONLY___             
2022-08-24 11:56:36,185 INFO     ___FILE_ONLY___ us-central1-a
2022-08-24 11:56:36,186 INFO     ___FILE_ONLY___    
2022-08-24 11:56:36,186 INFO     ___FILE_ONLY___ 1.21.14-gke.2700
2022-08-24 11:56:36,186 INFO     ___FILE_ONLY___    
2022-08-24 11:56:36,186 INFO     ___FILE_ONLY___ 34.136.32.167
2022-08-24 11:56:36,186 INFO     ___FILE_ONLY___    
2022-08-24 11:56:36,186 INFO     ___FILE_ONLY___ n1-standard-4
2022-08-24 11:56:36,186 INFO     ___FILE_ONLY___   
2022-08-24 11:56:36,186 INFO     ___FILE_ONLY___ 1.21.14-gke.2700
2022-08-24 11:56:36,186 INFO     ___FILE_ONLY___      
2022-08-24 11:56:36,186 INFO     ___FILE_ONLY___ 3
2022-08-24 11:56:36,186 INFO     ___FILE_ONLY___           
2022-08-24 11:56:36,186 INFO     ___FILE_ONLY___ RUNNING
2022-08-24 11:56:36,186 INFO     ___FILE_ONLY___ 

2022-08-24 11:56:36,186 INFO     ___FILE_ONLY___ jenkins-pso-ebb0371-cluster3
2022-08-24 11:56:36,186 INFO     ___FILE_ONLY___             
2022-08-24 11:56:36,186 INFO     ___FILE_ONLY___ us-central1-a
2022-08-24 11:56:36,186 INFO     ___FILE_ONLY___    
2022-08-24 11:56:36,186 INFO     ___FILE_ONLY___ 1.21.14-gke.2700
2022-08-24 11:56:36,186 INFO     ___FILE_ONLY___    
2022-08-24 11:56:36,186 INFO     ___FILE_ONLY___ 34.173.92.195
2022-08-24 11:56:36,186 INFO     ___FILE_ONLY___    
2022-08-24 11:56:36,186 INFO     ___FILE_ONLY___ n1-standard-4
2022-08-24 11:56:36,186 INFO     ___FILE_ONLY___   
2022-08-24 11:56:36,186 INFO     ___FILE_ONLY___ 1.21.14-gke.2700
2022-08-24 11:56:36,186 INFO     ___FILE_ONLY___      
2022-08-24 11:56:36,186 INFO     ___FILE_ONLY___ 3
2022-08-24 11:56:36,186 INFO     ___FILE_ONLY___           
2022-08-24 11:56:36,186 INFO     ___FILE_ONLY___ RUNNING
2022-08-24 11:56:36,186 INFO     ___FILE_ONLY___ 

2022-08-24 11:56:36,186 INFO     ___FILE_ONLY___ jenkins-pxc-60a10b01-backups
2022-08-24 11:56:36,186 INFO     ___FILE_ONLY___             
2022-08-24 11:56:36,186 INFO     ___FILE_ONLY___ us-central1-a
2022-08-24 11:56:36,186 INFO     ___FILE_ONLY___    
2022-08-24 11:56:36,186 INFO     ___FILE_ONLY___ 1.20.15-gke.13400
2022-08-24 11:56:36,186 INFO     ___FILE_ONLY___   
2022-08-24 11:56:36,186 INFO     ___FILE_ONLY___ 34.135.229.43
2022-08-24 11:56:36,186 INFO     ___FILE_ONLY___    
2022-08-24 11:56:36,186 INFO     ___FILE_ONLY___ n1-standard-4
2022-08-24 11:56:36,186 INFO     ___FILE_ONLY___   
2022-08-24 11:56:36,186 INFO     ___FILE_ONLY___ 1.20.15-gke.13400
2022-08-24 11:56:36,186 INFO     ___FILE_ONLY___     
2022-08-24 11:56:36,186 INFO     ___FILE_ONLY___ 3
2022-08-24 11:56:36,186 INFO     ___FILE_ONLY___           
2022-08-24 11:56:36,186 INFO     ___FILE_ONLY___ RUNNING
2022-08-24 11:56:36,186 INFO     ___FILE_ONLY___ 

2022-08-24 11:56:36,186 INFO     ___FILE_ONLY___ jenkins-pxc-60a10b01-basic
2022-08-24 11:56:36,186 INFO     ___FILE_ONLY___               
2022-08-24 11:56:36,186 INFO     ___FILE_ONLY___ us-central1-a
2022-08-24 11:56:36,187 INFO     ___FILE_ONLY___    
2022-08-24 11:56:36,187 INFO     ___FILE_ONLY___ 1.20.15-gke.13400
2022-08-24 11:56:36,187 INFO     ___FILE_ONLY___   
2022-08-24 11:56:36,187 INFO     ___FILE_ONLY___ 35.222.71.213
2022-08-24 11:56:36,187 INFO     ___FILE_ONLY___    
2022-08-24 11:56:36,187 INFO     ___FILE_ONLY___ n1-standard-4
2022-08-24 11:56:36,187 INFO     ___FILE_ONLY___   
2022-08-24 11:56:36,187 INFO     ___FILE_ONLY___ 1.20.15-gke.13400
2022-08-24 11:56:36,187 INFO     ___FILE_ONLY___     
2022-08-24 11:56:36,187 INFO     ___FILE_ONLY___ 3
2022-08-24 11:56:36,187 INFO     ___FILE_ONLY___           
2022-08-24 11:56:36,187 INFO     ___FILE_ONLY___ RUNNING
2022-08-24 11:56:36,187 INFO     ___FILE_ONLY___ 

2022-08-24 11:56:36,187 INFO     ___FILE_ONLY___ jenkins-pxc-60a10b01-bigdata
2022-08-24 11:56:36,187 INFO     ___FILE_ONLY___             
2022-08-24 11:56:36,187 INFO     ___FILE_ONLY___ us-central1-a
2022-08-24 11:56:36,187 INFO     ___FILE_ONLY___    
2022-08-24 11:56:36,187 INFO     ___FILE_ONLY___ 1.20.15-gke.13400
2022-08-24 11:56:36,187 INFO     ___FILE_ONLY___   
2022-08-24 11:56:36,187 INFO     ___FILE_ONLY___ 34.136.181.0
2022-08-24 11:56:36,187 INFO     ___FILE_ONLY___     
2022-08-24 11:56:36,187 INFO     ___FILE_ONLY___ n1-standard-4
2022-08-24 11:56:36,187 INFO     ___FILE_ONLY___   
2022-08-24 11:56:36,187 INFO     ___FILE_ONLY___ 1.20.15-gke.13400
2022-08-24 11:56:36,187 INFO     ___FILE_ONLY___     
2022-08-24 11:56:36,187 INFO     ___FILE_ONLY___ 3
2022-08-24 11:56:36,187 INFO     ___FILE_ONLY___           
2022-08-24 11:56:36,187 INFO     ___FILE_ONLY___ RUNNING
2022-08-24 11:56:36,187 INFO     ___FILE_ONLY___ 

2022-08-24 11:56:36,187 INFO     ___FILE_ONLY___ jenkins-pxc-60a10b01-cross-site
2022-08-24 11:56:36,187 INFO     ___FILE_ONLY___          
2022-08-24 11:56:36,187 INFO     ___FILE_ONLY___ us-central1-a
2022-08-24 11:56:36,187 INFO     ___FILE_ONLY___    
2022-08-24 11:56:36,187 INFO     ___FILE_ONLY___ 1.20.15-gke.13400
2022-08-24 11:56:36,187 INFO     ___FILE_ONLY___   
2022-08-24 11:56:36,187 INFO     ___FILE_ONLY___ 34.136.208.127
2022-08-24 11:56:36,187 INFO     ___FILE_ONLY___   
2022-08-24 11:56:36,187 INFO     ___FILE_ONLY___ n1-standard-4
2022-08-24 11:56:36,187 INFO     ___FILE_ONLY___   
2022-08-24 11:56:36,187 INFO     ___FILE_ONLY___ 1.20.15-gke.13400
2022-08-24 11:56:36,187 INFO     ___FILE_ONLY___     
2022-08-24 11:56:36,187 INFO     ___FILE_ONLY___ 3
2022-08-24 11:56:36,187 INFO     ___FILE_ONLY___           
2022-08-24 11:56:36,187 INFO     ___FILE_ONLY___ RUNNING
2022-08-24 11:56:36,187 INFO     ___FILE_ONLY___ 

2022-08-24 11:56:36,188 INFO     ___FILE_ONLY___ jenkins-pxc-60a10b01-scaling
2022-08-24 11:56:36,188 INFO     ___FILE_ONLY___             
2022-08-24 11:56:36,188 INFO     ___FILE_ONLY___ us-central1-a
2022-08-24 11:56:36,188 INFO     ___FILE_ONLY___    
2022-08-24 11:56:36,188 INFO     ___FILE_ONLY___ 1.20.15-gke.13400
2022-08-24 11:56:36,188 INFO     ___FILE_ONLY___   
2022-08-24 11:56:36,188 INFO     ___FILE_ONLY___ 34.68.60.122
2022-08-24 11:56:36,188 INFO     ___FILE_ONLY___     
2022-08-24 11:56:36,188 INFO     ___FILE_ONLY___ n1-standard-4
2022-08-24 11:56:36,188 INFO     ___FILE_ONLY___   
2022-08-24 11:56:36,188 INFO     ___FILE_ONLY___ 1.20.15-gke.13400
2022-08-24 11:56:36,188 INFO     ___FILE_ONLY___     
2022-08-24 11:56:36,188 INFO     ___FILE_ONLY___ 3
2022-08-24 11:56:36,188 INFO     ___FILE_ONLY___           
2022-08-24 11:56:36,188 INFO     ___FILE_ONLY___ RUNNING
2022-08-24 11:56:36,188 INFO     ___FILE_ONLY___ 

2022-08-24 11:56:36,188 INFO     ___FILE_ONLY___ jenkins-pxc-60a10b01-scheduled-backups
2022-08-24 11:56:36,188 INFO     ___FILE_ONLY___   
2022-08-24 11:56:36,188 INFO     ___FILE_ONLY___ us-central1-a
2022-08-24 11:56:36,188 INFO     ___FILE_ONLY___    
2022-08-24 11:56:36,188 INFO     ___FILE_ONLY___ 1.20.15-gke.13400
2022-08-24 11:56:36,188 INFO     ___FILE_ONLY___   
2022-08-24 11:56:36,188 INFO     ___FILE_ONLY___ 34.121.92.17
2022-08-24 11:56:36,188 INFO     ___FILE_ONLY___     
2022-08-24 11:56:36,188 INFO     ___FILE_ONLY___ n1-standard-4
2022-08-24 11:56:36,188 INFO     ___FILE_ONLY___   
2022-08-24 11:56:36,188 INFO     ___FILE_ONLY___ 1.20.15-gke.13400
2022-08-24 11:56:36,188 INFO     ___FILE_ONLY___     
2022-08-24 11:56:36,188 INFO     ___FILE_ONLY___ 3
2022-08-24 11:56:36,188 INFO     ___FILE_ONLY___           
2022-08-24 11:56:36,188 INFO     ___FILE_ONLY___ RUNNING
2022-08-24 11:56:36,188 INFO     ___FILE_ONLY___ 

2022-08-24 11:56:36,188 INFO     ___FILE_ONLY___ jenkins-pxc-60a10b01-selfhealing
2022-08-24 11:56:36,188 INFO     ___FILE_ONLY___         
2022-08-24 11:56:36,188 INFO     ___FILE_ONLY___ us-central1-a
2022-08-24 11:56:36,188 INFO     ___FILE_ONLY___    
2022-08-24 11:56:36,188 INFO     ___FILE_ONLY___ 1.20.15-gke.13400
2022-08-24 11:56:36,188 INFO     ___FILE_ONLY___   
2022-08-24 11:56:36,188 INFO     ___FILE_ONLY___ 35.188.142.228
2022-08-24 11:56:36,188 INFO     ___FILE_ONLY___   
2022-08-24 11:56:36,188 INFO     ___FILE_ONLY___ n1-standard-4
2022-08-24 11:56:36,188 INFO     ___FILE_ONLY___   
2022-08-24 11:56:36,188 INFO     ___FILE_ONLY___ 1.20.15-gke.13400
2022-08-24 11:56:36,188 INFO     ___FILE_ONLY___     
2022-08-24 11:56:36,188 INFO     ___FILE_ONLY___ 3
2022-08-24 11:56:36,188 INFO     ___FILE_ONLY___           
2022-08-24 11:56:36,188 INFO     ___FILE_ONLY___ RUNNING
2022-08-24 11:56:36,188 INFO     ___FILE_ONLY___ 

2022-08-24 11:56:36,188 INFO     ___FILE_ONLY___ jenkins-pxc-60a10b01-upgrade
2022-08-24 11:56:36,188 INFO     ___FILE_ONLY___             
2022-08-24 11:56:36,189 INFO     ___FILE_ONLY___ us-central1-a
2022-08-24 11:56:36,189 INFO     ___FILE_ONLY___    
2022-08-24 11:56:36,189 INFO     ___FILE_ONLY___ 1.20.15-gke.13400
2022-08-24 11:56:36,189 INFO     ___FILE_ONLY___   
2022-08-24 11:56:36,189 INFO     ___FILE_ONLY___ 34.69.224.179
2022-08-24 11:56:36,189 INFO     ___FILE_ONLY___    
2022-08-24 11:56:36,189 INFO     ___FILE_ONLY___ n1-standard-4
2022-08-24 11:56:36,189 INFO     ___FILE_ONLY___   
2022-08-24 11:56:36,189 INFO     ___FILE_ONLY___ 1.20.15-gke.13400
2022-08-24 11:56:36,189 INFO     ___FILE_ONLY___     
2022-08-24 11:56:36,189 INFO     ___FILE_ONLY___ 3
2022-08-24 11:56:36,189 INFO     ___FILE_ONLY___           
2022-08-24 11:56:36,189 INFO     ___FILE_ONLY___ RUNNING
2022-08-24 11:56:36,189 INFO     ___FILE_ONLY___ 

2022-08-24 11:56:36,189 INFO     ___FILE_ONLY___ cap-666
2022-08-24 11:56:36,189 INFO     ___FILE_ONLY___                                  
2022-08-24 11:56:36,189 INFO     ___FILE_ONLY___ us-central1-c
2022-08-24 11:56:36,189 INFO     ___FILE_ONLY___    
2022-08-24 11:56:36,189 INFO     ___FILE_ONLY___ 1.24.2-gke.1900
2022-08-24 11:56:36,189 INFO     ___FILE_ONLY___     
2022-08-24 11:56:36,189 INFO     ___FILE_ONLY___ 35.202.25.100
2022-08-24 11:56:36,189 INFO     ___FILE_ONLY___    
2022-08-24 11:56:36,189 INFO     ___FILE_ONLY___ n1-standard-4
2022-08-24 11:56:36,189 INFO     ___FILE_ONLY___   
2022-08-24 11:56:36,189 INFO     ___FILE_ONLY___ 1.24.2-gke.1900
2022-08-24 11:56:36,189 INFO     ___FILE_ONLY___       
2022-08-24 11:56:36,189 INFO     ___FILE_ONLY___ 3
2022-08-24 11:56:36,189 INFO     ___FILE_ONLY___           
2022-08-24 11:56:36,189 INFO     ___FILE_ONLY___ RUNNING
2022-08-24 11:56:36,189 INFO     ___FILE_ONLY___ 

2022-08-24 11:56:36,189 INFO     ___FILE_ONLY___ jenkins-pgo-33d56110-sandbox
2022-08-24 11:56:36,189 INFO     ___FILE_ONLY___             
2022-08-24 11:56:36,189 INFO     ___FILE_ONLY___ us-central1-c
2022-08-24 11:56:36,189 INFO     ___FILE_ONLY___    
2022-08-24 11:56:36,189 INFO     ___FILE_ONLY___ 1.21.13-gke.900
2022-08-24 11:56:36,189 INFO     ___FILE_ONLY___     
2022-08-24 11:56:36,189 INFO     ___FILE_ONLY___ 35.223.49.23
2022-08-24 11:56:36,189 INFO     ___FILE_ONLY___     
2022-08-24 11:56:36,189 INFO     ___FILE_ONLY___ n1-standard-4
2022-08-24 11:56:36,189 INFO     ___FILE_ONLY___   
2022-08-24 11:56:36,189 INFO     ___FILE_ONLY___ 1.21.13-gke.900
2022-08-24 11:56:36,189 INFO     ___FILE_ONLY___       
2022-08-24 11:56:36,189 INFO     ___FILE_ONLY___ 3
2022-08-24 11:56:36,189 INFO     ___FILE_ONLY___           
2022-08-24 11:56:36,189 INFO     ___FILE_ONLY___ RUNNING
2022-08-24 11:56:36,189 INFO     ___FILE_ONLY___ 

2022-08-24 11:56:36,189 INFO     ___FILE_ONLY___ 
* - There is an upgrade available for your cluster(s).

To upgrade nodes to the latest available version, run
  $ gcloud container clusters upgrade NAME

2022-08-24 11:56:36,190 INFO     ___FILE_ONLY___ 

Updates are available for some Google Cloud CLI components.  To install them,
please run:
  $ gcloud components update


2022-08-24 11:56:36,196 DEBUG    root            Metrics reporting process started...
