2023-11-23 09:55:18,835 DEBUG    root            Loaded Command Group: ['gcloud', 'config']
2023-11-23 09:55:18,837 DEBUG    root            Loaded Command Group: ['gcloud', 'config', 'config_helper']
2023-11-23 09:55:18,838 DEBUG    root            Running [gcloud.config.config-helper] with arguments: [--format: "json"]
2023-11-23 09:55:18,842 DEBUG    root            Chosen display Format:default json
2023-11-23 09:55:18,842 INFO     root            Display format: "default json"
2023-11-23 09:55:18,842 INFO     ___FILE_ONLY___ {
  "configuration": {
    "active_configuration": "percona-cloud-dev",
    "properties": {
      "core": {
        "account": "inel.pandzic@percona.com",
        "disable_usage_reporting": "False",
        "project": "cloud-dev-112233"
      }
    }
  },
  "credential": {
    "access_token": "ya29.a0AfB_byC9mgjVATM0zlyAxraPr2S4KHQIAH8g0hRg6QkaxfkNWdUaElbQ_5R57fS9Ky18E_ZJMz94OVPPV2mP-hFdSQZNVqYsFr1FSz7wh-0M0w3kJEzwVxu2G3ywoS_pjKnFNYI2Ir2wGyFwdHdkdADEblrbPBuvs12yQRjGoM_LaCgYKAR4SARESFQHGX2Mieb-lNZOJ5eq3T6GP6XXSaA0179",
    "id_token": "eyJhbGciOiJSUzI1NiIsImtpZCI6IjViMzcwNjk2MGUzZTYwMDI0YTI2NTVlNzhjZmE2M2Y4N2M5N2QzMDkiLCJ0eXAiOiJKV1QifQ.eyJpc3MiOiJodHRwczovL2FjY291bnRzLmdvb2dsZS5jb20iLCJhenAiOiIzMjU1NTk0MDU1OS5hcHBzLmdvb2dsZXVzZXJjb250ZW50LmNvbSIsImF1ZCI6IjMyNTU1OTQwNTU5LmFwcHMuZ29vZ2xldXNlcmNvbnRlbnQuY29tIiwic3ViIjoiMTA3NDA5ODEzMzQ0NTU5NDQzNDA3IiwiaGQiOiJwZXJjb25hLmNvbSIsImVtYWlsIjoiaW5lbC5wYW5kemljQHBlcmNvbmEuY29tIiwiZW1haWxfdmVyaWZpZWQiOnRydWUsImF0X2hhc2giOiJMZlJpclJNQlBwd3ExOV9SSkl2Y2RBIiwiaWF0IjoxNzAwNzI5Mzk2LCJleHAiOjE3MDA3MzI5OTZ9.Md0Lz3B4_alM2fBC_5juR5P9yS4g6cv1rCB3ADUBpHV8B2-zvl0HIzVXjt85PsBR1Yq6nVOwsjhQNs7kAE2IOy2uoUtMi9foz9VscYupMNZ-Elv6TjQAwqjOJ3TH4U39FTshSBYYVlrUjpdC90i5UbfHeax6cjJ1FKNxjApWePp7PsCUuUpFipkOS3YbgOLmaCfCgDWfQJ0i4bx2XcApGXJITBbirA_iLYds9x69wOKHo1xTsF871tAAIGxCl0TkweJY3ZuiN6RkT0kv3ToLLYjr8QbD9SFEys-cKE_rEY3R178FXCTNzzBmkFTsfFgDUok_4yABT37n-r_sENZQGw",
    "token_expiry": "2023-11-23T09:49:55Z"
  },
  "sentinels": {
    "config_sentinel": "/Users/inelpandzic/.config/gcloud/config_sentinel"
  }
}
2023-11-23 09:55:18,842 INFO     ___FILE_ONLY___ 

2023-11-23 09:55:18,847 DEBUG    root            Metrics reporting process started...
