2023-11-23 10:49:57,692 DEBUG    root            Loaded Command Group: ['gcloud', 'config']
2023-11-23 10:49:57,693 DEBUG    root            Loaded Command Group: ['gcloud', 'config', 'config_helper']
2023-11-23 10:49:57,694 DEBUG    root            Running [gcloud.config.config-helper] with arguments: [--format: "json"]
2023-11-23 10:49:57,698 DEBUG    root            Chosen display Format:default json
2023-11-23 10:49:57,699 INFO     root            Display format: "default json"
2023-11-23 10:49:57,699 INFO     ___FILE_ONLY___ {
  "configuration": {
    "active_configuration": "percona-cloud-dev",
    "properties": {
      "core": {
        "account": "inel.pandzic@percona.com",
        "disable_usage_reporting": "False",
        "project": "cloud-dev-112233"
      }
    }
  },
  "credential": {
    "access_token": "ya29.a0AfB_byAsteyIY4RlvKgQTjXm9gtXzcetNXxG0Q4ggRoymFYN3ygNdUdqH3M19vVHsuiUsiCAq16dKBmPCdvl3p6ZmJ6fxmTmEfUc2e_wdhjMKcDe3-CEZn1CosgfSXulWn5RHmaCmp5xbxdGodinuLw23zQCzWbR8ZxBrS6cBKrBaCgYKAd8SARESFQHGX2MifmwQyBACxcvK5O98BYkJJA0179",
    "id_token": "eyJhbGciOiJSUzI1NiIsImtpZCI6IjViMzcwNjk2MGUzZTYwMDI0YTI2NTVlNzhjZmE2M2Y4N2M5N2QzMDkiLCJ0eXAiOiJKV1QifQ.eyJpc3MiOiJodHRwczovL2FjY291bnRzLmdvb2dsZS5jb20iLCJhenAiOiIzMjU1NTk0MDU1OS5hcHBzLmdvb2dsZXVzZXJjb250ZW50LmNvbSIsImF1ZCI6IjMyNTU1OTQwNTU5LmFwcHMuZ29vZ2xldXNlcmNvbnRlbnQuY29tIiwic3ViIjoiMTA3NDA5ODEzMzQ0NTU5NDQzNDA3IiwiaGQiOiJwZXJjb25hLmNvbSIsImVtYWlsIjoiaW5lbC5wYW5kemljQHBlcmNvbmEuY29tIiwiZW1haWxfdmVyaWZpZWQiOnRydWUsImF0X2hhc2giOiJfdGFDWHNfc3BxSXlkM2FmcUxfbVV3IiwiaWF0IjoxNzAwNzMyNzY3LCJleHAiOjE3MDA3MzYzNjd9.l126bCtL2We2Rof_rdzpXl9poxocwdulz94xkZEx0fURU3wNuVQyn3lY92gvMELUlSdvVW2u-vj_NghY0zZUTGJ_c-2H-1CyR6vw8xYot7KdBJezrGEdVWmpgNNxXZSLG8m8dlgn0fXRqW4lUuHwOeBxnCRFJOMzj-72sWf4uGZOk7QJFYA9uTwQL6mW3zhxhfPjsqeGPBkq-U4sJ51akzl2SwwA9KcEt314Tnfvh3Pj6_fHDqth-sZ5nqnBsA0OPsZwzPED47-uXEGIZ8qA8JNqhUgXX6qbBI4wCfv_TJoxr580CLeosKFiHbig_0BD6dUB-YW3x06L4G5lmkaXIg",
    "token_expiry": "2023-11-23T10:46:06Z"
  },
  "sentinels": {
    "config_sentinel": "/Users/inelpandzic/.config/gcloud/config_sentinel"
  }
}
2023-11-23 10:49:57,699 INFO     ___FILE_ONLY___ 

2023-11-23 10:49:57,704 DEBUG    root            Metrics reporting process started...
