2023-11-23 11:46:14,398 DEBUG    root            Loaded Command Group: ['gcloud', 'config']
2023-11-23 11:46:14,400 DEBUG    root            Loaded Command Group: ['gcloud', 'config', 'config_helper']
2023-11-23 11:46:14,401 DEBUG    root            Running [gcloud.config.config-helper] with arguments: [--format: "json"]
2023-11-23 11:46:14,424 DEBUG    google.auth.transport.requests Making request: POST https://oauth2.googleapis.com/token
2023-11-23 11:46:14,601 DEBUG    urllib3.connectionpool Starting new HTTPS connection (1): oauth2.googleapis.com:443
2023-11-23 11:46:14,804 DEBUG    urllib3.connectionpool https://oauth2.googleapis.com:443 "POST /token HTTP/1.1" 200 None
2023-11-23 11:46:14,824 DEBUG    root            Chosen display Format:default json
2023-11-23 11:46:14,825 INFO     root            Display format: "default json"
2023-11-23 11:46:14,826 INFO     ___FILE_ONLY___ {
  "configuration": {
    "active_configuration": "percona-cloud-dev",
    "properties": {
      "core": {
        "account": "inel.pandzic@percona.com",
        "disable_usage_reporting": "False",
        "project": "cloud-dev-112233"
      }
    }
  },
  "credential": {
    "access_token": "ya29.a0AfB_byBdK3rPo3TH-NMffXWNVnf-ibVtxmMv3J0IVNJ3XRG_XfZa2LjxcTqNz0VJ4RYbaH39pRzI_HVYT32dC1TEc9PN_uu-MIgQGu8w1InV3PjUsbDeHhdMhxCGW3KMMNWHyqO7x8mPyl35r_EZ6HOzEnSbf-teVa4nAKmhNA9vaCgYKAUESARESFQHGX2MidKCWRd9mXKsiIJunQQ1g-w0179",
    "id_token": "eyJhbGciOiJSUzI1NiIsImtpZCI6IjViMzcwNjk2MGUzZTYwMDI0YTI2NTVlNzhjZmE2M2Y4N2M5N2QzMDkiLCJ0eXAiOiJKV1QifQ.eyJpc3MiOiJodHRwczovL2FjY291bnRzLmdvb2dsZS5jb20iLCJhenAiOiIzMjU1NTk0MDU1OS5hcHBzLmdvb2dsZXVzZXJjb250ZW50LmNvbSIsImF1ZCI6IjMyNTU1OTQwNTU5LmFwcHMuZ29vZ2xldXNlcmNvbnRlbnQuY29tIiwic3ViIjoiMTA3NDA5ODEzMzQ0NTU5NDQzNDA3IiwiaGQiOiJwZXJjb25hLmNvbSIsImVtYWlsIjoiaW5lbC5wYW5kemljQHBlcmNvbmEuY29tIiwiZW1haWxfdmVyaWZpZWQiOnRydWUsImF0X2hhc2giOiJOYXlZU2xKNURlQUdFMEVfNzdZMWJBIiwiaWF0IjoxNzAwNzM2Mzc0LCJleHAiOjE3MDA3Mzk5NzR9.wRyfu1ps5spLj-mDJ16C1pqoXwPKvAWDfdm5gRGbSxsRE2oasxFZBh1Jt9Tnwr-XQc8IzWmSq9FljZfqDbM0MM7PQWyhsyruTFu_SSjemNg0nVhYujmsl_B3xmK8Dya8V_Nn0HydHIKeYX6IU5_IirPg42G7C2HDsxKievytRmgSO9d3-jVB4i18de4Mzgwf98lN5tNm9mkj2REEGSzqg0Kn6HZu4QtiA2tYiFfxSCvl7P6soOeE7SzLV-D-SjrBKIIP5uTMvf9hnHujw5WrL592I0E-U8zRulDPxoLLo-Vz9PZQmBbgQsRfwE1zgBDnnN1x4ITxtrV52-oFNMIfwg",
    "token_expiry": "2023-11-23T11:46:13Z"
  },
  "sentinels": {
    "config_sentinel": "/Users/inelpandzic/.config/gcloud/config_sentinel"
  }
}
2023-11-23 11:46:14,827 INFO     ___FILE_ONLY___ 

2023-11-23 11:46:14,829 DEBUG    root            Checking for updates...
2023-11-23 11:46:14,849 DEBUG    urllib3.connectionpool Starting new HTTPS connection (1): dl.google.com:443
2023-11-23 11:46:15,180 DEBUG    urllib3.connectionpool https://dl.google.com:443 "GET /dl/cloudsdk/channels/rapid/components-2.json HTTP/1.1" 200 209943
2023-11-23 11:46:15,300 DEBUG    root            Metrics reporting process started...
