2023-11-23 13:46:20,817 DEBUG    root            Loaded Command Group: ['gcloud', 'config']
2023-11-23 13:46:20,818 DEBUG    root            Loaded Command Group: ['gcloud', 'config', 'config_helper']
2023-11-23 13:46:20,818 DEBUG    root            Running [gcloud.config.config-helper] with arguments: [--format: "json"]
2023-11-23 13:46:20,821 DEBUG    google.auth.transport.requests Making request: POST https://oauth2.googleapis.com/token
2023-11-23 13:46:20,827 DEBUG    urllib3.connectionpool Starting new HTTPS connection (1): oauth2.googleapis.com:443
2023-11-23 13:46:21,082 DEBUG    urllib3.connectionpool https://oauth2.googleapis.com:443 "POST /token HTTP/1.1" 200 None
2023-11-23 13:46:21,086 DEBUG    root            Chosen display Format:default json
2023-11-23 13:46:21,086 INFO     root            Display format: "default json"
2023-11-23 13:46:21,086 INFO     ___FILE_ONLY___ {
  "configuration": {
    "active_configuration": "percona-cloud-dev",
    "properties": {
      "core": {
        "account": "inel.pandzic@percona.com",
        "disable_usage_reporting": "False",
        "project": "cloud-dev-112233"
      }
    }
  },
  "credential": {
    "access_token": "ya29.a0AfB_byCU7USifNojGiIF97navBfPM0ELnOwoj9I7Uf1oAZcSdhxOjTEElp89ADLM87g-XuK53LSuyUTWDhwTw_MjU1__6LN-9ftwT3t6dC_G3YXF8MAXNmdyayvp0sM5jLBGTwl6VBm7faaA76EZfjsHGkOajTAir9oC_-9uN5kiaCgYKAWkSARESFQHGX2Mi2cH9adfXnLiYzSpF6RSWfg0179",
    "id_token": "eyJhbGciOiJSUzI1NiIsImtpZCI6IjViMzcwNjk2MGUzZTYwMDI0YTI2NTVlNzhjZmE2M2Y4N2M5N2QzMDkiLCJ0eXAiOiJKV1QifQ.eyJpc3MiOiJodHRwczovL2FjY291bnRzLmdvb2dsZS5jb20iLCJhenAiOiIzMjU1NTk0MDU1OS5hcHBzLmdvb2dsZXVzZXJjb250ZW50LmNvbSIsImF1ZCI6IjMyNTU1OTQwNTU5LmFwcHMuZ29vZ2xldXNlcmNvbnRlbnQuY29tIiwic3ViIjoiMTA3NDA5ODEzMzQ0NTU5NDQzNDA3IiwiaGQiOiJwZXJjb25hLmNvbSIsImVtYWlsIjoiaW5lbC5wYW5kemljQHBlcmNvbmEuY29tIiwiZW1haWxfdmVyaWZpZWQiOnRydWUsImF0X2hhc2giOiJFcEZxdzhQdlJFQmU3QmhFWDg5S3lnIiwiaWF0IjoxNzAwNzQzNTgxLCJleHAiOjE3MDA3NDcxODF9.rklbQYB6-Z-JD3xqCHrCfSFb-PV1w901WjMNoFFn7uPpK8YAvRBB1dPalbdom4x39YN1EQE6nXB2Y_D6ZkFIGCo67QsQHL-KEUmKA76B2k0glDTzDMgq1-LyowPXaMngFHgdZZaARXF3BCq3Rz6yBP2hIsHUqPnn3EaNBMgHTqlRJTMQ-S_PCuKKbOEf4X15tpJ4-BgQ8055ygTSqFtF9uOlmARWW2ylVA8hjGS1lVkVBSd0-igl9Xz5KAIMJixGRhl7dhflVyEff4hwlMy4II6wEyk83kalrPSRSwMaAzV6SCBi2mPQ_G1WlxB3SHgTX0j-Wm2MToTSeM9EwyH1bg",
    "token_expiry": "2023-11-23T13:46:20Z"
  },
  "sentinels": {
    "config_sentinel": "/Users/inelpandzic/.config/gcloud/config_sentinel"
  }
}
2023-11-23 13:46:21,087 INFO     ___FILE_ONLY___ 

2023-11-23 13:46:21,094 DEBUG    root            Metrics reporting process started...
