2023-11-23 15:46:31,982 DEBUG    root            Loaded Command Group: ['gcloud', 'config']
2023-11-23 15:46:31,984 DEBUG    root            Loaded Command Group: ['gcloud', 'config', 'config_helper']
2023-11-23 15:46:31,984 DEBUG    root            Running [gcloud.config.config-helper] with arguments: [--format: "json"]
2023-11-23 15:46:32,013 DEBUG    google.auth.transport.requests Making request: POST https://oauth2.googleapis.com/token
2023-11-23 15:46:32,030 DEBUG    urllib3.connectionpool Starting new HTTPS connection (1): oauth2.googleapis.com:443
2023-11-23 15:46:32,188 DEBUG    urllib3.connectionpool https://oauth2.googleapis.com:443 "POST /token HTTP/1.1" 200 None
2023-11-23 15:46:32,196 DEBUG    root            Chosen display Format:default json
2023-11-23 15:46:32,197 INFO     root            Display format: "default json"
2023-11-23 15:46:32,197 INFO     ___FILE_ONLY___ {
  "configuration": {
    "active_configuration": "percona-cloud-dev",
    "properties": {
      "core": {
        "account": "inel.pandzic@percona.com",
        "disable_usage_reporting": "False",
        "project": "cloud-dev-112233"
      }
    }
  },
  "credential": {
    "access_token": "ya29.a0AfB_byBUVUbVNl1I3Pq-TmLyURtllN1SLtVMRfU1daSrNC-QjAW59a6wvowzqvqMQk6DECQrK4fbdLYe7MGEGMtKgUivz-lPqSLEwNAOTha2pkGOt4Hwa6lhPngTllDvFT59kQ-4sS5RvuikwltNtpr7BVbQmIpkABSUfv8dzFksaCgYKAa8SARESFQHGX2MiZWVFHY02DImM6IPlgujCXA0179",
    "id_token": "eyJhbGciOiJSUzI1NiIsImtpZCI6IjViMzcwNjk2MGUzZTYwMDI0YTI2NTVlNzhjZmE2M2Y4N2M5N2QzMDkiLCJ0eXAiOiJKV1QifQ.eyJpc3MiOiJodHRwczovL2FjY291bnRzLmdvb2dsZS5jb20iLCJhenAiOiIzMjU1NTk0MDU1OS5hcHBzLmdvb2dsZXVzZXJjb250ZW50LmNvbSIsImF1ZCI6IjMyNTU1OTQwNTU5LmFwcHMuZ29vZ2xldXNlcmNvbnRlbnQuY29tIiwic3ViIjoiMTA3NDA5ODEzMzQ0NTU5NDQzNDA3IiwiaGQiOiJwZXJjb25hLmNvbSIsImVtYWlsIjoiaW5lbC5wYW5kemljQHBlcmNvbmEuY29tIiwiZW1haWxfdmVyaWZpZWQiOnRydWUsImF0X2hhc2giOiJ4dVQzUDV5VDlsRno5eV8zc3h2TDJnIiwiaWF0IjoxNzAwNzUwNzkyLCJleHAiOjE3MDA3NTQzOTJ9.b3Q4wJJ1cChyIO3Q55eiaHf_Zuamb4z-iJE69UOQI2rgwTN_D78ZmK5AUct0mNg8KcoJh_dXLJvg5dtsJ53_6PnWX9RfAVgjtDHtPhtU0_4EfNqzhdWUJNnREkw1x_mZ8A8XFT7zkiXZGDVcJ2oHdYi6QSu8ydh8O1XuwUWkOeH8f_QK6SaeD5rcLsLttwJW2AZAGVlgayb_Cv9ZJGqxUiJjEpentjZgeYFN4c3js4acD5CPO2aXkntjjJMg5UKHcsIwf1Wha8DNW5XaREMY84d_iOPAlCUrE8Pz0WJzk6S0xzE6A0jkh6Ufxpdt9-hSgy3AZlkiOj3tUq1VlzXw5A",
    "token_expiry": "2023-11-23T15:46:31Z"
  },
  "sentinels": {
    "config_sentinel": "/Users/inelpandzic/.config/gcloud/config_sentinel"
  }
}
2023-11-23 15:46:32,197 INFO     ___FILE_ONLY___ 

2023-11-23 15:46:32,210 DEBUG    root            Metrics reporting process started...
