2023-11-23 16:12:09,581 DEBUG    root            Loaded Command Group: ['gcloud', 'container', 'clusters']
2023-11-23 16:12:09,583 DEBUG    root            Loaded Command Group: ['gcloud', 'container', 'clusters', 'list']
2023-11-23 16:12:09,604 DEBUG    root            Running [gcloud.container.clusters.list] with arguments: []
2023-11-23 16:12:09,653 DEBUG    urllib3.connectionpool Starting new HTTPS connection (1): container.googleapis.com:443
2023-11-23 16:12:10,278 DEBUG    urllib3.connectionpool https://container.googleapis.com:443 "GET /v1/projects/cloud-dev-112233/locations/-/clusters?alt=json HTTP/1.1" 200 None
2023-11-23 16:12:10,343 DEBUG    root            Chosen display Format:
    table(
        name,
        zone:label=LOCATION,
        master_version():label=MASTER_VERSION,
        endpoint:label=MASTER_IP,
        nodePools[0].config.machineType,
        currentNodeVersion:label=NODE_VERSION,
        firstof(currentNodeCount,initialNodeCount):label=NUM_NODES,
        status
    )

2023-11-23 16:12:10,343 INFO     root            Display format: "
    table(
        name,
        zone:label=LOCATION,
        master_version():label=MASTER_VERSION,
        endpoint:label=MASTER_IP,
        nodePools[0].config.machineType,
        currentNodeVersion:label=NODE_VERSION,
        firstof(currentNodeCount,initialNodeCount):label=NUM_NODES,
        status
    )
"
2023-11-23 16:12:10,369 INFO     ___FILE_ONLY___ NAME
2023-11-23 16:12:10,369 INFO     ___FILE_ONLY___                               
2023-11-23 16:12:10,369 INFO     ___FILE_ONLY___ LOCATION
2023-11-23 16:12:10,369 INFO     ___FILE_ONLY___         
2023-11-23 16:12:10,369 INFO     ___FILE_ONLY___ MASTER_VERSION
2023-11-23 16:12:10,369 INFO     ___FILE_ONLY___        
2023-11-23 16:12:10,369 INFO     ___FILE_ONLY___ MASTER_IP
2023-11-23 16:12:10,369 INFO     ___FILE_ONLY___        
2023-11-23 16:12:10,369 INFO     ___FILE_ONLY___ MACHINE_TYPE
2023-11-23 16:12:10,369 INFO     ___FILE_ONLY___    
2023-11-23 16:12:10,369 INFO     ___FILE_ONLY___ NODE_VERSION
2023-11-23 16:12:10,369 INFO     ___FILE_ONLY___          
2023-11-23 16:12:10,369 INFO     ___FILE_ONLY___ NUM_NODES
2023-11-23 16:12:10,369 INFO     ___FILE_ONLY___   
2023-11-23 16:12:10,369 INFO     ___FILE_ONLY___ STATUS
2023-11-23 16:12:10,369 INFO     ___FILE_ONLY___ 

2023-11-23 16:12:10,369 INFO     ___FILE_ONLY___ andrii-14975
2023-11-23 16:12:10,369 INFO     ___FILE_ONLY___                       
2023-11-23 16:12:10,369 INFO     ___FILE_ONLY___ europe-west1-c
2023-11-23 16:12:10,369 INFO     ___FILE_ONLY___   
2023-11-23 16:12:10,369 INFO     ___FILE_ONLY___ 1.24.17-gke.2266000
2023-11-23 16:12:10,369 INFO     ___FILE_ONLY___   
2023-11-23 16:12:10,369 INFO     ___FILE_ONLY___ 146.148.29.81
2023-11-23 16:12:10,369 INFO     ___FILE_ONLY___    
2023-11-23 16:12:10,369 INFO     ___FILE_ONLY___ n1-standard-4
2023-11-23 16:12:10,369 INFO     ___FILE_ONLY___   
2023-11-23 16:12:10,369 INFO     ___FILE_ONLY___ 1.24.17-gke.2266000
2023-11-23 16:12:10,369 INFO     ___FILE_ONLY___   
2023-11-23 16:12:10,369 INFO     ___FILE_ONLY___ 3
2023-11-23 16:12:10,369 INFO     ___FILE_ONLY___           
2023-11-23 16:12:10,369 INFO     ___FILE_ONLY___ RUNNING
2023-11-23 16:12:10,369 INFO     ___FILE_ONLY___ 

2023-11-23 16:12:10,369 INFO     ___FILE_ONLY___ plavi-128
2023-11-23 16:12:10,370 INFO     ___FILE_ONLY___                          
2023-11-23 16:12:10,370 INFO     ___FILE_ONLY___ europe-west1-c
2023-11-23 16:12:10,370 INFO     ___FILE_ONLY___   
2023-11-23 16:12:10,370 INFO     ___FILE_ONLY___ 1.28.3-gke.1203000
2023-11-23 16:12:10,370 INFO     ___FILE_ONLY___    
2023-11-23 16:12:10,370 INFO     ___FILE_ONLY___ 34.140.173.53
2023-11-23 16:12:10,370 INFO     ___FILE_ONLY___    
2023-11-23 16:12:10,370 INFO     ___FILE_ONLY___ n1-standard-4
2023-11-23 16:12:10,370 INFO     ___FILE_ONLY___   
2023-11-23 16:12:10,370 INFO     ___FILE_ONLY___ 1.28.3-gke.1203000
2023-11-23 16:12:10,370 INFO     ___FILE_ONLY___    
2023-11-23 16:12:10,370 INFO     ___FILE_ONLY___ 3
2023-11-23 16:12:10,370 INFO     ___FILE_ONLY___           
2023-11-23 16:12:10,370 INFO     ___FILE_ONLY___ RUNNING
2023-11-23 16:12:10,370 INFO     ___FILE_ONLY___ 

2023-11-23 16:12:10,370 INFO     ___FILE_ONLY___ slava-pxc
2023-11-23 16:12:10,370 INFO     ___FILE_ONLY___                          
2023-11-23 16:12:10,370 INFO     ___FILE_ONLY___ europe-west1-c
2023-11-23 16:12:10,370 INFO     ___FILE_ONLY___   
2023-11-23 16:12:10,370 INFO     ___FILE_ONLY___ 1.27.7-gke.1121000
2023-11-23 16:12:10,370 INFO     ___FILE_ONLY___    
2023-11-23 16:12:10,370 INFO     ___FILE_ONLY___ 34.140.101.171
2023-11-23 16:12:10,370 INFO     ___FILE_ONLY___   
2023-11-23 16:12:10,370 INFO     ___FILE_ONLY___ n1-standard-4
2023-11-23 16:12:10,370 INFO     ___FILE_ONLY___   
2023-11-23 16:12:10,370 INFO     ___FILE_ONLY___ 1.27.7-gke.1121000
2023-11-23 16:12:10,370 INFO     ___FILE_ONLY___    
2023-11-23 16:12:10,370 INFO     ___FILE_ONLY___ 3
2023-11-23 16:12:10,370 INFO     ___FILE_ONLY___           
2023-11-23 16:12:10,370 INFO     ___FILE_ONLY___ RUNNING
2023-11-23 16:12:10,370 INFO     ___FILE_ONLY___ 

2023-11-23 16:12:10,370 INFO     ___FILE_ONLY___ ege-13230
2023-11-23 16:12:10,370 INFO     ___FILE_ONLY___                          
2023-11-23 16:12:10,370 INFO     ___FILE_ONLY___ europe-west3
2023-11-23 16:12:10,370 INFO     ___FILE_ONLY___     
2023-11-23 16:12:10,370 INFO     ___FILE_ONLY___ 1.28.3-gke.1203000
2023-11-23 16:12:10,370 INFO     ___FILE_ONLY___    
2023-11-23 16:12:10,370 INFO     ___FILE_ONLY___ 35.246.188.232
2023-11-23 16:12:10,370 INFO     ___FILE_ONLY___   
2023-11-23 16:12:10,370 INFO     ___FILE_ONLY___ n1-standard-4
2023-11-23 16:12:10,370 INFO     ___FILE_ONLY___   
2023-11-23 16:12:10,370 INFO     ___FILE_ONLY___ 1.28.3-gke.1203000
2023-11-23 16:12:10,370 INFO     ___FILE_ONLY___    
2023-11-23 16:12:10,370 INFO     ___FILE_ONLY___ 3
2023-11-23 16:12:10,370 INFO     ___FILE_ONLY___           
2023-11-23 16:12:10,370 INFO     ___FILE_ONLY___ RUNNING
2023-11-23 16:12:10,370 INFO     ___FILE_ONLY___ 

2023-11-23 16:12:10,370 INFO     ___FILE_ONLY___ inel-18252
2023-11-23 16:12:10,370 INFO     ___FILE_ONLY___                         
2023-11-23 16:12:10,370 INFO     ___FILE_ONLY___ europe-west3-b
2023-11-23 16:12:10,370 INFO     ___FILE_ONLY___   
2023-11-23 16:12:10,370 INFO     ___FILE_ONLY___ 1.25.15-gke.1115000
2023-11-23 16:12:10,370 INFO     ___FILE_ONLY___   
2023-11-23 16:12:10,370 INFO     ___FILE_ONLY___ 34.159.169.148
2023-11-23 16:12:10,371 INFO     ___FILE_ONLY___   
2023-11-23 16:12:10,371 INFO     ___FILE_ONLY___ n1-standard-4
2023-11-23 16:12:10,371 INFO     ___FILE_ONLY___   
2023-11-23 16:12:10,371 INFO     ___FILE_ONLY___ 1.25.15-gke.1115000
2023-11-23 16:12:10,371 INFO     ___FILE_ONLY___   
2023-11-23 16:12:10,371 INFO     ___FILE_ONLY___ 3
2023-11-23 16:12:10,371 INFO     ___FILE_ONLY___           
2023-11-23 16:12:10,371 INFO     ___FILE_ONLY___ RUNNING
2023-11-23 16:12:10,371 INFO     ___FILE_ONLY___ 

2023-11-23 16:12:10,371 INFO     ___FILE_ONLY___ jen-pxc-1521-807c1c6c-7-cluster1
2023-11-23 16:12:10,371 INFO     ___FILE_ONLY___   
2023-11-23 16:12:10,371 INFO     ___FILE_ONLY___ us-central1-a
2023-11-23 16:12:10,371 INFO     ___FILE_ONLY___    
2023-11-23 16:12:10,371 INFO     ___FILE_ONLY___ 1.25.15-gke.1115000
2023-11-23 16:12:10,371 INFO     ___FILE_ONLY___   
2023-11-23 16:12:10,371 INFO     ___FILE_ONLY___ 34.71.32.10
2023-11-23 16:12:10,371 INFO     ___FILE_ONLY___      
2023-11-23 16:12:10,371 INFO     ___FILE_ONLY___ n1-standard-4
2023-11-23 16:12:10,371 INFO     ___FILE_ONLY___   
2023-11-23 16:12:10,371 INFO     ___FILE_ONLY___ 1.25.15-gke.1115000
2023-11-23 16:12:10,371 INFO     ___FILE_ONLY___   
2023-11-23 16:12:10,371 INFO     ___FILE_ONLY___ 3
2023-11-23 16:12:10,371 INFO     ___FILE_ONLY___           
2023-11-23 16:12:10,371 INFO     ___FILE_ONLY___ RUNNING
2023-11-23 16:12:10,371 INFO     ___FILE_ONLY___ 

2023-11-23 16:12:10,371 INFO     ___FILE_ONLY___ jen-pxc-1521-807c1c6c-7-cluster2
2023-11-23 16:12:10,371 INFO     ___FILE_ONLY___   
2023-11-23 16:12:10,371 INFO     ___FILE_ONLY___ us-central1-a
2023-11-23 16:12:10,371 INFO     ___FILE_ONLY___    
2023-11-23 16:12:10,371 INFO     ___FILE_ONLY___ 1.25.15-gke.1115000
2023-11-23 16:12:10,371 INFO     ___FILE_ONLY___   
2023-11-23 16:12:10,371 INFO     ___FILE_ONLY___ 34.134.48.224
2023-11-23 16:12:10,371 INFO     ___FILE_ONLY___    
2023-11-23 16:12:10,371 INFO     ___FILE_ONLY___ n1-standard-4
2023-11-23 16:12:10,371 INFO     ___FILE_ONLY___   
2023-11-23 16:12:10,371 INFO     ___FILE_ONLY___ 1.25.15-gke.1115000
2023-11-23 16:12:10,371 INFO     ___FILE_ONLY___   
2023-11-23 16:12:10,371 INFO     ___FILE_ONLY___ 3
2023-11-23 16:12:10,371 INFO     ___FILE_ONLY___           
2023-11-23 16:12:10,371 INFO     ___FILE_ONLY___ RUNNING
2023-11-23 16:12:10,371 INFO     ___FILE_ONLY___ 

2023-11-23 16:12:10,371 INFO     ___FILE_ONLY___ jen-pxc-1521-807c1c6c-7-cluster3
2023-11-23 16:12:10,371 INFO     ___FILE_ONLY___   
2023-11-23 16:12:10,371 INFO     ___FILE_ONLY___ us-central1-a
2023-11-23 16:12:10,371 INFO     ___FILE_ONLY___    
2023-11-23 16:12:10,371 INFO     ___FILE_ONLY___ 1.25.15-gke.1115000
2023-11-23 16:12:10,371 INFO     ___FILE_ONLY___   
2023-11-23 16:12:10,371 INFO     ___FILE_ONLY___ 34.123.132.96
2023-11-23 16:12:10,371 INFO     ___FILE_ONLY___    
2023-11-23 16:12:10,371 INFO     ___FILE_ONLY___ n1-standard-4
2023-11-23 16:12:10,371 INFO     ___FILE_ONLY___   
2023-11-23 16:12:10,371 INFO     ___FILE_ONLY___ 1.25.15-gke.1115000
2023-11-23 16:12:10,371 INFO     ___FILE_ONLY___   
2023-11-23 16:12:10,371 INFO     ___FILE_ONLY___ 3
2023-11-23 16:12:10,371 INFO     ___FILE_ONLY___           
2023-11-23 16:12:10,371 INFO     ___FILE_ONLY___ RUNNING
2023-11-23 16:12:10,371 INFO     ___FILE_ONLY___ 

2023-11-23 16:12:10,371 INFO     ___FILE_ONLY___ jen-pxc-1521-807c1c6c-7-cluster4
2023-11-23 16:12:10,371 INFO     ___FILE_ONLY___   
2023-11-23 16:12:10,371 INFO     ___FILE_ONLY___ us-central1-a
2023-11-23 16:12:10,371 INFO     ___FILE_ONLY___    
2023-11-23 16:12:10,371 INFO     ___FILE_ONLY___ 1.25.15-gke.1115000
2023-11-23 16:12:10,372 INFO     ___FILE_ONLY___   
2023-11-23 16:12:10,372 INFO     ___FILE_ONLY___ 34.132.141.177
2023-11-23 16:12:10,372 INFO     ___FILE_ONLY___   
2023-11-23 16:12:10,372 INFO     ___FILE_ONLY___ n1-standard-4
2023-11-23 16:12:10,372 INFO     ___FILE_ONLY___   
2023-11-23 16:12:10,372 INFO     ___FILE_ONLY___ 1.25.15-gke.1115000
2023-11-23 16:12:10,372 INFO     ___FILE_ONLY___   
2023-11-23 16:12:10,372 INFO     ___FILE_ONLY___ 3
2023-11-23 16:12:10,372 INFO     ___FILE_ONLY___           
2023-11-23 16:12:10,372 INFO     ___FILE_ONLY___ RUNNING
2023-11-23 16:12:10,372 INFO     ___FILE_ONLY___ 

2023-11-23 16:12:10,372 INFO     ___FILE_ONLY___ jen-pxc-1521-807c1c6c-7-cluster5
2023-11-23 16:12:10,372 INFO     ___FILE_ONLY___   
2023-11-23 16:12:10,372 INFO     ___FILE_ONLY___ us-central1-a
2023-11-23 16:12:10,372 INFO     ___FILE_ONLY___    
2023-11-23 16:12:10,372 INFO     ___FILE_ONLY___ 1.25.15-gke.1115000
2023-11-23 16:12:10,372 INFO     ___FILE_ONLY___   
2023-11-23 16:12:10,372 INFO     ___FILE_ONLY___ 34.31.146.152
2023-11-23 16:12:10,372 INFO     ___FILE_ONLY___    
2023-11-23 16:12:10,372 INFO     ___FILE_ONLY___ n1-standard-4
2023-11-23 16:12:10,372 INFO     ___FILE_ONLY___   
2023-11-23 16:12:10,372 INFO     ___FILE_ONLY___ 1.25.15-gke.1115000
2023-11-23 16:12:10,372 INFO     ___FILE_ONLY___   
2023-11-23 16:12:10,372 INFO     ___FILE_ONLY___ 3
2023-11-23 16:12:10,372 INFO     ___FILE_ONLY___           
2023-11-23 16:12:10,372 INFO     ___FILE_ONLY___ RUNNING
2023-11-23 16:12:10,372 INFO     ___FILE_ONLY___ 

2023-11-23 16:12:10,372 INFO     ___FILE_ONLY___ jen-pxc-1521-807c1c6c-7-cluster6
2023-11-23 16:12:10,372 INFO     ___FILE_ONLY___   
2023-11-23 16:12:10,372 INFO     ___FILE_ONLY___ us-central1-a
2023-11-23 16:12:10,372 INFO     ___FILE_ONLY___    
2023-11-23 16:12:10,372 INFO     ___FILE_ONLY___ 1.25.15-gke.1115000
2023-11-23 16:12:10,372 INFO     ___FILE_ONLY___   
2023-11-23 16:12:10,372 INFO     ___FILE_ONLY___ 34.172.69.131
2023-11-23 16:12:10,372 INFO     ___FILE_ONLY___    
2023-11-23 16:12:10,372 INFO     ___FILE_ONLY___ n1-standard-4
2023-11-23 16:12:10,372 INFO     ___FILE_ONLY___   
2023-11-23 16:12:10,372 INFO     ___FILE_ONLY___ 1.25.15-gke.1115000
2023-11-23 16:12:10,372 INFO     ___FILE_ONLY___   
2023-11-23 16:12:10,372 INFO     ___FILE_ONLY___ 3
2023-11-23 16:12:10,372 INFO     ___FILE_ONLY___           
2023-11-23 16:12:10,372 INFO     ___FILE_ONLY___ RUNNING
2023-11-23 16:12:10,372 INFO     ___FILE_ONLY___ 

2023-11-23 16:12:10,372 INFO     ___FILE_ONLY___ jen-pxc-1521-807c1c6c-7-cluster7
2023-11-23 16:12:10,372 INFO     ___FILE_ONLY___   
2023-11-23 16:12:10,372 INFO     ___FILE_ONLY___ us-central1-a
2023-11-23 16:12:10,372 INFO     ___FILE_ONLY___    
2023-11-23 16:12:10,372 INFO     ___FILE_ONLY___ 1.25.15-gke.1115000
2023-11-23 16:12:10,372 INFO     ___FILE_ONLY___   
2023-11-23 16:12:10,372 INFO     ___FILE_ONLY___ 34.27.181.172
2023-11-23 16:12:10,372 INFO     ___FILE_ONLY___    
2023-11-23 16:12:10,372 INFO     ___FILE_ONLY___ n1-standard-4
2023-11-23 16:12:10,372 INFO     ___FILE_ONLY___   
2023-11-23 16:12:10,372 INFO     ___FILE_ONLY___ 1.25.15-gke.1115000
2023-11-23 16:12:10,372 INFO     ___FILE_ONLY___   
2023-11-23 16:12:10,372 INFO     ___FILE_ONLY___ 3
2023-11-23 16:12:10,372 INFO     ___FILE_ONLY___           
2023-11-23 16:12:10,372 INFO     ___FILE_ONLY___ RUNNING
2023-11-23 16:12:10,372 INFO     ___FILE_ONLY___ 

2023-11-23 16:12:10,372 INFO     ___FILE_ONLY___ jen-pxc-1521-807c1c6c-7-cluster8
2023-11-23 16:12:10,372 INFO     ___FILE_ONLY___   
2023-11-23 16:12:10,372 INFO     ___FILE_ONLY___ us-central1-a
2023-11-23 16:12:10,373 INFO     ___FILE_ONLY___    
2023-11-23 16:12:10,373 INFO     ___FILE_ONLY___ 1.25.15-gke.1115000
2023-11-23 16:12:10,373 INFO     ___FILE_ONLY___   
2023-11-23 16:12:10,373 INFO     ___FILE_ONLY___ 35.239.204.151
2023-11-23 16:12:10,373 INFO     ___FILE_ONLY___   
2023-11-23 16:12:10,373 INFO     ___FILE_ONLY___ n1-standard-4
2023-11-23 16:12:10,373 INFO     ___FILE_ONLY___   
2023-11-23 16:12:10,373 INFO     ___FILE_ONLY___ 1.25.15-gke.1115000
2023-11-23 16:12:10,373 INFO     ___FILE_ONLY___   
2023-11-23 16:12:10,373 INFO     ___FILE_ONLY___ 3
2023-11-23 16:12:10,373 INFO     ___FILE_ONLY___           
2023-11-23 16:12:10,373 INFO     ___FILE_ONLY___ RUNNING
2023-11-23 16:12:10,373 INFO     ___FILE_ONLY___ 

2023-11-23 16:12:10,373 INFO     ___FILE_ONLY___ jen-pxc-1521-807c1c6c-7-cluster9
2023-11-23 16:12:10,373 INFO     ___FILE_ONLY___   
2023-11-23 16:12:10,373 INFO     ___FILE_ONLY___ us-central1-a
2023-11-23 16:12:10,373 INFO     ___FILE_ONLY___    
2023-11-23 16:12:10,373 INFO     ___FILE_ONLY___ 1.25.15-gke.1115000
2023-11-23 16:12:10,373 INFO     ___FILE_ONLY___   
2023-11-23 16:12:10,373 INFO     ___FILE_ONLY___ 35.223.40.243
2023-11-23 16:12:10,373 INFO     ___FILE_ONLY___    
2023-11-23 16:12:10,373 INFO     ___FILE_ONLY___ n1-standard-4
2023-11-23 16:12:10,373 INFO     ___FILE_ONLY___   
2023-11-23 16:12:10,373 INFO     ___FILE_ONLY___ 1.25.15-gke.1115000
2023-11-23 16:12:10,373 INFO     ___FILE_ONLY___   
2023-11-23 16:12:10,373 INFO     ___FILE_ONLY___ 3
2023-11-23 16:12:10,373 INFO     ___FILE_ONLY___           
2023-11-23 16:12:10,373 INFO     ___FILE_ONLY___ RUNNING
2023-11-23 16:12:10,373 INFO     ___FILE_ONLY___ 

2023-11-23 16:12:10,373 INFO     ___FILE_ONLY___ ptankov
2023-11-23 16:12:10,373 INFO     ___FILE_ONLY___                            
2023-11-23 16:12:10,373 INFO     ___FILE_ONLY___ us-central1-a
2023-11-23 16:12:10,373 INFO     ___FILE_ONLY___    
2023-11-23 16:12:10,373 INFO     ___FILE_ONLY___ 1.27.7-gke.1121000
2023-11-23 16:12:10,373 INFO     ___FILE_ONLY___    
2023-11-23 16:12:10,373 INFO     ___FILE_ONLY___ 34.72.214.230
2023-11-23 16:12:10,373 INFO     ___FILE_ONLY___    
2023-11-23 16:12:10,373 INFO     ___FILE_ONLY___ n1-standard-4
2023-11-23 16:12:10,373 INFO     ___FILE_ONLY___   
2023-11-23 16:12:10,373 INFO     ___FILE_ONLY___ 1.27.7-gke.1121000
2023-11-23 16:12:10,373 INFO     ___FILE_ONLY___    
2023-11-23 16:12:10,373 INFO     ___FILE_ONLY___ 3
2023-11-23 16:12:10,373 INFO     ___FILE_ONLY___           
2023-11-23 16:12:10,373 INFO     ___FILE_ONLY___ RUNNING
2023-11-23 16:12:10,373 INFO     ___FILE_ONLY___ 

2023-11-23 16:12:10,373 INFO     ___FILE_ONLY___ spronin-1337
2023-11-23 16:12:10,373 INFO     ___FILE_ONLY___                       
2023-11-23 16:12:10,373 INFO     ___FILE_ONLY___ us-central1-a
2023-11-23 16:12:10,373 INFO     ___FILE_ONLY___    
2023-11-23 16:12:10,373 INFO     ___FILE_ONLY___ 1.27.7-gke.1121000
2023-11-23 16:12:10,373 INFO     ___FILE_ONLY___    
2023-11-23 16:12:10,373 INFO     ___FILE_ONLY___ 34.31.34.223
2023-11-23 16:12:10,373 INFO     ___FILE_ONLY___     
2023-11-23 16:12:10,373 INFO     ___FILE_ONLY___ n1-standard-4
2023-11-23 16:12:10,373 INFO     ___FILE_ONLY___   
2023-11-23 16:12:10,373 INFO     ___FILE_ONLY___ 1.27.7-gke.1121000
2023-11-23 16:12:10,373 INFO     ___FILE_ONLY___    
2023-11-23 16:12:10,373 INFO     ___FILE_ONLY___ 1
2023-11-23 16:12:10,373 INFO     ___FILE_ONLY___           
2023-11-23 16:12:10,373 INFO     ___FILE_ONLY___ RUNNING
2023-11-23 16:12:10,374 INFO     ___FILE_ONLY___ 

2023-11-23 16:12:10,374 INFO     ___FILE_ONLY___ jen-pg-584-1b3dd9f21-1-sandbox
2023-11-23 16:12:10,374 INFO     ___FILE_ONLY___     
2023-11-23 16:12:10,374 INFO     ___FILE_ONLY___ us-central1-c
2023-11-23 16:12:10,374 INFO     ___FILE_ONLY___    
2023-11-23 16:12:10,374 INFO     ___FILE_ONLY___ 1.24.17-gke.2266000
2023-11-23 16:12:10,374 INFO     ___FILE_ONLY___   
2023-11-23 16:12:10,374 INFO     ___FILE_ONLY___ 34.121.142.232
2023-11-23 16:12:10,374 INFO     ___FILE_ONLY___   
2023-11-23 16:12:10,374 INFO     ___FILE_ONLY___ n1-standard-4
2023-11-23 16:12:10,374 INFO     ___FILE_ONLY___   
2023-11-23 16:12:10,374 INFO     ___FILE_ONLY___ 1.24.17-gke.2266000
2023-11-23 16:12:10,374 INFO     ___FILE_ONLY___   
2023-11-23 16:12:10,374 INFO     ___FILE_ONLY___ 3
2023-11-23 16:12:10,374 INFO     ___FILE_ONLY___           
2023-11-23 16:12:10,374 INFO     ___FILE_ONLY___ STOPPING
2023-11-23 16:12:10,374 INFO     ___FILE_ONLY___ 

2023-11-23 16:12:10,379 DEBUG    root            Metrics reporting process started...
