2022-11-17 12:42:17,991 DEBUG    root            Loaded Command Group: ['gcloud', 'config']
2022-11-17 12:42:17,993 DEBUG    root            Loaded Command Group: ['gcloud', 'config', 'config_helper']
2022-11-17 12:42:17,993 DEBUG    root            Running [gcloud.config.config-helper] with arguments: [--format: "json"]
2022-11-17 12:42:18,026 DEBUG    google.auth.transport.requests Making request: POST https://oauth2.googleapis.com/token
2022-11-17 12:42:18,038 DEBUG    urllib3.connectionpool Starting new HTTPS connection (1): oauth2.googleapis.com:443
2022-11-17 12:42:18,188 DEBUG    urllib3.connectionpool https://oauth2.googleapis.com:443 "POST /token HTTP/1.1" 200 None
2022-11-17 12:42:18,195 INFO     root            Display format: "default json"
2022-11-17 12:42:18,196 INFO     ___FILE_ONLY___ {
  "configuration": {
    "active_configuration": "percona-cloud-dev",
    "properties": {
      "core": {
        "account": "inel.pandzic@percona.com",
        "disable_usage_reporting": "False",
        "project": "cloud-dev-112233"
      }
    }
  },
  "credential": {
    "access_token": "ya29.a0AeTM1ieNUCHpuoG5KZxUzpdyd1j9rjfmOQWlXYau16vntOOGc2m-dwEqux9hymi4r2oR96Kph7Sq854-UFm6cV4vMD03dBUZJ2828t2ZUx8YWLMZgh4vIhoa22yEMhUzpPsXGwDk_qUfj0PFes4OOwV_OD_a-GN9Qujsv5caCgYKAYISARESFQHWtWOmUoJnbE2niQjcRgpQmtC_4w0174",
    "id_token": "eyJhbGciOiJSUzI1NiIsImtpZCI6IjcxM2ZkNjhjOTY2ZTI5MzgwOTgxZWRjMDE2NGEyZjZjMDZjNTcwMmEiLCJ0eXAiOiJKV1QifQ.eyJpc3MiOiJodHRwczovL2FjY291bnRzLmdvb2dsZS5jb20iLCJhenAiOiIzMjU1NTk0MDU1OS5hcHBzLmdvb2dsZXVzZXJjb250ZW50LmNvbSIsImF1ZCI6IjMyNTU1OTQwNTU5LmFwcHMuZ29vZ2xldXNlcmNvbnRlbnQuY29tIiwic3ViIjoiMTA3NDA5ODEzMzQ0NTU5NDQzNDA3IiwiaGQiOiJwZXJjb25hLmNvbSIsImVtYWlsIjoiaW5lbC5wYW5kemljQHBlcmNvbmEuY29tIiwiZW1haWxfdmVyaWZpZWQiOnRydWUsImF0X2hhc2giOiJuaVJXN3FSN2w3aWJBY0ZqTjdLMjlnIiwiaWF0IjoxNjY4Njg1MzM4LCJleHAiOjE2Njg2ODg5Mzh9.h6xO8Ao18dMDiKCZhgwpAKxQPFMWzBgscGho_VUqppK2V662hkeyAgpaHfeeueOXUGdhWH-acqIKOyBGjlTnvnK8KNWfxLFclD4v1_hU2UxNxBo6259wlRyLcNgW3jmjqQAPKt_lBFhhQvAcT47FK4CeaWjxsuc3W5twAFeH09LZc1-z0kt5V2__1--c017qAiwqniIgw9Lyv0DdDBjTFpnlYuSuM8FjHRgLMeOL7jzgwByt-pElLtCka5twCHHzeh05mSHbEkJ1qgSPN6NsZWxlC8B7aU4_YlybivhaJhj9_SyGHtXqwzgdPSjDf_s4_4NsqshuKZ9gIeTlXyNhIw",
    "token_expiry": "2022-11-17T12:42:17Z"
  },
  "sentinels": {
    "config_sentinel": "/Users/inelpandzic/.config/gcloud/config_sentinel"
  }
}
2022-11-17 12:42:18,196 INFO     ___FILE_ONLY___ 

2022-11-17 12:42:18,197 DEBUG    root            Checking for updates...
2022-11-17 12:42:18,209 DEBUG    urllib3.connectionpool Starting new HTTPS connection (1): dl.google.com:443
2022-11-17 12:42:18,341 DEBUG    urllib3.connectionpool https://dl.google.com:443 "GET /dl/cloudsdk/channels/rapid/components-2.json HTTP/1.1" 200 203447
2022-11-17 12:42:18,451 DEBUG    root            Metrics reporting process started...
