2022-11-17 16:44:15,276 DEBUG    root            Loaded Command Group: ['gcloud', 'container', 'clusters']
2022-11-17 16:44:15,278 DEBUG    root            Loaded Command Group: ['gcloud', 'container', 'clusters', 'list']
2022-11-17 16:44:15,291 DEBUG    google.auth.transport.requests Making request: POST https://oauth2.googleapis.com/token
2022-11-17 16:44:15,310 DEBUG    urllib3.connectionpool Starting new HTTPS connection (1): oauth2.googleapis.com:443
2022-11-17 16:44:15,455 DEBUG    urllib3.connectionpool https://oauth2.googleapis.com:443 "POST /token HTTP/1.1" 200 None
2022-11-17 16:44:15,471 DEBUG    root            Running [gcloud.container.clusters.list] with arguments: []
2022-11-17 16:44:15,515 DEBUG    urllib3.connectionpool Starting new HTTPS connection (1): container.googleapis.com:443
2022-11-17 16:44:16,134 DEBUG    urllib3.connectionpool https://container.googleapis.com:443 "GET /v1/projects/cloud-dev-112233/locations/-/clusters?alt=json HTTP/1.1" 200 None
2022-11-17 16:44:16,206 INFO     root            Display format: "
    table(
        name,
        zone:label=LOCATION,
        master_version():label=MASTER_VERSION,
        endpoint:label=MASTER_IP,
        nodePools[0].config.machineType,
        currentNodeVersion:label=NODE_VERSION,
        firstof(currentNodeCount,initialNodeCount):label=NUM_NODES,
        status
    )
"
2022-11-17 16:44:16,237 INFO     ___FILE_ONLY___ NAME
2022-11-17 16:44:16,237 INFO     ___FILE_ONLY___                                
2022-11-17 16:44:16,237 INFO     ___FILE_ONLY___ LOCATION
2022-11-17 16:44:16,237 INFO     ___FILE_ONLY___         
2022-11-17 16:44:16,237 INFO     ___FILE_ONLY___ MASTER_VERSION
2022-11-17 16:44:16,237 INFO     ___FILE_ONLY___     
2022-11-17 16:44:16,237 INFO     ___FILE_ONLY___ MASTER_IP
2022-11-17 16:44:16,237 INFO     ___FILE_ONLY___        
2022-11-17 16:44:16,237 INFO     ___FILE_ONLY___ MACHINE_TYPE
2022-11-17 16:44:16,237 INFO     ___FILE_ONLY___    
2022-11-17 16:44:16,237 INFO     ___FILE_ONLY___ NODE_VERSION
2022-11-17 16:44:16,237 INFO     ___FILE_ONLY___         
2022-11-17 16:44:16,237 INFO     ___FILE_ONLY___ NUM_NODES
2022-11-17 16:44:16,237 INFO     ___FILE_ONLY___   
2022-11-17 16:44:16,237 INFO     ___FILE_ONLY___ STATUS
2022-11-17 16:44:16,237 INFO     ___FILE_ONLY___ 

2022-11-17 16:44:16,237 INFO     ___FILE_ONLY___ andrii-7664
2022-11-17 16:44:16,237 INFO     ___FILE_ONLY___                         
2022-11-17 16:44:16,237 INFO     ___FILE_ONLY___ europe-west1-c
2022-11-17 16:44:16,237 INFO     ___FILE_ONLY___   
2022-11-17 16:44:16,237 INFO     ___FILE_ONLY___ 1.22.12-gke.2300
2022-11-17 16:44:16,237 INFO     ___FILE_ONLY___   
2022-11-17 16:44:16,237 INFO     ___FILE_ONLY___ 34.78.234.85
2022-11-17 16:44:16,237 INFO     ___FILE_ONLY___     
2022-11-17 16:44:16,237 INFO     ___FILE_ONLY___ n1-standard-4
2022-11-17 16:44:16,237 INFO     ___FILE_ONLY___   
2022-11-17 16:44:16,237 INFO     ___FILE_ONLY___ 1.21.14-gke.8500 *
2022-11-17 16:44:16,237 INFO     ___FILE_ONLY___   
2022-11-17 16:44:16,238 INFO     ___FILE_ONLY___ 3
2022-11-17 16:44:16,238 INFO     ___FILE_ONLY___           
2022-11-17 16:44:16,238 INFO     ___FILE_ONLY___ RUNNING
2022-11-17 16:44:16,238 INFO     ___FILE_ONLY___ 

2022-11-17 16:44:16,238 INFO     ___FILE_ONLY___ ege-11975
2022-11-17 16:44:16,238 INFO     ___FILE_ONLY___                           
2022-11-17 16:44:16,238 INFO     ___FILE_ONLY___ europe-west3
2022-11-17 16:44:16,238 INFO     ___FILE_ONLY___     
2022-11-17 16:44:16,238 INFO     ___FILE_ONLY___ 1.25.3-gke.800
2022-11-17 16:44:16,238 INFO     ___FILE_ONLY___     
2022-11-17 16:44:16,238 INFO     ___FILE_ONLY___ 34.141.76.174
2022-11-17 16:44:16,238 INFO     ___FILE_ONLY___    
2022-11-17 16:44:16,238 INFO     ___FILE_ONLY___ n1-standard-4
2022-11-17 16:44:16,238 INFO     ___FILE_ONLY___   
2022-11-17 16:44:16,238 INFO     ___FILE_ONLY___ 1.25.3-gke.800
2022-11-17 16:44:16,238 INFO     ___FILE_ONLY___       
2022-11-17 16:44:16,238 INFO     ___FILE_ONLY___ 6
2022-11-17 16:44:16,238 INFO     ___FILE_ONLY___           
2022-11-17 16:44:16,238 INFO     ___FILE_ONLY___ RUNNING
2022-11-17 16:44:16,238 INFO     ___FILE_ONLY___ 

2022-11-17 16:44:16,238 INFO     ___FILE_ONLY___ slava-pxc
2022-11-17 16:44:16,238 INFO     ___FILE_ONLY___                           
2022-11-17 16:44:16,238 INFO     ___FILE_ONLY___ europe-west3-a
2022-11-17 16:44:16,238 INFO     ___FILE_ONLY___   
2022-11-17 16:44:16,238 INFO     ___FILE_ONLY___ 1.21.14-gke.8500
2022-11-17 16:44:16,239 INFO     ___FILE_ONLY___   
2022-11-17 16:44:16,239 INFO     ___FILE_ONLY___ 35.198.124.34
2022-11-17 16:44:16,239 INFO     ___FILE_ONLY___    
2022-11-17 16:44:16,239 INFO     ___FILE_ONLY___ n1-standard-4
2022-11-17 16:44:16,239 INFO     ___FILE_ONLY___   
2022-11-17 16:44:16,239 INFO     ___FILE_ONLY___ 1.21.14-gke.8500
2022-11-17 16:44:16,239 INFO     ___FILE_ONLY___     
2022-11-17 16:44:16,239 INFO     ___FILE_ONLY___ 3
2022-11-17 16:44:16,239 INFO     ___FILE_ONLY___           
2022-11-17 16:44:16,239 INFO     ___FILE_ONLY___ RUNNING
2022-11-17 16:44:16,239 INFO     ___FILE_ONLY___ 

2022-11-17 16:44:16,239 INFO     ___FILE_ONLY___ inel-23832
2022-11-17 16:44:16,239 INFO     ___FILE_ONLY___                          
2022-11-17 16:44:16,239 INFO     ___FILE_ONLY___ europe-west3-b
2022-11-17 16:44:16,239 INFO     ___FILE_ONLY___   
2022-11-17 16:44:16,239 INFO     ___FILE_ONLY___ 1.21.14-gke.8500
2022-11-17 16:44:16,239 INFO     ___FILE_ONLY___   
2022-11-17 16:44:16,239 INFO     ___FILE_ONLY___ 35.242.239.213
2022-11-17 16:44:16,239 INFO     ___FILE_ONLY___   
2022-11-17 16:44:16,239 INFO     ___FILE_ONLY___ n1-standard-4
2022-11-17 16:44:16,239 INFO     ___FILE_ONLY___   
2022-11-17 16:44:16,239 INFO     ___FILE_ONLY___ 1.21.14-gke.8500
2022-11-17 16:44:16,239 INFO     ___FILE_ONLY___     
2022-11-17 16:44:16,239 INFO     ___FILE_ONLY___ 3
2022-11-17 16:44:16,239 INFO     ___FILE_ONLY___           
2022-11-17 16:44:16,239 INFO     ___FILE_ONLY___ RUNNING
2022-11-17 16:44:16,239 INFO     ___FILE_ONLY___ 

2022-11-17 16:44:16,239 INFO     ___FILE_ONLY___ max-30844
2022-11-17 16:44:16,239 INFO     ___FILE_ONLY___                           
2022-11-17 16:44:16,239 INFO     ___FILE_ONLY___ europe-west3-b
2022-11-17 16:44:16,239 INFO     ___FILE_ONLY___   
2022-11-17 16:44:16,239 INFO     ___FILE_ONLY___ 1.22.12-gke.2300
2022-11-17 16:44:16,239 INFO     ___FILE_ONLY___   
2022-11-17 16:44:16,239 INFO     ___FILE_ONLY___ 35.246.193.17
2022-11-17 16:44:16,239 INFO     ___FILE_ONLY___    
2022-11-17 16:44:16,239 INFO     ___FILE_ONLY___ n1-standard-4
2022-11-17 16:44:16,239 INFO     ___FILE_ONLY___   
2022-11-17 16:44:16,239 INFO     ___FILE_ONLY___ 1.22.12-gke.2300
2022-11-17 16:44:16,239 INFO     ___FILE_ONLY___     
2022-11-17 16:44:16,240 INFO     ___FILE_ONLY___ 3
2022-11-17 16:44:16,240 INFO     ___FILE_ONLY___           
2022-11-17 16:44:16,240 INFO     ___FILE_ONLY___ RUNNING
2022-11-17 16:44:16,240 INFO     ___FILE_ONLY___ 

2022-11-17 16:44:16,240 INFO     ___FILE_ONLY___ jen-pxc-1245-53587f57-25-cluster7
2022-11-17 16:44:16,240 INFO     ___FILE_ONLY___   
2022-11-17 16:44:16,240 INFO     ___FILE_ONLY___ us-central1-a
2022-11-17 16:44:16,240 INFO     ___FILE_ONLY___    
2022-11-17 16:44:16,240 INFO     ___FILE_ONLY___ 1.21.14-gke.8500
2022-11-17 16:44:16,240 INFO     ___FILE_ONLY___   
2022-11-17 16:44:16,240 INFO     ___FILE_ONLY___ 35.223.131.235
2022-11-17 16:44:16,240 INFO     ___FILE_ONLY___   
2022-11-17 16:44:16,240 INFO     ___FILE_ONLY___ n1-standard-4
2022-11-17 16:44:16,240 INFO     ___FILE_ONLY___   
2022-11-17 16:44:16,240 INFO     ___FILE_ONLY___ 1.21.14-gke.8500
2022-11-17 16:44:16,240 INFO     ___FILE_ONLY___     
2022-11-17 16:44:16,240 INFO     ___FILE_ONLY___ 3
2022-11-17 16:44:16,240 INFO     ___FILE_ONLY___           
2022-11-17 16:44:16,240 INFO     ___FILE_ONLY___ RUNNING
2022-11-17 16:44:16,240 INFO     ___FILE_ONLY___ 

2022-11-17 16:44:16,240 INFO     ___FILE_ONLY___ jen-pxc-1273-6d0b1223-1-cluster1
2022-11-17 16:44:16,240 INFO     ___FILE_ONLY___    
2022-11-17 16:44:16,240 INFO     ___FILE_ONLY___ us-central1-a
2022-11-17 16:44:16,240 INFO     ___FILE_ONLY___    
2022-11-17 16:44:16,240 INFO     ___FILE_ONLY___ 1.21.14-gke.8500
2022-11-17 16:44:16,240 INFO     ___FILE_ONLY___   
2022-11-17 16:44:16,240 INFO     ___FILE_ONLY___ 104.154.27.145
2022-11-17 16:44:16,240 INFO     ___FILE_ONLY___   
2022-11-17 16:44:16,240 INFO     ___FILE_ONLY___ n1-standard-4
2022-11-17 16:44:16,240 INFO     ___FILE_ONLY___   
2022-11-17 16:44:16,240 INFO     ___FILE_ONLY___ 1.21.14-gke.8500
2022-11-17 16:44:16,240 INFO     ___FILE_ONLY___     
2022-11-17 16:44:16,240 INFO     ___FILE_ONLY___ 3
2022-11-17 16:44:16,240 INFO     ___FILE_ONLY___           
2022-11-17 16:44:16,240 INFO     ___FILE_ONLY___ RUNNING
2022-11-17 16:44:16,240 INFO     ___FILE_ONLY___ 

2022-11-17 16:44:16,240 INFO     ___FILE_ONLY___ jen-pxc-1273-6d0b1223-1-cluster2
2022-11-17 16:44:16,240 INFO     ___FILE_ONLY___    
2022-11-17 16:44:16,240 INFO     ___FILE_ONLY___ us-central1-a
2022-11-17 16:44:16,240 INFO     ___FILE_ONLY___    
2022-11-17 16:44:16,240 INFO     ___FILE_ONLY___ 1.21.14-gke.8500
2022-11-17 16:44:16,240 INFO     ___FILE_ONLY___   
2022-11-17 16:44:16,241 INFO     ___FILE_ONLY___ 34.70.126.5
2022-11-17 16:44:16,241 INFO     ___FILE_ONLY___      
2022-11-17 16:44:16,241 INFO     ___FILE_ONLY___ n1-standard-4
2022-11-17 16:44:16,241 INFO     ___FILE_ONLY___   
2022-11-17 16:44:16,241 INFO     ___FILE_ONLY___ 1.21.14-gke.8500
2022-11-17 16:44:16,241 INFO     ___FILE_ONLY___     
2022-11-17 16:44:16,241 INFO     ___FILE_ONLY___ 3
2022-11-17 16:44:16,241 INFO     ___FILE_ONLY___           
2022-11-17 16:44:16,241 INFO     ___FILE_ONLY___ RUNNING
2022-11-17 16:44:16,241 INFO     ___FILE_ONLY___ 

2022-11-17 16:44:16,241 INFO     ___FILE_ONLY___ jen-pxc-1273-6d0b1223-1-cluster3
2022-11-17 16:44:16,241 INFO     ___FILE_ONLY___    
2022-11-17 16:44:16,241 INFO     ___FILE_ONLY___ us-central1-a
2022-11-17 16:44:16,241 INFO     ___FILE_ONLY___    
2022-11-17 16:44:16,241 INFO     ___FILE_ONLY___ 1.21.14-gke.8500
2022-11-17 16:44:16,241 INFO     ___FILE_ONLY___   
2022-11-17 16:44:16,241 INFO     ___FILE_ONLY___ 35.224.158.105
2022-11-17 16:44:16,241 INFO     ___FILE_ONLY___   
2022-11-17 16:44:16,241 INFO     ___FILE_ONLY___ n1-standard-4
2022-11-17 16:44:16,241 INFO     ___FILE_ONLY___   
2022-11-17 16:44:16,241 INFO     ___FILE_ONLY___ 1.21.14-gke.8500
2022-11-17 16:44:16,241 INFO     ___FILE_ONLY___     
2022-11-17 16:44:16,241 INFO     ___FILE_ONLY___ 3
2022-11-17 16:44:16,241 INFO     ___FILE_ONLY___           
2022-11-17 16:44:16,241 INFO     ___FILE_ONLY___ RUNNING
2022-11-17 16:44:16,241 INFO     ___FILE_ONLY___ 

2022-11-17 16:44:16,241 INFO     ___FILE_ONLY___ jen-pxc-1273-6d0b1223-1-cluster4
2022-11-17 16:44:16,241 INFO     ___FILE_ONLY___    
2022-11-17 16:44:16,241 INFO     ___FILE_ONLY___ us-central1-a
2022-11-17 16:44:16,241 INFO     ___FILE_ONLY___    
2022-11-17 16:44:16,241 INFO     ___FILE_ONLY___ 1.21.14-gke.8500
2022-11-17 16:44:16,241 INFO     ___FILE_ONLY___   
2022-11-17 16:44:16,241 INFO     ___FILE_ONLY___ 35.202.45.100
2022-11-17 16:44:16,241 INFO     ___FILE_ONLY___    
2022-11-17 16:44:16,241 INFO     ___FILE_ONLY___ n1-standard-4
2022-11-17 16:44:16,241 INFO     ___FILE_ONLY___   
2022-11-17 16:44:16,241 INFO     ___FILE_ONLY___ 1.21.14-gke.8500
2022-11-17 16:44:16,241 INFO     ___FILE_ONLY___     
2022-11-17 16:44:16,241 INFO     ___FILE_ONLY___ 3
2022-11-17 16:44:16,242 INFO     ___FILE_ONLY___           
2022-11-17 16:44:16,242 INFO     ___FILE_ONLY___ RUNNING
2022-11-17 16:44:16,242 INFO     ___FILE_ONLY___ 

2022-11-17 16:44:16,242 INFO     ___FILE_ONLY___ jen-pxc-1273-6d0b1223-1-cluster5
2022-11-17 16:44:16,242 INFO     ___FILE_ONLY___    
2022-11-17 16:44:16,242 INFO     ___FILE_ONLY___ us-central1-a
2022-11-17 16:44:16,242 INFO     ___FILE_ONLY___    
2022-11-17 16:44:16,242 INFO     ___FILE_ONLY___ 1.21.14-gke.8500
2022-11-17 16:44:16,242 INFO     ___FILE_ONLY___   
2022-11-17 16:44:16,242 INFO     ___FILE_ONLY___ 35.222.70.224
2022-11-17 16:44:16,242 INFO     ___FILE_ONLY___    
2022-11-17 16:44:16,242 INFO     ___FILE_ONLY___ n1-standard-4
2022-11-17 16:44:16,242 INFO     ___FILE_ONLY___   
2022-11-17 16:44:16,242 INFO     ___FILE_ONLY___ 1.21.14-gke.8500
2022-11-17 16:44:16,242 INFO     ___FILE_ONLY___     
2022-11-17 16:44:16,242 INFO     ___FILE_ONLY___ 3
2022-11-17 16:44:16,242 INFO     ___FILE_ONLY___           
2022-11-17 16:44:16,242 INFO     ___FILE_ONLY___ RUNNING
2022-11-17 16:44:16,242 INFO     ___FILE_ONLY___ 

2022-11-17 16:44:16,242 INFO     ___FILE_ONLY___ jen-pxc-1273-6d0b1223-1-cluster6
2022-11-17 16:44:16,242 INFO     ___FILE_ONLY___    
2022-11-17 16:44:16,242 INFO     ___FILE_ONLY___ us-central1-a
2022-11-17 16:44:16,242 INFO     ___FILE_ONLY___    
2022-11-17 16:44:16,242 INFO     ___FILE_ONLY___ 1.21.14-gke.8500
2022-11-17 16:44:16,242 INFO     ___FILE_ONLY___   
2022-11-17 16:44:16,242 INFO     ___FILE_ONLY___ 34.132.65.154
2022-11-17 16:44:16,242 INFO     ___FILE_ONLY___    
2022-11-17 16:44:16,242 INFO     ___FILE_ONLY___ n1-standard-4
2022-11-17 16:44:16,242 INFO     ___FILE_ONLY___   
2022-11-17 16:44:16,243 INFO     ___FILE_ONLY___ 1.21.14-gke.8500
2022-11-17 16:44:16,243 INFO     ___FILE_ONLY___     
2022-11-17 16:44:16,243 INFO     ___FILE_ONLY___ 3
2022-11-17 16:44:16,243 INFO     ___FILE_ONLY___           
2022-11-17 16:44:16,243 INFO     ___FILE_ONLY___ RUNNING
2022-11-17 16:44:16,243 INFO     ___FILE_ONLY___ 

2022-11-17 16:44:16,243 INFO     ___FILE_ONLY___ jen-pxc-1273-6d0b1223-1-cluster7
2022-11-17 16:44:16,243 INFO     ___FILE_ONLY___    
2022-11-17 16:44:16,243 INFO     ___FILE_ONLY___ us-central1-a
2022-11-17 16:44:16,243 INFO     ___FILE_ONLY___    
2022-11-17 16:44:16,243 INFO     ___FILE_ONLY___ 1.21.14-gke.8500
2022-11-17 16:44:16,243 INFO     ___FILE_ONLY___   
2022-11-17 16:44:16,243 INFO     ___FILE_ONLY___ 104.197.177.60
2022-11-17 16:44:16,243 INFO     ___FILE_ONLY___   
2022-11-17 16:44:16,243 INFO     ___FILE_ONLY___ n1-standard-4
2022-11-17 16:44:16,243 INFO     ___FILE_ONLY___   
2022-11-17 16:44:16,243 INFO     ___FILE_ONLY___ 1.21.14-gke.8500
2022-11-17 16:44:16,243 INFO     ___FILE_ONLY___     
2022-11-17 16:44:16,243 INFO     ___FILE_ONLY___ 3
2022-11-17 16:44:16,243 INFO     ___FILE_ONLY___           
2022-11-17 16:44:16,243 INFO     ___FILE_ONLY___ RUNNING
2022-11-17 16:44:16,243 INFO     ___FILE_ONLY___ 

2022-11-17 16:44:16,243 INFO     ___FILE_ONLY___ jen-pxc-1273-6d0b1223-1-cluster8
2022-11-17 16:44:16,243 INFO     ___FILE_ONLY___    
2022-11-17 16:44:16,243 INFO     ___FILE_ONLY___ us-central1-a
2022-11-17 16:44:16,243 INFO     ___FILE_ONLY___    
2022-11-17 16:44:16,243 INFO     ___FILE_ONLY___ 1.21.14-gke.8500
2022-11-17 16:44:16,243 INFO     ___FILE_ONLY___   
2022-11-17 16:44:16,243 INFO     ___FILE_ONLY___ 35.184.53.65
2022-11-17 16:44:16,243 INFO     ___FILE_ONLY___     
2022-11-17 16:44:16,243 INFO     ___FILE_ONLY___ n1-standard-4
2022-11-17 16:44:16,243 INFO     ___FILE_ONLY___   
2022-11-17 16:44:16,243 INFO     ___FILE_ONLY___ 1.21.14-gke.8500
2022-11-17 16:44:16,244 INFO     ___FILE_ONLY___     
2022-11-17 16:44:16,244 INFO     ___FILE_ONLY___ 3
2022-11-17 16:44:16,244 INFO     ___FILE_ONLY___           
2022-11-17 16:44:16,244 INFO     ___FILE_ONLY___ RUNNING
2022-11-17 16:44:16,244 INFO     ___FILE_ONLY___ 

2022-11-17 16:44:16,244 INFO     ___FILE_ONLY___ jen-pxc-1273-6d0b1223-1-cluster9
2022-11-17 16:44:16,244 INFO     ___FILE_ONLY___    
2022-11-17 16:44:16,244 INFO     ___FILE_ONLY___ us-central1-a
2022-11-17 16:44:16,244 INFO     ___FILE_ONLY___    
2022-11-17 16:44:16,244 INFO     ___FILE_ONLY___ 1.21.14-gke.8500
2022-11-17 16:44:16,244 INFO     ___FILE_ONLY___   
2022-11-17 16:44:16,244 INFO     ___FILE_ONLY___ 34.28.212.72
2022-11-17 16:44:16,244 INFO     ___FILE_ONLY___     
2022-11-17 16:44:16,244 INFO     ___FILE_ONLY___ n1-standard-4
2022-11-17 16:44:16,244 INFO     ___FILE_ONLY___   
2022-11-17 16:44:16,244 INFO     ___FILE_ONLY___ 1.21.14-gke.8500
2022-11-17 16:44:16,244 INFO     ___FILE_ONLY___     
2022-11-17 16:44:16,244 INFO     ___FILE_ONLY___ 3
2022-11-17 16:44:16,244 INFO     ___FILE_ONLY___           
2022-11-17 16:44:16,244 INFO     ___FILE_ONLY___ RUNNING
2022-11-17 16:44:16,244 INFO     ___FILE_ONLY___ 

2022-11-17 16:44:16,244 INFO     ___FILE_ONLY___ plavi-124
2022-11-17 16:44:16,244 INFO     ___FILE_ONLY___                           
2022-11-17 16:44:16,244 INFO     ___FILE_ONLY___ us-central1-a
2022-11-17 16:44:16,244 INFO     ___FILE_ONLY___    
2022-11-17 16:44:16,244 INFO     ___FILE_ONLY___ 1.24.6-gke.1500
2022-11-17 16:44:16,244 INFO     ___FILE_ONLY___    
2022-11-17 16:44:16,244 INFO     ___FILE_ONLY___ 34.121.118.61
2022-11-17 16:44:16,244 INFO     ___FILE_ONLY___    
2022-11-17 16:44:16,244 INFO     ___FILE_ONLY___ n1-standard-4
2022-11-17 16:44:16,244 INFO     ___FILE_ONLY___   
2022-11-17 16:44:16,244 INFO     ___FILE_ONLY___ 1.24.6-gke.1500
2022-11-17 16:44:16,244 INFO     ___FILE_ONLY___      
2022-11-17 16:44:16,244 INFO     ___FILE_ONLY___ 3
2022-11-17 16:44:16,244 INFO     ___FILE_ONLY___           
2022-11-17 16:44:16,244 INFO     ___FILE_ONLY___ RUNNING
2022-11-17 16:44:16,244 INFO     ___FILE_ONLY___ 

2022-11-17 16:44:16,245 INFO     ___FILE_ONLY___ spronin-1337
2022-11-17 16:44:16,245 INFO     ___FILE_ONLY___                        
2022-11-17 16:44:16,245 INFO     ___FILE_ONLY___ us-central1-a
2022-11-17 16:44:16,245 INFO     ___FILE_ONLY___    
2022-11-17 16:44:16,245 INFO     ___FILE_ONLY___ 1.23.12-gke.1600
2022-11-17 16:44:16,245 INFO     ___FILE_ONLY___   
2022-11-17 16:44:16,245 INFO     ___FILE_ONLY___ 34.69.125.198
2022-11-17 16:44:16,245 INFO     ___FILE_ONLY___    
2022-11-17 16:44:16,245 INFO     ___FILE_ONLY___ n1-standard-4
2022-11-17 16:44:16,245 INFO     ___FILE_ONLY___   
2022-11-17 16:44:16,245 INFO     ___FILE_ONLY___ 1.23.12-gke.1600
2022-11-17 16:44:16,245 INFO     ___FILE_ONLY___     
2022-11-17 16:44:16,245 INFO     ___FILE_ONLY___ 3
2022-11-17 16:44:16,245 INFO     ___FILE_ONLY___           
2022-11-17 16:44:16,245 INFO     ___FILE_ONLY___ RUNNING
2022-11-17 16:44:16,245 INFO     ___FILE_ONLY___ 

2022-11-17 16:44:16,245 INFO     ___FILE_ONLY___ cap-666
2022-11-17 16:44:16,245 INFO     ___FILE_ONLY___                             
2022-11-17 16:44:16,245 INFO     ___FILE_ONLY___ us-central1-c
2022-11-17 16:44:16,245 INFO     ___FILE_ONLY___    
2022-11-17 16:44:16,245 INFO     ___FILE_ONLY___ 1.22.15-gke.2500
2022-11-17 16:44:16,245 INFO     ___FILE_ONLY___   
2022-11-17 16:44:16,245 INFO     ___FILE_ONLY___ 35.222.82.27
2022-11-17 16:44:16,245 INFO     ___FILE_ONLY___     
2022-11-17 16:44:16,245 INFO     ___FILE_ONLY___ n1-standard-4
2022-11-17 16:44:16,245 INFO     ___FILE_ONLY___   
2022-11-17 16:44:16,245 INFO     ___FILE_ONLY___ 1.22.15-gke.2500
2022-11-17 16:44:16,245 INFO     ___FILE_ONLY___     
2022-11-17 16:44:16,245 INFO     ___FILE_ONLY___ 3
2022-11-17 16:44:16,245 INFO     ___FILE_ONLY___           
2022-11-17 16:44:16,245 INFO     ___FILE_ONLY___ RUNNING
2022-11-17 16:44:16,245 INFO     ___FILE_ONLY___ 

2022-11-17 16:44:16,245 INFO     ___FILE_ONLY___ natali-22
2022-11-17 16:44:16,246 INFO     ___FILE_ONLY___                           
2022-11-17 16:44:16,246 INFO     ___FILE_ONLY___ us-central1-c
2022-11-17 16:44:16,246 INFO     ___FILE_ONLY___    
2022-11-17 16:44:16,246 INFO     ___FILE_ONLY___ 1.22.15-gke.2500
2022-11-17 16:44:16,246 INFO     ___FILE_ONLY___   
2022-11-17 16:44:16,246 INFO     ___FILE_ONLY___ 35.192.73.3
2022-11-17 16:44:16,246 INFO     ___FILE_ONLY___      
2022-11-17 16:44:16,246 INFO     ___FILE_ONLY___ n1-standard-4
2022-11-17 16:44:16,246 INFO     ___FILE_ONLY___   
2022-11-17 16:44:16,246 INFO     ___FILE_ONLY___ 1.22.15-gke.2500
2022-11-17 16:44:16,246 INFO     ___FILE_ONLY___     
2022-11-17 16:44:16,246 INFO     ___FILE_ONLY___ 3
2022-11-17 16:44:16,246 INFO     ___FILE_ONLY___           
2022-11-17 16:44:16,246 INFO     ___FILE_ONLY___ RUNNING
2022-11-17 16:44:16,246 INFO     ___FILE_ONLY___ 

2022-11-17 16:44:16,246 INFO     ___FILE_ONLY___ 
* - There is an upgrade available for your cluster(s).

To upgrade nodes to the latest available version, run
  $ gcloud container clusters upgrade NAME

2022-11-17 16:44:16,247 INFO     ___FILE_ONLY___ 

Updates are available for some Google Cloud CLI components.  To install them,
please run:
  $ gcloud components update


2022-11-17 16:44:16,254 DEBUG    root            Metrics reporting process started...
