2022-11-17 16:44:43,511 DEBUG    root            Loaded Command Group: ['gcloud', 'container', 'clusters']
2022-11-17 16:44:43,514 DEBUG    root            Loaded Command Group: ['gcloud', 'container', 'clusters', 'create']
2022-11-17 16:44:43,531 DEBUG    root            Running [gcloud.container.clusters.create] with arguments: [--cluster-version: "1.21", --machine-type: "n1-standard-4", --num-nodes: "3", --preemptible: "True", --zone: "europe-west3-b", NAME: "inel-13283"]
2022-11-17 16:44:43,534 INFO     ___FILE_ONLY___ Default change: VPC-native is the default mode during cluster creation for versions greater than 1.21.0-gke.1500. To create advanced routes based clusters, please pass the `--no-enable-ip-alias` flag

2022-11-17 16:44:43,534 INFO     ___FILE_ONLY___ Note: Your Pod address range (`--cluster-ipv4-cidr`) can accommodate at most 1008 node(s).

2022-11-17 16:44:43,541 DEBUG    urllib3.connectionpool Starting new HTTPS connection (1): container.googleapis.com:443
2022-11-17 16:44:46,780 DEBUG    urllib3.connectionpool https://container.googleapis.com:443 "POST /v1/projects/cloud-dev-112233/locations/europe-west3-b/clusters?alt=json HTTP/1.1" 200 None
2022-11-17 16:44:46,790 INFO     ___FILE_ONLY___ Creating cluster inel-13283 in europe-west3-b...
2022-11-17 16:44:46,798 DEBUG    urllib3.connectionpool Starting new HTTPS connection (1): container.googleapis.com:443
2022-11-17 16:44:47,009 DEBUG    urllib3.connectionpool https://container.googleapis.com:443 "GET /v1/projects/cloud-dev-112233/locations/europe-west3-b/operations/operation-1668699886775-226cf6b5?alt=json HTTP/1.1" 200 None
2022-11-17 16:44:52,032 DEBUG    urllib3.connectionpool Starting new HTTPS connection (1): container.googleapis.com:443
2022-11-17 16:44:52,272 DEBUG    urllib3.connectionpool https://container.googleapis.com:443 "GET /v1/projects/cloud-dev-112233/locations/europe-west3-b/operations/operation-1668699886775-226cf6b5?alt=json HTTP/1.1" 200 None
2022-11-17 16:44:57,294 DEBUG    urllib3.connectionpool Starting new HTTPS connection (1): container.googleapis.com:443
2022-11-17 16:44:57,532 DEBUG    urllib3.connectionpool https://container.googleapis.com:443 "GET /v1/projects/cloud-dev-112233/locations/europe-west3-b/operations/operation-1668699886775-226cf6b5?alt=json HTTP/1.1" 200 None
2022-11-17 16:45:02,550 DEBUG    urllib3.connectionpool Starting new HTTPS connection (1): container.googleapis.com:443
2022-11-17 16:45:02,792 DEBUG    urllib3.connectionpool https://container.googleapis.com:443 "GET /v1/projects/cloud-dev-112233/locations/europe-west3-b/operations/operation-1668699886775-226cf6b5?alt=json HTTP/1.1" 200 None
2022-11-17 16:45:07,811 DEBUG    urllib3.connectionpool Starting new HTTPS connection (1): container.googleapis.com:443
2022-11-17 16:45:08,058 DEBUG    urllib3.connectionpool https://container.googleapis.com:443 "GET /v1/projects/cloud-dev-112233/locations/europe-west3-b/operations/operation-1668699886775-226cf6b5?alt=json HTTP/1.1" 200 None
2022-11-17 16:45:13,078 DEBUG    urllib3.connectionpool Starting new HTTPS connection (1): container.googleapis.com:443
2022-11-17 16:45:13,318 DEBUG    urllib3.connectionpool https://container.googleapis.com:443 "GET /v1/projects/cloud-dev-112233/locations/europe-west3-b/operations/operation-1668699886775-226cf6b5?alt=json HTTP/1.1" 200 None
2022-11-17 16:45:18,339 DEBUG    urllib3.connectionpool Starting new HTTPS connection (1): container.googleapis.com:443
2022-11-17 16:45:18,582 DEBUG    urllib3.connectionpool https://container.googleapis.com:443 "GET /v1/projects/cloud-dev-112233/locations/europe-west3-b/operations/operation-1668699886775-226cf6b5?alt=json HTTP/1.1" 200 None
2022-11-17 16:45:23,604 DEBUG    urllib3.connectionpool Starting new HTTPS connection (1): container.googleapis.com:443
2022-11-17 16:45:23,872 DEBUG    urllib3.connectionpool https://container.googleapis.com:443 "GET /v1/projects/cloud-dev-112233/locations/europe-west3-b/operations/operation-1668699886775-226cf6b5?alt=json HTTP/1.1" 200 None
2022-11-17 16:45:28,894 DEBUG    urllib3.connectionpool Starting new HTTPS connection (1): container.googleapis.com:443
2022-11-17 16:45:29,139 DEBUG    urllib3.connectionpool https://container.googleapis.com:443 "GET /v1/projects/cloud-dev-112233/locations/europe-west3-b/operations/operation-1668699886775-226cf6b5?alt=json HTTP/1.1" 200 None
2022-11-17 16:45:34,157 DEBUG    urllib3.connectionpool Starting new HTTPS connection (1): container.googleapis.com:443
2022-11-17 16:45:34,375 DEBUG    urllib3.connectionpool https://container.googleapis.com:443 "GET /v1/projects/cloud-dev-112233/locations/europe-west3-b/operations/operation-1668699886775-226cf6b5?alt=json HTTP/1.1" 200 None
2022-11-17 16:45:39,393 DEBUG    urllib3.connectionpool Starting new HTTPS connection (1): container.googleapis.com:443
2022-11-17 16:45:39,617 DEBUG    urllib3.connectionpool https://container.googleapis.com:443 "GET /v1/projects/cloud-dev-112233/locations/europe-west3-b/operations/operation-1668699886775-226cf6b5?alt=json HTTP/1.1" 200 None
2022-11-17 16:45:44,637 DEBUG    urllib3.connectionpool Starting new HTTPS connection (1): container.googleapis.com:443
2022-11-17 16:45:44,875 DEBUG    urllib3.connectionpool https://container.googleapis.com:443 "GET /v1/projects/cloud-dev-112233/locations/europe-west3-b/operations/operation-1668699886775-226cf6b5?alt=json HTTP/1.1" 200 None
2022-11-17 16:45:49,898 DEBUG    urllib3.connectionpool Starting new HTTPS connection (1): container.googleapis.com:443
2022-11-17 16:45:50,114 DEBUG    urllib3.connectionpool https://container.googleapis.com:443 "GET /v1/projects/cloud-dev-112233/locations/europe-west3-b/operations/operation-1668699886775-226cf6b5?alt=json HTTP/1.1" 200 None
2022-11-17 16:45:55,135 DEBUG    urllib3.connectionpool Starting new HTTPS connection (1): container.googleapis.com:443
2022-11-17 16:45:55,346 DEBUG    urllib3.connectionpool https://container.googleapis.com:443 "GET /v1/projects/cloud-dev-112233/locations/europe-west3-b/operations/operation-1668699886775-226cf6b5?alt=json HTTP/1.1" 200 None
2022-11-17 16:46:00,363 DEBUG    urllib3.connectionpool Starting new HTTPS connection (1): container.googleapis.com:443
2022-11-17 16:46:00,583 DEBUG    urllib3.connectionpool https://container.googleapis.com:443 "GET /v1/projects/cloud-dev-112233/locations/europe-west3-b/operations/operation-1668699886775-226cf6b5?alt=json HTTP/1.1" 200 None
2022-11-17 16:46:05,608 DEBUG    urllib3.connectionpool Starting new HTTPS connection (1): container.googleapis.com:443
2022-11-17 16:46:05,847 DEBUG    urllib3.connectionpool https://container.googleapis.com:443 "GET /v1/projects/cloud-dev-112233/locations/europe-west3-b/operations/operation-1668699886775-226cf6b5?alt=json HTTP/1.1" 200 None
2022-11-17 16:46:10,869 DEBUG    urllib3.connectionpool Starting new HTTPS connection (1): container.googleapis.com:443
2022-11-17 16:46:11,090 DEBUG    urllib3.connectionpool https://container.googleapis.com:443 "GET /v1/projects/cloud-dev-112233/locations/europe-west3-b/operations/operation-1668699886775-226cf6b5?alt=json HTTP/1.1" 200 None
2022-11-17 16:46:16,108 DEBUG    urllib3.connectionpool Starting new HTTPS connection (1): container.googleapis.com:443
2022-11-17 16:46:16,322 DEBUG    urllib3.connectionpool https://container.googleapis.com:443 "GET /v1/projects/cloud-dev-112233/locations/europe-west3-b/operations/operation-1668699886775-226cf6b5?alt=json HTTP/1.1" 200 None
2022-11-17 16:46:21,343 DEBUG    urllib3.connectionpool Starting new HTTPS connection (1): container.googleapis.com:443
2022-11-17 16:46:21,583 DEBUG    urllib3.connectionpool https://container.googleapis.com:443 "GET /v1/projects/cloud-dev-112233/locations/europe-west3-b/operations/operation-1668699886775-226cf6b5?alt=json HTTP/1.1" 200 None
2022-11-17 16:46:26,598 DEBUG    urllib3.connectionpool Starting new HTTPS connection (1): container.googleapis.com:443
2022-11-17 16:46:26,815 DEBUG    urllib3.connectionpool https://container.googleapis.com:443 "GET /v1/projects/cloud-dev-112233/locations/europe-west3-b/operations/operation-1668699886775-226cf6b5?alt=json HTTP/1.1" 200 None
2022-11-17 16:46:31,837 DEBUG    urllib3.connectionpool Starting new HTTPS connection (1): container.googleapis.com:443
2022-11-17 16:46:32,059 DEBUG    urllib3.connectionpool https://container.googleapis.com:443 "GET /v1/projects/cloud-dev-112233/locations/europe-west3-b/operations/operation-1668699886775-226cf6b5?alt=json HTTP/1.1" 200 None
2022-11-17 16:46:37,079 DEBUG    urllib3.connectionpool Starting new HTTPS connection (1): container.googleapis.com:443
2022-11-17 16:46:37,297 DEBUG    urllib3.connectionpool https://container.googleapis.com:443 "GET /v1/projects/cloud-dev-112233/locations/europe-west3-b/operations/operation-1668699886775-226cf6b5?alt=json HTTP/1.1" 200 None
2022-11-17 16:46:42,316 DEBUG    urllib3.connectionpool Starting new HTTPS connection (1): container.googleapis.com:443
2022-11-17 16:46:42,527 DEBUG    urllib3.connectionpool https://container.googleapis.com:443 "GET /v1/projects/cloud-dev-112233/locations/europe-west3-b/operations/operation-1668699886775-226cf6b5?alt=json HTTP/1.1" 200 None
2022-11-17 16:46:47,548 DEBUG    urllib3.connectionpool Starting new HTTPS connection (1): container.googleapis.com:443
2022-11-17 16:46:47,770 DEBUG    urllib3.connectionpool https://container.googleapis.com:443 "GET /v1/projects/cloud-dev-112233/locations/europe-west3-b/operations/operation-1668699886775-226cf6b5?alt=json HTTP/1.1" 200 None
2022-11-17 16:46:52,780 DEBUG    urllib3.connectionpool Starting new HTTPS connection (1): container.googleapis.com:443
2022-11-17 16:46:52,981 DEBUG    urllib3.connectionpool https://container.googleapis.com:443 "GET /v1/projects/cloud-dev-112233/locations/europe-west3-b/operations/operation-1668699886775-226cf6b5?alt=json HTTP/1.1" 200 None
2022-11-17 16:46:58,002 DEBUG    urllib3.connectionpool Starting new HTTPS connection (1): container.googleapis.com:443
2022-11-17 16:46:58,237 DEBUG    urllib3.connectionpool https://container.googleapis.com:443 "GET /v1/projects/cloud-dev-112233/locations/europe-west3-b/operations/operation-1668699886775-226cf6b5?alt=json HTTP/1.1" 200 None
2022-11-17 16:47:03,257 DEBUG    urllib3.connectionpool Starting new HTTPS connection (1): container.googleapis.com:443
2022-11-17 16:47:03,486 DEBUG    urllib3.connectionpool https://container.googleapis.com:443 "GET /v1/projects/cloud-dev-112233/locations/europe-west3-b/operations/operation-1668699886775-226cf6b5?alt=json HTTP/1.1" 200 None
2022-11-17 16:47:08,505 DEBUG    urllib3.connectionpool Starting new HTTPS connection (1): container.googleapis.com:443
2022-11-17 16:47:08,721 DEBUG    urllib3.connectionpool https://container.googleapis.com:443 "GET /v1/projects/cloud-dev-112233/locations/europe-west3-b/operations/operation-1668699886775-226cf6b5?alt=json HTTP/1.1" 200 None
2022-11-17 16:47:13,753 DEBUG    urllib3.connectionpool Starting new HTTPS connection (1): container.googleapis.com:443
2022-11-17 16:47:13,962 DEBUG    urllib3.connectionpool https://container.googleapis.com:443 "GET /v1/projects/cloud-dev-112233/locations/europe-west3-b/operations/operation-1668699886775-226cf6b5?alt=json HTTP/1.1" 200 None
2022-11-17 16:47:18,982 DEBUG    urllib3.connectionpool Starting new HTTPS connection (1): container.googleapis.com:443
2022-11-17 16:47:19,222 DEBUG    urllib3.connectionpool https://container.googleapis.com:443 "GET /v1/projects/cloud-dev-112233/locations/europe-west3-b/operations/operation-1668699886775-226cf6b5?alt=json HTTP/1.1" 200 None
2022-11-17 16:47:24,245 DEBUG    urllib3.connectionpool Starting new HTTPS connection (1): container.googleapis.com:443
2022-11-17 16:47:24,484 DEBUG    urllib3.connectionpool https://container.googleapis.com:443 "GET /v1/projects/cloud-dev-112233/locations/europe-west3-b/operations/operation-1668699886775-226cf6b5?alt=json HTTP/1.1" 200 None
2022-11-17 16:47:29,507 DEBUG    urllib3.connectionpool Starting new HTTPS connection (1): container.googleapis.com:443
2022-11-17 16:47:29,746 DEBUG    urllib3.connectionpool https://container.googleapis.com:443 "GET /v1/projects/cloud-dev-112233/locations/europe-west3-b/operations/operation-1668699886775-226cf6b5?alt=json HTTP/1.1" 200 None
2022-11-17 16:47:34,778 DEBUG    urllib3.connectionpool Starting new HTTPS connection (1): container.googleapis.com:443
2022-11-17 16:47:34,982 DEBUG    urllib3.connectionpool https://container.googleapis.com:443 "GET /v1/projects/cloud-dev-112233/locations/europe-west3-b/operations/operation-1668699886775-226cf6b5?alt=json HTTP/1.1" 200 None
2022-11-17 16:47:40,000 DEBUG    urllib3.connectionpool Starting new HTTPS connection (1): container.googleapis.com:443
2022-11-17 16:47:40,240 DEBUG    urllib3.connectionpool https://container.googleapis.com:443 "GET /v1/projects/cloud-dev-112233/locations/europe-west3-b/operations/operation-1668699886775-226cf6b5?alt=json HTTP/1.1" 200 None
2022-11-17 16:47:45,264 DEBUG    urllib3.connectionpool Starting new HTTPS connection (1): container.googleapis.com:443
2022-11-17 16:47:45,473 DEBUG    urllib3.connectionpool https://container.googleapis.com:443 "GET /v1/projects/cloud-dev-112233/locations/europe-west3-b/operations/operation-1668699886775-226cf6b5?alt=json HTTP/1.1" 200 None
2022-11-17 16:47:50,493 DEBUG    urllib3.connectionpool Starting new HTTPS connection (1): container.googleapis.com:443
2022-11-17 16:47:50,736 DEBUG    urllib3.connectionpool https://container.googleapis.com:443 "GET /v1/projects/cloud-dev-112233/locations/europe-west3-b/operations/operation-1668699886775-226cf6b5?alt=json HTTP/1.1" 200 None
2022-11-17 16:47:55,758 DEBUG    urllib3.connectionpool Starting new HTTPS connection (1): container.googleapis.com:443
2022-11-17 16:47:55,997 DEBUG    urllib3.connectionpool https://container.googleapis.com:443 "GET /v1/projects/cloud-dev-112233/locations/europe-west3-b/operations/operation-1668699886775-226cf6b5?alt=json HTTP/1.1" 200 None
2022-11-17 16:48:01,019 DEBUG    urllib3.connectionpool Starting new HTTPS connection (1): container.googleapis.com:443
2022-11-17 16:48:01,262 DEBUG    urllib3.connectionpool https://container.googleapis.com:443 "GET /v1/projects/cloud-dev-112233/locations/europe-west3-b/operations/operation-1668699886775-226cf6b5?alt=json HTTP/1.1" 200 None
2022-11-17 16:48:06,282 DEBUG    urllib3.connectionpool Starting new HTTPS connection (1): container.googleapis.com:443
2022-11-17 16:48:06,525 DEBUG    urllib3.connectionpool https://container.googleapis.com:443 "GET /v1/projects/cloud-dev-112233/locations/europe-west3-b/operations/operation-1668699886775-226cf6b5?alt=json HTTP/1.1" 200 None
2022-11-17 16:48:11,543 DEBUG    urllib3.connectionpool Starting new HTTPS connection (1): container.googleapis.com:443
2022-11-17 16:48:11,786 DEBUG    urllib3.connectionpool https://container.googleapis.com:443 "GET /v1/projects/cloud-dev-112233/locations/europe-west3-b/operations/operation-1668699886775-226cf6b5?alt=json HTTP/1.1" 200 None
2022-11-17 16:48:16,811 DEBUG    urllib3.connectionpool Starting new HTTPS connection (1): container.googleapis.com:443
2022-11-17 16:48:17,044 DEBUG    urllib3.connectionpool https://container.googleapis.com:443 "GET /v1/projects/cloud-dev-112233/locations/europe-west3-b/operations/operation-1668699886775-226cf6b5?alt=json HTTP/1.1" 200 None
2022-11-17 16:48:22,069 DEBUG    urllib3.connectionpool Starting new HTTPS connection (1): container.googleapis.com:443
2022-11-17 16:48:22,281 DEBUG    urllib3.connectionpool https://container.googleapis.com:443 "GET /v1/projects/cloud-dev-112233/locations/europe-west3-b/operations/operation-1668699886775-226cf6b5?alt=json HTTP/1.1" 200 None
2022-11-17 16:48:22,290 INFO     root            Operation <Operation
 clusterConditions: []
 endTime: '2022-11-17T15:48:21.064075977Z'
 name: 'operation-1668699886775-226cf6b5'
 nodepoolConditions: []
 operationType: OperationTypeValueValuesEnum(CREATE_CLUSTER, 1)
 progress: <OperationProgress
 metrics: [<Metric
 intValue: 4
 name: 'CLUSTER_CONFIGURING'>, <Metric
 intValue: 4
 name: 'CLUSTER_CONFIGURING_TOTAL'>, <Metric
 intValue: 7
 name: 'CLUSTER_DEPLOYING'>, <Metric
 intValue: 7
 name: 'CLUSTER_DEPLOYING_TOTAL'>, <Metric
 intValue: 1
 name: 'CLUSTER_HEALTHCHECKING'>, <Metric
 intValue: 2
 name: 'CLUSTER_HEALTHCHECKING_TOTAL'>]
 stages: []>
 selfLink: 'https://container.googleapis.com/v1/projects/166042509722/zones/europe-west3-b/operations/operation-1668699886775-226cf6b5'
 startTime: '2022-11-17T15:44:46.775834299Z'
 status: StatusValueValuesEnum(DONE, 3)
 targetLink: 'https://container.googleapis.com/v1/projects/166042509722/zones/europe-west3-b/clusters/inel-13283'
 zone: 'europe-west3-b'> succeeded after 215.499 seconds
2022-11-17 16:48:22,388 DEBUG    urllib3.connectionpool Starting new HTTPS connection (1): container.googleapis.com:443
2022-11-17 16:48:22,634 DEBUG    urllib3.connectionpool https://container.googleapis.com:443 "GET /v1/projects/cloud-dev-112233/locations/europe-west3-b/clusters/inel-13283?alt=json HTTP/1.1" 200 None
2022-11-17 16:48:22,648 INFO     ___FILE_ONLY___ Created [https://container.googleapis.com/v1/projects/cloud-dev-112233/zones/europe-west3-b/clusters/inel-13283].

2022-11-17 16:48:22,649 INFO     ___FILE_ONLY___ To inspect the contents of your cluster, go to: https://console.cloud.google.com/kubernetes/workload_/gcloud/europe-west3-b/inel-13283?project=cloud-dev-112233

2022-11-17 16:48:22,802 DEBUG    root            Saved kubeconfig to /Users/inelpandzic/.kube/config
2022-11-17 16:48:22,803 INFO     ___FILE_ONLY___ kubeconfig entry generated for inel-13283.

2022-11-17 16:48:22,805 INFO     root            Display format: "
    table(
        name,
        zone:label=LOCATION,
        master_version():label=MASTER_VERSION,
        endpoint:label=MASTER_IP,
        nodePools[0].config.machineType,
        currentNodeVersion:label=NODE_VERSION,
        firstof(currentNodeCount,initialNodeCount):label=NUM_NODES,
        status
    )
"
2022-11-17 16:48:22,809 INFO     ___FILE_ONLY___ NAME
2022-11-17 16:48:22,809 INFO     ___FILE_ONLY___         
2022-11-17 16:48:22,809 INFO     ___FILE_ONLY___ LOCATION
2022-11-17 16:48:22,809 INFO     ___FILE_ONLY___         
2022-11-17 16:48:22,810 INFO     ___FILE_ONLY___ MASTER_VERSION
2022-11-17 16:48:22,810 INFO     ___FILE_ONLY___     
2022-11-17 16:48:22,810 INFO     ___FILE_ONLY___ MASTER_IP
2022-11-17 16:48:22,810 INFO     ___FILE_ONLY___        
2022-11-17 16:48:22,810 INFO     ___FILE_ONLY___ MACHINE_TYPE
2022-11-17 16:48:22,810 INFO     ___FILE_ONLY___    
2022-11-17 16:48:22,810 INFO     ___FILE_ONLY___ NODE_VERSION
2022-11-17 16:48:22,810 INFO     ___FILE_ONLY___       
2022-11-17 16:48:22,810 INFO     ___FILE_ONLY___ NUM_NODES
2022-11-17 16:48:22,810 INFO     ___FILE_ONLY___   
2022-11-17 16:48:22,810 INFO     ___FILE_ONLY___ STATUS
2022-11-17 16:48:22,810 INFO     ___FILE_ONLY___ 

2022-11-17 16:48:22,810 INFO     ___FILE_ONLY___ inel-13283
2022-11-17 16:48:22,811 INFO     ___FILE_ONLY___   
2022-11-17 16:48:22,811 INFO     ___FILE_ONLY___ europe-west3-b
2022-11-17 16:48:22,811 INFO     ___FILE_ONLY___   
2022-11-17 16:48:22,811 INFO     ___FILE_ONLY___ 1.21.14-gke.9500
2022-11-17 16:48:22,811 INFO     ___FILE_ONLY___   
2022-11-17 16:48:22,811 INFO     ___FILE_ONLY___ 35.234.112.177
2022-11-17 16:48:22,811 INFO     ___FILE_ONLY___   
2022-11-17 16:48:22,811 INFO     ___FILE_ONLY___ n1-standard-4
2022-11-17 16:48:22,811 INFO     ___FILE_ONLY___   
2022-11-17 16:48:22,811 INFO     ___FILE_ONLY___ 1.21.14-gke.9500
2022-11-17 16:48:22,811 INFO     ___FILE_ONLY___   
2022-11-17 16:48:22,811 INFO     ___FILE_ONLY___ 3
2022-11-17 16:48:22,811 INFO     ___FILE_ONLY___           
2022-11-17 16:48:22,811 INFO     ___FILE_ONLY___ RUNNING
2022-11-17 16:48:22,811 INFO     ___FILE_ONLY___ 

2022-11-17 16:48:22,823 DEBUG    root            Metrics reporting process started...
