2022-11-17 16:44:37,972 DEBUG    root            Loaded Command Group: ['gcloud', 'container', 'clusters']
2022-11-17 16:44:37,973 DEBUG    root            Loaded Command Group: ['gcloud', 'container', 'clusters', 'delete']
2022-11-17 16:44:37,984 DEBUG    root            Running [gcloud.container.clusters.delete] with arguments: [--zone: "europe-west3-b", NAME:1: "['inel-23832']"]
2022-11-17 16:44:39,205 DEBUG    urllib3.connectionpool Starting new HTTPS connection (1): container.googleapis.com:443
2022-11-17 16:44:39,730 DEBUG    urllib3.connectionpool https://container.googleapis.com:443 "DELETE /v1/projects/cloud-dev-112233/locations/europe-west3-b/clusters/inel-23832?alt=json HTTP/1.1" 200 None
2022-11-17 16:44:39,741 INFO     ___FILE_ONLY___ Deleting cluster inel-23832...
2022-11-17 16:44:39,751 DEBUG    urllib3.connectionpool Starting new HTTPS connection (1): container.googleapis.com:443
2022-11-17 16:44:39,997 DEBUG    urllib3.connectionpool https://container.googleapis.com:443 "GET /v1/projects/cloud-dev-112233/locations/europe-west3-b/operations/operation-1668699879734-9a3b6d19?alt=json HTTP/1.1" 200 None
2022-11-17 16:44:45,018 DEBUG    urllib3.connectionpool Starting new HTTPS connection (1): container.googleapis.com:443
2022-11-17 16:44:45,275 DEBUG    urllib3.connectionpool https://container.googleapis.com:443 "GET /v1/projects/cloud-dev-112233/locations/europe-west3-b/operations/operation-1668699879734-9a3b6d19?alt=json HTTP/1.1" 200 None
2022-11-17 16:44:50,292 DEBUG    urllib3.connectionpool Starting new HTTPS connection (1): container.googleapis.com:443
2022-11-17 16:44:50,539 DEBUG    urllib3.connectionpool https://container.googleapis.com:443 "GET /v1/projects/cloud-dev-112233/locations/europe-west3-b/operations/operation-1668699879734-9a3b6d19?alt=json HTTP/1.1" 200 None
2022-11-17 16:44:55,558 DEBUG    urllib3.connectionpool Starting new HTTPS connection (1): container.googleapis.com:443
2022-11-17 16:44:55,797 DEBUG    urllib3.connectionpool https://container.googleapis.com:443 "GET /v1/projects/cloud-dev-112233/locations/europe-west3-b/operations/operation-1668699879734-9a3b6d19?alt=json HTTP/1.1" 200 None
2022-11-17 16:45:00,816 DEBUG    urllib3.connectionpool Starting new HTTPS connection (1): container.googleapis.com:443
2022-11-17 16:45:01,060 DEBUG    urllib3.connectionpool https://container.googleapis.com:443 "GET /v1/projects/cloud-dev-112233/locations/europe-west3-b/operations/operation-1668699879734-9a3b6d19?alt=json HTTP/1.1" 200 None
2022-11-17 16:45:06,082 DEBUG    urllib3.connectionpool Starting new HTTPS connection (1): container.googleapis.com:443
2022-11-17 16:45:06,296 DEBUG    urllib3.connectionpool https://container.googleapis.com:443 "GET /v1/projects/cloud-dev-112233/locations/europe-west3-b/operations/operation-1668699879734-9a3b6d19?alt=json HTTP/1.1" 200 None
2022-11-17 16:45:11,319 DEBUG    urllib3.connectionpool Starting new HTTPS connection (1): container.googleapis.com:443
2022-11-17 16:45:11,556 DEBUG    urllib3.connectionpool https://container.googleapis.com:443 "GET /v1/projects/cloud-dev-112233/locations/europe-west3-b/operations/operation-1668699879734-9a3b6d19?alt=json HTTP/1.1" 200 None
2022-11-17 16:45:16,577 DEBUG    urllib3.connectionpool Starting new HTTPS connection (1): container.googleapis.com:443
2022-11-17 16:45:16,790 DEBUG    urllib3.connectionpool https://container.googleapis.com:443 "GET /v1/projects/cloud-dev-112233/locations/europe-west3-b/operations/operation-1668699879734-9a3b6d19?alt=json HTTP/1.1" 200 None
2022-11-17 16:45:21,815 DEBUG    urllib3.connectionpool Starting new HTTPS connection (1): container.googleapis.com:443
2022-11-17 16:45:22,067 DEBUG    urllib3.connectionpool https://container.googleapis.com:443 "GET /v1/projects/cloud-dev-112233/locations/europe-west3-b/operations/operation-1668699879734-9a3b6d19?alt=json HTTP/1.1" 200 None
2022-11-17 16:45:27,081 DEBUG    urllib3.connectionpool Starting new HTTPS connection (1): container.googleapis.com:443
2022-11-17 16:45:27,305 DEBUG    urllib3.connectionpool https://container.googleapis.com:443 "GET /v1/projects/cloud-dev-112233/locations/europe-west3-b/operations/operation-1668699879734-9a3b6d19?alt=json HTTP/1.1" 200 None
2022-11-17 16:45:32,326 DEBUG    urllib3.connectionpool Starting new HTTPS connection (1): container.googleapis.com:443
2022-11-17 16:45:32,543 DEBUG    urllib3.connectionpool https://container.googleapis.com:443 "GET /v1/projects/cloud-dev-112233/locations/europe-west3-b/operations/operation-1668699879734-9a3b6d19?alt=json HTTP/1.1" 200 None
2022-11-17 16:45:37,570 DEBUG    urllib3.connectionpool Starting new HTTPS connection (1): container.googleapis.com:443
2022-11-17 16:45:37,811 DEBUG    urllib3.connectionpool https://container.googleapis.com:443 "GET /v1/projects/cloud-dev-112233/locations/europe-west3-b/operations/operation-1668699879734-9a3b6d19?alt=json HTTP/1.1" 200 None
2022-11-17 16:45:42,836 DEBUG    urllib3.connectionpool Starting new HTTPS connection (1): container.googleapis.com:443
2022-11-17 16:45:43,059 DEBUG    urllib3.connectionpool https://container.googleapis.com:443 "GET /v1/projects/cloud-dev-112233/locations/europe-west3-b/operations/operation-1668699879734-9a3b6d19?alt=json HTTP/1.1" 200 None
2022-11-17 16:45:48,079 DEBUG    urllib3.connectionpool Starting new HTTPS connection (1): container.googleapis.com:443
2022-11-17 16:45:48,289 DEBUG    urllib3.connectionpool https://container.googleapis.com:443 "GET /v1/projects/cloud-dev-112233/locations/europe-west3-b/operations/operation-1668699879734-9a3b6d19?alt=json HTTP/1.1" 200 None
2022-11-17 16:45:53,313 DEBUG    urllib3.connectionpool Starting new HTTPS connection (1): container.googleapis.com:443
2022-11-17 16:45:53,564 DEBUG    urllib3.connectionpool https://container.googleapis.com:443 "GET /v1/projects/cloud-dev-112233/locations/europe-west3-b/operations/operation-1668699879734-9a3b6d19?alt=json HTTP/1.1" 200 None
2022-11-17 16:45:58,585 DEBUG    urllib3.connectionpool Starting new HTTPS connection (1): container.googleapis.com:443
2022-11-17 16:45:58,831 DEBUG    urllib3.connectionpool https://container.googleapis.com:443 "GET /v1/projects/cloud-dev-112233/locations/europe-west3-b/operations/operation-1668699879734-9a3b6d19?alt=json HTTP/1.1" 200 None
2022-11-17 16:46:03,854 DEBUG    urllib3.connectionpool Starting new HTTPS connection (1): container.googleapis.com:443
2022-11-17 16:46:04,100 DEBUG    urllib3.connectionpool https://container.googleapis.com:443 "GET /v1/projects/cloud-dev-112233/locations/europe-west3-b/operations/operation-1668699879734-9a3b6d19?alt=json HTTP/1.1" 200 None
2022-11-17 16:46:09,120 DEBUG    urllib3.connectionpool Starting new HTTPS connection (1): container.googleapis.com:443
2022-11-17 16:46:09,340 DEBUG    urllib3.connectionpool https://container.googleapis.com:443 "GET /v1/projects/cloud-dev-112233/locations/europe-west3-b/operations/operation-1668699879734-9a3b6d19?alt=json HTTP/1.1" 200 None
2022-11-17 16:46:14,359 DEBUG    urllib3.connectionpool Starting new HTTPS connection (1): container.googleapis.com:443
2022-11-17 16:46:14,578 DEBUG    urllib3.connectionpool https://container.googleapis.com:443 "GET /v1/projects/cloud-dev-112233/locations/europe-west3-b/operations/operation-1668699879734-9a3b6d19?alt=json HTTP/1.1" 200 None
2022-11-17 16:46:19,600 DEBUG    urllib3.connectionpool Starting new HTTPS connection (1): container.googleapis.com:443
2022-11-17 16:46:19,850 DEBUG    urllib3.connectionpool https://container.googleapis.com:443 "GET /v1/projects/cloud-dev-112233/locations/europe-west3-b/operations/operation-1668699879734-9a3b6d19?alt=json HTTP/1.1" 200 None
2022-11-17 16:46:24,874 DEBUG    urllib3.connectionpool Starting new HTTPS connection (1): container.googleapis.com:443
2022-11-17 16:46:25,120 DEBUG    urllib3.connectionpool https://container.googleapis.com:443 "GET /v1/projects/cloud-dev-112233/locations/europe-west3-b/operations/operation-1668699879734-9a3b6d19?alt=json HTTP/1.1" 200 None
2022-11-17 16:46:30,142 DEBUG    urllib3.connectionpool Starting new HTTPS connection (1): container.googleapis.com:443
2022-11-17 16:46:30,387 DEBUG    urllib3.connectionpool https://container.googleapis.com:443 "GET /v1/projects/cloud-dev-112233/locations/europe-west3-b/operations/operation-1668699879734-9a3b6d19?alt=json HTTP/1.1" 200 None
2022-11-17 16:46:35,409 DEBUG    urllib3.connectionpool Starting new HTTPS connection (1): container.googleapis.com:443
2022-11-17 16:46:35,637 DEBUG    urllib3.connectionpool https://container.googleapis.com:443 "GET /v1/projects/cloud-dev-112233/locations/europe-west3-b/operations/operation-1668699879734-9a3b6d19?alt=json HTTP/1.1" 200 None
2022-11-17 16:46:40,655 DEBUG    urllib3.connectionpool Starting new HTTPS connection (1): container.googleapis.com:443
2022-11-17 16:46:40,830 DEBUG    urllib3.connectionpool https://container.googleapis.com:443 "GET /v1/projects/cloud-dev-112233/locations/europe-west3-b/operations/operation-1668699879734-9a3b6d19?alt=json HTTP/1.1" 200 None
2022-11-17 16:46:45,846 DEBUG    urllib3.connectionpool Starting new HTTPS connection (1): container.googleapis.com:443
2022-11-17 16:46:46,066 DEBUG    urllib3.connectionpool https://container.googleapis.com:443 "GET /v1/projects/cloud-dev-112233/locations/europe-west3-b/operations/operation-1668699879734-9a3b6d19?alt=json HTTP/1.1" 200 None
2022-11-17 16:46:51,091 DEBUG    urllib3.connectionpool Starting new HTTPS connection (1): container.googleapis.com:443
2022-11-17 16:46:51,311 DEBUG    urllib3.connectionpool https://container.googleapis.com:443 "GET /v1/projects/cloud-dev-112233/locations/europe-west3-b/operations/operation-1668699879734-9a3b6d19?alt=json HTTP/1.1" 200 None
2022-11-17 16:46:56,333 DEBUG    urllib3.connectionpool Starting new HTTPS connection (1): container.googleapis.com:443
2022-11-17 16:46:56,575 DEBUG    urllib3.connectionpool https://container.googleapis.com:443 "GET /v1/projects/cloud-dev-112233/locations/europe-west3-b/operations/operation-1668699879734-9a3b6d19?alt=json HTTP/1.1" 200 None
2022-11-17 16:46:56,582 INFO     root            Operation <Operation
 clusterConditions: []
 endTime: '2022-11-17T15:46:52.750513753Z'
 name: 'operation-1668699879734-9a3b6d19'
 nodepoolConditions: []
 operationType: OperationTypeValueValuesEnum(DELETE_CLUSTER, 2)
 selfLink: 'https://container.googleapis.com/v1/projects/166042509722/zones/europe-west3-b/operations/operation-1668699879734-9a3b6d19'
 startTime: '2022-11-17T15:44:39.734218574Z'
 status: StatusValueValuesEnum(DONE, 3)
 targetLink: 'https://container.googleapis.com/v1/projects/166042509722/zones/europe-west3-b/clusters/inel-23832'
 zone: 'europe-west3-b'> succeeded after 136.840 seconds
2022-11-17 16:46:56,689 DEBUG    root            Purged cluster config from /Users/inelpandzic/.config/gcloud/kubernetes/cloud-dev-112233_europe-west3-b_inel-23832
2022-11-17 16:46:56,690 INFO     ___FILE_ONLY___ Deleted [https://container.googleapis.com/v1/projects/cloud-dev-112233/zones/europe-west3-b/clusters/inel-23832].

2022-11-17 16:46:56,691 INFO     root            Display format: "none"
2022-11-17 16:46:56,713 DEBUG    root            Metrics reporting process started...
