2022-11-17 18:40:33,169 DEBUG    root            Loaded Command Group: ['gcloud', 'container', 'clusters']
2022-11-17 18:40:33,174 DEBUG    root            Loaded Command Group: ['gcloud', 'container', 'clusters', 'create']
2022-11-17 18:40:33,195 DEBUG    root            Running [gcloud.container.clusters.create] with arguments: [--cluster-version: "1.21", --machine-type: "n1-standard-4", --num-nodes: "3", --preemptible: "True", --zone: "europe-west3-b", NAME: "inel-26321"]
2022-11-17 18:40:33,197 INFO     ___FILE_ONLY___ Default change: VPC-native is the default mode during cluster creation for versions greater than 1.21.0-gke.1500. To create advanced routes based clusters, please pass the `--no-enable-ip-alias` flag

2022-11-17 18:40:33,198 INFO     ___FILE_ONLY___ Note: Your Pod address range (`--cluster-ipv4-cidr`) can accommodate at most 1008 node(s).

2022-11-17 18:40:33,219 DEBUG    urllib3.connectionpool Starting new HTTPS connection (1): container.googleapis.com:443
2022-11-17 18:40:36,933 DEBUG    urllib3.connectionpool https://container.googleapis.com:443 "POST /v1/projects/cloud-dev-112233/locations/europe-west3-b/clusters?alt=json HTTP/1.1" 200 None
2022-11-17 18:40:36,941 INFO     ___FILE_ONLY___ Creating cluster inel-26321 in europe-west3-b...
2022-11-17 18:40:36,947 DEBUG    urllib3.connectionpool Starting new HTTPS connection (1): container.googleapis.com:443
2022-11-17 18:40:37,213 DEBUG    urllib3.connectionpool https://container.googleapis.com:443 "GET /v1/projects/cloud-dev-112233/locations/europe-west3-b/operations/operation-1668706836886-7746cdef?alt=json HTTP/1.1" 200 None
2022-11-17 18:40:42,245 DEBUG    urllib3.connectionpool Starting new HTTPS connection (1): container.googleapis.com:443
2022-11-17 18:40:42,471 DEBUG    urllib3.connectionpool https://container.googleapis.com:443 "GET /v1/projects/cloud-dev-112233/locations/europe-west3-b/operations/operation-1668706836886-7746cdef?alt=json HTTP/1.1" 200 None
2022-11-17 18:40:47,487 DEBUG    urllib3.connectionpool Starting new HTTPS connection (1): container.googleapis.com:443
2022-11-17 18:40:47,756 DEBUG    urllib3.connectionpool https://container.googleapis.com:443 "GET /v1/projects/cloud-dev-112233/locations/europe-west3-b/operations/operation-1668706836886-7746cdef?alt=json HTTP/1.1" 200 None
2022-11-17 18:40:52,766 DEBUG    urllib3.connectionpool Starting new HTTPS connection (1): container.googleapis.com:443
2022-11-17 18:40:53,033 DEBUG    urllib3.connectionpool https://container.googleapis.com:443 "GET /v1/projects/cloud-dev-112233/locations/europe-west3-b/operations/operation-1668706836886-7746cdef?alt=json HTTP/1.1" 200 None
2022-11-17 18:40:58,045 DEBUG    urllib3.connectionpool Starting new HTTPS connection (1): container.googleapis.com:443
2022-11-17 18:40:58,278 DEBUG    urllib3.connectionpool https://container.googleapis.com:443 "GET /v1/projects/cloud-dev-112233/locations/europe-west3-b/operations/operation-1668706836886-7746cdef?alt=json HTTP/1.1" 200 None
2022-11-17 18:41:03,290 DEBUG    urllib3.connectionpool Starting new HTTPS connection (1): container.googleapis.com:443
2022-11-17 18:41:03,524 DEBUG    urllib3.connectionpool https://container.googleapis.com:443 "GET /v1/projects/cloud-dev-112233/locations/europe-west3-b/operations/operation-1668706836886-7746cdef?alt=json HTTP/1.1" 200 None
2022-11-17 18:41:08,540 DEBUG    urllib3.connectionpool Starting new HTTPS connection (1): container.googleapis.com:443
2022-11-17 18:41:08,788 DEBUG    urllib3.connectionpool https://container.googleapis.com:443 "GET /v1/projects/cloud-dev-112233/locations/europe-west3-b/operations/operation-1668706836886-7746cdef?alt=json HTTP/1.1" 200 None
2022-11-17 18:41:13,808 DEBUG    urllib3.connectionpool Starting new HTTPS connection (1): container.googleapis.com:443
2022-11-17 18:41:14,031 DEBUG    urllib3.connectionpool https://container.googleapis.com:443 "GET /v1/projects/cloud-dev-112233/locations/europe-west3-b/operations/operation-1668706836886-7746cdef?alt=json HTTP/1.1" 200 None
2022-11-17 18:41:19,040 DEBUG    urllib3.connectionpool Starting new HTTPS connection (1): container.googleapis.com:443
2022-11-17 18:41:19,291 DEBUG    urllib3.connectionpool https://container.googleapis.com:443 "GET /v1/projects/cloud-dev-112233/locations/europe-west3-b/operations/operation-1668706836886-7746cdef?alt=json HTTP/1.1" 200 None
2022-11-17 18:41:24,303 DEBUG    urllib3.connectionpool Starting new HTTPS connection (1): container.googleapis.com:443
2022-11-17 18:41:24,531 DEBUG    urllib3.connectionpool https://container.googleapis.com:443 "GET /v1/projects/cloud-dev-112233/locations/europe-west3-b/operations/operation-1668706836886-7746cdef?alt=json HTTP/1.1" 200 None
2022-11-17 18:41:29,549 DEBUG    urllib3.connectionpool Starting new HTTPS connection (1): container.googleapis.com:443
2022-11-17 18:41:29,778 DEBUG    urllib3.connectionpool https://container.googleapis.com:443 "GET /v1/projects/cloud-dev-112233/locations/europe-west3-b/operations/operation-1668706836886-7746cdef?alt=json HTTP/1.1" 200 None
2022-11-17 18:41:34,792 DEBUG    urllib3.connectionpool Starting new HTTPS connection (1): container.googleapis.com:443
2022-11-17 18:41:35,053 DEBUG    urllib3.connectionpool https://container.googleapis.com:443 "GET /v1/projects/cloud-dev-112233/locations/europe-west3-b/operations/operation-1668706836886-7746cdef?alt=json HTTP/1.1" 200 None
2022-11-17 18:41:40,070 DEBUG    urllib3.connectionpool Starting new HTTPS connection (1): container.googleapis.com:443
2022-11-17 18:41:40,329 DEBUG    urllib3.connectionpool https://container.googleapis.com:443 "GET /v1/projects/cloud-dev-112233/locations/europe-west3-b/operations/operation-1668706836886-7746cdef?alt=json HTTP/1.1" 200 None
2022-11-17 18:41:45,360 DEBUG    urllib3.connectionpool Starting new HTTPS connection (1): container.googleapis.com:443
2022-11-17 18:41:45,623 DEBUG    urllib3.connectionpool https://container.googleapis.com:443 "GET /v1/projects/cloud-dev-112233/locations/europe-west3-b/operations/operation-1668706836886-7746cdef?alt=json HTTP/1.1" 200 None
2022-11-17 18:41:50,638 DEBUG    urllib3.connectionpool Starting new HTTPS connection (1): container.googleapis.com:443
2022-11-17 18:41:50,883 DEBUG    urllib3.connectionpool https://container.googleapis.com:443 "GET /v1/projects/cloud-dev-112233/locations/europe-west3-b/operations/operation-1668706836886-7746cdef?alt=json HTTP/1.1" 200 None
2022-11-17 18:41:55,893 DEBUG    urllib3.connectionpool Starting new HTTPS connection (1): container.googleapis.com:443
2022-11-17 18:41:56,166 DEBUG    urllib3.connectionpool https://container.googleapis.com:443 "GET /v1/projects/cloud-dev-112233/locations/europe-west3-b/operations/operation-1668706836886-7746cdef?alt=json HTTP/1.1" 200 None
2022-11-17 18:42:01,187 DEBUG    urllib3.connectionpool Starting new HTTPS connection (1): container.googleapis.com:443
2022-11-17 18:42:01,436 DEBUG    urllib3.connectionpool https://container.googleapis.com:443 "GET /v1/projects/cloud-dev-112233/locations/europe-west3-b/operations/operation-1668706836886-7746cdef?alt=json HTTP/1.1" 200 None
2022-11-17 18:42:06,449 DEBUG    urllib3.connectionpool Starting new HTTPS connection (1): container.googleapis.com:443
2022-11-17 18:42:06,697 DEBUG    urllib3.connectionpool https://container.googleapis.com:443 "GET /v1/projects/cloud-dev-112233/locations/europe-west3-b/operations/operation-1668706836886-7746cdef?alt=json HTTP/1.1" 200 None
2022-11-17 18:42:11,749 DEBUG    urllib3.connectionpool Starting new HTTPS connection (1): container.googleapis.com:443
2022-11-17 18:42:12,111 DEBUG    urllib3.connectionpool https://container.googleapis.com:443 "GET /v1/projects/cloud-dev-112233/locations/europe-west3-b/operations/operation-1668706836886-7746cdef?alt=json HTTP/1.1" 200 None
2022-11-17 18:42:17,123 DEBUG    urllib3.connectionpool Starting new HTTPS connection (1): container.googleapis.com:443
2022-11-17 18:42:17,386 DEBUG    urllib3.connectionpool https://container.googleapis.com:443 "GET /v1/projects/cloud-dev-112233/locations/europe-west3-b/operations/operation-1668706836886-7746cdef?alt=json HTTP/1.1" 200 None
2022-11-17 18:42:22,403 DEBUG    urllib3.connectionpool Starting new HTTPS connection (1): container.googleapis.com:443
2022-11-17 18:42:22,655 DEBUG    urllib3.connectionpool https://container.googleapis.com:443 "GET /v1/projects/cloud-dev-112233/locations/europe-west3-b/operations/operation-1668706836886-7746cdef?alt=json HTTP/1.1" 200 None
2022-11-17 18:42:27,674 DEBUG    urllib3.connectionpool Starting new HTTPS connection (1): container.googleapis.com:443
2022-11-17 18:42:27,923 DEBUG    urllib3.connectionpool https://container.googleapis.com:443 "GET /v1/projects/cloud-dev-112233/locations/europe-west3-b/operations/operation-1668706836886-7746cdef?alt=json HTTP/1.1" 200 None
2022-11-17 18:42:32,940 DEBUG    urllib3.connectionpool Starting new HTTPS connection (1): container.googleapis.com:443
2022-11-17 18:42:33,628 DEBUG    urllib3.connectionpool https://container.googleapis.com:443 "GET /v1/projects/cloud-dev-112233/locations/europe-west3-b/operations/operation-1668706836886-7746cdef?alt=json HTTP/1.1" 200 None
2022-11-17 18:42:38,646 DEBUG    urllib3.connectionpool Starting new HTTPS connection (1): container.googleapis.com:443
2022-11-17 18:42:38,858 DEBUG    urllib3.connectionpool https://container.googleapis.com:443 "GET /v1/projects/cloud-dev-112233/locations/europe-west3-b/operations/operation-1668706836886-7746cdef?alt=json HTTP/1.1" 200 None
2022-11-17 18:42:43,873 DEBUG    urllib3.connectionpool Starting new HTTPS connection (1): container.googleapis.com:443
2022-11-17 18:42:44,355 DEBUG    urllib3.connectionpool https://container.googleapis.com:443 "GET /v1/projects/cloud-dev-112233/locations/europe-west3-b/operations/operation-1668706836886-7746cdef?alt=json HTTP/1.1" 200 None
2022-11-17 18:42:49,371 DEBUG    urllib3.connectionpool Starting new HTTPS connection (1): container.googleapis.com:443
2022-11-17 18:42:49,652 DEBUG    urllib3.connectionpool https://container.googleapis.com:443 "GET /v1/projects/cloud-dev-112233/locations/europe-west3-b/operations/operation-1668706836886-7746cdef?alt=json HTTP/1.1" 200 None
2022-11-17 18:42:54,668 DEBUG    urllib3.connectionpool Starting new HTTPS connection (1): container.googleapis.com:443
2022-11-17 18:42:54,930 DEBUG    urllib3.connectionpool https://container.googleapis.com:443 "GET /v1/projects/cloud-dev-112233/locations/europe-west3-b/operations/operation-1668706836886-7746cdef?alt=json HTTP/1.1" 200 None
2022-11-17 18:42:59,943 DEBUG    urllib3.connectionpool Starting new HTTPS connection (1): container.googleapis.com:443
2022-11-17 18:43:00,186 DEBUG    urllib3.connectionpool https://container.googleapis.com:443 "GET /v1/projects/cloud-dev-112233/locations/europe-west3-b/operations/operation-1668706836886-7746cdef?alt=json HTTP/1.1" 200 None
2022-11-17 18:43:05,203 DEBUG    urllib3.connectionpool Starting new HTTPS connection (1): container.googleapis.com:443
2022-11-17 18:43:05,542 DEBUG    urllib3.connectionpool https://container.googleapis.com:443 "GET /v1/projects/cloud-dev-112233/locations/europe-west3-b/operations/operation-1668706836886-7746cdef?alt=json HTTP/1.1" 200 None
2022-11-17 18:43:10,553 DEBUG    urllib3.connectionpool Starting new HTTPS connection (1): container.googleapis.com:443
2022-11-17 18:43:10,806 DEBUG    urllib3.connectionpool https://container.googleapis.com:443 "GET /v1/projects/cloud-dev-112233/locations/europe-west3-b/operations/operation-1668706836886-7746cdef?alt=json HTTP/1.1" 200 None
2022-11-17 18:43:15,825 DEBUG    urllib3.connectionpool Starting new HTTPS connection (1): container.googleapis.com:443
2022-11-17 18:43:16,091 DEBUG    urllib3.connectionpool https://container.googleapis.com:443 "GET /v1/projects/cloud-dev-112233/locations/europe-west3-b/operations/operation-1668706836886-7746cdef?alt=json HTTP/1.1" 200 None
2022-11-17 18:43:21,109 DEBUG    urllib3.connectionpool Starting new HTTPS connection (1): container.googleapis.com:443
2022-11-17 18:43:21,341 DEBUG    urllib3.connectionpool https://container.googleapis.com:443 "GET /v1/projects/cloud-dev-112233/locations/europe-west3-b/operations/operation-1668706836886-7746cdef?alt=json HTTP/1.1" 200 None
2022-11-17 18:43:26,357 DEBUG    urllib3.connectionpool Starting new HTTPS connection (1): container.googleapis.com:443
2022-11-17 18:43:26,653 DEBUG    urllib3.connectionpool https://container.googleapis.com:443 "GET /v1/projects/cloud-dev-112233/locations/europe-west3-b/operations/operation-1668706836886-7746cdef?alt=json HTTP/1.1" 200 None
2022-11-17 18:43:31,671 DEBUG    urllib3.connectionpool Starting new HTTPS connection (1): container.googleapis.com:443
2022-11-17 18:43:31,930 DEBUG    urllib3.connectionpool https://container.googleapis.com:443 "GET /v1/projects/cloud-dev-112233/locations/europe-west3-b/operations/operation-1668706836886-7746cdef?alt=json HTTP/1.1" 200 None
2022-11-17 18:43:36,963 DEBUG    urllib3.connectionpool Starting new HTTPS connection (1): container.googleapis.com:443
2022-11-17 18:43:39,215 DEBUG    urllib3.connectionpool https://container.googleapis.com:443 "GET /v1/projects/cloud-dev-112233/locations/europe-west3-b/operations/operation-1668706836886-7746cdef?alt=json HTTP/1.1" 200 None
2022-11-17 18:43:44,247 DEBUG    urllib3.connectionpool Starting new HTTPS connection (1): container.googleapis.com:443
2022-11-17 18:43:44,669 DEBUG    urllib3.connectionpool https://container.googleapis.com:443 "GET /v1/projects/cloud-dev-112233/locations/europe-west3-b/operations/operation-1668706836886-7746cdef?alt=json HTTP/1.1" 200 None
2022-11-17 18:43:49,706 DEBUG    urllib3.connectionpool Starting new HTTPS connection (1): container.googleapis.com:443
2022-11-17 18:43:49,972 DEBUG    urllib3.connectionpool https://container.googleapis.com:443 "GET /v1/projects/cloud-dev-112233/locations/europe-west3-b/operations/operation-1668706836886-7746cdef?alt=json HTTP/1.1" 200 None
2022-11-17 18:43:54,983 DEBUG    urllib3.connectionpool Starting new HTTPS connection (1): container.googleapis.com:443
2022-11-17 18:43:55,262 DEBUG    urllib3.connectionpool https://container.googleapis.com:443 "GET /v1/projects/cloud-dev-112233/locations/europe-west3-b/operations/operation-1668706836886-7746cdef?alt=json HTTP/1.1" 200 None
2022-11-17 18:44:00,280 DEBUG    urllib3.connectionpool Starting new HTTPS connection (1): container.googleapis.com:443
2022-11-17 18:44:00,538 DEBUG    urllib3.connectionpool https://container.googleapis.com:443 "GET /v1/projects/cloud-dev-112233/locations/europe-west3-b/operations/operation-1668706836886-7746cdef?alt=json HTTP/1.1" 200 None
2022-11-17 18:44:05,558 DEBUG    urllib3.connectionpool Starting new HTTPS connection (1): container.googleapis.com:443
2022-11-17 18:44:06,037 DEBUG    urllib3.connectionpool https://container.googleapis.com:443 "GET /v1/projects/cloud-dev-112233/locations/europe-west3-b/operations/operation-1668706836886-7746cdef?alt=json HTTP/1.1" 200 None
2022-11-17 18:44:11,055 DEBUG    urllib3.connectionpool Starting new HTTPS connection (1): container.googleapis.com:443
2022-11-17 18:44:11,423 DEBUG    urllib3.connectionpool https://container.googleapis.com:443 "GET /v1/projects/cloud-dev-112233/locations/europe-west3-b/operations/operation-1668706836886-7746cdef?alt=json HTTP/1.1" 200 None
2022-11-17 18:44:16,444 DEBUG    urllib3.connectionpool Starting new HTTPS connection (1): container.googleapis.com:443
2022-11-17 18:44:17,085 DEBUG    urllib3.connectionpool https://container.googleapis.com:443 "GET /v1/projects/cloud-dev-112233/locations/europe-west3-b/operations/operation-1668706836886-7746cdef?alt=json HTTP/1.1" 200 None
2022-11-17 18:44:22,103 DEBUG    urllib3.connectionpool Starting new HTTPS connection (1): container.googleapis.com:443
2022-11-17 18:44:22,633 DEBUG    urllib3.connectionpool https://container.googleapis.com:443 "GET /v1/projects/cloud-dev-112233/locations/europe-west3-b/operations/operation-1668706836886-7746cdef?alt=json HTTP/1.1" 200 None
2022-11-17 18:44:27,655 DEBUG    urllib3.connectionpool Starting new HTTPS connection (1): container.googleapis.com:443
2022-11-17 18:44:28,060 DEBUG    urllib3.connectionpool https://container.googleapis.com:443 "GET /v1/projects/cloud-dev-112233/locations/europe-west3-b/operations/operation-1668706836886-7746cdef?alt=json HTTP/1.1" 200 None
2022-11-17 18:44:28,068 INFO     root            Operation <Operation
 clusterConditions: []
 endTime: '2022-11-17T17:44:24.511220211Z'
 name: 'operation-1668706836886-7746cdef'
 nodepoolConditions: []
 operationType: OperationTypeValueValuesEnum(CREATE_CLUSTER, 1)
 progress: <OperationProgress
 metrics: [<Metric
 intValue: 4
 name: 'CLUSTER_CONFIGURING'>, <Metric
 intValue: 4
 name: 'CLUSTER_CONFIGURING_TOTAL'>, <Metric
 intValue: 7
 name: 'CLUSTER_DEPLOYING'>, <Metric
 intValue: 7
 name: 'CLUSTER_DEPLOYING_TOTAL'>, <Metric
 intValue: 1
 name: 'CLUSTER_HEALTHCHECKING'>, <Metric
 intValue: 2
 name: 'CLUSTER_HEALTHCHECKING_TOTAL'>]
 stages: []>
 selfLink: 'https://container.googleapis.com/v1/projects/166042509722/zones/europe-west3-b/operations/operation-1668706836886-7746cdef'
 startTime: '2022-11-17T17:40:36.886334894Z'
 status: StatusValueValuesEnum(DONE, 3)
 targetLink: 'https://container.googleapis.com/v1/projects/166042509722/zones/europe-west3-b/clusters/inel-26321'
 zone: 'europe-west3-b'> succeeded after 231.127 seconds
2022-11-17 18:44:28,103 DEBUG    urllib3.connectionpool Starting new HTTPS connection (1): container.googleapis.com:443
2022-11-17 18:44:28,555 DEBUG    urllib3.connectionpool https://container.googleapis.com:443 "GET /v1/projects/cloud-dev-112233/locations/europe-west3-b/clusters/inel-26321?alt=json HTTP/1.1" 200 None
2022-11-17 18:44:28,576 INFO     ___FILE_ONLY___ Created [https://container.googleapis.com/v1/projects/cloud-dev-112233/zones/europe-west3-b/clusters/inel-26321].

2022-11-17 18:44:28,577 INFO     ___FILE_ONLY___ To inspect the contents of your cluster, go to: https://console.cloud.google.com/kubernetes/workload_/gcloud/europe-west3-b/inel-26321?project=cloud-dev-112233

2022-11-17 18:44:28,803 DEBUG    root            Saved kubeconfig to /Users/inelpandzic/.kube/config
2022-11-17 18:44:28,803 INFO     ___FILE_ONLY___ kubeconfig entry generated for inel-26321.

2022-11-17 18:44:28,807 INFO     root            Display format: "
    table(
        name,
        zone:label=LOCATION,
        master_version():label=MASTER_VERSION,
        endpoint:label=MASTER_IP,
        nodePools[0].config.machineType,
        currentNodeVersion:label=NODE_VERSION,
        firstof(currentNodeCount,initialNodeCount):label=NUM_NODES,
        status
    )
"
2022-11-17 18:44:28,812 INFO     ___FILE_ONLY___ NAME
2022-11-17 18:44:28,813 INFO     ___FILE_ONLY___         
2022-11-17 18:44:28,813 INFO     ___FILE_ONLY___ LOCATION
2022-11-17 18:44:28,813 INFO     ___FILE_ONLY___         
2022-11-17 18:44:28,813 INFO     ___FILE_ONLY___ MASTER_VERSION
2022-11-17 18:44:28,813 INFO     ___FILE_ONLY___     
2022-11-17 18:44:28,813 INFO     ___FILE_ONLY___ MASTER_IP
2022-11-17 18:44:28,813 INFO     ___FILE_ONLY___      
2022-11-17 18:44:28,813 INFO     ___FILE_ONLY___ MACHINE_TYPE
2022-11-17 18:44:28,813 INFO     ___FILE_ONLY___    
2022-11-17 18:44:28,813 INFO     ___FILE_ONLY___ NODE_VERSION
2022-11-17 18:44:28,813 INFO     ___FILE_ONLY___       
2022-11-17 18:44:28,813 INFO     ___FILE_ONLY___ NUM_NODES
2022-11-17 18:44:28,813 INFO     ___FILE_ONLY___   
2022-11-17 18:44:28,813 INFO     ___FILE_ONLY___ STATUS
2022-11-17 18:44:28,814 INFO     ___FILE_ONLY___ 

2022-11-17 18:44:28,814 INFO     ___FILE_ONLY___ inel-26321
2022-11-17 18:44:28,814 INFO     ___FILE_ONLY___   
2022-11-17 18:44:28,814 INFO     ___FILE_ONLY___ europe-west3-b
2022-11-17 18:44:28,814 INFO     ___FILE_ONLY___   
2022-11-17 18:44:28,814 INFO     ___FILE_ONLY___ 1.21.14-gke.9500
2022-11-17 18:44:28,814 INFO     ___FILE_ONLY___   
2022-11-17 18:44:28,814 INFO     ___FILE_ONLY___ 34.89.227.23
2022-11-17 18:44:28,814 INFO     ___FILE_ONLY___   
2022-11-17 18:44:28,814 INFO     ___FILE_ONLY___ n1-standard-4
2022-11-17 18:44:28,814 INFO     ___FILE_ONLY___   
2022-11-17 18:44:28,814 INFO     ___FILE_ONLY___ 1.21.14-gke.9500
2022-11-17 18:44:28,814 INFO     ___FILE_ONLY___   
2022-11-17 18:44:28,814 INFO     ___FILE_ONLY___ 3
2022-11-17 18:44:28,814 INFO     ___FILE_ONLY___           
2022-11-17 18:44:28,814 INFO     ___FILE_ONLY___ RUNNING
2022-11-17 18:44:28,815 INFO     ___FILE_ONLY___ 

2022-11-17 18:44:28,827 DEBUG    root            Metrics reporting process started...
