2022-08-04 09:36:50,022 DEBUG    root            Loaded Command Group: ['gcloud', 'config']
2022-08-04 09:36:50,042 DEBUG    root            Loaded Command Group: ['gcloud', 'config', 'config_helper']
2022-08-04 09:36:50,043 DEBUG    root            Running [gcloud.config.config-helper] with arguments: [--format: "json"]
2022-08-04 09:36:50,070 DEBUG    google.auth.transport.requests Making request: POST https://oauth2.googleapis.com/token
2022-08-04 09:36:50,081 DEBUG    urllib3.connectionpool Starting new HTTPS connection (1): oauth2.googleapis.com:443
2022-08-04 09:36:50,252 DEBUG    urllib3.connectionpool https://oauth2.googleapis.com:443 "POST /token HTTP/1.1" 200 None
2022-08-04 09:36:50,263 INFO     root            Display format: "default json"
2022-08-04 09:36:50,263 INFO     ___FILE_ONLY___ {
  "configuration": {
    "active_configuration": "percona-cloud-dev",
    "properties": {
      "core": {
        "account": "inel.pandzic@percona.com",
        "disable_usage_reporting": "False",
        "project": "cloud-dev-112233"
      }
    }
  },
  "credential": {
    "access_token": "ya29.A0AVA9y1vRnYySB_9xiv_obLegkim_dz_b-RxZf-BXV23vcvTaWhyazVXqeNU2-u-yakl2H-A8YD5t1UwmUDORXYzJxeRFwLyPP9qPK3lafSsoMx2LyO5V3sxzyZ0bM81xHoVFOJahpU_Qlzbp-PLUGqvLcP0W-mLFJBUlLKAYUNnWUtBVEFTQVRBU0ZRRTY1ZHI4Z29mQndndzFOMVpTei1fMGRTcE1idw0174",
    "id_token": "eyJhbGciOiJSUzI1NiIsImtpZCI6IjE1NDllMGFlZjU3NGQxYzdiZGQxMzZjMjAyYjhkMjkwNTgwYjE2NWMiLCJ0eXAiOiJKV1QifQ.eyJpc3MiOiJodHRwczovL2FjY291bnRzLmdvb2dsZS5jb20iLCJhenAiOiIzMjU1NTk0MDU1OS5hcHBzLmdvb2dsZXVzZXJjb250ZW50LmNvbSIsImF1ZCI6IjMyNTU1OTQwNTU5LmFwcHMuZ29vZ2xldXNlcmNvbnRlbnQuY29tIiwic3ViIjoiMTA3NDA5ODEzMzQ0NTU5NDQzNDA3IiwiaGQiOiJwZXJjb25hLmNvbSIsImVtYWlsIjoiaW5lbC5wYW5kemljQHBlcmNvbmEuY29tIiwiZW1haWxfdmVyaWZpZWQiOnRydWUsImF0X2hhc2giOiJkaWpweHUybTJjNncwNGZGNF9mMVhRIiwiaWF0IjoxNjU5NTk4NjEwLCJleHAiOjE2NTk2MDIyMTB9.SWk3z_DepDvYeA1C8H8BKh9aNd31HNE0gAzpCjw57PivhZbyEoeNTMTpggFTwrtACoUw3RqlW4wTbXGxQZubLkd1XHhJ2VMAHPJhAoSthE5ouaKMD2zPvOVpdPzL1WMGUDgb_z-1jPM0FhlsAxds0PKTan8mUGgIEsBqAsbME9GbU5c2S8G2n_i3HTtZR0IlNrQX0l-m33HL1zUeDTkf8n80oIcv3kqgjaQoaz_orOJSD91k6rbgvmlegeCiVtq1FBF6gefDmyzD7M1u6zFDMbPlTcprwIk0_EEwPFxvqALdXcR9ibfz2L3f26oeEl5C6MT5Eqkx0O3aX0_cmrv9sA",
    "token_expiry": "2022-08-04T08:36:49Z"
  },
  "sentinels": {
    "config_sentinel": "/Users/inelpandzic/.config/gcloud/config_sentinel"
  }
}
2022-08-04 09:36:50,263 INFO     ___FILE_ONLY___ 

2022-08-04 09:36:50,265 DEBUG    root            Checking for updates...
2022-08-04 09:36:50,276 DEBUG    urllib3.connectionpool Starting new HTTPS connection (1): dl.google.com:443
2022-08-04 09:36:50,436 DEBUG    urllib3.connectionpool https://dl.google.com:443 "GET /dl/cloudsdk/channels/rapid/components-2.json HTTP/1.1" 200 201562
2022-08-04 09:36:50,517 DEBUG    root            Metrics reporting process started...
