2022-08-08 06:38:03,429 DEBUG    root            Loaded Command Group: ['gcloud', 'container', 'clusters']
2022-08-08 06:38:03,437 DEBUG    root            Loaded Command Group: ['gcloud', 'container', 'clusters', 'create']
2022-08-08 06:38:03,459 DEBUG    root            Running [gcloud.container.clusters.create] with arguments: [--cluster-version: "1.21", --machine-type: "n1-standard-4", --num-nodes: "3", --preemptible: "True", --zone: "europe-west3-b", NAME: "inel-10856"]
2022-08-08 06:38:03,462 INFO     ___FILE_ONLY___ Default change: VPC-native is the default mode during cluster creation for versions greater than 1.21.0-gke.1500. To create advanced routes based clusters, please pass the `--no-enable-ip-alias` flag

2022-08-08 06:38:03,463 INFO     ___FILE_ONLY___ Note: Your Pod address range (`--cluster-ipv4-cidr`) can accommodate at most 1008 node(s).

2022-08-08 06:38:03,468 DEBUG    urllib3.connectionpool Starting new HTTPS connection (1): container.googleapis.com:443
2022-08-08 06:38:06,706 DEBUG    urllib3.connectionpool https://container.googleapis.com:443 "POST /v1/projects/cloud-dev-112233/locations/europe-west3-b/clusters?alt=json HTTP/1.1" 200 None
2022-08-08 06:38:06,717 INFO     ___FILE_ONLY___ Creating cluster inel-10856 in europe-west3-b...
2022-08-08 06:38:06,743 DEBUG    urllib3.connectionpool Starting new HTTPS connection (1): container.googleapis.com:443
2022-08-08 06:38:07,013 DEBUG    urllib3.connectionpool https://container.googleapis.com:443 "GET /v1/projects/cloud-dev-112233/locations/europe-west3-b/operations/operation-1659933486756-220c9e8c?alt=json HTTP/1.1" 200 None
2022-08-08 06:38:12,039 DEBUG    urllib3.connectionpool Starting new HTTPS connection (1): container.googleapis.com:443
2022-08-08 06:38:12,317 DEBUG    urllib3.connectionpool https://container.googleapis.com:443 "GET /v1/projects/cloud-dev-112233/locations/europe-west3-b/operations/operation-1659933486756-220c9e8c?alt=json HTTP/1.1" 200 None
2022-08-08 06:38:17,348 DEBUG    urllib3.connectionpool Starting new HTTPS connection (1): container.googleapis.com:443
2022-08-08 06:38:17,614 DEBUG    urllib3.connectionpool https://container.googleapis.com:443 "GET /v1/projects/cloud-dev-112233/locations/europe-west3-b/operations/operation-1659933486756-220c9e8c?alt=json HTTP/1.1" 200 None
2022-08-08 06:38:22,630 DEBUG    urllib3.connectionpool Starting new HTTPS connection (1): container.googleapis.com:443
2022-08-08 06:38:22,856 DEBUG    urllib3.connectionpool https://container.googleapis.com:443 "GET /v1/projects/cloud-dev-112233/locations/europe-west3-b/operations/operation-1659933486756-220c9e8c?alt=json HTTP/1.1" 200 None
2022-08-08 06:38:27,892 DEBUG    urllib3.connectionpool Starting new HTTPS connection (1): container.googleapis.com:443
2022-08-08 06:38:28,140 DEBUG    urllib3.connectionpool https://container.googleapis.com:443 "GET /v1/projects/cloud-dev-112233/locations/europe-west3-b/operations/operation-1659933486756-220c9e8c?alt=json HTTP/1.1" 200 None
2022-08-08 06:38:33,167 DEBUG    urllib3.connectionpool Starting new HTTPS connection (1): container.googleapis.com:443
2022-08-08 06:38:33,423 DEBUG    urllib3.connectionpool https://container.googleapis.com:443 "GET /v1/projects/cloud-dev-112233/locations/europe-west3-b/operations/operation-1659933486756-220c9e8c?alt=json HTTP/1.1" 200 None
2022-08-08 06:38:38,445 DEBUG    urllib3.connectionpool Starting new HTTPS connection (1): container.googleapis.com:443
2022-08-08 06:38:38,681 DEBUG    urllib3.connectionpool https://container.googleapis.com:443 "GET /v1/projects/cloud-dev-112233/locations/europe-west3-b/operations/operation-1659933486756-220c9e8c?alt=json HTTP/1.1" 200 None
2022-08-08 06:38:43,703 DEBUG    urllib3.connectionpool Starting new HTTPS connection (1): container.googleapis.com:443
2022-08-08 06:38:43,969 DEBUG    urllib3.connectionpool https://container.googleapis.com:443 "GET /v1/projects/cloud-dev-112233/locations/europe-west3-b/operations/operation-1659933486756-220c9e8c?alt=json HTTP/1.1" 200 None
2022-08-08 06:38:48,993 DEBUG    urllib3.connectionpool Starting new HTTPS connection (1): container.googleapis.com:443
2022-08-08 06:38:49,256 DEBUG    urllib3.connectionpool https://container.googleapis.com:443 "GET /v1/projects/cloud-dev-112233/locations/europe-west3-b/operations/operation-1659933486756-220c9e8c?alt=json HTTP/1.1" 200 None
2022-08-08 06:38:54,276 DEBUG    urllib3.connectionpool Starting new HTTPS connection (1): container.googleapis.com:443
2022-08-08 06:38:54,541 DEBUG    urllib3.connectionpool https://container.googleapis.com:443 "GET /v1/projects/cloud-dev-112233/locations/europe-west3-b/operations/operation-1659933486756-220c9e8c?alt=json HTTP/1.1" 200 None
2022-08-08 06:38:59,563 DEBUG    urllib3.connectionpool Starting new HTTPS connection (1): container.googleapis.com:443
2022-08-08 06:38:59,788 DEBUG    urllib3.connectionpool https://container.googleapis.com:443 "GET /v1/projects/cloud-dev-112233/locations/europe-west3-b/operations/operation-1659933486756-220c9e8c?alt=json HTTP/1.1" 200 None
2022-08-08 06:39:04,808 DEBUG    urllib3.connectionpool Starting new HTTPS connection (1): container.googleapis.com:443
2022-08-08 06:39:05,059 DEBUG    urllib3.connectionpool https://container.googleapis.com:443 "GET /v1/projects/cloud-dev-112233/locations/europe-west3-b/operations/operation-1659933486756-220c9e8c?alt=json HTTP/1.1" 200 None
2022-08-08 06:39:10,078 DEBUG    urllib3.connectionpool Starting new HTTPS connection (1): container.googleapis.com:443
2022-08-08 06:39:10,341 DEBUG    urllib3.connectionpool https://container.googleapis.com:443 "GET /v1/projects/cloud-dev-112233/locations/europe-west3-b/operations/operation-1659933486756-220c9e8c?alt=json HTTP/1.1" 200 None
2022-08-08 06:39:15,361 DEBUG    urllib3.connectionpool Starting new HTTPS connection (1): container.googleapis.com:443
2022-08-08 06:39:15,603 DEBUG    urllib3.connectionpool https://container.googleapis.com:443 "GET /v1/projects/cloud-dev-112233/locations/europe-west3-b/operations/operation-1659933486756-220c9e8c?alt=json HTTP/1.1" 200 None
2022-08-08 06:39:20,622 DEBUG    urllib3.connectionpool Starting new HTTPS connection (1): container.googleapis.com:443
2022-08-08 06:39:20,861 DEBUG    urllib3.connectionpool https://container.googleapis.com:443 "GET /v1/projects/cloud-dev-112233/locations/europe-west3-b/operations/operation-1659933486756-220c9e8c?alt=json HTTP/1.1" 200 None
2022-08-08 06:39:25,898 DEBUG    urllib3.connectionpool Starting new HTTPS connection (1): container.googleapis.com:443
2022-08-08 06:39:26,142 DEBUG    urllib3.connectionpool https://container.googleapis.com:443 "GET /v1/projects/cloud-dev-112233/locations/europe-west3-b/operations/operation-1659933486756-220c9e8c?alt=json HTTP/1.1" 200 None
2022-08-08 06:39:31,152 DEBUG    urllib3.connectionpool Starting new HTTPS connection (1): container.googleapis.com:443
2022-08-08 06:39:31,385 DEBUG    urllib3.connectionpool https://container.googleapis.com:443 "GET /v1/projects/cloud-dev-112233/locations/europe-west3-b/operations/operation-1659933486756-220c9e8c?alt=json HTTP/1.1" 200 None
2022-08-08 06:39:36,403 DEBUG    urllib3.connectionpool Starting new HTTPS connection (1): container.googleapis.com:443
2022-08-08 06:39:36,668 DEBUG    urllib3.connectionpool https://container.googleapis.com:443 "GET /v1/projects/cloud-dev-112233/locations/europe-west3-b/operations/operation-1659933486756-220c9e8c?alt=json HTTP/1.1" 200 None
2022-08-08 06:39:41,683 DEBUG    urllib3.connectionpool Starting new HTTPS connection (1): container.googleapis.com:443
2022-08-08 06:39:41,915 DEBUG    urllib3.connectionpool https://container.googleapis.com:443 "GET /v1/projects/cloud-dev-112233/locations/europe-west3-b/operations/operation-1659933486756-220c9e8c?alt=json HTTP/1.1" 200 None
2022-08-08 06:39:46,934 DEBUG    urllib3.connectionpool Starting new HTTPS connection (1): container.googleapis.com:443
2022-08-08 06:39:47,170 DEBUG    urllib3.connectionpool https://container.googleapis.com:443 "GET /v1/projects/cloud-dev-112233/locations/europe-west3-b/operations/operation-1659933486756-220c9e8c?alt=json HTTP/1.1" 200 None
2022-08-08 06:39:52,199 DEBUG    urllib3.connectionpool Starting new HTTPS connection (1): container.googleapis.com:443
2022-08-08 06:39:52,464 DEBUG    urllib3.connectionpool https://container.googleapis.com:443 "GET /v1/projects/cloud-dev-112233/locations/europe-west3-b/operations/operation-1659933486756-220c9e8c?alt=json HTTP/1.1" 200 None
2022-08-08 06:39:57,484 DEBUG    urllib3.connectionpool Starting new HTTPS connection (1): container.googleapis.com:443
2022-08-08 06:39:57,713 DEBUG    urllib3.connectionpool https://container.googleapis.com:443 "GET /v1/projects/cloud-dev-112233/locations/europe-west3-b/operations/operation-1659933486756-220c9e8c?alt=json HTTP/1.1" 200 None
2022-08-08 06:40:02,733 DEBUG    urllib3.connectionpool Starting new HTTPS connection (1): container.googleapis.com:443
2022-08-08 06:40:02,992 DEBUG    urllib3.connectionpool https://container.googleapis.com:443 "GET /v1/projects/cloud-dev-112233/locations/europe-west3-b/operations/operation-1659933486756-220c9e8c?alt=json HTTP/1.1" 200 None
2022-08-08 06:40:08,013 DEBUG    urllib3.connectionpool Starting new HTTPS connection (1): container.googleapis.com:443
2022-08-08 06:40:08,274 DEBUG    urllib3.connectionpool https://container.googleapis.com:443 "GET /v1/projects/cloud-dev-112233/locations/europe-west3-b/operations/operation-1659933486756-220c9e8c?alt=json HTTP/1.1" 200 None
2022-08-08 06:40:13,299 DEBUG    urllib3.connectionpool Starting new HTTPS connection (1): container.googleapis.com:443
2022-08-08 06:40:13,562 DEBUG    urllib3.connectionpool https://container.googleapis.com:443 "GET /v1/projects/cloud-dev-112233/locations/europe-west3-b/operations/operation-1659933486756-220c9e8c?alt=json HTTP/1.1" 200 None
2022-08-08 06:40:18,585 DEBUG    urllib3.connectionpool Starting new HTTPS connection (1): container.googleapis.com:443
2022-08-08 06:40:18,821 DEBUG    urllib3.connectionpool https://container.googleapis.com:443 "GET /v1/projects/cloud-dev-112233/locations/europe-west3-b/operations/operation-1659933486756-220c9e8c?alt=json HTTP/1.1" 200 None
2022-08-08 06:40:23,848 DEBUG    urllib3.connectionpool Starting new HTTPS connection (1): container.googleapis.com:443
2022-08-08 06:40:24,107 DEBUG    urllib3.connectionpool https://container.googleapis.com:443 "GET /v1/projects/cloud-dev-112233/locations/europe-west3-b/operations/operation-1659933486756-220c9e8c?alt=json HTTP/1.1" 200 None
2022-08-08 06:40:29,129 DEBUG    urllib3.connectionpool Starting new HTTPS connection (1): container.googleapis.com:443
2022-08-08 06:40:29,386 DEBUG    urllib3.connectionpool https://container.googleapis.com:443 "GET /v1/projects/cloud-dev-112233/locations/europe-west3-b/operations/operation-1659933486756-220c9e8c?alt=json HTTP/1.1" 200 None
2022-08-08 06:40:34,406 DEBUG    urllib3.connectionpool Starting new HTTPS connection (1): container.googleapis.com:443
2022-08-08 06:40:34,662 DEBUG    urllib3.connectionpool https://container.googleapis.com:443 "GET /v1/projects/cloud-dev-112233/locations/europe-west3-b/operations/operation-1659933486756-220c9e8c?alt=json HTTP/1.1" 200 None
2022-08-08 06:40:39,683 DEBUG    urllib3.connectionpool Starting new HTTPS connection (1): container.googleapis.com:443
2022-08-08 06:40:39,940 DEBUG    urllib3.connectionpool https://container.googleapis.com:443 "GET /v1/projects/cloud-dev-112233/locations/europe-west3-b/operations/operation-1659933486756-220c9e8c?alt=json HTTP/1.1" 200 None
2022-08-08 06:40:44,964 DEBUG    urllib3.connectionpool Starting new HTTPS connection (1): container.googleapis.com:443
2022-08-08 06:40:45,224 DEBUG    urllib3.connectionpool https://container.googleapis.com:443 "GET /v1/projects/cloud-dev-112233/locations/europe-west3-b/operations/operation-1659933486756-220c9e8c?alt=json HTTP/1.1" 200 None
2022-08-08 06:40:50,239 DEBUG    urllib3.connectionpool Starting new HTTPS connection (1): container.googleapis.com:443
2022-08-08 06:40:50,467 DEBUG    urllib3.connectionpool https://container.googleapis.com:443 "GET /v1/projects/cloud-dev-112233/locations/europe-west3-b/operations/operation-1659933486756-220c9e8c?alt=json HTTP/1.1" 200 None
2022-08-08 06:40:55,486 DEBUG    urllib3.connectionpool Starting new HTTPS connection (1): container.googleapis.com:443
2022-08-08 06:40:55,726 DEBUG    urllib3.connectionpool https://container.googleapis.com:443 "GET /v1/projects/cloud-dev-112233/locations/europe-west3-b/operations/operation-1659933486756-220c9e8c?alt=json HTTP/1.1" 200 None
2022-08-08 06:41:00,754 DEBUG    urllib3.connectionpool Starting new HTTPS connection (1): container.googleapis.com:443
2022-08-08 06:41:01,020 DEBUG    urllib3.connectionpool https://container.googleapis.com:443 "GET /v1/projects/cloud-dev-112233/locations/europe-west3-b/operations/operation-1659933486756-220c9e8c?alt=json HTTP/1.1" 200 None
2022-08-08 06:41:06,037 DEBUG    urllib3.connectionpool Starting new HTTPS connection (1): container.googleapis.com:443
2022-08-08 06:41:06,291 DEBUG    urllib3.connectionpool https://container.googleapis.com:443 "GET /v1/projects/cloud-dev-112233/locations/europe-west3-b/operations/operation-1659933486756-220c9e8c?alt=json HTTP/1.1" 200 None
2022-08-08 06:41:11,308 DEBUG    urllib3.connectionpool Starting new HTTPS connection (1): container.googleapis.com:443
2022-08-08 06:41:11,551 DEBUG    urllib3.connectionpool https://container.googleapis.com:443 "GET /v1/projects/cloud-dev-112233/locations/europe-west3-b/operations/operation-1659933486756-220c9e8c?alt=json HTTP/1.1" 200 None
2022-08-08 06:41:16,570 DEBUG    urllib3.connectionpool Starting new HTTPS connection (1): container.googleapis.com:443
2022-08-08 06:41:16,833 DEBUG    urllib3.connectionpool https://container.googleapis.com:443 "GET /v1/projects/cloud-dev-112233/locations/europe-west3-b/operations/operation-1659933486756-220c9e8c?alt=json HTTP/1.1" 200 None
2022-08-08 06:41:21,876 DEBUG    urllib3.connectionpool Starting new HTTPS connection (1): container.googleapis.com:443
2022-08-08 06:41:22,146 DEBUG    urllib3.connectionpool https://container.googleapis.com:443 "GET /v1/projects/cloud-dev-112233/locations/europe-west3-b/operations/operation-1659933486756-220c9e8c?alt=json HTTP/1.1" 200 None
2022-08-08 06:41:27,162 DEBUG    urllib3.connectionpool Starting new HTTPS connection (1): container.googleapis.com:443
2022-08-08 06:41:27,427 DEBUG    urllib3.connectionpool https://container.googleapis.com:443 "GET /v1/projects/cloud-dev-112233/locations/europe-west3-b/operations/operation-1659933486756-220c9e8c?alt=json HTTP/1.1" 200 None
2022-08-08 06:41:32,449 DEBUG    urllib3.connectionpool Starting new HTTPS connection (1): container.googleapis.com:443
2022-08-08 06:41:32,682 DEBUG    urllib3.connectionpool https://container.googleapis.com:443 "GET /v1/projects/cloud-dev-112233/locations/europe-west3-b/operations/operation-1659933486756-220c9e8c?alt=json HTTP/1.1" 200 None
2022-08-08 06:41:37,698 DEBUG    urllib3.connectionpool Starting new HTTPS connection (1): container.googleapis.com:443
2022-08-08 06:41:37,957 DEBUG    urllib3.connectionpool https://container.googleapis.com:443 "GET /v1/projects/cloud-dev-112233/locations/europe-west3-b/operations/operation-1659933486756-220c9e8c?alt=json HTTP/1.1" 200 None
2022-08-08 06:41:42,976 DEBUG    urllib3.connectionpool Starting new HTTPS connection (1): container.googleapis.com:443
2022-08-08 06:41:43,206 DEBUG    urllib3.connectionpool https://container.googleapis.com:443 "GET /v1/projects/cloud-dev-112233/locations/europe-west3-b/operations/operation-1659933486756-220c9e8c?alt=json HTTP/1.1" 200 None
2022-08-08 06:41:48,228 DEBUG    urllib3.connectionpool Starting new HTTPS connection (1): container.googleapis.com:443
2022-08-08 06:41:48,487 DEBUG    urllib3.connectionpool https://container.googleapis.com:443 "GET /v1/projects/cloud-dev-112233/locations/europe-west3-b/operations/operation-1659933486756-220c9e8c?alt=json HTTP/1.1" 200 None
2022-08-08 06:41:48,495 INFO     root            Operation <Operation
 clusterConditions: []
 endTime: '2022-08-08T04:41:43.906452884Z'
 name: 'operation-1659933486756-220c9e8c'
 nodepoolConditions: []
 operationType: OperationTypeValueValuesEnum(CREATE_CLUSTER, 1)
 progress: <OperationProgress
 metrics: [<Metric
 intValue: 4
 name: 'CLUSTER_CONFIGURING'>, <Metric
 intValue: 4
 name: 'CLUSTER_CONFIGURING_TOTAL'>, <Metric
 intValue: 7
 name: 'CLUSTER_DEPLOYING'>, <Metric
 intValue: 7
 name: 'CLUSTER_DEPLOYING_TOTAL'>, <Metric
 intValue: 1
 name: 'CLUSTER_HEALTHCHECKING'>, <Metric
 intValue: 2
 name: 'CLUSTER_HEALTHCHECKING_TOTAL'>]
 stages: []>
 selfLink: 'https://container.googleapis.com/v1/projects/166042509722/zones/europe-west3-b/operations/operation-1659933486756-220c9e8c'
 startTime: '2022-08-08T04:38:06.75619777Z'
 status: StatusValueValuesEnum(DONE, 3)
 targetLink: 'https://container.googleapis.com/v1/projects/166042509722/zones/europe-west3-b/clusters/inel-10856'
 zone: 'europe-west3-b'> succeeded after 221.769 seconds
2022-08-08 06:41:48,684 DEBUG    urllib3.connectionpool Starting new HTTPS connection (1): container.googleapis.com:443
2022-08-08 06:41:48,933 DEBUG    urllib3.connectionpool https://container.googleapis.com:443 "GET /v1/projects/cloud-dev-112233/locations/europe-west3-b/clusters/inel-10856?alt=json HTTP/1.1" 200 None
2022-08-08 06:41:48,956 INFO     ___FILE_ONLY___ Created [https://container.googleapis.com/v1/projects/cloud-dev-112233/zones/europe-west3-b/clusters/inel-10856].

2022-08-08 06:41:48,957 INFO     ___FILE_ONLY___ To inspect the contents of your cluster, go to: https://console.cloud.google.com/kubernetes/workload_/gcloud/europe-west3-b/inel-10856?project=cloud-dev-112233

2022-08-08 06:41:49,106 DEBUG    root            Saved kubeconfig to /Users/inelpandzic/.kube/config
2022-08-08 06:41:49,107 INFO     ___FILE_ONLY___ kubeconfig entry generated for inel-10856.

2022-08-08 06:41:49,110 INFO     root            Display format: "
    table(
        name,
        zone:label=LOCATION,
        master_version():label=MASTER_VERSION,
        endpoint:label=MASTER_IP,
        nodePools[0].config.machineType,
        currentNodeVersion:label=NODE_VERSION,
        firstof(currentNodeCount,initialNodeCount):label=NUM_NODES,
        status
    )
"
2022-08-08 06:41:49,114 INFO     ___FILE_ONLY___ NAME
2022-08-08 06:41:49,114 INFO     ___FILE_ONLY___         
2022-08-08 06:41:49,114 INFO     ___FILE_ONLY___ LOCATION
2022-08-08 06:41:49,114 INFO     ___FILE_ONLY___         
2022-08-08 06:41:49,114 INFO     ___FILE_ONLY___ MASTER_VERSION
2022-08-08 06:41:49,114 INFO     ___FILE_ONLY___     
2022-08-08 06:41:49,114 INFO     ___FILE_ONLY___ MASTER_IP
2022-08-08 06:41:49,114 INFO     ___FILE_ONLY___     
2022-08-08 06:41:49,114 INFO     ___FILE_ONLY___ MACHINE_TYPE
2022-08-08 06:41:49,114 INFO     ___FILE_ONLY___    
2022-08-08 06:41:49,114 INFO     ___FILE_ONLY___ NODE_VERSION
2022-08-08 06:41:49,114 INFO     ___FILE_ONLY___       
2022-08-08 06:41:49,114 INFO     ___FILE_ONLY___ NUM_NODES
2022-08-08 06:41:49,114 INFO     ___FILE_ONLY___   
2022-08-08 06:41:49,114 INFO     ___FILE_ONLY___ STATUS
2022-08-08 06:41:49,114 INFO     ___FILE_ONLY___ 

2022-08-08 06:41:49,114 INFO     ___FILE_ONLY___ inel-10856
2022-08-08 06:41:49,114 INFO     ___FILE_ONLY___   
2022-08-08 06:41:49,114 INFO     ___FILE_ONLY___ europe-west3-b
2022-08-08 06:41:49,114 INFO     ___FILE_ONLY___   
2022-08-08 06:41:49,114 INFO     ___FILE_ONLY___ 1.21.14-gke.2100
2022-08-08 06:41:49,114 INFO     ___FILE_ONLY___   
2022-08-08 06:41:49,115 INFO     ___FILE_ONLY___ 35.234.83.8
2022-08-08 06:41:49,115 INFO     ___FILE_ONLY___   
2022-08-08 06:41:49,115 INFO     ___FILE_ONLY___ n1-standard-4
2022-08-08 06:41:49,115 INFO     ___FILE_ONLY___   
2022-08-08 06:41:49,115 INFO     ___FILE_ONLY___ 1.21.14-gke.2100
2022-08-08 06:41:49,115 INFO     ___FILE_ONLY___   
2022-08-08 06:41:49,115 INFO     ___FILE_ONLY___ 3
2022-08-08 06:41:49,115 INFO     ___FILE_ONLY___           
2022-08-08 06:41:49,115 INFO     ___FILE_ONLY___ RUNNING
2022-08-08 06:41:49,115 INFO     ___FILE_ONLY___ 

2022-08-08 06:41:49,136 DEBUG    root            Metrics reporting process started...
