2022-08-08 06:47:54,896 DEBUG    root            Loaded Command Group: ['gcloud', 'container', 'clusters']
2022-08-08 06:47:54,898 DEBUG    root            Loaded Command Group: ['gcloud', 'container', 'clusters', 'list']
2022-08-08 06:47:54,928 DEBUG    root            Running [gcloud.container.clusters.list] with arguments: []
2022-08-08 06:47:54,976 DEBUG    urllib3.connectionpool Starting new HTTPS connection (1): container.googleapis.com:443
2022-08-08 06:47:55,624 DEBUG    urllib3.connectionpool https://container.googleapis.com:443 "GET /v1/projects/cloud-dev-112233/locations/-/clusters?alt=json HTTP/1.1" 200 None
2022-08-08 06:47:55,685 INFO     root            Display format: "
    table(
        name,
        zone:label=LOCATION,
        master_version():label=MASTER_VERSION,
        endpoint:label=MASTER_IP,
        nodePools[0].config.machineType,
        currentNodeVersion:label=NODE_VERSION,
        firstof(currentNodeCount,initialNodeCount):label=NUM_NODES,
        status
    )
"
2022-08-08 06:47:55,705 INFO     ___FILE_ONLY___ NAME
2022-08-08 06:47:55,706 INFO     ___FILE_ONLY___                                 
2022-08-08 06:47:55,706 INFO     ___FILE_ONLY___ LOCATION
2022-08-08 06:47:55,706 INFO     ___FILE_ONLY___         
2022-08-08 06:47:55,706 INFO     ___FILE_ONLY___ MASTER_VERSION
2022-08-08 06:47:55,706 INFO     ___FILE_ONLY___      
2022-08-08 06:47:55,706 INFO     ___FILE_ONLY___ MASTER_IP
2022-08-08 06:47:55,706 INFO     ___FILE_ONLY___        
2022-08-08 06:47:55,706 INFO     ___FILE_ONLY___ MACHINE_TYPE
2022-08-08 06:47:55,706 INFO     ___FILE_ONLY___    
2022-08-08 06:47:55,706 INFO     ___FILE_ONLY___ NODE_VERSION
2022-08-08 06:47:55,706 INFO     ___FILE_ONLY___          
2022-08-08 06:47:55,706 INFO     ___FILE_ONLY___ NUM_NODES
2022-08-08 06:47:55,706 INFO     ___FILE_ONLY___   
2022-08-08 06:47:55,706 INFO     ___FILE_ONLY___ STATUS
2022-08-08 06:47:55,706 INFO     ___FILE_ONLY___ 

2022-08-08 06:47:55,706 INFO     ___FILE_ONLY___ ondrei-32021
2022-08-08 06:47:55,706 INFO     ___FILE_ONLY___                         
2022-08-08 06:47:55,706 INFO     ___FILE_ONLY___ europe-west1-c
2022-08-08 06:47:55,706 INFO     ___FILE_ONLY___   
2022-08-08 06:47:55,706 INFO     ___FILE_ONLY___ 1.21.14-gke.700
2022-08-08 06:47:55,706 INFO     ___FILE_ONLY___     
2022-08-08 06:47:55,706 INFO     ___FILE_ONLY___ 34.77.130.237
2022-08-08 06:47:55,706 INFO     ___FILE_ONLY___    
2022-08-08 06:47:55,706 INFO     ___FILE_ONLY___ n1-standard-4
2022-08-08 06:47:55,706 INFO     ___FILE_ONLY___   
2022-08-08 06:47:55,706 INFO     ___FILE_ONLY___ 1.21.14-gke.700
2022-08-08 06:47:55,706 INFO     ___FILE_ONLY___       
2022-08-08 06:47:55,706 INFO     ___FILE_ONLY___ 3
2022-08-08 06:47:55,706 INFO     ___FILE_ONLY___           
2022-08-08 06:47:55,706 INFO     ___FILE_ONLY___ RUNNING
2022-08-08 06:47:55,706 INFO     ___FILE_ONLY___ 

2022-08-08 06:47:55,706 INFO     ___FILE_ONLY___ plavi-122
2022-08-08 06:47:55,707 INFO     ___FILE_ONLY___                            
2022-08-08 06:47:55,707 INFO     ___FILE_ONLY___ europe-west2-c
2022-08-08 06:47:55,707 INFO     ___FILE_ONLY___   
2022-08-08 06:47:55,707 INFO     ___FILE_ONLY___ 1.22.10-gke.600
2022-08-08 06:47:55,707 INFO     ___FILE_ONLY___     
2022-08-08 06:47:55,707 INFO     ___FILE_ONLY___ 34.89.23.202
2022-08-08 06:47:55,707 INFO     ___FILE_ONLY___     
2022-08-08 06:47:55,707 INFO     ___FILE_ONLY___ n1-standard-4
2022-08-08 06:47:55,707 INFO     ___FILE_ONLY___   
2022-08-08 06:47:55,707 INFO     ___FILE_ONLY___ 1.22.10-gke.600
2022-08-08 06:47:55,707 INFO     ___FILE_ONLY___       
2022-08-08 06:47:55,707 INFO     ___FILE_ONLY___ 3
2022-08-08 06:47:55,707 INFO     ___FILE_ONLY___           
2022-08-08 06:47:55,707 INFO     ___FILE_ONLY___ RUNNING
2022-08-08 06:47:55,707 INFO     ___FILE_ONLY___ 

2022-08-08 06:47:55,707 INFO     ___FILE_ONLY___ ege-3097
2022-08-08 06:47:55,707 INFO     ___FILE_ONLY___                             
2022-08-08 06:47:55,707 INFO     ___FILE_ONLY___ europe-west3
2022-08-08 06:47:55,707 INFO     ___FILE_ONLY___     
2022-08-08 06:47:55,707 INFO     ___FILE_ONLY___ 1.24.2-gke.1900
2022-08-08 06:47:55,707 INFO     ___FILE_ONLY___     
2022-08-08 06:47:55,707 INFO     ___FILE_ONLY___ 34.89.167.113
2022-08-08 06:47:55,707 INFO     ___FILE_ONLY___    
2022-08-08 06:47:55,707 INFO     ___FILE_ONLY___ n1-standard-4
2022-08-08 06:47:55,707 INFO     ___FILE_ONLY___   
2022-08-08 06:47:55,707 INFO     ___FILE_ONLY___ 1.24.2-gke.1900
2022-08-08 06:47:55,707 INFO     ___FILE_ONLY___       
2022-08-08 06:47:55,707 INFO     ___FILE_ONLY___ 3
2022-08-08 06:47:55,707 INFO     ___FILE_ONLY___           
2022-08-08 06:47:55,707 INFO     ___FILE_ONLY___ RUNNING
2022-08-08 06:47:55,707 INFO     ___FILE_ONLY___ 

2022-08-08 06:47:55,707 INFO     ___FILE_ONLY___ slava-pxc
2022-08-08 06:47:55,707 INFO     ___FILE_ONLY___                            
2022-08-08 06:47:55,707 INFO     ___FILE_ONLY___ europe-west3-a
2022-08-08 06:47:55,707 INFO     ___FILE_ONLY___   
2022-08-08 06:47:55,707 INFO     ___FILE_ONLY___ 1.23.8-gke.1900
2022-08-08 06:47:55,707 INFO     ___FILE_ONLY___     
2022-08-08 06:47:55,708 INFO     ___FILE_ONLY___ 35.234.70.108
2022-08-08 06:47:55,708 INFO     ___FILE_ONLY___    
2022-08-08 06:47:55,708 INFO     ___FILE_ONLY___ n1-standard-4
2022-08-08 06:47:55,708 INFO     ___FILE_ONLY___   
2022-08-08 06:47:55,708 INFO     ___FILE_ONLY___ 1.23.8-gke.1900
2022-08-08 06:47:55,708 INFO     ___FILE_ONLY___       
2022-08-08 06:47:55,708 INFO     ___FILE_ONLY___ 3
2022-08-08 06:47:55,708 INFO     ___FILE_ONLY___           
2022-08-08 06:47:55,708 INFO     ___FILE_ONLY___ RUNNING
2022-08-08 06:47:55,708 INFO     ___FILE_ONLY___ 

2022-08-08 06:47:55,708 INFO     ___FILE_ONLY___ inel-10856
2022-08-08 06:47:55,708 INFO     ___FILE_ONLY___                           
2022-08-08 06:47:55,708 INFO     ___FILE_ONLY___ europe-west3-b
2022-08-08 06:47:55,708 INFO     ___FILE_ONLY___   
2022-08-08 06:47:55,708 INFO     ___FILE_ONLY___ 1.21.14-gke.2100
2022-08-08 06:47:55,708 INFO     ___FILE_ONLY___    
2022-08-08 06:47:55,708 INFO     ___FILE_ONLY___ 35.234.83.8
2022-08-08 06:47:55,708 INFO     ___FILE_ONLY___      
2022-08-08 06:47:55,708 INFO     ___FILE_ONLY___ n1-standard-4
2022-08-08 06:47:55,708 INFO     ___FILE_ONLY___   
2022-08-08 06:47:55,708 INFO     ___FILE_ONLY___ 1.21.14-gke.2100
2022-08-08 06:47:55,708 INFO     ___FILE_ONLY___      
2022-08-08 06:47:55,708 INFO     ___FILE_ONLY___ 3
2022-08-08 06:47:55,708 INFO     ___FILE_ONLY___           
2022-08-08 06:47:55,708 INFO     ___FILE_ONLY___ RUNNING
2022-08-08 06:47:55,708 INFO     ___FILE_ONLY___ 

2022-08-08 06:47:55,708 INFO     ___FILE_ONLY___ max-30844
2022-08-08 06:47:55,708 INFO     ___FILE_ONLY___                            
2022-08-08 06:47:55,708 INFO     ___FILE_ONLY___ europe-west3-b
2022-08-08 06:47:55,708 INFO     ___FILE_ONLY___   
2022-08-08 06:47:55,708 INFO     ___FILE_ONLY___ 1.21.12-gke.2200
2022-08-08 06:47:55,708 INFO     ___FILE_ONLY___    
2022-08-08 06:47:55,708 INFO     ___FILE_ONLY___ 35.246.193.17
2022-08-08 06:47:55,708 INFO     ___FILE_ONLY___    
2022-08-08 06:47:55,708 INFO     ___FILE_ONLY___ n1-standard-4
2022-08-08 06:47:55,708 INFO     ___FILE_ONLY___   
2022-08-08 06:47:55,708 INFO     ___FILE_ONLY___ 1.21.12-gke.2200
2022-08-08 06:47:55,708 INFO     ___FILE_ONLY___      
2022-08-08 06:47:55,708 INFO     ___FILE_ONLY___ 3
2022-08-08 06:47:55,708 INFO     ___FILE_ONLY___           
2022-08-08 06:47:55,708 INFO     ___FILE_ONLY___ RUNNING
2022-08-08 06:47:55,708 INFO     ___FILE_ONLY___ 

2022-08-08 06:47:55,709 INFO     ___FILE_ONLY___ natali-22
2022-08-08 06:47:55,709 INFO     ___FILE_ONLY___                            
2022-08-08 06:47:55,709 INFO     ___FILE_ONLY___ europe-west3-b
2022-08-08 06:47:55,709 INFO     ___FILE_ONLY___   
2022-08-08 06:47:55,709 INFO     ___FILE_ONLY___ 1.22.12-gke.300
2022-08-08 06:47:55,709 INFO     ___FILE_ONLY___     
2022-08-08 06:47:55,709 INFO     ___FILE_ONLY___ 34.159.89.125
2022-08-08 06:47:55,709 INFO     ___FILE_ONLY___    
2022-08-08 06:47:55,709 INFO     ___FILE_ONLY___ n1-standard-4
2022-08-08 06:47:55,709 INFO     ___FILE_ONLY___   
2022-08-08 06:47:55,709 INFO     ___FILE_ONLY___ 1.22.12-gke.300
2022-08-08 06:47:55,709 INFO     ___FILE_ONLY___       
2022-08-08 06:47:55,709 INFO     ___FILE_ONLY___ 3
2022-08-08 06:47:55,709 INFO     ___FILE_ONLY___           
2022-08-08 06:47:55,709 INFO     ___FILE_ONLY___ RUNNING
2022-08-08 06:47:55,709 INFO     ___FILE_ONLY___ 

2022-08-08 06:47:55,709 INFO     ___FILE_ONLY___ jenkins-lat-psmdb-ec1a13de-backups
2022-08-08 06:47:55,709 INFO     ___FILE_ONLY___   
2022-08-08 06:47:55,709 INFO     ___FILE_ONLY___ us-central1-a
2022-08-08 06:47:55,709 INFO     ___FILE_ONLY___    
2022-08-08 06:47:55,709 INFO     ___FILE_ONLY___ 1.24.2-gke.1900
2022-08-08 06:47:55,709 INFO     ___FILE_ONLY___     
2022-08-08 06:47:55,709 INFO     ___FILE_ONLY___ 34.71.247.89
2022-08-08 06:47:55,709 INFO     ___FILE_ONLY___     
2022-08-08 06:47:55,709 INFO     ___FILE_ONLY___ n1-standard-4
2022-08-08 06:47:55,709 INFO     ___FILE_ONLY___   
2022-08-08 06:47:55,709 INFO     ___FILE_ONLY___ 1.24.2-gke.1900
2022-08-08 06:47:55,709 INFO     ___FILE_ONLY___       
2022-08-08 06:47:55,709 INFO     ___FILE_ONLY___ 4
2022-08-08 06:47:55,709 INFO     ___FILE_ONLY___           
2022-08-08 06:47:55,709 INFO     ___FILE_ONLY___ RUNNING
2022-08-08 06:47:55,709 INFO     ___FILE_ONLY___ 

2022-08-08 06:47:55,709 INFO     ___FILE_ONLY___ jenkins-psmdb-1d9ddc00-backups
2022-08-08 06:47:55,709 INFO     ___FILE_ONLY___       
2022-08-08 06:47:55,709 INFO     ___FILE_ONLY___ us-central1-a
2022-08-08 06:47:55,709 INFO     ___FILE_ONLY___    
2022-08-08 06:47:55,709 INFO     ___FILE_ONLY___ 1.21.12-gke.1700
2022-08-08 06:47:55,709 INFO     ___FILE_ONLY___    
2022-08-08 06:47:55,709 INFO     ___FILE_ONLY___ 34.132.186.254
2022-08-08 06:47:55,709 INFO     ___FILE_ONLY___   
2022-08-08 06:47:55,709 INFO     ___FILE_ONLY___ n1-standard-4
2022-08-08 06:47:55,710 INFO     ___FILE_ONLY___   
2022-08-08 06:47:55,710 INFO     ___FILE_ONLY___ 1.20.15-gke.12800 *
2022-08-08 06:47:55,710 INFO     ___FILE_ONLY___   
2022-08-08 06:47:55,710 INFO     ___FILE_ONLY___ 3
2022-08-08 06:47:55,710 INFO     ___FILE_ONLY___           
2022-08-08 06:47:55,710 INFO     ___FILE_ONLY___ RUNNING
2022-08-08 06:47:55,710 INFO     ___FILE_ONLY___ 

2022-08-08 06:47:55,710 INFO     ___FILE_ONLY___ jenkins-psmdb-4f05a04c-backups
2022-08-08 06:47:55,710 INFO     ___FILE_ONLY___       
2022-08-08 06:47:55,710 INFO     ___FILE_ONLY___ us-central1-a
2022-08-08 06:47:55,710 INFO     ___FILE_ONLY___    
2022-08-08 06:47:55,710 INFO     ___FILE_ONLY___ 1.20.15-gke.12800
2022-08-08 06:47:55,710 INFO     ___FILE_ONLY___   
2022-08-08 06:47:55,710 INFO     ___FILE_ONLY___ 34.136.86.195
2022-08-08 06:47:55,710 INFO     ___FILE_ONLY___    
2022-08-08 06:47:55,710 INFO     ___FILE_ONLY___ n1-standard-4
2022-08-08 06:47:55,710 INFO     ___FILE_ONLY___   
2022-08-08 06:47:55,710 INFO     ___FILE_ONLY___ 1.20.15-gke.12800
2022-08-08 06:47:55,710 INFO     ___FILE_ONLY___                
2022-08-08 06:47:55,710 INFO     ___FILE_ONLY___ PROVISIONING
2022-08-08 06:47:55,710 INFO     ___FILE_ONLY___ 

2022-08-08 06:47:55,710 INFO     ___FILE_ONLY___ jenkins-psmdb-4f05a04c-basic
2022-08-08 06:47:55,710 INFO     ___FILE_ONLY___         
2022-08-08 06:47:55,710 INFO     ___FILE_ONLY___ us-central1-a
2022-08-08 06:47:55,710 INFO     ___FILE_ONLY___    
2022-08-08 06:47:55,710 INFO     ___FILE_ONLY___ 1.20.15-gke.12800
2022-08-08 06:47:55,710 INFO     ___FILE_ONLY___   
2022-08-08 06:47:55,710 INFO     ___FILE_ONLY___ 35.238.32.101
2022-08-08 06:47:55,710 INFO     ___FILE_ONLY___    
2022-08-08 06:47:55,710 INFO     ___FILE_ONLY___ n1-standard-4
2022-08-08 06:47:55,710 INFO     ___FILE_ONLY___   
2022-08-08 06:47:55,710 INFO     ___FILE_ONLY___ 1.20.15-gke.12800
2022-08-08 06:47:55,710 INFO     ___FILE_ONLY___     
2022-08-08 06:47:55,710 INFO     ___FILE_ONLY___ 3
2022-08-08 06:47:55,710 INFO     ___FILE_ONLY___           
2022-08-08 06:47:55,710 INFO     ___FILE_ONLY___ PROVISIONING
2022-08-08 06:47:55,710 INFO     ___FILE_ONLY___ 

2022-08-08 06:47:55,710 INFO     ___FILE_ONLY___ jenkins-psmdb-4f05a04c-cross-site
2022-08-08 06:47:55,710 INFO     ___FILE_ONLY___    
2022-08-08 06:47:55,710 INFO     ___FILE_ONLY___ us-central1-a
2022-08-08 06:47:55,710 INFO     ___FILE_ONLY___    
2022-08-08 06:47:55,710 INFO     ___FILE_ONLY___ 1.20.15-gke.12800
2022-08-08 06:47:55,711 INFO     ___FILE_ONLY___   
2022-08-08 06:47:55,711 INFO     ___FILE_ONLY___ 34.66.96.96
2022-08-08 06:47:55,711 INFO     ___FILE_ONLY___      
2022-08-08 06:47:55,711 INFO     ___FILE_ONLY___ n1-standard-4
2022-08-08 06:47:55,711 INFO     ___FILE_ONLY___   
2022-08-08 06:47:55,711 INFO     ___FILE_ONLY___ 1.20.15-gke.12800
2022-08-08 06:47:55,711 INFO     ___FILE_ONLY___                
2022-08-08 06:47:55,711 INFO     ___FILE_ONLY___ PROVISIONING
2022-08-08 06:47:55,711 INFO     ___FILE_ONLY___ 

2022-08-08 06:47:55,711 INFO     ___FILE_ONLY___ jenkins-psmdb-4f05a04c-scaling
2022-08-08 06:47:55,711 INFO     ___FILE_ONLY___       
2022-08-08 06:47:55,711 INFO     ___FILE_ONLY___ us-central1-a
2022-08-08 06:47:55,711 INFO     ___FILE_ONLY___    
2022-08-08 06:47:55,711 INFO     ___FILE_ONLY___ 1.20.15-gke.12800
2022-08-08 06:47:55,711 INFO     ___FILE_ONLY___   
2022-08-08 06:47:55,711 INFO     ___FILE_ONLY___ 35.188.214.130
2022-08-08 06:47:55,711 INFO     ___FILE_ONLY___   
2022-08-08 06:47:55,711 INFO     ___FILE_ONLY___ n1-standard-4
2022-08-08 06:47:55,711 INFO     ___FILE_ONLY___   
2022-08-08 06:47:55,711 INFO     ___FILE_ONLY___ 1.20.15-gke.12800
2022-08-08 06:47:55,711 INFO     ___FILE_ONLY___                
2022-08-08 06:47:55,711 INFO     ___FILE_ONLY___ PROVISIONING
2022-08-08 06:47:55,711 INFO     ___FILE_ONLY___ 

2022-08-08 06:47:55,711 INFO     ___FILE_ONLY___ jenkins-psmdb-4f05a04c-selfhealing
2022-08-08 06:47:55,711 INFO     ___FILE_ONLY___   
2022-08-08 06:47:55,711 INFO     ___FILE_ONLY___ us-central1-a
2022-08-08 06:47:55,711 INFO     ___FILE_ONLY___    
2022-08-08 06:47:55,711 INFO     ___FILE_ONLY___ 1.20.15-gke.12800
2022-08-08 06:47:55,711 INFO     ___FILE_ONLY___   
2022-08-08 06:47:55,711 INFO     ___FILE_ONLY___ 34.171.157.21
2022-08-08 06:47:55,711 INFO     ___FILE_ONLY___    
2022-08-08 06:47:55,711 INFO     ___FILE_ONLY___ n1-standard-4
2022-08-08 06:47:55,711 INFO     ___FILE_ONLY___   
2022-08-08 06:47:55,711 INFO     ___FILE_ONLY___ 1.20.15-gke.12800
2022-08-08 06:47:55,711 INFO     ___FILE_ONLY___                
2022-08-08 06:47:55,711 INFO     ___FILE_ONLY___ PROVISIONING
2022-08-08 06:47:55,711 INFO     ___FILE_ONLY___ 

2022-08-08 06:47:55,711 INFO     ___FILE_ONLY___ cap-666
2022-08-08 06:47:55,711 INFO     ___FILE_ONLY___                              
2022-08-08 06:47:55,711 INFO     ___FILE_ONLY___ us-central1-c
2022-08-08 06:47:55,711 INFO     ___FILE_ONLY___    
2022-08-08 06:47:55,711 INFO     ___FILE_ONLY___ 1.24.2-gke.1900
2022-08-08 06:47:55,711 INFO     ___FILE_ONLY___     
2022-08-08 06:47:55,711 INFO     ___FILE_ONLY___ 35.202.25.100
2022-08-08 06:47:55,712 INFO     ___FILE_ONLY___    
2022-08-08 06:47:55,712 INFO     ___FILE_ONLY___ n1-standard-4
2022-08-08 06:47:55,712 INFO     ___FILE_ONLY___   
2022-08-08 06:47:55,712 INFO     ___FILE_ONLY___ 1.24.2-gke.1900
2022-08-08 06:47:55,712 INFO     ___FILE_ONLY___       
2022-08-08 06:47:55,712 INFO     ___FILE_ONLY___ 3
2022-08-08 06:47:55,712 INFO     ___FILE_ONLY___           
2022-08-08 06:47:55,712 INFO     ___FILE_ONLY___ RUNNING
2022-08-08 06:47:55,712 INFO     ___FILE_ONLY___ 

2022-08-08 06:47:55,712 INFO     ___FILE_ONLY___ jenkins-pgo-33d56110-sandbox
2022-08-08 06:47:55,712 INFO     ___FILE_ONLY___         
2022-08-08 06:47:55,712 INFO     ___FILE_ONLY___ us-central1-c
2022-08-08 06:47:55,712 INFO     ___FILE_ONLY___    
2022-08-08 06:47:55,712 INFO     ___FILE_ONLY___ 1.21.13-gke.900
2022-08-08 06:47:55,712 INFO     ___FILE_ONLY___     
2022-08-08 06:47:55,712 INFO     ___FILE_ONLY___ 35.223.49.23
2022-08-08 06:47:55,712 INFO     ___FILE_ONLY___     
2022-08-08 06:47:55,712 INFO     ___FILE_ONLY___ n1-standard-4
2022-08-08 06:47:55,712 INFO     ___FILE_ONLY___   
2022-08-08 06:47:55,712 INFO     ___FILE_ONLY___ 1.21.13-gke.900
2022-08-08 06:47:55,712 INFO     ___FILE_ONLY___       
2022-08-08 06:47:55,712 INFO     ___FILE_ONLY___ 3
2022-08-08 06:47:55,712 INFO     ___FILE_ONLY___           
2022-08-08 06:47:55,712 INFO     ___FILE_ONLY___ RUNNING
2022-08-08 06:47:55,712 INFO     ___FILE_ONLY___ 

2022-08-08 06:47:55,712 INFO     ___FILE_ONLY___ 
* - There is an upgrade available for your cluster(s).

To upgrade nodes to the latest available version, run
  $ gcloud container clusters upgrade NAME

2022-08-08 06:47:55,721 DEBUG    root            Metrics reporting process started...
