2022-08-08 06:52:10,709 DEBUG    root            Loaded Command Group: ['gcloud', 'config']
2022-08-08 06:52:10,712 DEBUG    root            Loaded Command Group: ['gcloud', 'config', 'config_helper']
2022-08-08 06:52:10,713 DEBUG    root            Running [gcloud.config.config-helper] with arguments: [--format: "json"]
2022-08-08 06:52:10,745 INFO     root            Display format: "default json"
2022-08-08 06:52:10,745 INFO     ___FILE_ONLY___ {
  "configuration": {
    "active_configuration": "percona-cloud-dev",
    "properties": {
      "core": {
        "account": "inel.pandzic@percona.com",
        "disable_usage_reporting": "False",
        "project": "cloud-dev-112233"
      }
    }
  },
  "credential": {
    "access_token": "ya29.A0AVA9y1sMYWxi48qZazKAQPWuV8bgAranxayNMgditScIvDHenUdpmcx9KsaNDcivDtTEZv1xoP8TkxuidCxcLc2EjaaBDp88d2EbIeSEmEXHWYqF4qVMBNV12KE6s998idD8EZizJE040BFVV5g81ZtOzanyX8EVMYXWFPkaCgYKATASATASFQE65dr8VnDoARFc6s_hZW8LTb7-pQ0174",
    "id_token": "eyJhbGciOiJSUzI1NiIsImtpZCI6IjE1NDllMGFlZjU3NGQxYzdiZGQxMzZjMjAyYjhkMjkwNTgwYjE2NWMiLCJ0eXAiOiJKV1QifQ.eyJpc3MiOiJodHRwczovL2FjY291bnRzLmdvb2dsZS5jb20iLCJhenAiOiIzMjU1NTk0MDU1OS5hcHBzLmdvb2dsZXVzZXJjb250ZW50LmNvbSIsImF1ZCI6IjMyNTU1OTQwNTU5LmFwcHMuZ29vZ2xldXNlcmNvbnRlbnQuY29tIiwic3ViIjoiMTA3NDA5ODEzMzQ0NTU5NDQzNDA3IiwiaGQiOiJwZXJjb25hLmNvbSIsImVtYWlsIjoiaW5lbC5wYW5kemljQHBlcmNvbmEuY29tIiwiZW1haWxfdmVyaWZpZWQiOnRydWUsImF0X2hhc2giOiJpeWh1a051UEVBYUZSLXlQS3haNmxBIiwiaWF0IjoxNjU5OTMxNzI5LCJleHAiOjE2NTk5MzUzMjl9.K07P22syu9Bdybx9LKgXEGa6mHViE6yloHD4PdeJtb-jeDO7PeqR6j8wL1KMajfSFWgaNpQantRL2hHMZQImPlMPRDUPC4LroOdrGIp-QzmcwnKgDoow7ckwLeHboORwUblnhjvf0CqXQncCrrpUJVLDEXj1qhrah46ZZwQqm8bTiNFhS-adrj59nyEtVBb3iva_H6c9EiKVapuzH_XpVSbCWgF5NUaQs-lj4YeLifNPExI9KwjFLnkAQQT4zKIX35KJEwRfTf0g2Xm2TnUbcnpqIdCFOvlFQNZN-IBR28SZNkxmysekFwhMcVhLMiefX2wxdiEJ9aJVsts4RDMa5A",
    "token_expiry": "2022-08-08T05:08:48Z"
  },
  "sentinels": {
    "config_sentinel": "/Users/inelpandzic/.config/gcloud/config_sentinel"
  }
}
2022-08-08 06:52:10,745 INFO     ___FILE_ONLY___ 

2022-08-08 06:52:10,752 DEBUG    root            Metrics reporting process started...
