2022-08-08 07:12:49,695 DEBUG    root            Loaded Command Group: ['gcloud', 'config']
2022-08-08 07:12:49,697 DEBUG    root            Loaded Command Group: ['gcloud', 'config', 'config_helper']
2022-08-08 07:12:49,698 DEBUG    root            Running [gcloud.config.config-helper] with arguments: [--format: "json"]
2022-08-08 07:12:49,711 DEBUG    google.auth.transport.requests Making request: POST https://oauth2.googleapis.com/token
2022-08-08 07:12:49,727 DEBUG    urllib3.connectionpool Starting new HTTPS connection (1): oauth2.googleapis.com:443
2022-08-08 07:12:49,897 DEBUG    urllib3.connectionpool https://oauth2.googleapis.com:443 "POST /token HTTP/1.1" 200 None
2022-08-08 07:12:49,902 INFO     root            Display format: "default json"
2022-08-08 07:12:49,903 INFO     ___FILE_ONLY___ {
  "configuration": {
    "active_configuration": "percona-cloud-dev",
    "properties": {
      "core": {
        "account": "inel.pandzic@percona.com",
        "disable_usage_reporting": "False",
        "project": "cloud-dev-112233"
      }
    }
  },
  "credential": {
    "access_token": "ya29.A0AVA9y1th7vT_YUicjfhgwyOFXccr251a19CVxLObug1ASLRVHqcg6njfPM7yuUYeXVmetubLilss6JW85pthopuQI5V3pUZlxg_DC70sN5N25d9atQer0ySLH2azqOCJrSSZbUAH30BFTNYsrsxKginsnZjGbjmo4iNFvdIaCgYKATASATASFQE65dr8QDDcqqfgJcnXsMcAm8ndsg0174",
    "id_token": "eyJhbGciOiJSUzI1NiIsImtpZCI6IjE1NDllMGFlZjU3NGQxYzdiZGQxMzZjMjAyYjhkMjkwNTgwYjE2NWMiLCJ0eXAiOiJKV1QifQ.eyJpc3MiOiJodHRwczovL2FjY291bnRzLmdvb2dsZS5jb20iLCJhenAiOiIzMjU1NTk0MDU1OS5hcHBzLmdvb2dsZXVzZXJjb250ZW50LmNvbSIsImF1ZCI6IjMyNTU1OTQwNTU5LmFwcHMuZ29vZ2xldXNlcmNvbnRlbnQuY29tIiwic3ViIjoiMTA3NDA5ODEzMzQ0NTU5NDQzNDA3IiwiaGQiOiJwZXJjb25hLmNvbSIsImVtYWlsIjoiaW5lbC5wYW5kemljQHBlcmNvbmEuY29tIiwiZW1haWxfdmVyaWZpZWQiOnRydWUsImF0X2hhc2giOiJjQWx4UldVczVtaFZfZEkwQlNra09nIiwiaWF0IjoxNjU5OTM1NTY5LCJleHAiOjE2NTk5MzkxNjl9.ADkdTtP-o8YomKeDYaJqNwkl5NH6L8a7YJ9buZdlLPAaGsFDNfkyvymD3UXIxlGunpDZn2_d3L4EohZw9VTBt3GSg6FY6icrNEeMV2Ho2lkpPAFVrOeUMvsUhEXmQGi55AeTl_goc7EhdqE4oumozdpplqwHSjiz0ORVeyIqnElN8LCM6eyDYaIMNFXzWkqyAkg0ocZNaLyDc6AHAcY4YWgbk6OrY8U8iaGLbJwdywlj9oRlQ5f8QdOcH-eqSwvWi5CV9nyyhgL66kHhTKKVfIr5m8JLMhdmNEt35U2bOJz_jF6HdAFrL8cWr0dgqREhgfyt1kJu-Qv2asPQEUitOw",
    "token_expiry": "2022-08-08T06:12:48Z"
  },
  "sentinels": {
    "config_sentinel": "/Users/inelpandzic/.config/gcloud/config_sentinel"
  }
}
2022-08-08 07:12:49,903 INFO     ___FILE_ONLY___ 

2022-08-08 07:12:49,909 DEBUG    root            Metrics reporting process started...
