2022-08-08 09:59:43,443 DEBUG    root            Loaded Command Group: ['gcloud', 'config']
2022-08-08 09:59:43,446 DEBUG    root            Loaded Command Group: ['gcloud', 'config', 'config_helper']
2022-08-08 09:59:43,447 DEBUG    root            Running [gcloud.config.config-helper] with arguments: [--format: "json"]
2022-08-08 09:59:43,474 DEBUG    google.auth.transport.requests Making request: POST https://oauth2.googleapis.com/token
2022-08-08 09:59:43,487 DEBUG    urllib3.connectionpool Starting new HTTPS connection (1): oauth2.googleapis.com:443
2022-08-08 09:59:43,653 DEBUG    urllib3.connectionpool https://oauth2.googleapis.com:443 "POST /token HTTP/1.1" 200 None
2022-08-08 09:59:43,660 INFO     root            Display format: "default json"
2022-08-08 09:59:43,660 INFO     ___FILE_ONLY___ {
  "configuration": {
    "active_configuration": "percona-cloud-dev",
    "properties": {
      "core": {
        "account": "inel.pandzic@percona.com",
        "disable_usage_reporting": "False",
        "project": "cloud-dev-112233"
      }
    }
  },
  "credential": {
    "access_token": "ya29.A0AVA9y1srdK0020v7MUJxtyNz8_2BicA6a2TQW8HmG6_62-uEBEzpc0TWCBSeigdd34-pKtAM5RBEo22TVyO18Ua1KR0b_cR2htrQg08n0pYujvDWCIDpM3b4RpEIBnvp816y3pAHgOl40d92QLHeKQr1hQLOMy-pUSUpFqcaCgYKATASATASFQE65dr8SI6UOqwtKIrfol17k__-HQ0174",
    "id_token": "eyJhbGciOiJSUzI1NiIsImtpZCI6IjE1NDllMGFlZjU3NGQxYzdiZGQxMzZjMjAyYjhkMjkwNTgwYjE2NWMiLCJ0eXAiOiJKV1QifQ.eyJpc3MiOiJodHRwczovL2FjY291bnRzLmdvb2dsZS5jb20iLCJhenAiOiIzMjU1NTk0MDU1OS5hcHBzLmdvb2dsZXVzZXJjb250ZW50LmNvbSIsImF1ZCI6IjMyNTU1OTQwNTU5LmFwcHMuZ29vZ2xldXNlcmNvbnRlbnQuY29tIiwic3ViIjoiMTA3NDA5ODEzMzQ0NTU5NDQzNDA3IiwiaGQiOiJwZXJjb25hLmNvbSIsImVtYWlsIjoiaW5lbC5wYW5kemljQHBlcmNvbmEuY29tIiwiZW1haWxfdmVyaWZpZWQiOnRydWUsImF0X2hhc2giOiJNNE95QzdWNl9nSHBTT1dIc2x5d0h3IiwiaWF0IjoxNjU5OTQ1NTgzLCJleHAiOjE2NTk5NDkxODN9.mj6hbR08Bi2sLlBGC48WZE2Oie5DOYOQDCnwqLTMqL-Sa3g3dlDUQHldZjc1g896oVqEalK9w6NV6myF_rsms-3Uz_puw6xvghCrMRQHzvmYVWVnXq2eXik4X2B-kvN6TSetQHac5qeYS5dgqhxHI3S0xZQdoGtu_ILlcXBezC3x8ZNd8r2GqtFhImZTKiVvcPBJSKOdlrmDVYTYprf4JWLRjQhv80OwHkXgNmSp4L4WkBfzLTUCBrIxZ6K7Vj5ZsrfW8IDoiZN-kSc5YHhMCri7ZcEK3pmMSqvvwV52dAa5DwrA6q6FFbsUix4ksZhD59mSx8UX_ItDteF2FA3JQg",
    "token_expiry": "2022-08-08T08:59:42Z"
  },
  "sentinels": {
    "config_sentinel": "/Users/inelpandzic/.config/gcloud/config_sentinel"
  }
}
2022-08-08 09:59:43,660 INFO     ___FILE_ONLY___ 

2022-08-08 09:59:43,668 DEBUG    root            Metrics reporting process started...
