2022-08-08 12:19:30,587 DEBUG    root            Loaded Command Group: ['gcloud', 'config']
2022-08-08 12:19:30,589 DEBUG    root            Loaded Command Group: ['gcloud', 'config', 'config_helper']
2022-08-08 12:19:30,590 DEBUG    root            Running [gcloud.config.config-helper] with arguments: [--format: "json"]
2022-08-08 12:19:30,642 DEBUG    google.auth.transport.requests Making request: POST https://oauth2.googleapis.com/token
2022-08-08 12:19:30,655 DEBUG    urllib3.connectionpool Starting new HTTPS connection (1): oauth2.googleapis.com:443
2022-08-08 12:19:30,858 DEBUG    urllib3.connectionpool https://oauth2.googleapis.com:443 "POST /token HTTP/1.1" 200 None
2022-08-08 12:19:30,864 INFO     root            Display format: "default json"
2022-08-08 12:19:30,864 INFO     ___FILE_ONLY___ {
  "configuration": {
    "active_configuration": "percona-cloud-dev",
    "properties": {
      "core": {
        "account": "inel.pandzic@percona.com",
        "disable_usage_reporting": "False",
        "project": "cloud-dev-112233"
      }
    }
  },
  "credential": {
    "access_token": "ya29.A0AVA9y1v0ojQt-D_Bp82qIeFmkMj3Ssl1EnEgGjB7EhZoKr5gP9hcqnx2iYcpPgNSyaM4waOxEgmW1x0zwBm30TUtl_5PgO9HqZo70jLm5gav3S58Ica3PGKAhbKTkb9uyVGdGH3NPQ3Bg0A6ibq-jFC2Tyt5OqnpDuDbbcQaCgYKATASATASFQE65dr8bP_cMcsP4hXI96BfzfaXfg0174",
    "id_token": "eyJhbGciOiJSUzI1NiIsImtpZCI6IjE1NDllMGFlZjU3NGQxYzdiZGQxMzZjMjAyYjhkMjkwNTgwYjE2NWMiLCJ0eXAiOiJKV1QifQ.eyJpc3MiOiJodHRwczovL2FjY291bnRzLmdvb2dsZS5jb20iLCJhenAiOiIzMjU1NTk0MDU1OS5hcHBzLmdvb2dsZXVzZXJjb250ZW50LmNvbSIsImF1ZCI6IjMyNTU1OTQwNTU5LmFwcHMuZ29vZ2xldXNlcmNvbnRlbnQuY29tIiwic3ViIjoiMTA3NDA5ODEzMzQ0NTU5NDQzNDA3IiwiaGQiOiJwZXJjb25hLmNvbSIsImVtYWlsIjoiaW5lbC5wYW5kemljQHBlcmNvbmEuY29tIiwiZW1haWxfdmVyaWZpZWQiOnRydWUsImF0X2hhc2giOiIyRG9KbXhjVGpTMVhtUUlaeDBIZmd3IiwiaWF0IjoxNjU5OTUzOTcwLCJleHAiOjE2NTk5NTc1NzB9.aP3btvP5qoQgulJEcGOf7Paxt4x_TevPCDCHZpQX_CRkB232LrBSVPKAyVrrbkehwnE-qQKDtbWneD1VhVPXGDleIZlO-etyUN3ZzxTN7g5QVwTsP3Vwoy8JJC2REl8z_SogTyPsIq10jpeO-Vb31ILcodF_BAle1SByJkPqZky7z2ZlyezA4HhKu5-nwJ7110dMMbt4NToVSjzgXTrF0Oi1hJz6DCYTx_3RAC_bF0Omskn47myv4-dqH-MtA2Dy6RuNvTwfzAqlzZwrc9tv0idYhoS-fT4wGoN24LeYFoYbd-WVYDEQ9iNNX1rt0sa6xGVokiGVa-RqmiL6jss9JQ",
    "token_expiry": "2022-08-08T11:19:29Z"
  },
  "sentinels": {
    "config_sentinel": "/Users/inelpandzic/.config/gcloud/config_sentinel"
  }
}
2022-08-08 12:19:30,865 INFO     ___FILE_ONLY___ 

2022-08-08 12:19:30,875 DEBUG    root            Metrics reporting process started...
