2023-07-30 11:19:43,585 DEBUG    root            Loaded Command Group: ['gcloud', 'config']
2023-07-30 11:19:43,587 DEBUG    root            Loaded Command Group: ['gcloud', 'config', 'config_helper']
2023-07-30 11:19:43,588 DEBUG    root            Running [gcloud.config.config-helper] with arguments: [--format: "json"]
2023-07-30 11:19:43,604 DEBUG    urllib3.connectionpool Starting new HTTPS connection (1): www.gstatic.com:443
2023-07-30 11:19:43,695 DEBUG    urllib3.connectionpool https://www.gstatic.com:443 "GET /cloudsdk/feature_flag_config_file.yaml HTTP/1.1" 200 101
2023-07-30 11:19:43,699 DEBUG    root            Chosen display Format:default json
2023-07-30 11:19:43,699 INFO     root            Display format: "default json"
2023-07-30 11:19:43,699 INFO     ___FILE_ONLY___ {
  "configuration": {
    "active_configuration": "percona-cloud-dev",
    "properties": {
      "core": {
        "account": "inel.pandzic@percona.com",
        "disable_usage_reporting": "False",
        "project": "cloud-dev-112233"
      }
    }
  },
  "credential": {
    "access_token": "ya29.a0AbVbY6P5GQnOWKULhdeXNVGeH4Yzu7JoO1abGaWrvBgCRHuKJ1lwX5-riZYMp6p_1qp8I_NIcnFQ-_xblghb20imwIm4KOcfpZrfXvXXtwnKufhvUgbvlopZEzkm0P8QdoFAhCJQFgnmXyMdz8PALzUHK-aoPfoyS2SctxgaCgYKAa8SARESFQFWKvPlxVO1tn1s8TNl0ILTFjmYVw0174",
    "id_token": "eyJhbGciOiJSUzI1NiIsImtpZCI6ImZkNDhhNzUxMzhkOWQ0OGYwYWE2MzVlZjU2OWM0ZTE5NmY3YWU4ZDYiLCJ0eXAiOiJKV1QifQ.eyJpc3MiOiJodHRwczovL2FjY291bnRzLmdvb2dsZS5jb20iLCJhenAiOiIzMjU1NTk0MDU1OS5hcHBzLmdvb2dsZXVzZXJjb250ZW50LmNvbSIsImF1ZCI6IjMyNTU1OTQwNTU5LmFwcHMuZ29vZ2xldXNlcmNvbnRlbnQuY29tIiwic3ViIjoiMTA3NDA5ODEzMzQ0NTU5NDQzNDA3IiwiaGQiOiJwZXJjb25hLmNvbSIsImVtYWlsIjoiaW5lbC5wYW5kemljQHBlcmNvbmEuY29tIiwiZW1haWxfdmVyaWZpZWQiOnRydWUsImF0X2hhc2giOiJYdEZlX3l1Mk1OYXVmUFpXSXgxbm9BIiwiaWF0IjoxNjkwNzA4NDI0LCJleHAiOjE2OTA3MTIwMjR9.npLO5lPHH1AcSloyP3LLMx7kB8rbVf0VS9dm_U0U-puRSeZMdB7yIbt7Z_ITd6WQxjmiZ1UOtqy00Fg7mJimYnThtFL2t6OA4XFDbA6j3D1O1CpdHiCg7MuZ2v0iPhyxcYhV-kp8YFBn8izPf9TSaGDBs6cirel0ppD_NiioNY7mkp3T05iCFnyMjWuGyx0prFh3UORkveba9dRtV9K0A_dA5AVYsbeKUKBtH1Y9Byd4HC1bHJxASrdaJYZkbFIBGlR5_lXg1ApsD7IPVEhDRzMEIZ3YtTDHtYmQned0MsLja8VpuRjyIu3zoYk6-CIeZIToxHFXRKquuKFgmuvy2Q",
    "token_expiry": "2023-07-30T10:13:43Z"
  },
  "sentinels": {
    "config_sentinel": "/Users/inelpandzic/.config/gcloud/config_sentinel"
  }
}
2023-07-30 11:19:43,699 INFO     ___FILE_ONLY___ 

2023-07-30 11:19:43,704 DEBUG    root            Metrics reporting process started...
