2023-07-30 11:13:46,369 DEBUG    root            Loaded Command Group: ['gcloud', 'container', 'clusters']
2023-07-30 11:13:46,376 DEBUG    root            Loaded Command Group: ['gcloud', 'container', 'clusters', 'create']
2023-07-30 11:13:46,394 DEBUG    root            Running [gcloud.container.clusters.create] with arguments: [--cluster-version: "1.25", --disk-size: "32212254720", --labels: "OrderedDict([('delete-cluster-after-hours', '10')])", --machine-type: "n1-standard-4", --no-enable-autoupgrade: "False", --num-nodes: "3", --preemptible: "True", --zone: "europe-west3-b", NAME: "inel-15608"]
2023-07-30 11:13:46,397 INFO     ___FILE_ONLY___ Default change: VPC-native is the default mode during cluster creation for versions greater than 1.21.0-gke.1500. To create advanced routes based clusters, please pass the `--no-enable-ip-alias` flag

2023-07-30 11:13:46,397 INFO     ___FILE_ONLY___ Default change: During creation of nodepools or autoscaling configuration changes for cluster versions greater than 1.24.1-gke.800 a default location policy is applied. For Spot and PVM it defaults to ANY, and for all other VM kinds a BALANCED policy is used. To change the default values use the `--location-policy` flag.

2023-07-30 11:13:46,397 INFO     ___FILE_ONLY___ Note: Your Pod address range (`--cluster-ipv4-cidr`) can accommodate at most 1008 node(s).

2023-07-30 11:13:46,449 DEBUG    urllib3.connectionpool Starting new HTTPS connection (1): container.googleapis.com:443
2023-07-30 11:13:51,406 DEBUG    urllib3.connectionpool https://container.googleapis.com:443 "POST /v1/projects/cloud-dev-112233/locations/europe-west3-b/clusters?alt=json HTTP/1.1" 200 None
2023-07-30 11:13:51,416 INFO     ___FILE_ONLY___ Creating cluster inel-15608 in europe-west3-b...
2023-07-30 11:13:51,423 DEBUG    urllib3.connectionpool Starting new HTTPS connection (1): container.googleapis.com:443
2023-07-30 11:13:51,655 DEBUG    urllib3.connectionpool https://container.googleapis.com:443 "GET /v1/projects/cloud-dev-112233/locations/europe-west3-b/operations/operation-1690708431376-082d780f-09c7-4969-8137-3261497f35cf?alt=json HTTP/1.1" 200 None
2023-07-30 11:13:56,676 DEBUG    urllib3.connectionpool Starting new HTTPS connection (1): container.googleapis.com:443
2023-07-30 11:13:56,922 DEBUG    urllib3.connectionpool https://container.googleapis.com:443 "GET /v1/projects/cloud-dev-112233/locations/europe-west3-b/operations/operation-1690708431376-082d780f-09c7-4969-8137-3261497f35cf?alt=json HTTP/1.1" 200 None
2023-07-30 11:14:01,937 DEBUG    urllib3.connectionpool Starting new HTTPS connection (1): container.googleapis.com:443
2023-07-30 11:14:02,151 DEBUG    urllib3.connectionpool https://container.googleapis.com:443 "GET /v1/projects/cloud-dev-112233/locations/europe-west3-b/operations/operation-1690708431376-082d780f-09c7-4969-8137-3261497f35cf?alt=json HTTP/1.1" 200 None
2023-07-30 11:14:07,165 DEBUG    urllib3.connectionpool Starting new HTTPS connection (1): container.googleapis.com:443
2023-07-30 11:14:07,389 DEBUG    urllib3.connectionpool https://container.googleapis.com:443 "GET /v1/projects/cloud-dev-112233/locations/europe-west3-b/operations/operation-1690708431376-082d780f-09c7-4969-8137-3261497f35cf?alt=json HTTP/1.1" 200 None
2023-07-30 11:14:12,403 DEBUG    urllib3.connectionpool Starting new HTTPS connection (1): container.googleapis.com:443
2023-07-30 11:14:12,634 DEBUG    urllib3.connectionpool https://container.googleapis.com:443 "GET /v1/projects/cloud-dev-112233/locations/europe-west3-b/operations/operation-1690708431376-082d780f-09c7-4969-8137-3261497f35cf?alt=json HTTP/1.1" 200 None
2023-07-30 11:14:17,654 DEBUG    urllib3.connectionpool Starting new HTTPS connection (1): container.googleapis.com:443
2023-07-30 11:14:17,886 DEBUG    urllib3.connectionpool https://container.googleapis.com:443 "GET /v1/projects/cloud-dev-112233/locations/europe-west3-b/operations/operation-1690708431376-082d780f-09c7-4969-8137-3261497f35cf?alt=json HTTP/1.1" 200 None
2023-07-30 11:14:22,897 DEBUG    urllib3.connectionpool Starting new HTTPS connection (1): container.googleapis.com:443
2023-07-30 11:14:23,092 DEBUG    urllib3.connectionpool https://container.googleapis.com:443 "GET /v1/projects/cloud-dev-112233/locations/europe-west3-b/operations/operation-1690708431376-082d780f-09c7-4969-8137-3261497f35cf?alt=json HTTP/1.1" 200 None
2023-07-30 11:14:28,106 DEBUG    urllib3.connectionpool Starting new HTTPS connection (1): container.googleapis.com:443
2023-07-30 11:14:28,298 DEBUG    urllib3.connectionpool https://container.googleapis.com:443 "GET /v1/projects/cloud-dev-112233/locations/europe-west3-b/operations/operation-1690708431376-082d780f-09c7-4969-8137-3261497f35cf?alt=json HTTP/1.1" 200 None
2023-07-30 11:14:33,307 DEBUG    urllib3.connectionpool Starting new HTTPS connection (1): container.googleapis.com:443
2023-07-30 11:14:33,524 DEBUG    urllib3.connectionpool https://container.googleapis.com:443 "GET /v1/projects/cloud-dev-112233/locations/europe-west3-b/operations/operation-1690708431376-082d780f-09c7-4969-8137-3261497f35cf?alt=json HTTP/1.1" 200 None
2023-07-30 11:14:38,539 DEBUG    urllib3.connectionpool Starting new HTTPS connection (1): container.googleapis.com:443
2023-07-30 11:14:38,739 DEBUG    urllib3.connectionpool https://container.googleapis.com:443 "GET /v1/projects/cloud-dev-112233/locations/europe-west3-b/operations/operation-1690708431376-082d780f-09c7-4969-8137-3261497f35cf?alt=json HTTP/1.1" 200 None
2023-07-30 11:14:43,754 DEBUG    urllib3.connectionpool Starting new HTTPS connection (1): container.googleapis.com:443
2023-07-30 11:14:43,988 DEBUG    urllib3.connectionpool https://container.googleapis.com:443 "GET /v1/projects/cloud-dev-112233/locations/europe-west3-b/operations/operation-1690708431376-082d780f-09c7-4969-8137-3261497f35cf?alt=json HTTP/1.1" 200 None
2023-07-30 11:14:49,009 DEBUG    urllib3.connectionpool Starting new HTTPS connection (1): container.googleapis.com:443
2023-07-30 11:14:49,226 DEBUG    urllib3.connectionpool https://container.googleapis.com:443 "GET /v1/projects/cloud-dev-112233/locations/europe-west3-b/operations/operation-1690708431376-082d780f-09c7-4969-8137-3261497f35cf?alt=json HTTP/1.1" 200 None
2023-07-30 11:14:54,236 DEBUG    urllib3.connectionpool Starting new HTTPS connection (1): container.googleapis.com:443
2023-07-30 11:14:54,431 DEBUG    urllib3.connectionpool https://container.googleapis.com:443 "GET /v1/projects/cloud-dev-112233/locations/europe-west3-b/operations/operation-1690708431376-082d780f-09c7-4969-8137-3261497f35cf?alt=json HTTP/1.1" 200 None
2023-07-30 11:14:59,442 DEBUG    urllib3.connectionpool Starting new HTTPS connection (1): container.googleapis.com:443
2023-07-30 11:14:59,640 DEBUG    urllib3.connectionpool https://container.googleapis.com:443 "GET /v1/projects/cloud-dev-112233/locations/europe-west3-b/operations/operation-1690708431376-082d780f-09c7-4969-8137-3261497f35cf?alt=json HTTP/1.1" 200 None
2023-07-30 11:15:04,651 DEBUG    urllib3.connectionpool Starting new HTTPS connection (1): container.googleapis.com:443
2023-07-30 11:15:04,867 DEBUG    urllib3.connectionpool https://container.googleapis.com:443 "GET /v1/projects/cloud-dev-112233/locations/europe-west3-b/operations/operation-1690708431376-082d780f-09c7-4969-8137-3261497f35cf?alt=json HTTP/1.1" 200 None
2023-07-30 11:15:09,884 DEBUG    urllib3.connectionpool Starting new HTTPS connection (1): container.googleapis.com:443
2023-07-30 11:15:10,104 DEBUG    urllib3.connectionpool https://container.googleapis.com:443 "GET /v1/projects/cloud-dev-112233/locations/europe-west3-b/operations/operation-1690708431376-082d780f-09c7-4969-8137-3261497f35cf?alt=json HTTP/1.1" 200 None
2023-07-30 11:15:15,132 DEBUG    urllib3.connectionpool Starting new HTTPS connection (1): container.googleapis.com:443
2023-07-30 11:15:15,356 DEBUG    urllib3.connectionpool https://container.googleapis.com:443 "GET /v1/projects/cloud-dev-112233/locations/europe-west3-b/operations/operation-1690708431376-082d780f-09c7-4969-8137-3261497f35cf?alt=json HTTP/1.1" 200 None
2023-07-30 11:15:20,363 DEBUG    urllib3.connectionpool Starting new HTTPS connection (1): container.googleapis.com:443
2023-07-30 11:15:20,575 DEBUG    urllib3.connectionpool https://container.googleapis.com:443 "GET /v1/projects/cloud-dev-112233/locations/europe-west3-b/operations/operation-1690708431376-082d780f-09c7-4969-8137-3261497f35cf?alt=json HTTP/1.1" 200 None
2023-07-30 11:15:25,590 DEBUG    urllib3.connectionpool Starting new HTTPS connection (1): container.googleapis.com:443
2023-07-30 11:15:25,821 DEBUG    urllib3.connectionpool https://container.googleapis.com:443 "GET /v1/projects/cloud-dev-112233/locations/europe-west3-b/operations/operation-1690708431376-082d780f-09c7-4969-8137-3261497f35cf?alt=json HTTP/1.1" 200 None
2023-07-30 11:15:30,833 DEBUG    urllib3.connectionpool Starting new HTTPS connection (1): container.googleapis.com:443
2023-07-30 11:15:31,047 DEBUG    urllib3.connectionpool https://container.googleapis.com:443 "GET /v1/projects/cloud-dev-112233/locations/europe-west3-b/operations/operation-1690708431376-082d780f-09c7-4969-8137-3261497f35cf?alt=json HTTP/1.1" 200 None
2023-07-30 11:15:36,056 DEBUG    urllib3.connectionpool Starting new HTTPS connection (1): container.googleapis.com:443
2023-07-30 11:15:36,289 DEBUG    urllib3.connectionpool https://container.googleapis.com:443 "GET /v1/projects/cloud-dev-112233/locations/europe-west3-b/operations/operation-1690708431376-082d780f-09c7-4969-8137-3261497f35cf?alt=json HTTP/1.1" 200 None
2023-07-30 11:15:41,306 DEBUG    urllib3.connectionpool Starting new HTTPS connection (1): container.googleapis.com:443
2023-07-30 11:15:41,530 DEBUG    urllib3.connectionpool https://container.googleapis.com:443 "GET /v1/projects/cloud-dev-112233/locations/europe-west3-b/operations/operation-1690708431376-082d780f-09c7-4969-8137-3261497f35cf?alt=json HTTP/1.1" 200 None
2023-07-30 11:15:46,541 DEBUG    urllib3.connectionpool Starting new HTTPS connection (1): container.googleapis.com:443
2023-07-30 11:15:46,741 DEBUG    urllib3.connectionpool https://container.googleapis.com:443 "GET /v1/projects/cloud-dev-112233/locations/europe-west3-b/operations/operation-1690708431376-082d780f-09c7-4969-8137-3261497f35cf?alt=json HTTP/1.1" 200 None
2023-07-30 11:15:51,760 DEBUG    urllib3.connectionpool Starting new HTTPS connection (1): container.googleapis.com:443
2023-07-30 11:15:51,976 DEBUG    urllib3.connectionpool https://container.googleapis.com:443 "GET /v1/projects/cloud-dev-112233/locations/europe-west3-b/operations/operation-1690708431376-082d780f-09c7-4969-8137-3261497f35cf?alt=json HTTP/1.1" 200 None
2023-07-30 11:15:56,988 DEBUG    urllib3.connectionpool Starting new HTTPS connection (1): container.googleapis.com:443
2023-07-30 11:15:57,203 DEBUG    urllib3.connectionpool https://container.googleapis.com:443 "GET /v1/projects/cloud-dev-112233/locations/europe-west3-b/operations/operation-1690708431376-082d780f-09c7-4969-8137-3261497f35cf?alt=json HTTP/1.1" 200 None
2023-07-30 11:16:02,213 DEBUG    urllib3.connectionpool Starting new HTTPS connection (1): container.googleapis.com:443
2023-07-30 11:16:02,430 DEBUG    urllib3.connectionpool https://container.googleapis.com:443 "GET /v1/projects/cloud-dev-112233/locations/europe-west3-b/operations/operation-1690708431376-082d780f-09c7-4969-8137-3261497f35cf?alt=json HTTP/1.1" 200 None
2023-07-30 11:16:07,446 DEBUG    urllib3.connectionpool Starting new HTTPS connection (1): container.googleapis.com:443
2023-07-30 11:16:07,683 DEBUG    urllib3.connectionpool https://container.googleapis.com:443 "GET /v1/projects/cloud-dev-112233/locations/europe-west3-b/operations/operation-1690708431376-082d780f-09c7-4969-8137-3261497f35cf?alt=json HTTP/1.1" 200 None
2023-07-30 11:16:12,697 DEBUG    urllib3.connectionpool Starting new HTTPS connection (1): container.googleapis.com:443
2023-07-30 11:16:12,919 DEBUG    urllib3.connectionpool https://container.googleapis.com:443 "GET /v1/projects/cloud-dev-112233/locations/europe-west3-b/operations/operation-1690708431376-082d780f-09c7-4969-8137-3261497f35cf?alt=json HTTP/1.1" 200 None
2023-07-30 11:16:17,937 DEBUG    urllib3.connectionpool Starting new HTTPS connection (1): container.googleapis.com:443
2023-07-30 11:16:18,141 DEBUG    urllib3.connectionpool https://container.googleapis.com:443 "GET /v1/projects/cloud-dev-112233/locations/europe-west3-b/operations/operation-1690708431376-082d780f-09c7-4969-8137-3261497f35cf?alt=json HTTP/1.1" 200 None
2023-07-30 11:16:23,159 DEBUG    urllib3.connectionpool Starting new HTTPS connection (1): container.googleapis.com:443
2023-07-30 11:16:23,374 DEBUG    urllib3.connectionpool https://container.googleapis.com:443 "GET /v1/projects/cloud-dev-112233/locations/europe-west3-b/operations/operation-1690708431376-082d780f-09c7-4969-8137-3261497f35cf?alt=json HTTP/1.1" 200 None
2023-07-30 11:16:28,386 DEBUG    urllib3.connectionpool Starting new HTTPS connection (1): container.googleapis.com:443
2023-07-30 11:16:28,592 DEBUG    urllib3.connectionpool https://container.googleapis.com:443 "GET /v1/projects/cloud-dev-112233/locations/europe-west3-b/operations/operation-1690708431376-082d780f-09c7-4969-8137-3261497f35cf?alt=json HTTP/1.1" 200 None
2023-07-30 11:16:33,603 DEBUG    urllib3.connectionpool Starting new HTTPS connection (1): container.googleapis.com:443
2023-07-30 11:16:33,826 DEBUG    urllib3.connectionpool https://container.googleapis.com:443 "GET /v1/projects/cloud-dev-112233/locations/europe-west3-b/operations/operation-1690708431376-082d780f-09c7-4969-8137-3261497f35cf?alt=json HTTP/1.1" 200 None
2023-07-30 11:16:38,840 DEBUG    urllib3.connectionpool Starting new HTTPS connection (1): container.googleapis.com:443
2023-07-30 11:16:39,052 DEBUG    urllib3.connectionpool https://container.googleapis.com:443 "GET /v1/projects/cloud-dev-112233/locations/europe-west3-b/operations/operation-1690708431376-082d780f-09c7-4969-8137-3261497f35cf?alt=json HTTP/1.1" 200 None
2023-07-30 11:16:44,063 DEBUG    urllib3.connectionpool Starting new HTTPS connection (1): container.googleapis.com:443
2023-07-30 11:16:44,297 DEBUG    urllib3.connectionpool https://container.googleapis.com:443 "GET /v1/projects/cloud-dev-112233/locations/europe-west3-b/operations/operation-1690708431376-082d780f-09c7-4969-8137-3261497f35cf?alt=json HTTP/1.1" 200 None
2023-07-30 11:16:49,307 DEBUG    urllib3.connectionpool Starting new HTTPS connection (1): container.googleapis.com:443
2023-07-30 11:16:49,509 DEBUG    urllib3.connectionpool https://container.googleapis.com:443 "GET /v1/projects/cloud-dev-112233/locations/europe-west3-b/operations/operation-1690708431376-082d780f-09c7-4969-8137-3261497f35cf?alt=json HTTP/1.1" 200 None
2023-07-30 11:16:54,522 DEBUG    urllib3.connectionpool Starting new HTTPS connection (1): container.googleapis.com:443
2023-07-30 11:16:54,741 DEBUG    urllib3.connectionpool https://container.googleapis.com:443 "GET /v1/projects/cloud-dev-112233/locations/europe-west3-b/operations/operation-1690708431376-082d780f-09c7-4969-8137-3261497f35cf?alt=json HTTP/1.1" 200 None
2023-07-30 11:16:59,761 DEBUG    urllib3.connectionpool Starting new HTTPS connection (1): container.googleapis.com:443
2023-07-30 11:17:00,008 DEBUG    urllib3.connectionpool https://container.googleapis.com:443 "GET /v1/projects/cloud-dev-112233/locations/europe-west3-b/operations/operation-1690708431376-082d780f-09c7-4969-8137-3261497f35cf?alt=json HTTP/1.1" 200 None
2023-07-30 11:17:05,034 DEBUG    urllib3.connectionpool Starting new HTTPS connection (1): container.googleapis.com:443
2023-07-30 11:17:05,234 DEBUG    urllib3.connectionpool https://container.googleapis.com:443 "GET /v1/projects/cloud-dev-112233/locations/europe-west3-b/operations/operation-1690708431376-082d780f-09c7-4969-8137-3261497f35cf?alt=json HTTP/1.1" 200 None
2023-07-30 11:17:10,243 DEBUG    urllib3.connectionpool Starting new HTTPS connection (1): container.googleapis.com:443
2023-07-30 11:17:10,466 DEBUG    urllib3.connectionpool https://container.googleapis.com:443 "GET /v1/projects/cloud-dev-112233/locations/europe-west3-b/operations/operation-1690708431376-082d780f-09c7-4969-8137-3261497f35cf?alt=json HTTP/1.1" 200 None
2023-07-30 11:17:15,481 DEBUG    urllib3.connectionpool Starting new HTTPS connection (1): container.googleapis.com:443
2023-07-30 11:17:15,676 DEBUG    urllib3.connectionpool https://container.googleapis.com:443 "GET /v1/projects/cloud-dev-112233/locations/europe-west3-b/operations/operation-1690708431376-082d780f-09c7-4969-8137-3261497f35cf?alt=json HTTP/1.1" 200 None
2023-07-30 11:17:20,693 DEBUG    urllib3.connectionpool Starting new HTTPS connection (1): container.googleapis.com:443
2023-07-30 11:17:20,919 DEBUG    urllib3.connectionpool https://container.googleapis.com:443 "GET /v1/projects/cloud-dev-112233/locations/europe-west3-b/operations/operation-1690708431376-082d780f-09c7-4969-8137-3261497f35cf?alt=json HTTP/1.1" 200 None
2023-07-30 11:17:25,931 DEBUG    urllib3.connectionpool Starting new HTTPS connection (1): container.googleapis.com:443
2023-07-30 11:17:26,154 DEBUG    urllib3.connectionpool https://container.googleapis.com:443 "GET /v1/projects/cloud-dev-112233/locations/europe-west3-b/operations/operation-1690708431376-082d780f-09c7-4969-8137-3261497f35cf?alt=json HTTP/1.1" 200 None
2023-07-30 11:17:31,168 DEBUG    urllib3.connectionpool Starting new HTTPS connection (1): container.googleapis.com:443
2023-07-30 11:17:31,386 DEBUG    urllib3.connectionpool https://container.googleapis.com:443 "GET /v1/projects/cloud-dev-112233/locations/europe-west3-b/operations/operation-1690708431376-082d780f-09c7-4969-8137-3261497f35cf?alt=json HTTP/1.1" 200 None
2023-07-30 11:17:36,401 DEBUG    urllib3.connectionpool Starting new HTTPS connection (1): container.googleapis.com:443
2023-07-30 11:17:36,612 DEBUG    urllib3.connectionpool https://container.googleapis.com:443 "GET /v1/projects/cloud-dev-112233/locations/europe-west3-b/operations/operation-1690708431376-082d780f-09c7-4969-8137-3261497f35cf?alt=json HTTP/1.1" 200 None
2023-07-30 11:17:41,630 DEBUG    urllib3.connectionpool Starting new HTTPS connection (1): container.googleapis.com:443
2023-07-30 11:17:41,854 DEBUG    urllib3.connectionpool https://container.googleapis.com:443 "GET /v1/projects/cloud-dev-112233/locations/europe-west3-b/operations/operation-1690708431376-082d780f-09c7-4969-8137-3261497f35cf?alt=json HTTP/1.1" 200 None
2023-07-30 11:17:46,874 DEBUG    urllib3.connectionpool Starting new HTTPS connection (1): container.googleapis.com:443
2023-07-30 11:17:47,085 DEBUG    urllib3.connectionpool https://container.googleapis.com:443 "GET /v1/projects/cloud-dev-112233/locations/europe-west3-b/operations/operation-1690708431376-082d780f-09c7-4969-8137-3261497f35cf?alt=json HTTP/1.1" 200 None
2023-07-30 11:17:52,099 DEBUG    urllib3.connectionpool Starting new HTTPS connection (1): container.googleapis.com:443
2023-07-30 11:17:52,324 DEBUG    urllib3.connectionpool https://container.googleapis.com:443 "GET /v1/projects/cloud-dev-112233/locations/europe-west3-b/operations/operation-1690708431376-082d780f-09c7-4969-8137-3261497f35cf?alt=json HTTP/1.1" 200 None
2023-07-30 11:17:57,357 DEBUG    urllib3.connectionpool Starting new HTTPS connection (1): container.googleapis.com:443
2023-07-30 11:17:57,571 DEBUG    urllib3.connectionpool https://container.googleapis.com:443 "GET /v1/projects/cloud-dev-112233/locations/europe-west3-b/operations/operation-1690708431376-082d780f-09c7-4969-8137-3261497f35cf?alt=json HTTP/1.1" 200 None
2023-07-30 11:18:02,583 DEBUG    urllib3.connectionpool Starting new HTTPS connection (1): container.googleapis.com:443
2023-07-30 11:18:02,733 DEBUG    urllib3.connectionpool https://container.googleapis.com:443 "GET /v1/projects/cloud-dev-112233/locations/europe-west3-b/operations/operation-1690708431376-082d780f-09c7-4969-8137-3261497f35cf?alt=json HTTP/1.1" 200 None
2023-07-30 11:18:07,746 DEBUG    urllib3.connectionpool Starting new HTTPS connection (1): container.googleapis.com:443
2023-07-30 11:18:07,950 DEBUG    urllib3.connectionpool https://container.googleapis.com:443 "GET /v1/projects/cloud-dev-112233/locations/europe-west3-b/operations/operation-1690708431376-082d780f-09c7-4969-8137-3261497f35cf?alt=json HTTP/1.1" 200 None
2023-07-30 11:18:12,958 DEBUG    urllib3.connectionpool Starting new HTTPS connection (1): container.googleapis.com:443
2023-07-30 11:18:13,169 DEBUG    urllib3.connectionpool https://container.googleapis.com:443 "GET /v1/projects/cloud-dev-112233/locations/europe-west3-b/operations/operation-1690708431376-082d780f-09c7-4969-8137-3261497f35cf?alt=json HTTP/1.1" 200 None
2023-07-30 11:18:18,193 DEBUG    urllib3.connectionpool Starting new HTTPS connection (1): container.googleapis.com:443
2023-07-30 11:18:18,406 DEBUG    urllib3.connectionpool https://container.googleapis.com:443 "GET /v1/projects/cloud-dev-112233/locations/europe-west3-b/operations/operation-1690708431376-082d780f-09c7-4969-8137-3261497f35cf?alt=json HTTP/1.1" 200 None
2023-07-30 11:18:23,414 DEBUG    urllib3.connectionpool Starting new HTTPS connection (1): container.googleapis.com:443
2023-07-30 11:18:23,544 DEBUG    urllib3.connectionpool https://container.googleapis.com:443 "GET /v1/projects/cloud-dev-112233/locations/europe-west3-b/operations/operation-1690708431376-082d780f-09c7-4969-8137-3261497f35cf?alt=json HTTP/1.1" 200 None
2023-07-30 11:18:28,553 DEBUG    urllib3.connectionpool Starting new HTTPS connection (1): container.googleapis.com:443
2023-07-30 11:18:28,767 DEBUG    urllib3.connectionpool https://container.googleapis.com:443 "GET /v1/projects/cloud-dev-112233/locations/europe-west3-b/operations/operation-1690708431376-082d780f-09c7-4969-8137-3261497f35cf?alt=json HTTP/1.1" 200 None
2023-07-30 11:18:33,778 DEBUG    urllib3.connectionpool Starting new HTTPS connection (1): container.googleapis.com:443
2023-07-30 11:18:33,989 DEBUG    urllib3.connectionpool https://container.googleapis.com:443 "GET /v1/projects/cloud-dev-112233/locations/europe-west3-b/operations/operation-1690708431376-082d780f-09c7-4969-8137-3261497f35cf?alt=json HTTP/1.1" 200 None
2023-07-30 11:18:39,007 DEBUG    urllib3.connectionpool Starting new HTTPS connection (1): container.googleapis.com:443
2023-07-30 11:18:39,223 DEBUG    urllib3.connectionpool https://container.googleapis.com:443 "GET /v1/projects/cloud-dev-112233/locations/europe-west3-b/operations/operation-1690708431376-082d780f-09c7-4969-8137-3261497f35cf?alt=json HTTP/1.1" 200 None
2023-07-30 11:18:44,235 DEBUG    urllib3.connectionpool Starting new HTTPS connection (1): container.googleapis.com:443
2023-07-30 11:18:44,445 DEBUG    urllib3.connectionpool https://container.googleapis.com:443 "GET /v1/projects/cloud-dev-112233/locations/europe-west3-b/operations/operation-1690708431376-082d780f-09c7-4969-8137-3261497f35cf?alt=json HTTP/1.1" 200 None
2023-07-30 11:18:49,463 DEBUG    urllib3.connectionpool Starting new HTTPS connection (1): container.googleapis.com:443
2023-07-30 11:18:49,684 DEBUG    urllib3.connectionpool https://container.googleapis.com:443 "GET /v1/projects/cloud-dev-112233/locations/europe-west3-b/operations/operation-1690708431376-082d780f-09c7-4969-8137-3261497f35cf?alt=json HTTP/1.1" 200 None
2023-07-30 11:18:54,696 DEBUG    urllib3.connectionpool Starting new HTTPS connection (1): container.googleapis.com:443
2023-07-30 11:18:54,896 DEBUG    urllib3.connectionpool https://container.googleapis.com:443 "GET /v1/projects/cloud-dev-112233/locations/europe-west3-b/operations/operation-1690708431376-082d780f-09c7-4969-8137-3261497f35cf?alt=json HTTP/1.1" 200 None
2023-07-30 11:18:59,908 DEBUG    urllib3.connectionpool Starting new HTTPS connection (1): container.googleapis.com:443
2023-07-30 11:19:00,126 DEBUG    urllib3.connectionpool https://container.googleapis.com:443 "GET /v1/projects/cloud-dev-112233/locations/europe-west3-b/operations/operation-1690708431376-082d780f-09c7-4969-8137-3261497f35cf?alt=json HTTP/1.1" 200 None
2023-07-30 11:19:05,144 DEBUG    urllib3.connectionpool Starting new HTTPS connection (1): container.googleapis.com:443
2023-07-30 11:19:05,367 DEBUG    urllib3.connectionpool https://container.googleapis.com:443 "GET /v1/projects/cloud-dev-112233/locations/europe-west3-b/operations/operation-1690708431376-082d780f-09c7-4969-8137-3261497f35cf?alt=json HTTP/1.1" 200 None
2023-07-30 11:19:10,382 DEBUG    urllib3.connectionpool Starting new HTTPS connection (1): container.googleapis.com:443
2023-07-30 11:19:10,587 DEBUG    urllib3.connectionpool https://container.googleapis.com:443 "GET /v1/projects/cloud-dev-112233/locations/europe-west3-b/operations/operation-1690708431376-082d780f-09c7-4969-8137-3261497f35cf?alt=json HTTP/1.1" 200 None
2023-07-30 11:19:15,602 DEBUG    urllib3.connectionpool Starting new HTTPS connection (1): container.googleapis.com:443
2023-07-30 11:19:15,806 DEBUG    urllib3.connectionpool https://container.googleapis.com:443 "GET /v1/projects/cloud-dev-112233/locations/europe-west3-b/operations/operation-1690708431376-082d780f-09c7-4969-8137-3261497f35cf?alt=json HTTP/1.1" 200 None
2023-07-30 11:19:20,815 DEBUG    urllib3.connectionpool Starting new HTTPS connection (1): container.googleapis.com:443
2023-07-30 11:19:21,030 DEBUG    urllib3.connectionpool https://container.googleapis.com:443 "GET /v1/projects/cloud-dev-112233/locations/europe-west3-b/operations/operation-1690708431376-082d780f-09c7-4969-8137-3261497f35cf?alt=json HTTP/1.1" 200 None
2023-07-30 11:19:26,039 DEBUG    urllib3.connectionpool Starting new HTTPS connection (1): container.googleapis.com:443
2023-07-30 11:19:26,258 DEBUG    urllib3.connectionpool https://container.googleapis.com:443 "GET /v1/projects/cloud-dev-112233/locations/europe-west3-b/operations/operation-1690708431376-082d780f-09c7-4969-8137-3261497f35cf?alt=json HTTP/1.1" 200 None
2023-07-30 11:19:31,275 DEBUG    urllib3.connectionpool Starting new HTTPS connection (1): container.googleapis.com:443
2023-07-30 11:19:31,489 DEBUG    urllib3.connectionpool https://container.googleapis.com:443 "GET /v1/projects/cloud-dev-112233/locations/europe-west3-b/operations/operation-1690708431376-082d780f-09c7-4969-8137-3261497f35cf?alt=json HTTP/1.1" 200 None
2023-07-30 11:19:36,500 DEBUG    urllib3.connectionpool Starting new HTTPS connection (1): container.googleapis.com:443
2023-07-30 11:19:36,715 DEBUG    urllib3.connectionpool https://container.googleapis.com:443 "GET /v1/projects/cloud-dev-112233/locations/europe-west3-b/operations/operation-1690708431376-082d780f-09c7-4969-8137-3261497f35cf?alt=json HTTP/1.1" 200 None
2023-07-30 11:19:41,728 DEBUG    urllib3.connectionpool Starting new HTTPS connection (1): container.googleapis.com:443
2023-07-30 11:19:41,925 DEBUG    urllib3.connectionpool https://container.googleapis.com:443 "GET /v1/projects/cloud-dev-112233/locations/europe-west3-b/operations/operation-1690708431376-082d780f-09c7-4969-8137-3261497f35cf?alt=json HTTP/1.1" 200 None
2023-07-30 11:19:41,929 INFO     root            Operation <Operation
 clusterConditions: []
 endTime: '2023-07-30T09:19:37.564620336Z'
 name: 'operation-1690708431376-082d780f-09c7-4969-8137-3261497f35cf'
 nodepoolConditions: []
 operationType: OperationTypeValueValuesEnum(CREATE_CLUSTER, 1)
 progress: <OperationProgress
 metrics: [<Metric
 intValue: 9
 name: 'CLUSTER_CONFIGURING'>, <Metric
 intValue: 9
 name: 'CLUSTER_CONFIGURING_TOTAL'>, <Metric
 intValue: 12
 name: 'CLUSTER_DEPLOYING'>, <Metric
 intValue: 12
 name: 'CLUSTER_DEPLOYING_TOTAL'>, <Metric
 intValue: 1
 name: 'CLUSTER_HEALTHCHECKING'>, <Metric
 intValue: 2
 name: 'CLUSTER_HEALTHCHECKING_TOTAL'>]
 stages: []>
 selfLink: 'https://container.googleapis.com/v1/projects/166042509722/zones/europe-west3-b/operations/operation-1690708431376-082d780f-09c7-4969-8137-3261497f35cf'
 startTime: '2023-07-30T09:13:51.376718388Z'
 status: StatusValueValuesEnum(DONE, 3)
 targetLink: 'https://container.googleapis.com/v1/projects/166042509722/zones/europe-west3-b/clusters/inel-15608'
 zone: 'europe-west3-b'> succeeded after 350.512 seconds
2023-07-30 11:19:42,010 DEBUG    urllib3.connectionpool Starting new HTTPS connection (1): container.googleapis.com:443
2023-07-30 11:19:42,235 DEBUG    urllib3.connectionpool https://container.googleapis.com:443 "GET /v1/projects/cloud-dev-112233/locations/europe-west3-b/clusters/inel-15608?alt=json HTTP/1.1" 200 None
2023-07-30 11:19:42,253 INFO     ___FILE_ONLY___ Created [https://container.googleapis.com/v1/projects/cloud-dev-112233/zones/europe-west3-b/clusters/inel-15608].

2023-07-30 11:19:42,253 INFO     ___FILE_ONLY___ To inspect the contents of your cluster, go to: https://console.cloud.google.com/kubernetes/workload_/gcloud/europe-west3-b/inel-15608?project=cloud-dev-112233

2023-07-30 11:19:42,800 DEBUG    root            Saved kubeconfig to /Users/inelpandzic/.kube/config
2023-07-30 11:19:42,800 INFO     ___FILE_ONLY___ kubeconfig entry generated for inel-15608.

2023-07-30 11:19:42,801 DEBUG    root            Chosen display Format:
    table(
        name,
        zone:label=LOCATION,
        master_version():label=MASTER_VERSION,
        endpoint:label=MASTER_IP,
        nodePools[0].config.machineType,
        currentNodeVersion:label=NODE_VERSION,
        firstof(currentNodeCount,initialNodeCount):label=NUM_NODES,
        status
    )

2023-07-30 11:19:42,801 INFO     root            Display format: "
    table(
        name,
        zone:label=LOCATION,
        master_version():label=MASTER_VERSION,
        endpoint:label=MASTER_IP,
        nodePools[0].config.machineType,
        currentNodeVersion:label=NODE_VERSION,
        firstof(currentNodeCount,initialNodeCount):label=NUM_NODES,
        status
    )
"
2023-07-30 11:19:42,803 INFO     ___FILE_ONLY___ NAME
2023-07-30 11:19:42,803 INFO     ___FILE_ONLY___         
2023-07-30 11:19:42,803 INFO     ___FILE_ONLY___ LOCATION
2023-07-30 11:19:42,803 INFO     ___FILE_ONLY___         
2023-07-30 11:19:42,803 INFO     ___FILE_ONLY___ MASTER_VERSION
2023-07-30 11:19:42,803 INFO     ___FILE_ONLY___     
2023-07-30 11:19:42,804 INFO     ___FILE_ONLY___ MASTER_IP
2023-07-30 11:19:42,804 INFO     ___FILE_ONLY___       
2023-07-30 11:19:42,804 INFO     ___FILE_ONLY___ MACHINE_TYPE
2023-07-30 11:19:42,804 INFO     ___FILE_ONLY___    
2023-07-30 11:19:42,804 INFO     ___FILE_ONLY___ NODE_VERSION
2023-07-30 11:19:42,804 INFO     ___FILE_ONLY___       
2023-07-30 11:19:42,804 INFO     ___FILE_ONLY___ NUM_NODES
2023-07-30 11:19:42,804 INFO     ___FILE_ONLY___   
2023-07-30 11:19:42,804 INFO     ___FILE_ONLY___ STATUS
2023-07-30 11:19:42,804 INFO     ___FILE_ONLY___ 

2023-07-30 11:19:42,804 INFO     ___FILE_ONLY___ inel-15608
2023-07-30 11:19:42,804 INFO     ___FILE_ONLY___   
2023-07-30 11:19:42,804 INFO     ___FILE_ONLY___ europe-west3-b
2023-07-30 11:19:42,804 INFO     ___FILE_ONLY___   
2023-07-30 11:19:42,804 INFO     ___FILE_ONLY___ 1.25.11-gke.1700
2023-07-30 11:19:42,804 INFO     ___FILE_ONLY___   
2023-07-30 11:19:42,804 INFO     ___FILE_ONLY___ 35.198.79.170
2023-07-30 11:19:42,804 INFO     ___FILE_ONLY___   
2023-07-30 11:19:42,804 INFO     ___FILE_ONLY___ n1-standard-4
2023-07-30 11:19:42,804 INFO     ___FILE_ONLY___   
2023-07-30 11:19:42,804 INFO     ___FILE_ONLY___ 1.25.11-gke.1700
2023-07-30 11:19:42,804 INFO     ___FILE_ONLY___   
2023-07-30 11:19:42,804 INFO     ___FILE_ONLY___ 3
2023-07-30 11:19:42,804 INFO     ___FILE_ONLY___           
2023-07-30 11:19:42,804 INFO     ___FILE_ONLY___ RUNNING
2023-07-30 11:19:42,804 INFO     ___FILE_ONLY___ 

2023-07-30 11:19:42,805 INFO     ___FILE_ONLY___ 

Updates are available for some Google Cloud CLI components.  To install them,
please run:
  $ gcloud components update


2023-07-30 11:19:42,810 DEBUG    root            Metrics reporting process started...
