2023-12-05 10:41:50,271 DEBUG    root            Loaded Command Group: ['gcloud', 'config']
2023-12-05 10:41:50,273 DEBUG    root            Loaded Command Group: ['gcloud', 'config', 'config_helper']
2023-12-05 10:41:50,274 DEBUG    root            Running [gcloud.config.config-helper] with arguments: [--format: "json"]
2023-12-05 10:41:50,276 DEBUG    root            Chosen display Format:default json
2023-12-05 10:41:50,277 INFO     root            Display format: "default json"
2023-12-05 10:41:50,277 INFO     ___FILE_ONLY___ {
  "configuration": {
    "active_configuration": "percona-cloud-dev",
    "properties": {
      "core": {
        "account": "inel.pandzic@percona.com",
        "disable_usage_reporting": "False",
        "project": "cloud-dev-112233"
      }
    }
  },
  "credential": {
    "access_token": "ya29.a0AfB_byAz2NGtKhkbPmd_VvZc2a6IuAeRzm_WvaAFZmFE8R5FKmgAiJh_0uZuOzPdveZNa4g9pMap9U_SchxuX4OYyzVLSgs1RuuG6iu5CoJZSVYHXQAFG4ZcWUU2tMwodntIdG6q5pl94CJS7JYmbUD88z96OHNFdaXYihKozcTtaCgYKASQSARESFQHGX2MiAoICUqKOWfe6NPJuzwCTBg0179",
    "id_token": "eyJhbGciOiJSUzI1NiIsImtpZCI6ImU0YWRmYjQzNmI5ZTE5N2UyZTExMDZhZjJjODQyMjg0ZTQ5ODZhZmYiLCJ0eXAiOiJKV1QifQ.eyJpc3MiOiJodHRwczovL2FjY291bnRzLmdvb2dsZS5jb20iLCJhenAiOiIzMjU1NTk0MDU1OS5hcHBzLmdvb2dsZXVzZXJjb250ZW50LmNvbSIsImF1ZCI6IjMyNTU1OTQwNTU5LmFwcHMuZ29vZ2xldXNlcmNvbnRlbnQuY29tIiwic3ViIjoiMTA3NDA5ODEzMzQ0NTU5NDQzNDA3IiwiaGQiOiJwZXJjb25hLmNvbSIsImVtYWlsIjoiaW5lbC5wYW5kemljQHBlcmNvbmEuY29tIiwiZW1haWxfdmVyaWZpZWQiOnRydWUsImF0X2hhc2giOiJLd01OcGdTZXMyOEt1aVVNd0NydmNRIiwiaWF0IjoxNzAxNzY4ODE4LCJleHAiOjE3MDE3NzI0MTh9.K-7KDmIJLz23dRjdhor6j1sMZ4IQIgsivkhmKRYZxs-LT6pqoLvU00joLOAn5hzPYrAozDlRkiM2W_cb8tWxflHbB6eRU0urTL0J2BKjIBPdhg4tK69gMd93DXGmnsVhMSWfNU8E17z8K_86WDZdOpaxXR8AZQAaQ_TDKt2vL3ZseJDTA7tx3t17FRN167eNugfQ683AL5STIyKWK38-1qrkRGXObzzkJlPcDzDuCtjRMUdDxZUJJoUBsNtq2Fv9jz7A8cxpujYNGicnpAuoYohXWYUKHNgOWAYM5slbkawiz6g9LYNdllfRfyshqQnKsqlZgtbcl1YddKTTyKdFBA",
    "token_expiry": "2023-12-05T10:33:37Z"
  },
  "sentinels": {
    "config_sentinel": "/Users/inelpandzic/.config/gcloud/config_sentinel"
  }
}
2023-12-05 10:41:50,277 INFO     ___FILE_ONLY___ 

2023-12-05 10:41:50,281 DEBUG    root            Metrics reporting process started...
