2023-12-05 13:32:55,136 DEBUG    root            Loaded Command Group: ['gcloud', 'config']
2023-12-05 13:32:55,138 DEBUG    root            Loaded Command Group: ['gcloud', 'config', 'config_helper']
2023-12-05 13:32:55,138 DEBUG    root            Running [gcloud.config.config-helper] with arguments: [--format: "json"]
2023-12-05 13:32:55,158 DEBUG    google.auth.transport.requests Making request: POST https://oauth2.googleapis.com/token
2023-12-05 13:32:55,175 DEBUG    urllib3.connectionpool Starting new HTTPS connection (1): oauth2.googleapis.com:443
2023-12-05 13:32:55,332 DEBUG    urllib3.connectionpool https://oauth2.googleapis.com:443 "POST /token HTTP/1.1" 200 None
2023-12-05 13:32:55,340 DEBUG    root            Chosen display Format:default json
2023-12-05 13:32:55,341 INFO     root            Display format: "default json"
2023-12-05 13:32:55,341 INFO     ___FILE_ONLY___ {
  "configuration": {
    "active_configuration": "percona-cloud-dev",
    "properties": {
      "core": {
        "account": "inel.pandzic@percona.com",
        "disable_usage_reporting": "False",
        "project": "cloud-dev-112233"
      }
    }
  },
  "credential": {
    "access_token": "ya29.a0AfB_byBaMnux7uAWlDRyn8lN3cuDpxvgKY90M11w-1LhjQ5Fi1Pcpxn06-DXGg4zFUO2JG-ZEbm3nqH97l5oeuSSeCfJAcg6Jb1WKcqf8u28jeSjKvCjxMiSU-6x9Xf9cFKh20ntGlpko_0_hjRIrzTC6BQvXxjH03Vmsr5wQglwaCgYKAZQSARESFQHGX2MiXqIwMfB6BAFHPjyKN1WqGQ0179",
    "id_token": "eyJhbGciOiJSUzI1NiIsImtpZCI6ImU0YWRmYjQzNmI5ZTE5N2UyZTExMDZhZjJjODQyMjg0ZTQ5ODZhZmYiLCJ0eXAiOiJKV1QifQ.eyJpc3MiOiJodHRwczovL2FjY291bnRzLmdvb2dsZS5jb20iLCJhenAiOiIzMjU1NTk0MDU1OS5hcHBzLmdvb2dsZXVzZXJjb250ZW50LmNvbSIsImF1ZCI6IjMyNTU1OTQwNTU5LmFwcHMuZ29vZ2xldXNlcmNvbnRlbnQuY29tIiwic3ViIjoiMTA3NDA5ODEzMzQ0NTU5NDQzNDA3IiwiaGQiOiJwZXJjb25hLmNvbSIsImVtYWlsIjoiaW5lbC5wYW5kemljQHBlcmNvbmEuY29tIiwiZW1haWxfdmVyaWZpZWQiOnRydWUsImF0X2hhc2giOiJUQnZxWlp1bGthUU5iYnAydGdaaE5BIiwiaWF0IjoxNzAxNzc5NTc1LCJleHAiOjE3MDE3ODMxNzV9.jzrcAeBwP2VvQ1Mq44vlVY-pZaOB9GejicwMVABR4BVHrqhBZvcW5gOQxX0AQmjHq4igyPhwCwEncexxsYIFywEEZCZgCLpTwffd8ZVX93jaU3A5eOBsuWZL4RwfWRjfF1BEr_h7xrhz-XCtbhNYzDZzzLsGdFDgUa1viinvo8hJZHLsnBcG4tnW4UmqkNfOCriFlVfN4s70GG-OvuuMaMurTGIynmDzN2D70cQJecuDyrkKcbk4Wb5JnhEEaWx9h4YGVjn_6PZXMCVq9mof-dREYYekIBYaQi5MV8JdfIlk_lGWTv-gVSe57nM__TVkYpfwGSLjbRGwY61_iXHPqw",
    "token_expiry": "2023-12-05T13:32:54Z"
  },
  "sentinels": {
    "config_sentinel": "/Users/inelpandzic/.config/gcloud/config_sentinel"
  }
}
2023-12-05 13:32:55,341 INFO     ___FILE_ONLY___ 

2023-12-05 13:32:55,350 DEBUG    root            Metrics reporting process started...
