2022-11-18 07:56:22,364 DEBUG    root            Loaded Command Group: ['gcloud', 'config']
2022-11-18 07:56:22,366 DEBUG    root            Loaded Command Group: ['gcloud', 'config', 'config_helper']
2022-11-18 07:56:22,367 DEBUG    root            Running [gcloud.config.config-helper] with arguments: [--format: "json"]
2022-11-18 07:56:22,383 DEBUG    google.auth.transport.requests Making request: POST https://oauth2.googleapis.com/token
2022-11-18 07:56:22,393 DEBUG    urllib3.connectionpool Starting new HTTPS connection (1): oauth2.googleapis.com:443
2022-11-18 07:56:22,539 DEBUG    urllib3.connectionpool https://oauth2.googleapis.com:443 "POST /token HTTP/1.1" 200 None
2022-11-18 07:56:22,546 INFO     root            Display format: "default json"
2022-11-18 07:56:22,546 INFO     ___FILE_ONLY___ {
  "configuration": {
    "active_configuration": "percona-cloud-dev",
    "properties": {
      "core": {
        "account": "inel.pandzic@percona.com",
        "disable_usage_reporting": "False",
        "project": "cloud-dev-112233"
      }
    }
  },
  "credential": {
    "access_token": "ya29.a0AeTM1ifjJRDS46EO99T7pD-Jb3FvoMHtFWgKOTdBoBo9FB4KYY6tftNpvfl8I7gZe4EnILxO5UwFt2w2lweM3T5oT2DMB5za9MGSNuFZsL4RMYPw8ns2o3TGZfKvJdwyKubI0ruUBrng3DZk7bITsW3RmTiPGjuWricHYa0aCgYKAcQSARESFQHWtWOm9RadzwP13AiUomb10mjsjw0174",
    "id_token": "eyJhbGciOiJSUzI1NiIsImtpZCI6IjcxM2ZkNjhjOTY2ZTI5MzgwOTgxZWRjMDE2NGEyZjZjMDZjNTcwMmEiLCJ0eXAiOiJKV1QifQ.eyJpc3MiOiJodHRwczovL2FjY291bnRzLmdvb2dsZS5jb20iLCJhenAiOiIzMjU1NTk0MDU1OS5hcHBzLmdvb2dsZXVzZXJjb250ZW50LmNvbSIsImF1ZCI6IjMyNTU1OTQwNTU5LmFwcHMuZ29vZ2xldXNlcmNvbnRlbnQuY29tIiwic3ViIjoiMTA3NDA5ODEzMzQ0NTU5NDQzNDA3IiwiaGQiOiJwZXJjb25hLmNvbSIsImVtYWlsIjoiaW5lbC5wYW5kemljQHBlcmNvbmEuY29tIiwiZW1haWxfdmVyaWZpZWQiOnRydWUsImF0X2hhc2giOiJvV05ucl9uV19FRnNQUW1kS1hBWlRRIiwiaWF0IjoxNjY4NzU0NTgyLCJleHAiOjE2Njg3NTgxODJ9.iBDIwLokk_eSNZYHTSXUV75tcB5d75gN2AsReSVoi9HZQkZPU57htBohAEVykzuz-PxS_UAa0Hmgi5TJJAEik7Rrw-HQL7j1jBqdC-ytWsgC-XfycqpxL4jxPj7NsWPuqEs0QKdTF_ow3vuem1jL1UN39jFB7b1zek5-hYMoLSBkDM2afH9sTZGhfVWeRzYLoB4v8-x2jLcyuiCSbJ5uUbC6m7ESd4SrZxF_cIx0A3GOmc9dnFvmQ7JMuoZoLE0qXmq_VU0t2J-faGaYkD_Yp5lH4PUgjZOCTJRmi0e9QpEb_2Gv9oCIHB4yjgMdpVqVt4pl4MjQ9dROU7U9KZ4SwQ",
    "token_expiry": "2022-11-18T07:56:21Z"
  },
  "sentinels": {
    "config_sentinel": "/Users/inelpandzic/.config/gcloud/config_sentinel"
  }
}
2022-11-18 07:56:22,546 INFO     ___FILE_ONLY___ 

2022-11-18 07:56:22,557 DEBUG    root            Metrics reporting process started...
