2022-11-18 09:11:55,977 DEBUG    root            Loaded Command Group: ['gcloud', 'container', 'clusters']
2022-11-18 09:11:55,979 DEBUG    root            Loaded Command Group: ['gcloud', 'container', 'clusters', 'list']
2022-11-18 09:11:55,998 DEBUG    google.auth.transport.requests Making request: POST https://oauth2.googleapis.com/token
2022-11-18 09:11:56,010 DEBUG    urllib3.connectionpool Starting new HTTPS connection (1): oauth2.googleapis.com:443
2022-11-18 09:11:56,164 DEBUG    urllib3.connectionpool https://oauth2.googleapis.com:443 "POST /token HTTP/1.1" 200 None
2022-11-18 09:11:56,188 DEBUG    root            Running [gcloud.container.clusters.list] with arguments: []
2022-11-18 09:11:56,235 DEBUG    urllib3.connectionpool Starting new HTTPS connection (1): container.googleapis.com:443
2022-11-18 09:11:56,845 DEBUG    urllib3.connectionpool https://container.googleapis.com:443 "GET /v1/projects/cloud-dev-112233/locations/-/clusters?alt=json HTTP/1.1" 200 None
2022-11-18 09:11:56,932 INFO     root            Display format: "
    table(
        name,
        zone:label=LOCATION,
        master_version():label=MASTER_VERSION,
        endpoint:label=MASTER_IP,
        nodePools[0].config.machineType,
        currentNodeVersion:label=NODE_VERSION,
        firstof(currentNodeCount,initialNodeCount):label=NUM_NODES,
        status
    )
"
2022-11-18 09:11:56,965 INFO     ___FILE_ONLY___ NAME
2022-11-18 09:11:56,965 INFO     ___FILE_ONLY___                                
2022-11-18 09:11:56,965 INFO     ___FILE_ONLY___ LOCATION
2022-11-18 09:11:56,965 INFO     ___FILE_ONLY___         
2022-11-18 09:11:56,965 INFO     ___FILE_ONLY___ MASTER_VERSION
2022-11-18 09:11:56,965 INFO     ___FILE_ONLY___     
2022-11-18 09:11:56,965 INFO     ___FILE_ONLY___ MASTER_IP
2022-11-18 09:11:56,965 INFO     ___FILE_ONLY___         
2022-11-18 09:11:56,965 INFO     ___FILE_ONLY___ MACHINE_TYPE
2022-11-18 09:11:56,965 INFO     ___FILE_ONLY___    
2022-11-18 09:11:56,965 INFO     ___FILE_ONLY___ NODE_VERSION
2022-11-18 09:11:56,965 INFO     ___FILE_ONLY___         
2022-11-18 09:11:56,965 INFO     ___FILE_ONLY___ NUM_NODES
2022-11-18 09:11:56,965 INFO     ___FILE_ONLY___   
2022-11-18 09:11:56,965 INFO     ___FILE_ONLY___ STATUS
2022-11-18 09:11:56,965 INFO     ___FILE_ONLY___ 

2022-11-18 09:11:56,965 INFO     ___FILE_ONLY___ andrii-7664
2022-11-18 09:11:56,965 INFO     ___FILE_ONLY___                         
2022-11-18 09:11:56,965 INFO     ___FILE_ONLY___ europe-west1-c
2022-11-18 09:11:56,965 INFO     ___FILE_ONLY___   
2022-11-18 09:11:56,965 INFO     ___FILE_ONLY___ 1.22.12-gke.2300
2022-11-18 09:11:56,965 INFO     ___FILE_ONLY___   
2022-11-18 09:11:56,965 INFO     ___FILE_ONLY___ 34.78.234.85
2022-11-18 09:11:56,965 INFO     ___FILE_ONLY___      
2022-11-18 09:11:56,965 INFO     ___FILE_ONLY___ n1-standard-4
2022-11-18 09:11:56,965 INFO     ___FILE_ONLY___   
2022-11-18 09:11:56,965 INFO     ___FILE_ONLY___ 1.21.14-gke.8500 *
2022-11-18 09:11:56,965 INFO     ___FILE_ONLY___   
2022-11-18 09:11:56,965 INFO     ___FILE_ONLY___ 3
2022-11-18 09:11:56,965 INFO     ___FILE_ONLY___           
2022-11-18 09:11:56,966 INFO     ___FILE_ONLY___ RUNNING
2022-11-18 09:11:56,966 INFO     ___FILE_ONLY___ 

2022-11-18 09:11:56,966 INFO     ___FILE_ONLY___ ege-31631
2022-11-18 09:11:56,966 INFO     ___FILE_ONLY___                           
2022-11-18 09:11:56,966 INFO     ___FILE_ONLY___ europe-west3
2022-11-18 09:11:56,966 INFO     ___FILE_ONLY___     
2022-11-18 09:11:56,966 INFO     ___FILE_ONLY___ 1.21.14-gke.7100
2022-11-18 09:11:56,966 INFO     ___FILE_ONLY___   
2022-11-18 09:11:56,966 INFO     ___FILE_ONLY___ 34.89.231.22
2022-11-18 09:11:56,966 INFO     ___FILE_ONLY___      
2022-11-18 09:11:56,966 INFO     ___FILE_ONLY___ n1-standard-4
2022-11-18 09:11:56,966 INFO     ___FILE_ONLY___   
2022-11-18 09:11:56,966 INFO     ___FILE_ONLY___ 1.21.14-gke.7100
2022-11-18 09:11:56,966 INFO     ___FILE_ONLY___     
2022-11-18 09:11:56,966 INFO     ___FILE_ONLY___ 3
2022-11-18 09:11:56,966 INFO     ___FILE_ONLY___           
2022-11-18 09:11:56,966 INFO     ___FILE_ONLY___ RUNNING
2022-11-18 09:11:56,966 INFO     ___FILE_ONLY___ 

2022-11-18 09:11:56,966 INFO     ___FILE_ONLY___ slava-pxc
2022-11-18 09:11:56,966 INFO     ___FILE_ONLY___                           
2022-11-18 09:11:56,966 INFO     ___FILE_ONLY___ europe-west3-a
2022-11-18 09:11:56,966 INFO     ___FILE_ONLY___   
2022-11-18 09:11:56,966 INFO     ___FILE_ONLY___ 1.21.14-gke.8500
2022-11-18 09:11:56,966 INFO     ___FILE_ONLY___   
2022-11-18 09:11:56,966 INFO     ___FILE_ONLY___ 35.198.124.34
2022-11-18 09:11:56,966 INFO     ___FILE_ONLY___     
2022-11-18 09:11:56,966 INFO     ___FILE_ONLY___ n1-standard-4
2022-11-18 09:11:56,966 INFO     ___FILE_ONLY___   
2022-11-18 09:11:56,966 INFO     ___FILE_ONLY___ 1.21.14-gke.8500
2022-11-18 09:11:56,966 INFO     ___FILE_ONLY___     
2022-11-18 09:11:56,966 INFO     ___FILE_ONLY___ 3
2022-11-18 09:11:56,966 INFO     ___FILE_ONLY___           
2022-11-18 09:11:56,966 INFO     ___FILE_ONLY___ RUNNING
2022-11-18 09:11:56,966 INFO     ___FILE_ONLY___ 

2022-11-18 09:11:56,966 INFO     ___FILE_ONLY___ inel-26321
2022-11-18 09:11:56,966 INFO     ___FILE_ONLY___                          
2022-11-18 09:11:56,966 INFO     ___FILE_ONLY___ europe-west3-b
2022-11-18 09:11:56,966 INFO     ___FILE_ONLY___   
2022-11-18 09:11:56,966 INFO     ___FILE_ONLY___ 1.21.14-gke.9500
2022-11-18 09:11:56,966 INFO     ___FILE_ONLY___   
2022-11-18 09:11:56,966 INFO     ___FILE_ONLY___ 34.89.227.23
2022-11-18 09:11:56,966 INFO     ___FILE_ONLY___      
2022-11-18 09:11:56,966 INFO     ___FILE_ONLY___ n1-standard-4
2022-11-18 09:11:56,966 INFO     ___FILE_ONLY___   
2022-11-18 09:11:56,967 INFO     ___FILE_ONLY___ 1.21.14-gke.9500
2022-11-18 09:11:56,967 INFO     ___FILE_ONLY___     
2022-11-18 09:11:56,967 INFO     ___FILE_ONLY___ 3
2022-11-18 09:11:56,967 INFO     ___FILE_ONLY___           
2022-11-18 09:11:56,967 INFO     ___FILE_ONLY___ RUNNING
2022-11-18 09:11:56,967 INFO     ___FILE_ONLY___ 

2022-11-18 09:11:56,967 INFO     ___FILE_ONLY___ max-30844
2022-11-18 09:11:56,967 INFO     ___FILE_ONLY___                           
2022-11-18 09:11:56,967 INFO     ___FILE_ONLY___ europe-west3-b
2022-11-18 09:11:56,967 INFO     ___FILE_ONLY___   
2022-11-18 09:11:56,967 INFO     ___FILE_ONLY___ 1.22.12-gke.2300
2022-11-18 09:11:56,967 INFO     ___FILE_ONLY___   
2022-11-18 09:11:56,967 INFO     ___FILE_ONLY___ 35.246.193.17
2022-11-18 09:11:56,967 INFO     ___FILE_ONLY___     
2022-11-18 09:11:56,967 INFO     ___FILE_ONLY___ n1-standard-4
2022-11-18 09:11:56,967 INFO     ___FILE_ONLY___   
2022-11-18 09:11:56,967 INFO     ___FILE_ONLY___ 1.22.12-gke.2300
2022-11-18 09:11:56,967 INFO     ___FILE_ONLY___     
2022-11-18 09:11:56,967 INFO     ___FILE_ONLY___ 3
2022-11-18 09:11:56,967 INFO     ___FILE_ONLY___           
2022-11-18 09:11:56,967 INFO     ___FILE_ONLY___ RUNNING
2022-11-18 09:11:56,967 INFO     ___FILE_ONLY___ 

2022-11-18 09:11:56,967 INFO     ___FILE_ONLY___ jen-pxc-1263-591ca48c-22-cluster5
2022-11-18 09:11:56,967 INFO     ___FILE_ONLY___   
2022-11-18 09:11:56,967 INFO     ___FILE_ONLY___ us-central1-a
2022-11-18 09:11:56,967 INFO     ___FILE_ONLY___    
2022-11-18 09:11:56,967 INFO     ___FILE_ONLY___ 1.21.14-gke.8500
2022-11-18 09:11:56,967 INFO     ___FILE_ONLY___   
2022-11-18 09:11:56,967 INFO     ___FILE_ONLY___ 34.71.219.132
2022-11-18 09:11:56,967 INFO     ___FILE_ONLY___     
2022-11-18 09:11:56,967 INFO     ___FILE_ONLY___ n1-standard-4
2022-11-18 09:11:56,967 INFO     ___FILE_ONLY___   
2022-11-18 09:11:56,967 INFO     ___FILE_ONLY___ 1.21.14-gke.8500
2022-11-18 09:11:56,967 INFO     ___FILE_ONLY___     
2022-11-18 09:11:56,967 INFO     ___FILE_ONLY___ 3
2022-11-18 09:11:56,967 INFO     ___FILE_ONLY___           
2022-11-18 09:11:56,967 INFO     ___FILE_ONLY___ RUNNING
2022-11-18 09:11:56,967 INFO     ___FILE_ONLY___ 

2022-11-18 09:11:56,967 INFO     ___FILE_ONLY___ jen-pxc-1263-591ca48c-22-cluster7
2022-11-18 09:11:56,967 INFO     ___FILE_ONLY___   
2022-11-18 09:11:56,967 INFO     ___FILE_ONLY___ us-central1-a
2022-11-18 09:11:56,967 INFO     ___FILE_ONLY___    
2022-11-18 09:11:56,967 INFO     ___FILE_ONLY___ 1.21.14-gke.8500
2022-11-18 09:11:56,967 INFO     ___FILE_ONLY___   
2022-11-18 09:11:56,967 INFO     ___FILE_ONLY___ 34.28.68.187
2022-11-18 09:11:56,967 INFO     ___FILE_ONLY___      
2022-11-18 09:11:56,967 INFO     ___FILE_ONLY___ n1-standard-4
2022-11-18 09:11:56,967 INFO     ___FILE_ONLY___   
2022-11-18 09:11:56,967 INFO     ___FILE_ONLY___ 1.21.14-gke.8500
2022-11-18 09:11:56,967 INFO     ___FILE_ONLY___     
2022-11-18 09:11:56,968 INFO     ___FILE_ONLY___ 3
2022-11-18 09:11:56,968 INFO     ___FILE_ONLY___           
2022-11-18 09:11:56,968 INFO     ___FILE_ONLY___ RUNNING
2022-11-18 09:11:56,968 INFO     ___FILE_ONLY___ 

2022-11-18 09:11:56,968 INFO     ___FILE_ONLY___ jen-pxc-1263-591ca48c-22-cluster8
2022-11-18 09:11:56,968 INFO     ___FILE_ONLY___   
2022-11-18 09:11:56,968 INFO     ___FILE_ONLY___ us-central1-a
2022-11-18 09:11:56,968 INFO     ___FILE_ONLY___    
2022-11-18 09:11:56,968 INFO     ___FILE_ONLY___ 1.21.14-gke.8500
2022-11-18 09:11:56,968 INFO     ___FILE_ONLY___   
2022-11-18 09:11:56,968 INFO     ___FILE_ONLY___ 34.67.148.173
2022-11-18 09:11:56,968 INFO     ___FILE_ONLY___     
2022-11-18 09:11:56,968 INFO     ___FILE_ONLY___ n1-standard-4
2022-11-18 09:11:56,968 INFO     ___FILE_ONLY___   
2022-11-18 09:11:56,968 INFO     ___FILE_ONLY___ 1.21.14-gke.8500
2022-11-18 09:11:56,968 INFO     ___FILE_ONLY___     
2022-11-18 09:11:56,968 INFO     ___FILE_ONLY___ 3
2022-11-18 09:11:56,968 INFO     ___FILE_ONLY___           
2022-11-18 09:11:56,968 INFO     ___FILE_ONLY___ RUNNING
2022-11-18 09:11:56,968 INFO     ___FILE_ONLY___ 

2022-11-18 09:11:56,968 INFO     ___FILE_ONLY___ jen-pxc-1263-591ca48c-22-cluster9
2022-11-18 09:11:56,968 INFO     ___FILE_ONLY___   
2022-11-18 09:11:56,968 INFO     ___FILE_ONLY___ us-central1-a
2022-11-18 09:11:56,968 INFO     ___FILE_ONLY___    
2022-11-18 09:11:56,968 INFO     ___FILE_ONLY___ 1.21.14-gke.8500
2022-11-18 09:11:56,968 INFO     ___FILE_ONLY___   
2022-11-18 09:11:56,968 INFO     ___FILE_ONLY___ 104.197.169.51
2022-11-18 09:11:56,968 INFO     ___FILE_ONLY___    
2022-11-18 09:11:56,968 INFO     ___FILE_ONLY___ n1-standard-4
2022-11-18 09:11:56,968 INFO     ___FILE_ONLY___   
2022-11-18 09:11:56,968 INFO     ___FILE_ONLY___ 1.21.14-gke.8500
2022-11-18 09:11:56,968 INFO     ___FILE_ONLY___     
2022-11-18 09:11:56,968 INFO     ___FILE_ONLY___ 3
2022-11-18 09:11:56,968 INFO     ___FILE_ONLY___           
2022-11-18 09:11:56,968 INFO     ___FILE_ONLY___ RUNNING
2022-11-18 09:11:56,968 INFO     ___FILE_ONLY___ 

2022-11-18 09:11:56,968 INFO     ___FILE_ONLY___ jen-pxc-1272-e1163120-3-cluster8
2022-11-18 09:11:56,968 INFO     ___FILE_ONLY___    
2022-11-18 09:11:56,968 INFO     ___FILE_ONLY___ us-central1-a
2022-11-18 09:11:56,968 INFO     ___FILE_ONLY___    
2022-11-18 09:11:56,968 INFO     ___FILE_ONLY___ 1.21.14-gke.8500
2022-11-18 09:11:56,968 INFO     ___FILE_ONLY___   
2022-11-18 09:11:56,968 INFO     ___FILE_ONLY___ 34.171.216.79
2022-11-18 09:11:56,968 INFO     ___FILE_ONLY___     
2022-11-18 09:11:56,968 INFO     ___FILE_ONLY___ n1-standard-4
2022-11-18 09:11:56,968 INFO     ___FILE_ONLY___   
2022-11-18 09:11:56,968 INFO     ___FILE_ONLY___ 1.21.14-gke.8500
2022-11-18 09:11:56,968 INFO     ___FILE_ONLY___     
2022-11-18 09:11:56,968 INFO     ___FILE_ONLY___ 3
2022-11-18 09:11:56,968 INFO     ___FILE_ONLY___           
2022-11-18 09:11:56,969 INFO     ___FILE_ONLY___ RUNNING
2022-11-18 09:11:56,969 INFO     ___FILE_ONLY___ 

2022-11-18 09:11:56,969 INFO     ___FILE_ONLY___ jen-pxc-1274-88801962-1-cluster1
2022-11-18 09:11:56,969 INFO     ___FILE_ONLY___    
2022-11-18 09:11:56,969 INFO     ___FILE_ONLY___ us-central1-a
2022-11-18 09:11:56,969 INFO     ___FILE_ONLY___    
2022-11-18 09:11:56,969 INFO     ___FILE_ONLY___ 1.21.14-gke.8500
2022-11-18 09:11:56,969 INFO     ___FILE_ONLY___   
2022-11-18 09:11:56,969 INFO     ___FILE_ONLY___ 34.70.1.237
2022-11-18 09:11:56,969 INFO     ___FILE_ONLY___       
2022-11-18 09:11:56,969 INFO     ___FILE_ONLY___ n1-standard-4
2022-11-18 09:11:56,969 INFO     ___FILE_ONLY___   
2022-11-18 09:11:56,969 INFO     ___FILE_ONLY___ 1.21.14-gke.8500
2022-11-18 09:11:56,969 INFO     ___FILE_ONLY___     
2022-11-18 09:11:56,969 INFO     ___FILE_ONLY___ 3
2022-11-18 09:11:56,969 INFO     ___FILE_ONLY___           
2022-11-18 09:11:56,969 INFO     ___FILE_ONLY___ RUNNING
2022-11-18 09:11:56,969 INFO     ___FILE_ONLY___ 

2022-11-18 09:11:56,969 INFO     ___FILE_ONLY___ jen-pxc-1274-88801962-1-cluster2
2022-11-18 09:11:56,969 INFO     ___FILE_ONLY___    
2022-11-18 09:11:56,969 INFO     ___FILE_ONLY___ us-central1-a
2022-11-18 09:11:56,969 INFO     ___FILE_ONLY___    
2022-11-18 09:11:56,969 INFO     ___FILE_ONLY___ 1.21.14-gke.8500
2022-11-18 09:11:56,969 INFO     ___FILE_ONLY___   
2022-11-18 09:11:56,969 INFO     ___FILE_ONLY___ 35.225.11.120
2022-11-18 09:11:56,969 INFO     ___FILE_ONLY___     
2022-11-18 09:11:56,969 INFO     ___FILE_ONLY___ n1-standard-4
2022-11-18 09:11:56,969 INFO     ___FILE_ONLY___   
2022-11-18 09:11:56,969 INFO     ___FILE_ONLY___ 1.21.14-gke.8500
2022-11-18 09:11:56,969 INFO     ___FILE_ONLY___     
2022-11-18 09:11:56,969 INFO     ___FILE_ONLY___ 3
2022-11-18 09:11:56,969 INFO     ___FILE_ONLY___           
2022-11-18 09:11:56,969 INFO     ___FILE_ONLY___ RUNNING
2022-11-18 09:11:56,969 INFO     ___FILE_ONLY___ 

2022-11-18 09:11:56,969 INFO     ___FILE_ONLY___ jen-pxc-1274-88801962-1-cluster3
2022-11-18 09:11:56,969 INFO     ___FILE_ONLY___    
2022-11-18 09:11:56,969 INFO     ___FILE_ONLY___ us-central1-a
2022-11-18 09:11:56,969 INFO     ___FILE_ONLY___    
2022-11-18 09:11:56,969 INFO     ___FILE_ONLY___ 1.21.14-gke.8500
2022-11-18 09:11:56,969 INFO     ___FILE_ONLY___   
2022-11-18 09:11:56,969 INFO     ___FILE_ONLY___ 35.239.4.30
2022-11-18 09:11:56,969 INFO     ___FILE_ONLY___       
2022-11-18 09:11:56,969 INFO     ___FILE_ONLY___ n1-standard-4
2022-11-18 09:11:56,969 INFO     ___FILE_ONLY___   
2022-11-18 09:11:56,969 INFO     ___FILE_ONLY___ 1.21.14-gke.8500
2022-11-18 09:11:56,969 INFO     ___FILE_ONLY___     
2022-11-18 09:11:56,969 INFO     ___FILE_ONLY___ 3
2022-11-18 09:11:56,969 INFO     ___FILE_ONLY___           
2022-11-18 09:11:56,969 INFO     ___FILE_ONLY___ RUNNING
2022-11-18 09:11:56,969 INFO     ___FILE_ONLY___ 

2022-11-18 09:11:56,970 INFO     ___FILE_ONLY___ jen-pxc-1274-88801962-1-cluster4
2022-11-18 09:11:56,970 INFO     ___FILE_ONLY___    
2022-11-18 09:11:56,970 INFO     ___FILE_ONLY___ us-central1-a
2022-11-18 09:11:56,970 INFO     ___FILE_ONLY___    
2022-11-18 09:11:56,970 INFO     ___FILE_ONLY___ 1.21.14-gke.8500
2022-11-18 09:11:56,970 INFO     ___FILE_ONLY___   
2022-11-18 09:11:56,970 INFO     ___FILE_ONLY___ 34.123.198.173
2022-11-18 09:11:56,970 INFO     ___FILE_ONLY___    
2022-11-18 09:11:56,970 INFO     ___FILE_ONLY___ n1-standard-4
2022-11-18 09:11:56,970 INFO     ___FILE_ONLY___   
2022-11-18 09:11:56,970 INFO     ___FILE_ONLY___ 1.21.14-gke.8500
2022-11-18 09:11:56,970 INFO     ___FILE_ONLY___     
2022-11-18 09:11:56,970 INFO     ___FILE_ONLY___ 3
2022-11-18 09:11:56,970 INFO     ___FILE_ONLY___           
2022-11-18 09:11:56,970 INFO     ___FILE_ONLY___ RUNNING
2022-11-18 09:11:56,970 INFO     ___FILE_ONLY___ 

2022-11-18 09:11:56,970 INFO     ___FILE_ONLY___ jen-pxc-1274-88801962-1-cluster5
2022-11-18 09:11:56,970 INFO     ___FILE_ONLY___    
2022-11-18 09:11:56,970 INFO     ___FILE_ONLY___ us-central1-a
2022-11-18 09:11:56,970 INFO     ___FILE_ONLY___    
2022-11-18 09:11:56,970 INFO     ___FILE_ONLY___ 1.21.14-gke.8500
2022-11-18 09:11:56,970 INFO     ___FILE_ONLY___   
2022-11-18 09:11:56,970 INFO     ___FILE_ONLY___ 35.193.247.150
2022-11-18 09:11:56,970 INFO     ___FILE_ONLY___    
2022-11-18 09:11:56,970 INFO     ___FILE_ONLY___ n1-standard-4
2022-11-18 09:11:56,970 INFO     ___FILE_ONLY___   
2022-11-18 09:11:56,970 INFO     ___FILE_ONLY___ 1.21.14-gke.8500
2022-11-18 09:11:56,970 INFO     ___FILE_ONLY___     
2022-11-18 09:11:56,970 INFO     ___FILE_ONLY___ 3
2022-11-18 09:11:56,970 INFO     ___FILE_ONLY___           
2022-11-18 09:11:56,970 INFO     ___FILE_ONLY___ RUNNING
2022-11-18 09:11:56,970 INFO     ___FILE_ONLY___ 

2022-11-18 09:11:56,970 INFO     ___FILE_ONLY___ jen-pxc-1274-88801962-1-cluster6
2022-11-18 09:11:56,970 INFO     ___FILE_ONLY___    
2022-11-18 09:11:56,970 INFO     ___FILE_ONLY___ us-central1-a
2022-11-18 09:11:56,970 INFO     ___FILE_ONLY___    
2022-11-18 09:11:56,970 INFO     ___FILE_ONLY___ 1.21.14-gke.8500
2022-11-18 09:11:56,970 INFO     ___FILE_ONLY___   
2022-11-18 09:11:56,970 INFO     ___FILE_ONLY___ 34.68.76.9
2022-11-18 09:11:56,970 INFO     ___FILE_ONLY___        
2022-11-18 09:11:56,970 INFO     ___FILE_ONLY___ n1-standard-4
2022-11-18 09:11:56,970 INFO     ___FILE_ONLY___   
2022-11-18 09:11:56,970 INFO     ___FILE_ONLY___ 1.21.14-gke.8500
2022-11-18 09:11:56,970 INFO     ___FILE_ONLY___     
2022-11-18 09:11:56,970 INFO     ___FILE_ONLY___ 3
2022-11-18 09:11:56,970 INFO     ___FILE_ONLY___           
2022-11-18 09:11:56,970 INFO     ___FILE_ONLY___ RUNNING
2022-11-18 09:11:56,970 INFO     ___FILE_ONLY___ 

2022-11-18 09:11:56,970 INFO     ___FILE_ONLY___ jen-pxc-1274-88801962-1-cluster7
2022-11-18 09:11:56,971 INFO     ___FILE_ONLY___    
2022-11-18 09:11:56,971 INFO     ___FILE_ONLY___ us-central1-a
2022-11-18 09:11:56,971 INFO     ___FILE_ONLY___    
2022-11-18 09:11:56,971 INFO     ___FILE_ONLY___ 1.21.14-gke.8500
2022-11-18 09:11:56,971 INFO     ___FILE_ONLY___   
2022-11-18 09:11:56,971 INFO     ___FILE_ONLY___ 104.154.108.199
2022-11-18 09:11:56,971 INFO     ___FILE_ONLY___   
2022-11-18 09:11:56,971 INFO     ___FILE_ONLY___ n1-standard-4
2022-11-18 09:11:56,971 INFO     ___FILE_ONLY___   
2022-11-18 09:11:56,971 INFO     ___FILE_ONLY___ 1.21.14-gke.8500
2022-11-18 09:11:56,971 INFO     ___FILE_ONLY___     
2022-11-18 09:11:56,971 INFO     ___FILE_ONLY___ 3
2022-11-18 09:11:56,971 INFO     ___FILE_ONLY___           
2022-11-18 09:11:56,971 INFO     ___FILE_ONLY___ RUNNING
2022-11-18 09:11:56,971 INFO     ___FILE_ONLY___ 

2022-11-18 09:11:56,971 INFO     ___FILE_ONLY___ jen-pxc-1274-88801962-1-cluster8
2022-11-18 09:11:56,971 INFO     ___FILE_ONLY___    
2022-11-18 09:11:56,971 INFO     ___FILE_ONLY___ us-central1-a
2022-11-18 09:11:56,971 INFO     ___FILE_ONLY___    
2022-11-18 09:11:56,971 INFO     ___FILE_ONLY___ 1.21.14-gke.8500
2022-11-18 09:11:56,971 INFO     ___FILE_ONLY___   
2022-11-18 09:11:56,971 INFO     ___FILE_ONLY___ 35.223.61.5
2022-11-18 09:11:56,971 INFO     ___FILE_ONLY___       
2022-11-18 09:11:56,971 INFO     ___FILE_ONLY___ n1-standard-4
2022-11-18 09:11:56,971 INFO     ___FILE_ONLY___   
2022-11-18 09:11:56,971 INFO     ___FILE_ONLY___ 1.21.14-gke.8500
2022-11-18 09:11:56,971 INFO     ___FILE_ONLY___     
2022-11-18 09:11:56,971 INFO     ___FILE_ONLY___ 3
2022-11-18 09:11:56,971 INFO     ___FILE_ONLY___           
2022-11-18 09:11:56,971 INFO     ___FILE_ONLY___ RUNNING
2022-11-18 09:11:56,971 INFO     ___FILE_ONLY___ 

2022-11-18 09:11:56,971 INFO     ___FILE_ONLY___ jen-pxc-1274-88801962-1-cluster9
2022-11-18 09:11:56,971 INFO     ___FILE_ONLY___    
2022-11-18 09:11:56,971 INFO     ___FILE_ONLY___ us-central1-a
2022-11-18 09:11:56,971 INFO     ___FILE_ONLY___    
2022-11-18 09:11:56,971 INFO     ___FILE_ONLY___ 1.21.14-gke.8500
2022-11-18 09:11:56,971 INFO     ___FILE_ONLY___   
2022-11-18 09:11:56,971 INFO     ___FILE_ONLY___ 34.123.63.125
2022-11-18 09:11:56,971 INFO     ___FILE_ONLY___     
2022-11-18 09:11:56,971 INFO     ___FILE_ONLY___ n1-standard-4
2022-11-18 09:11:56,971 INFO     ___FILE_ONLY___   
2022-11-18 09:11:56,971 INFO     ___FILE_ONLY___ 1.21.14-gke.8500
2022-11-18 09:11:56,971 INFO     ___FILE_ONLY___     
2022-11-18 09:11:56,971 INFO     ___FILE_ONLY___ 3
2022-11-18 09:11:56,971 INFO     ___FILE_ONLY___           
2022-11-18 09:11:56,971 INFO     ___FILE_ONLY___ RUNNING
2022-11-18 09:11:56,971 INFO     ___FILE_ONLY___ 

2022-11-18 09:11:56,971 INFO     ___FILE_ONLY___ plavi-1244
2022-11-18 09:11:56,971 INFO     ___FILE_ONLY___                          
2022-11-18 09:11:56,972 INFO     ___FILE_ONLY___ us-central1-a
2022-11-18 09:11:56,972 INFO     ___FILE_ONLY___    
2022-11-18 09:11:56,972 INFO     ___FILE_ONLY___ 1.24.6-gke.1500
2022-11-18 09:11:56,972 INFO     ___FILE_ONLY___    
2022-11-18 09:11:56,972 INFO     ___FILE_ONLY___ 34.72.160.58
2022-11-18 09:11:56,972 INFO     ___FILE_ONLY___      
2022-11-18 09:11:56,972 INFO     ___FILE_ONLY___ n1-standard-4
2022-11-18 09:11:56,972 INFO     ___FILE_ONLY___   
2022-11-18 09:11:56,972 INFO     ___FILE_ONLY___ 1.24.6-gke.1500
2022-11-18 09:11:56,972 INFO     ___FILE_ONLY___      
2022-11-18 09:11:56,972 INFO     ___FILE_ONLY___ 3
2022-11-18 09:11:56,972 INFO     ___FILE_ONLY___           
2022-11-18 09:11:56,972 INFO     ___FILE_ONLY___ RUNNING
2022-11-18 09:11:56,972 INFO     ___FILE_ONLY___ 

2022-11-18 09:11:56,972 INFO     ___FILE_ONLY___ cap-666
2022-11-18 09:11:56,972 INFO     ___FILE_ONLY___                             
2022-11-18 09:11:56,972 INFO     ___FILE_ONLY___ us-central1-c
2022-11-18 09:11:56,972 INFO     ___FILE_ONLY___    
2022-11-18 09:11:56,972 INFO     ___FILE_ONLY___ 1.22.15-gke.2500
2022-11-18 09:11:56,972 INFO     ___FILE_ONLY___   
2022-11-18 09:11:56,972 INFO     ___FILE_ONLY___ 35.225.73.244
2022-11-18 09:11:56,972 INFO     ___FILE_ONLY___     
2022-11-18 09:11:56,972 INFO     ___FILE_ONLY___ n1-standard-4
2022-11-18 09:11:56,972 INFO     ___FILE_ONLY___   
2022-11-18 09:11:56,972 INFO     ___FILE_ONLY___ 1.22.15-gke.2500
2022-11-18 09:11:56,972 INFO     ___FILE_ONLY___     
2022-11-18 09:11:56,972 INFO     ___FILE_ONLY___ 3
2022-11-18 09:11:56,972 INFO     ___FILE_ONLY___           
2022-11-18 09:11:56,972 INFO     ___FILE_ONLY___ RUNNING
2022-11-18 09:11:56,972 INFO     ___FILE_ONLY___ 

2022-11-18 09:11:56,972 INFO     ___FILE_ONLY___ natali-22
2022-11-18 09:11:56,972 INFO     ___FILE_ONLY___                           
2022-11-18 09:11:56,972 INFO     ___FILE_ONLY___ us-central1-c
2022-11-18 09:11:56,972 INFO     ___FILE_ONLY___    
2022-11-18 09:11:56,972 INFO     ___FILE_ONLY___ 1.22.15-gke.2500
2022-11-18 09:11:56,972 INFO     ___FILE_ONLY___   
2022-11-18 09:11:56,972 INFO     ___FILE_ONLY___ 35.188.165.143
2022-11-18 09:11:56,972 INFO     ___FILE_ONLY___    
2022-11-18 09:11:56,972 INFO     ___FILE_ONLY___ n1-standard-4
2022-11-18 09:11:56,972 INFO     ___FILE_ONLY___   
2022-11-18 09:11:56,972 INFO     ___FILE_ONLY___ 1.22.15-gke.2500
2022-11-18 09:11:56,972 INFO     ___FILE_ONLY___     
2022-11-18 09:11:56,972 INFO     ___FILE_ONLY___ 3
2022-11-18 09:11:56,972 INFO     ___FILE_ONLY___           
2022-11-18 09:11:56,972 INFO     ___FILE_ONLY___ RUNNING
2022-11-18 09:11:56,972 INFO     ___FILE_ONLY___ 

2022-11-18 09:11:56,973 INFO     ___FILE_ONLY___ 
* - There is an upgrade available for your cluster(s).

To upgrade nodes to the latest available version, run
  $ gcloud container clusters upgrade NAME

2022-11-18 09:11:56,980 DEBUG    root            Metrics reporting process started...
