2022-11-18 10:49:46,386 DEBUG    root            Loaded Command Group: ['gcloud', 'config']
2022-11-18 10:49:46,390 DEBUG    root            Loaded Command Group: ['gcloud', 'config', 'config_helper']
2022-11-18 10:49:46,391 DEBUG    root            Running [gcloud.config.config-helper] with arguments: [--format: "json"]
2022-11-18 10:49:46,414 DEBUG    google.auth.transport.requests Making request: POST https://oauth2.googleapis.com/token
2022-11-18 10:49:46,453 DEBUG    urllib3.connectionpool Starting new HTTPS connection (1): oauth2.googleapis.com:443
2022-11-18 10:49:46,612 DEBUG    urllib3.connectionpool https://oauth2.googleapis.com:443 "POST /token HTTP/1.1" 200 None
2022-11-18 10:49:46,622 INFO     root            Display format: "default json"
2022-11-18 10:49:46,623 INFO     ___FILE_ONLY___ {
  "configuration": {
    "active_configuration": "percona-cloud-dev",
    "properties": {
      "core": {
        "account": "inel.pandzic@percona.com",
        "disable_usage_reporting": "False",
        "project": "cloud-dev-112233"
      }
    }
  },
  "credential": {
    "access_token": "ya29.a0AeTM1idIlAVyvV52dG2WpRZuyT5IuGg0Nhcodx_hOQ75zOojwdsxhBCMm2QpPi95_jZygn1dkox8AV2XL7RRQEs3FuW0_hhgrfNI2Njfa0nHkAGwVU7UOyTbFG1RzDeuFx_nT9XXdDSyQECtQXwNYRNV5rEk_0U_p3AyABUaCgYKAf4SARESFQHWtWOmxOjTwnoc-Hit9fu5fRGx0g0174",
    "id_token": "eyJhbGciOiJSUzI1NiIsImtpZCI6IjcxM2ZkNjhjOTY2ZTI5MzgwOTgxZWRjMDE2NGEyZjZjMDZjNTcwMmEiLCJ0eXAiOiJKV1QifQ.eyJpc3MiOiJodHRwczovL2FjY291bnRzLmdvb2dsZS5jb20iLCJhenAiOiIzMjU1NTk0MDU1OS5hcHBzLmdvb2dsZXVzZXJjb250ZW50LmNvbSIsImF1ZCI6IjMyNTU1OTQwNTU5LmFwcHMuZ29vZ2xldXNlcmNvbnRlbnQuY29tIiwic3ViIjoiMTA3NDA5ODEzMzQ0NTU5NDQzNDA3IiwiaGQiOiJwZXJjb25hLmNvbSIsImVtYWlsIjoiaW5lbC5wYW5kemljQHBlcmNvbmEuY29tIiwiZW1haWxfdmVyaWZpZWQiOnRydWUsImF0X2hhc2giOiJvYURlVkQxRW5HUFJFLW9NRTd3TmVnIiwiaWF0IjoxNjY4NzY0OTg2LCJleHAiOjE2Njg3Njg1ODZ9.wkEK8wJ5jqEQybBjv4eqG5r5L-IwdhrUTgL7PR_oB-AeRMBHKdtK0jA3dfTr6So6RcquBxPQPxjM1vCDQOazsl1buyMoZfg5gpYxo5QkTfHqX0e3cy2-rUM3IgduYxeZv_COw-fmdOflor9RY9ntnQwJUZKfUA3y5Uq0kZHUyUWSJZTY3rVI2CcF1K8QWXSmw2ix2g6vjcWCQKzEmr8F188YtAlAzFsakrBfHcCpU5sR1lbLNrR0K9EEcHoNNxcPj2m23kswchv7eHdXlRRYSue1kgKD9ZR0bTUUOTMs72IdK9fXY0GESmTHaIE71O3fisv0NCAwGKGeBcVaznE2yQ",
    "token_expiry": "2022-11-18T10:49:45Z"
  },
  "sentinels": {
    "config_sentinel": "/Users/inelpandzic/.config/gcloud/config_sentinel"
  }
}
2022-11-18 10:49:46,623 INFO     ___FILE_ONLY___ 

2022-11-18 10:49:46,636 DEBUG    root            Metrics reporting process started...
