2022-11-18 15:38:05,768 DEBUG    root            Loaded Command Group: ['gcloud', 'config']
2022-11-18 15:38:05,770 DEBUG    root            Loaded Command Group: ['gcloud', 'config', 'config_helper']
2022-11-18 15:38:05,770 DEBUG    root            Running [gcloud.config.config-helper] with arguments: [--format: "json"]
2022-11-18 15:38:05,790 DEBUG    google.auth.transport.requests Making request: POST https://oauth2.googleapis.com/token
2022-11-18 15:38:05,805 DEBUG    urllib3.connectionpool Starting new HTTPS connection (1): oauth2.googleapis.com:443
2022-11-18 15:38:05,960 DEBUG    urllib3.connectionpool https://oauth2.googleapis.com:443 "POST /token HTTP/1.1" 200 None
2022-11-18 15:38:05,967 INFO     root            Display format: "default json"
2022-11-18 15:38:05,967 INFO     ___FILE_ONLY___ {
  "configuration": {
    "active_configuration": "percona-cloud-dev",
    "properties": {
      "core": {
        "account": "inel.pandzic@percona.com",
        "disable_usage_reporting": "False",
        "project": "cloud-dev-112233"
      }
    }
  },
  "credential": {
    "access_token": "ya29.a0AeTM1iepcNOVvkQTjPmZkm_O3o_gGYKepyqYjzKcy25s2fUJRx90YT_PLjVfRnbk0wmt0h-8zYv5T8wy6_us4AW7m1yx9espkHntBjEkVm1paL-zJqf6xBblse_ASVD-TeNU3W7kCaY2ZR8Kb5g31khtChlAPKrZ7xhmYoMaCgYKAaUSARESFQHWtWOmufHivtiJBUpo8rRLCwV3RA0174",
    "id_token": "eyJhbGciOiJSUzI1NiIsImtpZCI6IjcxM2ZkNjhjOTY2ZTI5MzgwOTgxZWRjMDE2NGEyZjZjMDZjNTcwMmEiLCJ0eXAiOiJKV1QifQ.eyJpc3MiOiJodHRwczovL2FjY291bnRzLmdvb2dsZS5jb20iLCJhenAiOiIzMjU1NTk0MDU1OS5hcHBzLmdvb2dsZXVzZXJjb250ZW50LmNvbSIsImF1ZCI6IjMyNTU1OTQwNTU5LmFwcHMuZ29vZ2xldXNlcmNvbnRlbnQuY29tIiwic3ViIjoiMTA3NDA5ODEzMzQ0NTU5NDQzNDA3IiwiaGQiOiJwZXJjb25hLmNvbSIsImVtYWlsIjoiaW5lbC5wYW5kemljQHBlcmNvbmEuY29tIiwiZW1haWxfdmVyaWZpZWQiOnRydWUsImF0X2hhc2giOiJLNTBKWUtHXzEydTBDRHJJYVdBdlhBIiwiaWF0IjoxNjY4NzgyMjg2LCJleHAiOjE2Njg3ODU4ODZ9.iPOLuZoRom9kxqWeOE7MwBL_9xhgW8N42WDq187C2uZb_QtgPyHtei4JN6KwAKcTsPcZ7xBVj2hqZxD9altbulfxDzsoLlFWhbthBoD8BURwv0RXoo9Y7vmqg-ijEjz21dWAuVw1WIKjX9XlPV3qhUubeXNnU83XJBZ0gN420UKQb3q4MN5qeUAnZ7HVYv8eN_tHhPH28HRzXcG4jikwNRAYxr7tuq-5FcVWjvoXKYA4W6tMCwBI0H6C_mQ-X1pJnAEeqtwl9i2Iu4HNm_BvDGq4B3BAXD209koCdlzKAGTXs9-7timiuJ22b3s1Q0ZYesUTkWPvmIvRPn8kUUEJcw",
    "token_expiry": "2022-11-18T15:38:04Z"
  },
  "sentinels": {
    "config_sentinel": "/Users/inelpandzic/.config/gcloud/config_sentinel"
  }
}
2022-11-18 15:38:05,967 INFO     ___FILE_ONLY___ 

2022-11-18 15:38:05,977 DEBUG    root            Metrics reporting process started...
