2022-11-18 15:38:12,969 DEBUG    root            Loaded Command Group: ['gcloud', 'container', 'clusters']
2022-11-18 15:38:12,971 DEBUG    root            Loaded Command Group: ['gcloud', 'container', 'clusters', 'list']
2022-11-18 15:38:12,986 DEBUG    root            Running [gcloud.container.clusters.list] with arguments: []
2022-11-18 15:38:13,032 DEBUG    urllib3.connectionpool Starting new HTTPS connection (1): container.googleapis.com:443
2022-11-18 15:38:13,651 DEBUG    urllib3.connectionpool https://container.googleapis.com:443 "GET /v1/projects/cloud-dev-112233/locations/-/clusters?alt=json HTTP/1.1" 200 None
2022-11-18 15:38:13,729 INFO     root            Display format: "
    table(
        name,
        zone:label=LOCATION,
        master_version():label=MASTER_VERSION,
        endpoint:label=MASTER_IP,
        nodePools[0].config.machineType,
        currentNodeVersion:label=NODE_VERSION,
        firstof(currentNodeCount,initialNodeCount):label=NUM_NODES,
        status
    )
"
2022-11-18 15:38:13,762 INFO     ___FILE_ONLY___ NAME
2022-11-18 15:38:13,768 INFO     ___FILE_ONLY___                               
2022-11-18 15:38:13,768 INFO     ___FILE_ONLY___ LOCATION
2022-11-18 15:38:13,768 INFO     ___FILE_ONLY___         
2022-11-18 15:38:13,768 INFO     ___FILE_ONLY___ MASTER_VERSION
2022-11-18 15:38:13,768 INFO     ___FILE_ONLY___     
2022-11-18 15:38:13,768 INFO     ___FILE_ONLY___ MASTER_IP
2022-11-18 15:38:13,768 INFO     ___FILE_ONLY___         
2022-11-18 15:38:13,768 INFO     ___FILE_ONLY___ MACHINE_TYPE
2022-11-18 15:38:13,768 INFO     ___FILE_ONLY___    
2022-11-18 15:38:13,768 INFO     ___FILE_ONLY___ NODE_VERSION
2022-11-18 15:38:13,768 INFO     ___FILE_ONLY___       
2022-11-18 15:38:13,769 INFO     ___FILE_ONLY___ NUM_NODES
2022-11-18 15:38:13,769 INFO     ___FILE_ONLY___   
2022-11-18 15:38:13,769 INFO     ___FILE_ONLY___ STATUS
2022-11-18 15:38:13,769 INFO     ___FILE_ONLY___ 

2022-11-18 15:38:13,769 INFO     ___FILE_ONLY___ andrii-5916
2022-11-18 15:38:13,769 INFO     ___FILE_ONLY___                        
2022-11-18 15:38:13,769 INFO     ___FILE_ONLY___ europe-west1-c
2022-11-18 15:38:13,769 INFO     ___FILE_ONLY___   
2022-11-18 15:38:13,769 INFO     ___FILE_ONLY___ 1.21.14-gke.9500
2022-11-18 15:38:13,769 INFO     ___FILE_ONLY___   
2022-11-18 15:38:13,769 INFO     ___FILE_ONLY___ 35.233.90.31
2022-11-18 15:38:13,769 INFO     ___FILE_ONLY___      
2022-11-18 15:38:13,769 INFO     ___FILE_ONLY___ n1-standard-4
2022-11-18 15:38:13,769 INFO     ___FILE_ONLY___   
2022-11-18 15:38:13,769 INFO     ___FILE_ONLY___ 1.21.14-gke.9500
2022-11-18 15:38:13,769 INFO     ___FILE_ONLY___   
2022-11-18 15:38:13,769 INFO     ___FILE_ONLY___ 3
2022-11-18 15:38:13,769 INFO     ___FILE_ONLY___           
2022-11-18 15:38:13,769 INFO     ___FILE_ONLY___ RUNNING
2022-11-18 15:38:13,769 INFO     ___FILE_ONLY___ 

2022-11-18 15:38:13,770 INFO     ___FILE_ONLY___ ege-31631
2022-11-18 15:38:13,770 INFO     ___FILE_ONLY___                          
2022-11-18 15:38:13,770 INFO     ___FILE_ONLY___ europe-west3
2022-11-18 15:38:13,770 INFO     ___FILE_ONLY___     
2022-11-18 15:38:13,770 INFO     ___FILE_ONLY___ 1.21.14-gke.7100
2022-11-18 15:38:13,770 INFO     ___FILE_ONLY___   
2022-11-18 15:38:13,770 INFO     ___FILE_ONLY___ 34.89.231.22
2022-11-18 15:38:13,770 INFO     ___FILE_ONLY___      
2022-11-18 15:38:13,770 INFO     ___FILE_ONLY___ n1-standard-4
2022-11-18 15:38:13,770 INFO     ___FILE_ONLY___   
2022-11-18 15:38:13,770 INFO     ___FILE_ONLY___ 1.21.14-gke.7100
2022-11-18 15:38:13,770 INFO     ___FILE_ONLY___   
2022-11-18 15:38:13,770 INFO     ___FILE_ONLY___ 3
2022-11-18 15:38:13,770 INFO     ___FILE_ONLY___           
2022-11-18 15:38:13,770 INFO     ___FILE_ONLY___ RUNNING
2022-11-18 15:38:13,770 INFO     ___FILE_ONLY___ 

2022-11-18 15:38:13,770 INFO     ___FILE_ONLY___ slava-pxc
2022-11-18 15:38:13,770 INFO     ___FILE_ONLY___                          
2022-11-18 15:38:13,770 INFO     ___FILE_ONLY___ europe-west3-a
2022-11-18 15:38:13,770 INFO     ___FILE_ONLY___   
2022-11-18 15:38:13,770 INFO     ___FILE_ONLY___ 1.21.14-gke.8500
2022-11-18 15:38:13,770 INFO     ___FILE_ONLY___   
2022-11-18 15:38:13,770 INFO     ___FILE_ONLY___ 35.198.124.34
2022-11-18 15:38:13,770 INFO     ___FILE_ONLY___     
2022-11-18 15:38:13,770 INFO     ___FILE_ONLY___ n1-standard-4
2022-11-18 15:38:13,770 INFO     ___FILE_ONLY___   
2022-11-18 15:38:13,770 INFO     ___FILE_ONLY___ 1.21.14-gke.8500
2022-11-18 15:38:13,770 INFO     ___FILE_ONLY___   
2022-11-18 15:38:13,770 INFO     ___FILE_ONLY___ 3
2022-11-18 15:38:13,770 INFO     ___FILE_ONLY___           
2022-11-18 15:38:13,770 INFO     ___FILE_ONLY___ RUNNING
2022-11-18 15:38:13,770 INFO     ___FILE_ONLY___ 

2022-11-18 15:38:13,770 INFO     ___FILE_ONLY___ inel-29944
2022-11-18 15:38:13,770 INFO     ___FILE_ONLY___                         
2022-11-18 15:38:13,770 INFO     ___FILE_ONLY___ europe-west3-b
2022-11-18 15:38:13,770 INFO     ___FILE_ONLY___   
2022-11-18 15:38:13,770 INFO     ___FILE_ONLY___ 1.21.14-gke.9500
2022-11-18 15:38:13,770 INFO     ___FILE_ONLY___   
2022-11-18 15:38:13,770 INFO     ___FILE_ONLY___ 34.89.225.82
2022-11-18 15:38:13,770 INFO     ___FILE_ONLY___      
2022-11-18 15:38:13,770 INFO     ___FILE_ONLY___ n1-standard-4
2022-11-18 15:38:13,771 INFO     ___FILE_ONLY___   
2022-11-18 15:38:13,771 INFO     ___FILE_ONLY___ 1.21.14-gke.9500
2022-11-18 15:38:13,771 INFO     ___FILE_ONLY___   
2022-11-18 15:38:13,771 INFO     ___FILE_ONLY___ 3
2022-11-18 15:38:13,771 INFO     ___FILE_ONLY___           
2022-11-18 15:38:13,771 INFO     ___FILE_ONLY___ RUNNING
2022-11-18 15:38:13,771 INFO     ___FILE_ONLY___ 

2022-11-18 15:38:13,771 INFO     ___FILE_ONLY___ max-30844
2022-11-18 15:38:13,771 INFO     ___FILE_ONLY___                          
2022-11-18 15:38:13,771 INFO     ___FILE_ONLY___ europe-west3-b
2022-11-18 15:38:13,771 INFO     ___FILE_ONLY___   
2022-11-18 15:38:13,771 INFO     ___FILE_ONLY___ 1.22.12-gke.2300
2022-11-18 15:38:13,771 INFO     ___FILE_ONLY___   
2022-11-18 15:38:13,771 INFO     ___FILE_ONLY___ 35.246.193.17
2022-11-18 15:38:13,771 INFO     ___FILE_ONLY___     
2022-11-18 15:38:13,771 INFO     ___FILE_ONLY___ n1-standard-4
2022-11-18 15:38:13,771 INFO     ___FILE_ONLY___   
2022-11-18 15:38:13,771 INFO     ___FILE_ONLY___ 1.22.12-gke.2300
2022-11-18 15:38:13,771 INFO     ___FILE_ONLY___   
2022-11-18 15:38:13,771 INFO     ___FILE_ONLY___ 3
2022-11-18 15:38:13,771 INFO     ___FILE_ONLY___           
2022-11-18 15:38:13,771 INFO     ___FILE_ONLY___ RUNNING
2022-11-18 15:38:13,771 INFO     ___FILE_ONLY___ 

2022-11-18 15:38:13,771 INFO     ___FILE_ONLY___ jen-pxc-1273-e259799b-5-cluster1
2022-11-18 15:38:13,771 INFO     ___FILE_ONLY___   
2022-11-18 15:38:13,771 INFO     ___FILE_ONLY___ us-central1-a
2022-11-18 15:38:13,771 INFO     ___FILE_ONLY___    
2022-11-18 15:38:13,771 INFO     ___FILE_ONLY___ 1.21.14-gke.8500
2022-11-18 15:38:13,771 INFO     ___FILE_ONLY___   
2022-11-18 15:38:13,771 INFO     ___FILE_ONLY___ 35.222.251.222
2022-11-18 15:38:13,771 INFO     ___FILE_ONLY___    
2022-11-18 15:38:13,771 INFO     ___FILE_ONLY___ n1-standard-4
2022-11-18 15:38:13,771 INFO     ___FILE_ONLY___   
2022-11-18 15:38:13,771 INFO     ___FILE_ONLY___ 1.21.14-gke.8500
2022-11-18 15:38:13,772 INFO     ___FILE_ONLY___              
2022-11-18 15:38:13,772 INFO     ___FILE_ONLY___ PROVISIONING
2022-11-18 15:38:13,772 INFO     ___FILE_ONLY___ 

2022-11-18 15:38:13,772 INFO     ___FILE_ONLY___ jen-pxc-1273-e259799b-5-cluster2
2022-11-18 15:38:13,772 INFO     ___FILE_ONLY___   
2022-11-18 15:38:13,772 INFO     ___FILE_ONLY___ us-central1-a
2022-11-18 15:38:13,772 INFO     ___FILE_ONLY___    
2022-11-18 15:38:13,772 INFO     ___FILE_ONLY___ 1.21.14-gke.8500
2022-11-18 15:38:13,772 INFO     ___FILE_ONLY___   
2022-11-18 15:38:13,772 INFO     ___FILE_ONLY___ 35.226.83.236
2022-11-18 15:38:13,772 INFO     ___FILE_ONLY___     
2022-11-18 15:38:13,772 INFO     ___FILE_ONLY___ n1-standard-4
2022-11-18 15:38:13,772 INFO     ___FILE_ONLY___   
2022-11-18 15:38:13,772 INFO     ___FILE_ONLY___ 1.21.14-gke.8500
2022-11-18 15:38:13,772 INFO     ___FILE_ONLY___              
2022-11-18 15:38:13,772 INFO     ___FILE_ONLY___ PROVISIONING
2022-11-18 15:38:13,772 INFO     ___FILE_ONLY___ 

2022-11-18 15:38:13,772 INFO     ___FILE_ONLY___ jen-pxc-1273-e259799b-5-cluster3
2022-11-18 15:38:13,772 INFO     ___FILE_ONLY___   
2022-11-18 15:38:13,772 INFO     ___FILE_ONLY___ us-central1-a
2022-11-18 15:38:13,772 INFO     ___FILE_ONLY___    
2022-11-18 15:38:13,772 INFO     ___FILE_ONLY___ 1.21.14-gke.8500
2022-11-18 15:38:13,772 INFO     ___FILE_ONLY___   
2022-11-18 15:38:13,772 INFO     ___FILE_ONLY___ 146.148.98.63
2022-11-18 15:38:13,772 INFO     ___FILE_ONLY___     
2022-11-18 15:38:13,772 INFO     ___FILE_ONLY___ n1-standard-4
2022-11-18 15:38:13,772 INFO     ___FILE_ONLY___   
2022-11-18 15:38:13,772 INFO     ___FILE_ONLY___ 1.21.14-gke.8500
2022-11-18 15:38:13,772 INFO     ___FILE_ONLY___   
2022-11-18 15:38:13,772 INFO     ___FILE_ONLY___ 3
2022-11-18 15:38:13,772 INFO     ___FILE_ONLY___           
2022-11-18 15:38:13,772 INFO     ___FILE_ONLY___ RUNNING
2022-11-18 15:38:13,772 INFO     ___FILE_ONLY___ 

2022-11-18 15:38:13,772 INFO     ___FILE_ONLY___ jen-pxc-1273-e259799b-5-cluster4
2022-11-18 15:38:13,773 INFO     ___FILE_ONLY___   
2022-11-18 15:38:13,773 INFO     ___FILE_ONLY___ us-central1-a
2022-11-18 15:38:13,773 INFO     ___FILE_ONLY___    
2022-11-18 15:38:13,773 INFO     ___FILE_ONLY___ 1.21.14-gke.8500
2022-11-18 15:38:13,773 INFO     ___FILE_ONLY___   
2022-11-18 15:38:13,773 INFO     ___FILE_ONLY___ 34.122.228.78
2022-11-18 15:38:13,773 INFO     ___FILE_ONLY___     
2022-11-18 15:38:13,773 INFO     ___FILE_ONLY___ n1-standard-4
2022-11-18 15:38:13,773 INFO     ___FILE_ONLY___   
2022-11-18 15:38:13,773 INFO     ___FILE_ONLY___ 1.21.14-gke.8500
2022-11-18 15:38:13,773 INFO     ___FILE_ONLY___              
2022-11-18 15:38:13,773 INFO     ___FILE_ONLY___ PROVISIONING
2022-11-18 15:38:13,773 INFO     ___FILE_ONLY___ 

2022-11-18 15:38:13,773 INFO     ___FILE_ONLY___ jen-pxc-1273-e259799b-5-cluster5
2022-11-18 15:38:13,773 INFO     ___FILE_ONLY___   
2022-11-18 15:38:13,773 INFO     ___FILE_ONLY___ us-central1-a
2022-11-18 15:38:13,773 INFO     ___FILE_ONLY___    
2022-11-18 15:38:13,773 INFO     ___FILE_ONLY___ 1.21.14-gke.8500
2022-11-18 15:38:13,773 INFO     ___FILE_ONLY___   
2022-11-18 15:38:13,773 INFO     ___FILE_ONLY___ 35.238.67.141
2022-11-18 15:38:13,773 INFO     ___FILE_ONLY___     
2022-11-18 15:38:13,773 INFO     ___FILE_ONLY___ n1-standard-4
2022-11-18 15:38:13,773 INFO     ___FILE_ONLY___   
2022-11-18 15:38:13,773 INFO     ___FILE_ONLY___ 1.21.14-gke.8500
2022-11-18 15:38:13,773 INFO     ___FILE_ONLY___              
2022-11-18 15:38:13,773 INFO     ___FILE_ONLY___ PROVISIONING
2022-11-18 15:38:13,773 INFO     ___FILE_ONLY___ 

2022-11-18 15:38:13,773 INFO     ___FILE_ONLY___ jen-pxc-1273-e259799b-5-cluster6
2022-11-18 15:38:13,773 INFO     ___FILE_ONLY___   
2022-11-18 15:38:13,773 INFO     ___FILE_ONLY___ us-central1-a
2022-11-18 15:38:13,773 INFO     ___FILE_ONLY___    
2022-11-18 15:38:13,773 INFO     ___FILE_ONLY___ 1.21.14-gke.8500
2022-11-18 15:38:13,773 INFO     ___FILE_ONLY___   
2022-11-18 15:38:13,773 INFO     ___FILE_ONLY___ 34.122.200.2
2022-11-18 15:38:13,773 INFO     ___FILE_ONLY___      
2022-11-18 15:38:13,773 INFO     ___FILE_ONLY___ n1-standard-4
2022-11-18 15:38:13,773 INFO     ___FILE_ONLY___   
2022-11-18 15:38:13,773 INFO     ___FILE_ONLY___ 1.21.14-gke.8500
2022-11-18 15:38:13,773 INFO     ___FILE_ONLY___              
2022-11-18 15:38:13,773 INFO     ___FILE_ONLY___ PROVISIONING
2022-11-18 15:38:13,773 INFO     ___FILE_ONLY___ 

2022-11-18 15:38:13,774 INFO     ___FILE_ONLY___ jen-pxc-1273-e259799b-5-cluster7
2022-11-18 15:38:13,774 INFO     ___FILE_ONLY___   
2022-11-18 15:38:13,774 INFO     ___FILE_ONLY___ us-central1-a
2022-11-18 15:38:13,774 INFO     ___FILE_ONLY___    
2022-11-18 15:38:13,774 INFO     ___FILE_ONLY___ 1.21.14-gke.8500
2022-11-18 15:38:13,774 INFO     ___FILE_ONLY___   
2022-11-18 15:38:13,774 INFO     ___FILE_ONLY___ 35.222.70.224
2022-11-18 15:38:13,774 INFO     ___FILE_ONLY___     
2022-11-18 15:38:13,774 INFO     ___FILE_ONLY___ n1-standard-4
2022-11-18 15:38:13,774 INFO     ___FILE_ONLY___   
2022-11-18 15:38:13,774 INFO     ___FILE_ONLY___ 1.21.14-gke.8500
2022-11-18 15:38:13,774 INFO     ___FILE_ONLY___              
2022-11-18 15:38:13,774 INFO     ___FILE_ONLY___ PROVISIONING
2022-11-18 15:38:13,774 INFO     ___FILE_ONLY___ 

2022-11-18 15:38:13,774 INFO     ___FILE_ONLY___ jen-pxc-1273-e259799b-5-cluster8
2022-11-18 15:38:13,774 INFO     ___FILE_ONLY___   
2022-11-18 15:38:13,774 INFO     ___FILE_ONLY___ us-central1-a
2022-11-18 15:38:13,774 INFO     ___FILE_ONLY___    
2022-11-18 15:38:13,774 INFO     ___FILE_ONLY___ 1.21.14-gke.8500
2022-11-18 15:38:13,774 INFO     ___FILE_ONLY___   
2022-11-18 15:38:13,774 INFO     ___FILE_ONLY___ 34.28.73.24
2022-11-18 15:38:13,774 INFO     ___FILE_ONLY___       
2022-11-18 15:38:13,774 INFO     ___FILE_ONLY___ n1-standard-4
2022-11-18 15:38:13,774 INFO     ___FILE_ONLY___   
2022-11-18 15:38:13,774 INFO     ___FILE_ONLY___ 1.21.14-gke.8500
2022-11-18 15:38:13,774 INFO     ___FILE_ONLY___              
2022-11-18 15:38:13,774 INFO     ___FILE_ONLY___ PROVISIONING
2022-11-18 15:38:13,774 INFO     ___FILE_ONLY___ 

2022-11-18 15:38:13,774 INFO     ___FILE_ONLY___ jen-pxc-1273-e259799b-5-cluster9
2022-11-18 15:38:13,774 INFO     ___FILE_ONLY___   
2022-11-18 15:38:13,774 INFO     ___FILE_ONLY___ us-central1-a
2022-11-18 15:38:13,774 INFO     ___FILE_ONLY___    
2022-11-18 15:38:13,774 INFO     ___FILE_ONLY___ 1.21.14-gke.8500
2022-11-18 15:38:13,774 INFO     ___FILE_ONLY___   
2022-11-18 15:38:13,774 INFO     ___FILE_ONLY___ 34.27.83.133
2022-11-18 15:38:13,774 INFO     ___FILE_ONLY___      
2022-11-18 15:38:13,774 INFO     ___FILE_ONLY___ n1-standard-4
2022-11-18 15:38:13,774 INFO     ___FILE_ONLY___   
2022-11-18 15:38:13,774 INFO     ___FILE_ONLY___ 1.21.14-gke.8500
2022-11-18 15:38:13,774 INFO     ___FILE_ONLY___              
2022-11-18 15:38:13,774 INFO     ___FILE_ONLY___ PROVISIONING
2022-11-18 15:38:13,775 INFO     ___FILE_ONLY___ 

2022-11-18 15:38:13,775 INFO     ___FILE_ONLY___ jen-pxc-1275-1571a484-1-cluster1
2022-11-18 15:38:13,775 INFO     ___FILE_ONLY___   
2022-11-18 15:38:13,775 INFO     ___FILE_ONLY___ us-central1-a
2022-11-18 15:38:13,775 INFO     ___FILE_ONLY___    
2022-11-18 15:38:13,775 INFO     ___FILE_ONLY___ 1.21.14-gke.8500
2022-11-18 15:38:13,775 INFO     ___FILE_ONLY___   
2022-11-18 15:38:13,775 INFO     ___FILE_ONLY___ 35.222.6.13
2022-11-18 15:38:13,775 INFO     ___FILE_ONLY___       
2022-11-18 15:38:13,775 INFO     ___FILE_ONLY___ n1-standard-4
2022-11-18 15:38:13,775 INFO     ___FILE_ONLY___   
2022-11-18 15:38:13,775 INFO     ___FILE_ONLY___ 1.21.14-gke.8500
2022-11-18 15:38:13,775 INFO     ___FILE_ONLY___   
2022-11-18 15:38:13,775 INFO     ___FILE_ONLY___ 3
2022-11-18 15:38:13,775 INFO     ___FILE_ONLY___           
2022-11-18 15:38:13,775 INFO     ___FILE_ONLY___ RUNNING
2022-11-18 15:38:13,775 INFO     ___FILE_ONLY___ 

2022-11-18 15:38:13,775 INFO     ___FILE_ONLY___ jen-pxc-1275-1571a484-1-cluster2
2022-11-18 15:38:13,775 INFO     ___FILE_ONLY___   
2022-11-18 15:38:13,776 INFO     ___FILE_ONLY___ us-central1-a
2022-11-18 15:38:13,776 INFO     ___FILE_ONLY___    
2022-11-18 15:38:13,776 INFO     ___FILE_ONLY___ 1.21.14-gke.8500
2022-11-18 15:38:13,776 INFO     ___FILE_ONLY___   
2022-11-18 15:38:13,776 INFO     ___FILE_ONLY___ 34.28.162.251
2022-11-18 15:38:13,776 INFO     ___FILE_ONLY___     
2022-11-18 15:38:13,776 INFO     ___FILE_ONLY___ n1-standard-4
2022-11-18 15:38:13,776 INFO     ___FILE_ONLY___   
2022-11-18 15:38:13,776 INFO     ___FILE_ONLY___ 1.21.14-gke.8500
2022-11-18 15:38:13,776 INFO     ___FILE_ONLY___   
2022-11-18 15:38:13,776 INFO     ___FILE_ONLY___ 3
2022-11-18 15:38:13,776 INFO     ___FILE_ONLY___           
2022-11-18 15:38:13,776 INFO     ___FILE_ONLY___ RUNNING
2022-11-18 15:38:13,776 INFO     ___FILE_ONLY___ 

2022-11-18 15:38:13,776 INFO     ___FILE_ONLY___ jen-pxc-1275-1571a484-1-cluster3
2022-11-18 15:38:13,776 INFO     ___FILE_ONLY___   
2022-11-18 15:38:13,776 INFO     ___FILE_ONLY___ us-central1-a
2022-11-18 15:38:13,776 INFO     ___FILE_ONLY___    
2022-11-18 15:38:13,776 INFO     ___FILE_ONLY___ 1.21.14-gke.8500
2022-11-18 15:38:13,776 INFO     ___FILE_ONLY___   
2022-11-18 15:38:13,776 INFO     ___FILE_ONLY___ 35.225.153.155
2022-11-18 15:38:13,776 INFO     ___FILE_ONLY___    
2022-11-18 15:38:13,776 INFO     ___FILE_ONLY___ n1-standard-4
2022-11-18 15:38:13,776 INFO     ___FILE_ONLY___   
2022-11-18 15:38:13,776 INFO     ___FILE_ONLY___ 1.21.14-gke.8500
2022-11-18 15:38:13,776 INFO     ___FILE_ONLY___   
2022-11-18 15:38:13,776 INFO     ___FILE_ONLY___ 3
2022-11-18 15:38:13,776 INFO     ___FILE_ONLY___           
2022-11-18 15:38:13,776 INFO     ___FILE_ONLY___ RUNNING
2022-11-18 15:38:13,776 INFO     ___FILE_ONLY___ 

2022-11-18 15:38:13,776 INFO     ___FILE_ONLY___ jen-pxc-1275-1571a484-1-cluster4
2022-11-18 15:38:13,776 INFO     ___FILE_ONLY___   
2022-11-18 15:38:13,776 INFO     ___FILE_ONLY___ us-central1-a
2022-11-18 15:38:13,776 INFO     ___FILE_ONLY___    
2022-11-18 15:38:13,776 INFO     ___FILE_ONLY___ 1.21.14-gke.8500
2022-11-18 15:38:13,776 INFO     ___FILE_ONLY___   
2022-11-18 15:38:13,776 INFO     ___FILE_ONLY___ 35.193.141.87
2022-11-18 15:38:13,776 INFO     ___FILE_ONLY___     
2022-11-18 15:38:13,776 INFO     ___FILE_ONLY___ n1-standard-4
2022-11-18 15:38:13,776 INFO     ___FILE_ONLY___   
2022-11-18 15:38:13,776 INFO     ___FILE_ONLY___ 1.21.14-gke.8500
2022-11-18 15:38:13,776 INFO     ___FILE_ONLY___   
2022-11-18 15:38:13,776 INFO     ___FILE_ONLY___ 3
2022-11-18 15:38:13,776 INFO     ___FILE_ONLY___           
2022-11-18 15:38:13,776 INFO     ___FILE_ONLY___ RUNNING
2022-11-18 15:38:13,776 INFO     ___FILE_ONLY___ 

2022-11-18 15:38:13,776 INFO     ___FILE_ONLY___ jen-pxc-1275-1571a484-1-cluster5
2022-11-18 15:38:13,776 INFO     ___FILE_ONLY___   
2022-11-18 15:38:13,777 INFO     ___FILE_ONLY___ us-central1-a
2022-11-18 15:38:13,777 INFO     ___FILE_ONLY___    
2022-11-18 15:38:13,777 INFO     ___FILE_ONLY___ 1.21.14-gke.8500
2022-11-18 15:38:13,777 INFO     ___FILE_ONLY___   
2022-11-18 15:38:13,777 INFO     ___FILE_ONLY___ 34.135.169.88
2022-11-18 15:38:13,777 INFO     ___FILE_ONLY___     
2022-11-18 15:38:13,777 INFO     ___FILE_ONLY___ n1-standard-4
2022-11-18 15:38:13,777 INFO     ___FILE_ONLY___   
2022-11-18 15:38:13,777 INFO     ___FILE_ONLY___ 1.21.14-gke.8500
2022-11-18 15:38:13,777 INFO     ___FILE_ONLY___   
2022-11-18 15:38:13,777 INFO     ___FILE_ONLY___ 3
2022-11-18 15:38:13,777 INFO     ___FILE_ONLY___           
2022-11-18 15:38:13,777 INFO     ___FILE_ONLY___ RUNNING
2022-11-18 15:38:13,777 INFO     ___FILE_ONLY___ 

2022-11-18 15:38:13,777 INFO     ___FILE_ONLY___ jen-pxc-1275-1571a484-1-cluster6
2022-11-18 15:38:13,777 INFO     ___FILE_ONLY___   
2022-11-18 15:38:13,777 INFO     ___FILE_ONLY___ us-central1-a
2022-11-18 15:38:13,777 INFO     ___FILE_ONLY___    
2022-11-18 15:38:13,777 INFO     ___FILE_ONLY___ 1.21.14-gke.8500
2022-11-18 15:38:13,777 INFO     ___FILE_ONLY___   
2022-11-18 15:38:13,777 INFO     ___FILE_ONLY___ 34.136.70.163
2022-11-18 15:38:13,777 INFO     ___FILE_ONLY___     
2022-11-18 15:38:13,777 INFO     ___FILE_ONLY___ n1-standard-4
2022-11-18 15:38:13,777 INFO     ___FILE_ONLY___   
2022-11-18 15:38:13,777 INFO     ___FILE_ONLY___ 1.21.14-gke.8500
2022-11-18 15:38:13,777 INFO     ___FILE_ONLY___   
2022-11-18 15:38:13,777 INFO     ___FILE_ONLY___ 3
2022-11-18 15:38:13,777 INFO     ___FILE_ONLY___           
2022-11-18 15:38:13,777 INFO     ___FILE_ONLY___ RUNNING
2022-11-18 15:38:13,777 INFO     ___FILE_ONLY___ 

2022-11-18 15:38:13,777 INFO     ___FILE_ONLY___ jen-pxc-1275-1571a484-1-cluster7
2022-11-18 15:38:13,777 INFO     ___FILE_ONLY___   
2022-11-18 15:38:13,777 INFO     ___FILE_ONLY___ us-central1-a
2022-11-18 15:38:13,777 INFO     ___FILE_ONLY___    
2022-11-18 15:38:13,777 INFO     ___FILE_ONLY___ 1.21.14-gke.8500
2022-11-18 15:38:13,777 INFO     ___FILE_ONLY___   
2022-11-18 15:38:13,777 INFO     ___FILE_ONLY___ 173.255.117.240
2022-11-18 15:38:13,777 INFO     ___FILE_ONLY___   
2022-11-18 15:38:13,777 INFO     ___FILE_ONLY___ n1-standard-4
2022-11-18 15:38:13,777 INFO     ___FILE_ONLY___   
2022-11-18 15:38:13,777 INFO     ___FILE_ONLY___ 1.21.14-gke.8500
2022-11-18 15:38:13,777 INFO     ___FILE_ONLY___   
2022-11-18 15:38:13,777 INFO     ___FILE_ONLY___ 3
2022-11-18 15:38:13,777 INFO     ___FILE_ONLY___           
2022-11-18 15:38:13,777 INFO     ___FILE_ONLY___ RUNNING
2022-11-18 15:38:13,777 INFO     ___FILE_ONLY___ 

2022-11-18 15:38:13,777 INFO     ___FILE_ONLY___ jen-pxc-1275-1571a484-1-cluster8
2022-11-18 15:38:13,777 INFO     ___FILE_ONLY___   
2022-11-18 15:38:13,777 INFO     ___FILE_ONLY___ us-central1-a
2022-11-18 15:38:13,777 INFO     ___FILE_ONLY___    
2022-11-18 15:38:13,777 INFO     ___FILE_ONLY___ 1.21.14-gke.8500
2022-11-18 15:38:13,778 INFO     ___FILE_ONLY___   
2022-11-18 15:38:13,778 INFO     ___FILE_ONLY___ 34.68.35.194
2022-11-18 15:38:13,778 INFO     ___FILE_ONLY___      
2022-11-18 15:38:13,778 INFO     ___FILE_ONLY___ n1-standard-4
2022-11-18 15:38:13,778 INFO     ___FILE_ONLY___   
2022-11-18 15:38:13,778 INFO     ___FILE_ONLY___ 1.21.14-gke.8500
2022-11-18 15:38:13,778 INFO     ___FILE_ONLY___   
2022-11-18 15:38:13,778 INFO     ___FILE_ONLY___ 3
2022-11-18 15:38:13,778 INFO     ___FILE_ONLY___           
2022-11-18 15:38:13,778 INFO     ___FILE_ONLY___ RUNNING
2022-11-18 15:38:13,778 INFO     ___FILE_ONLY___ 

2022-11-18 15:38:13,778 INFO     ___FILE_ONLY___ jen-pxc-1275-1571a484-1-cluster9
2022-11-18 15:38:13,778 INFO     ___FILE_ONLY___   
2022-11-18 15:38:13,778 INFO     ___FILE_ONLY___ us-central1-a
2022-11-18 15:38:13,778 INFO     ___FILE_ONLY___    
2022-11-18 15:38:13,778 INFO     ___FILE_ONLY___ 1.21.14-gke.8500
2022-11-18 15:38:13,778 INFO     ___FILE_ONLY___   
2022-11-18 15:38:13,778 INFO     ___FILE_ONLY___ 34.173.172.65
2022-11-18 15:38:13,778 INFO     ___FILE_ONLY___     
2022-11-18 15:38:13,778 INFO     ___FILE_ONLY___ n1-standard-4
2022-11-18 15:38:13,778 INFO     ___FILE_ONLY___   
2022-11-18 15:38:13,778 INFO     ___FILE_ONLY___ 1.21.14-gke.8500
2022-11-18 15:38:13,778 INFO     ___FILE_ONLY___   
2022-11-18 15:38:13,778 INFO     ___FILE_ONLY___ 3
2022-11-18 15:38:13,778 INFO     ___FILE_ONLY___           
2022-11-18 15:38:13,778 INFO     ___FILE_ONLY___ RUNNING
2022-11-18 15:38:13,778 INFO     ___FILE_ONLY___ 

2022-11-18 15:38:13,778 INFO     ___FILE_ONLY___ plavi-1244
2022-11-18 15:38:13,778 INFO     ___FILE_ONLY___                         
2022-11-18 15:38:13,778 INFO     ___FILE_ONLY___ us-central1-a
2022-11-18 15:38:13,778 INFO     ___FILE_ONLY___    
2022-11-18 15:38:13,778 INFO     ___FILE_ONLY___ 1.24.6-gke.1500
2022-11-18 15:38:13,778 INFO     ___FILE_ONLY___    
2022-11-18 15:38:13,778 INFO     ___FILE_ONLY___ 34.72.160.58
2022-11-18 15:38:13,778 INFO     ___FILE_ONLY___      
2022-11-18 15:38:13,778 INFO     ___FILE_ONLY___ n1-standard-4
2022-11-18 15:38:13,778 INFO     ___FILE_ONLY___   
2022-11-18 15:38:13,778 INFO     ___FILE_ONLY___ 1.24.6-gke.1500
2022-11-18 15:38:13,778 INFO     ___FILE_ONLY___    
2022-11-18 15:38:13,778 INFO     ___FILE_ONLY___ 3
2022-11-18 15:38:13,778 INFO     ___FILE_ONLY___           
2022-11-18 15:38:13,778 INFO     ___FILE_ONLY___ RUNNING
2022-11-18 15:38:13,778 INFO     ___FILE_ONLY___ 

2022-11-18 15:38:13,778 INFO     ___FILE_ONLY___ cap-666
2022-11-18 15:38:13,778 INFO     ___FILE_ONLY___                            
2022-11-18 15:38:13,778 INFO     ___FILE_ONLY___ us-central1-c
2022-11-18 15:38:13,778 INFO     ___FILE_ONLY___    
2022-11-18 15:38:13,779 INFO     ___FILE_ONLY___ 1.22.15-gke.2500
2022-11-18 15:38:13,779 INFO     ___FILE_ONLY___   
2022-11-18 15:38:13,779 INFO     ___FILE_ONLY___ 35.225.73.244
2022-11-18 15:38:13,779 INFO     ___FILE_ONLY___     
2022-11-18 15:38:13,779 INFO     ___FILE_ONLY___ n1-standard-4
2022-11-18 15:38:13,779 INFO     ___FILE_ONLY___   
2022-11-18 15:38:13,779 INFO     ___FILE_ONLY___ 1.22.15-gke.2500
2022-11-18 15:38:13,779 INFO     ___FILE_ONLY___   
2022-11-18 15:38:13,779 INFO     ___FILE_ONLY___ 3
2022-11-18 15:38:13,779 INFO     ___FILE_ONLY___           
2022-11-18 15:38:13,779 INFO     ___FILE_ONLY___ RUNNING
2022-11-18 15:38:13,779 INFO     ___FILE_ONLY___ 

2022-11-18 15:38:13,779 INFO     ___FILE_ONLY___ natali-22
2022-11-18 15:38:13,779 INFO     ___FILE_ONLY___                          
2022-11-18 15:38:13,779 INFO     ___FILE_ONLY___ us-central1-c
2022-11-18 15:38:13,779 INFO     ___FILE_ONLY___    
2022-11-18 15:38:13,779 INFO     ___FILE_ONLY___ 1.22.15-gke.2500
2022-11-18 15:38:13,779 INFO     ___FILE_ONLY___   
2022-11-18 15:38:13,779 INFO     ___FILE_ONLY___ 35.188.165.143
2022-11-18 15:38:13,779 INFO     ___FILE_ONLY___    
2022-11-18 15:38:13,779 INFO     ___FILE_ONLY___ n1-standard-4
2022-11-18 15:38:13,779 INFO     ___FILE_ONLY___   
2022-11-18 15:38:13,779 INFO     ___FILE_ONLY___ 1.22.15-gke.2500
2022-11-18 15:38:13,779 INFO     ___FILE_ONLY___   
2022-11-18 15:38:13,779 INFO     ___FILE_ONLY___ 3
2022-11-18 15:38:13,779 INFO     ___FILE_ONLY___           
2022-11-18 15:38:13,779 INFO     ___FILE_ONLY___ RUNNING
2022-11-18 15:38:13,779 INFO     ___FILE_ONLY___ 

2022-11-18 15:38:13,779 INFO     ___FILE_ONLY___ natali-22-1
2022-11-18 15:38:13,779 INFO     ___FILE_ONLY___                        
2022-11-18 15:38:13,779 INFO     ___FILE_ONLY___ us-central1-c
2022-11-18 15:38:13,779 INFO     ___FILE_ONLY___    
2022-11-18 15:38:13,779 INFO     ___FILE_ONLY___ 1.22.15-gke.2500
2022-11-18 15:38:13,779 INFO     ___FILE_ONLY___   
2022-11-18 15:38:13,779 INFO     ___FILE_ONLY___ 34.71.25.228
2022-11-18 15:38:13,779 INFO     ___FILE_ONLY___      
2022-11-18 15:38:13,779 INFO     ___FILE_ONLY___ n1-standard-4
2022-11-18 15:38:13,779 INFO     ___FILE_ONLY___   
2022-11-18 15:38:13,779 INFO     ___FILE_ONLY___ 1.22.15-gke.2500
2022-11-18 15:38:13,779 INFO     ___FILE_ONLY___   
2022-11-18 15:38:13,779 INFO     ___FILE_ONLY___ 3
2022-11-18 15:38:13,779 INFO     ___FILE_ONLY___           
2022-11-18 15:38:13,779 INFO     ___FILE_ONLY___ RUNNING
2022-11-18 15:38:13,779 INFO     ___FILE_ONLY___ 

2022-11-18 15:38:13,788 DEBUG    root            Metrics reporting process started...
