2022-11-18 16:16:08,276 DEBUG    root            Loaded Command Group: ['gcloud', 'container', 'clusters']
2022-11-18 16:16:08,281 DEBUG    root            Loaded Command Group: ['gcloud', 'container', 'clusters', 'create']
2022-11-18 16:16:08,302 DEBUG    root            Running [gcloud.container.clusters.create] with arguments: [--cluster-version: "1.21", --machine-type: "n1-standard-4", --num-nodes: "3", --preemptible: "True", --zone: "europe-west3-b", NAME: "inel-32194"]
2022-11-18 16:16:08,305 INFO     ___FILE_ONLY___ Default change: VPC-native is the default mode during cluster creation for versions greater than 1.21.0-gke.1500. To create advanced routes based clusters, please pass the `--no-enable-ip-alias` flag

2022-11-18 16:16:08,305 INFO     ___FILE_ONLY___ Note: Your Pod address range (`--cluster-ipv4-cidr`) can accommodate at most 1008 node(s).

2022-11-18 16:16:08,312 DEBUG    urllib3.connectionpool Starting new HTTPS connection (1): container.googleapis.com:443
2022-11-18 16:16:12,165 DEBUG    urllib3.connectionpool https://container.googleapis.com:443 "POST /v1/projects/cloud-dev-112233/locations/europe-west3-b/clusters?alt=json HTTP/1.1" 200 None
2022-11-18 16:16:12,170 INFO     ___FILE_ONLY___ Creating cluster inel-32194 in europe-west3-b...
2022-11-18 16:16:12,179 DEBUG    urllib3.connectionpool Starting new HTTPS connection (1): container.googleapis.com:443
2022-11-18 16:16:12,422 DEBUG    urllib3.connectionpool https://container.googleapis.com:443 "GET /v1/projects/cloud-dev-112233/locations/europe-west3-b/operations/operation-1668784572135-23d3e443?alt=json HTTP/1.1" 200 None
2022-11-18 16:16:17,442 DEBUG    urllib3.connectionpool Starting new HTTPS connection (1): container.googleapis.com:443
2022-11-18 16:16:17,676 DEBUG    urllib3.connectionpool https://container.googleapis.com:443 "GET /v1/projects/cloud-dev-112233/locations/europe-west3-b/operations/operation-1668784572135-23d3e443?alt=json HTTP/1.1" 200 None
2022-11-18 16:16:22,695 DEBUG    urllib3.connectionpool Starting new HTTPS connection (1): container.googleapis.com:443
2022-11-18 16:16:22,935 DEBUG    urllib3.connectionpool https://container.googleapis.com:443 "GET /v1/projects/cloud-dev-112233/locations/europe-west3-b/operations/operation-1668784572135-23d3e443?alt=json HTTP/1.1" 200 None
2022-11-18 16:16:27,949 DEBUG    urllib3.connectionpool Starting new HTTPS connection (1): container.googleapis.com:443
2022-11-18 16:16:28,166 DEBUG    urllib3.connectionpool https://container.googleapis.com:443 "GET /v1/projects/cloud-dev-112233/locations/europe-west3-b/operations/operation-1668784572135-23d3e443?alt=json HTTP/1.1" 200 None
2022-11-18 16:16:33,186 DEBUG    urllib3.connectionpool Starting new HTTPS connection (1): container.googleapis.com:443
2022-11-18 16:16:33,465 DEBUG    urllib3.connectionpool https://container.googleapis.com:443 "GET /v1/projects/cloud-dev-112233/locations/europe-west3-b/operations/operation-1668784572135-23d3e443?alt=json HTTP/1.1" 200 None
2022-11-18 16:16:38,523 DEBUG    urllib3.connectionpool Starting new HTTPS connection (1): container.googleapis.com:443
2022-11-18 16:16:38,780 DEBUG    urllib3.connectionpool https://container.googleapis.com:443 "GET /v1/projects/cloud-dev-112233/locations/europe-west3-b/operations/operation-1668784572135-23d3e443?alt=json HTTP/1.1" 200 None
2022-11-18 16:16:43,799 DEBUG    urllib3.connectionpool Starting new HTTPS connection (1): container.googleapis.com:443
2022-11-18 16:16:44,019 DEBUG    urllib3.connectionpool https://container.googleapis.com:443 "GET /v1/projects/cloud-dev-112233/locations/europe-west3-b/operations/operation-1668784572135-23d3e443?alt=json HTTP/1.1" 200 None
2022-11-18 16:16:49,037 DEBUG    urllib3.connectionpool Starting new HTTPS connection (1): container.googleapis.com:443
2022-11-18 16:16:49,296 DEBUG    urllib3.connectionpool https://container.googleapis.com:443 "GET /v1/projects/cloud-dev-112233/locations/europe-west3-b/operations/operation-1668784572135-23d3e443?alt=json HTTP/1.1" 200 None
2022-11-18 16:16:54,319 DEBUG    urllib3.connectionpool Starting new HTTPS connection (1): container.googleapis.com:443
2022-11-18 16:16:54,552 DEBUG    urllib3.connectionpool https://container.googleapis.com:443 "GET /v1/projects/cloud-dev-112233/locations/europe-west3-b/operations/operation-1668784572135-23d3e443?alt=json HTTP/1.1" 200 None
2022-11-18 16:16:59,580 DEBUG    urllib3.connectionpool Starting new HTTPS connection (1): container.googleapis.com:443
2022-11-18 16:16:59,830 DEBUG    urllib3.connectionpool https://container.googleapis.com:443 "GET /v1/projects/cloud-dev-112233/locations/europe-west3-b/operations/operation-1668784572135-23d3e443?alt=json HTTP/1.1" 200 None
2022-11-18 16:17:04,848 DEBUG    urllib3.connectionpool Starting new HTTPS connection (1): container.googleapis.com:443
2022-11-18 16:17:05,083 DEBUG    urllib3.connectionpool https://container.googleapis.com:443 "GET /v1/projects/cloud-dev-112233/locations/europe-west3-b/operations/operation-1668784572135-23d3e443?alt=json HTTP/1.1" 200 None
2022-11-18 16:17:10,093 DEBUG    urllib3.connectionpool Starting new HTTPS connection (1): container.googleapis.com:443
2022-11-18 16:17:10,295 DEBUG    urllib3.connectionpool https://container.googleapis.com:443 "GET /v1/projects/cloud-dev-112233/locations/europe-west3-b/operations/operation-1668784572135-23d3e443?alt=json HTTP/1.1" 200 None
2022-11-18 16:17:15,313 DEBUG    urllib3.connectionpool Starting new HTTPS connection (1): container.googleapis.com:443
2022-11-18 16:17:15,542 DEBUG    urllib3.connectionpool https://container.googleapis.com:443 "GET /v1/projects/cloud-dev-112233/locations/europe-west3-b/operations/operation-1668784572135-23d3e443?alt=json HTTP/1.1" 200 None
2022-11-18 16:17:20,556 DEBUG    urllib3.connectionpool Starting new HTTPS connection (1): container.googleapis.com:443
2022-11-18 16:17:20,762 DEBUG    urllib3.connectionpool https://container.googleapis.com:443 "GET /v1/projects/cloud-dev-112233/locations/europe-west3-b/operations/operation-1668784572135-23d3e443?alt=json HTTP/1.1" 200 None
2022-11-18 16:17:25,792 DEBUG    urllib3.connectionpool Starting new HTTPS connection (1): container.googleapis.com:443
2022-11-18 16:17:26,028 DEBUG    urllib3.connectionpool https://container.googleapis.com:443 "GET /v1/projects/cloud-dev-112233/locations/europe-west3-b/operations/operation-1668784572135-23d3e443?alt=json HTTP/1.1" 200 None
2022-11-18 16:17:31,038 DEBUG    urllib3.connectionpool Starting new HTTPS connection (1): container.googleapis.com:443
2022-11-18 16:17:31,267 DEBUG    urllib3.connectionpool https://container.googleapis.com:443 "GET /v1/projects/cloud-dev-112233/locations/europe-west3-b/operations/operation-1668784572135-23d3e443?alt=json HTTP/1.1" 200 None
2022-11-18 16:17:36,290 DEBUG    urllib3.connectionpool Starting new HTTPS connection (1): container.googleapis.com:443
2022-11-18 16:17:36,522 DEBUG    urllib3.connectionpool https://container.googleapis.com:443 "GET /v1/projects/cloud-dev-112233/locations/europe-west3-b/operations/operation-1668784572135-23d3e443?alt=json HTTP/1.1" 200 None
2022-11-18 16:17:41,545 DEBUG    urllib3.connectionpool Starting new HTTPS connection (1): container.googleapis.com:443
2022-11-18 16:17:41,770 DEBUG    urllib3.connectionpool https://container.googleapis.com:443 "GET /v1/projects/cloud-dev-112233/locations/europe-west3-b/operations/operation-1668784572135-23d3e443?alt=json HTTP/1.1" 200 None
2022-11-18 16:17:46,788 DEBUG    urllib3.connectionpool Starting new HTTPS connection (1): container.googleapis.com:443
2022-11-18 16:17:46,997 DEBUG    urllib3.connectionpool https://container.googleapis.com:443 "GET /v1/projects/cloud-dev-112233/locations/europe-west3-b/operations/operation-1668784572135-23d3e443?alt=json HTTP/1.1" 200 None
2022-11-18 16:17:52,011 DEBUG    urllib3.connectionpool Starting new HTTPS connection (1): container.googleapis.com:443
2022-11-18 16:17:52,215 DEBUG    urllib3.connectionpool https://container.googleapis.com:443 "GET /v1/projects/cloud-dev-112233/locations/europe-west3-b/operations/operation-1668784572135-23d3e443?alt=json HTTP/1.1" 200 None
2022-11-18 16:17:57,228 DEBUG    urllib3.connectionpool Starting new HTTPS connection (1): container.googleapis.com:443
2022-11-18 16:17:57,456 DEBUG    urllib3.connectionpool https://container.googleapis.com:443 "GET /v1/projects/cloud-dev-112233/locations/europe-west3-b/operations/operation-1668784572135-23d3e443?alt=json HTTP/1.1" 200 None
2022-11-18 16:18:02,471 DEBUG    urllib3.connectionpool Starting new HTTPS connection (1): container.googleapis.com:443
2022-11-18 16:18:02,696 DEBUG    urllib3.connectionpool https://container.googleapis.com:443 "GET /v1/projects/cloud-dev-112233/locations/europe-west3-b/operations/operation-1668784572135-23d3e443?alt=json HTTP/1.1" 200 None
2022-11-18 16:18:07,725 DEBUG    urllib3.connectionpool Starting new HTTPS connection (1): container.googleapis.com:443
2022-11-18 16:18:07,955 DEBUG    urllib3.connectionpool https://container.googleapis.com:443 "GET /v1/projects/cloud-dev-112233/locations/europe-west3-b/operations/operation-1668784572135-23d3e443?alt=json HTTP/1.1" 200 None
2022-11-18 16:18:12,988 DEBUG    urllib3.connectionpool Starting new HTTPS connection (1): container.googleapis.com:443
2022-11-18 16:18:13,190 DEBUG    urllib3.connectionpool https://container.googleapis.com:443 "GET /v1/projects/cloud-dev-112233/locations/europe-west3-b/operations/operation-1668784572135-23d3e443?alt=json HTTP/1.1" 200 None
2022-11-18 16:18:18,202 DEBUG    urllib3.connectionpool Starting new HTTPS connection (1): container.googleapis.com:443
2022-11-18 16:18:18,425 DEBUG    urllib3.connectionpool https://container.googleapis.com:443 "GET /v1/projects/cloud-dev-112233/locations/europe-west3-b/operations/operation-1668784572135-23d3e443?alt=json HTTP/1.1" 200 None
2022-11-18 16:18:23,443 DEBUG    urllib3.connectionpool Starting new HTTPS connection (1): container.googleapis.com:443
2022-11-18 16:18:23,675 DEBUG    urllib3.connectionpool https://container.googleapis.com:443 "GET /v1/projects/cloud-dev-112233/locations/europe-west3-b/operations/operation-1668784572135-23d3e443?alt=json HTTP/1.1" 200 None
2022-11-18 16:18:28,724 DEBUG    urllib3.connectionpool Starting new HTTPS connection (1): container.googleapis.com:443
2022-11-18 16:18:28,943 DEBUG    urllib3.connectionpool https://container.googleapis.com:443 "GET /v1/projects/cloud-dev-112233/locations/europe-west3-b/operations/operation-1668784572135-23d3e443?alt=json HTTP/1.1" 200 None
2022-11-18 16:18:33,955 DEBUG    urllib3.connectionpool Starting new HTTPS connection (1): container.googleapis.com:443
2022-11-18 16:18:34,196 DEBUG    urllib3.connectionpool https://container.googleapis.com:443 "GET /v1/projects/cloud-dev-112233/locations/europe-west3-b/operations/operation-1668784572135-23d3e443?alt=json HTTP/1.1" 200 None
2022-11-18 16:18:39,229 DEBUG    urllib3.connectionpool Starting new HTTPS connection (1): container.googleapis.com:443
2022-11-18 16:18:39,439 DEBUG    urllib3.connectionpool https://container.googleapis.com:443 "GET /v1/projects/cloud-dev-112233/locations/europe-west3-b/operations/operation-1668784572135-23d3e443?alt=json HTTP/1.1" 200 None
2022-11-18 16:18:44,453 DEBUG    urllib3.connectionpool Starting new HTTPS connection (1): container.googleapis.com:443
2022-11-18 16:18:44,667 DEBUG    urllib3.connectionpool https://container.googleapis.com:443 "GET /v1/projects/cloud-dev-112233/locations/europe-west3-b/operations/operation-1668784572135-23d3e443?alt=json HTTP/1.1" 200 None
2022-11-18 16:18:49,682 DEBUG    urllib3.connectionpool Starting new HTTPS connection (1): container.googleapis.com:443
2022-11-18 16:18:49,921 DEBUG    urllib3.connectionpool https://container.googleapis.com:443 "GET /v1/projects/cloud-dev-112233/locations/europe-west3-b/operations/operation-1668784572135-23d3e443?alt=json HTTP/1.1" 200 None
2022-11-18 16:18:54,933 DEBUG    urllib3.connectionpool Starting new HTTPS connection (1): container.googleapis.com:443
2022-11-18 16:18:55,149 DEBUG    urllib3.connectionpool https://container.googleapis.com:443 "GET /v1/projects/cloud-dev-112233/locations/europe-west3-b/operations/operation-1668784572135-23d3e443?alt=json HTTP/1.1" 200 None
2022-11-18 16:19:00,164 DEBUG    urllib3.connectionpool Starting new HTTPS connection (1): container.googleapis.com:443
2022-11-18 16:19:00,398 DEBUG    urllib3.connectionpool https://container.googleapis.com:443 "GET /v1/projects/cloud-dev-112233/locations/europe-west3-b/operations/operation-1668784572135-23d3e443?alt=json HTTP/1.1" 200 None
2022-11-18 16:19:05,412 DEBUG    urllib3.connectionpool Starting new HTTPS connection (1): container.googleapis.com:443
2022-11-18 16:19:05,617 DEBUG    urllib3.connectionpool https://container.googleapis.com:443 "GET /v1/projects/cloud-dev-112233/locations/europe-west3-b/operations/operation-1668784572135-23d3e443?alt=json HTTP/1.1" 200 None
2022-11-18 16:19:10,630 DEBUG    urllib3.connectionpool Starting new HTTPS connection (1): container.googleapis.com:443
2022-11-18 16:19:10,868 DEBUG    urllib3.connectionpool https://container.googleapis.com:443 "GET /v1/projects/cloud-dev-112233/locations/europe-west3-b/operations/operation-1668784572135-23d3e443?alt=json HTTP/1.1" 200 None
2022-11-18 16:19:15,884 DEBUG    urllib3.connectionpool Starting new HTTPS connection (1): container.googleapis.com:443
2022-11-18 16:19:16,090 DEBUG    urllib3.connectionpool https://container.googleapis.com:443 "GET /v1/projects/cloud-dev-112233/locations/europe-west3-b/operations/operation-1668784572135-23d3e443?alt=json HTTP/1.1" 200 None
2022-11-18 16:19:21,102 DEBUG    urllib3.connectionpool Starting new HTTPS connection (1): container.googleapis.com:443
2022-11-18 16:19:21,336 DEBUG    urllib3.connectionpool https://container.googleapis.com:443 "GET /v1/projects/cloud-dev-112233/locations/europe-west3-b/operations/operation-1668784572135-23d3e443?alt=json HTTP/1.1" 200 None
2022-11-18 16:19:26,353 DEBUG    urllib3.connectionpool Starting new HTTPS connection (1): container.googleapis.com:443
2022-11-18 16:19:26,591 DEBUG    urllib3.connectionpool https://container.googleapis.com:443 "GET /v1/projects/cloud-dev-112233/locations/europe-west3-b/operations/operation-1668784572135-23d3e443?alt=json HTTP/1.1" 200 None
2022-11-18 16:19:31,609 DEBUG    urllib3.connectionpool Starting new HTTPS connection (1): container.googleapis.com:443
2022-11-18 16:19:31,840 DEBUG    urllib3.connectionpool https://container.googleapis.com:443 "GET /v1/projects/cloud-dev-112233/locations/europe-west3-b/operations/operation-1668784572135-23d3e443?alt=json HTTP/1.1" 200 None
2022-11-18 16:19:36,851 DEBUG    urllib3.connectionpool Starting new HTTPS connection (1): container.googleapis.com:443
2022-11-18 16:19:37,082 DEBUG    urllib3.connectionpool https://container.googleapis.com:443 "GET /v1/projects/cloud-dev-112233/locations/europe-west3-b/operations/operation-1668784572135-23d3e443?alt=json HTTP/1.1" 200 None
2022-11-18 16:19:42,095 DEBUG    urllib3.connectionpool Starting new HTTPS connection (1): container.googleapis.com:443
2022-11-18 16:19:42,322 DEBUG    urllib3.connectionpool https://container.googleapis.com:443 "GET /v1/projects/cloud-dev-112233/locations/europe-west3-b/operations/operation-1668784572135-23d3e443?alt=json HTTP/1.1" 200 None
2022-11-18 16:19:47,336 DEBUG    urllib3.connectionpool Starting new HTTPS connection (1): container.googleapis.com:443
2022-11-18 16:19:47,567 DEBUG    urllib3.connectionpool https://container.googleapis.com:443 "GET /v1/projects/cloud-dev-112233/locations/europe-west3-b/operations/operation-1668784572135-23d3e443?alt=json HTTP/1.1" 200 None
2022-11-18 16:19:52,580 DEBUG    urllib3.connectionpool Starting new HTTPS connection (1): container.googleapis.com:443
2022-11-18 16:19:52,812 DEBUG    urllib3.connectionpool https://container.googleapis.com:443 "GET /v1/projects/cloud-dev-112233/locations/europe-west3-b/operations/operation-1668784572135-23d3e443?alt=json HTTP/1.1" 200 None
2022-11-18 16:19:57,831 DEBUG    urllib3.connectionpool Starting new HTTPS connection (1): container.googleapis.com:443
2022-11-18 16:19:58,030 DEBUG    urllib3.connectionpool https://container.googleapis.com:443 "GET /v1/projects/cloud-dev-112233/locations/europe-west3-b/operations/operation-1668784572135-23d3e443?alt=json HTTP/1.1" 200 None
2022-11-18 16:20:03,046 DEBUG    urllib3.connectionpool Starting new HTTPS connection (1): container.googleapis.com:443
2022-11-18 16:20:03,260 DEBUG    urllib3.connectionpool https://container.googleapis.com:443 "GET /v1/projects/cloud-dev-112233/locations/europe-west3-b/operations/operation-1668784572135-23d3e443?alt=json HTTP/1.1" 200 None
2022-11-18 16:20:03,267 INFO     root            Operation <Operation
 clusterConditions: []
 endTime: '2022-11-18T15:20:01.012344254Z'
 name: 'operation-1668784572135-23d3e443'
 nodepoolConditions: []
 operationType: OperationTypeValueValuesEnum(CREATE_CLUSTER, 1)
 progress: <OperationProgress
 metrics: [<Metric
 intValue: 4
 name: 'CLUSTER_CONFIGURING'>, <Metric
 intValue: 4
 name: 'CLUSTER_CONFIGURING_TOTAL'>, <Metric
 intValue: 7
 name: 'CLUSTER_DEPLOYING'>, <Metric
 intValue: 7
 name: 'CLUSTER_DEPLOYING_TOTAL'>, <Metric
 intValue: 1
 name: 'CLUSTER_HEALTHCHECKING'>, <Metric
 intValue: 2
 name: 'CLUSTER_HEALTHCHECKING_TOTAL'>]
 stages: []>
 selfLink: 'https://container.googleapis.com/v1/projects/166042509722/zones/europe-west3-b/operations/operation-1668784572135-23d3e443'
 startTime: '2022-11-18T15:16:12.135872414Z'
 status: StatusValueValuesEnum(DONE, 3)
 targetLink: 'https://container.googleapis.com/v1/projects/166042509722/zones/europe-west3-b/clusters/inel-32194'
 zone: 'europe-west3-b'> succeeded after 231.096 seconds
2022-11-18 16:20:03,331 DEBUG    urllib3.connectionpool Starting new HTTPS connection (1): container.googleapis.com:443
2022-11-18 16:20:03,578 DEBUG    urllib3.connectionpool https://container.googleapis.com:443 "GET /v1/projects/cloud-dev-112233/locations/europe-west3-b/clusters/inel-32194?alt=json HTTP/1.1" 200 None
2022-11-18 16:20:03,603 INFO     ___FILE_ONLY___ Created [https://container.googleapis.com/v1/projects/cloud-dev-112233/zones/europe-west3-b/clusters/inel-32194].

2022-11-18 16:20:03,603 INFO     ___FILE_ONLY___ To inspect the contents of your cluster, go to: https://console.cloud.google.com/kubernetes/workload_/gcloud/europe-west3-b/inel-32194?project=cloud-dev-112233

2022-11-18 16:20:03,696 DEBUG    root            Saved kubeconfig to /Users/inelpandzic/.kube/config
2022-11-18 16:20:03,696 INFO     ___FILE_ONLY___ kubeconfig entry generated for inel-32194.

2022-11-18 16:20:03,699 INFO     root            Display format: "
    table(
        name,
        zone:label=LOCATION,
        master_version():label=MASTER_VERSION,
        endpoint:label=MASTER_IP,
        nodePools[0].config.machineType,
        currentNodeVersion:label=NODE_VERSION,
        firstof(currentNodeCount,initialNodeCount):label=NUM_NODES,
        status
    )
"
2022-11-18 16:20:03,702 INFO     ___FILE_ONLY___ NAME
2022-11-18 16:20:03,702 INFO     ___FILE_ONLY___         
2022-11-18 16:20:03,702 INFO     ___FILE_ONLY___ LOCATION
2022-11-18 16:20:03,702 INFO     ___FILE_ONLY___         
2022-11-18 16:20:03,702 INFO     ___FILE_ONLY___ MASTER_VERSION
2022-11-18 16:20:03,702 INFO     ___FILE_ONLY___     
2022-11-18 16:20:03,702 INFO     ___FILE_ONLY___ MASTER_IP
2022-11-18 16:20:03,702 INFO     ___FILE_ONLY___        
2022-11-18 16:20:03,702 INFO     ___FILE_ONLY___ MACHINE_TYPE
2022-11-18 16:20:03,702 INFO     ___FILE_ONLY___    
2022-11-18 16:20:03,702 INFO     ___FILE_ONLY___ NODE_VERSION
2022-11-18 16:20:03,702 INFO     ___FILE_ONLY___       
2022-11-18 16:20:03,702 INFO     ___FILE_ONLY___ NUM_NODES
2022-11-18 16:20:03,702 INFO     ___FILE_ONLY___   
2022-11-18 16:20:03,702 INFO     ___FILE_ONLY___ STATUS
2022-11-18 16:20:03,702 INFO     ___FILE_ONLY___ 

2022-11-18 16:20:03,702 INFO     ___FILE_ONLY___ inel-32194
2022-11-18 16:20:03,702 INFO     ___FILE_ONLY___   
2022-11-18 16:20:03,702 INFO     ___FILE_ONLY___ europe-west3-b
2022-11-18 16:20:03,702 INFO     ___FILE_ONLY___   
2022-11-18 16:20:03,702 INFO     ___FILE_ONLY___ 1.21.14-gke.9500
2022-11-18 16:20:03,702 INFO     ___FILE_ONLY___   
2022-11-18 16:20:03,702 INFO     ___FILE_ONLY___ 35.198.178.126
2022-11-18 16:20:03,702 INFO     ___FILE_ONLY___   
2022-11-18 16:20:03,702 INFO     ___FILE_ONLY___ n1-standard-4
2022-11-18 16:20:03,702 INFO     ___FILE_ONLY___   
2022-11-18 16:20:03,702 INFO     ___FILE_ONLY___ 1.21.14-gke.9500
2022-11-18 16:20:03,702 INFO     ___FILE_ONLY___   
2022-11-18 16:20:03,702 INFO     ___FILE_ONLY___ 3
2022-11-18 16:20:03,702 INFO     ___FILE_ONLY___           
2022-11-18 16:20:03,703 INFO     ___FILE_ONLY___ RUNNING
2022-11-18 16:20:03,703 INFO     ___FILE_ONLY___ 

2022-11-18 16:20:03,718 DEBUG    root            Metrics reporting process started...
