2022-11-18 17:11:19,248 DEBUG    root            Loaded Command Group: ['gcloud', 'config']
2022-11-18 17:11:19,250 DEBUG    root            Loaded Command Group: ['gcloud', 'config', 'config_helper']
2022-11-18 17:11:19,250 DEBUG    root            Running [gcloud.config.config-helper] with arguments: [--format: "json"]
2022-11-18 17:11:19,254 INFO     root            Display format: "default json"
2022-11-18 17:11:19,255 INFO     ___FILE_ONLY___ {
  "configuration": {
    "active_configuration": "percona-cloud-dev",
    "properties": {
      "core": {
        "account": "inel.pandzic@percona.com",
        "disable_usage_reporting": "False",
        "project": "cloud-dev-112233"
      }
    }
  },
  "credential": {
    "access_token": "ya29.a0AeTM1icOd7Klv8_ur_uJHhYQHVo8HB2hadDMUL267GN_J4X_4PFue2Z7nd1G3GXRIFLdOHArubqLUlUhN-dYBqTCsJh7Mq8Hd0G1jbEHkIEUISXVwzvVEgZqwKiWR39-X5RZJJq3oJwx8uAM7AhylQsuKcN9ANBfqjKEPdMaCgYKATcSARESFQHWtWOmJOFqduPzhmHNyOPmoZFAzg0174",
    "id_token": "eyJhbGciOiJSUzI1NiIsImtpZCI6IjcxM2ZkNjhjOTY2ZTI5MzgwOTgxZWRjMDE2NGEyZjZjMDZjNTcwMmEiLCJ0eXAiOiJKV1QifQ.eyJpc3MiOiJodHRwczovL2FjY291bnRzLmdvb2dsZS5jb20iLCJhenAiOiIzMjU1NTk0MDU1OS5hcHBzLmdvb2dsZXVzZXJjb250ZW50LmNvbSIsImF1ZCI6IjMyNTU1OTQwNTU5LmFwcHMuZ29vZ2xldXNlcmNvbnRlbnQuY29tIiwic3ViIjoiMTA3NDA5ODEzMzQ0NTU5NDQzNDA3IiwiaGQiOiJwZXJjb25hLmNvbSIsImVtYWlsIjoiaW5lbC5wYW5kemljQHBlcmNvbmEuY29tIiwiZW1haWxfdmVyaWZpZWQiOnRydWUsImF0X2hhc2giOiJGYW5CdmxoNjVIY3JCSXBNNmJHNU5RIiwiaWF0IjoxNjY4Nzg3ODMyLCJleHAiOjE2Njg3OTE0MzJ9.JzWLCtKd5m-kUBLPnwZ1e-1E083WR_btczijywGTW-uLIMAc5FotePKLTKgkKzIjl683W1ZOkZBVzBNGjqYiyKbZiNoA2ikF9QO_u5PGMM05lfjjEupP5TAM_Wpwmtmg1rRfrGX92BooI7ZnisfIv4XVZhE484TWb9sH5vwZL894VvaDF_nkq5-xfINp52L4ouoChWdH4hIbSSY8re0HIk0ZDARO_ijl4j7AlcBlOwQC_1s_unyUnOBLemEglJ4lEVJ033gzWCdxXgYKMTvh0Hn_8yDc7CDBkovL_Us2GLFs6LhPo3ry4rxqoWWdnSaETynwMYu6tvrgpF7HZnKblQ",
    "token_expiry": "2022-11-18T17:10:31Z"
  },
  "sentinels": {
    "config_sentinel": "/Users/inelpandzic/.config/gcloud/config_sentinel"
  }
}
2022-11-18 17:11:19,255 INFO     ___FILE_ONLY___ 

2022-11-18 17:11:19,260 DEBUG    root            Metrics reporting process started...
