2022-11-18 17:11:02,357 DEBUG    root            Loaded Command Group: ['gcloud', 'container', 'clusters']
2022-11-18 17:11:02,361 DEBUG    root            Loaded Command Group: ['gcloud', 'container', 'clusters', 'create']
2022-11-18 17:11:02,378 DEBUG    root            Running [gcloud.container.clusters.create] with arguments: [--cluster-version: "1.21", --machine-type: "n1-standard-4", --num-nodes: "3", --preemptible: "True", --zone: "europe-west3-b", NAME: "inel-26560"]
2022-11-18 17:11:02,380 INFO     ___FILE_ONLY___ Default change: VPC-native is the default mode during cluster creation for versions greater than 1.21.0-gke.1500. To create advanced routes based clusters, please pass the `--no-enable-ip-alias` flag

2022-11-18 17:11:02,380 INFO     ___FILE_ONLY___ Note: Your Pod address range (`--cluster-ipv4-cidr`) can accommodate at most 1008 node(s).

2022-11-18 17:11:02,387 DEBUG    urllib3.connectionpool Starting new HTTPS connection (1): container.googleapis.com:443
2022-11-18 17:11:05,550 DEBUG    urllib3.connectionpool https://container.googleapis.com:443 "POST /v1/projects/cloud-dev-112233/locations/europe-west3-b/clusters?alt=json HTTP/1.1" 200 None
2022-11-18 17:11:05,557 INFO     ___FILE_ONLY___ Creating cluster inel-26560 in europe-west3-b...
2022-11-18 17:11:05,567 DEBUG    urllib3.connectionpool Starting new HTTPS connection (1): container.googleapis.com:443
2022-11-18 17:11:05,803 DEBUG    urllib3.connectionpool https://container.googleapis.com:443 "GET /v1/projects/cloud-dev-112233/locations/europe-west3-b/operations/operation-1668787865592-aa93a130?alt=json HTTP/1.1" 200 None
2022-11-18 17:11:10,818 DEBUG    urllib3.connectionpool Starting new HTTPS connection (1): container.googleapis.com:443
2022-11-18 17:11:11,060 DEBUG    urllib3.connectionpool https://container.googleapis.com:443 "GET /v1/projects/cloud-dev-112233/locations/europe-west3-b/operations/operation-1668787865592-aa93a130?alt=json HTTP/1.1" 200 None
2022-11-18 17:11:16,086 DEBUG    urllib3.connectionpool Starting new HTTPS connection (1): container.googleapis.com:443
2022-11-18 17:11:16,329 DEBUG    urllib3.connectionpool https://container.googleapis.com:443 "GET /v1/projects/cloud-dev-112233/locations/europe-west3-b/operations/operation-1668787865592-aa93a130?alt=json HTTP/1.1" 200 None
2022-11-18 17:11:21,368 DEBUG    urllib3.connectionpool Starting new HTTPS connection (1): container.googleapis.com:443
2022-11-18 17:11:21,594 DEBUG    urllib3.connectionpool https://container.googleapis.com:443 "GET /v1/projects/cloud-dev-112233/locations/europe-west3-b/operations/operation-1668787865592-aa93a130?alt=json HTTP/1.1" 200 None
2022-11-18 17:11:26,628 DEBUG    urllib3.connectionpool Starting new HTTPS connection (1): container.googleapis.com:443
2022-11-18 17:11:26,864 DEBUG    urllib3.connectionpool https://container.googleapis.com:443 "GET /v1/projects/cloud-dev-112233/locations/europe-west3-b/operations/operation-1668787865592-aa93a130?alt=json HTTP/1.1" 200 None
2022-11-18 17:11:31,877 DEBUG    urllib3.connectionpool Starting new HTTPS connection (1): container.googleapis.com:443
2022-11-18 17:11:32,107 DEBUG    urllib3.connectionpool https://container.googleapis.com:443 "GET /v1/projects/cloud-dev-112233/locations/europe-west3-b/operations/operation-1668787865592-aa93a130?alt=json HTTP/1.1" 200 None
2022-11-18 17:11:37,120 DEBUG    urllib3.connectionpool Starting new HTTPS connection (1): container.googleapis.com:443
2022-11-18 17:11:37,361 DEBUG    urllib3.connectionpool https://container.googleapis.com:443 "GET /v1/projects/cloud-dev-112233/locations/europe-west3-b/operations/operation-1668787865592-aa93a130?alt=json HTTP/1.1" 200 None
2022-11-18 17:11:42,370 DEBUG    urllib3.connectionpool Starting new HTTPS connection (1): container.googleapis.com:443
2022-11-18 17:11:42,603 DEBUG    urllib3.connectionpool https://container.googleapis.com:443 "GET /v1/projects/cloud-dev-112233/locations/europe-west3-b/operations/operation-1668787865592-aa93a130?alt=json HTTP/1.1" 200 None
2022-11-18 17:11:47,626 DEBUG    urllib3.connectionpool Starting new HTTPS connection (1): container.googleapis.com:443
2022-11-18 17:11:47,858 DEBUG    urllib3.connectionpool https://container.googleapis.com:443 "GET /v1/projects/cloud-dev-112233/locations/europe-west3-b/operations/operation-1668787865592-aa93a130?alt=json HTTP/1.1" 200 None
2022-11-18 17:11:52,870 DEBUG    urllib3.connectionpool Starting new HTTPS connection (1): container.googleapis.com:443
2022-11-18 17:11:53,115 DEBUG    urllib3.connectionpool https://container.googleapis.com:443 "GET /v1/projects/cloud-dev-112233/locations/europe-west3-b/operations/operation-1668787865592-aa93a130?alt=json HTTP/1.1" 200 None
2022-11-18 17:11:58,129 DEBUG    urllib3.connectionpool Starting new HTTPS connection (1): container.googleapis.com:443
2022-11-18 17:11:58,334 DEBUG    urllib3.connectionpool https://container.googleapis.com:443 "GET /v1/projects/cloud-dev-112233/locations/europe-west3-b/operations/operation-1668787865592-aa93a130?alt=json HTTP/1.1" 200 None
2022-11-18 17:12:03,360 DEBUG    urllib3.connectionpool Starting new HTTPS connection (1): container.googleapis.com:443
2022-11-18 17:12:03,588 DEBUG    urllib3.connectionpool https://container.googleapis.com:443 "GET /v1/projects/cloud-dev-112233/locations/europe-west3-b/operations/operation-1668787865592-aa93a130?alt=json HTTP/1.1" 200 None
2022-11-18 17:12:08,611 DEBUG    urllib3.connectionpool Starting new HTTPS connection (1): container.googleapis.com:443
2022-11-18 17:12:08,820 DEBUG    urllib3.connectionpool https://container.googleapis.com:443 "GET /v1/projects/cloud-dev-112233/locations/europe-west3-b/operations/operation-1668787865592-aa93a130?alt=json HTTP/1.1" 200 None
2022-11-18 17:12:13,831 DEBUG    urllib3.connectionpool Starting new HTTPS connection (1): container.googleapis.com:443
2022-11-18 17:12:14,040 DEBUG    urllib3.connectionpool https://container.googleapis.com:443 "GET /v1/projects/cloud-dev-112233/locations/europe-west3-b/operations/operation-1668787865592-aa93a130?alt=json HTTP/1.1" 200 None
2022-11-18 17:12:19,060 DEBUG    urllib3.connectionpool Starting new HTTPS connection (1): container.googleapis.com:443
2022-11-18 17:12:19,299 DEBUG    urllib3.connectionpool https://container.googleapis.com:443 "GET /v1/projects/cloud-dev-112233/locations/europe-west3-b/operations/operation-1668787865592-aa93a130?alt=json HTTP/1.1" 200 None
2022-11-18 17:12:24,316 DEBUG    urllib3.connectionpool Starting new HTTPS connection (1): container.googleapis.com:443
2022-11-18 17:12:24,546 DEBUG    urllib3.connectionpool https://container.googleapis.com:443 "GET /v1/projects/cloud-dev-112233/locations/europe-west3-b/operations/operation-1668787865592-aa93a130?alt=json HTTP/1.1" 200 None
2022-11-18 17:12:29,560 DEBUG    urllib3.connectionpool Starting new HTTPS connection (1): container.googleapis.com:443
2022-11-18 17:12:29,795 DEBUG    urllib3.connectionpool https://container.googleapis.com:443 "GET /v1/projects/cloud-dev-112233/locations/europe-west3-b/operations/operation-1668787865592-aa93a130?alt=json HTTP/1.1" 200 None
2022-11-18 17:12:34,811 DEBUG    urllib3.connectionpool Starting new HTTPS connection (1): container.googleapis.com:443
2022-11-18 17:12:35,040 DEBUG    urllib3.connectionpool https://container.googleapis.com:443 "GET /v1/projects/cloud-dev-112233/locations/europe-west3-b/operations/operation-1668787865592-aa93a130?alt=json HTTP/1.1" 200 None
2022-11-18 17:12:40,050 DEBUG    urllib3.connectionpool Starting new HTTPS connection (1): container.googleapis.com:443
2022-11-18 17:12:40,248 DEBUG    urllib3.connectionpool https://container.googleapis.com:443 "GET /v1/projects/cloud-dev-112233/locations/europe-west3-b/operations/operation-1668787865592-aa93a130?alt=json HTTP/1.1" 200 None
2022-11-18 17:12:45,260 DEBUG    urllib3.connectionpool Starting new HTTPS connection (1): container.googleapis.com:443
2022-11-18 17:12:45,465 DEBUG    urllib3.connectionpool https://container.googleapis.com:443 "GET /v1/projects/cloud-dev-112233/locations/europe-west3-b/operations/operation-1668787865592-aa93a130?alt=json HTTP/1.1" 200 None
2022-11-18 17:12:50,482 DEBUG    urllib3.connectionpool Starting new HTTPS connection (1): container.googleapis.com:443
2022-11-18 17:12:50,712 DEBUG    urllib3.connectionpool https://container.googleapis.com:443 "GET /v1/projects/cloud-dev-112233/locations/europe-west3-b/operations/operation-1668787865592-aa93a130?alt=json HTTP/1.1" 200 None
2022-11-18 17:12:55,728 DEBUG    urllib3.connectionpool Starting new HTTPS connection (1): container.googleapis.com:443
2022-11-18 17:12:55,944 DEBUG    urllib3.connectionpool https://container.googleapis.com:443 "GET /v1/projects/cloud-dev-112233/locations/europe-west3-b/operations/operation-1668787865592-aa93a130?alt=json HTTP/1.1" 200 None
2022-11-18 17:13:00,961 DEBUG    urllib3.connectionpool Starting new HTTPS connection (1): container.googleapis.com:443
2022-11-18 17:13:01,170 DEBUG    urllib3.connectionpool https://container.googleapis.com:443 "GET /v1/projects/cloud-dev-112233/locations/europe-west3-b/operations/operation-1668787865592-aa93a130?alt=json HTTP/1.1" 200 None
2022-11-18 17:13:06,186 DEBUG    urllib3.connectionpool Starting new HTTPS connection (1): container.googleapis.com:443
2022-11-18 17:13:06,409 DEBUG    urllib3.connectionpool https://container.googleapis.com:443 "GET /v1/projects/cloud-dev-112233/locations/europe-west3-b/operations/operation-1668787865592-aa93a130?alt=json HTTP/1.1" 200 None
2022-11-18 17:13:11,428 DEBUG    urllib3.connectionpool Starting new HTTPS connection (1): container.googleapis.com:443
2022-11-18 17:13:11,648 DEBUG    urllib3.connectionpool https://container.googleapis.com:443 "GET /v1/projects/cloud-dev-112233/locations/europe-west3-b/operations/operation-1668787865592-aa93a130?alt=json HTTP/1.1" 200 None
2022-11-18 17:13:16,675 DEBUG    urllib3.connectionpool Starting new HTTPS connection (1): container.googleapis.com:443
2022-11-18 17:13:16,909 DEBUG    urllib3.connectionpool https://container.googleapis.com:443 "GET /v1/projects/cloud-dev-112233/locations/europe-west3-b/operations/operation-1668787865592-aa93a130?alt=json HTTP/1.1" 200 None
2022-11-18 17:13:21,924 DEBUG    urllib3.connectionpool Starting new HTTPS connection (1): container.googleapis.com:443
2022-11-18 17:13:22,135 DEBUG    urllib3.connectionpool https://container.googleapis.com:443 "GET /v1/projects/cloud-dev-112233/locations/europe-west3-b/operations/operation-1668787865592-aa93a130?alt=json HTTP/1.1" 200 None
2022-11-18 17:13:27,153 DEBUG    urllib3.connectionpool Starting new HTTPS connection (1): container.googleapis.com:443
2022-11-18 17:13:27,376 DEBUG    urllib3.connectionpool https://container.googleapis.com:443 "GET /v1/projects/cloud-dev-112233/locations/europe-west3-b/operations/operation-1668787865592-aa93a130?alt=json HTTP/1.1" 200 None
2022-11-18 17:13:32,392 DEBUG    urllib3.connectionpool Starting new HTTPS connection (1): container.googleapis.com:443
2022-11-18 17:13:32,592 DEBUG    urllib3.connectionpool https://container.googleapis.com:443 "GET /v1/projects/cloud-dev-112233/locations/europe-west3-b/operations/operation-1668787865592-aa93a130?alt=json HTTP/1.1" 200 None
2022-11-18 17:13:37,604 DEBUG    urllib3.connectionpool Starting new HTTPS connection (1): container.googleapis.com:443
2022-11-18 17:13:37,844 DEBUG    urllib3.connectionpool https://container.googleapis.com:443 "GET /v1/projects/cloud-dev-112233/locations/europe-west3-b/operations/operation-1668787865592-aa93a130?alt=json HTTP/1.1" 200 None
2022-11-18 17:13:42,856 DEBUG    urllib3.connectionpool Starting new HTTPS connection (1): container.googleapis.com:443
2022-11-18 17:13:43,083 DEBUG    urllib3.connectionpool https://container.googleapis.com:443 "GET /v1/projects/cloud-dev-112233/locations/europe-west3-b/operations/operation-1668787865592-aa93a130?alt=json HTTP/1.1" 200 None
2022-11-18 17:13:48,099 DEBUG    urllib3.connectionpool Starting new HTTPS connection (1): container.googleapis.com:443
2022-11-18 17:13:48,323 DEBUG    urllib3.connectionpool https://container.googleapis.com:443 "GET /v1/projects/cloud-dev-112233/locations/europe-west3-b/operations/operation-1668787865592-aa93a130?alt=json HTTP/1.1" 200 None
2022-11-18 17:13:53,337 DEBUG    urllib3.connectionpool Starting new HTTPS connection (1): container.googleapis.com:443
2022-11-18 17:13:53,555 DEBUG    urllib3.connectionpool https://container.googleapis.com:443 "GET /v1/projects/cloud-dev-112233/locations/europe-west3-b/operations/operation-1668787865592-aa93a130?alt=json HTTP/1.1" 200 None
2022-11-18 17:13:58,576 DEBUG    urllib3.connectionpool Starting new HTTPS connection (1): container.googleapis.com:443
2022-11-18 17:13:58,781 DEBUG    urllib3.connectionpool https://container.googleapis.com:443 "GET /v1/projects/cloud-dev-112233/locations/europe-west3-b/operations/operation-1668787865592-aa93a130?alt=json HTTP/1.1" 200 None
2022-11-18 17:14:03,795 DEBUG    urllib3.connectionpool Starting new HTTPS connection (1): container.googleapis.com:443
2022-11-18 17:14:04,026 DEBUG    urllib3.connectionpool https://container.googleapis.com:443 "GET /v1/projects/cloud-dev-112233/locations/europe-west3-b/operations/operation-1668787865592-aa93a130?alt=json HTTP/1.1" 200 None
2022-11-18 17:14:09,061 DEBUG    urllib3.connectionpool Starting new HTTPS connection (1): container.googleapis.com:443
2022-11-18 17:14:09,291 DEBUG    urllib3.connectionpool https://container.googleapis.com:443 "GET /v1/projects/cloud-dev-112233/locations/europe-west3-b/operations/operation-1668787865592-aa93a130?alt=json HTTP/1.1" 200 None
2022-11-18 17:14:14,307 DEBUG    urllib3.connectionpool Starting new HTTPS connection (1): container.googleapis.com:443
2022-11-18 17:14:14,517 DEBUG    urllib3.connectionpool https://container.googleapis.com:443 "GET /v1/projects/cloud-dev-112233/locations/europe-west3-b/operations/operation-1668787865592-aa93a130?alt=json HTTP/1.1" 200 None
2022-11-18 17:14:19,530 DEBUG    urllib3.connectionpool Starting new HTTPS connection (1): container.googleapis.com:443
2022-11-18 17:14:19,759 DEBUG    urllib3.connectionpool https://container.googleapis.com:443 "GET /v1/projects/cloud-dev-112233/locations/europe-west3-b/operations/operation-1668787865592-aa93a130?alt=json HTTP/1.1" 200 None
2022-11-18 17:14:24,784 DEBUG    urllib3.connectionpool Starting new HTTPS connection (1): container.googleapis.com:443
2022-11-18 17:14:25,130 DEBUG    urllib3.connectionpool https://container.googleapis.com:443 "GET /v1/projects/cloud-dev-112233/locations/europe-west3-b/operations/operation-1668787865592-aa93a130?alt=json HTTP/1.1" 200 None
2022-11-18 17:14:30,145 DEBUG    urllib3.connectionpool Starting new HTTPS connection (1): container.googleapis.com:443
2022-11-18 17:14:30,373 DEBUG    urllib3.connectionpool https://container.googleapis.com:443 "GET /v1/projects/cloud-dev-112233/locations/europe-west3-b/operations/operation-1668787865592-aa93a130?alt=json HTTP/1.1" 200 None
2022-11-18 17:14:35,393 DEBUG    urllib3.connectionpool Starting new HTTPS connection (1): container.googleapis.com:443
2022-11-18 17:14:35,599 DEBUG    urllib3.connectionpool https://container.googleapis.com:443 "GET /v1/projects/cloud-dev-112233/locations/europe-west3-b/operations/operation-1668787865592-aa93a130?alt=json HTTP/1.1" 200 None
2022-11-18 17:14:40,628 DEBUG    urllib3.connectionpool Starting new HTTPS connection (1): container.googleapis.com:443
2022-11-18 17:14:40,870 DEBUG    urllib3.connectionpool https://container.googleapis.com:443 "GET /v1/projects/cloud-dev-112233/locations/europe-west3-b/operations/operation-1668787865592-aa93a130?alt=json HTTP/1.1" 200 None
2022-11-18 17:14:45,905 DEBUG    urllib3.connectionpool Starting new HTTPS connection (1): container.googleapis.com:443
2022-11-18 17:14:46,103 DEBUG    urllib3.connectionpool https://container.googleapis.com:443 "GET /v1/projects/cloud-dev-112233/locations/europe-west3-b/operations/operation-1668787865592-aa93a130?alt=json HTTP/1.1" 200 None
2022-11-18 17:14:46,115 INFO     root            Operation <Operation
 clusterConditions: []
 endTime: '2022-11-18T16:14:44.672436372Z'
 name: 'operation-1668787865592-aa93a130'
 nodepoolConditions: []
 operationType: OperationTypeValueValuesEnum(CREATE_CLUSTER, 1)
 progress: <OperationProgress
 metrics: [<Metric
 intValue: 4
 name: 'CLUSTER_CONFIGURING'>, <Metric
 intValue: 4
 name: 'CLUSTER_CONFIGURING_TOTAL'>, <Metric
 intValue: 7
 name: 'CLUSTER_DEPLOYING'>, <Metric
 intValue: 7
 name: 'CLUSTER_DEPLOYING_TOTAL'>, <Metric
 intValue: 1
 name: 'CLUSTER_HEALTHCHECKING'>, <Metric
 intValue: 2
 name: 'CLUSTER_HEALTHCHECKING_TOTAL'>]
 stages: []>
 selfLink: 'https://container.googleapis.com/v1/projects/166042509722/zones/europe-west3-b/operations/operation-1668787865592-aa93a130'
 startTime: '2022-11-18T16:11:05.592336291Z'
 status: StatusValueValuesEnum(DONE, 3)
 targetLink: 'https://container.googleapis.com/v1/projects/166042509722/zones/europe-west3-b/clusters/inel-26560'
 zone: 'europe-west3-b'> succeeded after 220.557 seconds
2022-11-18 17:14:46,137 DEBUG    urllib3.connectionpool Starting new HTTPS connection (1): container.googleapis.com:443
2022-11-18 17:14:46,385 DEBUG    urllib3.connectionpool https://container.googleapis.com:443 "GET /v1/projects/cloud-dev-112233/locations/europe-west3-b/clusters/inel-26560?alt=json HTTP/1.1" 200 None
2022-11-18 17:14:46,424 INFO     ___FILE_ONLY___ Created [https://container.googleapis.com/v1/projects/cloud-dev-112233/zones/europe-west3-b/clusters/inel-26560].

2022-11-18 17:14:46,430 INFO     ___FILE_ONLY___ To inspect the contents of your cluster, go to: https://console.cloud.google.com/kubernetes/workload_/gcloud/europe-west3-b/inel-26560?project=cloud-dev-112233

2022-11-18 17:14:46,499 DEBUG    root            Saved kubeconfig to /Users/inelpandzic/.kube/config
2022-11-18 17:14:46,500 INFO     ___FILE_ONLY___ kubeconfig entry generated for inel-26560.

2022-11-18 17:14:46,504 INFO     root            Display format: "
    table(
        name,
        zone:label=LOCATION,
        master_version():label=MASTER_VERSION,
        endpoint:label=MASTER_IP,
        nodePools[0].config.machineType,
        currentNodeVersion:label=NODE_VERSION,
        firstof(currentNodeCount,initialNodeCount):label=NUM_NODES,
        status
    )
"
2022-11-18 17:14:46,507 INFO     ___FILE_ONLY___ NAME
2022-11-18 17:14:46,508 INFO     ___FILE_ONLY___         
2022-11-18 17:14:46,508 INFO     ___FILE_ONLY___ LOCATION
2022-11-18 17:14:46,508 INFO     ___FILE_ONLY___         
2022-11-18 17:14:46,508 INFO     ___FILE_ONLY___ MASTER_VERSION
2022-11-18 17:14:46,508 INFO     ___FILE_ONLY___     
2022-11-18 17:14:46,508 INFO     ___FILE_ONLY___ MASTER_IP
2022-11-18 17:14:46,508 INFO     ___FILE_ONLY___      
2022-11-18 17:14:46,508 INFO     ___FILE_ONLY___ MACHINE_TYPE
2022-11-18 17:14:46,508 INFO     ___FILE_ONLY___    
2022-11-18 17:14:46,508 INFO     ___FILE_ONLY___ NODE_VERSION
2022-11-18 17:14:46,508 INFO     ___FILE_ONLY___       
2022-11-18 17:14:46,508 INFO     ___FILE_ONLY___ NUM_NODES
2022-11-18 17:14:46,508 INFO     ___FILE_ONLY___   
2022-11-18 17:14:46,508 INFO     ___FILE_ONLY___ STATUS
2022-11-18 17:14:46,508 INFO     ___FILE_ONLY___ 

2022-11-18 17:14:46,508 INFO     ___FILE_ONLY___ inel-26560
2022-11-18 17:14:46,508 INFO     ___FILE_ONLY___   
2022-11-18 17:14:46,508 INFO     ___FILE_ONLY___ europe-west3-b
2022-11-18 17:14:46,508 INFO     ___FILE_ONLY___   
2022-11-18 17:14:46,508 INFO     ___FILE_ONLY___ 1.21.14-gke.9500
2022-11-18 17:14:46,508 INFO     ___FILE_ONLY___   
2022-11-18 17:14:46,508 INFO     ___FILE_ONLY___ 35.246.193.5
2022-11-18 17:14:46,508 INFO     ___FILE_ONLY___   
2022-11-18 17:14:46,508 INFO     ___FILE_ONLY___ n1-standard-4
2022-11-18 17:14:46,508 INFO     ___FILE_ONLY___   
2022-11-18 17:14:46,508 INFO     ___FILE_ONLY___ 1.21.14-gke.9500
2022-11-18 17:14:46,508 INFO     ___FILE_ONLY___   
2022-11-18 17:14:46,508 INFO     ___FILE_ONLY___ 3
2022-11-18 17:14:46,508 INFO     ___FILE_ONLY___           
2022-11-18 17:14:46,508 INFO     ___FILE_ONLY___ RUNNING
2022-11-18 17:14:46,508 INFO     ___FILE_ONLY___ 

2022-11-18 17:14:46,531 DEBUG    root            Metrics reporting process started...
