2022-11-18 17:29:58,864 DEBUG    root            Loaded Command Group: ['gcloud', 'container', 'clusters']
2022-11-18 17:29:58,866 DEBUG    root            Loaded Command Group: ['gcloud', 'container', 'clusters', 'delete']
2022-11-18 17:29:58,875 DEBUG    root            Running [gcloud.container.clusters.delete] with arguments: [--zone: "europe-west3-b", NAME:1: "['inel-26560']"]
2022-11-18 17:30:00,103 DEBUG    urllib3.connectionpool Starting new HTTPS connection (1): container.googleapis.com:443
2022-11-18 17:30:00,664 DEBUG    urllib3.connectionpool https://container.googleapis.com:443 "DELETE /v1/projects/cloud-dev-112233/locations/europe-west3-b/clusters/inel-26560?alt=json HTTP/1.1" 200 None
2022-11-18 17:30:00,676 INFO     ___FILE_ONLY___ Deleting cluster inel-26560...
2022-11-18 17:30:00,683 DEBUG    urllib3.connectionpool Starting new HTTPS connection (1): container.googleapis.com:443
2022-11-18 17:30:00,931 DEBUG    urllib3.connectionpool https://container.googleapis.com:443 "GET /v1/projects/cloud-dev-112233/locations/europe-west3-b/operations/operation-1668789000731-91dc06ab?alt=json HTTP/1.1" 200 None
2022-11-18 17:30:05,955 DEBUG    urllib3.connectionpool Starting new HTTPS connection (1): container.googleapis.com:443
2022-11-18 17:30:06,198 DEBUG    urllib3.connectionpool https://container.googleapis.com:443 "GET /v1/projects/cloud-dev-112233/locations/europe-west3-b/operations/operation-1668789000731-91dc06ab?alt=json HTTP/1.1" 200 None
2022-11-18 17:30:11,219 DEBUG    urllib3.connectionpool Starting new HTTPS connection (1): container.googleapis.com:443
2022-11-18 17:30:11,464 DEBUG    urllib3.connectionpool https://container.googleapis.com:443 "GET /v1/projects/cloud-dev-112233/locations/europe-west3-b/operations/operation-1668789000731-91dc06ab?alt=json HTTP/1.1" 200 None
2022-11-18 17:30:16,491 DEBUG    urllib3.connectionpool Starting new HTTPS connection (1): container.googleapis.com:443
2022-11-18 17:30:16,738 DEBUG    urllib3.connectionpool https://container.googleapis.com:443 "GET /v1/projects/cloud-dev-112233/locations/europe-west3-b/operations/operation-1668789000731-91dc06ab?alt=json HTTP/1.1" 200 None
2022-11-18 17:30:21,761 DEBUG    urllib3.connectionpool Starting new HTTPS connection (1): container.googleapis.com:443
2022-11-18 17:30:21,978 DEBUG    urllib3.connectionpool https://container.googleapis.com:443 "GET /v1/projects/cloud-dev-112233/locations/europe-west3-b/operations/operation-1668789000731-91dc06ab?alt=json HTTP/1.1" 200 None
2022-11-18 17:30:26,994 DEBUG    urllib3.connectionpool Starting new HTTPS connection (1): container.googleapis.com:443
2022-11-18 17:30:27,224 DEBUG    urllib3.connectionpool https://container.googleapis.com:443 "GET /v1/projects/cloud-dev-112233/locations/europe-west3-b/operations/operation-1668789000731-91dc06ab?alt=json HTTP/1.1" 200 None
2022-11-18 17:30:32,241 DEBUG    urllib3.connectionpool Starting new HTTPS connection (1): container.googleapis.com:443
2022-11-18 17:30:32,485 DEBUG    urllib3.connectionpool https://container.googleapis.com:443 "GET /v1/projects/cloud-dev-112233/locations/europe-west3-b/operations/operation-1668789000731-91dc06ab?alt=json HTTP/1.1" 200 None
2022-11-18 17:30:37,498 DEBUG    urllib3.connectionpool Starting new HTTPS connection (1): container.googleapis.com:443
2022-11-18 17:30:37,732 DEBUG    urllib3.connectionpool https://container.googleapis.com:443 "GET /v1/projects/cloud-dev-112233/locations/europe-west3-b/operations/operation-1668789000731-91dc06ab?alt=json HTTP/1.1" 200 None
2022-11-18 17:30:42,748 DEBUG    urllib3.connectionpool Starting new HTTPS connection (1): container.googleapis.com:443
2022-11-18 17:30:42,985 DEBUG    urllib3.connectionpool https://container.googleapis.com:443 "GET /v1/projects/cloud-dev-112233/locations/europe-west3-b/operations/operation-1668789000731-91dc06ab?alt=json HTTP/1.1" 200 None
2022-11-18 17:30:48,003 DEBUG    urllib3.connectionpool Starting new HTTPS connection (1): container.googleapis.com:443
2022-11-18 17:30:48,234 DEBUG    urllib3.connectionpool https://container.googleapis.com:443 "GET /v1/projects/cloud-dev-112233/locations/europe-west3-b/operations/operation-1668789000731-91dc06ab?alt=json HTTP/1.1" 200 None
2022-11-18 17:30:53,259 DEBUG    urllib3.connectionpool Starting new HTTPS connection (1): container.googleapis.com:443
2022-11-18 17:30:53,468 DEBUG    urllib3.connectionpool https://container.googleapis.com:443 "GET /v1/projects/cloud-dev-112233/locations/europe-west3-b/operations/operation-1668789000731-91dc06ab?alt=json HTTP/1.1" 200 None
2022-11-18 17:30:58,479 DEBUG    urllib3.connectionpool Starting new HTTPS connection (1): container.googleapis.com:443
2022-11-18 17:30:58,696 DEBUG    urllib3.connectionpool https://container.googleapis.com:443 "GET /v1/projects/cloud-dev-112233/locations/europe-west3-b/operations/operation-1668789000731-91dc06ab?alt=json HTTP/1.1" 200 None
2022-11-18 17:31:03,720 DEBUG    urllib3.connectionpool Starting new HTTPS connection (1): container.googleapis.com:443
2022-11-18 17:31:03,974 DEBUG    urllib3.connectionpool https://container.googleapis.com:443 "GET /v1/projects/cloud-dev-112233/locations/europe-west3-b/operations/operation-1668789000731-91dc06ab?alt=json HTTP/1.1" 200 None
2022-11-18 17:31:08,987 DEBUG    urllib3.connectionpool Starting new HTTPS connection (1): container.googleapis.com:443
2022-11-18 17:31:09,203 DEBUG    urllib3.connectionpool https://container.googleapis.com:443 "GET /v1/projects/cloud-dev-112233/locations/europe-west3-b/operations/operation-1668789000731-91dc06ab?alt=json HTTP/1.1" 200 None
2022-11-18 17:31:14,227 DEBUG    urllib3.connectionpool Starting new HTTPS connection (1): container.googleapis.com:443
2022-11-18 17:31:14,483 DEBUG    urllib3.connectionpool https://container.googleapis.com:443 "GET /v1/projects/cloud-dev-112233/locations/europe-west3-b/operations/operation-1668789000731-91dc06ab?alt=json HTTP/1.1" 200 None
2022-11-18 17:31:19,505 DEBUG    urllib3.connectionpool Starting new HTTPS connection (1): container.googleapis.com:443
2022-11-18 17:31:19,751 DEBUG    urllib3.connectionpool https://container.googleapis.com:443 "GET /v1/projects/cloud-dev-112233/locations/europe-west3-b/operations/operation-1668789000731-91dc06ab?alt=json HTTP/1.1" 200 None
2022-11-18 17:31:24,772 DEBUG    urllib3.connectionpool Starting new HTTPS connection (1): container.googleapis.com:443
2022-11-18 17:31:25,013 DEBUG    urllib3.connectionpool https://container.googleapis.com:443 "GET /v1/projects/cloud-dev-112233/locations/europe-west3-b/operations/operation-1668789000731-91dc06ab?alt=json HTTP/1.1" 200 None
2022-11-18 17:31:30,034 DEBUG    urllib3.connectionpool Starting new HTTPS connection (1): container.googleapis.com:443
2022-11-18 17:31:30,282 DEBUG    urllib3.connectionpool https://container.googleapis.com:443 "GET /v1/projects/cloud-dev-112233/locations/europe-west3-b/operations/operation-1668789000731-91dc06ab?alt=json HTTP/1.1" 200 None
2022-11-18 17:31:35,304 DEBUG    urllib3.connectionpool Starting new HTTPS connection (1): container.googleapis.com:443
2022-11-18 17:31:35,541 DEBUG    urllib3.connectionpool https://container.googleapis.com:443 "GET /v1/projects/cloud-dev-112233/locations/europe-west3-b/operations/operation-1668789000731-91dc06ab?alt=json HTTP/1.1" 200 None
2022-11-18 17:31:40,560 DEBUG    urllib3.connectionpool Starting new HTTPS connection (1): container.googleapis.com:443
2022-11-18 17:31:40,794 DEBUG    urllib3.connectionpool https://container.googleapis.com:443 "GET /v1/projects/cloud-dev-112233/locations/europe-west3-b/operations/operation-1668789000731-91dc06ab?alt=json HTTP/1.1" 200 None
2022-11-18 17:31:45,810 DEBUG    urllib3.connectionpool Starting new HTTPS connection (1): container.googleapis.com:443
2022-11-18 17:31:46,043 DEBUG    urllib3.connectionpool https://container.googleapis.com:443 "GET /v1/projects/cloud-dev-112233/locations/europe-west3-b/operations/operation-1668789000731-91dc06ab?alt=json HTTP/1.1" 200 None
2022-11-18 17:31:51,071 DEBUG    urllib3.connectionpool Starting new HTTPS connection (1): container.googleapis.com:443
2022-11-18 17:31:51,314 DEBUG    urllib3.connectionpool https://container.googleapis.com:443 "GET /v1/projects/cloud-dev-112233/locations/europe-west3-b/operations/operation-1668789000731-91dc06ab?alt=json HTTP/1.1" 200 None
2022-11-18 17:31:56,336 DEBUG    urllib3.connectionpool Starting new HTTPS connection (1): container.googleapis.com:443
2022-11-18 17:31:56,577 DEBUG    urllib3.connectionpool https://container.googleapis.com:443 "GET /v1/projects/cloud-dev-112233/locations/europe-west3-b/operations/operation-1668789000731-91dc06ab?alt=json HTTP/1.1" 200 None
2022-11-18 17:32:01,603 DEBUG    urllib3.connectionpool Starting new HTTPS connection (1): container.googleapis.com:443
2022-11-18 17:32:01,804 DEBUG    urllib3.connectionpool https://container.googleapis.com:443 "GET /v1/projects/cloud-dev-112233/locations/europe-west3-b/operations/operation-1668789000731-91dc06ab?alt=json HTTP/1.1" 200 None
2022-11-18 17:32:06,820 DEBUG    urllib3.connectionpool Starting new HTTPS connection (1): container.googleapis.com:443
2022-11-18 17:32:07,070 DEBUG    urllib3.connectionpool https://container.googleapis.com:443 "GET /v1/projects/cloud-dev-112233/locations/europe-west3-b/operations/operation-1668789000731-91dc06ab?alt=json HTTP/1.1" 200 None
2022-11-18 17:32:12,092 DEBUG    urllib3.connectionpool Starting new HTTPS connection (1): container.googleapis.com:443
2022-11-18 17:32:12,326 DEBUG    urllib3.connectionpool https://container.googleapis.com:443 "GET /v1/projects/cloud-dev-112233/locations/europe-west3-b/operations/operation-1668789000731-91dc06ab?alt=json HTTP/1.1" 200 None
2022-11-18 17:32:17,349 DEBUG    urllib3.connectionpool Starting new HTTPS connection (1): container.googleapis.com:443
2022-11-18 17:32:17,588 DEBUG    urllib3.connectionpool https://container.googleapis.com:443 "GET /v1/projects/cloud-dev-112233/locations/europe-west3-b/operations/operation-1668789000731-91dc06ab?alt=json HTTP/1.1" 200 None
2022-11-18 17:32:17,593 INFO     root            Operation <Operation
 clusterConditions: []
 endTime: '2022-11-18T16:32:14.804987699Z'
 name: 'operation-1668789000731-91dc06ab'
 nodepoolConditions: []
 operationType: OperationTypeValueValuesEnum(DELETE_CLUSTER, 2)
 selfLink: 'https://container.googleapis.com/v1/projects/166042509722/zones/europe-west3-b/operations/operation-1668789000731-91dc06ab'
 startTime: '2022-11-18T16:30:00.731082311Z'
 status: StatusValueValuesEnum(DONE, 3)
 targetLink: 'https://container.googleapis.com/v1/projects/166042509722/zones/europe-west3-b/clusters/inel-26560'
 zone: 'europe-west3-b'> succeeded after 136.916 seconds
2022-11-18 17:32:17,654 DEBUG    root            Purged cluster config from /Users/inelpandzic/.config/gcloud/kubernetes/cloud-dev-112233_europe-west3-b_inel-26560
2022-11-18 17:32:17,655 INFO     ___FILE_ONLY___ Deleted [https://container.googleapis.com/v1/projects/cloud-dev-112233/zones/europe-west3-b/clusters/inel-26560].

2022-11-18 17:32:17,656 INFO     root            Display format: "none"
2022-11-18 17:32:17,670 DEBUG    root            Metrics reporting process started...
