2023-07-21 09:07:27,828 DEBUG    root            Loaded Command Group: ['gcloud', 'config']
2023-07-21 09:07:27,831 DEBUG    root            Loaded Command Group: ['gcloud', 'config', 'config_helper']
2023-07-21 09:07:27,832 DEBUG    root            Running [gcloud.config.config-helper] with arguments: [--format: "json"]
2023-07-21 09:07:33,396 DEBUG    urllib3.connectionpool Starting new HTTPS connection (1): www.gstatic.com:443
2023-07-21 09:07:34,652 DEBUG    urllib3.connectionpool https://www.gstatic.com:443 "GET /cloudsdk/feature_flag_config_file.yaml HTTP/1.1" 200 101
2023-07-21 09:07:34,667 DEBUG    root            Chosen display Format:default json
2023-07-21 09:07:34,668 INFO     root            Display format: "default json"
2023-07-21 09:07:34,669 INFO     ___FILE_ONLY___ {
  "configuration": {
    "active_configuration": "percona-cloud-dev",
    "properties": {
      "core": {
        "account": "inel.pandzic@percona.com",
        "disable_usage_reporting": "False",
        "project": "cloud-dev-112233"
      }
    }
  },
  "credential": {
    "access_token": "ya29.a0AbVbY6N6-21FUcTBpbMrWL-B1s7Gn_lpW2U3g5JxIt2Gy5G6Z0rgsGnbGR_-JXAnyIZExSqiVHpNipV0yy4ubXKkmcnpPeQHb0_mWHgPqV1RyRjOCRHsqJpyk9cI78tiwdKbmrUkpi6z997GEQJELTeTgWaUBY6aJZiR2EMaCgYKAd4SARESFQFWKvPlp9wp-zE7zR9YmKad3_o_uw0174",
    "id_token": "eyJhbGciOiJSUzI1NiIsImtpZCI6ImEzYmRiZmRlZGUzYmFiYjI2NTFhZmNhMjY3OGRkZThjMGIzNWRmNzYiLCJ0eXAiOiJKV1QifQ.eyJpc3MiOiJodHRwczovL2FjY291bnRzLmdvb2dsZS5jb20iLCJhenAiOiIzMjU1NTk0MDU1OS5hcHBzLmdvb2dsZXVzZXJjb250ZW50LmNvbSIsImF1ZCI6IjMyNTU1OTQwNTU5LmFwcHMuZ29vZ2xldXNlcmNvbnRlbnQuY29tIiwic3ViIjoiMTA3NDA5ODEzMzQ0NTU5NDQzNDA3IiwiaGQiOiJwZXJjb25hLmNvbSIsImVtYWlsIjoiaW5lbC5wYW5kemljQHBlcmNvbmEuY29tIiwiZW1haWxfdmVyaWZpZWQiOnRydWUsImF0X2hhc2giOiJCMnFPTVRMUEVmbTI1aEgxbFp4bWF3IiwiaWF0IjoxNjg5OTIxMjY3LCJleHAiOjE2ODk5MjQ4Njd9.M8Vwurjvj2y0X55cbAfUKL0gU7qBHP2pOJMXmaY4ZdGeCEUgIEcat8MCIsLhlvcC8tbqKkjIGFTz77mAFGFB_GShSG_Mnm_8ajCC_nmaLXDfF-fy-28I5a-FTtQYwFSBLbvco6jEKGQBIiy7anDPF9N3MMSwTd9RubZN7ltGmchF64aKA-IdT4fTP17DrAvCNEna3R1pv7psfrqLBLiHnomfXnNnsVmsxs6bki0WoSgLRaCtbIMfD2ha-S2pPBGR3awULJGi9b-d9iubiBKtiOgSFcpWvBHYnTopVrIHhjlIoGvGv31hlHeEj8CUsy6whivdtnpnFzwHwbpveMvF8A",
    "token_expiry": "2023-07-21T07:34:26Z"
  },
  "sentinels": {
    "config_sentinel": "/Users/inelpandzic/.config/gcloud/config_sentinel"
  }
}
2023-07-21 09:07:34,669 INFO     ___FILE_ONLY___ 

2023-07-21 09:07:34,689 DEBUG    root            Metrics reporting process started...
