2023-07-21 10:39:59,614 DEBUG    root            Loaded Command Group: ['gcloud', 'config']
2023-07-21 10:39:59,616 DEBUG    root            Loaded Command Group: ['gcloud', 'config', 'config_helper']
2023-07-21 10:39:59,617 DEBUG    root            Running [gcloud.config.config-helper] with arguments: [--format: "json"]
2023-07-21 10:39:59,627 DEBUG    google.auth.transport.requests Making request: POST https://oauth2.googleapis.com/token
2023-07-21 10:39:59,644 DEBUG    urllib3.connectionpool Starting new HTTPS connection (1): oauth2.googleapis.com:443
2023-07-21 10:39:59,827 DEBUG    urllib3.connectionpool https://oauth2.googleapis.com:443 "POST /token HTTP/1.1" 200 None
2023-07-21 10:39:59,832 DEBUG    urllib3.connectionpool Starting new HTTPS connection (1): www.gstatic.com:443
2023-07-21 10:39:59,927 DEBUG    urllib3.connectionpool https://www.gstatic.com:443 "GET /cloudsdk/feature_flag_config_file.yaml HTTP/1.1" 200 101
2023-07-21 10:39:59,942 DEBUG    root            Chosen display Format:default json
2023-07-21 10:39:59,942 INFO     root            Display format: "default json"
2023-07-21 10:39:59,943 INFO     ___FILE_ONLY___ {
  "configuration": {
    "active_configuration": "percona-cloud-dev",
    "properties": {
      "core": {
        "account": "inel.pandzic@percona.com",
        "disable_usage_reporting": "False",
        "project": "cloud-dev-112233"
      }
    }
  },
  "credential": {
    "access_token": "ya29.a0AbVbY6OLgqVDD7MtJOYeDHNtVseMViUiovk2IgKtZjhhAQkXZ4HNnUuRFCIAeAYh3hRHVh2wXOaTOUZPiOu9lybVPNmnjX2NH5tf-GGpVWXiG-wExNSkhQNlNGNM1hFR7nYAEsh0P5xxj8QHJL_zeidMNzsCsKoHLEMrU1UaCgYKAWcSARESFQFWKvPlFrqqflP8SzUfxZIJILS13A0174",
    "id_token": "eyJhbGciOiJSUzI1NiIsImtpZCI6ImEzYmRiZmRlZGUzYmFiYjI2NTFhZmNhMjY3OGRkZThjMGIzNWRmNzYiLCJ0eXAiOiJKV1QifQ.eyJpc3MiOiJodHRwczovL2FjY291bnRzLmdvb2dsZS5jb20iLCJhenAiOiIzMjU1NTk0MDU1OS5hcHBzLmdvb2dsZXVzZXJjb250ZW50LmNvbSIsImF1ZCI6IjMyNTU1OTQwNTU5LmFwcHMuZ29vZ2xldXNlcmNvbnRlbnQuY29tIiwic3ViIjoiMTA3NDA5ODEzMzQ0NTU5NDQzNDA3IiwiaGQiOiJwZXJjb25hLmNvbSIsImVtYWlsIjoiaW5lbC5wYW5kemljQHBlcmNvbmEuY29tIiwiZW1haWxfdmVyaWZpZWQiOnRydWUsImF0X2hhc2giOiIwYWlzd2NyR3VNYWxlUm02R05RbTdRIiwiaWF0IjoxNjg5OTI4Nzk5LCJleHAiOjE2ODk5MzIzOTl9.GY2AgPse-AOIyrXX0M5PgxvbUCJ7X1FLZjHDUOPU1RSxSlCKzavBQs1g_c7pIeZKoOGaMFYpdBhp9NNdJSTiAVE-VSQii6hHnUOTZ2HrW-T_2UiiuAG0CFaWXH15adlowjDnGCkRrrMMmDKmrTSDAZA40CNkjIiu3cb2lvdEKobwDo_JQXMUsrVuc_Qfz6x0D2N05-aepfIWQRbOkXGaovzeR279Ne7vkvJtf57vmuTlFFTiS0Co0epzz--5J1NhBRAgNp1ZWyc8aUwTR600xupPce6f1IgenUKkXpSZ9IjH2hglou_x20Pe8U1yslxDgh720HAYUAjpiJtNpyEkCA",
    "token_expiry": "2023-07-21T09:39:58Z"
  },
  "sentinels": {
    "config_sentinel": "/Users/inelpandzic/.config/gcloud/config_sentinel"
  }
}
2023-07-21 10:39:59,943 INFO     ___FILE_ONLY___ 

2023-07-21 10:39:59,949 DEBUG    root            Metrics reporting process started...
