2023-07-21 14:42:51,616 DEBUG    root            Loaded Command Group: ['gcloud', 'config']
2023-07-21 14:42:51,618 DEBUG    root            Loaded Command Group: ['gcloud', 'config', 'config_helper']
2023-07-21 14:42:51,619 DEBUG    root            Running [gcloud.config.config-helper] with arguments: [--format: "json"]
2023-07-21 14:42:51,628 DEBUG    google.auth.transport.requests Making request: POST https://oauth2.googleapis.com/token
2023-07-21 14:42:51,646 DEBUG    urllib3.connectionpool Starting new HTTPS connection (1): oauth2.googleapis.com:443
2023-07-21 14:42:51,799 DEBUG    urllib3.connectionpool https://oauth2.googleapis.com:443 "POST /token HTTP/1.1" 200 None
2023-07-21 14:42:51,812 DEBUG    urllib3.connectionpool Starting new HTTPS connection (1): www.gstatic.com:443
2023-07-21 14:42:51,902 DEBUG    urllib3.connectionpool https://www.gstatic.com:443 "GET /cloudsdk/feature_flag_config_file.yaml HTTP/1.1" 200 101
2023-07-21 14:42:51,905 DEBUG    root            Chosen display Format:default json
2023-07-21 14:42:51,906 INFO     root            Display format: "default json"
2023-07-21 14:42:51,906 INFO     ___FILE_ONLY___ {
  "configuration": {
    "active_configuration": "percona-cloud-dev",
    "properties": {
      "core": {
        "account": "inel.pandzic@percona.com",
        "disable_usage_reporting": "False",
        "project": "cloud-dev-112233"
      }
    }
  },
  "credential": {
    "access_token": "ya29.a0AbVbY6O6fGdYqusKCD6Fvsjswizhifs6w-iSnAhcKmQ6EvVTPWhsD_waNz1U0s1DTRADlwR2T2pl7VtwRyZvM4mriYBkNVkC3c5cOD50fjTiuAIcfDzMAQ1D5OJpRLsdM-t_o4Mckb3jv_YwQkypjdIHpLdaBmTplYnJT6UaCgYKAT4SARESFQFWKvPlOBty33dvAwfuq0xgQzgJXw0174",
    "id_token": "eyJhbGciOiJSUzI1NiIsImtpZCI6ImEzYmRiZmRlZGUzYmFiYjI2NTFhZmNhMjY3OGRkZThjMGIzNWRmNzYiLCJ0eXAiOiJKV1QifQ.eyJpc3MiOiJodHRwczovL2FjY291bnRzLmdvb2dsZS5jb20iLCJhenAiOiIzMjU1NTk0MDU1OS5hcHBzLmdvb2dsZXVzZXJjb250ZW50LmNvbSIsImF1ZCI6IjMyNTU1OTQwNTU5LmFwcHMuZ29vZ2xldXNlcmNvbnRlbnQuY29tIiwic3ViIjoiMTA3NDA5ODEzMzQ0NTU5NDQzNDA3IiwiaGQiOiJwZXJjb25hLmNvbSIsImVtYWlsIjoiaW5lbC5wYW5kemljQHBlcmNvbmEuY29tIiwiZW1haWxfdmVyaWZpZWQiOnRydWUsImF0X2hhc2giOiJEaU9NMGJkWHRlMTFXeGdjMDZCbFhRIiwiaWF0IjoxNjg5OTQzMzcxLCJleHAiOjE2ODk5NDY5NzF9.O3Z2VR37WBiQspmGEaXNJhOm1hvGZoDfX4etVF_Ynnm0-k1bMpm2gUHdEpivCcj7zd-C7mQZDCygkEUJ8pn_ifc7U2jAvB9jj1gyc3N_SAIHI1DSUyrYLREBYE1OFjKgKmUHY80Urh9inCb8onybB9uojUakjJDZiFDatSrqgz8a1VUdOGuzl86q0NLoxjl_ZhRvhxGUeL9Ac01M_O0YpeVlKE_36k9WAXKDFNY1zOdncCiUTOrOPDeyFLoWyeHm60B76WPuY5vdOdqa1tUn7uWf6nSGW-ZYDoKHKAn3hcBu8olp-4QeH2Cz51wGquqBtvDE-CrWcxrYE8Yg64i_Iw",
    "token_expiry": "2023-07-21T13:42:50Z"
  },
  "sentinels": {
    "config_sentinel": "/Users/inelpandzic/.config/gcloud/config_sentinel"
  }
}
2023-07-21 14:42:51,906 INFO     ___FILE_ONLY___ 

2023-07-21 14:42:51,910 DEBUG    root            Metrics reporting process started...
