2023-07-21 15:42:50,833 DEBUG    root            Loaded Command Group: ['gcloud', 'config']
2023-07-21 15:42:50,835 DEBUG    root            Loaded Command Group: ['gcloud', 'config', 'config_helper']
2023-07-21 15:42:50,836 DEBUG    root            Running [gcloud.config.config-helper] with arguments: [--format: "json"]
2023-07-21 15:42:50,846 DEBUG    google.auth.transport.requests Making request: POST https://oauth2.googleapis.com/token
2023-07-21 15:42:50,864 DEBUG    urllib3.connectionpool Starting new HTTPS connection (1): oauth2.googleapis.com:443
2023-07-21 15:42:51,021 DEBUG    urllib3.connectionpool https://oauth2.googleapis.com:443 "POST /token HTTP/1.1" 200 None
2023-07-21 15:42:51,044 DEBUG    urllib3.connectionpool Starting new HTTPS connection (1): www.gstatic.com:443
2023-07-21 15:42:51,146 DEBUG    urllib3.connectionpool https://www.gstatic.com:443 "GET /cloudsdk/feature_flag_config_file.yaml HTTP/1.1" 200 101
2023-07-21 15:42:51,171 DEBUG    root            Chosen display Format:default json
2023-07-21 15:42:51,171 INFO     root            Display format: "default json"
2023-07-21 15:42:51,172 INFO     ___FILE_ONLY___ {
  "configuration": {
    "active_configuration": "percona-cloud-dev",
    "properties": {
      "core": {
        "account": "inel.pandzic@percona.com",
        "disable_usage_reporting": "False",
        "project": "cloud-dev-112233"
      }
    }
  },
  "credential": {
    "access_token": "ya29.a0AbVbY6NZq-B9d7uQP2jUduks8W1sVX_SSBK110hadnB_9g5BY3sBbRo761CDBBBsvffkZcEggzfLSj5Tm5iH4tLJeviHYTE5D2scq8XJRg0PJY7cVBVbrHOPjJ13uN770QQEpm3se0yL7hEy3uQA3DQPO1IeODhEzqEapOsaCgYKAQASARESFQFWKvPloTKuTCxl3ATlCHQN_Us88w0174",
    "id_token": "eyJhbGciOiJSUzI1NiIsImtpZCI6ImEzYmRiZmRlZGUzYmFiYjI2NTFhZmNhMjY3OGRkZThjMGIzNWRmNzYiLCJ0eXAiOiJKV1QifQ.eyJpc3MiOiJodHRwczovL2FjY291bnRzLmdvb2dsZS5jb20iLCJhenAiOiIzMjU1NTk0MDU1OS5hcHBzLmdvb2dsZXVzZXJjb250ZW50LmNvbSIsImF1ZCI6IjMyNTU1OTQwNTU5LmFwcHMuZ29vZ2xldXNlcmNvbnRlbnQuY29tIiwic3ViIjoiMTA3NDA5ODEzMzQ0NTU5NDQzNDA3IiwiaGQiOiJwZXJjb25hLmNvbSIsImVtYWlsIjoiaW5lbC5wYW5kemljQHBlcmNvbmEuY29tIiwiZW1haWxfdmVyaWZpZWQiOnRydWUsImF0X2hhc2giOiItQm5HZ1hEZzZGVDJveEFVZEc3VmZ3IiwiaWF0IjoxNjg5OTQ2OTcwLCJleHAiOjE2ODk5NTA1NzB9.qy8fvovurYfKmz33x0B6VT-V-j2iWxdktP9ctUje_Rg2KRe0Xo2ZhFmKw_tMbnYkFY3W0tO3m0yquwqkvjCUoQmBFQyuyIdYXine4YViFPBJ46F_KnHkRjyO_0dr2bHznHkef2VT7Ss_y2PeaYFqKLDqCHRmf-aeGrBo1d6KJcU-PEVCeZgqzyPRxheKhONaEwngvdYnON7Mh9LXIz_tIBQIexZ1TsYtsScsSx1_CiykCH6gFCofWoWtceXYg_B9BcOrvK1dmWNqSvfljhKZnKIaa33tSboiydenBX32Z_AQbXXc-yNtmbk07y04VmnSyiOZfMnomdNk5ujG_jPoqg",
    "token_expiry": "2023-07-21T14:42:49Z"
  },
  "sentinels": {
    "config_sentinel": "/Users/inelpandzic/.config/gcloud/config_sentinel"
  }
}
2023-07-21 15:42:51,172 INFO     ___FILE_ONLY___ 

2023-07-21 15:42:51,201 DEBUG    root            Metrics reporting process started...
