2022-08-14 15:24:41,663 DEBUG    root            Loaded Command Group: ['gcloud', 'config']
2022-08-14 15:24:41,665 DEBUG    root            Loaded Command Group: ['gcloud', 'config', 'config_helper']
2022-08-14 15:24:41,666 DEBUG    root            Running [gcloud.config.config-helper] with arguments: [--format: "json"]
2022-08-14 15:24:41,697 DEBUG    google.auth.transport.requests Making request: POST https://oauth2.googleapis.com/token
2022-08-14 15:24:41,709 DEBUG    urllib3.connectionpool Starting new HTTPS connection (1): oauth2.googleapis.com:443
2022-08-14 15:24:41,875 DEBUG    urllib3.connectionpool https://oauth2.googleapis.com:443 "POST /token HTTP/1.1" 200 None
2022-08-14 15:24:41,891 INFO     root            Display format: "default json"
2022-08-14 15:24:41,908 INFO     ___FILE_ONLY___ {
  "configuration": {
    "active_configuration": "percona-cloud-dev",
    "properties": {
      "core": {
        "account": "inel.pandzic@percona.com",
        "disable_usage_reporting": "False",
        "project": "cloud-dev-112233"
      }
    }
  },
  "credential": {
    "access_token": "ya29.A0AVA9y1vVUPIQYCzRV6_OHXOnw5ARr55DD5AsnW5PQzK6h218sE0ZfuUkVwJau80d-qu8g5kH3Gpy8c4fa6AIaMyfifilb_44979bjq_nuJLj44wDVhVmuol7ze6nOcD378rDA3YlqmNCgvksFtl_3FBQ-YurOgUQHHyYov4aCgYKATASATASFQE65dr8XV90EMolL9pAE9HDPvH4Vw0174",
    "id_token": "eyJhbGciOiJSUzI1NiIsImtpZCI6ImZkYTEwNjY0NTNkYzlkYzNkZDkzM2E0MWVhNTdkYTNlZjI0MmIwZjciLCJ0eXAiOiJKV1QifQ.eyJpc3MiOiJodHRwczovL2FjY291bnRzLmdvb2dsZS5jb20iLCJhenAiOiIzMjU1NTk0MDU1OS5hcHBzLmdvb2dsZXVzZXJjb250ZW50LmNvbSIsImF1ZCI6IjMyNTU1OTQwNTU5LmFwcHMuZ29vZ2xldXNlcmNvbnRlbnQuY29tIiwic3ViIjoiMTA3NDA5ODEzMzQ0NTU5NDQzNDA3IiwiaGQiOiJwZXJjb25hLmNvbSIsImVtYWlsIjoiaW5lbC5wYW5kemljQHBlcmNvbmEuY29tIiwiZW1haWxfdmVyaWZpZWQiOnRydWUsImF0X2hhc2giOiJMUVRrTjJpZFo4eFJrNFY2N1VEMmJBIiwiaWF0IjoxNjYwNDgzNDgxLCJleHAiOjE2NjA0ODcwODF9.SSo1taNwU2eQ9NscJd8BHNIHEPBnFWl-_OAS97K9LG33vqhgk-1iMsfpSJLrIvrWBI3DfsWiKqWe-FQ9dEe80ZO7ZqqGEIzugN5R3zAHrlcsjO9SRT2idX6Aqs5GNAtHjTTeuEDhllyVaQY9Vtxy0_An-_qNfQZGGeoY5Ok0WyEFQMsE6_76b2TJ-nZQ1Y5NtDXkCn7PiK2jjuWoYy0wN42FGchqg_-IgNatO3d4xsGZT5uIyXZJM43Fwnjb5uxS61oB8lTiyJYBHa3-4mFcPDkg6slEunnywZKc8v7rgbBqDnTa1wLBlqTy6gwDWLGJl7kGP0S_zmn4KfcuDLBpGw",
    "token_expiry": "2022-08-14T14:24:40Z"
  },
  "sentinels": {
    "config_sentinel": "/Users/inelpandzic/.config/gcloud/config_sentinel"
  }
}
2022-08-14 15:24:41,909 INFO     ___FILE_ONLY___ 

2022-08-14 15:24:41,910 DEBUG    root            Checking for updates...
2022-08-14 15:24:41,923 DEBUG    urllib3.connectionpool Starting new HTTPS connection (1): dl.google.com:443
2022-08-14 15:24:42,089 DEBUG    urllib3.connectionpool https://dl.google.com:443 "GET /dl/cloudsdk/channels/rapid/components-2.json HTTP/1.1" 200 201563
2022-08-14 15:24:42,190 DEBUG    root            Metrics reporting process started...
