2023-07-06 08:35:28,967 DEBUG    root            Loaded Command Group: ['gcloud', 'config']
2023-07-06 08:35:28,970 DEBUG    root            Loaded Command Group: ['gcloud', 'config', 'config_helper']
2023-07-06 08:35:28,970 DEBUG    root            Running [gcloud.config.config-helper] with arguments: [--format: "json"]
2023-07-06 08:35:28,990 DEBUG    urllib3.connectionpool Starting new HTTPS connection (1): www.gstatic.com:443
2023-07-06 08:35:29,173 DEBUG    urllib3.connectionpool https://www.gstatic.com:443 "GET /cloudsdk/feature_flag_config_file.yaml HTTP/1.1" 200 101
2023-07-06 08:35:29,180 DEBUG    root            Chosen display Format:default json
2023-07-06 08:35:29,181 INFO     root            Display format: "default json"
2023-07-06 08:35:29,181 INFO     ___FILE_ONLY___ {
  "configuration": {
    "active_configuration": "percona-cloud-dev",
    "properties": {
      "core": {
        "account": "inel.pandzic@percona.com",
        "disable_usage_reporting": "False",
        "project": "cloud-dev-112233"
      }
    }
  },
  "credential": {
    "access_token": "ya29.a0AbVbY6OMSM5lJVJfZ1l5JMDRwSACaYNBJkPgDyN9_wRoBOB8rDtg_tE4q3TcaklFKxEaKQk5wzt6rN_1ttw1WQyUo0tEQntAbH8iZBPUVVB6G4-3laNPvckgmDaai3UebwEFiXBUPqqUYPAAPEi8WsDDuUGWVGP3W4jzynQaCgYKAccSARESFQFWKvPl2yJ5b4mjKZgLQLPRAxhcuA0174",
    "id_token": "eyJhbGciOiJSUzI1NiIsImtpZCI6IjkzNDFkZWRlZWUyZDE4NjliNjU3ZmE5MzAzMDAwODJmZTI2YjNkOTIiLCJ0eXAiOiJKV1QifQ.eyJpc3MiOiJodHRwczovL2FjY291bnRzLmdvb2dsZS5jb20iLCJhenAiOiIzMjU1NTk0MDU1OS5hcHBzLmdvb2dsZXVzZXJjb250ZW50LmNvbSIsImF1ZCI6IjMyNTU1OTQwNTU5LmFwcHMuZ29vZ2xldXNlcmNvbnRlbnQuY29tIiwic3ViIjoiMTA3NDA5ODEzMzQ0NTU5NDQzNDA3IiwiaGQiOiJwZXJjb25hLmNvbSIsImVtYWlsIjoiaW5lbC5wYW5kemljQHBlcmNvbmEuY29tIiwiZW1haWxfdmVyaWZpZWQiOnRydWUsImF0X2hhc2giOiJrVFJfcW1uVWpSTlluZU5HTHNWcUxBIiwiaWF0IjoxNjg4NjI1MDM0LCJleHAiOjE2ODg2Mjg2MzR9.KUwte6HV4LBYqbTynt5kIGNKhKbauRCPXz8VAV8a7tesrJ9Y5FyZh1GrCvqfddGSMYs696dPt6RfzJH4DLmuVxJbfQqim55VYg7TknBRM_LJUPaIcG8EJLlphlRxq6FQo8JoEr8Hw9Uxy5Y-x1AXiaOjBQ_ucxz_C6lnbfFcEW-6TgLGPh3UsGlnoT3g-_cywMNdU7CsbWRzWjMrDx0cc173e6R_HSesXrQokjJUOZhEbiMCCgvs0yIu8JLzm_8NxLcGfPCcZQLLQFc6Q0DfujekXVvN-7uR0KUi1Vm-l9SCYcSW_Se5XgL3AY73xU44pxphPSWUaJwsiSZFEgffBA",
    "token_expiry": "2023-07-06T07:30:33Z"
  },
  "sentinels": {
    "config_sentinel": "/Users/inelpandzic/.config/gcloud/config_sentinel"
  }
}
2023-07-06 08:35:29,181 INFO     ___FILE_ONLY___ 

2023-07-06 08:35:29,192 DEBUG    root            Metrics reporting process started...
