2023-07-06 09:38:15,933 DEBUG    root            Loaded Command Group: ['gcloud', 'config']
2023-07-06 09:38:15,935 DEBUG    root            Loaded Command Group: ['gcloud', 'config', 'config_helper']
2023-07-06 09:38:15,936 DEBUG    root            Running [gcloud.config.config-helper] with arguments: [--format: "json"]
2023-07-06 09:38:15,942 DEBUG    root            Chosen display Format:default json
2023-07-06 09:38:15,942 INFO     root            Display format: "default json"
2023-07-06 09:38:15,942 INFO     ___FILE_ONLY___ {
  "configuration": {
    "active_configuration": "percona-cloud-dev",
    "properties": {
      "core": {
        "account": "inel.pandzic@percona.com",
        "disable_usage_reporting": "False",
        "project": "cloud-dev-112233"
      }
    }
  },
  "credential": {
    "access_token": "ya29.a0AbVbY6Ng9Z1HhoZ3Pdl_oSa0kwLNBBXJparscWdaOd_boXub9crHaHajZ7URQwevKJIQJ_cqKjeUo3hhoQC0nlMZhXcTXpNcupG_y5QB0IYA-kqVBDIKkrtxt8QQptAUxdIj4wv5sfFLVm69PT0m4nWyS4Rj1_whG7IUVJIaCgYKAZwSARESFQFWKvPl3NisfG8gFXWzt__vsBT0mA0174",
    "id_token": "eyJhbGciOiJSUzI1NiIsImtpZCI6IjkzNDFkZWRlZWUyZDE4NjliNjU3ZmE5MzAzMDAwODJmZTI2YjNkOTIiLCJ0eXAiOiJKV1QifQ.eyJpc3MiOiJodHRwczovL2FjY291bnRzLmdvb2dsZS5jb20iLCJhenAiOiIzMjU1NTk0MDU1OS5hcHBzLmdvb2dsZXVzZXJjb250ZW50LmNvbSIsImF1ZCI6IjMyNTU1OTQwNTU5LmFwcHMuZ29vZ2xldXNlcmNvbnRlbnQuY29tIiwic3ViIjoiMTA3NDA5ODEzMzQ0NTU5NDQzNDA3IiwiaGQiOiJwZXJjb25hLmNvbSIsImVtYWlsIjoiaW5lbC5wYW5kemljQHBlcmNvbmEuY29tIiwiZW1haWxfdmVyaWZpZWQiOnRydWUsImF0X2hhc2giOiJxbVpPN19wdXp0Wk9pRkRfcWQyU2VBIiwiaWF0IjoxNjg4NjI4NTM0LCJleHAiOjE2ODg2MzIxMzR9.e20CEqgMQLb0RPCJZEkB7L0Cd56PWLoJJk_kN9QbLs6ycR7XMHp3Oj-w4zBDZAhvRtgUFBtg_eYn73dCTUtVqI7PZlU996WhFiln5TvxO1B4KXth90q9LF8ThHWt7PSLMzSEsQ-kVH4lzOpDk4Ue3v-kouq_7EOtrsLTkytj_0K_Wd_EHIc86ig2d8RhPS6vll6LNV5TpUKN7xNAA1ZghKJwaa_UJ6UMccwNCrU_18xtDgF4MN7Mvdm3Ll4n-uCvhPXUs6Nt6O1NdradTKtfTmoGBaazpPtNBmi54Y3QW9XlW32iCR4srKsn8yorfaooCBbPgiWa-uV6shPtw20emA",
    "token_expiry": "2023-07-06T08:28:53Z"
  },
  "sentinels": {
    "config_sentinel": "/Users/inelpandzic/.config/gcloud/config_sentinel"
  }
}
2023-07-06 09:38:15,942 INFO     ___FILE_ONLY___ 

2023-07-06 09:38:15,949 DEBUG    root            Metrics reporting process started...
