2023-07-06 10:28:54,965 DEBUG    root            Loaded Command Group: ['gcloud', 'config']
2023-07-06 10:28:54,967 DEBUG    root            Loaded Command Group: ['gcloud', 'config', 'config_helper']
2023-07-06 10:28:54,968 DEBUG    root            Running [gcloud.config.config-helper] with arguments: [--format: "json"]
2023-07-06 10:28:54,987 DEBUG    urllib3.connectionpool Starting new HTTPS connection (1): www.gstatic.com:443
2023-07-06 10:28:55,085 DEBUG    urllib3.connectionpool https://www.gstatic.com:443 "GET /cloudsdk/feature_flag_config_file.yaml HTTP/1.1" 200 101
2023-07-06 10:28:55,089 DEBUG    root            Chosen display Format:default json
2023-07-06 10:28:55,089 INFO     root            Display format: "default json"
2023-07-06 10:28:55,090 INFO     ___FILE_ONLY___ {
  "configuration": {
    "active_configuration": "percona-cloud-dev",
    "properties": {
      "core": {
        "account": "inel.pandzic@percona.com",
        "disable_usage_reporting": "False",
        "project": "cloud-dev-112233"
      }
    }
  },
  "credential": {
    "access_token": "ya29.a0AbVbY6NjKNDh-r9F83pY8fjIZVCroE3zaS4eiSv_RJFrwL2WGAds4j5FTLprOvnCTf47bJoKK4A1iAgj4tGHTTWvzq7PmWdR-xzmBJY8oNXmkXGIGo-qt76-_eOEHqig0iyq_i30l7Bze-JxAk6CHseSPAw0RQWvGXPfcoQaCgYKAV0SARESFQFWKvPlWDwdl47GhyZxs6kwKRJelg0174",
    "id_token": "eyJhbGciOiJSUzI1NiIsImtpZCI6IjkzNDFkZWRlZWUyZDE4NjliNjU3ZmE5MzAzMDAwODJmZTI2YjNkOTIiLCJ0eXAiOiJKV1QifQ.eyJpc3MiOiJodHRwczovL2FjY291bnRzLmdvb2dsZS5jb20iLCJhenAiOiIzMjU1NTk0MDU1OS5hcHBzLmdvb2dsZXVzZXJjb250ZW50LmNvbSIsImF1ZCI6IjMyNTU1OTQwNTU5LmFwcHMuZ29vZ2xldXNlcmNvbnRlbnQuY29tIiwic3ViIjoiMTA3NDA5ODEzMzQ0NTU5NDQzNDA3IiwiaGQiOiJwZXJjb25hLmNvbSIsImVtYWlsIjoiaW5lbC5wYW5kemljQHBlcmNvbmEuY29tIiwiZW1haWxfdmVyaWZpZWQiOnRydWUsImF0X2hhc2giOiJXa055bnFNOGluWlIzSnp2YmxQcXhRIiwiaWF0IjoxNjg4NjMyMDgzLCJleHAiOjE2ODg2MzU2ODN9.eKQv5MXGN_zdZAvft4GY4C-XEYZFTI1WNpD1hl2NXGk4wXCEzkCe-hLMzuUdmftJV8gKXvagzvdVoMiRekxhiX0Xts2vt3P7GFT4S0V9Nx2x0l76B6XnfGOubRE4IFPdaYkqFcyYNjA3lj24WwXez6roXKW_2cHQ2MdadM26ORYioBJD1WkHOccKmtnIq4WAdbA5WrxNBErKneEVTK2WJcpxLuiXhyJ_l6Qa8Jm9WqnF5tuTp8vOGyIWCAFmAhRVD5bAp3Jq7Ls_uMA07VcOHfbOceMd53DRbIwNFDdzgh_1wLdWZtPAnYNGoLA7ti-Afq7OLbzlyPdbV5KX7USerQ",
    "token_expiry": "2023-07-06T09:28:02Z"
  },
  "sentinels": {
    "config_sentinel": "/Users/inelpandzic/.config/gcloud/config_sentinel"
  }
}
2023-07-06 10:28:55,090 INFO     ___FILE_ONLY___ 

2023-07-06 10:28:55,095 DEBUG    root            Metrics reporting process started...
