2023-07-06 11:28:05,532 DEBUG    root            Loaded Command Group: ['gcloud', 'config']
2023-07-06 11:28:05,535 DEBUG    root            Loaded Command Group: ['gcloud', 'config', 'config_helper']
2023-07-06 11:28:05,535 DEBUG    root            Running [gcloud.config.config-helper] with arguments: [--format: "json"]
2023-07-06 11:28:05,549 DEBUG    google.auth.transport.requests Making request: POST https://oauth2.googleapis.com/token
2023-07-06 11:28:05,562 DEBUG    urllib3.connectionpool Starting new HTTPS connection (1): oauth2.googleapis.com:443
2023-07-06 11:28:05,734 DEBUG    urllib3.connectionpool https://oauth2.googleapis.com:443 "POST /token HTTP/1.1" 200 None
2023-07-06 11:28:05,766 DEBUG    urllib3.connectionpool Starting new HTTPS connection (1): www.gstatic.com:443
2023-07-06 11:28:05,870 DEBUG    urllib3.connectionpool https://www.gstatic.com:443 "GET /cloudsdk/feature_flag_config_file.yaml HTTP/1.1" 200 101
2023-07-06 11:28:05,889 DEBUG    root            Chosen display Format:default json
2023-07-06 11:28:05,889 INFO     root            Display format: "default json"
2023-07-06 11:28:05,890 INFO     ___FILE_ONLY___ {
  "configuration": {
    "active_configuration": "percona-cloud-dev",
    "properties": {
      "core": {
        "account": "inel.pandzic@percona.com",
        "disable_usage_reporting": "False",
        "project": "cloud-dev-112233"
      }
    }
  },
  "credential": {
    "access_token": "ya29.a0AbVbY6OqyhMh6pydRTzD__E6p0QcoybhnGHvV5GQmW-gQsuxhvBcKGvLO9fmEQc-iwI_dPaT1IcNEQMU3Bz-nUv4-rGaJzaaH1YAJv3-O-k59YToGdIPdQU_BXafjbYhI9pP-lRsAzAwKl_mqQNmjgDUXG8orvmMir-cjq0aCgYKAfMSARESFQFWKvPlvhlF9iOMHavuvVA7wNBbCQ0174",
    "id_token": "eyJhbGciOiJSUzI1NiIsImtpZCI6IjkzNDFkZWRlZWUyZDE4NjliNjU3ZmE5MzAzMDAwODJmZTI2YjNkOTIiLCJ0eXAiOiJKV1QifQ.eyJpc3MiOiJodHRwczovL2FjY291bnRzLmdvb2dsZS5jb20iLCJhenAiOiIzMjU1NTk0MDU1OS5hcHBzLmdvb2dsZXVzZXJjb250ZW50LmNvbSIsImF1ZCI6IjMyNTU1OTQwNTU5LmFwcHMuZ29vZ2xldXNlcmNvbnRlbnQuY29tIiwic3ViIjoiMTA3NDA5ODEzMzQ0NTU5NDQzNDA3IiwiaGQiOiJwZXJjb25hLmNvbSIsImVtYWlsIjoiaW5lbC5wYW5kemljQHBlcmNvbmEuY29tIiwiZW1haWxfdmVyaWZpZWQiOnRydWUsImF0X2hhc2giOiJhY2V4eUdTMUVCNVlneW5NZ1hkRFNRIiwiaWF0IjoxNjg4NjM1Njg1LCJleHAiOjE2ODg2MzkyODV9.WI2uAx8On141gWVV0Tv_DemIBL1VtDwH1Jh5nup4tnLzI-6Sr8-T9im1tva8lmDtXSzbT8u1-93sM2coX_eGsr49ROAS2lxUGXpZNezsJEQIJUS4nXgI6qRk1t6pDYPvRrMt68ifkbMcsz1gJI_PZ5ktnXLL63D1HlQgKWT8wz7wfVEIboG1ZTLoM6DrCZXqS1TfoFKizVKogPmkmQYxBlfd7rv9z_ecHn5KT7U1CH9EgRJS6aRKGBw0sDFdZT-p7s6zMBXKrFcVAatEqfMcyno71hYqcC22SUAor9w_ZClmNLCek_JeUlfm_PIYxQc2fAXQ-vGIjenrWJGpXmwJdQ",
    "token_expiry": "2023-07-06T10:28:04Z"
  },
  "sentinels": {
    "config_sentinel": "/Users/inelpandzic/.config/gcloud/config_sentinel"
  }
}
2023-07-06 11:28:05,890 INFO     ___FILE_ONLY___ 

2023-07-06 11:28:05,903 DEBUG    root            Metrics reporting process started...
