2023-07-06 18:04:20,633 DEBUG    root            Loaded Command Group: ['gcloud', 'config']
2023-07-06 18:04:20,636 DEBUG    root            Loaded Command Group: ['gcloud', 'config', 'config_helper']
2023-07-06 18:04:20,637 DEBUG    root            Running [gcloud.config.config-helper] with arguments: [--format: "json"]
2023-07-06 18:04:20,704 DEBUG    urllib3.connectionpool Starting new HTTPS connection (1): www.gstatic.com:443
2023-07-06 18:04:20,818 DEBUG    urllib3.connectionpool https://www.gstatic.com:443 "GET /cloudsdk/feature_flag_config_file.yaml HTTP/1.1" 200 101
2023-07-06 18:04:20,821 DEBUG    root            Chosen display Format:default json
2023-07-06 18:04:20,821 INFO     root            Display format: "default json"
2023-07-06 18:04:20,821 INFO     ___FILE_ONLY___ {
  "configuration": {
    "active_configuration": "percona-cloud-dev",
    "properties": {
      "core": {
        "account": "inel.pandzic@percona.com",
        "disable_usage_reporting": "False",
        "project": "cloud-dev-112233"
      }
    }
  },
  "credential": {
    "access_token": "ya29.a0AbVbY6P7SWpvSFvCjUSHWkiI2JihXeElHAgNRrDg65MGmV1k00t4dzAJ-_h0NafCUURrCVVEHM17vLjxejV6EAA_oMMV2TNOP7zuUOJ3-Ch3LxLyzAU91OPu-mEdCmKCT3tIH-J6jDw9I-GF6sMNrF00A2YsKks4QBvfDmgaCgYKAfsSARESFQFWKvPlNesl99svkYh-yF7yXKRT1Q0174",
    "id_token": "eyJhbGciOiJSUzI1NiIsImtpZCI6IjkzNDFkZWRlZWUyZDE4NjliNjU3ZmE5MzAzMDAwODJmZTI2YjNkOTIiLCJ0eXAiOiJKV1QifQ.eyJpc3MiOiJodHRwczovL2FjY291bnRzLmdvb2dsZS5jb20iLCJhenAiOiIzMjU1NTk0MDU1OS5hcHBzLmdvb2dsZXVzZXJjb250ZW50LmNvbSIsImF1ZCI6IjMyNTU1OTQwNTU5LmFwcHMuZ29vZ2xldXNlcmNvbnRlbnQuY29tIiwic3ViIjoiMTA3NDA5ODEzMzQ0NTU5NDQzNDA3IiwiaGQiOiJwZXJjb25hLmNvbSIsImVtYWlsIjoiaW5lbC5wYW5kemljQHBlcmNvbmEuY29tIiwiZW1haWxfdmVyaWZpZWQiOnRydWUsImF0X2hhc2giOiJGT2xyRVo3eHJ1XzlGTEoxYmxBQnpBIiwiaWF0IjoxNjg4NjU3OTgyLCJleHAiOjE2ODg2NjE1ODJ9.L7H5jlh0ZETg2ZdAGH2ETY9JVq89Y4mlDyl0ll04WI0gdPv0vb5fWcA8_iHCCyq4UfIGwhh9owz5q8sXuiEi60dcUGlIosuyiMJ4zbRYkMPtg0sR2bAbVosTAoQB3b7aAJGFUjlrReziHaIjJepvgQlXOwF4qlR5_2UK_oKIItjgPXCf2qdPYRRsvKih3OVvPsdHn7igFeXxLPPYSwX8HupcrLpF5erZAXn1nmZu61rhRb1R6ocjeRQtcH9fl7quVi9sAbR0SD46mqngFzzSlnBUFq00nn7juphGvyvKCeGghTg8NPfKJzE-QjiCwRcO2y0s_aLA4aq3p1eeroNFfQ",
    "token_expiry": "2023-07-06T16:39:41Z"
  },
  "sentinels": {
    "config_sentinel": "/Users/inelpandzic/.config/gcloud/config_sentinel"
  }
}
2023-07-06 18:04:20,822 INFO     ___FILE_ONLY___ 

2023-07-06 18:04:20,826 DEBUG    root            Metrics reporting process started...
