2023-07-06 19:11:40,681 DEBUG    root            Loaded Command Group: ['gcloud', 'container', 'clusters']
2023-07-06 19:11:40,683 DEBUG    root            Loaded Command Group: ['gcloud', 'container', 'clusters', 'list']
2023-07-06 19:11:40,696 DEBUG    root            Running [gcloud.container.clusters.list] with arguments: []
2023-07-06 19:11:40,764 DEBUG    urllib3.connectionpool Starting new HTTPS connection (1): container.googleapis.com:443
2023-07-06 19:11:41,423 DEBUG    urllib3.connectionpool https://container.googleapis.com:443 "GET /v1/projects/cloud-dev-112233/locations/-/clusters?alt=json HTTP/1.1" 200 None
2023-07-06 19:11:41,463 DEBUG    root            Chosen display Format:
    table(
        name,
        zone:label=LOCATION,
        master_version():label=MASTER_VERSION,
        endpoint:label=MASTER_IP,
        nodePools[0].config.machineType,
        currentNodeVersion:label=NODE_VERSION,
        firstof(currentNodeCount,initialNodeCount):label=NUM_NODES,
        status
    )

2023-07-06 19:11:41,463 INFO     root            Display format: "
    table(
        name,
        zone:label=LOCATION,
        master_version():label=MASTER_VERSION,
        endpoint:label=MASTER_IP,
        nodePools[0].config.machineType,
        currentNodeVersion:label=NODE_VERSION,
        firstof(currentNodeCount,initialNodeCount):label=NUM_NODES,
        status
    )
"
2023-07-06 19:11:41,476 INFO     ___FILE_ONLY___ NAME
2023-07-06 19:11:41,476 INFO     ___FILE_ONLY___                                
2023-07-06 19:11:41,476 INFO     ___FILE_ONLY___ LOCATION
2023-07-06 19:11:41,476 INFO     ___FILE_ONLY___         
2023-07-06 19:11:41,476 INFO     ___FILE_ONLY___ MASTER_VERSION
2023-07-06 19:11:41,477 INFO     ___FILE_ONLY___     
2023-07-06 19:11:41,477 INFO     ___FILE_ONLY___ MASTER_IP
2023-07-06 19:11:41,477 INFO     ___FILE_ONLY___        
2023-07-06 19:11:41,477 INFO     ___FILE_ONLY___ MACHINE_TYPE
2023-07-06 19:11:41,477 INFO     ___FILE_ONLY___    
2023-07-06 19:11:41,477 INFO     ___FILE_ONLY___ NODE_VERSION
2023-07-06 19:11:41,477 INFO     ___FILE_ONLY___       
2023-07-06 19:11:41,477 INFO     ___FILE_ONLY___ NUM_NODES
2023-07-06 19:11:41,477 INFO     ___FILE_ONLY___   
2023-07-06 19:11:41,477 INFO     ___FILE_ONLY___ STATUS
2023-07-06 19:11:41,477 INFO     ___FILE_ONLY___ 

2023-07-06 19:11:41,477 INFO     ___FILE_ONLY___ slava-pxc
2023-07-06 19:11:41,477 INFO     ___FILE_ONLY___                           
2023-07-06 19:11:41,477 INFO     ___FILE_ONLY___ europe-west1-c
2023-07-06 19:11:41,477 INFO     ___FILE_ONLY___   
2023-07-06 19:11:41,477 INFO     ___FILE_ONLY___ 1.24.14-gke.1200
2023-07-06 19:11:41,477 INFO     ___FILE_ONLY___   
2023-07-06 19:11:41,477 INFO     ___FILE_ONLY___ 34.77.49.87
2023-07-06 19:11:41,477 INFO     ___FILE_ONLY___      
2023-07-06 19:11:41,477 INFO     ___FILE_ONLY___ n1-standard-4
2023-07-06 19:11:41,477 INFO     ___FILE_ONLY___   
2023-07-06 19:11:41,477 INFO     ___FILE_ONLY___ 1.24.14-gke.1200
2023-07-06 19:11:41,477 INFO     ___FILE_ONLY___   
2023-07-06 19:11:41,477 INFO     ___FILE_ONLY___ 3
2023-07-06 19:11:41,477 INFO     ___FILE_ONLY___           
2023-07-06 19:11:41,477 INFO     ___FILE_ONLY___ RUNNING
2023-07-06 19:11:41,477 INFO     ___FILE_ONLY___ 

2023-07-06 19:11:41,477 INFO     ___FILE_ONLY___ ege-22264
2023-07-06 19:11:41,477 INFO     ___FILE_ONLY___                           
2023-07-06 19:11:41,477 INFO     ___FILE_ONLY___ europe-west3
2023-07-06 19:11:41,477 INFO     ___FILE_ONLY___     
2023-07-06 19:11:41,477 INFO     ___FILE_ONLY___ 1.27.2-gke.2100
2023-07-06 19:11:41,477 INFO     ___FILE_ONLY___    
2023-07-06 19:11:41,477 INFO     ___FILE_ONLY___ 34.159.106.255
2023-07-06 19:11:41,477 INFO     ___FILE_ONLY___   
2023-07-06 19:11:41,477 INFO     ___FILE_ONLY___ n1-standard-4
2023-07-06 19:11:41,477 INFO     ___FILE_ONLY___   
2023-07-06 19:11:41,477 INFO     ___FILE_ONLY___ 1.27.2-gke.2100
2023-07-06 19:11:41,477 INFO     ___FILE_ONLY___    
2023-07-06 19:11:41,477 INFO     ___FILE_ONLY___ 3
2023-07-06 19:11:41,477 INFO     ___FILE_ONLY___           
2023-07-06 19:11:41,477 INFO     ___FILE_ONLY___ RUNNING
2023-07-06 19:11:41,477 INFO     ___FILE_ONLY___ 

2023-07-06 19:11:41,477 INFO     ___FILE_ONLY___ ege-4393
2023-07-06 19:11:41,477 INFO     ___FILE_ONLY___                            
2023-07-06 19:11:41,477 INFO     ___FILE_ONLY___ europe-west3
2023-07-06 19:11:41,477 INFO     ___FILE_ONLY___     
2023-07-06 19:11:41,477 INFO     ___FILE_ONLY___ 1.24.14-gke.1200
2023-07-06 19:11:41,477 INFO     ___FILE_ONLY___   
2023-07-06 19:11:41,477 INFO     ___FILE_ONLY___ 34.159.236.124
2023-07-06 19:11:41,477 INFO     ___FILE_ONLY___   
2023-07-06 19:11:41,477 INFO     ___FILE_ONLY___ n1-standard-4
2023-07-06 19:11:41,477 INFO     ___FILE_ONLY___   
2023-07-06 19:11:41,477 INFO     ___FILE_ONLY___ 1.24.14-gke.1200
2023-07-06 19:11:41,477 INFO     ___FILE_ONLY___   
2023-07-06 19:11:41,477 INFO     ___FILE_ONLY___ 3
2023-07-06 19:11:41,477 INFO     ___FILE_ONLY___           
2023-07-06 19:11:41,477 INFO     ___FILE_ONLY___ RUNNING
2023-07-06 19:11:41,478 INFO     ___FILE_ONLY___ 

2023-07-06 19:11:41,478 INFO     ___FILE_ONLY___ jenkins-lat-pxc-69a2adf4-cluster1
2023-07-06 19:11:41,478 INFO     ___FILE_ONLY___   
2023-07-06 19:11:41,478 INFO     ___FILE_ONLY___ us-central1-a
2023-07-06 19:11:41,478 INFO     ___FILE_ONLY___    
2023-07-06 19:11:41,478 INFO     ___FILE_ONLY___ 1.27.2-gke.2100
2023-07-06 19:11:41,478 INFO     ___FILE_ONLY___    
2023-07-06 19:11:41,478 INFO     ___FILE_ONLY___ 35.238.209.117
2023-07-06 19:11:41,478 INFO     ___FILE_ONLY___   
2023-07-06 19:11:41,478 INFO     ___FILE_ONLY___ n1-standard-4
2023-07-06 19:11:41,478 INFO     ___FILE_ONLY___   
2023-07-06 19:11:41,478 INFO     ___FILE_ONLY___ 1.27.2-gke.2100
2023-07-06 19:11:41,478 INFO     ___FILE_ONLY___    
2023-07-06 19:11:41,478 INFO     ___FILE_ONLY___ 3
2023-07-06 19:11:41,478 INFO     ___FILE_ONLY___           
2023-07-06 19:11:41,478 INFO     ___FILE_ONLY___ RUNNING
2023-07-06 19:11:41,478 INFO     ___FILE_ONLY___ 

2023-07-06 19:11:41,478 INFO     ___FILE_ONLY___ jenkins-lat-pxc-69a2adf4-cluster2
2023-07-06 19:11:41,478 INFO     ___FILE_ONLY___   
2023-07-06 19:11:41,478 INFO     ___FILE_ONLY___ us-central1-a
2023-07-06 19:11:41,478 INFO     ___FILE_ONLY___    
2023-07-06 19:11:41,478 INFO     ___FILE_ONLY___ 1.27.2-gke.2100
2023-07-06 19:11:41,478 INFO     ___FILE_ONLY___    
2023-07-06 19:11:41,478 INFO     ___FILE_ONLY___ 34.135.75.41
2023-07-06 19:11:41,478 INFO     ___FILE_ONLY___     
2023-07-06 19:11:41,478 INFO     ___FILE_ONLY___ n1-standard-4
2023-07-06 19:11:41,478 INFO     ___FILE_ONLY___   
2023-07-06 19:11:41,478 INFO     ___FILE_ONLY___ 1.27.2-gke.2100
2023-07-06 19:11:41,478 INFO     ___FILE_ONLY___    
2023-07-06 19:11:41,478 INFO     ___FILE_ONLY___ 3
2023-07-06 19:11:41,478 INFO     ___FILE_ONLY___           
2023-07-06 19:11:41,478 INFO     ___FILE_ONLY___ RUNNING
2023-07-06 19:11:41,478 INFO     ___FILE_ONLY___ 

2023-07-06 19:11:41,478 INFO     ___FILE_ONLY___ jenkins-par-pxc-69a2adf4-cluster4
2023-07-06 19:11:41,478 INFO     ___FILE_ONLY___   
2023-07-06 19:11:41,478 INFO     ___FILE_ONLY___ us-central1-a
2023-07-06 19:11:41,478 INFO     ___FILE_ONLY___    
2023-07-06 19:11:41,478 INFO     ___FILE_ONLY___ 1.24.14-gke.2100
2023-07-06 19:11:41,478 INFO     ___FILE_ONLY___   
2023-07-06 19:11:41,478 INFO     ___FILE_ONLY___ 35.188.103.129
2023-07-06 19:11:41,478 INFO     ___FILE_ONLY___   
2023-07-06 19:11:41,478 INFO     ___FILE_ONLY___ n1-standard-4
2023-07-06 19:11:41,478 INFO     ___FILE_ONLY___   
2023-07-06 19:11:41,478 INFO     ___FILE_ONLY___ 1.24.14-gke.2100
2023-07-06 19:11:41,478 INFO     ___FILE_ONLY___   
2023-07-06 19:11:41,478 INFO     ___FILE_ONLY___ 3
2023-07-06 19:11:41,478 INFO     ___FILE_ONLY___           
2023-07-06 19:11:41,478 INFO     ___FILE_ONLY___ RUNNING
2023-07-06 19:11:41,478 INFO     ___FILE_ONLY___ 

2023-07-06 19:11:41,478 INFO     ___FILE_ONLY___ plavi-123
2023-07-06 19:11:41,478 INFO     ___FILE_ONLY___                           
2023-07-06 19:11:41,478 INFO     ___FILE_ONLY___ us-central1-a
2023-07-06 19:11:41,478 INFO     ___FILE_ONLY___    
2023-07-06 19:11:41,478 INFO     ___FILE_ONLY___ 1.24.12-gke.500
2023-07-06 19:11:41,478 INFO     ___FILE_ONLY___    
2023-07-06 19:11:41,478 INFO     ___FILE_ONLY___ 35.224.148.131
2023-07-06 19:11:41,478 INFO     ___FILE_ONLY___   
2023-07-06 19:11:41,478 INFO     ___FILE_ONLY___ n1-standard-4
2023-07-06 19:11:41,478 INFO     ___FILE_ONLY___   
2023-07-06 19:11:41,478 INFO     ___FILE_ONLY___ 1.24.12-gke.500
2023-07-06 19:11:41,478 INFO     ___FILE_ONLY___    
2023-07-06 19:11:41,478 INFO     ___FILE_ONLY___ 3
2023-07-06 19:11:41,478 INFO     ___FILE_ONLY___           
2023-07-06 19:11:41,478 INFO     ___FILE_ONLY___ RUNNING
2023-07-06 19:11:41,478 INFO     ___FILE_ONLY___ 

2023-07-06 19:11:41,479 INFO     ___FILE_ONLY___ plavi-124
2023-07-06 19:11:41,479 INFO     ___FILE_ONLY___                           
2023-07-06 19:11:41,479 INFO     ___FILE_ONLY___ us-central1-a
2023-07-06 19:11:41,479 INFO     ___FILE_ONLY___    
2023-07-06 19:11:41,479 INFO     ___FILE_ONLY___ 1.24.14-gke.1400
2023-07-06 19:11:41,479 INFO     ___FILE_ONLY___   
2023-07-06 19:11:41,479 INFO     ___FILE_ONLY___ 35.232.122.97
2023-07-06 19:11:41,479 INFO     ___FILE_ONLY___    
2023-07-06 19:11:41,479 INFO     ___FILE_ONLY___ n1-standard-4
2023-07-06 19:11:41,479 INFO     ___FILE_ONLY___   
2023-07-06 19:11:41,479 INFO     ___FILE_ONLY___ 1.24.14-gke.1400
2023-07-06 19:11:41,479 INFO     ___FILE_ONLY___   
2023-07-06 19:11:41,479 INFO     ___FILE_ONLY___ 3
2023-07-06 19:11:41,479 INFO     ___FILE_ONLY___           
2023-07-06 19:11:41,479 INFO     ___FILE_ONLY___ RUNNING
2023-07-06 19:11:41,479 INFO     ___FILE_ONLY___ 

2023-07-06 19:11:41,479 INFO     ___FILE_ONLY___ plavi-127
2023-07-06 19:11:41,479 INFO     ___FILE_ONLY___                           
2023-07-06 19:11:41,479 INFO     ___FILE_ONLY___ us-central1-a
2023-07-06 19:11:41,479 INFO     ___FILE_ONLY___    
2023-07-06 19:11:41,479 INFO     ___FILE_ONLY___ 1.27.2-gke.1200
2023-07-06 19:11:41,479 INFO     ___FILE_ONLY___    
2023-07-06 19:11:41,479 INFO     ___FILE_ONLY___ 34.72.148.7
2023-07-06 19:11:41,479 INFO     ___FILE_ONLY___      
2023-07-06 19:11:41,479 INFO     ___FILE_ONLY___ n1-standard-4
2023-07-06 19:11:41,479 INFO     ___FILE_ONLY___   
2023-07-06 19:11:41,479 INFO     ___FILE_ONLY___ 1.27.2-gke.1200
2023-07-06 19:11:41,479 INFO     ___FILE_ONLY___    
2023-07-06 19:11:41,479 INFO     ___FILE_ONLY___ 3
2023-07-06 19:11:41,479 INFO     ___FILE_ONLY___           
2023-07-06 19:11:41,479 INFO     ___FILE_ONLY___ RUNNING
2023-07-06 19:11:41,479 INFO     ___FILE_ONLY___ 

2023-07-06 19:11:41,479 INFO     ___FILE_ONLY___ ptankov
2023-07-06 19:11:41,479 INFO     ___FILE_ONLY___                             
2023-07-06 19:11:41,479 INFO     ___FILE_ONLY___ us-central1-a
2023-07-06 19:11:41,479 INFO     ___FILE_ONLY___    
2023-07-06 19:11:41,479 INFO     ___FILE_ONLY___ 1.25.10-gke.2100
2023-07-06 19:11:41,479 INFO     ___FILE_ONLY___   
2023-07-06 19:11:41,479 INFO     ___FILE_ONLY___ 104.154.220.94
2023-07-06 19:11:41,479 INFO     ___FILE_ONLY___   
2023-07-06 19:11:41,479 INFO     ___FILE_ONLY___ n1-standard-4
2023-07-06 19:11:41,479 INFO     ___FILE_ONLY___   
2023-07-06 19:11:41,479 INFO     ___FILE_ONLY___ 1.25.10-gke.2100
2023-07-06 19:11:41,479 INFO     ___FILE_ONLY___   
2023-07-06 19:11:41,479 INFO     ___FILE_ONLY___ 3
2023-07-06 19:11:41,479 INFO     ___FILE_ONLY___           
2023-07-06 19:11:41,479 INFO     ___FILE_ONLY___ RUNNING
2023-07-06 19:11:41,479 INFO     ___FILE_ONLY___ 

2023-07-06 19:11:41,479 INFO     ___FILE_ONLY___ spronin-1337
2023-07-06 19:11:41,479 INFO     ___FILE_ONLY___                        
2023-07-06 19:11:41,479 INFO     ___FILE_ONLY___ us-central1-a
2023-07-06 19:11:41,479 INFO     ___FILE_ONLY___    
2023-07-06 19:11:41,479 INFO     ___FILE_ONLY___ 1.26.5-gke.2100
2023-07-06 19:11:41,479 INFO     ___FILE_ONLY___    
2023-07-06 19:11:41,480 INFO     ___FILE_ONLY___ 34.69.104.143
2023-07-06 19:11:41,480 INFO     ___FILE_ONLY___    
2023-07-06 19:11:41,480 INFO     ___FILE_ONLY___ n1-standard-4
2023-07-06 19:11:41,480 INFO     ___FILE_ONLY___   
2023-07-06 19:11:41,480 INFO     ___FILE_ONLY___ 1.26.5-gke.2100
2023-07-06 19:11:41,480 INFO     ___FILE_ONLY___    
2023-07-06 19:11:41,480 INFO     ___FILE_ONLY___ 2
2023-07-06 19:11:41,480 INFO     ___FILE_ONLY___           
2023-07-06 19:11:41,480 INFO     ___FILE_ONLY___ RUNNING
2023-07-06 19:11:41,480 INFO     ___FILE_ONLY___ 

2023-07-06 19:11:41,484 DEBUG    root            Metrics reporting process started...
