2023-07-06 20:58:54,214 DEBUG    root            Loaded Command Group: ['gcloud', 'config']
2023-07-06 20:58:54,217 DEBUG    root            Loaded Command Group: ['gcloud', 'config', 'config_helper']
2023-07-06 20:58:54,217 DEBUG    root            Running [gcloud.config.config-helper] with arguments: [--format: "json"]
2023-07-06 20:58:54,242 DEBUG    urllib3.connectionpool Starting new HTTPS connection (1): www.gstatic.com:443
2023-07-06 20:58:54,354 DEBUG    urllib3.connectionpool https://www.gstatic.com:443 "GET /cloudsdk/feature_flag_config_file.yaml HTTP/1.1" 200 101
2023-07-06 20:58:54,357 DEBUG    root            Chosen display Format:default json
2023-07-06 20:58:54,357 INFO     root            Display format: "default json"
2023-07-06 20:58:54,357 INFO     ___FILE_ONLY___ {
  "configuration": {
    "active_configuration": "percona-cloud-dev",
    "properties": {
      "core": {
        "account": "inel.pandzic@percona.com",
        "disable_usage_reporting": "False",
        "project": "cloud-dev-112233"
      }
    }
  },
  "credential": {
    "access_token": "ya29.a0AbVbY6PboqSoMv6BENeIEYf1lAa5rXVT9cc94ttGNBXy-zblpAkJ-FIrEjJ6yKJQmQ6BADsbfptFDaXl_QTrD0x9LwfR65ED3QASSnZZNzV0esm_VYIX7BiM_i496aGFKt2tH1sDo7a--cutUVFwyZraCS9MZMpp8l4uzlQaCgYKAU4SARESFQFWKvPlC42wx9JRRTtBm7fgWYTaYQ0174",
    "id_token": "eyJhbGciOiJSUzI1NiIsImtpZCI6IjkzNDFkZWRlZWUyZDE4NjliNjU3ZmE5MzAzMDAwODJmZTI2YjNkOTIiLCJ0eXAiOiJKV1QifQ.eyJpc3MiOiJodHRwczovL2FjY291bnRzLmdvb2dsZS5jb20iLCJhenAiOiIzMjU1NTk0MDU1OS5hcHBzLmdvb2dsZXVzZXJjb250ZW50LmNvbSIsImF1ZCI6IjMyNTU1OTQwNTU5LmFwcHMuZ29vZ2xldXNlcmNvbnRlbnQuY29tIiwic3ViIjoiMTA3NDA5ODEzMzQ0NTU5NDQzNDA3IiwiaGQiOiJwZXJjb25hLmNvbSIsImVtYWlsIjoiaW5lbC5wYW5kemljQHBlcmNvbmEuY29tIiwiZW1haWxfdmVyaWZpZWQiOnRydWUsImF0X2hhc2giOiIzVmxvUnNyV1cteTVXNmtSVnNTMjZ3IiwiaWF0IjoxNjg4NjY4MjA2LCJleHAiOjE2ODg2NzE4MDZ9.lkfPpWkAiaJxuuVN9ZDcUbbvbyy1JxJfQxoJmk3peQHKPLFWV_B090oxXcCfUr5eNt2rzjKPGXv5619RUymHYo6D3gQ4aoxxM0_dtTL6q9scl2Q5PEBFMZRha_WlzLKsWQaBHf4XnZ-dOT4qa4_FKOH3udmXVU296N_esqQiJFeN-745QM1oC6TGmz8kf_nJjuwuIemx0DcqzjZtNtH-G9wvopz54ws6Z5AXrk93hpwRrG5r8jszT2suQ5Tgp5yR4WdM_DIOsdgPyGKOqHoDh129XrcjRKwaRLXihTll62NgYdKR6tDnJ7I6tOl45z6hxy4dLelCf0fixp0-aUXzJg",
    "token_expiry": "2023-07-06T19:30:05Z"
  },
  "sentinels": {
    "config_sentinel": "/Users/inelpandzic/.config/gcloud/config_sentinel"
  }
}
2023-07-06 20:58:54,357 INFO     ___FILE_ONLY___ 

2023-07-06 20:58:54,362 DEBUG    root            Metrics reporting process started...
