2022-11-25 08:58:59,220 DEBUG    root            Loaded Command Group: ['gcloud', 'config']
2022-11-25 08:58:59,222 DEBUG    root            Loaded Command Group: ['gcloud', 'config', 'config_helper']
2022-11-25 08:58:59,223 DEBUG    root            Running [gcloud.config.config-helper] with arguments: [--format: "json"]
2022-11-25 08:58:59,240 DEBUG    google.auth.transport.requests Making request: POST https://oauth2.googleapis.com/token
2022-11-25 08:58:59,252 DEBUG    urllib3.connectionpool Starting new HTTPS connection (1): oauth2.googleapis.com:443
2022-11-25 08:58:59,401 DEBUG    urllib3.connectionpool https://oauth2.googleapis.com:443 "POST /token HTTP/1.1" 200 None
2022-11-25 08:58:59,405 INFO     root            Display format: "default json"
2022-11-25 08:58:59,405 INFO     ___FILE_ONLY___ {
  "configuration": {
    "active_configuration": "percona-cloud-dev",
    "properties": {
      "core": {
        "account": "inel.pandzic@percona.com",
        "disable_usage_reporting": "False",
        "project": "cloud-dev-112233"
      }
    }
  },
  "credential": {
    "access_token": "ya29.a0AeTM1icZhS3f9ybKfJhlcACrqtsb62YxqVEt5FMPU4PytkMdtwK8IKju5GR2MewUR8EnwBQbp61D0CwPEjwSv21tBr6-K6GJwmtWNjeIG87yYOjmINB2px6wBMAzDuzXNB_M4TZDoZeyyNchwJ8lKCREj7jhM9Pb5A7HBz0aCgYKASkSARESFQHWtWOmOtAxdHU-6gQdresBEpXCTw0174",
    "id_token": "eyJhbGciOiJSUzI1NiIsImtpZCI6IjI3Yjg2ZGM2OTM4ZGMzMjdiMjA0MzMzYTI1MGViYjQzYjMyZTRiM2MiLCJ0eXAiOiJKV1QifQ.eyJpc3MiOiJodHRwczovL2FjY291bnRzLmdvb2dsZS5jb20iLCJhenAiOiIzMjU1NTk0MDU1OS5hcHBzLmdvb2dsZXVzZXJjb250ZW50LmNvbSIsImF1ZCI6IjMyNTU1OTQwNTU5LmFwcHMuZ29vZ2xldXNlcmNvbnRlbnQuY29tIiwic3ViIjoiMTA3NDA5ODEzMzQ0NTU5NDQzNDA3IiwiaGQiOiJwZXJjb25hLmNvbSIsImVtYWlsIjoiaW5lbC5wYW5kemljQHBlcmNvbmEuY29tIiwiZW1haWxfdmVyaWZpZWQiOnRydWUsImF0X2hhc2giOiJqUDNsdDJ5aTY2T1BUejJSZms1YmlBIiwiaWF0IjoxNjY5MzYzMTM5LCJleHAiOjE2NjkzNjY3Mzl9.TQqiKtNdlznILKowhedm2Utn3JMSn4My6mhKbMvI3-LIkjr1ENBX5JsPSUcOUeudwg1-7f_cMQAKpMo-w7mN4y06Fs2_fZ6i4yHr4vFNiF8EiQvjNxmLWJ-Rm369ZGuVt2cGVbkJgnZXu6q3-VP02VBnBfRVvA94uXBojjWA5DX16Yi9kre3J-y2hp1H_3moFicpZaUXEBkjgxoDhaafunaeuDth7314kJqoUbJ2yXTzV3y8KdpD3K1jiX9Vh8B-0wXNa0Ea5YZubP0qvXzf0W0S04uNJOkD_LQfx3-x_wkYNkisHgabvht4x7oaFI4ZtK19FmzQO2YksWRZsVlQYQ",
    "token_expiry": "2022-11-25T08:58:58Z"
  },
  "sentinels": {
    "config_sentinel": "/Users/inelpandzic/.config/gcloud/config_sentinel"
  }
}
2022-11-25 08:58:59,405 INFO     ___FILE_ONLY___ 

2022-11-25 08:58:59,411 DEBUG    root            Metrics reporting process started...
