2022-11-25 10:20:25,427 DEBUG    root            Loaded Command Group: ['gcloud', 'config']
2022-11-25 10:20:25,429 DEBUG    root            Loaded Command Group: ['gcloud', 'config', 'config_helper']
2022-11-25 10:20:25,429 DEBUG    root            Running [gcloud.config.config-helper] with arguments: [--format: "json"]
2022-11-25 10:20:25,450 DEBUG    google.auth.transport.requests Making request: POST https://oauth2.googleapis.com/token
2022-11-25 10:20:25,463 DEBUG    urllib3.connectionpool Starting new HTTPS connection (1): oauth2.googleapis.com:443
2022-11-25 10:20:25,622 DEBUG    urllib3.connectionpool https://oauth2.googleapis.com:443 "POST /token HTTP/1.1" 200 None
2022-11-25 10:20:25,629 INFO     root            Display format: "default json"
2022-11-25 10:20:25,629 INFO     ___FILE_ONLY___ {
  "configuration": {
    "active_configuration": "percona-cloud-dev",
    "properties": {
      "core": {
        "account": "inel.pandzic@percona.com",
        "disable_usage_reporting": "False",
        "project": "cloud-dev-112233"
      }
    }
  },
  "credential": {
    "access_token": "ya29.a0AeTM1icOrgUAA7YVZ5-cy5tSt-hnVWcwDl-qrMDZP3LykfvwRHKRtuI5hbgM4RReXxbw7iMr_Yr0hh6wgmq4vxQHkLVwBiUhv7maF7qsUC-bodZJpF0ZGA9i5WNO_DaSHpq14kkNOk7euDCdZwrxCpwCqksRFXKMWYy-x68aCgYKAXsSARESFQHWtWOmZFux36ogzUtBVHAgxWrdHw0174",
    "id_token": "eyJhbGciOiJSUzI1NiIsImtpZCI6IjI3Yjg2ZGM2OTM4ZGMzMjdiMjA0MzMzYTI1MGViYjQzYjMyZTRiM2MiLCJ0eXAiOiJKV1QifQ.eyJpc3MiOiJodHRwczovL2FjY291bnRzLmdvb2dsZS5jb20iLCJhenAiOiIzMjU1NTk0MDU1OS5hcHBzLmdvb2dsZXVzZXJjb250ZW50LmNvbSIsImF1ZCI6IjMyNTU1OTQwNTU5LmFwcHMuZ29vZ2xldXNlcmNvbnRlbnQuY29tIiwic3ViIjoiMTA3NDA5ODEzMzQ0NTU5NDQzNDA3IiwiaGQiOiJwZXJjb25hLmNvbSIsImVtYWlsIjoiaW5lbC5wYW5kemljQHBlcmNvbmEuY29tIiwiZW1haWxfdmVyaWZpZWQiOnRydWUsImF0X2hhc2giOiJSN09uNnRuWUo5TU84cERId0hhZTRBIiwiaWF0IjoxNjY5MzY4MDI1LCJleHAiOjE2NjkzNzE2MjV9.racn3UR5Q0VUnf0dwm1xq3XHEWt7pc_9lzn6jTDNmtjTpqGj1N9rWNt2E9i521ik-HElAB7lt7YtiRdZsrjkevF4WXrvBCBWcniqFfX7mT1rNqSGbXd5mP22YoMiVPoOv0gitwB_g2B-zsrBCqEtcGi5PpmCmshJOg1kXTEyJ8-4hb548CZ3XMEWxu3QfaKYhPt6pgjEYnasjYACm_Eb5C4Wus18JKU5NLybrDGaBMonkWK0NsDfW9rLLk8eBBWzpZceuLWNTIs9JbgwTx2GxaCiYnCS_X8hwP-sBHlUk5uTTfaDlI-8DXCaxMbk7EcCCkBOsDS0weU-pv1j1vPqiQ",
    "token_expiry": "2022-11-25T10:20:24Z"
  },
  "sentinels": {
    "config_sentinel": "/Users/inelpandzic/.config/gcloud/config_sentinel"
  }
}
2022-11-25 10:20:25,629 INFO     ___FILE_ONLY___ 

2022-11-25 10:20:25,640 DEBUG    root            Metrics reporting process started...
