2022-11-25 13:04:10,243 DEBUG    root            Loaded Command Group: ['gcloud', 'config']
2022-11-25 13:04:10,245 DEBUG    root            Loaded Command Group: ['gcloud', 'config', 'config_helper']
2022-11-25 13:04:10,245 DEBUG    root            Running [gcloud.config.config-helper] with arguments: [--format: "json"]
2022-11-25 13:04:10,280 DEBUG    google.auth.transport.requests Making request: POST https://oauth2.googleapis.com/token
2022-11-25 13:04:10,293 DEBUG    urllib3.connectionpool Starting new HTTPS connection (1): oauth2.googleapis.com:443
2022-11-25 13:04:10,452 DEBUG    urllib3.connectionpool https://oauth2.googleapis.com:443 "POST /token HTTP/1.1" 200 None
2022-11-25 13:04:10,456 INFO     root            Display format: "default json"
2022-11-25 13:04:10,456 INFO     ___FILE_ONLY___ {
  "configuration": {
    "active_configuration": "percona-cloud-dev",
    "properties": {
      "core": {
        "account": "inel.pandzic@percona.com",
        "disable_usage_reporting": "False",
        "project": "cloud-dev-112233"
      }
    }
  },
  "credential": {
    "access_token": "ya29.a0AeTM1idbSeTmecz7PNtoIIHJ6Xz9IJzM-FGIhrSio2bHdiFw2kIWBZDEPyBEcZpZwLAtq3zCH82sYS1_u6UFH_T23_wSRoSerRQjx6kr3hNCOF_LE2Kf68RZYFZ05pykDT27qjeAoP8cBaa22FYFPTB-T1ocT6JKrdzmg3saCgYKAdgSARESFQHWtWOmPkJIPKWjydUDa76aiJptcg0174",
    "id_token": "eyJhbGciOiJSUzI1NiIsImtpZCI6IjI3Yjg2ZGM2OTM4ZGMzMjdiMjA0MzMzYTI1MGViYjQzYjMyZTRiM2MiLCJ0eXAiOiJKV1QifQ.eyJpc3MiOiJodHRwczovL2FjY291bnRzLmdvb2dsZS5jb20iLCJhenAiOiIzMjU1NTk0MDU1OS5hcHBzLmdvb2dsZXVzZXJjb250ZW50LmNvbSIsImF1ZCI6IjMyNTU1OTQwNTU5LmFwcHMuZ29vZ2xldXNlcmNvbnRlbnQuY29tIiwic3ViIjoiMTA3NDA5ODEzMzQ0NTU5NDQzNDA3IiwiaGQiOiJwZXJjb25hLmNvbSIsImVtYWlsIjoiaW5lbC5wYW5kemljQHBlcmNvbmEuY29tIiwiZW1haWxfdmVyaWZpZWQiOnRydWUsImF0X2hhc2giOiJnaE02MlVKcmI0YzdydnJmNDNiZk9nIiwiaWF0IjoxNjY5Mzc3ODUwLCJleHAiOjE2NjkzODE0NTB9.unyrsxbDVNsNwPUX_Zo8zwpxL755Z29pZ_6-xbU9-uFan1o7Aa6y6l1trPB2gt0N2aG1T-oivUQWYEzjgLYHilX2m6UvhBKKmxgqQZi_p_nlvHu9oon_3aYl06bRoRyb1PT-RyNNzFtu-YRKrxd5wMWSPH9SIzs4mx9mRpMZUEOfl-j4NlhA0uwBc6wsduzfoRVjogrVKVstxct0hfWiu9vgPkgZnBYAkE0_SriBJhTzgeYssn36f7kl3dM7bpyZBkxWHYtALmeugx18nyvB3RkTzxZfrmB2zqMetjKNkHwR6TQufbqXRX-2swKUT-VRsxA-xoIAvu1qQWKZS31P4A",
    "token_expiry": "2022-11-25T13:04:09Z"
  },
  "sentinels": {
    "config_sentinel": "/Users/inelpandzic/.config/gcloud/config_sentinel"
  }
}
2022-11-25 13:04:10,457 INFO     ___FILE_ONLY___ 

2022-11-25 13:04:10,457 DEBUG    root            Checking for updates...
2022-11-25 13:04:10,466 DEBUG    urllib3.connectionpool Starting new HTTPS connection (1): dl.google.com:443
2022-11-25 13:04:10,594 DEBUG    urllib3.connectionpool https://dl.google.com:443 "GET /dl/cloudsdk/channels/rapid/components-2.json HTTP/1.1" 200 203447
2022-11-25 13:04:10,700 DEBUG    root            Metrics reporting process started...
