2022-11-25 15:37:02,184 DEBUG    root            Loaded Command Group: ['gcloud', 'container', 'clusters']
2022-11-25 15:37:02,186 DEBUG    root            Loaded Command Group: ['gcloud', 'container', 'clusters', 'list']
2022-11-25 15:37:02,198 DEBUG    root            Running [gcloud.container.clusters.list] with arguments: []
2022-11-25 15:37:02,249 DEBUG    urllib3.connectionpool Starting new HTTPS connection (1): container.googleapis.com:443
2022-11-25 15:37:02,906 DEBUG    urllib3.connectionpool https://container.googleapis.com:443 "GET /v1/projects/cloud-dev-112233/locations/-/clusters?alt=json HTTP/1.1" 200 None
2022-11-25 15:37:02,983 INFO     root            Display format: "
    table(
        name,
        zone:label=LOCATION,
        master_version():label=MASTER_VERSION,
        endpoint:label=MASTER_IP,
        nodePools[0].config.machineType,
        currentNodeVersion:label=NODE_VERSION,
        firstof(currentNodeCount,initialNodeCount):label=NUM_NODES,
        status
    )
"
2022-11-25 15:37:03,016 INFO     ___FILE_ONLY___ NAME
2022-11-25 15:37:03,016 INFO     ___FILE_ONLY___                                
2022-11-25 15:37:03,016 INFO     ___FILE_ONLY___ LOCATION
2022-11-25 15:37:03,016 INFO     ___FILE_ONLY___         
2022-11-25 15:37:03,016 INFO     ___FILE_ONLY___ MASTER_VERSION
2022-11-25 15:37:03,016 INFO     ___FILE_ONLY___                       
2022-11-25 15:37:03,016 INFO     ___FILE_ONLY___ MASTER_IP
2022-11-25 15:37:03,016 INFO     ___FILE_ONLY___        
2022-11-25 15:37:03,016 INFO     ___FILE_ONLY___ MACHINE_TYPE
2022-11-25 15:37:03,016 INFO     ___FILE_ONLY___    
2022-11-25 15:37:03,016 INFO     ___FILE_ONLY___ NODE_VERSION
2022-11-25 15:37:03,016 INFO     ___FILE_ONLY___       
2022-11-25 15:37:03,016 INFO     ___FILE_ONLY___ NUM_NODES
2022-11-25 15:37:03,016 INFO     ___FILE_ONLY___   
2022-11-25 15:37:03,016 INFO     ___FILE_ONLY___ STATUS
2022-11-25 15:37:03,016 INFO     ___FILE_ONLY___ 

2022-11-25 15:37:03,016 INFO     ___FILE_ONLY___ andrii-12763
2022-11-25 15:37:03,016 INFO     ___FILE_ONLY___                        
2022-11-25 15:37:03,016 INFO     ___FILE_ONLY___ europe-west1-c
2022-11-25 15:37:03,016 INFO     ___FILE_ONLY___   
2022-11-25 15:37:03,016 INFO     ___FILE_ONLY___ 1.21.14-gke.8500
2022-11-25 15:37:03,016 INFO     ___FILE_ONLY___                     
2022-11-25 15:37:03,016 INFO     ___FILE_ONLY___ 35.233.110.7
2022-11-25 15:37:03,016 INFO     ___FILE_ONLY___     
2022-11-25 15:37:03,016 INFO     ___FILE_ONLY___ n1-standard-4
2022-11-25 15:37:03,016 INFO     ___FILE_ONLY___   
2022-11-25 15:37:03,016 INFO     ___FILE_ONLY___ 1.21.14-gke.8500
2022-11-25 15:37:03,016 INFO     ___FILE_ONLY___   
2022-11-25 15:37:03,016 INFO     ___FILE_ONLY___ 3
2022-11-25 15:37:03,016 INFO     ___FILE_ONLY___           
2022-11-25 15:37:03,016 INFO     ___FILE_ONLY___ RUNNING
2022-11-25 15:37:03,016 INFO     ___FILE_ONLY___ 

2022-11-25 15:37:03,016 INFO     ___FILE_ONLY___ slava-pxc
2022-11-25 15:37:03,016 INFO     ___FILE_ONLY___                           
2022-11-25 15:37:03,016 INFO     ___FILE_ONLY___ europe-west3-a
2022-11-25 15:37:03,016 INFO     ___FILE_ONLY___   
2022-11-25 15:37:03,017 INFO     ___FILE_ONLY___ 1.21.14-gke.8500
2022-11-25 15:37:03,017 INFO     ___FILE_ONLY___                     
2022-11-25 15:37:03,017 INFO     ___FILE_ONLY___ 34.159.69.246
2022-11-25 15:37:03,017 INFO     ___FILE_ONLY___    
2022-11-25 15:37:03,017 INFO     ___FILE_ONLY___ n1-standard-4
2022-11-25 15:37:03,017 INFO     ___FILE_ONLY___   
2022-11-25 15:37:03,017 INFO     ___FILE_ONLY___ 1.21.14-gke.8500
2022-11-25 15:37:03,017 INFO     ___FILE_ONLY___   
2022-11-25 15:37:03,017 INFO     ___FILE_ONLY___ 3
2022-11-25 15:37:03,017 INFO     ___FILE_ONLY___           
2022-11-25 15:37:03,017 INFO     ___FILE_ONLY___ RUNNING
2022-11-25 15:37:03,017 INFO     ___FILE_ONLY___ 

2022-11-25 15:37:03,017 INFO     ___FILE_ONLY___ inel-7141
2022-11-25 15:37:03,017 INFO     ___FILE_ONLY___                           
2022-11-25 15:37:03,017 INFO     ___FILE_ONLY___ europe-west3-b
2022-11-25 15:37:03,017 INFO     ___FILE_ONLY___   
2022-11-25 15:37:03,017 INFO     ___FILE_ONLY___ 1.21.14-gke.8500
2022-11-25 15:37:03,017 INFO     ___FILE_ONLY___                     
2022-11-25 15:37:03,017 INFO     ___FILE_ONLY___ 35.234.80.18
2022-11-25 15:37:03,017 INFO     ___FILE_ONLY___     
2022-11-25 15:37:03,017 INFO     ___FILE_ONLY___ n1-standard-4
2022-11-25 15:37:03,017 INFO     ___FILE_ONLY___   
2022-11-25 15:37:03,017 INFO     ___FILE_ONLY___ 1.21.14-gke.8500
2022-11-25 15:37:03,017 INFO     ___FILE_ONLY___   
2022-11-25 15:37:03,017 INFO     ___FILE_ONLY___ 3
2022-11-25 15:37:03,017 INFO     ___FILE_ONLY___           
2022-11-25 15:37:03,017 INFO     ___FILE_ONLY___ RUNNING
2022-11-25 15:37:03,017 INFO     ___FILE_ONLY___ 

2022-11-25 15:37:03,017 INFO     ___FILE_ONLY___ max-30844
2022-11-25 15:37:03,017 INFO     ___FILE_ONLY___                           
2022-11-25 15:37:03,017 INFO     ___FILE_ONLY___ europe-west3-b
2022-11-25 15:37:03,017 INFO     ___FILE_ONLY___   
2022-11-25 15:37:03,017 INFO     ___FILE_ONLY___ 1.22.12-gke.2300
2022-11-25 15:37:03,017 INFO     ___FILE_ONLY___                     
2022-11-25 15:37:03,017 INFO     ___FILE_ONLY___ 35.246.193.17
2022-11-25 15:37:03,017 INFO     ___FILE_ONLY___    
2022-11-25 15:37:03,017 INFO     ___FILE_ONLY___ n1-standard-4
2022-11-25 15:37:03,017 INFO     ___FILE_ONLY___   
2022-11-25 15:37:03,017 INFO     ___FILE_ONLY___ 1.22.12-gke.2300
2022-11-25 15:37:03,017 INFO     ___FILE_ONLY___   
2022-11-25 15:37:03,017 INFO     ___FILE_ONLY___ 3
2022-11-25 15:37:03,017 INFO     ___FILE_ONLY___           
2022-11-25 15:37:03,017 INFO     ___FILE_ONLY___ RUNNING
2022-11-25 15:37:03,017 INFO     ___FILE_ONLY___ 

2022-11-25 15:37:03,017 INFO     ___FILE_ONLY___ jen-pxc-1268-d7f183c9-37-cluster1
2022-11-25 15:37:03,017 INFO     ___FILE_ONLY___   
2022-11-25 15:37:03,017 INFO     ___FILE_ONLY___ us-central1-a
2022-11-25 15:37:03,018 INFO     ___FILE_ONLY___    
2022-11-25 15:37:03,018 INFO     ___FILE_ONLY___ 1.21.14-gke.8500
2022-11-25 15:37:03,018 INFO     ___FILE_ONLY___                     
2022-11-25 15:37:03,018 INFO     ___FILE_ONLY___ 34.133.89.70
2022-11-25 15:37:03,018 INFO     ___FILE_ONLY___     
2022-11-25 15:37:03,018 INFO     ___FILE_ONLY___ n1-standard-4
2022-11-25 15:37:03,018 INFO     ___FILE_ONLY___   
2022-11-25 15:37:03,018 INFO     ___FILE_ONLY___ 1.21.14-gke.8500
2022-11-25 15:37:03,018 INFO     ___FILE_ONLY___   
2022-11-25 15:37:03,018 INFO     ___FILE_ONLY___ 3
2022-11-25 15:37:03,018 INFO     ___FILE_ONLY___           
2022-11-25 15:37:03,018 INFO     ___FILE_ONLY___ RUNNING
2022-11-25 15:37:03,018 INFO     ___FILE_ONLY___ 

2022-11-25 15:37:03,018 INFO     ___FILE_ONLY___ jen-pxc-1268-d7f183c9-37-cluster2
2022-11-25 15:37:03,018 INFO     ___FILE_ONLY___   
2022-11-25 15:37:03,018 INFO     ___FILE_ONLY___ us-central1-a
2022-11-25 15:37:03,018 INFO     ___FILE_ONLY___    
2022-11-25 15:37:03,018 INFO     ___FILE_ONLY___ 1.21.14-gke.8500
2022-11-25 15:37:03,018 INFO     ___FILE_ONLY___                     
2022-11-25 15:37:03,018 INFO     ___FILE_ONLY___ 35.226.210.197
2022-11-25 15:37:03,018 INFO     ___FILE_ONLY___   
2022-11-25 15:37:03,018 INFO     ___FILE_ONLY___ n1-standard-4
2022-11-25 15:37:03,018 INFO     ___FILE_ONLY___   
2022-11-25 15:37:03,018 INFO     ___FILE_ONLY___ 1.21.14-gke.8500
2022-11-25 15:37:03,018 INFO     ___FILE_ONLY___   
2022-11-25 15:37:03,018 INFO     ___FILE_ONLY___ 3
2022-11-25 15:37:03,018 INFO     ___FILE_ONLY___           
2022-11-25 15:37:03,018 INFO     ___FILE_ONLY___ RUNNING
2022-11-25 15:37:03,018 INFO     ___FILE_ONLY___ 

2022-11-25 15:37:03,018 INFO     ___FILE_ONLY___ jen-pxc-1268-d7f183c9-37-cluster3
2022-11-25 15:37:03,018 INFO     ___FILE_ONLY___   
2022-11-25 15:37:03,018 INFO     ___FILE_ONLY___ us-central1-a
2022-11-25 15:37:03,018 INFO     ___FILE_ONLY___    
2022-11-25 15:37:03,018 INFO     ___FILE_ONLY___ 1.21.14-gke.8500
2022-11-25 15:37:03,018 INFO     ___FILE_ONLY___                     
2022-11-25 15:37:03,018 INFO     ___FILE_ONLY___ 34.170.59.143
2022-11-25 15:37:03,018 INFO     ___FILE_ONLY___    
2022-11-25 15:37:03,018 INFO     ___FILE_ONLY___ n1-standard-4
2022-11-25 15:37:03,018 INFO     ___FILE_ONLY___   
2022-11-25 15:37:03,018 INFO     ___FILE_ONLY___ 1.21.14-gke.8500
2022-11-25 15:37:03,018 INFO     ___FILE_ONLY___   
2022-11-25 15:37:03,018 INFO     ___FILE_ONLY___ 3
2022-11-25 15:37:03,018 INFO     ___FILE_ONLY___           
2022-11-25 15:37:03,018 INFO     ___FILE_ONLY___ RUNNING
2022-11-25 15:37:03,018 INFO     ___FILE_ONLY___ 

2022-11-25 15:37:03,018 INFO     ___FILE_ONLY___ jen-pxc-1268-d7f183c9-37-cluster4
2022-11-25 15:37:03,019 INFO     ___FILE_ONLY___   
2022-11-25 15:37:03,019 INFO     ___FILE_ONLY___ us-central1-a
2022-11-25 15:37:03,019 INFO     ___FILE_ONLY___    
2022-11-25 15:37:03,019 INFO     ___FILE_ONLY___ 1.21.14-gke.8500
2022-11-25 15:37:03,019 INFO     ___FILE_ONLY___                     
2022-11-25 15:37:03,019 INFO     ___FILE_ONLY___ 34.172.118.3
2022-11-25 15:37:03,019 INFO     ___FILE_ONLY___     
2022-11-25 15:37:03,019 INFO     ___FILE_ONLY___ n1-standard-4
2022-11-25 15:37:03,019 INFO     ___FILE_ONLY___   
2022-11-25 15:37:03,019 INFO     ___FILE_ONLY___ 1.21.14-gke.8500
2022-11-25 15:37:03,019 INFO     ___FILE_ONLY___   
2022-11-25 15:37:03,019 INFO     ___FILE_ONLY___ 3
2022-11-25 15:37:03,019 INFO     ___FILE_ONLY___           
2022-11-25 15:37:03,019 INFO     ___FILE_ONLY___ RUNNING
2022-11-25 15:37:03,019 INFO     ___FILE_ONLY___ 

2022-11-25 15:37:03,019 INFO     ___FILE_ONLY___ jen-pxc-1268-d7f183c9-37-cluster5
2022-11-25 15:37:03,019 INFO     ___FILE_ONLY___   
2022-11-25 15:37:03,019 INFO     ___FILE_ONLY___ us-central1-a
2022-11-25 15:37:03,019 INFO     ___FILE_ONLY___    
2022-11-25 15:37:03,019 INFO     ___FILE_ONLY___ 1.21.14-gke.8500
2022-11-25 15:37:03,019 INFO     ___FILE_ONLY___                     
2022-11-25 15:37:03,019 INFO     ___FILE_ONLY___ 34.136.176.68
2022-11-25 15:37:03,019 INFO     ___FILE_ONLY___    
2022-11-25 15:37:03,019 INFO     ___FILE_ONLY___ n1-standard-4
2022-11-25 15:37:03,019 INFO     ___FILE_ONLY___   
2022-11-25 15:37:03,019 INFO     ___FILE_ONLY___ 1.21.14-gke.8500
2022-11-25 15:37:03,019 INFO     ___FILE_ONLY___   
2022-11-25 15:37:03,019 INFO     ___FILE_ONLY___ 3
2022-11-25 15:37:03,019 INFO     ___FILE_ONLY___           
2022-11-25 15:37:03,019 INFO     ___FILE_ONLY___ RUNNING
2022-11-25 15:37:03,019 INFO     ___FILE_ONLY___ 

2022-11-25 15:37:03,019 INFO     ___FILE_ONLY___ jen-pxc-1268-d7f183c9-37-cluster6
2022-11-25 15:37:03,019 INFO     ___FILE_ONLY___   
2022-11-25 15:37:03,019 INFO     ___FILE_ONLY___ us-central1-a
2022-11-25 15:37:03,019 INFO     ___FILE_ONLY___    
2022-11-25 15:37:03,019 INFO     ___FILE_ONLY___ 1.21.14-gke.8500
2022-11-25 15:37:03,019 INFO     ___FILE_ONLY___                     
2022-11-25 15:37:03,019 INFO     ___FILE_ONLY___ 34.173.23.68
2022-11-25 15:37:03,019 INFO     ___FILE_ONLY___     
2022-11-25 15:37:03,019 INFO     ___FILE_ONLY___ n1-standard-4
2022-11-25 15:37:03,019 INFO     ___FILE_ONLY___   
2022-11-25 15:37:03,019 INFO     ___FILE_ONLY___ 1.21.14-gke.8500
2022-11-25 15:37:03,019 INFO     ___FILE_ONLY___   
2022-11-25 15:37:03,019 INFO     ___FILE_ONLY___ 3
2022-11-25 15:37:03,019 INFO     ___FILE_ONLY___           
2022-11-25 15:37:03,019 INFO     ___FILE_ONLY___ RUNNING
2022-11-25 15:37:03,019 INFO     ___FILE_ONLY___ 

2022-11-25 15:37:03,019 INFO     ___FILE_ONLY___ jen-pxc-1268-d7f183c9-37-cluster7
2022-11-25 15:37:03,019 INFO     ___FILE_ONLY___   
2022-11-25 15:37:03,019 INFO     ___FILE_ONLY___ us-central1-a
2022-11-25 15:37:03,019 INFO     ___FILE_ONLY___    
2022-11-25 15:37:03,019 INFO     ___FILE_ONLY___ 1.21.14-gke.8500
2022-11-25 15:37:03,020 INFO     ___FILE_ONLY___                     
2022-11-25 15:37:03,020 INFO     ___FILE_ONLY___ 34.132.142.73
2022-11-25 15:37:03,020 INFO     ___FILE_ONLY___    
2022-11-25 15:37:03,020 INFO     ___FILE_ONLY___ n1-standard-4
2022-11-25 15:37:03,020 INFO     ___FILE_ONLY___   
2022-11-25 15:37:03,020 INFO     ___FILE_ONLY___ 1.21.14-gke.8500
2022-11-25 15:37:03,020 INFO     ___FILE_ONLY___   
2022-11-25 15:37:03,020 INFO     ___FILE_ONLY___ 3
2022-11-25 15:37:03,020 INFO     ___FILE_ONLY___           
2022-11-25 15:37:03,020 INFO     ___FILE_ONLY___ RUNNING
2022-11-25 15:37:03,020 INFO     ___FILE_ONLY___ 

2022-11-25 15:37:03,020 INFO     ___FILE_ONLY___ jen-pxc-1268-d7f183c9-37-cluster8
2022-11-25 15:37:03,020 INFO     ___FILE_ONLY___   
2022-11-25 15:37:03,020 INFO     ___FILE_ONLY___ us-central1-a
2022-11-25 15:37:03,020 INFO     ___FILE_ONLY___    
2022-11-25 15:37:03,020 INFO     ___FILE_ONLY___ 1.21.14-gke.8500
2022-11-25 15:37:03,020 INFO     ___FILE_ONLY___                     
2022-11-25 15:37:03,020 INFO     ___FILE_ONLY___ 34.70.67.97
2022-11-25 15:37:03,020 INFO     ___FILE_ONLY___      
2022-11-25 15:37:03,020 INFO     ___FILE_ONLY___ n1-standard-4
2022-11-25 15:37:03,020 INFO     ___FILE_ONLY___   
2022-11-25 15:37:03,020 INFO     ___FILE_ONLY___ 1.21.14-gke.8500
2022-11-25 15:37:03,020 INFO     ___FILE_ONLY___   
2022-11-25 15:37:03,020 INFO     ___FILE_ONLY___ 3
2022-11-25 15:37:03,020 INFO     ___FILE_ONLY___           
2022-11-25 15:37:03,020 INFO     ___FILE_ONLY___ RUNNING
2022-11-25 15:37:03,020 INFO     ___FILE_ONLY___ 

2022-11-25 15:37:03,020 INFO     ___FILE_ONLY___ jen-pxc-1268-d7f183c9-37-cluster9
2022-11-25 15:37:03,020 INFO     ___FILE_ONLY___   
2022-11-25 15:37:03,020 INFO     ___FILE_ONLY___ us-central1-a
2022-11-25 15:37:03,020 INFO     ___FILE_ONLY___    
2022-11-25 15:37:03,020 INFO     ___FILE_ONLY___ 1.21.14-gke.8500
2022-11-25 15:37:03,020 INFO     ___FILE_ONLY___                     
2022-11-25 15:37:03,020 INFO     ___FILE_ONLY___ 34.66.30.237
2022-11-25 15:37:03,020 INFO     ___FILE_ONLY___     
2022-11-25 15:37:03,020 INFO     ___FILE_ONLY___ n1-standard-4
2022-11-25 15:37:03,020 INFO     ___FILE_ONLY___   
2022-11-25 15:37:03,020 INFO     ___FILE_ONLY___ 1.21.14-gke.8500
2022-11-25 15:37:03,020 INFO     ___FILE_ONLY___   
2022-11-25 15:37:03,020 INFO     ___FILE_ONLY___ 3
2022-11-25 15:37:03,020 INFO     ___FILE_ONLY___           
2022-11-25 15:37:03,020 INFO     ___FILE_ONLY___ RUNNING
2022-11-25 15:37:03,020 INFO     ___FILE_ONLY___ 

2022-11-25 15:37:03,020 INFO     ___FILE_ONLY___ jen-pxc-1285-bb85827d-1-cluster1
2022-11-25 15:37:03,020 INFO     ___FILE_ONLY___    
2022-11-25 15:37:03,020 INFO     ___FILE_ONLY___ us-central1-a
2022-11-25 15:37:03,020 INFO     ___FILE_ONLY___    
2022-11-25 15:37:03,020 INFO     ___FILE_ONLY___ 1.21.14-gke.8500
2022-11-25 15:37:03,020 INFO     ___FILE_ONLY___                     
2022-11-25 15:37:03,020 INFO     ___FILE_ONLY___ 35.194.34.247
2022-11-25 15:37:03,021 INFO     ___FILE_ONLY___    
2022-11-25 15:37:03,021 INFO     ___FILE_ONLY___ n1-standard-4
2022-11-25 15:37:03,021 INFO     ___FILE_ONLY___   
2022-11-25 15:37:03,021 INFO     ___FILE_ONLY___ 1.21.14-gke.8500
2022-11-25 15:37:03,021 INFO     ___FILE_ONLY___   
2022-11-25 15:37:03,021 INFO     ___FILE_ONLY___ 3
2022-11-25 15:37:03,021 INFO     ___FILE_ONLY___           
2022-11-25 15:37:03,021 INFO     ___FILE_ONLY___ RUNNING
2022-11-25 15:37:03,021 INFO     ___FILE_ONLY___ 

2022-11-25 15:37:03,021 INFO     ___FILE_ONLY___ jen-pxc-1285-bb85827d-1-cluster2
2022-11-25 15:37:03,021 INFO     ___FILE_ONLY___    
2022-11-25 15:37:03,021 INFO     ___FILE_ONLY___ us-central1-a
2022-11-25 15:37:03,021 INFO     ___FILE_ONLY___    
2022-11-25 15:37:03,021 INFO     ___FILE_ONLY___ 1.21.14-gke.8500
2022-11-25 15:37:03,021 INFO     ___FILE_ONLY___                     
2022-11-25 15:37:03,021 INFO     ___FILE_ONLY___ 34.121.70.220
2022-11-25 15:37:03,021 INFO     ___FILE_ONLY___    
2022-11-25 15:37:03,021 INFO     ___FILE_ONLY___ n1-standard-4
2022-11-25 15:37:03,021 INFO     ___FILE_ONLY___   
2022-11-25 15:37:03,021 INFO     ___FILE_ONLY___ 1.21.14-gke.8500
2022-11-25 15:37:03,021 INFO     ___FILE_ONLY___   
2022-11-25 15:37:03,021 INFO     ___FILE_ONLY___ 3
2022-11-25 15:37:03,021 INFO     ___FILE_ONLY___           
2022-11-25 15:37:03,021 INFO     ___FILE_ONLY___ RUNNING
2022-11-25 15:37:03,021 INFO     ___FILE_ONLY___ 

2022-11-25 15:37:03,021 INFO     ___FILE_ONLY___ jen-pxc-1285-bb85827d-1-cluster3
2022-11-25 15:37:03,021 INFO     ___FILE_ONLY___    
2022-11-25 15:37:03,021 INFO     ___FILE_ONLY___ us-central1-a
2022-11-25 15:37:03,021 INFO     ___FILE_ONLY___    
2022-11-25 15:37:03,021 INFO     ___FILE_ONLY___ 1.21.14-gke.8500
2022-11-25 15:37:03,021 INFO     ___FILE_ONLY___                     
2022-11-25 15:37:03,021 INFO     ___FILE_ONLY___ 34.171.48.75
2022-11-25 15:37:03,021 INFO     ___FILE_ONLY___     
2022-11-25 15:37:03,021 INFO     ___FILE_ONLY___ n1-standard-4
2022-11-25 15:37:03,021 INFO     ___FILE_ONLY___   
2022-11-25 15:37:03,021 INFO     ___FILE_ONLY___ 1.21.14-gke.8500
2022-11-25 15:37:03,021 INFO     ___FILE_ONLY___   
2022-11-25 15:37:03,021 INFO     ___FILE_ONLY___ 3
2022-11-25 15:37:03,021 INFO     ___FILE_ONLY___           
2022-11-25 15:37:03,021 INFO     ___FILE_ONLY___ RUNNING
2022-11-25 15:37:03,021 INFO     ___FILE_ONLY___ 

2022-11-25 15:37:03,021 INFO     ___FILE_ONLY___ jen-pxc-1285-bb85827d-1-cluster4
2022-11-25 15:37:03,021 INFO     ___FILE_ONLY___    
2022-11-25 15:37:03,021 INFO     ___FILE_ONLY___ us-central1-a
2022-11-25 15:37:03,021 INFO     ___FILE_ONLY___    
2022-11-25 15:37:03,021 INFO     ___FILE_ONLY___ 1.21.14-gke.8500
2022-11-25 15:37:03,021 INFO     ___FILE_ONLY___                     
2022-11-25 15:37:03,021 INFO     ___FILE_ONLY___ 34.132.192.68
2022-11-25 15:37:03,022 INFO     ___FILE_ONLY___    
2022-11-25 15:37:03,022 INFO     ___FILE_ONLY___ n1-standard-4
2022-11-25 15:37:03,022 INFO     ___FILE_ONLY___   
2022-11-25 15:37:03,022 INFO     ___FILE_ONLY___ 1.21.14-gke.8500
2022-11-25 15:37:03,022 INFO     ___FILE_ONLY___   
2022-11-25 15:37:03,022 INFO     ___FILE_ONLY___ 3
2022-11-25 15:37:03,022 INFO     ___FILE_ONLY___           
2022-11-25 15:37:03,022 INFO     ___FILE_ONLY___ RUNNING
2022-11-25 15:37:03,022 INFO     ___FILE_ONLY___ 

2022-11-25 15:37:03,022 INFO     ___FILE_ONLY___ jen-pxc-1285-bb85827d-1-cluster5
2022-11-25 15:37:03,022 INFO     ___FILE_ONLY___    
2022-11-25 15:37:03,022 INFO     ___FILE_ONLY___ us-central1-a
2022-11-25 15:37:03,022 INFO     ___FILE_ONLY___    
2022-11-25 15:37:03,022 INFO     ___FILE_ONLY___ 1.21.14-gke.8500
2022-11-25 15:37:03,022 INFO     ___FILE_ONLY___                     
2022-11-25 15:37:03,022 INFO     ___FILE_ONLY___ 34.123.198.173
2022-11-25 15:37:03,022 INFO     ___FILE_ONLY___   
2022-11-25 15:37:03,022 INFO     ___FILE_ONLY___ n1-standard-4
2022-11-25 15:37:03,022 INFO     ___FILE_ONLY___   
2022-11-25 15:37:03,022 INFO     ___FILE_ONLY___ 1.21.14-gke.8500
2022-11-25 15:37:03,022 INFO     ___FILE_ONLY___   
2022-11-25 15:37:03,022 INFO     ___FILE_ONLY___ 3
2022-11-25 15:37:03,022 INFO     ___FILE_ONLY___           
2022-11-25 15:37:03,022 INFO     ___FILE_ONLY___ RUNNING
2022-11-25 15:37:03,022 INFO     ___FILE_ONLY___ 

2022-11-25 15:37:03,022 INFO     ___FILE_ONLY___ jen-pxc-1285-bb85827d-1-cluster6
2022-11-25 15:37:03,022 INFO     ___FILE_ONLY___    
2022-11-25 15:37:03,022 INFO     ___FILE_ONLY___ us-central1-a
2022-11-25 15:37:03,022 INFO     ___FILE_ONLY___    
2022-11-25 15:37:03,022 INFO     ___FILE_ONLY___ 1.21.14-gke.8500
2022-11-25 15:37:03,022 INFO     ___FILE_ONLY___                     
2022-11-25 15:37:03,022 INFO     ___FILE_ONLY___ 34.66.106.170
2022-11-25 15:37:03,022 INFO     ___FILE_ONLY___    
2022-11-25 15:37:03,022 INFO     ___FILE_ONLY___ n1-standard-4
2022-11-25 15:37:03,022 INFO     ___FILE_ONLY___   
2022-11-25 15:37:03,022 INFO     ___FILE_ONLY___ 1.21.14-gke.8500
2022-11-25 15:37:03,022 INFO     ___FILE_ONLY___   
2022-11-25 15:37:03,022 INFO     ___FILE_ONLY___ 3
2022-11-25 15:37:03,022 INFO     ___FILE_ONLY___           
2022-11-25 15:37:03,022 INFO     ___FILE_ONLY___ RUNNING
2022-11-25 15:37:03,022 INFO     ___FILE_ONLY___ 

2022-11-25 15:37:03,022 INFO     ___FILE_ONLY___ jen-pxc-1285-bb85827d-1-cluster7
2022-11-25 15:37:03,022 INFO     ___FILE_ONLY___    
2022-11-25 15:37:03,022 INFO     ___FILE_ONLY___ us-central1-a
2022-11-25 15:37:03,022 INFO     ___FILE_ONLY___    
2022-11-25 15:37:03,022 INFO     ___FILE_ONLY___ 1.21.14-gke.8500
2022-11-25 15:37:03,022 INFO     ___FILE_ONLY___                     
2022-11-25 15:37:03,022 INFO     ___FILE_ONLY___ 34.170.131.39
2022-11-25 15:37:03,022 INFO     ___FILE_ONLY___    
2022-11-25 15:37:03,022 INFO     ___FILE_ONLY___ n1-standard-4
2022-11-25 15:37:03,022 INFO     ___FILE_ONLY___   
2022-11-25 15:37:03,023 INFO     ___FILE_ONLY___ 1.21.14-gke.8500
2022-11-25 15:37:03,023 INFO     ___FILE_ONLY___   
2022-11-25 15:37:03,023 INFO     ___FILE_ONLY___ 3
2022-11-25 15:37:03,023 INFO     ___FILE_ONLY___           
2022-11-25 15:37:03,023 INFO     ___FILE_ONLY___ RUNNING
2022-11-25 15:37:03,023 INFO     ___FILE_ONLY___ 

2022-11-25 15:37:03,023 INFO     ___FILE_ONLY___ jen-pxc-1285-bb85827d-1-cluster8
2022-11-25 15:37:03,023 INFO     ___FILE_ONLY___    
2022-11-25 15:37:03,023 INFO     ___FILE_ONLY___ us-central1-a
2022-11-25 15:37:03,023 INFO     ___FILE_ONLY___    
2022-11-25 15:37:03,023 INFO     ___FILE_ONLY___ 1.21.14-gke.8500
2022-11-25 15:37:03,023 INFO     ___FILE_ONLY___                     
2022-11-25 15:37:03,023 INFO     ___FILE_ONLY___ 34.72.187.189
2022-11-25 15:37:03,023 INFO     ___FILE_ONLY___    
2022-11-25 15:37:03,023 INFO     ___FILE_ONLY___ n1-standard-4
2022-11-25 15:37:03,023 INFO     ___FILE_ONLY___   
2022-11-25 15:37:03,023 INFO     ___FILE_ONLY___ 1.21.14-gke.8500
2022-11-25 15:37:03,023 INFO     ___FILE_ONLY___   
2022-11-25 15:37:03,023 INFO     ___FILE_ONLY___ 3
2022-11-25 15:37:03,023 INFO     ___FILE_ONLY___           
2022-11-25 15:37:03,023 INFO     ___FILE_ONLY___ RUNNING
2022-11-25 15:37:03,023 INFO     ___FILE_ONLY___ 

2022-11-25 15:37:03,023 INFO     ___FILE_ONLY___ jen-pxc-1285-bb85827d-1-cluster9
2022-11-25 15:37:03,023 INFO     ___FILE_ONLY___    
2022-11-25 15:37:03,023 INFO     ___FILE_ONLY___ us-central1-a
2022-11-25 15:37:03,023 INFO     ___FILE_ONLY___    
2022-11-25 15:37:03,023 INFO     ___FILE_ONLY___ 1.21.14-gke.8500
2022-11-25 15:37:03,023 INFO     ___FILE_ONLY___                     
2022-11-25 15:37:03,023 INFO     ___FILE_ONLY___ 34.27.232.205
2022-11-25 15:37:03,023 INFO     ___FILE_ONLY___    
2022-11-25 15:37:03,023 INFO     ___FILE_ONLY___ n1-standard-4
2022-11-25 15:37:03,023 INFO     ___FILE_ONLY___   
2022-11-25 15:37:03,023 INFO     ___FILE_ONLY___ 1.21.14-gke.8500
2022-11-25 15:37:03,023 INFO     ___FILE_ONLY___   
2022-11-25 15:37:03,023 INFO     ___FILE_ONLY___ 3
2022-11-25 15:37:03,023 INFO     ___FILE_ONLY___           
2022-11-25 15:37:03,023 INFO     ___FILE_ONLY___ RUNNING
2022-11-25 15:37:03,023 INFO     ___FILE_ONLY___ 

2022-11-25 15:37:03,023 INFO     ___FILE_ONLY___ jenkins-psmdb-3c432551-backups
2022-11-25 15:37:03,023 INFO     ___FILE_ONLY___      
2022-11-25 15:37:03,023 INFO     ___FILE_ONLY___ us-central1-a
2022-11-25 15:37:03,023 INFO     ___FILE_ONLY___    
2022-11-25 15:37:03,023 INFO     ___FILE_ONLY___ 1.21.14-gke.8500
2022-11-25 15:37:03,023 INFO     ___FILE_ONLY___                     
2022-11-25 15:37:03,023 INFO     ___FILE_ONLY___ 34.136.89.251
2022-11-25 15:37:03,023 INFO     ___FILE_ONLY___    
2022-11-25 15:37:03,023 INFO     ___FILE_ONLY___ n1-standard-4
2022-11-25 15:37:03,023 INFO     ___FILE_ONLY___   
2022-11-25 15:37:03,023 INFO     ___FILE_ONLY___ 1.21.14-gke.8500
2022-11-25 15:37:03,023 INFO     ___FILE_ONLY___   
2022-11-25 15:37:03,023 INFO     ___FILE_ONLY___ 3
2022-11-25 15:37:03,024 INFO     ___FILE_ONLY___           
2022-11-25 15:37:03,024 INFO     ___FILE_ONLY___ RUNNING
2022-11-25 15:37:03,024 INFO     ___FILE_ONLY___ 

2022-11-25 15:37:03,024 INFO     ___FILE_ONLY___ jenkins-psmdb-3c432551-basic
2022-11-25 15:37:03,024 INFO     ___FILE_ONLY___        
2022-11-25 15:37:03,024 INFO     ___FILE_ONLY___ us-central1-a
2022-11-25 15:37:03,024 INFO     ___FILE_ONLY___    
2022-11-25 15:37:03,024 INFO     ___FILE_ONLY___ 1.21.14-gke.8500
2022-11-25 15:37:03,024 INFO     ___FILE_ONLY___                     
2022-11-25 15:37:03,024 INFO     ___FILE_ONLY___ 35.193.42.71
2022-11-25 15:37:03,024 INFO     ___FILE_ONLY___     
2022-11-25 15:37:03,024 INFO     ___FILE_ONLY___ n1-standard-4
2022-11-25 15:37:03,024 INFO     ___FILE_ONLY___   
2022-11-25 15:37:03,024 INFO     ___FILE_ONLY___ 1.21.14-gke.8500
2022-11-25 15:37:03,024 INFO     ___FILE_ONLY___   
2022-11-25 15:37:03,024 INFO     ___FILE_ONLY___ 3
2022-11-25 15:37:03,024 INFO     ___FILE_ONLY___           
2022-11-25 15:37:03,024 INFO     ___FILE_ONLY___ RUNNING
2022-11-25 15:37:03,024 INFO     ___FILE_ONLY___ 

2022-11-25 15:37:03,024 INFO     ___FILE_ONLY___ jenkins-pso-ca58ef8-cluster1
2022-11-25 15:37:03,024 INFO     ___FILE_ONLY___        
2022-11-25 15:37:03,024 INFO     ___FILE_ONLY___ us-central1-a
2022-11-25 15:37:03,024 INFO     ___FILE_ONLY___    
2022-11-25 15:37:03,024 INFO     ___FILE_ONLY___ 1.21.14-gke.9500 (! 9 days left !)
2022-11-25 15:37:03,024 INFO     ___FILE_ONLY___   
2022-11-25 15:37:03,024 INFO     ___FILE_ONLY___ 104.197.27.125
2022-11-25 15:37:03,024 INFO     ___FILE_ONLY___   
2022-11-25 15:37:03,024 INFO     ___FILE_ONLY___ n1-standard-4
2022-11-25 15:37:03,024 INFO     ___FILE_ONLY___   
2022-11-25 15:37:03,024 INFO     ___FILE_ONLY___ 1.21.14-gke.9500
2022-11-25 15:37:03,024 INFO     ___FILE_ONLY___   
2022-11-25 15:37:03,024 INFO     ___FILE_ONLY___ 3
2022-11-25 15:37:03,024 INFO     ___FILE_ONLY___           
2022-11-25 15:37:03,024 INFO     ___FILE_ONLY___ ERROR
2022-11-25 15:37:03,024 INFO     ___FILE_ONLY___ 

2022-11-25 15:37:03,024 INFO     ___FILE_ONLY___ plavi-1244
2022-11-25 15:37:03,024 INFO     ___FILE_ONLY___                          
2022-11-25 15:37:03,024 INFO     ___FILE_ONLY___ us-central1-a
2022-11-25 15:37:03,024 INFO     ___FILE_ONLY___    
2022-11-25 15:37:03,024 INFO     ___FILE_ONLY___ 1.24.6-gke.1500
2022-11-25 15:37:03,024 INFO     ___FILE_ONLY___                      
2022-11-25 15:37:03,024 INFO     ___FILE_ONLY___ 34.72.160.58
2022-11-25 15:37:03,024 INFO     ___FILE_ONLY___     
2022-11-25 15:37:03,024 INFO     ___FILE_ONLY___ n1-standard-4
2022-11-25 15:37:03,024 INFO     ___FILE_ONLY___   
2022-11-25 15:37:03,024 INFO     ___FILE_ONLY___ 1.24.6-gke.1500
2022-11-25 15:37:03,024 INFO     ___FILE_ONLY___    
2022-11-25 15:37:03,024 INFO     ___FILE_ONLY___ 3
2022-11-25 15:37:03,024 INFO     ___FILE_ONLY___           
2022-11-25 15:37:03,024 INFO     ___FILE_ONLY___ RUNNING
2022-11-25 15:37:03,024 INFO     ___FILE_ONLY___ 

2022-11-25 15:37:03,025 INFO     ___FILE_ONLY___ natali-22
2022-11-25 15:37:03,025 INFO     ___FILE_ONLY___                           
2022-11-25 15:37:03,025 INFO     ___FILE_ONLY___ us-central1-c
2022-11-25 15:37:03,025 INFO     ___FILE_ONLY___    
2022-11-25 15:37:03,025 INFO     ___FILE_ONLY___ 1.22.15-gke.2500
2022-11-25 15:37:03,025 INFO     ___FILE_ONLY___                     
2022-11-25 15:37:03,025 INFO     ___FILE_ONLY___ 35.226.168.209
2022-11-25 15:37:03,025 INFO     ___FILE_ONLY___   
2022-11-25 15:37:03,025 INFO     ___FILE_ONLY___ n1-standard-4
2022-11-25 15:37:03,025 INFO     ___FILE_ONLY___   
2022-11-25 15:37:03,025 INFO     ___FILE_ONLY___ 1.22.15-gke.2500
2022-11-25 15:37:03,025 INFO     ___FILE_ONLY___   
2022-11-25 15:37:03,025 INFO     ___FILE_ONLY___ 3
2022-11-25 15:37:03,025 INFO     ___FILE_ONLY___           
2022-11-25 15:37:03,025 INFO     ___FILE_ONLY___ RUNNING
2022-11-25 15:37:03,025 INFO     ___FILE_ONLY___ 

2022-11-25 15:37:03,025 WARNING  root            
! One or more clusters are approaching expiration and will be deleted.

2022-11-25 15:37:03,026 INFO     ___FILE_ONLY___ 

Updates are available for some Google Cloud CLI components.  To install them,
please run:
  $ gcloud components update


2022-11-25 15:37:03,031 DEBUG    root            Metrics reporting process started...
