2022-11-25 15:36:53,426 DEBUG    root            Loaded Command Group: ['gcloud', 'config']
2022-11-25 15:36:53,428 DEBUG    root            Loaded Command Group: ['gcloud', 'config', 'config_helper']
2022-11-25 15:36:53,429 DEBUG    root            Running [gcloud.config.config-helper] with arguments: [--format: "json"]
2022-11-25 15:36:53,459 DEBUG    google.auth.transport.requests Making request: POST https://oauth2.googleapis.com/token
2022-11-25 15:36:53,488 DEBUG    urllib3.connectionpool Starting new HTTPS connection (1): oauth2.googleapis.com:443
2022-11-25 15:36:53,662 DEBUG    urllib3.connectionpool https://oauth2.googleapis.com:443 "POST /token HTTP/1.1" 200 None
2022-11-25 15:36:53,668 INFO     root            Display format: "default json"
2022-11-25 15:36:53,669 INFO     ___FILE_ONLY___ {
  "configuration": {
    "active_configuration": "percona-cloud-dev",
    "properties": {
      "core": {
        "account": "inel.pandzic@percona.com",
        "disable_usage_reporting": "False",
        "project": "cloud-dev-112233"
      }
    }
  },
  "credential": {
    "access_token": "ya29.a0AeTM1ifzHpII0mhini1JXUAx-TXVZx7pZFGeXGyJ65t6OGYzDn3vnKF2Rm2D-T-554w5KiVXcJHDKShUSihhiqn0TnbhYLdvCQjDgVqSp4_xuYl6wYBnQDqesW8t3BaPFKZ3DVQZ3R2-hBhAvVJ54d4CeMtrh0YtvDKzVTgaCgYKAVkSARESFQHWtWOmkQhSJQgIxQrA27Kkr-nIHQ0174",
    "id_token": "eyJhbGciOiJSUzI1NiIsImtpZCI6IjI3Yjg2ZGM2OTM4ZGMzMjdiMjA0MzMzYTI1MGViYjQzYjMyZTRiM2MiLCJ0eXAiOiJKV1QifQ.eyJpc3MiOiJodHRwczovL2FjY291bnRzLmdvb2dsZS5jb20iLCJhenAiOiIzMjU1NTk0MDU1OS5hcHBzLmdvb2dsZXVzZXJjb250ZW50LmNvbSIsImF1ZCI6IjMyNTU1OTQwNTU5LmFwcHMuZ29vZ2xldXNlcmNvbnRlbnQuY29tIiwic3ViIjoiMTA3NDA5ODEzMzQ0NTU5NDQzNDA3IiwiaGQiOiJwZXJjb25hLmNvbSIsImVtYWlsIjoiaW5lbC5wYW5kemljQHBlcmNvbmEuY29tIiwiZW1haWxfdmVyaWZpZWQiOnRydWUsImF0X2hhc2giOiJUTWNxVzJNajhDNHNFWjhPRkNmMk9nIiwiaWF0IjoxNjY5Mzg3MDEzLCJleHAiOjE2NjkzOTA2MTN9.ncLxTviMARbaviM64DagasBDxbB99SDii1DnADxEAJNqmbvHEjqnfgZUqyuOL8QEXGfbo32HNhhCz1yvOf6dnGN3caLzAZdVysuwlYMgfH4aYtDjH4Z7oMrRiPfWqgCCa6gw_kweUr8r_IpLm7Lsnfq1fKD_1ofssrPNLiRmNgbGfrruolyDPMfmvWHKRAPJAp2W8ENrNhvOjgNX2S1XSVdapML2EZ74gIk6EJxketweURmzZegU10d6Ti136gSDfRQbelANcm5y1Gm87apY3h4nh-cDk7mBg8wyFHku2nAWoy5pJPLyTbB02CeMJGQ1av2GugHtlfR1aSo2l_0tng",
    "token_expiry": "2022-11-25T15:36:52Z"
  },
  "sentinels": {
    "config_sentinel": "/Users/inelpandzic/.config/gcloud/config_sentinel"
  }
}
2022-11-25 15:36:53,669 INFO     ___FILE_ONLY___ 

2022-11-25 15:36:53,679 DEBUG    root            Metrics reporting process started...
