2022-11-25 15:37:18,634 DEBUG    root            Loaded Command Group: ['gcloud', 'container', 'clusters']
2022-11-25 15:37:18,635 DEBUG    root            Loaded Command Group: ['gcloud', 'container', 'clusters', 'delete']
2022-11-25 15:37:18,649 DEBUG    root            Running [gcloud.container.clusters.delete] with arguments: [--zone: "europe-west3-b", NAME:1: "['inel-7141']"]
2022-11-25 15:37:24,981 DEBUG    urllib3.connectionpool Starting new HTTPS connection (1): container.googleapis.com:443
2022-11-25 15:37:25,759 DEBUG    urllib3.connectionpool https://container.googleapis.com:443 "DELETE /v1/projects/cloud-dev-112233/locations/europe-west3-b/clusters/inel-7141?alt=json HTTP/1.1" 200 None
2022-11-25 15:37:25,763 INFO     ___FILE_ONLY___ Deleting cluster inel-7141...
2022-11-25 15:37:25,765 DEBUG    urllib3.connectionpool Starting new HTTPS connection (1): container.googleapis.com:443
2022-11-25 15:37:26,006 DEBUG    urllib3.connectionpool https://container.googleapis.com:443 "GET /v1/projects/cloud-dev-112233/locations/europe-west3-b/operations/operation-1669387045580-9697315a?alt=json HTTP/1.1" 200 None
2022-11-25 15:37:31,018 DEBUG    urllib3.connectionpool Starting new HTTPS connection (1): container.googleapis.com:443
2022-11-25 15:37:31,266 DEBUG    urllib3.connectionpool https://container.googleapis.com:443 "GET /v1/projects/cloud-dev-112233/locations/europe-west3-b/operations/operation-1669387045580-9697315a?alt=json HTTP/1.1" 200 None
2022-11-25 15:37:36,283 DEBUG    urllib3.connectionpool Starting new HTTPS connection (1): container.googleapis.com:443
2022-11-25 15:37:36,533 DEBUG    urllib3.connectionpool https://container.googleapis.com:443 "GET /v1/projects/cloud-dev-112233/locations/europe-west3-b/operations/operation-1669387045580-9697315a?alt=json HTTP/1.1" 200 None
2022-11-25 15:37:41,549 DEBUG    urllib3.connectionpool Starting new HTTPS connection (1): container.googleapis.com:443
2022-11-25 15:37:41,787 DEBUG    urllib3.connectionpool https://container.googleapis.com:443 "GET /v1/projects/cloud-dev-112233/locations/europe-west3-b/operations/operation-1669387045580-9697315a?alt=json HTTP/1.1" 200 None
2022-11-25 15:37:46,797 DEBUG    urllib3.connectionpool Starting new HTTPS connection (1): container.googleapis.com:443
2022-11-25 15:37:47,038 DEBUG    urllib3.connectionpool https://container.googleapis.com:443 "GET /v1/projects/cloud-dev-112233/locations/europe-west3-b/operations/operation-1669387045580-9697315a?alt=json HTTP/1.1" 200 None
2022-11-25 15:37:52,051 DEBUG    urllib3.connectionpool Starting new HTTPS connection (1): container.googleapis.com:443
2022-11-25 15:37:52,305 DEBUG    urllib3.connectionpool https://container.googleapis.com:443 "GET /v1/projects/cloud-dev-112233/locations/europe-west3-b/operations/operation-1669387045580-9697315a?alt=json HTTP/1.1" 200 None
2022-11-25 15:37:57,317 DEBUG    urllib3.connectionpool Starting new HTTPS connection (1): container.googleapis.com:443
2022-11-25 15:37:57,567 DEBUG    urllib3.connectionpool https://container.googleapis.com:443 "GET /v1/projects/cloud-dev-112233/locations/europe-west3-b/operations/operation-1669387045580-9697315a?alt=json HTTP/1.1" 200 None
2022-11-25 15:38:02,572 DEBUG    urllib3.connectionpool Starting new HTTPS connection (1): container.googleapis.com:443
2022-11-25 15:38:02,839 DEBUG    urllib3.connectionpool https://container.googleapis.com:443 "GET /v1/projects/cloud-dev-112233/locations/europe-west3-b/operations/operation-1669387045580-9697315a?alt=json HTTP/1.1" 200 None
2022-11-25 15:38:07,851 DEBUG    urllib3.connectionpool Starting new HTTPS connection (1): container.googleapis.com:443
2022-11-25 15:38:08,091 DEBUG    urllib3.connectionpool https://container.googleapis.com:443 "GET /v1/projects/cloud-dev-112233/locations/europe-west3-b/operations/operation-1669387045580-9697315a?alt=json HTTP/1.1" 200 None
2022-11-25 15:38:13,104 DEBUG    urllib3.connectionpool Starting new HTTPS connection (1): container.googleapis.com:443
2022-11-25 15:38:13,347 DEBUG    urllib3.connectionpool https://container.googleapis.com:443 "GET /v1/projects/cloud-dev-112233/locations/europe-west3-b/operations/operation-1669387045580-9697315a?alt=json HTTP/1.1" 200 None
2022-11-25 15:38:18,352 DEBUG    urllib3.connectionpool Starting new HTTPS connection (1): container.googleapis.com:443
2022-11-25 15:38:18,566 DEBUG    urllib3.connectionpool https://container.googleapis.com:443 "GET /v1/projects/cloud-dev-112233/locations/europe-west3-b/operations/operation-1669387045580-9697315a?alt=json HTTP/1.1" 200 None
2022-11-25 15:38:23,574 DEBUG    urllib3.connectionpool Starting new HTTPS connection (1): container.googleapis.com:443
2022-11-25 15:38:23,809 DEBUG    urllib3.connectionpool https://container.googleapis.com:443 "GET /v1/projects/cloud-dev-112233/locations/europe-west3-b/operations/operation-1669387045580-9697315a?alt=json HTTP/1.1" 200 None
2022-11-25 15:38:28,821 DEBUG    urllib3.connectionpool Starting new HTTPS connection (1): container.googleapis.com:443
2022-11-25 15:38:29,070 DEBUG    urllib3.connectionpool https://container.googleapis.com:443 "GET /v1/projects/cloud-dev-112233/locations/europe-west3-b/operations/operation-1669387045580-9697315a?alt=json HTTP/1.1" 200 None
2022-11-25 15:38:34,081 DEBUG    urllib3.connectionpool Starting new HTTPS connection (1): container.googleapis.com:443
2022-11-25 15:38:34,322 DEBUG    urllib3.connectionpool https://container.googleapis.com:443 "GET /v1/projects/cloud-dev-112233/locations/europe-west3-b/operations/operation-1669387045580-9697315a?alt=json HTTP/1.1" 200 None
2022-11-25 15:38:39,336 DEBUG    urllib3.connectionpool Starting new HTTPS connection (1): container.googleapis.com:443
2022-11-25 15:38:39,633 DEBUG    urllib3.connectionpool https://container.googleapis.com:443 "GET /v1/projects/cloud-dev-112233/locations/europe-west3-b/operations/operation-1669387045580-9697315a?alt=json HTTP/1.1" 200 None
2022-11-25 15:38:44,645 DEBUG    urllib3.connectionpool Starting new HTTPS connection (1): container.googleapis.com:443
2022-11-25 15:38:44,919 DEBUG    urllib3.connectionpool https://container.googleapis.com:443 "GET /v1/projects/cloud-dev-112233/locations/europe-west3-b/operations/operation-1669387045580-9697315a?alt=json HTTP/1.1" 200 None
2022-11-25 15:38:49,930 DEBUG    urllib3.connectionpool Starting new HTTPS connection (1): container.googleapis.com:443
2022-11-25 15:38:50,151 DEBUG    urllib3.connectionpool https://container.googleapis.com:443 "GET /v1/projects/cloud-dev-112233/locations/europe-west3-b/operations/operation-1669387045580-9697315a?alt=json HTTP/1.1" 200 None
2022-11-25 15:38:55,170 DEBUG    urllib3.connectionpool Starting new HTTPS connection (1): container.googleapis.com:443
2022-11-25 15:38:55,405 DEBUG    urllib3.connectionpool https://container.googleapis.com:443 "GET /v1/projects/cloud-dev-112233/locations/europe-west3-b/operations/operation-1669387045580-9697315a?alt=json HTTP/1.1" 200 None
2022-11-25 15:39:00,417 DEBUG    urllib3.connectionpool Starting new HTTPS connection (1): container.googleapis.com:443
2022-11-25 15:39:00,632 DEBUG    urllib3.connectionpool https://container.googleapis.com:443 "GET /v1/projects/cloud-dev-112233/locations/europe-west3-b/operations/operation-1669387045580-9697315a?alt=json HTTP/1.1" 200 None
2022-11-25 15:39:05,649 DEBUG    urllib3.connectionpool Starting new HTTPS connection (1): container.googleapis.com:443
2022-11-25 15:39:05,896 DEBUG    urllib3.connectionpool https://container.googleapis.com:443 "GET /v1/projects/cloud-dev-112233/locations/europe-west3-b/operations/operation-1669387045580-9697315a?alt=json HTTP/1.1" 200 None
2022-11-25 15:39:10,906 DEBUG    urllib3.connectionpool Starting new HTTPS connection (1): container.googleapis.com:443
2022-11-25 15:39:11,146 DEBUG    urllib3.connectionpool https://container.googleapis.com:443 "GET /v1/projects/cloud-dev-112233/locations/europe-west3-b/operations/operation-1669387045580-9697315a?alt=json HTTP/1.1" 200 None
2022-11-25 15:39:16,158 DEBUG    urllib3.connectionpool Starting new HTTPS connection (1): container.googleapis.com:443
2022-11-25 15:39:16,399 DEBUG    urllib3.connectionpool https://container.googleapis.com:443 "GET /v1/projects/cloud-dev-112233/locations/europe-west3-b/operations/operation-1669387045580-9697315a?alt=json HTTP/1.1" 200 None
2022-11-25 15:39:21,414 DEBUG    urllib3.connectionpool Starting new HTTPS connection (1): container.googleapis.com:443
2022-11-25 15:39:21,677 DEBUG    urllib3.connectionpool https://container.googleapis.com:443 "GET /v1/projects/cloud-dev-112233/locations/europe-west3-b/operations/operation-1669387045580-9697315a?alt=json HTTP/1.1" 200 None
2022-11-25 15:39:26,696 DEBUG    urllib3.connectionpool Starting new HTTPS connection (1): container.googleapis.com:443
2022-11-25 15:39:26,947 DEBUG    urllib3.connectionpool https://container.googleapis.com:443 "GET /v1/projects/cloud-dev-112233/locations/europe-west3-b/operations/operation-1669387045580-9697315a?alt=json HTTP/1.1" 200 None
2022-11-25 15:39:31,965 DEBUG    urllib3.connectionpool Starting new HTTPS connection (1): container.googleapis.com:443
2022-11-25 15:39:32,187 DEBUG    urllib3.connectionpool https://container.googleapis.com:443 "GET /v1/projects/cloud-dev-112233/locations/europe-west3-b/operations/operation-1669387045580-9697315a?alt=json HTTP/1.1" 200 None
2022-11-25 15:39:37,205 DEBUG    urllib3.connectionpool Starting new HTTPS connection (1): container.googleapis.com:443
2022-11-25 15:39:37,454 DEBUG    urllib3.connectionpool https://container.googleapis.com:443 "GET /v1/projects/cloud-dev-112233/locations/europe-west3-b/operations/operation-1669387045580-9697315a?alt=json HTTP/1.1" 200 None
2022-11-25 15:39:42,468 DEBUG    urllib3.connectionpool Starting new HTTPS connection (1): container.googleapis.com:443
2022-11-25 15:39:42,726 DEBUG    urllib3.connectionpool https://container.googleapis.com:443 "GET /v1/projects/cloud-dev-112233/locations/europe-west3-b/operations/operation-1669387045580-9697315a?alt=json HTTP/1.1" 200 None
2022-11-25 15:39:47,742 DEBUG    urllib3.connectionpool Starting new HTTPS connection (1): container.googleapis.com:443
2022-11-25 15:39:47,993 DEBUG    urllib3.connectionpool https://container.googleapis.com:443 "GET /v1/projects/cloud-dev-112233/locations/europe-west3-b/operations/operation-1669387045580-9697315a?alt=json HTTP/1.1" 200 None
2022-11-25 15:39:47,996 INFO     root            Operation <Operation
 clusterConditions: []
 endTime: '2022-11-25T14:39:44.030816875Z'
 name: 'operation-1669387045580-9697315a'
 nodepoolConditions: []
 operationType: OperationTypeValueValuesEnum(DELETE_CLUSTER, 2)
 selfLink: 'https://container.googleapis.com/v1/projects/166042509722/zones/europe-west3-b/operations/operation-1669387045580-9697315a'
 startTime: '2022-11-25T14:37:25.580083951Z'
 status: StatusValueValuesEnum(DONE, 3)
 targetLink: 'https://container.googleapis.com/v1/projects/166042509722/zones/europe-west3-b/clusters/inel-7141'
 zone: 'europe-west3-b'> succeeded after 142.233 seconds
2022-11-25 15:39:48,119 DEBUG    root            Purged cluster config from /Users/inelpandzic/.config/gcloud/kubernetes/cloud-dev-112233_europe-west3-b_inel-7141
2022-11-25 15:39:48,119 INFO     ___FILE_ONLY___ Deleted [https://container.googleapis.com/v1/projects/cloud-dev-112233/zones/europe-west3-b/clusters/inel-7141].

2022-11-25 15:39:48,120 INFO     root            Display format: "none"
2022-11-25 15:39:48,128 DEBUG    root            Metrics reporting process started...
