2023-11-18 00:15:09,907 DEBUG    root            Loaded Command Group: ['gcloud', 'config']
2023-11-18 00:15:09,910 DEBUG    root            Loaded Command Group: ['gcloud', 'config', 'config_helper']
2023-11-18 00:15:09,911 DEBUG    root            Running [gcloud.config.config-helper] with arguments: [--format: "json"]
2023-11-18 00:15:09,923 DEBUG    google.auth.transport.requests Making request: POST https://oauth2.googleapis.com/token
2023-11-18 00:15:09,943 DEBUG    urllib3.connectionpool Starting new HTTPS connection (1): oauth2.googleapis.com:443
2023-11-18 00:15:10,096 DEBUG    urllib3.connectionpool https://oauth2.googleapis.com:443 "POST /token HTTP/1.1" 200 None
2023-11-18 00:15:10,099 DEBUG    root            Chosen display Format:default json
2023-11-18 00:15:10,099 INFO     root            Display format: "default json"
2023-11-18 00:15:10,099 INFO     ___FILE_ONLY___ {
  "configuration": {
    "active_configuration": "percona-cloud-dev",
    "properties": {
      "core": {
        "account": "inel.pandzic@percona.com",
        "disable_usage_reporting": "False",
        "project": "cloud-dev-112233"
      }
    }
  },
  "credential": {
    "access_token": "ya29.a0AfB_byA6DW2xmu11Qy5G72eqU9EmAj3dgtKJBeqwoGH29dGEKvWezRNkw9kDayPi2HldJqygirvMbgnePcZ-z5UVhCPrPLDOLErk40NcRvrVqu-jDY-XUE_wJJ_PPQf0APp5SwcQPdVGmEW-a4l-KPhCepuOpXKXmkW7ZHxpIsgzaCgYKAUsSARESFQHGX2MilLwsE1oLCHDU93T4nvPvFQ0179",
    "id_token": "eyJhbGciOiJSUzI1NiIsImtpZCI6IjViMzcwNjk2MGUzZTYwMDI0YTI2NTVlNzhjZmE2M2Y4N2M5N2QzMDkiLCJ0eXAiOiJKV1QifQ.eyJpc3MiOiJodHRwczovL2FjY291bnRzLmdvb2dsZS5jb20iLCJhenAiOiIzMjU1NTk0MDU1OS5hcHBzLmdvb2dsZXVzZXJjb250ZW50LmNvbSIsImF1ZCI6IjMyNTU1OTQwNTU5LmFwcHMuZ29vZ2xldXNlcmNvbnRlbnQuY29tIiwic3ViIjoiMTA3NDA5ODEzMzQ0NTU5NDQzNDA3IiwiaGQiOiJwZXJjb25hLmNvbSIsImVtYWlsIjoiaW5lbC5wYW5kemljQHBlcmNvbmEuY29tIiwiZW1haWxfdmVyaWZpZWQiOnRydWUsImF0X2hhc2giOiJhTGhtTXhQQVZiMkQzcWxTaEdUTlRnIiwiaWF0IjoxNzAwMjYyOTEwLCJleHAiOjE3MDAyNjY1MTB9.MklfaeIdeeacKgfzWSDmIjK_Q4kdePR3UFeCsASOleKDRmRev2wJyxlXasn9gQtMs1fbxlhXmQe3M3txJbdBvV3rmW84DvfpLAM-v0FCIQjTIs94V3I9ld3pMdD-Jg3sEBdfeck3eQV1kUbH73hffXzIfwPf0Qi-S_fYov2-MPXYbdK9WQYzcXQvK1qXGRYqt3WoSbgHU1sXcFjJqJpxdhYuneH39aoAKq9HZRk1u1SDdWypEnD40sDYjgR98rRWQy982DcfU8r9f4LH1G5N5gJjEALRb--cZkKZBXkfDxnCqdN8t8q01ytysct6msNI8AhKgw7Wy8seMSB_g-SSwQ",
    "token_expiry": "2023-11-18T00:15:09Z"
  },
  "sentinels": {
    "config_sentinel": "/Users/inelpandzic/.config/gcloud/config_sentinel"
  }
}
2023-11-18 00:15:10,099 INFO     ___FILE_ONLY___ 

2023-11-18 00:15:10,105 DEBUG    root            Metrics reporting process started...
