2023-11-18 01:41:17,376 DEBUG    root            Loaded Command Group: ['gcloud', 'config']
2023-11-18 01:41:17,378 DEBUG    root            Loaded Command Group: ['gcloud', 'config', 'config_helper']
2023-11-18 01:41:17,379 DEBUG    root            Running [gcloud.config.config-helper] with arguments: [--format: "json"]
2023-11-18 01:41:17,390 DEBUG    google.auth.transport.requests Making request: POST https://oauth2.googleapis.com/token
2023-11-18 01:41:17,409 DEBUG    urllib3.connectionpool Starting new HTTPS connection (1): oauth2.googleapis.com:443
2023-11-18 01:41:17,564 DEBUG    urllib3.connectionpool https://oauth2.googleapis.com:443 "POST /token HTTP/1.1" 200 None
2023-11-18 01:41:17,568 DEBUG    root            Chosen display Format:default json
2023-11-18 01:41:17,568 INFO     root            Display format: "default json"
2023-11-18 01:41:17,568 INFO     ___FILE_ONLY___ {
  "configuration": {
    "active_configuration": "percona-cloud-dev",
    "properties": {
      "core": {
        "account": "inel.pandzic@percona.com",
        "disable_usage_reporting": "False",
        "project": "cloud-dev-112233"
      }
    }
  },
  "credential": {
    "access_token": "ya29.a0AfB_byBFcC2YzqBWIyN2xMqueC2ykdT0Vhoh5sLMRa5FFgWve6u0eT3av1rHCSfeVrHg0P82WosVHvBS8zpC7NqKzC6JpFcGWLLSiPXsxq-4j8mg5A58LX5kuRTucbMrPFjiDi89QBiSlbJkPfLiVtTgkbHTsDCoKj6U7tYJRBllaCgYKAYQSARESFQHGX2Mi9XZWcoyxqLJj1xYOn6uh5A0179",
    "id_token": "eyJhbGciOiJSUzI1NiIsImtpZCI6IjViMzcwNjk2MGUzZTYwMDI0YTI2NTVlNzhjZmE2M2Y4N2M5N2QzMDkiLCJ0eXAiOiJKV1QifQ.eyJpc3MiOiJodHRwczovL2FjY291bnRzLmdvb2dsZS5jb20iLCJhenAiOiIzMjU1NTk0MDU1OS5hcHBzLmdvb2dsZXVzZXJjb250ZW50LmNvbSIsImF1ZCI6IjMyNTU1OTQwNTU5LmFwcHMuZ29vZ2xldXNlcmNvbnRlbnQuY29tIiwic3ViIjoiMTA3NDA5ODEzMzQ0NTU5NDQzNDA3IiwiaGQiOiJwZXJjb25hLmNvbSIsImVtYWlsIjoiaW5lbC5wYW5kemljQHBlcmNvbmEuY29tIiwiZW1haWxfdmVyaWZpZWQiOnRydWUsImF0X2hhc2giOiJOV1NBTnh1ajFQTHJjUUVsRklUSkh3IiwiaWF0IjoxNzAwMjY4MDc3LCJleHAiOjE3MDAyNzE2Nzd9.3_Fuawbia9COTteGD7lBFEVuY6MLijv78i7xEf_aeTTVIXFKFzhICwB0oOz-8yQbzNJFegAMBugciJsIs0sbb3bR_OxyheMo64w8rXPT83FYP0UNG4Fxlx_2DJIw1yBiV_DjKMgnKEvZQn13YoyQHhRBZDb68nwwaDQLAYWQW2omXB9e4jBXgKANgvh1-X2Pu2rw9nJ6UtjEhxP18jYOLnER9kxLuvFQeighythsr6Db-Ek6w3wigVFEZvoVxMQ2njw7HblQX35K4VrM1-10l_CQjdZ8ToZZAb7NxWFYnFyYsIighunLsJCdgUO8zEHereAlZLmfznbx5hUurk4N0w",
    "token_expiry": "2023-11-18T01:41:16Z"
  },
  "sentinels": {
    "config_sentinel": "/Users/inelpandzic/.config/gcloud/config_sentinel"
  }
}
2023-11-18 01:41:17,568 INFO     ___FILE_ONLY___ 

2023-11-18 01:41:17,574 DEBUG    root            Metrics reporting process started...
