2023-11-18 04:02:17,456 DEBUG    root            Loaded Command Group: ['gcloud', 'config']
2023-11-18 04:02:17,457 DEBUG    root            Loaded Command Group: ['gcloud', 'config', 'config_helper']
2023-11-18 04:02:17,458 DEBUG    root            Running [gcloud.config.config-helper] with arguments: [--format: "json"]
2023-11-18 04:02:17,469 DEBUG    google.auth.transport.requests Making request: POST https://oauth2.googleapis.com/token
2023-11-18 04:02:17,488 DEBUG    urllib3.connectionpool Starting new HTTPS connection (1): oauth2.googleapis.com:443
2023-11-18 04:02:17,663 DEBUG    urllib3.connectionpool https://oauth2.googleapis.com:443 "POST /token HTTP/1.1" 200 None
2023-11-18 04:02:17,675 DEBUG    root            Chosen display Format:default json
2023-11-18 04:02:17,675 INFO     root            Display format: "default json"
2023-11-18 04:02:17,676 INFO     ___FILE_ONLY___ {
  "configuration": {
    "active_configuration": "percona-cloud-dev",
    "properties": {
      "core": {
        "account": "inel.pandzic@percona.com",
        "disable_usage_reporting": "False",
        "project": "cloud-dev-112233"
      }
    }
  },
  "credential": {
    "access_token": "ya29.a0AfB_byBQygVrryV7U86PV2-KnI4UF3betw_btVyj83_CnfB8fgEW3WEw4oP5GjQ2p8mCxFSLO4mK0dq5STEJ9-mnHXnmPkacmHALl1vxCVYtpzx9fhwnPErrqloVl8qhyzZ5aR2t4DmPu56xSeg9vxFif9-5DQApkawr9px10rK-aCgYKAWMSARESFQHGX2Mi7DB3Zg9gpIbHTkBXjuiDYQ0179",
    "id_token": "eyJhbGciOiJSUzI1NiIsImtpZCI6IjViMzcwNjk2MGUzZTYwMDI0YTI2NTVlNzhjZmE2M2Y4N2M5N2QzMDkiLCJ0eXAiOiJKV1QifQ.eyJpc3MiOiJodHRwczovL2FjY291bnRzLmdvb2dsZS5jb20iLCJhenAiOiIzMjU1NTk0MDU1OS5hcHBzLmdvb2dsZXVzZXJjb250ZW50LmNvbSIsImF1ZCI6IjMyNTU1OTQwNTU5LmFwcHMuZ29vZ2xldXNlcmNvbnRlbnQuY29tIiwic3ViIjoiMTA3NDA5ODEzMzQ0NTU5NDQzNDA3IiwiaGQiOiJwZXJjb25hLmNvbSIsImVtYWlsIjoiaW5lbC5wYW5kemljQHBlcmNvbmEuY29tIiwiZW1haWxfdmVyaWZpZWQiOnRydWUsImF0X2hhc2giOiJQcHV0bVZHRnl1Z0NPWnA5V0FNZ093IiwiaWF0IjoxNzAwMjc2NTM3LCJleHAiOjE3MDAyODAxMzd9.rWsJxSK6bLXM6ecKApJzXn0MjMqM1fU7aEs_RMqz9eCdVHAjRO7HJKKv7oqEFHn3HHUUZapK08eZ8ckJUzBy0X1sOzat80vIqlhQvoKVP4td-iet6FSfA5YA0ktg2KqLpwfkQq7Eu83qi8azYSmNkamyeMi0sLdoGEjiweAGY8obplFkZuJdU8Sl_-RoKDcliWcCDwr4xnPMct9rO4aIfUx-bC9jdECOIDHxUTjW0aHIMCT6J9rwvoFREHGdXzVACFG-jft4tFKVEd14q6zZ2_vc6fIHdEA5TYCGWncdgh6LWYa80F1mGf-7fF8QBc_T7kuIGM3876UQQv6FQGwdjw",
    "token_expiry": "2023-11-18T04:02:16Z"
  },
  "sentinels": {
    "config_sentinel": "/Users/inelpandzic/.config/gcloud/config_sentinel"
  }
}
2023-11-18 04:02:17,676 INFO     ___FILE_ONLY___ 

2023-11-18 04:02:17,690 DEBUG    root            Metrics reporting process started...
