2022-11-22 07:13:46,488 DEBUG    root            Loaded Command Group: ['gcloud', 'container', 'clusters']
2022-11-22 07:13:46,491 DEBUG    root            Loaded Command Group: ['gcloud', 'container', 'clusters', 'create']
2022-11-22 07:13:46,509 DEBUG    root            Running [gcloud.container.clusters.create] with arguments: [--cluster-version: "1.21", --machine-type: "n1-standard-4", --num-nodes: "3", --preemptible: "True", --zone: "europe-west3-b", NAME: "inel-29237"]
2022-11-22 07:13:46,512 INFO     ___FILE_ONLY___ Default change: VPC-native is the default mode during cluster creation for versions greater than 1.21.0-gke.1500. To create advanced routes based clusters, please pass the `--no-enable-ip-alias` flag

2022-11-22 07:13:46,512 INFO     ___FILE_ONLY___ Note: Your Pod address range (`--cluster-ipv4-cidr`) can accommodate at most 1008 node(s).

2022-11-22 07:13:46,518 DEBUG    urllib3.connectionpool Starting new HTTPS connection (1): container.googleapis.com:443
2022-11-22 07:13:49,804 DEBUG    urllib3.connectionpool https://container.googleapis.com:443 "POST /v1/projects/cloud-dev-112233/locations/europe-west3-b/clusters?alt=json HTTP/1.1" 200 None
2022-11-22 07:13:49,805 INFO     ___FILE_ONLY___ Creating cluster inel-29237 in europe-west3-b...
2022-11-22 07:13:49,808 DEBUG    urllib3.connectionpool Starting new HTTPS connection (1): container.googleapis.com:443
2022-11-22 07:13:50,012 DEBUG    urllib3.connectionpool https://container.googleapis.com:443 "GET /v1/projects/cloud-dev-112233/locations/europe-west3-b/operations/operation-1669097629737-9421b13d?alt=json HTTP/1.1" 200 None
2022-11-22 07:13:55,023 DEBUG    urllib3.connectionpool Starting new HTTPS connection (1): container.googleapis.com:443
2022-11-22 07:13:55,266 DEBUG    urllib3.connectionpool https://container.googleapis.com:443 "GET /v1/projects/cloud-dev-112233/locations/europe-west3-b/operations/operation-1669097629737-9421b13d?alt=json HTTP/1.1" 200 None
2022-11-22 07:14:00,276 DEBUG    urllib3.connectionpool Starting new HTTPS connection (1): container.googleapis.com:443
2022-11-22 07:14:00,516 DEBUG    urllib3.connectionpool https://container.googleapis.com:443 "GET /v1/projects/cloud-dev-112233/locations/europe-west3-b/operations/operation-1669097629737-9421b13d?alt=json HTTP/1.1" 200 None
2022-11-22 07:14:05,524 DEBUG    urllib3.connectionpool Starting new HTTPS connection (1): container.googleapis.com:443
2022-11-22 07:14:05,757 DEBUG    urllib3.connectionpool https://container.googleapis.com:443 "GET /v1/projects/cloud-dev-112233/locations/europe-west3-b/operations/operation-1669097629737-9421b13d?alt=json HTTP/1.1" 200 None
2022-11-22 07:14:10,765 DEBUG    urllib3.connectionpool Starting new HTTPS connection (1): container.googleapis.com:443
2022-11-22 07:14:11,003 DEBUG    urllib3.connectionpool https://container.googleapis.com:443 "GET /v1/projects/cloud-dev-112233/locations/europe-west3-b/operations/operation-1669097629737-9421b13d?alt=json HTTP/1.1" 200 None
2022-11-22 07:14:16,015 DEBUG    urllib3.connectionpool Starting new HTTPS connection (1): container.googleapis.com:443
2022-11-22 07:14:16,220 DEBUG    urllib3.connectionpool https://container.googleapis.com:443 "GET /v1/projects/cloud-dev-112233/locations/europe-west3-b/operations/operation-1669097629737-9421b13d?alt=json HTTP/1.1" 200 None
2022-11-22 07:14:21,233 DEBUG    urllib3.connectionpool Starting new HTTPS connection (1): container.googleapis.com:443
2022-11-22 07:14:21,441 DEBUG    urllib3.connectionpool https://container.googleapis.com:443 "GET /v1/projects/cloud-dev-112233/locations/europe-west3-b/operations/operation-1669097629737-9421b13d?alt=json HTTP/1.1" 200 None
2022-11-22 07:14:26,455 DEBUG    urllib3.connectionpool Starting new HTTPS connection (1): container.googleapis.com:443
2022-11-22 07:14:26,693 DEBUG    urllib3.connectionpool https://container.googleapis.com:443 "GET /v1/projects/cloud-dev-112233/locations/europe-west3-b/operations/operation-1669097629737-9421b13d?alt=json HTTP/1.1" 200 None
2022-11-22 07:14:31,708 DEBUG    urllib3.connectionpool Starting new HTTPS connection (1): container.googleapis.com:443
2022-11-22 07:14:31,916 DEBUG    urllib3.connectionpool https://container.googleapis.com:443 "GET /v1/projects/cloud-dev-112233/locations/europe-west3-b/operations/operation-1669097629737-9421b13d?alt=json HTTP/1.1" 200 None
2022-11-22 07:14:36,925 DEBUG    urllib3.connectionpool Starting new HTTPS connection (1): container.googleapis.com:443
2022-11-22 07:14:37,151 DEBUG    urllib3.connectionpool https://container.googleapis.com:443 "GET /v1/projects/cloud-dev-112233/locations/europe-west3-b/operations/operation-1669097629737-9421b13d?alt=json HTTP/1.1" 200 None
2022-11-22 07:14:42,162 DEBUG    urllib3.connectionpool Starting new HTTPS connection (1): container.googleapis.com:443
2022-11-22 07:14:42,364 DEBUG    urllib3.connectionpool https://container.googleapis.com:443 "GET /v1/projects/cloud-dev-112233/locations/europe-west3-b/operations/operation-1669097629737-9421b13d?alt=json HTTP/1.1" 200 None
2022-11-22 07:14:47,374 DEBUG    urllib3.connectionpool Starting new HTTPS connection (1): container.googleapis.com:443
2022-11-22 07:14:47,576 DEBUG    urllib3.connectionpool https://container.googleapis.com:443 "GET /v1/projects/cloud-dev-112233/locations/europe-west3-b/operations/operation-1669097629737-9421b13d?alt=json HTTP/1.1" 200 None
2022-11-22 07:14:52,594 DEBUG    urllib3.connectionpool Starting new HTTPS connection (1): container.googleapis.com:443
2022-11-22 07:14:52,802 DEBUG    urllib3.connectionpool https://container.googleapis.com:443 "GET /v1/projects/cloud-dev-112233/locations/europe-west3-b/operations/operation-1669097629737-9421b13d?alt=json HTTP/1.1" 200 None
2022-11-22 07:14:57,817 DEBUG    urllib3.connectionpool Starting new HTTPS connection (1): container.googleapis.com:443
2022-11-22 07:14:58,058 DEBUG    urllib3.connectionpool https://container.googleapis.com:443 "GET /v1/projects/cloud-dev-112233/locations/europe-west3-b/operations/operation-1669097629737-9421b13d?alt=json HTTP/1.1" 200 None
2022-11-22 07:15:03,064 DEBUG    urllib3.connectionpool Starting new HTTPS connection (1): container.googleapis.com:443
2022-11-22 07:15:03,265 DEBUG    urllib3.connectionpool https://container.googleapis.com:443 "GET /v1/projects/cloud-dev-112233/locations/europe-west3-b/operations/operation-1669097629737-9421b13d?alt=json HTTP/1.1" 200 None
2022-11-22 07:15:08,275 DEBUG    urllib3.connectionpool Starting new HTTPS connection (1): container.googleapis.com:443
2022-11-22 07:15:08,498 DEBUG    urllib3.connectionpool https://container.googleapis.com:443 "GET /v1/projects/cloud-dev-112233/locations/europe-west3-b/operations/operation-1669097629737-9421b13d?alt=json HTTP/1.1" 200 None
2022-11-22 07:15:13,506 DEBUG    urllib3.connectionpool Starting new HTTPS connection (1): container.googleapis.com:443
2022-11-22 07:15:13,810 DEBUG    urllib3.connectionpool https://container.googleapis.com:443 "GET /v1/projects/cloud-dev-112233/locations/europe-west3-b/operations/operation-1669097629737-9421b13d?alt=json HTTP/1.1" 200 None
2022-11-22 07:15:18,821 DEBUG    urllib3.connectionpool Starting new HTTPS connection (1): container.googleapis.com:443
2022-11-22 07:15:19,052 DEBUG    urllib3.connectionpool https://container.googleapis.com:443 "GET /v1/projects/cloud-dev-112233/locations/europe-west3-b/operations/operation-1669097629737-9421b13d?alt=json HTTP/1.1" 200 None
2022-11-22 07:15:24,060 DEBUG    urllib3.connectionpool Starting new HTTPS connection (1): container.googleapis.com:443
2022-11-22 07:15:24,335 DEBUG    urllib3.connectionpool https://container.googleapis.com:443 "GET /v1/projects/cloud-dev-112233/locations/europe-west3-b/operations/operation-1669097629737-9421b13d?alt=json HTTP/1.1" 200 None
2022-11-22 07:15:29,347 DEBUG    urllib3.connectionpool Starting new HTTPS connection (1): container.googleapis.com:443
2022-11-22 07:15:29,578 DEBUG    urllib3.connectionpool https://container.googleapis.com:443 "GET /v1/projects/cloud-dev-112233/locations/europe-west3-b/operations/operation-1669097629737-9421b13d?alt=json HTTP/1.1" 200 None
2022-11-22 07:15:34,590 DEBUG    urllib3.connectionpool Starting new HTTPS connection (1): container.googleapis.com:443
2022-11-22 07:15:34,804 DEBUG    urllib3.connectionpool https://container.googleapis.com:443 "GET /v1/projects/cloud-dev-112233/locations/europe-west3-b/operations/operation-1669097629737-9421b13d?alt=json HTTP/1.1" 200 None
2022-11-22 07:15:39,815 DEBUG    urllib3.connectionpool Starting new HTTPS connection (1): container.googleapis.com:443
2022-11-22 07:15:40,039 DEBUG    urllib3.connectionpool https://container.googleapis.com:443 "GET /v1/projects/cloud-dev-112233/locations/europe-west3-b/operations/operation-1669097629737-9421b13d?alt=json HTTP/1.1" 200 None
2022-11-22 07:15:45,051 DEBUG    urllib3.connectionpool Starting new HTTPS connection (1): container.googleapis.com:443
2022-11-22 07:15:45,279 DEBUG    urllib3.connectionpool https://container.googleapis.com:443 "GET /v1/projects/cloud-dev-112233/locations/europe-west3-b/operations/operation-1669097629737-9421b13d?alt=json HTTP/1.1" 200 None
2022-11-22 07:15:50,287 DEBUG    urllib3.connectionpool Starting new HTTPS connection (1): container.googleapis.com:443
2022-11-22 07:15:50,519 DEBUG    urllib3.connectionpool https://container.googleapis.com:443 "GET /v1/projects/cloud-dev-112233/locations/europe-west3-b/operations/operation-1669097629737-9421b13d?alt=json HTTP/1.1" 200 None
2022-11-22 07:15:55,534 DEBUG    urllib3.connectionpool Starting new HTTPS connection (1): container.googleapis.com:443
2022-11-22 07:15:55,746 DEBUG    urllib3.connectionpool https://container.googleapis.com:443 "GET /v1/projects/cloud-dev-112233/locations/europe-west3-b/operations/operation-1669097629737-9421b13d?alt=json HTTP/1.1" 200 None
2022-11-22 07:16:00,761 DEBUG    urllib3.connectionpool Starting new HTTPS connection (1): container.googleapis.com:443
2022-11-22 07:16:00,994 DEBUG    urllib3.connectionpool https://container.googleapis.com:443 "GET /v1/projects/cloud-dev-112233/locations/europe-west3-b/operations/operation-1669097629737-9421b13d?alt=json HTTP/1.1" 200 None
2022-11-22 07:16:06,003 DEBUG    urllib3.connectionpool Starting new HTTPS connection (1): container.googleapis.com:443
2022-11-22 07:16:06,207 DEBUG    urllib3.connectionpool https://container.googleapis.com:443 "GET /v1/projects/cloud-dev-112233/locations/europe-west3-b/operations/operation-1669097629737-9421b13d?alt=json HTTP/1.1" 200 None
2022-11-22 07:16:11,217 DEBUG    urllib3.connectionpool Starting new HTTPS connection (1): container.googleapis.com:443
2022-11-22 07:16:11,453 DEBUG    urllib3.connectionpool https://container.googleapis.com:443 "GET /v1/projects/cloud-dev-112233/locations/europe-west3-b/operations/operation-1669097629737-9421b13d?alt=json HTTP/1.1" 200 None
2022-11-22 07:16:16,466 DEBUG    urllib3.connectionpool Starting new HTTPS connection (1): container.googleapis.com:443
2022-11-22 07:16:16,698 DEBUG    urllib3.connectionpool https://container.googleapis.com:443 "GET /v1/projects/cloud-dev-112233/locations/europe-west3-b/operations/operation-1669097629737-9421b13d?alt=json HTTP/1.1" 200 None
2022-11-22 07:16:21,720 DEBUG    urllib3.connectionpool Starting new HTTPS connection (1): container.googleapis.com:443
2022-11-22 07:16:21,925 DEBUG    urllib3.connectionpool https://container.googleapis.com:443 "GET /v1/projects/cloud-dev-112233/locations/europe-west3-b/operations/operation-1669097629737-9421b13d?alt=json HTTP/1.1" 200 None
2022-11-22 07:16:26,939 DEBUG    urllib3.connectionpool Starting new HTTPS connection (1): container.googleapis.com:443
2022-11-22 07:16:27,162 DEBUG    urllib3.connectionpool https://container.googleapis.com:443 "GET /v1/projects/cloud-dev-112233/locations/europe-west3-b/operations/operation-1669097629737-9421b13d?alt=json HTTP/1.1" 200 None
2022-11-22 07:16:32,172 DEBUG    urllib3.connectionpool Starting new HTTPS connection (1): container.googleapis.com:443
2022-11-22 07:16:32,525 DEBUG    urllib3.connectionpool https://container.googleapis.com:443 "GET /v1/projects/cloud-dev-112233/locations/europe-west3-b/operations/operation-1669097629737-9421b13d?alt=json HTTP/1.1" 200 None
2022-11-22 07:16:37,552 DEBUG    urllib3.connectionpool Starting new HTTPS connection (1): container.googleapis.com:443
2022-11-22 07:16:37,923 DEBUG    urllib3.connectionpool https://container.googleapis.com:443 "GET /v1/projects/cloud-dev-112233/locations/europe-west3-b/operations/operation-1669097629737-9421b13d?alt=json HTTP/1.1" 200 None
2022-11-22 07:16:42,932 DEBUG    urllib3.connectionpool Starting new HTTPS connection (1): container.googleapis.com:443
2022-11-22 07:16:43,251 DEBUG    urllib3.connectionpool https://container.googleapis.com:443 "GET /v1/projects/cloud-dev-112233/locations/europe-west3-b/operations/operation-1669097629737-9421b13d?alt=json HTTP/1.1" 200 None
2022-11-22 07:16:48,258 DEBUG    urllib3.connectionpool Starting new HTTPS connection (1): container.googleapis.com:443
2022-11-22 07:16:48,487 DEBUG    urllib3.connectionpool https://container.googleapis.com:443 "GET /v1/projects/cloud-dev-112233/locations/europe-west3-b/operations/operation-1669097629737-9421b13d?alt=json HTTP/1.1" 200 None
2022-11-22 07:16:53,503 DEBUG    urllib3.connectionpool Starting new HTTPS connection (1): container.googleapis.com:443
2022-11-22 07:16:53,738 DEBUG    urllib3.connectionpool https://container.googleapis.com:443 "GET /v1/projects/cloud-dev-112233/locations/europe-west3-b/operations/operation-1669097629737-9421b13d?alt=json HTTP/1.1" 200 None
2022-11-22 07:16:58,749 DEBUG    urllib3.connectionpool Starting new HTTPS connection (1): container.googleapis.com:443
2022-11-22 07:16:58,981 DEBUG    urllib3.connectionpool https://container.googleapis.com:443 "GET /v1/projects/cloud-dev-112233/locations/europe-west3-b/operations/operation-1669097629737-9421b13d?alt=json HTTP/1.1" 200 None
2022-11-22 07:17:03,991 DEBUG    urllib3.connectionpool Starting new HTTPS connection (1): container.googleapis.com:443
2022-11-22 07:17:04,200 DEBUG    urllib3.connectionpool https://container.googleapis.com:443 "GET /v1/projects/cloud-dev-112233/locations/europe-west3-b/operations/operation-1669097629737-9421b13d?alt=json HTTP/1.1" 200 None
2022-11-22 07:17:09,208 DEBUG    urllib3.connectionpool Starting new HTTPS connection (1): container.googleapis.com:443
2022-11-22 07:17:09,414 DEBUG    urllib3.connectionpool https://container.googleapis.com:443 "GET /v1/projects/cloud-dev-112233/locations/europe-west3-b/operations/operation-1669097629737-9421b13d?alt=json HTTP/1.1" 200 None
2022-11-22 07:17:14,424 DEBUG    urllib3.connectionpool Starting new HTTPS connection (1): container.googleapis.com:443
2022-11-22 07:17:14,649 DEBUG    urllib3.connectionpool https://container.googleapis.com:443 "GET /v1/projects/cloud-dev-112233/locations/europe-west3-b/operations/operation-1669097629737-9421b13d?alt=json HTTP/1.1" 200 None
2022-11-22 07:17:19,655 DEBUG    urllib3.connectionpool Starting new HTTPS connection (1): container.googleapis.com:443
2022-11-22 07:17:19,886 DEBUG    urllib3.connectionpool https://container.googleapis.com:443 "GET /v1/projects/cloud-dev-112233/locations/europe-west3-b/operations/operation-1669097629737-9421b13d?alt=json HTTP/1.1" 200 None
2022-11-22 07:17:24,903 DEBUG    urllib3.connectionpool Starting new HTTPS connection (1): container.googleapis.com:443
2022-11-22 07:17:25,108 DEBUG    urllib3.connectionpool https://container.googleapis.com:443 "GET /v1/projects/cloud-dev-112233/locations/europe-west3-b/operations/operation-1669097629737-9421b13d?alt=json HTTP/1.1" 200 None
2022-11-22 07:17:30,119 DEBUG    urllib3.connectionpool Starting new HTTPS connection (1): container.googleapis.com:443
2022-11-22 07:17:30,347 DEBUG    urllib3.connectionpool https://container.googleapis.com:443 "GET /v1/projects/cloud-dev-112233/locations/europe-west3-b/operations/operation-1669097629737-9421b13d?alt=json HTTP/1.1" 200 None
2022-11-22 07:17:30,351 INFO     root            Operation <Operation
 clusterConditions: []
 endTime: '2022-11-22T06:17:25.260718882Z'
 name: 'operation-1669097629737-9421b13d'
 nodepoolConditions: []
 operationType: OperationTypeValueValuesEnum(CREATE_CLUSTER, 1)
 progress: <OperationProgress
 metrics: [<Metric
 intValue: 4
 name: 'CLUSTER_CONFIGURING'>, <Metric
 intValue: 4
 name: 'CLUSTER_CONFIGURING_TOTAL'>, <Metric
 intValue: 7
 name: 'CLUSTER_DEPLOYING'>, <Metric
 intValue: 7
 name: 'CLUSTER_DEPLOYING_TOTAL'>, <Metric
 intValue: 1
 name: 'CLUSTER_HEALTHCHECKING'>, <Metric
 intValue: 2
 name: 'CLUSTER_HEALTHCHECKING_TOTAL'>]
 stages: []>
 selfLink: 'https://container.googleapis.com/v1/projects/166042509722/zones/europe-west3-b/operations/operation-1669097629737-9421b13d'
 startTime: '2022-11-22T06:13:49.737700339Z'
 status: StatusValueValuesEnum(DONE, 3)
 targetLink: 'https://container.googleapis.com/v1/projects/166042509722/zones/europe-west3-b/clusters/inel-29237'
 zone: 'europe-west3-b'> succeeded after 220.545 seconds
2022-11-22 07:17:30,463 DEBUG    urllib3.connectionpool Starting new HTTPS connection (1): container.googleapis.com:443
2022-11-22 07:17:30,707 DEBUG    urllib3.connectionpool https://container.googleapis.com:443 "GET /v1/projects/cloud-dev-112233/locations/europe-west3-b/clusters/inel-29237?alt=json HTTP/1.1" 200 None
2022-11-22 07:17:30,714 INFO     ___FILE_ONLY___ Created [https://container.googleapis.com/v1/projects/cloud-dev-112233/zones/europe-west3-b/clusters/inel-29237].

2022-11-22 07:17:30,714 INFO     ___FILE_ONLY___ To inspect the contents of your cluster, go to: https://console.cloud.google.com/kubernetes/workload_/gcloud/europe-west3-b/inel-29237?project=cloud-dev-112233

2022-11-22 07:17:30,780 DEBUG    root            Saved kubeconfig to /Users/inelpandzic/.kube/config
2022-11-22 07:17:30,780 INFO     ___FILE_ONLY___ kubeconfig entry generated for inel-29237.

2022-11-22 07:17:30,781 INFO     root            Display format: "
    table(
        name,
        zone:label=LOCATION,
        master_version():label=MASTER_VERSION,
        endpoint:label=MASTER_IP,
        nodePools[0].config.machineType,
        currentNodeVersion:label=NODE_VERSION,
        firstof(currentNodeCount,initialNodeCount):label=NUM_NODES,
        status
    )
"
2022-11-22 07:17:30,783 INFO     ___FILE_ONLY___ NAME
2022-11-22 07:17:30,783 INFO     ___FILE_ONLY___         
2022-11-22 07:17:30,783 INFO     ___FILE_ONLY___ LOCATION
2022-11-22 07:17:30,783 INFO     ___FILE_ONLY___         
2022-11-22 07:17:30,783 INFO     ___FILE_ONLY___ MASTER_VERSION
2022-11-22 07:17:30,783 INFO     ___FILE_ONLY___     
2022-11-22 07:17:30,783 INFO     ___FILE_ONLY___ MASTER_IP
2022-11-22 07:17:30,783 INFO     ___FILE_ONLY___     
2022-11-22 07:17:30,783 INFO     ___FILE_ONLY___ MACHINE_TYPE
2022-11-22 07:17:30,784 INFO     ___FILE_ONLY___    
2022-11-22 07:17:30,784 INFO     ___FILE_ONLY___ NODE_VERSION
2022-11-22 07:17:30,784 INFO     ___FILE_ONLY___       
2022-11-22 07:17:30,784 INFO     ___FILE_ONLY___ NUM_NODES
2022-11-22 07:17:30,784 INFO     ___FILE_ONLY___   
2022-11-22 07:17:30,784 INFO     ___FILE_ONLY___ STATUS
2022-11-22 07:17:30,784 INFO     ___FILE_ONLY___ 

2022-11-22 07:17:30,784 INFO     ___FILE_ONLY___ inel-29237
2022-11-22 07:17:30,784 INFO     ___FILE_ONLY___   
2022-11-22 07:17:30,784 INFO     ___FILE_ONLY___ europe-west3-b
2022-11-22 07:17:30,784 INFO     ___FILE_ONLY___   
2022-11-22 07:17:30,784 INFO     ___FILE_ONLY___ 1.21.14-gke.9500
2022-11-22 07:17:30,784 INFO     ___FILE_ONLY___   
2022-11-22 07:17:30,784 INFO     ___FILE_ONLY___ 34.159.96.2
2022-11-22 07:17:30,784 INFO     ___FILE_ONLY___   
2022-11-22 07:17:30,784 INFO     ___FILE_ONLY___ n1-standard-4
2022-11-22 07:17:30,784 INFO     ___FILE_ONLY___   
2022-11-22 07:17:30,784 INFO     ___FILE_ONLY___ 1.21.14-gke.9500
2022-11-22 07:17:30,784 INFO     ___FILE_ONLY___   
2022-11-22 07:17:30,784 INFO     ___FILE_ONLY___ 3
2022-11-22 07:17:30,784 INFO     ___FILE_ONLY___           
2022-11-22 07:17:30,784 INFO     ___FILE_ONLY___ RUNNING
2022-11-22 07:17:30,784 INFO     ___FILE_ONLY___ 

2022-11-22 07:17:30,791 DEBUG    root            Metrics reporting process started...
