2022-11-22 10:10:51,597 DEBUG    root            Loaded Command Group: ['gcloud', 'config']
2022-11-22 10:10:51,605 DEBUG    root            Loaded Command Group: ['gcloud', 'config', 'config_helper']
2022-11-22 10:10:51,606 DEBUG    root            Running [gcloud.config.config-helper] with arguments: [--format: "json"]
2022-11-22 10:10:51,716 DEBUG    google.auth.transport.requests Making request: POST https://oauth2.googleapis.com/token
2022-11-22 10:10:51,767 DEBUG    urllib3.connectionpool Starting new HTTPS connection (1): oauth2.googleapis.com:443
2022-11-22 10:10:53,124 DEBUG    urllib3.connectionpool https://oauth2.googleapis.com:443 "POST /token HTTP/1.1" 200 None
2022-11-22 10:10:53,131 INFO     root            Display format: "default json"
2022-11-22 10:10:53,131 INFO     ___FILE_ONLY___ {
  "configuration": {
    "active_configuration": "percona-cloud-dev",
    "properties": {
      "core": {
        "account": "inel.pandzic@percona.com",
        "disable_usage_reporting": "False",
        "project": "cloud-dev-112233"
      }
    }
  },
  "credential": {
    "access_token": "ya29.a0AeTM1ieY69XpBZ0-48PtR-6TUWV3StQ0oHKVjjzDWKyQ_7_QzYeU3QLNRyqrp_x6ErI_rvj16ZBuCHFqD0RJgZiHzZG6GNsOrbtD-vvlreDZyFPqItnSn5aMBSxEp2RkDsmpto0jpanK-NKTDdbgwVybgoGVqx2Z20yYIMoaCgYKAUgSARESFQHWtWOmx8xqJig6tiZl39HY0Yuujg0174",
    "id_token": "eyJhbGciOiJSUzI1NiIsImtpZCI6IjI3Yjg2ZGM2OTM4ZGMzMjdiMjA0MzMzYTI1MGViYjQzYjMyZTRiM2MiLCJ0eXAiOiJKV1QifQ.eyJpc3MiOiJodHRwczovL2FjY291bnRzLmdvb2dsZS5jb20iLCJhenAiOiIzMjU1NTk0MDU1OS5hcHBzLmdvb2dsZXVzZXJjb250ZW50LmNvbSIsImF1ZCI6IjMyNTU1OTQwNTU5LmFwcHMuZ29vZ2xldXNlcmNvbnRlbnQuY29tIiwic3ViIjoiMTA3NDA5ODEzMzQ0NTU5NDQzNDA3IiwiaGQiOiJwZXJjb25hLmNvbSIsImVtYWlsIjoiaW5lbC5wYW5kemljQHBlcmNvbmEuY29tIiwiZW1haWxfdmVyaWZpZWQiOnRydWUsImF0X2hhc2giOiJVVVFnR09iVF9GTVcwSWE5TjE2OXpRIiwiaWF0IjoxNjY5MTA4MjUzLCJleHAiOjE2NjkxMTE4NTN9.tS-te4RsRHnlJbJxrPQUtjZQeinvQEsvPrtSrnJ_l9c4xZSQVZmxdxyQRxCvR0uhvjj8LI246I1YIQED8AsIYRbOAYLSLMSumIDaErYxzPGZz46mp7XAE7yrmXTm-7a--S1TY6Hlider1W1RU3zjBwS8i4G-XfoCl11tcr1_JsH5jvAJ4m88PQ983xcqJT_CEpu3o8mI7ZKr1v3O7gSnF57DrdU0iZmm_eY4iO55HLgJQQNSwefgLxDKBe_QcBfr7QZZ3KwRdQOgAYX8ony4u5mmkosUkFctXLq0CIAvt4ZRQwmygMFSL1eTtH-GlC3rGuNGAp7Y_Gu2mhyGJXwwFw",
    "token_expiry": "2022-11-22T10:10:51Z"
  },
  "sentinels": {
    "config_sentinel": "/Users/inelpandzic/.config/gcloud/config_sentinel"
  }
}
2022-11-22 10:10:53,131 INFO     ___FILE_ONLY___ 

2022-11-22 10:10:53,132 DEBUG    root            Checking for updates...
2022-11-22 10:10:53,549 DEBUG    urllib3.connectionpool Starting new HTTPS connection (1): dl.google.com:443
2022-11-22 10:10:55,493 DEBUG    urllib3.connectionpool https://dl.google.com:443 "GET /dl/cloudsdk/channels/rapid/components-2.json HTTP/1.1" 200 203447
2022-11-22 10:10:56,870 DEBUG    root            Metrics reporting process started...
