2022-11-22 16:25:45,344 DEBUG    root            Loaded Command Group: ['gcloud', 'config']
2022-11-22 16:25:45,346 DEBUG    root            Loaded Command Group: ['gcloud', 'config', 'config_helper']
2022-11-22 16:25:45,346 DEBUG    root            Running [gcloud.config.config-helper] with arguments: [--format: "json"]
2022-11-22 16:25:45,357 DEBUG    google.auth.transport.requests Making request: POST https://oauth2.googleapis.com/token
2022-11-22 16:25:45,367 DEBUG    urllib3.connectionpool Starting new HTTPS connection (1): oauth2.googleapis.com:443
2022-11-22 16:25:45,520 DEBUG    urllib3.connectionpool https://oauth2.googleapis.com:443 "POST /token HTTP/1.1" 200 None
2022-11-22 16:25:45,523 INFO     root            Display format: "default json"
2022-11-22 16:25:45,523 INFO     ___FILE_ONLY___ {
  "configuration": {
    "active_configuration": "percona-cloud-dev",
    "properties": {
      "core": {
        "account": "inel.pandzic@percona.com",
        "disable_usage_reporting": "False",
        "project": "cloud-dev-112233"
      }
    }
  },
  "credential": {
    "access_token": "ya29.a0AeTM1icjWXqTMjYjQxsIiapFyFFIFm6L5TxLYt62FqJ7s79rnZWxv8maTCekWXr2n0DWHyd1bkHxoYXaYPSw187ZFvnnIoo7_t3vnSJm7QtxdsCBjtAqwZb1uqG2HWKZis6Pz0CXZpiUqxMXNJ5LqMTeU90pBLhpTF-jNO0aCgYKATwSARESFQHWtWOm6zPhjrdv_X2X4w-2FyIyUQ0174",
    "id_token": "eyJhbGciOiJSUzI1NiIsImtpZCI6IjI3Yjg2ZGM2OTM4ZGMzMjdiMjA0MzMzYTI1MGViYjQzYjMyZTRiM2MiLCJ0eXAiOiJKV1QifQ.eyJpc3MiOiJodHRwczovL2FjY291bnRzLmdvb2dsZS5jb20iLCJhenAiOiIzMjU1NTk0MDU1OS5hcHBzLmdvb2dsZXVzZXJjb250ZW50LmNvbSIsImF1ZCI6IjMyNTU1OTQwNTU5LmFwcHMuZ29vZ2xldXNlcmNvbnRlbnQuY29tIiwic3ViIjoiMTA3NDA5ODEzMzQ0NTU5NDQzNDA3IiwiaGQiOiJwZXJjb25hLmNvbSIsImVtYWlsIjoiaW5lbC5wYW5kemljQHBlcmNvbmEuY29tIiwiZW1haWxfdmVyaWZpZWQiOnRydWUsImF0X2hhc2giOiJlZVhWTHZkZ2dtaG1aejRkVTh5UVd3IiwiaWF0IjoxNjY5MTMwNzQ1LCJleHAiOjE2NjkxMzQzNDV9.fAj72uuNcqgWGVSBC2H5r-cmTrO3zw2pkAQfHexgkP6vEe44CfXojjLmRO6UPtlfJXV1A1jMYjeTgVJ42kENZiA0mJ-JPENAP43vDJRVayMGwEHBI2Hw5DDdQ62fZ22VK3fqYYUq9r7MxvoYOgHV7MTDHm5HIt4HAe8K3-tW4joqy-CSIy_0n1LIj8pBOShGS3Yz6R0XXn56cUpzpTHLliX9ElouZRa2c6AB9TKnd7FHM4tSN79u-c7_mDC3yLqU4bPCfElihZ0vyxM124IporzULElcQ3f_lAwOL9EK9MaB6OLuxYvb9rSIdvg4IL0CVoWEEmHIL6TlHiIHn1g-ow",
    "token_expiry": "2022-11-22T16:25:44Z"
  },
  "sentinels": {
    "config_sentinel": "/Users/inelpandzic/.config/gcloud/config_sentinel"
  }
}
2022-11-22 16:25:45,523 INFO     ___FILE_ONLY___ 

2022-11-22 16:25:45,529 DEBUG    root            Metrics reporting process started...
