2022-11-22 17:24:01,356 DEBUG    root            Loaded Command Group: ['gcloud', 'container', 'clusters']
2022-11-22 17:24:01,358 DEBUG    root            Loaded Command Group: ['gcloud', 'container', 'clusters', 'list']
2022-11-22 17:24:01,370 DEBUG    google.auth.transport.requests Making request: POST https://oauth2.googleapis.com/token
2022-11-22 17:24:01,383 DEBUG    urllib3.connectionpool Starting new HTTPS connection (1): oauth2.googleapis.com:443
2022-11-22 17:24:01,535 DEBUG    urllib3.connectionpool https://oauth2.googleapis.com:443 "POST /token HTTP/1.1" 200 None
2022-11-22 17:24:01,548 DEBUG    root            Running [gcloud.container.clusters.list] with arguments: []
2022-11-22 17:24:01,591 DEBUG    urllib3.connectionpool Starting new HTTPS connection (1): container.googleapis.com:443
2022-11-22 17:24:02,205 DEBUG    urllib3.connectionpool https://container.googleapis.com:443 "GET /v1/projects/cloud-dev-112233/locations/-/clusters?alt=json HTTP/1.1" 200 None
2022-11-22 17:24:02,258 INFO     root            Display format: "
    table(
        name,
        zone:label=LOCATION,
        master_version():label=MASTER_VERSION,
        endpoint:label=MASTER_IP,
        nodePools[0].config.machineType,
        currentNodeVersion:label=NODE_VERSION,
        firstof(currentNodeCount,initialNodeCount):label=NUM_NODES,
        status
    )
"
2022-11-22 17:24:02,284 INFO     ___FILE_ONLY___ NAME
2022-11-22 17:24:02,284 INFO     ___FILE_ONLY___                                 
2022-11-22 17:24:02,284 INFO     ___FILE_ONLY___ LOCATION
2022-11-22 17:24:02,284 INFO     ___FILE_ONLY___         
2022-11-22 17:24:02,284 INFO     ___FILE_ONLY___ MASTER_VERSION
2022-11-22 17:24:02,284 INFO     ___FILE_ONLY___                        
2022-11-22 17:24:02,284 INFO     ___FILE_ONLY___ MASTER_IP
2022-11-22 17:24:02,284 INFO     ___FILE_ONLY___         
2022-11-22 17:24:02,284 INFO     ___FILE_ONLY___ MACHINE_TYPE
2022-11-22 17:24:02,284 INFO     ___FILE_ONLY___    
2022-11-22 17:24:02,284 INFO     ___FILE_ONLY___ NODE_VERSION
2022-11-22 17:24:02,284 INFO     ___FILE_ONLY___       
2022-11-22 17:24:02,284 INFO     ___FILE_ONLY___ NUM_NODES
2022-11-22 17:24:02,284 INFO     ___FILE_ONLY___   
2022-11-22 17:24:02,284 INFO     ___FILE_ONLY___ STATUS
2022-11-22 17:24:02,284 INFO     ___FILE_ONLY___ 

2022-11-22 17:24:02,284 INFO     ___FILE_ONLY___ andrii-18558
2022-11-22 17:24:02,284 INFO     ___FILE_ONLY___                         
2022-11-22 17:24:02,284 INFO     ___FILE_ONLY___ europe-west1-c
2022-11-22 17:24:02,284 INFO     ___FILE_ONLY___   
2022-11-22 17:24:02,284 INFO     ___FILE_ONLY___ 1.21.14-gke.8500
2022-11-22 17:24:02,284 INFO     ___FILE_ONLY___                      
2022-11-22 17:24:02,284 INFO     ___FILE_ONLY___ 34.77.99.130
2022-11-22 17:24:02,284 INFO     ___FILE_ONLY___      
2022-11-22 17:24:02,284 INFO     ___FILE_ONLY___ n1-standard-4
2022-11-22 17:24:02,284 INFO     ___FILE_ONLY___   
2022-11-22 17:24:02,285 INFO     ___FILE_ONLY___ 1.21.14-gke.8500
2022-11-22 17:24:02,285 INFO     ___FILE_ONLY___   
2022-11-22 17:24:02,285 INFO     ___FILE_ONLY___ 3
2022-11-22 17:24:02,285 INFO     ___FILE_ONLY___           
2022-11-22 17:24:02,285 INFO     ___FILE_ONLY___ RUNNING
2022-11-22 17:24:02,285 INFO     ___FILE_ONLY___ 

2022-11-22 17:24:02,285 INFO     ___FILE_ONLY___ ege-22045
2022-11-22 17:24:02,285 INFO     ___FILE_ONLY___                            
2022-11-22 17:24:02,285 INFO     ___FILE_ONLY___ europe-west3
2022-11-22 17:24:02,285 INFO     ___FILE_ONLY___     
2022-11-22 17:24:02,285 INFO     ___FILE_ONLY___ 1.25.3-gke.800
2022-11-22 17:24:02,285 INFO     ___FILE_ONLY___                        
2022-11-22 17:24:02,285 INFO     ___FILE_ONLY___ 34.159.197.49
2022-11-22 17:24:02,285 INFO     ___FILE_ONLY___     
2022-11-22 17:24:02,285 INFO     ___FILE_ONLY___ n1-standard-4
2022-11-22 17:24:02,285 INFO     ___FILE_ONLY___   
2022-11-22 17:24:02,285 INFO     ___FILE_ONLY___ 1.25.3-gke.800
2022-11-22 17:24:02,285 INFO     ___FILE_ONLY___     
2022-11-22 17:24:02,285 INFO     ___FILE_ONLY___ 3
2022-11-22 17:24:02,285 INFO     ___FILE_ONLY___           
2022-11-22 17:24:02,285 INFO     ___FILE_ONLY___ RUNNING
2022-11-22 17:24:02,285 INFO     ___FILE_ONLY___ 

2022-11-22 17:24:02,285 INFO     ___FILE_ONLY___ ege-8069
2022-11-22 17:24:02,285 INFO     ___FILE_ONLY___                             
2022-11-22 17:24:02,285 INFO     ___FILE_ONLY___ europe-west3
2022-11-22 17:24:02,285 INFO     ___FILE_ONLY___     
2022-11-22 17:24:02,285 INFO     ___FILE_ONLY___ 1.21.14-gke.7100
2022-11-22 17:24:02,285 INFO     ___FILE_ONLY___                      
2022-11-22 17:24:02,286 INFO     ___FILE_ONLY___ 34.159.207.143
2022-11-22 17:24:02,286 INFO     ___FILE_ONLY___    
2022-11-22 17:24:02,286 INFO     ___FILE_ONLY___ n1-standard-4
2022-11-22 17:24:02,286 INFO     ___FILE_ONLY___   
2022-11-22 17:24:02,286 INFO     ___FILE_ONLY___ 1.21.14-gke.7100
2022-11-22 17:24:02,286 INFO     ___FILE_ONLY___   
2022-11-22 17:24:02,286 INFO     ___FILE_ONLY___ 3
2022-11-22 17:24:02,286 INFO     ___FILE_ONLY___           
2022-11-22 17:24:02,286 INFO     ___FILE_ONLY___ RUNNING
2022-11-22 17:24:02,286 INFO     ___FILE_ONLY___ 

2022-11-22 17:24:02,286 INFO     ___FILE_ONLY___ slava-pxc
2022-11-22 17:24:02,286 INFO     ___FILE_ONLY___                            
2022-11-22 17:24:02,286 INFO     ___FILE_ONLY___ europe-west3-a
2022-11-22 17:24:02,286 INFO     ___FILE_ONLY___   
2022-11-22 17:24:02,286 INFO     ___FILE_ONLY___ 1.21.14-gke.9500
2022-11-22 17:24:02,286 INFO     ___FILE_ONLY___                      
2022-11-22 17:24:02,286 INFO     ___FILE_ONLY___ 35.234.112.215
2022-11-22 17:24:02,286 INFO     ___FILE_ONLY___    
2022-11-22 17:24:02,286 INFO     ___FILE_ONLY___ n1-standard-4
2022-11-22 17:24:02,286 INFO     ___FILE_ONLY___   
2022-11-22 17:24:02,286 INFO     ___FILE_ONLY___ 1.21.14-gke.9500
2022-11-22 17:24:02,286 INFO     ___FILE_ONLY___   
2022-11-22 17:24:02,286 INFO     ___FILE_ONLY___ 3
2022-11-22 17:24:02,286 INFO     ___FILE_ONLY___           
2022-11-22 17:24:02,286 INFO     ___FILE_ONLY___ RUNNING
2022-11-22 17:24:02,286 INFO     ___FILE_ONLY___ 

2022-11-22 17:24:02,286 INFO     ___FILE_ONLY___ inel-29237
2022-11-22 17:24:02,286 INFO     ___FILE_ONLY___                           
2022-11-22 17:24:02,286 INFO     ___FILE_ONLY___ europe-west3-b
2022-11-22 17:24:02,286 INFO     ___FILE_ONLY___   
2022-11-22 17:24:02,286 INFO     ___FILE_ONLY___ 1.21.14-gke.9500
2022-11-22 17:24:02,286 INFO     ___FILE_ONLY___                      
2022-11-22 17:24:02,286 INFO     ___FILE_ONLY___ 34.159.96.2
2022-11-22 17:24:02,286 INFO     ___FILE_ONLY___       
2022-11-22 17:24:02,286 INFO     ___FILE_ONLY___ n1-standard-4
2022-11-22 17:24:02,286 INFO     ___FILE_ONLY___   
2022-11-22 17:24:02,286 INFO     ___FILE_ONLY___ 1.21.14-gke.9500
2022-11-22 17:24:02,286 INFO     ___FILE_ONLY___   
2022-11-22 17:24:02,286 INFO     ___FILE_ONLY___ 3
2022-11-22 17:24:02,286 INFO     ___FILE_ONLY___           
2022-11-22 17:24:02,286 INFO     ___FILE_ONLY___ RUNNING
2022-11-22 17:24:02,286 INFO     ___FILE_ONLY___ 

2022-11-22 17:24:02,286 INFO     ___FILE_ONLY___ max-30844
2022-11-22 17:24:02,287 INFO     ___FILE_ONLY___                            
2022-11-22 17:24:02,287 INFO     ___FILE_ONLY___ europe-west3-b
2022-11-22 17:24:02,287 INFO     ___FILE_ONLY___   
2022-11-22 17:24:02,287 INFO     ___FILE_ONLY___ 1.22.12-gke.2300
2022-11-22 17:24:02,287 INFO     ___FILE_ONLY___                      
2022-11-22 17:24:02,287 INFO     ___FILE_ONLY___ 35.246.193.17
2022-11-22 17:24:02,287 INFO     ___FILE_ONLY___     
2022-11-22 17:24:02,287 INFO     ___FILE_ONLY___ n1-standard-4
2022-11-22 17:24:02,287 INFO     ___FILE_ONLY___   
2022-11-22 17:24:02,287 INFO     ___FILE_ONLY___ 1.22.12-gke.2300
2022-11-22 17:24:02,287 INFO     ___FILE_ONLY___   
2022-11-22 17:24:02,287 INFO     ___FILE_ONLY___ 3
2022-11-22 17:24:02,287 INFO     ___FILE_ONLY___           
2022-11-22 17:24:02,287 INFO     ___FILE_ONLY___ RUNNING
2022-11-22 17:24:02,287 INFO     ___FILE_ONLY___ 

2022-11-22 17:24:02,287 INFO     ___FILE_ONLY___ jen-pxc-1277-49ae0690-3-cluster2
2022-11-22 17:24:02,287 INFO     ___FILE_ONLY___     
2022-11-22 17:24:02,287 INFO     ___FILE_ONLY___ us-central1-a
2022-11-22 17:24:02,287 INFO     ___FILE_ONLY___    
2022-11-22 17:24:02,287 INFO     ___FILE_ONLY___ 1.21.14-gke.8500
2022-11-22 17:24:02,287 INFO     ___FILE_ONLY___                      
2022-11-22 17:24:02,287 INFO     ___FILE_ONLY___ 34.70.212.161
2022-11-22 17:24:02,287 INFO     ___FILE_ONLY___     
2022-11-22 17:24:02,287 INFO     ___FILE_ONLY___ n1-standard-4
2022-11-22 17:24:02,287 INFO     ___FILE_ONLY___   
2022-11-22 17:24:02,287 INFO     ___FILE_ONLY___ 1.21.14-gke.8500
2022-11-22 17:24:02,287 INFO     ___FILE_ONLY___   
2022-11-22 17:24:02,287 INFO     ___FILE_ONLY___ 3
2022-11-22 17:24:02,287 INFO     ___FILE_ONLY___           
2022-11-22 17:24:02,287 INFO     ___FILE_ONLY___ RUNNING
2022-11-22 17:24:02,287 INFO     ___FILE_ONLY___ 

2022-11-22 17:24:02,287 INFO     ___FILE_ONLY___ jen-pxc-1280-180708fd-1-cluster2
2022-11-22 17:24:02,287 INFO     ___FILE_ONLY___     
2022-11-22 17:24:02,287 INFO     ___FILE_ONLY___ us-central1-a
2022-11-22 17:24:02,287 INFO     ___FILE_ONLY___    
2022-11-22 17:24:02,287 INFO     ___FILE_ONLY___ 1.21.14-gke.8500
2022-11-22 17:24:02,287 INFO     ___FILE_ONLY___                      
2022-11-22 17:24:02,287 INFO     ___FILE_ONLY___ 35.194.57.111
2022-11-22 17:24:02,287 INFO     ___FILE_ONLY___     
2022-11-22 17:24:02,287 INFO     ___FILE_ONLY___ n1-standard-4
2022-11-22 17:24:02,287 INFO     ___FILE_ONLY___   
2022-11-22 17:24:02,287 INFO     ___FILE_ONLY___ 1.21.14-gke.8500
2022-11-22 17:24:02,287 INFO     ___FILE_ONLY___   
2022-11-22 17:24:02,287 INFO     ___FILE_ONLY___ 3
2022-11-22 17:24:02,288 INFO     ___FILE_ONLY___           
2022-11-22 17:24:02,288 INFO     ___FILE_ONLY___ RUNNING
2022-11-22 17:24:02,288 INFO     ___FILE_ONLY___ 

2022-11-22 17:24:02,288 INFO     ___FILE_ONLY___ jen-pxc-1280-180708fd-1-cluster4
2022-11-22 17:24:02,288 INFO     ___FILE_ONLY___     
2022-11-22 17:24:02,288 INFO     ___FILE_ONLY___ us-central1-a
2022-11-22 17:24:02,288 INFO     ___FILE_ONLY___    
2022-11-22 17:24:02,288 INFO     ___FILE_ONLY___ 1.21.14-gke.8500
2022-11-22 17:24:02,288 INFO     ___FILE_ONLY___                      
2022-11-22 17:24:02,288 INFO     ___FILE_ONLY___ 34.173.153.133
2022-11-22 17:24:02,288 INFO     ___FILE_ONLY___    
2022-11-22 17:24:02,288 INFO     ___FILE_ONLY___ n1-standard-4
2022-11-22 17:24:02,288 INFO     ___FILE_ONLY___   
2022-11-22 17:24:02,288 INFO     ___FILE_ONLY___ 1.21.14-gke.8500
2022-11-22 17:24:02,288 INFO     ___FILE_ONLY___   
2022-11-22 17:24:02,288 INFO     ___FILE_ONLY___ 3
2022-11-22 17:24:02,288 INFO     ___FILE_ONLY___           
2022-11-22 17:24:02,288 INFO     ___FILE_ONLY___ RUNNING
2022-11-22 17:24:02,288 INFO     ___FILE_ONLY___ 

2022-11-22 17:24:02,288 INFO     ___FILE_ONLY___ jen-pxc-1280-180708fd-1-cluster8
2022-11-22 17:24:02,288 INFO     ___FILE_ONLY___     
2022-11-22 17:24:02,288 INFO     ___FILE_ONLY___ us-central1-a
2022-11-22 17:24:02,288 INFO     ___FILE_ONLY___    
2022-11-22 17:24:02,288 INFO     ___FILE_ONLY___ 1.21.14-gke.8500
2022-11-22 17:24:02,288 INFO     ___FILE_ONLY___                      
2022-11-22 17:24:02,288 INFO     ___FILE_ONLY___ 34.67.184.118
2022-11-22 17:24:02,288 INFO     ___FILE_ONLY___     
2022-11-22 17:24:02,288 INFO     ___FILE_ONLY___ n1-standard-4
2022-11-22 17:24:02,288 INFO     ___FILE_ONLY___   
2022-11-22 17:24:02,288 INFO     ___FILE_ONLY___ 1.21.14-gke.8500
2022-11-22 17:24:02,288 INFO     ___FILE_ONLY___   
2022-11-22 17:24:02,288 INFO     ___FILE_ONLY___ 3
2022-11-22 17:24:02,288 INFO     ___FILE_ONLY___           
2022-11-22 17:24:02,288 INFO     ___FILE_ONLY___ RUNNING
2022-11-22 17:24:02,288 INFO     ___FILE_ONLY___ 

2022-11-22 17:24:02,288 INFO     ___FILE_ONLY___ jen-pxc-1280-180708fd-1-cluster9
2022-11-22 17:24:02,288 INFO     ___FILE_ONLY___     
2022-11-22 17:24:02,288 INFO     ___FILE_ONLY___ us-central1-a
2022-11-22 17:24:02,288 INFO     ___FILE_ONLY___    
2022-11-22 17:24:02,288 INFO     ___FILE_ONLY___ 1.21.14-gke.8500
2022-11-22 17:24:02,288 INFO     ___FILE_ONLY___                      
2022-11-22 17:24:02,288 INFO     ___FILE_ONLY___ 34.132.249.233
2022-11-22 17:24:02,289 INFO     ___FILE_ONLY___    
2022-11-22 17:24:02,289 INFO     ___FILE_ONLY___ n1-standard-4
2022-11-22 17:24:02,289 INFO     ___FILE_ONLY___   
2022-11-22 17:24:02,289 INFO     ___FILE_ONLY___ 1.21.14-gke.8500
2022-11-22 17:24:02,289 INFO     ___FILE_ONLY___   
2022-11-22 17:24:02,289 INFO     ___FILE_ONLY___ 3
2022-11-22 17:24:02,289 INFO     ___FILE_ONLY___           
2022-11-22 17:24:02,289 INFO     ___FILE_ONLY___ RUNNING
2022-11-22 17:24:02,289 INFO     ___FILE_ONLY___ 

2022-11-22 17:24:02,289 INFO     ___FILE_ONLY___ jenkins-psmdb-3efd55cc-backups
2022-11-22 17:24:02,289 INFO     ___FILE_ONLY___       
2022-11-22 17:24:02,289 INFO     ___FILE_ONLY___ us-central1-a
2022-11-22 17:24:02,289 INFO     ___FILE_ONLY___    
2022-11-22 17:24:02,289 INFO     ___FILE_ONLY___ 1.21.14-gke.8500
2022-11-22 17:24:02,289 INFO     ___FILE_ONLY___                      
2022-11-22 17:24:02,289 INFO     ___FILE_ONLY___ 34.66.154.2
2022-11-22 17:24:02,289 INFO     ___FILE_ONLY___       
2022-11-22 17:24:02,289 INFO     ___FILE_ONLY___ n1-standard-4
2022-11-22 17:24:02,289 INFO     ___FILE_ONLY___   
2022-11-22 17:24:02,289 INFO     ___FILE_ONLY___ 1.21.14-gke.8500
2022-11-22 17:24:02,289 INFO     ___FILE_ONLY___   
2022-11-22 17:24:02,289 INFO     ___FILE_ONLY___ 3
2022-11-22 17:24:02,289 INFO     ___FILE_ONLY___           
2022-11-22 17:24:02,289 INFO     ___FILE_ONLY___ RUNNING
2022-11-22 17:24:02,289 INFO     ___FILE_ONLY___ 

2022-11-22 17:24:02,289 INFO     ___FILE_ONLY___ jenkins-psmdb-3efd55cc-basic
2022-11-22 17:24:02,289 INFO     ___FILE_ONLY___         
2022-11-22 17:24:02,289 INFO     ___FILE_ONLY___ us-central1-a
2022-11-22 17:24:02,289 INFO     ___FILE_ONLY___    
2022-11-22 17:24:02,289 INFO     ___FILE_ONLY___ 1.21.14-gke.8500
2022-11-22 17:24:02,289 INFO     ___FILE_ONLY___                      
2022-11-22 17:24:02,289 INFO     ___FILE_ONLY___ 104.197.1.241
2022-11-22 17:24:02,289 INFO     ___FILE_ONLY___     
2022-11-22 17:24:02,289 INFO     ___FILE_ONLY___ n1-standard-4
2022-11-22 17:24:02,289 INFO     ___FILE_ONLY___   
2022-11-22 17:24:02,289 INFO     ___FILE_ONLY___ 1.21.14-gke.8500
2022-11-22 17:24:02,289 INFO     ___FILE_ONLY___   
2022-11-22 17:24:02,289 INFO     ___FILE_ONLY___ 3
2022-11-22 17:24:02,289 INFO     ___FILE_ONLY___           
2022-11-22 17:24:02,289 INFO     ___FILE_ONLY___ RUNNING
2022-11-22 17:24:02,289 INFO     ___FILE_ONLY___ 

2022-11-22 17:24:02,289 INFO     ___FILE_ONLY___ jenkins-psmdb-3efd55cc-cross-site
2022-11-22 17:24:02,289 INFO     ___FILE_ONLY___    
2022-11-22 17:24:02,289 INFO     ___FILE_ONLY___ us-central1-a
2022-11-22 17:24:02,289 INFO     ___FILE_ONLY___    
2022-11-22 17:24:02,290 INFO     ___FILE_ONLY___ 1.21.14-gke.8500
2022-11-22 17:24:02,290 INFO     ___FILE_ONLY___                      
2022-11-22 17:24:02,290 INFO     ___FILE_ONLY___ 104.198.176.208
2022-11-22 17:24:02,290 INFO     ___FILE_ONLY___   
2022-11-22 17:24:02,290 INFO     ___FILE_ONLY___ n1-standard-4
2022-11-22 17:24:02,290 INFO     ___FILE_ONLY___   
2022-11-22 17:24:02,290 INFO     ___FILE_ONLY___ 1.21.14-gke.8500
2022-11-22 17:24:02,290 INFO     ___FILE_ONLY___   
2022-11-22 17:24:02,290 INFO     ___FILE_ONLY___ 3
2022-11-22 17:24:02,290 INFO     ___FILE_ONLY___           
2022-11-22 17:24:02,290 INFO     ___FILE_ONLY___ RUNNING
2022-11-22 17:24:02,290 INFO     ___FILE_ONLY___ 

2022-11-22 17:24:02,290 INFO     ___FILE_ONLY___ jenkins-psmdb-3efd55cc-scaling
2022-11-22 17:24:02,290 INFO     ___FILE_ONLY___       
2022-11-22 17:24:02,290 INFO     ___FILE_ONLY___ us-central1-a
2022-11-22 17:24:02,290 INFO     ___FILE_ONLY___    
2022-11-22 17:24:02,290 INFO     ___FILE_ONLY___ 1.21.14-gke.8500
2022-11-22 17:24:02,290 INFO     ___FILE_ONLY___                      
2022-11-22 17:24:02,290 INFO     ___FILE_ONLY___ 34.29.15.186
2022-11-22 17:24:02,290 INFO     ___FILE_ONLY___      
2022-11-22 17:24:02,290 INFO     ___FILE_ONLY___ n1-standard-4
2022-11-22 17:24:02,290 INFO     ___FILE_ONLY___   
2022-11-22 17:24:02,290 INFO     ___FILE_ONLY___ 1.21.14-gke.8500
2022-11-22 17:24:02,290 INFO     ___FILE_ONLY___   
2022-11-22 17:24:02,290 INFO     ___FILE_ONLY___ 3
2022-11-22 17:24:02,290 INFO     ___FILE_ONLY___           
2022-11-22 17:24:02,290 INFO     ___FILE_ONLY___ RUNNING
2022-11-22 17:24:02,290 INFO     ___FILE_ONLY___ 

2022-11-22 17:24:02,290 INFO     ___FILE_ONLY___ jenkins-psmdb-3efd55cc-selfhealing
2022-11-22 17:24:02,290 INFO     ___FILE_ONLY___   
2022-11-22 17:24:02,290 INFO     ___FILE_ONLY___ us-central1-a
2022-11-22 17:24:02,290 INFO     ___FILE_ONLY___    
2022-11-22 17:24:02,290 INFO     ___FILE_ONLY___ 1.21.14-gke.8500
2022-11-22 17:24:02,290 INFO     ___FILE_ONLY___                      
2022-11-22 17:24:02,290 INFO     ___FILE_ONLY___ 34.122.230.4
2022-11-22 17:24:02,290 INFO     ___FILE_ONLY___      
2022-11-22 17:24:02,290 INFO     ___FILE_ONLY___ n1-standard-4
2022-11-22 17:24:02,290 INFO     ___FILE_ONLY___   
2022-11-22 17:24:02,290 INFO     ___FILE_ONLY___ 1.21.14-gke.8500
2022-11-22 17:24:02,290 INFO     ___FILE_ONLY___   
2022-11-22 17:24:02,290 INFO     ___FILE_ONLY___ 3
2022-11-22 17:24:02,290 INFO     ___FILE_ONLY___           
2022-11-22 17:24:02,290 INFO     ___FILE_ONLY___ RUNNING
2022-11-22 17:24:02,290 INFO     ___FILE_ONLY___ 

2022-11-22 17:24:02,290 INFO     ___FILE_ONLY___ jenkins-pso-ca58ef8-cluster1
2022-11-22 17:24:02,290 INFO     ___FILE_ONLY___         
2022-11-22 17:24:02,290 INFO     ___FILE_ONLY___ us-central1-a
2022-11-22 17:24:02,290 INFO     ___FILE_ONLY___    
2022-11-22 17:24:02,291 INFO     ___FILE_ONLY___ 1.21.14-gke.9500 (! 12 days left !)
2022-11-22 17:24:02,291 INFO     ___FILE_ONLY___   
2022-11-22 17:24:02,291 INFO     ___FILE_ONLY___ 104.197.27.125
2022-11-22 17:24:02,291 INFO     ___FILE_ONLY___    
2022-11-22 17:24:02,291 INFO     ___FILE_ONLY___ n1-standard-4
2022-11-22 17:24:02,291 INFO     ___FILE_ONLY___   
2022-11-22 17:24:02,291 INFO     ___FILE_ONLY___ 1.21.14-gke.9500
2022-11-22 17:24:02,291 INFO     ___FILE_ONLY___   
2022-11-22 17:24:02,291 INFO     ___FILE_ONLY___ 3
2022-11-22 17:24:02,291 INFO     ___FILE_ONLY___           
2022-11-22 17:24:02,291 INFO     ___FILE_ONLY___ ERROR
2022-11-22 17:24:02,291 INFO     ___FILE_ONLY___ 

2022-11-22 17:24:02,291 INFO     ___FILE_ONLY___ plavi-1244
2022-11-22 17:24:02,291 INFO     ___FILE_ONLY___                           
2022-11-22 17:24:02,291 INFO     ___FILE_ONLY___ us-central1-a
2022-11-22 17:24:02,291 INFO     ___FILE_ONLY___    
2022-11-22 17:24:02,291 INFO     ___FILE_ONLY___ 1.24.6-gke.1500
2022-11-22 17:24:02,291 INFO     ___FILE_ONLY___                       
2022-11-22 17:24:02,291 INFO     ___FILE_ONLY___ 34.72.160.58
2022-11-22 17:24:02,291 INFO     ___FILE_ONLY___      
2022-11-22 17:24:02,291 INFO     ___FILE_ONLY___ n1-standard-4
2022-11-22 17:24:02,291 INFO     ___FILE_ONLY___   
2022-11-22 17:24:02,291 INFO     ___FILE_ONLY___ 1.24.6-gke.1500
2022-11-22 17:24:02,291 INFO     ___FILE_ONLY___    
2022-11-22 17:24:02,291 INFO     ___FILE_ONLY___ 3
2022-11-22 17:24:02,291 INFO     ___FILE_ONLY___           
2022-11-22 17:24:02,291 INFO     ___FILE_ONLY___ RUNNING
2022-11-22 17:24:02,291 INFO     ___FILE_ONLY___ 

2022-11-22 17:24:02,291 INFO     ___FILE_ONLY___ natali-22
2022-11-22 17:24:02,291 INFO     ___FILE_ONLY___                            
2022-11-22 17:24:02,291 INFO     ___FILE_ONLY___ us-central1-c
2022-11-22 17:24:02,291 INFO     ___FILE_ONLY___    
2022-11-22 17:24:02,291 INFO     ___FILE_ONLY___ 1.22.15-gke.2500
2022-11-22 17:24:02,291 INFO     ___FILE_ONLY___                      
2022-11-22 17:24:02,291 INFO     ___FILE_ONLY___ 34.134.233.178
2022-11-22 17:24:02,291 INFO     ___FILE_ONLY___    
2022-11-22 17:24:02,291 INFO     ___FILE_ONLY___ n1-standard-4
2022-11-22 17:24:02,291 INFO     ___FILE_ONLY___   
2022-11-22 17:24:02,291 INFO     ___FILE_ONLY___ 1.22.15-gke.2500
2022-11-22 17:24:02,291 INFO     ___FILE_ONLY___   
2022-11-22 17:24:02,291 INFO     ___FILE_ONLY___ 3
2022-11-22 17:24:02,291 INFO     ___FILE_ONLY___           
2022-11-22 17:24:02,291 INFO     ___FILE_ONLY___ RUNNING
2022-11-22 17:24:02,291 INFO     ___FILE_ONLY___ 

2022-11-22 17:24:02,292 INFO     ___FILE_ONLY___ natali-22-1
2022-11-22 17:24:02,292 INFO     ___FILE_ONLY___                          
2022-11-22 17:24:02,292 INFO     ___FILE_ONLY___ us-central1-c
2022-11-22 17:24:02,292 INFO     ___FILE_ONLY___    
2022-11-22 17:24:02,292 INFO     ___FILE_ONLY___ 1.22.15-gke.2500
2022-11-22 17:24:02,292 INFO     ___FILE_ONLY___                      
2022-11-22 17:24:02,292 INFO     ___FILE_ONLY___ 34.70.184.219
2022-11-22 17:24:02,292 INFO     ___FILE_ONLY___     
2022-11-22 17:24:02,292 INFO     ___FILE_ONLY___ n1-standard-4
2022-11-22 17:24:02,292 INFO     ___FILE_ONLY___   
2022-11-22 17:24:02,292 INFO     ___FILE_ONLY___ 1.22.15-gke.2500
2022-11-22 17:24:02,292 INFO     ___FILE_ONLY___   
2022-11-22 17:24:02,292 INFO     ___FILE_ONLY___ 3
2022-11-22 17:24:02,292 INFO     ___FILE_ONLY___           
2022-11-22 17:24:02,292 INFO     ___FILE_ONLY___ RUNNING
2022-11-22 17:24:02,292 INFO     ___FILE_ONLY___ 

2022-11-22 17:24:02,292 WARNING  root            
! One or more clusters are approaching expiration and will be deleted.

2022-11-22 17:24:02,293 INFO     ___FILE_ONLY___ 

Updates are available for some Google Cloud CLI components.  To install them,
please run:
  $ gcloud components update


2022-11-22 17:24:02,300 DEBUG    root            Metrics reporting process started...
