2023-07-18 00:57:08,714 DEBUG    root            Loaded Command Group: ['gcloud', 'config']
2023-07-18 00:57:08,715 DEBUG    root            Loaded Command Group: ['gcloud', 'config', 'config_helper']
2023-07-18 00:57:08,716 DEBUG    root            Running [gcloud.config.config-helper] with arguments: [--format: "json"]
2023-07-18 00:57:08,726 DEBUG    google.auth.transport.requests Making request: POST https://oauth2.googleapis.com/token
2023-07-18 00:57:08,741 DEBUG    urllib3.connectionpool Starting new HTTPS connection (1): oauth2.googleapis.com:443
2023-07-18 00:57:08,894 DEBUG    urllib3.connectionpool https://oauth2.googleapis.com:443 "POST /token HTTP/1.1" 200 None
2023-07-18 00:57:08,916 DEBUG    urllib3.connectionpool Starting new HTTPS connection (1): www.gstatic.com:443
2023-07-18 00:57:09,037 DEBUG    urllib3.connectionpool https://www.gstatic.com:443 "GET /cloudsdk/feature_flag_config_file.yaml HTTP/1.1" 200 101
2023-07-18 00:57:09,056 DEBUG    root            Chosen display Format:default json
2023-07-18 00:57:09,056 INFO     root            Display format: "default json"
2023-07-18 00:57:09,057 INFO     ___FILE_ONLY___ {
  "configuration": {
    "active_configuration": "percona-cloud-dev",
    "properties": {
      "core": {
        "account": "inel.pandzic@percona.com",
        "disable_usage_reporting": "False",
        "project": "cloud-dev-112233"
      }
    }
  },
  "credential": {
    "access_token": "ya29.a0AbVbY6PK3b6Wm1K-LeJ6xl_ppEemtQpThZRhQ9ZBC4Zi34NLmNS7kTM-QIKd-RYz3erMfgqX67J36geAkKvGUm2V_nAQNMhsgDEaTU4fZp-HcNueP0qrVK7StV03A9hz9r3JobTdNbPHNFw8y6fVKw1BmF-RZXXYHNiJlDAaCgYKAfISARESFQFWKvPlGU7k-NVWvAoBQ1r91VGE5Q0174",
    "id_token": "eyJhbGciOiJSUzI1NiIsImtpZCI6IjY3NmRhOWQzMTJjMzlhNDI5OTMyZjU0M2U2YzFiNmU2NTEyZTQ5ODMiLCJ0eXAiOiJKV1QifQ.eyJpc3MiOiJodHRwczovL2FjY291bnRzLmdvb2dsZS5jb20iLCJhenAiOiIzMjU1NTk0MDU1OS5hcHBzLmdvb2dsZXVzZXJjb250ZW50LmNvbSIsImF1ZCI6IjMyNTU1OTQwNTU5LmFwcHMuZ29vZ2xldXNlcmNvbnRlbnQuY29tIiwic3ViIjoiMTA3NDA5ODEzMzQ0NTU5NDQzNDA3IiwiaGQiOiJwZXJjb25hLmNvbSIsImVtYWlsIjoiaW5lbC5wYW5kemljQHBlcmNvbmEuY29tIiwiZW1haWxfdmVyaWZpZWQiOnRydWUsImF0X2hhc2giOiJBdGhDRnNJTV9Icm9sVDR0WFBkNnNBIiwiaWF0IjoxNjg5NjM0NjI4LCJleHAiOjE2ODk2MzgyMjh9.bF2JEu9Ta_NdHObtcrKN7p-ZUP-Zo5LpDXYVmwTpnV7Slwnr5lgmjWqAc3nu44SB1A8KU1-SFRe825NC7Ev449odNUtgn5MjY4h_dpuxZ21Z6S-pm_i1fZcYDWlGsIVxZQj_BIhwqevG8tjJK5s3nMAP01gMJ7Y_JHrxQAabr2ILas_eHYvDCQPQyl-4a8X7wREBYIDaGhOPGvLuOX0wBN7kmgVkWctXj5hOaqWdTNP6CosbnjNSWxi1mCKeVb8FXYT0sNvkf4YufZT0rsN560X0B8Wa7FnKcAk09SWgq5r78aBNRIBALCRXr7Mjk7vuFWoCIi0jmyQDV-yMSKYmZQ",
    "token_expiry": "2023-07-17T23:57:07Z"
  },
  "sentinels": {
    "config_sentinel": "/Users/inelpandzic/.config/gcloud/config_sentinel"
  }
}
2023-07-18 00:57:09,057 INFO     ___FILE_ONLY___ 

2023-07-18 00:57:09,062 DEBUG    root            Metrics reporting process started...
