2023-07-18 02:16:15,807 DEBUG    root            Loaded Command Group: ['gcloud', 'config']
2023-07-18 02:16:15,809 DEBUG    root            Loaded Command Group: ['gcloud', 'config', 'config_helper']
2023-07-18 02:16:15,810 DEBUG    root            Running [gcloud.config.config-helper] with arguments: [--format: "json"]
2023-07-18 02:16:15,819 DEBUG    google.auth.transport.requests Making request: POST https://oauth2.googleapis.com/token
2023-07-18 02:16:15,841 DEBUG    urllib3.connectionpool Starting new HTTPS connection (1): oauth2.googleapis.com:443
2023-07-18 02:16:15,997 DEBUG    urllib3.connectionpool https://oauth2.googleapis.com:443 "POST /token HTTP/1.1" 200 None
2023-07-18 02:16:16,014 DEBUG    urllib3.connectionpool Starting new HTTPS connection (1): www.gstatic.com:443
2023-07-18 02:16:16,122 DEBUG    urllib3.connectionpool https://www.gstatic.com:443 "GET /cloudsdk/feature_flag_config_file.yaml HTTP/1.1" 200 101
2023-07-18 02:16:16,129 DEBUG    root            Chosen display Format:default json
2023-07-18 02:16:16,129 INFO     root            Display format: "default json"
2023-07-18 02:16:16,130 INFO     ___FILE_ONLY___ {
  "configuration": {
    "active_configuration": "percona-cloud-dev",
    "properties": {
      "core": {
        "account": "inel.pandzic@percona.com",
        "disable_usage_reporting": "False",
        "project": "cloud-dev-112233"
      }
    }
  },
  "credential": {
    "access_token": "ya29.a0AbVbY6PsW-YfYRI4asU0xyt8_PbPDSGqoOBI3L89LaWC0UCxaOL_H88wgRCNulR3IBa6LTPTy1J_Wxic66tH-WVRlwA2CbZtmFPg3-JnEoGcx3XxWTRpk9Q-haSHGZVuuSfzbjGYGxSW-YYQA-wYeJ8mq7H-uLlk6SjzD94aCgYKAaQSARESFQFWKvPlf0yBt8IOmvYhwaqt1rY3nQ0174",
    "id_token": "eyJhbGciOiJSUzI1NiIsImtpZCI6IjY3NmRhOWQzMTJjMzlhNDI5OTMyZjU0M2U2YzFiNmU2NTEyZTQ5ODMiLCJ0eXAiOiJKV1QifQ.eyJpc3MiOiJodHRwczovL2FjY291bnRzLmdvb2dsZS5jb20iLCJhenAiOiIzMjU1NTk0MDU1OS5hcHBzLmdvb2dsZXVzZXJjb250ZW50LmNvbSIsImF1ZCI6IjMyNTU1OTQwNTU5LmFwcHMuZ29vZ2xldXNlcmNvbnRlbnQuY29tIiwic3ViIjoiMTA3NDA5ODEzMzQ0NTU5NDQzNDA3IiwiaGQiOiJwZXJjb25hLmNvbSIsImVtYWlsIjoiaW5lbC5wYW5kemljQHBlcmNvbmEuY29tIiwiZW1haWxfdmVyaWZpZWQiOnRydWUsImF0X2hhc2giOiJzVV8ydmw2SjNOdE91Qm5XaEhCLUN3IiwiaWF0IjoxNjg5NjM5Mzc2LCJleHAiOjE2ODk2NDI5NzZ9.Q5S6DEJEWylehx43bj64T9Rw52KmQoWyp3tK7Z5WmWRSmEwmj24AdVffDoHdwjxVIGbuK40WSrFnW2PpnhwoYj1OEZa4r8Tst0vS1Tf2iDroKl2VeVyo8B1xARpM6zmPfE7F9a9NZdO7ib3NJgBH0yt039sDkHzcKMjQcmrtz1151JX-xqc8f04KaylVMMIWJzSpQ9KQzX_0jl0SHgwQoBNQ48SMltDPvL8v3-9gEnGzOuYyQP2dWmFLm2gGT62dfyJ_yF6nOyWu7Jfu-PjfF7Xnet7jXkkcXukCg3WQv4CiSoCGKyGezW4ad66upvw_HNGDPoMqMWeRdj8TJp8vkQ",
    "token_expiry": "2023-07-18T01:16:14Z"
  },
  "sentinels": {
    "config_sentinel": "/Users/inelpandzic/.config/gcloud/config_sentinel"
  }
}
2023-07-18 02:16:16,130 INFO     ___FILE_ONLY___ 

2023-07-18 02:16:16,141 DEBUG    root            Metrics reporting process started...
