2023-07-18 08:52:17,702 DEBUG    root            Loaded Command Group: ['gcloud', 'container', 'clusters']
2023-07-18 08:52:17,708 DEBUG    root            Loaded Command Group: ['gcloud', 'container', 'clusters', 'create']
2023-07-18 08:52:17,725 DEBUG    root            Running [gcloud.container.clusters.create] with arguments: [--cluster-version: "1.25", --disk-size: "32212254720", --labels: "OrderedDict([('delete-cluster-after-hours', '10')])", --machine-type: "n1-standard-4", --no-enable-autoupgrade: "False", --num-nodes: "3", --preemptible: "True", --zone: "europe-west3-b", NAME: "inel-24159"]
2023-07-18 08:52:17,731 INFO     ___FILE_ONLY___ Default change: VPC-native is the default mode during cluster creation for versions greater than 1.21.0-gke.1500. To create advanced routes based clusters, please pass the `--no-enable-ip-alias` flag

2023-07-18 08:52:17,731 INFO     ___FILE_ONLY___ Default change: During creation of nodepools or autoscaling configuration changes for cluster versions greater than 1.24.1-gke.800 a default location policy is applied. For Spot and PVM it defaults to ANY, and for all other VM kinds a BALANCED policy is used. To change the default values use the `--location-policy` flag.

2023-07-18 08:52:17,731 INFO     ___FILE_ONLY___ Note: Your Pod address range (`--cluster-ipv4-cidr`) can accommodate at most 1008 node(s).

2023-07-18 08:52:18,368 DEBUG    urllib3.connectionpool Starting new HTTPS connection (1): container.googleapis.com:443
2023-07-18 08:52:24,265 DEBUG    urllib3.connectionpool https://container.googleapis.com:443 "POST /v1/projects/cloud-dev-112233/locations/europe-west3-b/clusters?alt=json HTTP/1.1" 200 None
2023-07-18 08:52:24,267 INFO     ___FILE_ONLY___ Creating cluster inel-24159 in europe-west3-b...
2023-07-18 08:52:24,276 DEBUG    urllib3.connectionpool Starting new HTTPS connection (1): container.googleapis.com:443
2023-07-18 08:52:24,587 DEBUG    urllib3.connectionpool https://container.googleapis.com:443 "GET /v1/projects/cloud-dev-112233/locations/europe-west3-b/operations/operation-1689663143254-9ee0525f-179f-463b-abd7-c14550e896c0?alt=json HTTP/1.1" 200 None
2023-07-18 08:52:29,597 DEBUG    urllib3.connectionpool Starting new HTTPS connection (1): container.googleapis.com:443
2023-07-18 08:52:41,365 DEBUG    urllib3.connectionpool https://container.googleapis.com:443 "GET /v1/projects/cloud-dev-112233/locations/europe-west3-b/operations/operation-1689663143254-9ee0525f-179f-463b-abd7-c14550e896c0?alt=json HTTP/1.1" 200 None
2023-07-18 08:52:46,379 DEBUG    urllib3.connectionpool Starting new HTTPS connection (1): container.googleapis.com:443
2023-07-18 08:52:46,647 DEBUG    urllib3.connectionpool https://container.googleapis.com:443 "GET /v1/projects/cloud-dev-112233/locations/europe-west3-b/operations/operation-1689663143254-9ee0525f-179f-463b-abd7-c14550e896c0?alt=json HTTP/1.1" 200 None
2023-07-18 08:52:51,667 DEBUG    urllib3.connectionpool Starting new HTTPS connection (1): container.googleapis.com:443
2023-07-18 08:52:51,970 DEBUG    urllib3.connectionpool https://container.googleapis.com:443 "GET /v1/projects/cloud-dev-112233/locations/europe-west3-b/operations/operation-1689663143254-9ee0525f-179f-463b-abd7-c14550e896c0?alt=json HTTP/1.1" 200 None
2023-07-18 08:52:56,979 DEBUG    urllib3.connectionpool Starting new HTTPS connection (1): container.googleapis.com:443
2023-07-18 08:52:57,279 DEBUG    urllib3.connectionpool https://container.googleapis.com:443 "GET /v1/projects/cloud-dev-112233/locations/europe-west3-b/operations/operation-1689663143254-9ee0525f-179f-463b-abd7-c14550e896c0?alt=json HTTP/1.1" 200 None
2023-07-18 08:53:02,296 DEBUG    urllib3.connectionpool Starting new HTTPS connection (1): container.googleapis.com:443
2023-07-18 08:53:02,587 DEBUG    urllib3.connectionpool https://container.googleapis.com:443 "GET /v1/projects/cloud-dev-112233/locations/europe-west3-b/operations/operation-1689663143254-9ee0525f-179f-463b-abd7-c14550e896c0?alt=json HTTP/1.1" 200 None
2023-07-18 08:53:07,604 DEBUG    urllib3.connectionpool Starting new HTTPS connection (1): container.googleapis.com:443
2023-07-18 08:53:07,930 DEBUG    urllib3.connectionpool https://container.googleapis.com:443 "GET /v1/projects/cloud-dev-112233/locations/europe-west3-b/operations/operation-1689663143254-9ee0525f-179f-463b-abd7-c14550e896c0?alt=json HTTP/1.1" 200 None
2023-07-18 08:53:12,946 DEBUG    urllib3.connectionpool Starting new HTTPS connection (1): container.googleapis.com:443
2023-07-18 08:53:13,173 DEBUG    urllib3.connectionpool https://container.googleapis.com:443 "GET /v1/projects/cloud-dev-112233/locations/europe-west3-b/operations/operation-1689663143254-9ee0525f-179f-463b-abd7-c14550e896c0?alt=json HTTP/1.1" 200 None
2023-07-18 08:53:18,192 DEBUG    urllib3.connectionpool Starting new HTTPS connection (1): container.googleapis.com:443
2023-07-18 08:53:19,524 DEBUG    urllib3.connectionpool https://container.googleapis.com:443 "GET /v1/projects/cloud-dev-112233/locations/europe-west3-b/operations/operation-1689663143254-9ee0525f-179f-463b-abd7-c14550e896c0?alt=json HTTP/1.1" 200 None
2023-07-18 08:53:24,541 DEBUG    urllib3.connectionpool Starting new HTTPS connection (1): container.googleapis.com:443
2023-07-18 08:53:24,899 DEBUG    urllib3.connectionpool https://container.googleapis.com:443 "GET /v1/projects/cloud-dev-112233/locations/europe-west3-b/operations/operation-1689663143254-9ee0525f-179f-463b-abd7-c14550e896c0?alt=json HTTP/1.1" 200 None
2023-07-18 08:53:29,910 DEBUG    urllib3.connectionpool Starting new HTTPS connection (1): container.googleapis.com:443
2023-07-18 08:53:30,172 DEBUG    urllib3.connectionpool https://container.googleapis.com:443 "GET /v1/projects/cloud-dev-112233/locations/europe-west3-b/operations/operation-1689663143254-9ee0525f-179f-463b-abd7-c14550e896c0?alt=json HTTP/1.1" 200 None
2023-07-18 08:53:35,188 DEBUG    urllib3.connectionpool Starting new HTTPS connection (1): container.googleapis.com:443
2023-07-18 08:53:35,478 DEBUG    urllib3.connectionpool https://container.googleapis.com:443 "GET /v1/projects/cloud-dev-112233/locations/europe-west3-b/operations/operation-1689663143254-9ee0525f-179f-463b-abd7-c14550e896c0?alt=json HTTP/1.1" 200 None
2023-07-18 08:53:40,490 DEBUG    urllib3.connectionpool Starting new HTTPS connection (1): container.googleapis.com:443
2023-07-18 08:53:40,726 DEBUG    urllib3.connectionpool https://container.googleapis.com:443 "GET /v1/projects/cloud-dev-112233/locations/europe-west3-b/operations/operation-1689663143254-9ee0525f-179f-463b-abd7-c14550e896c0?alt=json HTTP/1.1" 200 None
2023-07-18 08:53:45,748 DEBUG    urllib3.connectionpool Starting new HTTPS connection (1): container.googleapis.com:443
2023-07-18 08:53:45,964 DEBUG    urllib3.connectionpool https://container.googleapis.com:443 "GET /v1/projects/cloud-dev-112233/locations/europe-west3-b/operations/operation-1689663143254-9ee0525f-179f-463b-abd7-c14550e896c0?alt=json HTTP/1.1" 200 None
2023-07-18 08:53:50,974 DEBUG    urllib3.connectionpool Starting new HTTPS connection (1): container.googleapis.com:443
2023-07-18 08:53:51,468 DEBUG    urllib3.connectionpool https://container.googleapis.com:443 "GET /v1/projects/cloud-dev-112233/locations/europe-west3-b/operations/operation-1689663143254-9ee0525f-179f-463b-abd7-c14550e896c0?alt=json HTTP/1.1" 200 None
2023-07-18 08:53:56,481 DEBUG    urllib3.connectionpool Starting new HTTPS connection (1): container.googleapis.com:443
2023-07-18 08:53:56,737 DEBUG    urllib3.connectionpool https://container.googleapis.com:443 "GET /v1/projects/cloud-dev-112233/locations/europe-west3-b/operations/operation-1689663143254-9ee0525f-179f-463b-abd7-c14550e896c0?alt=json HTTP/1.1" 200 None
2023-07-18 08:54:01,751 DEBUG    urllib3.connectionpool Starting new HTTPS connection (1): container.googleapis.com:443
2023-07-18 08:54:01,991 DEBUG    urllib3.connectionpool https://container.googleapis.com:443 "GET /v1/projects/cloud-dev-112233/locations/europe-west3-b/operations/operation-1689663143254-9ee0525f-179f-463b-abd7-c14550e896c0?alt=json HTTP/1.1" 200 None
2023-07-18 08:54:07,012 DEBUG    urllib3.connectionpool Starting new HTTPS connection (1): container.googleapis.com:443
2023-07-18 08:54:07,220 DEBUG    urllib3.connectionpool https://container.googleapis.com:443 "GET /v1/projects/cloud-dev-112233/locations/europe-west3-b/operations/operation-1689663143254-9ee0525f-179f-463b-abd7-c14550e896c0?alt=json HTTP/1.1" 200 None
2023-07-18 08:54:12,235 DEBUG    urllib3.connectionpool Starting new HTTPS connection (1): container.googleapis.com:443
2023-07-18 08:54:12,505 DEBUG    urllib3.connectionpool https://container.googleapis.com:443 "GET /v1/projects/cloud-dev-112233/locations/europe-west3-b/operations/operation-1689663143254-9ee0525f-179f-463b-abd7-c14550e896c0?alt=json HTTP/1.1" 200 None
2023-07-18 08:54:17,517 DEBUG    urllib3.connectionpool Starting new HTTPS connection (1): container.googleapis.com:443
2023-07-18 08:54:17,769 DEBUG    urllib3.connectionpool https://container.googleapis.com:443 "GET /v1/projects/cloud-dev-112233/locations/europe-west3-b/operations/operation-1689663143254-9ee0525f-179f-463b-abd7-c14550e896c0?alt=json HTTP/1.1" 200 None
2023-07-18 08:54:22,779 DEBUG    urllib3.connectionpool Starting new HTTPS connection (1): container.googleapis.com:443
2023-07-18 08:54:23,028 DEBUG    urllib3.connectionpool https://container.googleapis.com:443 "GET /v1/projects/cloud-dev-112233/locations/europe-west3-b/operations/operation-1689663143254-9ee0525f-179f-463b-abd7-c14550e896c0?alt=json HTTP/1.1" 200 None
2023-07-18 08:54:28,048 DEBUG    urllib3.connectionpool Starting new HTTPS connection (1): container.googleapis.com:443
2023-07-18 08:54:28,271 DEBUG    urllib3.connectionpool https://container.googleapis.com:443 "GET /v1/projects/cloud-dev-112233/locations/europe-west3-b/operations/operation-1689663143254-9ee0525f-179f-463b-abd7-c14550e896c0?alt=json HTTP/1.1" 200 None
2023-07-18 08:54:33,281 DEBUG    urllib3.connectionpool Starting new HTTPS connection (1): container.googleapis.com:443
2023-07-18 08:54:33,492 DEBUG    urllib3.connectionpool https://container.googleapis.com:443 "GET /v1/projects/cloud-dev-112233/locations/europe-west3-b/operations/operation-1689663143254-9ee0525f-179f-463b-abd7-c14550e896c0?alt=json HTTP/1.1" 200 None
2023-07-18 08:54:38,508 DEBUG    urllib3.connectionpool Starting new HTTPS connection (1): container.googleapis.com:443
2023-07-18 08:54:38,721 DEBUG    urllib3.connectionpool https://container.googleapis.com:443 "GET /v1/projects/cloud-dev-112233/locations/europe-west3-b/operations/operation-1689663143254-9ee0525f-179f-463b-abd7-c14550e896c0?alt=json HTTP/1.1" 200 None
2023-07-18 08:54:43,735 DEBUG    urllib3.connectionpool Starting new HTTPS connection (1): container.googleapis.com:443
2023-07-18 08:54:44,010 DEBUG    urllib3.connectionpool https://container.googleapis.com:443 "GET /v1/projects/cloud-dev-112233/locations/europe-west3-b/operations/operation-1689663143254-9ee0525f-179f-463b-abd7-c14550e896c0?alt=json HTTP/1.1" 200 None
2023-07-18 08:54:49,025 DEBUG    urllib3.connectionpool Starting new HTTPS connection (1): container.googleapis.com:443
2023-07-18 08:54:49,260 DEBUG    urllib3.connectionpool https://container.googleapis.com:443 "GET /v1/projects/cloud-dev-112233/locations/europe-west3-b/operations/operation-1689663143254-9ee0525f-179f-463b-abd7-c14550e896c0?alt=json HTTP/1.1" 200 None
2023-07-18 08:54:54,276 DEBUG    urllib3.connectionpool Starting new HTTPS connection (1): container.googleapis.com:443
2023-07-18 08:54:54,547 DEBUG    urllib3.connectionpool https://container.googleapis.com:443 "GET /v1/projects/cloud-dev-112233/locations/europe-west3-b/operations/operation-1689663143254-9ee0525f-179f-463b-abd7-c14550e896c0?alt=json HTTP/1.1" 200 None
2023-07-18 08:54:59,561 DEBUG    urllib3.connectionpool Starting new HTTPS connection (1): container.googleapis.com:443
2023-07-18 08:54:59,794 DEBUG    urllib3.connectionpool https://container.googleapis.com:443 "GET /v1/projects/cloud-dev-112233/locations/europe-west3-b/operations/operation-1689663143254-9ee0525f-179f-463b-abd7-c14550e896c0?alt=json HTTP/1.1" 200 None
2023-07-18 08:55:04,808 DEBUG    urllib3.connectionpool Starting new HTTPS connection (1): container.googleapis.com:443
2023-07-18 08:55:05,027 DEBUG    urllib3.connectionpool https://container.googleapis.com:443 "GET /v1/projects/cloud-dev-112233/locations/europe-west3-b/operations/operation-1689663143254-9ee0525f-179f-463b-abd7-c14550e896c0?alt=json HTTP/1.1" 200 None
2023-07-18 08:55:10,042 DEBUG    urllib3.connectionpool Starting new HTTPS connection (1): container.googleapis.com:443
2023-07-18 08:55:10,279 DEBUG    urllib3.connectionpool https://container.googleapis.com:443 "GET /v1/projects/cloud-dev-112233/locations/europe-west3-b/operations/operation-1689663143254-9ee0525f-179f-463b-abd7-c14550e896c0?alt=json HTTP/1.1" 200 None
2023-07-18 08:55:15,294 DEBUG    urllib3.connectionpool Starting new HTTPS connection (1): container.googleapis.com:443
2023-07-18 08:55:15,536 DEBUG    urllib3.connectionpool https://container.googleapis.com:443 "GET /v1/projects/cloud-dev-112233/locations/europe-west3-b/operations/operation-1689663143254-9ee0525f-179f-463b-abd7-c14550e896c0?alt=json HTTP/1.1" 200 None
2023-07-18 08:55:20,546 DEBUG    urllib3.connectionpool Starting new HTTPS connection (1): container.googleapis.com:443
2023-07-18 08:55:20,757 DEBUG    urllib3.connectionpool https://container.googleapis.com:443 "GET /v1/projects/cloud-dev-112233/locations/europe-west3-b/operations/operation-1689663143254-9ee0525f-179f-463b-abd7-c14550e896c0?alt=json HTTP/1.1" 200 None
2023-07-18 08:55:25,772 DEBUG    urllib3.connectionpool Starting new HTTPS connection (1): container.googleapis.com:443
2023-07-18 08:55:26,045 DEBUG    urllib3.connectionpool https://container.googleapis.com:443 "GET /v1/projects/cloud-dev-112233/locations/europe-west3-b/operations/operation-1689663143254-9ee0525f-179f-463b-abd7-c14550e896c0?alt=json HTTP/1.1" 200 None
2023-07-18 08:55:31,058 DEBUG    urllib3.connectionpool Starting new HTTPS connection (1): container.googleapis.com:443
2023-07-18 08:55:31,304 DEBUG    urllib3.connectionpool https://container.googleapis.com:443 "GET /v1/projects/cloud-dev-112233/locations/europe-west3-b/operations/operation-1689663143254-9ee0525f-179f-463b-abd7-c14550e896c0?alt=json HTTP/1.1" 200 None
2023-07-18 08:55:36,317 DEBUG    urllib3.connectionpool Starting new HTTPS connection (1): container.googleapis.com:443
2023-07-18 08:55:36,532 DEBUG    urllib3.connectionpool https://container.googleapis.com:443 "GET /v1/projects/cloud-dev-112233/locations/europe-west3-b/operations/operation-1689663143254-9ee0525f-179f-463b-abd7-c14550e896c0?alt=json HTTP/1.1" 200 None
2023-07-18 08:55:41,550 DEBUG    urllib3.connectionpool Starting new HTTPS connection (1): container.googleapis.com:443
2023-07-18 08:55:41,782 DEBUG    urllib3.connectionpool https://container.googleapis.com:443 "GET /v1/projects/cloud-dev-112233/locations/europe-west3-b/operations/operation-1689663143254-9ee0525f-179f-463b-abd7-c14550e896c0?alt=json HTTP/1.1" 200 None
2023-07-18 08:55:46,799 DEBUG    urllib3.connectionpool Starting new HTTPS connection (1): container.googleapis.com:443
2023-07-18 08:55:47,143 DEBUG    urllib3.connectionpool https://container.googleapis.com:443 "GET /v1/projects/cloud-dev-112233/locations/europe-west3-b/operations/operation-1689663143254-9ee0525f-179f-463b-abd7-c14550e896c0?alt=json HTTP/1.1" 200 None
2023-07-18 08:55:52,162 DEBUG    urllib3.connectionpool Starting new HTTPS connection (1): container.googleapis.com:443
2023-07-18 08:55:52,477 DEBUG    urllib3.connectionpool https://container.googleapis.com:443 "GET /v1/projects/cloud-dev-112233/locations/europe-west3-b/operations/operation-1689663143254-9ee0525f-179f-463b-abd7-c14550e896c0?alt=json HTTP/1.1" 200 None
2023-07-18 08:55:57,491 DEBUG    urllib3.connectionpool Starting new HTTPS connection (1): container.googleapis.com:443
2023-07-18 08:55:57,754 DEBUG    urllib3.connectionpool https://container.googleapis.com:443 "GET /v1/projects/cloud-dev-112233/locations/europe-west3-b/operations/operation-1689663143254-9ee0525f-179f-463b-abd7-c14550e896c0?alt=json HTTP/1.1" 200 None
2023-07-18 08:56:02,774 DEBUG    urllib3.connectionpool Starting new HTTPS connection (1): container.googleapis.com:443
2023-07-18 08:56:03,069 DEBUG    urllib3.connectionpool https://container.googleapis.com:443 "GET /v1/projects/cloud-dev-112233/locations/europe-west3-b/operations/operation-1689663143254-9ee0525f-179f-463b-abd7-c14550e896c0?alt=json HTTP/1.1" 200 None
2023-07-18 08:56:08,092 DEBUG    urllib3.connectionpool Starting new HTTPS connection (1): container.googleapis.com:443
2023-07-18 08:56:08,315 DEBUG    urllib3.connectionpool https://container.googleapis.com:443 "GET /v1/projects/cloud-dev-112233/locations/europe-west3-b/operations/operation-1689663143254-9ee0525f-179f-463b-abd7-c14550e896c0?alt=json HTTP/1.1" 200 None
2023-07-18 08:56:13,335 DEBUG    urllib3.connectionpool Starting new HTTPS connection (1): container.googleapis.com:443
2023-07-18 08:56:13,580 DEBUG    urllib3.connectionpool https://container.googleapis.com:443 "GET /v1/projects/cloud-dev-112233/locations/europe-west3-b/operations/operation-1689663143254-9ee0525f-179f-463b-abd7-c14550e896c0?alt=json HTTP/1.1" 200 None
2023-07-18 08:56:18,598 DEBUG    urllib3.connectionpool Starting new HTTPS connection (1): container.googleapis.com:443
2023-07-18 08:56:18,869 DEBUG    urllib3.connectionpool https://container.googleapis.com:443 "GET /v1/projects/cloud-dev-112233/locations/europe-west3-b/operations/operation-1689663143254-9ee0525f-179f-463b-abd7-c14550e896c0?alt=json HTTP/1.1" 200 None
2023-07-18 08:56:23,884 DEBUG    urllib3.connectionpool Starting new HTTPS connection (1): container.googleapis.com:443
2023-07-18 08:56:24,380 DEBUG    urllib3.connectionpool https://container.googleapis.com:443 "GET /v1/projects/cloud-dev-112233/locations/europe-west3-b/operations/operation-1689663143254-9ee0525f-179f-463b-abd7-c14550e896c0?alt=json HTTP/1.1" 200 None
2023-07-18 08:56:29,398 DEBUG    urllib3.connectionpool Starting new HTTPS connection (1): container.googleapis.com:443
2023-07-18 08:56:29,647 DEBUG    urllib3.connectionpool https://container.googleapis.com:443 "GET /v1/projects/cloud-dev-112233/locations/europe-west3-b/operations/operation-1689663143254-9ee0525f-179f-463b-abd7-c14550e896c0?alt=json HTTP/1.1" 200 None
2023-07-18 08:56:34,663 DEBUG    urllib3.connectionpool Starting new HTTPS connection (1): container.googleapis.com:443
2023-07-18 08:56:34,928 DEBUG    urllib3.connectionpool https://container.googleapis.com:443 "GET /v1/projects/cloud-dev-112233/locations/europe-west3-b/operations/operation-1689663143254-9ee0525f-179f-463b-abd7-c14550e896c0?alt=json HTTP/1.1" 200 None
2023-07-18 08:56:39,942 DEBUG    urllib3.connectionpool Starting new HTTPS connection (1): container.googleapis.com:443
2023-07-18 08:56:40,236 DEBUG    urllib3.connectionpool https://container.googleapis.com:443 "GET /v1/projects/cloud-dev-112233/locations/europe-west3-b/operations/operation-1689663143254-9ee0525f-179f-463b-abd7-c14550e896c0?alt=json HTTP/1.1" 200 None
2023-07-18 08:56:45,245 DEBUG    urllib3.connectionpool Starting new HTTPS connection (1): container.googleapis.com:443
2023-07-18 08:56:45,546 DEBUG    urllib3.connectionpool https://container.googleapis.com:443 "GET /v1/projects/cloud-dev-112233/locations/europe-west3-b/operations/operation-1689663143254-9ee0525f-179f-463b-abd7-c14550e896c0?alt=json HTTP/1.1" 200 None
2023-07-18 08:56:50,557 DEBUG    urllib3.connectionpool Starting new HTTPS connection (1): container.googleapis.com:443
2023-07-18 08:56:50,761 DEBUG    urllib3.connectionpool https://container.googleapis.com:443 "GET /v1/projects/cloud-dev-112233/locations/europe-west3-b/operations/operation-1689663143254-9ee0525f-179f-463b-abd7-c14550e896c0?alt=json HTTP/1.1" 200 None
2023-07-18 08:56:55,782 DEBUG    urllib3.connectionpool Starting new HTTPS connection (1): container.googleapis.com:443
2023-07-18 08:56:56,028 DEBUG    urllib3.connectionpool https://container.googleapis.com:443 "GET /v1/projects/cloud-dev-112233/locations/europe-west3-b/operations/operation-1689663143254-9ee0525f-179f-463b-abd7-c14550e896c0?alt=json HTTP/1.1" 200 None
2023-07-18 08:57:01,051 DEBUG    urllib3.connectionpool Starting new HTTPS connection (1): container.googleapis.com:443
2023-07-18 08:57:01,277 DEBUG    urllib3.connectionpool https://container.googleapis.com:443 "GET /v1/projects/cloud-dev-112233/locations/europe-west3-b/operations/operation-1689663143254-9ee0525f-179f-463b-abd7-c14550e896c0?alt=json HTTP/1.1" 200 None
2023-07-18 08:57:06,297 DEBUG    urllib3.connectionpool Starting new HTTPS connection (1): container.googleapis.com:443
2023-07-18 08:57:06,542 DEBUG    urllib3.connectionpool https://container.googleapis.com:443 "GET /v1/projects/cloud-dev-112233/locations/europe-west3-b/operations/operation-1689663143254-9ee0525f-179f-463b-abd7-c14550e896c0?alt=json HTTP/1.1" 200 None
2023-07-18 08:57:11,556 DEBUG    urllib3.connectionpool Starting new HTTPS connection (1): container.googleapis.com:443
2023-07-18 08:57:11,771 DEBUG    urllib3.connectionpool https://container.googleapis.com:443 "GET /v1/projects/cloud-dev-112233/locations/europe-west3-b/operations/operation-1689663143254-9ee0525f-179f-463b-abd7-c14550e896c0?alt=json HTTP/1.1" 200 None
2023-07-18 08:57:16,787 DEBUG    urllib3.connectionpool Starting new HTTPS connection (1): container.googleapis.com:443
2023-07-18 08:57:17,022 DEBUG    urllib3.connectionpool https://container.googleapis.com:443 "GET /v1/projects/cloud-dev-112233/locations/europe-west3-b/operations/operation-1689663143254-9ee0525f-179f-463b-abd7-c14550e896c0?alt=json HTTP/1.1" 200 None
2023-07-18 08:57:22,036 DEBUG    urllib3.connectionpool Starting new HTTPS connection (1): container.googleapis.com:443
2023-07-18 08:57:22,279 DEBUG    urllib3.connectionpool https://container.googleapis.com:443 "GET /v1/projects/cloud-dev-112233/locations/europe-west3-b/operations/operation-1689663143254-9ee0525f-179f-463b-abd7-c14550e896c0?alt=json HTTP/1.1" 200 None
2023-07-18 08:57:27,296 DEBUG    urllib3.connectionpool Starting new HTTPS connection (1): container.googleapis.com:443
2023-07-18 08:57:27,528 DEBUG    urllib3.connectionpool https://container.googleapis.com:443 "GET /v1/projects/cloud-dev-112233/locations/europe-west3-b/operations/operation-1689663143254-9ee0525f-179f-463b-abd7-c14550e896c0?alt=json HTTP/1.1" 200 None
2023-07-18 08:57:32,547 DEBUG    urllib3.connectionpool Starting new HTTPS connection (1): container.googleapis.com:443
2023-07-18 08:57:32,799 DEBUG    urllib3.connectionpool https://container.googleapis.com:443 "GET /v1/projects/cloud-dev-112233/locations/europe-west3-b/operations/operation-1689663143254-9ee0525f-179f-463b-abd7-c14550e896c0?alt=json HTTP/1.1" 200 None
2023-07-18 08:57:37,815 DEBUG    urllib3.connectionpool Starting new HTTPS connection (1): container.googleapis.com:443
2023-07-18 08:57:38,051 DEBUG    urllib3.connectionpool https://container.googleapis.com:443 "GET /v1/projects/cloud-dev-112233/locations/europe-west3-b/operations/operation-1689663143254-9ee0525f-179f-463b-abd7-c14550e896c0?alt=json HTTP/1.1" 200 None
2023-07-18 08:57:43,074 DEBUG    urllib3.connectionpool Starting new HTTPS connection (1): container.googleapis.com:443
2023-07-18 08:57:43,320 DEBUG    urllib3.connectionpool https://container.googleapis.com:443 "GET /v1/projects/cloud-dev-112233/locations/europe-west3-b/operations/operation-1689663143254-9ee0525f-179f-463b-abd7-c14550e896c0?alt=json HTTP/1.1" 200 None
2023-07-18 08:57:43,328 INFO     root            Operation <Operation
 clusterConditions: []
 endTime: '2023-07-18T06:57:42.660707405Z'
 name: 'operation-1689663143254-9ee0525f-179f-463b-abd7-c14550e896c0'
 nodepoolConditions: []
 operationType: OperationTypeValueValuesEnum(CREATE_CLUSTER, 1)
 progress: <OperationProgress
 metrics: [<Metric
 intValue: 9
 name: 'CLUSTER_CONFIGURING'>, <Metric
 intValue: 9
 name: 'CLUSTER_CONFIGURING_TOTAL'>, <Metric
 intValue: 12
 name: 'CLUSTER_DEPLOYING'>, <Metric
 intValue: 12
 name: 'CLUSTER_DEPLOYING_TOTAL'>, <Metric
 intValue: 1
 name: 'CLUSTER_HEALTHCHECKING'>, <Metric
 intValue: 2
 name: 'CLUSTER_HEALTHCHECKING_TOTAL'>]
 stages: []>
 selfLink: 'https://container.googleapis.com/v1/projects/166042509722/zones/europe-west3-b/operations/operation-1689663143254-9ee0525f-179f-463b-abd7-c14550e896c0'
 startTime: '2023-07-18T06:52:23.254026478Z'
 status: StatusValueValuesEnum(DONE, 3)
 targetLink: 'https://container.googleapis.com/v1/projects/166042509722/zones/europe-west3-b/clusters/inel-24159'
 zone: 'europe-west3-b'> succeeded after 319.060 seconds
2023-07-18 08:57:43,502 DEBUG    urllib3.connectionpool Starting new HTTPS connection (1): container.googleapis.com:443
2023-07-18 08:57:43,771 DEBUG    urllib3.connectionpool https://container.googleapis.com:443 "GET /v1/projects/cloud-dev-112233/locations/europe-west3-b/clusters/inel-24159?alt=json HTTP/1.1" 200 None
2023-07-18 08:57:43,788 INFO     ___FILE_ONLY___ Created [https://container.googleapis.com/v1/projects/cloud-dev-112233/zones/europe-west3-b/clusters/inel-24159].

2023-07-18 08:57:43,788 INFO     ___FILE_ONLY___ To inspect the contents of your cluster, go to: https://console.cloud.google.com/kubernetes/workload_/gcloud/europe-west3-b/inel-24159?project=cloud-dev-112233

2023-07-18 08:57:44,351 DEBUG    root            Saved kubeconfig to /Users/inelpandzic/.kube/config
2023-07-18 08:57:44,352 INFO     ___FILE_ONLY___ kubeconfig entry generated for inel-24159.

2023-07-18 08:57:44,352 DEBUG    root            Chosen display Format:
    table(
        name,
        zone:label=LOCATION,
        master_version():label=MASTER_VERSION,
        endpoint:label=MASTER_IP,
        nodePools[0].config.machineType,
        currentNodeVersion:label=NODE_VERSION,
        firstof(currentNodeCount,initialNodeCount):label=NUM_NODES,
        status
    )

2023-07-18 08:57:44,353 INFO     root            Display format: "
    table(
        name,
        zone:label=LOCATION,
        master_version():label=MASTER_VERSION,
        endpoint:label=MASTER_IP,
        nodePools[0].config.machineType,
        currentNodeVersion:label=NODE_VERSION,
        firstof(currentNodeCount,initialNodeCount):label=NUM_NODES,
        status
    )
"
2023-07-18 08:57:44,355 INFO     ___FILE_ONLY___ NAME
2023-07-18 08:57:44,355 INFO     ___FILE_ONLY___         
2023-07-18 08:57:44,355 INFO     ___FILE_ONLY___ LOCATION
2023-07-18 08:57:44,355 INFO     ___FILE_ONLY___         
2023-07-18 08:57:44,355 INFO     ___FILE_ONLY___ MASTER_VERSION
2023-07-18 08:57:44,355 INFO     ___FILE_ONLY___     
2023-07-18 08:57:44,355 INFO     ___FILE_ONLY___ MASTER_IP
2023-07-18 08:57:44,355 INFO     ___FILE_ONLY___        
2023-07-18 08:57:44,355 INFO     ___FILE_ONLY___ MACHINE_TYPE
2023-07-18 08:57:44,355 INFO     ___FILE_ONLY___    
2023-07-18 08:57:44,355 INFO     ___FILE_ONLY___ NODE_VERSION
2023-07-18 08:57:44,355 INFO     ___FILE_ONLY___       
2023-07-18 08:57:44,355 INFO     ___FILE_ONLY___ NUM_NODES
2023-07-18 08:57:44,355 INFO     ___FILE_ONLY___   
2023-07-18 08:57:44,355 INFO     ___FILE_ONLY___ STATUS
2023-07-18 08:57:44,355 INFO     ___FILE_ONLY___ 

2023-07-18 08:57:44,355 INFO     ___FILE_ONLY___ inel-24159
2023-07-18 08:57:44,355 INFO     ___FILE_ONLY___   
2023-07-18 08:57:44,355 INFO     ___FILE_ONLY___ europe-west3-b
2023-07-18 08:57:44,355 INFO     ___FILE_ONLY___   
2023-07-18 08:57:44,355 INFO     ___FILE_ONLY___ 1.25.10-gke.2700
2023-07-18 08:57:44,355 INFO     ___FILE_ONLY___   
2023-07-18 08:57:44,355 INFO     ___FILE_ONLY___ 35.198.145.229
2023-07-18 08:57:44,355 INFO     ___FILE_ONLY___   
2023-07-18 08:57:44,355 INFO     ___FILE_ONLY___ n1-standard-4
2023-07-18 08:57:44,355 INFO     ___FILE_ONLY___   
2023-07-18 08:57:44,355 INFO     ___FILE_ONLY___ 1.25.10-gke.2700
2023-07-18 08:57:44,355 INFO     ___FILE_ONLY___   
2023-07-18 08:57:44,355 INFO     ___FILE_ONLY___ 3
2023-07-18 08:57:44,355 INFO     ___FILE_ONLY___           
2023-07-18 08:57:44,355 INFO     ___FILE_ONLY___ RUNNING
2023-07-18 08:57:44,355 INFO     ___FILE_ONLY___ 

2023-07-18 08:57:44,361 DEBUG    root            Metrics reporting process started...
