2023-07-18 11:18:07,747 DEBUG    root            Loaded Command Group: ['gcloud', 'config']
2023-07-18 11:18:07,750 DEBUG    root            Loaded Command Group: ['gcloud', 'config', 'config_helper']
2023-07-18 11:18:07,751 DEBUG    root            Running [gcloud.config.config-helper] with arguments: [--format: "json"]
2023-07-18 11:18:07,779 DEBUG    google.auth.transport.requests Making request: POST https://oauth2.googleapis.com/token
2023-07-18 11:18:07,798 DEBUG    urllib3.connectionpool Starting new HTTPS connection (1): oauth2.googleapis.com:443
2023-07-18 11:18:07,952 DEBUG    urllib3.connectionpool https://oauth2.googleapis.com:443 "POST /token HTTP/1.1" 200 None
2023-07-18 11:18:07,972 DEBUG    urllib3.connectionpool Starting new HTTPS connection (1): www.gstatic.com:443
2023-07-18 11:18:08,068 DEBUG    urllib3.connectionpool https://www.gstatic.com:443 "GET /cloudsdk/feature_flag_config_file.yaml HTTP/1.1" 200 101
2023-07-18 11:18:08,074 DEBUG    root            Chosen display Format:default json
2023-07-18 11:18:08,075 INFO     root            Display format: "default json"
2023-07-18 11:18:08,075 INFO     ___FILE_ONLY___ {
  "configuration": {
    "active_configuration": "percona-cloud-dev",
    "properties": {
      "core": {
        "account": "inel.pandzic@percona.com",
        "disable_usage_reporting": "False",
        "project": "cloud-dev-112233"
      }
    }
  },
  "credential": {
    "access_token": "ya29.a0AbVbY6P44sh_YNBLH6q6ZJLuSyEpBsRNQtGds2018uLGAXyZbh_vBkU2GaN9MtmhuCwZYDeXdIwpCLGceG-uqhJn9SWV8ZVOzIj5txg0g5_9BH3RJNW5pvgKqJOsc8hV3kKeJlEUG-ItlEZpH9rK4rNv6OspQnYykwO8wtEaCgYKAU0SARESFQFWKvPlpt1VdQ_j2hkdyWYr9LRTSw0174",
    "id_token": "eyJhbGciOiJSUzI1NiIsImtpZCI6IjY3NmRhOWQzMTJjMzlhNDI5OTMyZjU0M2U2YzFiNmU2NTEyZTQ5ODMiLCJ0eXAiOiJKV1QifQ.eyJpc3MiOiJodHRwczovL2FjY291bnRzLmdvb2dsZS5jb20iLCJhenAiOiIzMjU1NTk0MDU1OS5hcHBzLmdvb2dsZXVzZXJjb250ZW50LmNvbSIsImF1ZCI6IjMyNTU1OTQwNTU5LmFwcHMuZ29vZ2xldXNlcmNvbnRlbnQuY29tIiwic3ViIjoiMTA3NDA5ODEzMzQ0NTU5NDQzNDA3IiwiaGQiOiJwZXJjb25hLmNvbSIsImVtYWlsIjoiaW5lbC5wYW5kemljQHBlcmNvbmEuY29tIiwiZW1haWxfdmVyaWZpZWQiOnRydWUsImF0X2hhc2giOiI2LXhiRnB4OEZXTkRaMzNEQTNlenZBIiwiaWF0IjoxNjg5NjcxODg4LCJleHAiOjE2ODk2NzU0ODh9.BD7gwscqfoZFn-IMkbH0KKHpqSy5y-EYzMEMc-PZkEJjru85KxiIp9YcExG7F47lO7w7EgdUvzYJ7YBaR9vT1BX-8rF8y3DG4RXr5vV4FtRITxcsSBST21ZOh-X1npBaA-75CaN40MG3uVemKFS-pf9W6P9C941twzwvM2nbvtndR73x3rlccln1DuWCU0wS-qjqU8ZFR-hO4rHnXHBbh5bonePnO5GQ58A_cm6kQeHreDXe0yylCVLJE0knwKOttCsqp1TOD6Vex59NyqbjW-VDKLLwwPCfYKfoOOhc13vWC41io2rAVwcg-wyLk2WElvo39fFZZSs_Lt4edlFy0w",
    "token_expiry": "2023-07-18T10:18:06Z"
  },
  "sentinels": {
    "config_sentinel": "/Users/inelpandzic/.config/gcloud/config_sentinel"
  }
}
2023-07-18 11:18:08,075 INFO     ___FILE_ONLY___ 

2023-07-18 11:18:08,087 DEBUG    root            Metrics reporting process started...
