2023-07-18 13:20:07,472 DEBUG    root            Loaded Command Group: ['gcloud', 'config']
2023-07-18 13:20:07,474 DEBUG    root            Loaded Command Group: ['gcloud', 'config', 'config_helper']
2023-07-18 13:20:07,475 DEBUG    root            Running [gcloud.config.config-helper] with arguments: [--format: "json"]
2023-07-18 13:20:07,485 DEBUG    google.auth.transport.requests Making request: POST https://oauth2.googleapis.com/token
2023-07-18 13:20:07,518 DEBUG    urllib3.connectionpool Starting new HTTPS connection (1): oauth2.googleapis.com:443
2023-07-18 13:20:07,682 DEBUG    urllib3.connectionpool https://oauth2.googleapis.com:443 "POST /token HTTP/1.1" 200 None
2023-07-18 13:20:07,715 DEBUG    urllib3.connectionpool Starting new HTTPS connection (1): www.gstatic.com:443
2023-07-18 13:20:07,820 DEBUG    urllib3.connectionpool https://www.gstatic.com:443 "GET /cloudsdk/feature_flag_config_file.yaml HTTP/1.1" 200 101
2023-07-18 13:20:07,838 DEBUG    root            Chosen display Format:default json
2023-07-18 13:20:07,839 INFO     root            Display format: "default json"
2023-07-18 13:20:07,840 INFO     ___FILE_ONLY___ {
  "configuration": {
    "active_configuration": "percona-cloud-dev",
    "properties": {
      "core": {
        "account": "inel.pandzic@percona.com",
        "disable_usage_reporting": "False",
        "project": "cloud-dev-112233"
      }
    }
  },
  "credential": {
    "access_token": "ya29.a0AbVbY6OyZPRVL7UOXXBSukRluThqfW8IyRHHhPuQrudp36jyx5dsjD1C_7Q5llLGYpSNF9q5DEOsOc92nIlNnkLzsDotgEyu4yjAL_eL8gsd-iTCXmZ2BTKWEG3ohe2hgdVBTGb1et55VV0Y0EDqSNdrrJ0Tg0FinoG_RzwaCgYKAf8SARESFQFWKvPlHxLXh9AivwMWzdDO6-mxUg0174",
    "id_token": "eyJhbGciOiJSUzI1NiIsImtpZCI6IjY3NmRhOWQzMTJjMzlhNDI5OTMyZjU0M2U2YzFiNmU2NTEyZTQ5ODMiLCJ0eXAiOiJKV1QifQ.eyJpc3MiOiJodHRwczovL2FjY291bnRzLmdvb2dsZS5jb20iLCJhenAiOiIzMjU1NTk0MDU1OS5hcHBzLmdvb2dsZXVzZXJjb250ZW50LmNvbSIsImF1ZCI6IjMyNTU1OTQwNTU5LmFwcHMuZ29vZ2xldXNlcmNvbnRlbnQuY29tIiwic3ViIjoiMTA3NDA5ODEzMzQ0NTU5NDQzNDA3IiwiaGQiOiJwZXJjb25hLmNvbSIsImVtYWlsIjoiaW5lbC5wYW5kemljQHBlcmNvbmEuY29tIiwiZW1haWxfdmVyaWZpZWQiOnRydWUsImF0X2hhc2giOiJpMDM2aGRnTGRNZGF4SlkxZHFEdk9nIiwiaWF0IjoxNjg5Njc5MjA3LCJleHAiOjE2ODk2ODI4MDd9.e69ryX2lbstPW7CbuTTX1QpzGYlldPro3pAnCI8GKgu-G7T8zNJZR8Paae8fXIDDG6g1Zj7c8eaXFzB7i55yMiOkUo-3ri7IxUmrAcbQNUkgWbA7LKKvGGh5kLKWF-LLElY60BgIawAIZS2DbQIc8vYk4KIW9b-p0wZrxDLjCI9kieH98lrWjzFCDjLNGXULtGXheh6vFp5EmSvrzuNuuWqbA2o_ZXeLlnMlvKCXhQm6kFos2sHFdOKzH-CpIUClw1d9oGj7W57AT1h2wHCcMLBRLMjWoWLm08qb1o_hxe-HZtxGi1VsQkXb2hP3YXEijUl95t-MZ4D0-TcnTAgV0w",
    "token_expiry": "2023-07-18T12:20:06Z"
  },
  "sentinels": {
    "config_sentinel": "/Users/inelpandzic/.config/gcloud/config_sentinel"
  }
}
2023-07-18 13:20:07,840 INFO     ___FILE_ONLY___ 

2023-07-18 13:20:07,854 DEBUG    root            Metrics reporting process started...
