2023-07-18 15:20:18,994 DEBUG    root            Loaded Command Group: ['gcloud', 'config']
2023-07-18 15:20:18,996 DEBUG    root            Loaded Command Group: ['gcloud', 'config', 'config_helper']
2023-07-18 15:20:18,997 DEBUG    root            Running [gcloud.config.config-helper] with arguments: [--format: "json"]
2023-07-18 15:20:19,017 DEBUG    google.auth.transport.requests Making request: POST https://oauth2.googleapis.com/token
2023-07-18 15:20:19,033 DEBUG    urllib3.connectionpool Starting new HTTPS connection (1): oauth2.googleapis.com:443
2023-07-18 15:20:19,203 DEBUG    urllib3.connectionpool https://oauth2.googleapis.com:443 "POST /token HTTP/1.1" 200 None
2023-07-18 15:20:19,228 DEBUG    urllib3.connectionpool Starting new HTTPS connection (1): www.gstatic.com:443
2023-07-18 15:20:19,338 DEBUG    urllib3.connectionpool https://www.gstatic.com:443 "GET /cloudsdk/feature_flag_config_file.yaml HTTP/1.1" 200 101
2023-07-18 15:20:19,342 DEBUG    root            Chosen display Format:default json
2023-07-18 15:20:19,342 INFO     root            Display format: "default json"
2023-07-18 15:20:19,342 INFO     ___FILE_ONLY___ {
  "configuration": {
    "active_configuration": "percona-cloud-dev",
    "properties": {
      "core": {
        "account": "inel.pandzic@percona.com",
        "disable_usage_reporting": "False",
        "project": "cloud-dev-112233"
      }
    }
  },
  "credential": {
    "access_token": "ya29.a0AbVbY6Nk208_vJK47cZTT76JnXr4oyOlUA6kf4tBWDDeBpfy1O0J3z7qtRghrrLtv9my8cMJgXsV9wxkq5E1ZBOyUaZ9SYaTZV34Rh6kcYmlbGMMxc8S9IHEbvCiQBbWvWmjqZpYviJG7dP8m3lAuYUkiiB55GGMKpC1kP4aCgYKAeUSARESFQFWKvPluuIL0ozVRv-T2pD4BhtmYA0174",
    "id_token": "eyJhbGciOiJSUzI1NiIsImtpZCI6IjY3NmRhOWQzMTJjMzlhNDI5OTMyZjU0M2U2YzFiNmU2NTEyZTQ5ODMiLCJ0eXAiOiJKV1QifQ.eyJpc3MiOiJodHRwczovL2FjY291bnRzLmdvb2dsZS5jb20iLCJhenAiOiIzMjU1NTk0MDU1OS5hcHBzLmdvb2dsZXVzZXJjb250ZW50LmNvbSIsImF1ZCI6IjMyNTU1OTQwNTU5LmFwcHMuZ29vZ2xldXNlcmNvbnRlbnQuY29tIiwic3ViIjoiMTA3NDA5ODEzMzQ0NTU5NDQzNDA3IiwiaGQiOiJwZXJjb25hLmNvbSIsImVtYWlsIjoiaW5lbC5wYW5kemljQHBlcmNvbmEuY29tIiwiZW1haWxfdmVyaWZpZWQiOnRydWUsImF0X2hhc2giOiJXb0JzQkRNaVgxUV9UeDY2amhrYnpBIiwiaWF0IjoxNjg5Njg2NDE5LCJleHAiOjE2ODk2OTAwMTl9.KzY1bBDiJefC0Dmi9p5I6H2e4SeakU8oYgHbGNeCgky-AEEV2rAtstKpurBm3sJR2MfDDlo3rnxiDTPFo7hfIOGbsJV9fpU7KPH3o9HVHkzqdAn4COq-AHLooOUDlDO30FU-A3BrlDx_LJO1rEJEWLYPU3o_XcTiivZ70FqrvEU5M1SuOHb-S9I2lQmZqbfe88g9VyKl2tcl9PNJuOKJSAHaR94Wn73zz4zEG08uWujlKi-8G_wSo2HKLDpfNQrEkzks-SR2ixLKbD-kR958HPTb6IWwa6iUYoaWnYonWwh-vqfFPzE3ni9CqTNehG15B51j10TNzudYlZv6dApGZw",
    "token_expiry": "2023-07-18T14:20:18Z"
  },
  "sentinels": {
    "config_sentinel": "/Users/inelpandzic/.config/gcloud/config_sentinel"
  }
}
2023-07-18 15:20:19,342 INFO     ___FILE_ONLY___ 

2023-07-18 15:20:19,347 DEBUG    root            Metrics reporting process started...
