2022-08-10 10:41:18,177 DEBUG    root            Loaded Command Group: ['gcloud', 'config']
2022-08-10 10:41:18,179 DEBUG    root            Loaded Command Group: ['gcloud', 'config', 'config_helper']
2022-08-10 10:41:18,180 DEBUG    root            Running [gcloud.config.config-helper] with arguments: [--format: "json"]
2022-08-10 10:41:18,185 INFO     root            Display format: "default json"
2022-08-10 10:41:18,185 INFO     ___FILE_ONLY___ {
  "configuration": {
    "active_configuration": "percona-cloud-dev",
    "properties": {
      "core": {
        "account": "inel.pandzic@percona.com",
        "disable_usage_reporting": "False",
        "project": "cloud-dev-112233"
      }
    }
  },
  "credential": {
    "access_token": "ya29.A0AVA9y1vUEJPwTpZHyXkPl3PMWZLz5xZMBXKAt17htOddHvL9cvdbBejFkSzVSXe-6UsgpFmSVSWwtPZRMozikf5Fu0u_tTlEafIiUJ-noQ1pDUQYm6swDLMDw0CGLIGvgbO7SGWkdb_mA8Zrby-oEGmT8X9xKnYYR3DdSuoaCgYKATASATASFQE65dr8FcTqxRkDY5zyFB10D93GIg0174",
    "id_token": "eyJhbGciOiJSUzI1NiIsImtpZCI6ImZkYTEwNjY0NTNkYzlkYzNkZDkzM2E0MWVhNTdkYTNlZjI0MmIwZjciLCJ0eXAiOiJKV1QifQ.eyJpc3MiOiJodHRwczovL2FjY291bnRzLmdvb2dsZS5jb20iLCJhenAiOiIzMjU1NTk0MDU1OS5hcHBzLmdvb2dsZXVzZXJjb250ZW50LmNvbSIsImF1ZCI6IjMyNTU1OTQwNTU5LmFwcHMuZ29vZ2xldXNlcmNvbnRlbnQuY29tIiwic3ViIjoiMTA3NDA5ODEzMzQ0NTU5NDQzNDA3IiwiaGQiOiJwZXJjb25hLmNvbSIsImVtYWlsIjoiaW5lbC5wYW5kemljQHBlcmNvbmEuY29tIiwiZW1haWxfdmVyaWZpZWQiOnRydWUsImF0X2hhc2giOiJTSUxfRTFrQTUzMUNlbDI1V0VtRVdnIiwiaWF0IjoxNjYwMTIwODcwLCJleHAiOjE2NjAxMjQ0NzB9.MpYf4OyetAX_8QMjKJtHhNgAFWboljlbGFb79zyheMBKaT17A3f5Fhh6-NFMcbICYVPewGg6vICzSGrb7G67hVnXYwVMZm5esNjF5KdRMUgpsToImsoWtk3GA35rJtgKG53htBEBjL-9S5ok2Ao-JDWCvfq9zntgsega7zaaqtv475piglev-bBMK_KXHXmZl_8vH6KjKE2bICnR0Mf4BGWVoxIiWJFHAGpUUEIKcIHJzrxFMZZKL9M5STffvFq_2eBZDoG2-CUcESGPAvQXPL_VBjbv1P08Zj_08d-5Xpp_kjT-mASyNfMr4wUyzWwxJ9wHS2qlAm6UcUpwRP4eQA",
    "token_expiry": "2022-08-10T09:41:09Z"
  },
  "sentinels": {
    "config_sentinel": "/Users/inelpandzic/.config/gcloud/config_sentinel"
  }
}
2022-08-10 10:41:18,185 INFO     ___FILE_ONLY___ 

2022-08-10 10:41:18,190 DEBUG    root            Metrics reporting process started...
