2023-12-08 10:28:42,787 DEBUG    root            Loaded Command Group: ['gcloud', 'config']
2023-12-08 10:28:42,790 DEBUG    root            Loaded Command Group: ['gcloud', 'config', 'config_helper']
2023-12-08 10:28:42,791 DEBUG    root            Running [gcloud.config.config-helper] with arguments: [--format: "json"]
2023-12-08 10:28:42,794 DEBUG    root            Chosen display Format:default json
2023-12-08 10:28:42,794 INFO     root            Display format: "default json"
2023-12-08 10:28:42,795 INFO     ___FILE_ONLY___ {
  "configuration": {
    "active_configuration": "percona-cloud-dev",
    "properties": {
      "core": {
        "account": "inel.pandzic@percona.com",
        "disable_usage_reporting": "False",
        "project": "cloud-dev-112233"
      }
    }
  },
  "credential": {
    "access_token": "ya29.a0AfB_byCYE8Z2tiWgvMSkdLpwct2zKJdjxSgFdtbw0hi1IvL4cRkgK_rRY3zrv6RmRuBMDSblWNURkpZXrsZ2iGM6itjBT3WCGLeEYuhg9DN-u0v1TQ4zvuFlHsgwF8xcVnsAa08CL7J3zhbe1Ajg73I6f62gLqF3OvILR5C89PpuaCgYKAXsSARESFQHGX2Miqx77-2gv1RnyjjnP1Tnq6g0179",
    "id_token": "eyJhbGciOiJSUzI1NiIsImtpZCI6ImU0YWRmYjQzNmI5ZTE5N2UyZTExMDZhZjJjODQyMjg0ZTQ5ODZhZmYiLCJ0eXAiOiJKV1QifQ.eyJpc3MiOiJodHRwczovL2FjY291bnRzLmdvb2dsZS5jb20iLCJhenAiOiIzMjU1NTk0MDU1OS5hcHBzLmdvb2dsZXVzZXJjb250ZW50LmNvbSIsImF1ZCI6IjMyNTU1OTQwNTU5LmFwcHMuZ29vZ2xldXNlcmNvbnRlbnQuY29tIiwic3ViIjoiMTA3NDA5ODEzMzQ0NTU5NDQzNDA3IiwiaGQiOiJwZXJjb25hLmNvbSIsImVtYWlsIjoiaW5lbC5wYW5kemljQHBlcmNvbmEuY29tIiwiZW1haWxfdmVyaWZpZWQiOnRydWUsImF0X2hhc2giOiI4MS1hZEc2S3RCZXJJcTNoTmg3X2VRIiwiaWF0IjoxNzAyMDI2MDU4LCJleHAiOjE3MDIwMjk2NTh9.GnX3PztLsLh1u99kwY7ajribQJngj_c0rYG4r1rTdrfFeWEyhbvqGpyPrTCzdKntRaJcObWEB-JhTSIxvTJKdpkZ8NqcjtpnsoT9OOihHA8wXcHX5Faa8Rar-IXLCRumBjfcEJ4aVBWOqgu7gl-0NqJP_nUIT5g_IVydg_WMFR7qvkoobh8QjKD1DFoNPveamprHoG8vyog5ILD6RF5UpuFrUhkY-KAP7aPy60yBmSUU_-00JAe6yEDNZ8nrA3RsseIPq6I3W5Ip9r0ani9gQJGd-oqF0b4PuZjLX3_pKSlQgI4tmPQmfWyKhHmjy8G7n7pUkgtKl-bleg7lT0gG8g",
    "token_expiry": "2023-12-08T10:00:57Z"
  },
  "sentinels": {
    "config_sentinel": "/Users/inelpandzic/.config/gcloud/config_sentinel"
  }
}
2023-12-08 10:28:42,795 INFO     ___FILE_ONLY___ 

2023-12-08 10:28:42,801 DEBUG    root            Metrics reporting process started...
