2023-07-20 04:44:29,379 DEBUG    root            Loaded Command Group: ['gcloud', 'config']
2023-07-20 04:44:29,382 DEBUG    root            Loaded Command Group: ['gcloud', 'config', 'config_helper']
2023-07-20 04:44:29,382 DEBUG    root            Running [gcloud.config.config-helper] with arguments: [--format: "json"]
2023-07-20 04:44:29,395 DEBUG    google.auth.transport.requests Making request: POST https://oauth2.googleapis.com/token
2023-07-20 04:44:29,410 DEBUG    urllib3.connectionpool Starting new HTTPS connection (1): oauth2.googleapis.com:443
2023-07-20 04:44:29,571 DEBUG    urllib3.connectionpool https://oauth2.googleapis.com:443 "POST /token HTTP/1.1" 200 None
2023-07-20 04:44:29,591 DEBUG    urllib3.connectionpool Starting new HTTPS connection (1): www.gstatic.com:443
2023-07-20 04:44:29,696 DEBUG    urllib3.connectionpool https://www.gstatic.com:443 "GET /cloudsdk/feature_flag_config_file.yaml HTTP/1.1" 200 101
2023-07-20 04:44:29,702 DEBUG    root            Chosen display Format:default json
2023-07-20 04:44:29,703 INFO     root            Display format: "default json"
2023-07-20 04:44:29,703 INFO     ___FILE_ONLY___ {
  "configuration": {
    "active_configuration": "percona-cloud-dev",
    "properties": {
      "core": {
        "account": "inel.pandzic@percona.com",
        "disable_usage_reporting": "False",
        "project": "cloud-dev-112233"
      }
    }
  },
  "credential": {
    "access_token": "ya29.a0AbVbY6OcsiUvlWuTxlARW9XKutJ6ppxqsxB2E677HmHJ1U4HaXHuYN3fHcmq8xFI9V2JIYneAG5qe3DJH48izi-LYda5hq3BpI4nUr9UNVer1oCvHoIa9hnHp9wg6DDMwZLS2pzqqn4AQces-0qSfCMUbivP--rWT8su9LAaCgYKAbwSARESFQFWKvPl0uO3hPLn8YvD7m7wwduB_Q0174",
    "id_token": "eyJhbGciOiJSUzI1NiIsImtpZCI6IjY3NmRhOWQzMTJjMzlhNDI5OTMyZjU0M2U2YzFiNmU2NTEyZTQ5ODMiLCJ0eXAiOiJKV1QifQ.eyJpc3MiOiJodHRwczovL2FjY291bnRzLmdvb2dsZS5jb20iLCJhenAiOiIzMjU1NTk0MDU1OS5hcHBzLmdvb2dsZXVzZXJjb250ZW50LmNvbSIsImF1ZCI6IjMyNTU1OTQwNTU5LmFwcHMuZ29vZ2xldXNlcmNvbnRlbnQuY29tIiwic3ViIjoiMTA3NDA5ODEzMzQ0NTU5NDQzNDA3IiwiaGQiOiJwZXJjb25hLmNvbSIsImVtYWlsIjoiaW5lbC5wYW5kemljQHBlcmNvbmEuY29tIiwiZW1haWxfdmVyaWZpZWQiOnRydWUsImF0X2hhc2giOiJqLWpHUldHS1pyZDB6bjVRZW9hMWlRIiwiaWF0IjoxNjg5ODIxMDY5LCJleHAiOjE2ODk4MjQ2Njl9.G8rstZX_ZmBZS4uNUy16QQqIqFywNRmHptYejP6dBYDZBxn8gzv-hxLFTBnKgnQIB5lSDr2dCKF8nhVCNnjYfABbmIYYvMMuWFW0-tY3yIygaCJJNm-1cv2YtnKJmy1_vdxTGQ6iTC7EVfkFAnBLUEz82nOgkAUc-9UBbYPSMTRbefUSx1q18hJGZOv4r04W_Ah7I1ptqQTPTeH1UiM0ihVDg3Af8KyBNx1udt-1lnABAx_vZqk7-q21h4bqtLacfGU9PmywtTbdCkUwsP_Gi7ccL2DfO3-wkbyvpJ4fRVvl9I2K4AVjkl8wqXynwRnzrHG35c3uITr1AhxOCD5F0g",
    "token_expiry": "2023-07-20T03:44:28Z"
  },
  "sentinels": {
    "config_sentinel": "/Users/inelpandzic/.config/gcloud/config_sentinel"
  }
}
2023-07-20 04:44:29,703 INFO     ___FILE_ONLY___ 

2023-07-20 04:44:29,716 DEBUG    root            Metrics reporting process started...
