2023-07-20 05:52:15,950 DEBUG    root            Loaded Command Group: ['gcloud', 'config']
2023-07-20 05:52:15,952 DEBUG    root            Loaded Command Group: ['gcloud', 'config', 'config_helper']
2023-07-20 05:52:15,953 DEBUG    root            Running [gcloud.config.config-helper] with arguments: [--format: "json"]
2023-07-20 05:52:15,966 DEBUG    google.auth.transport.requests Making request: POST https://oauth2.googleapis.com/token
2023-07-20 05:52:15,980 DEBUG    urllib3.connectionpool Starting new HTTPS connection (1): oauth2.googleapis.com:443
2023-07-20 05:52:16,131 DEBUG    urllib3.connectionpool https://oauth2.googleapis.com:443 "POST /token HTTP/1.1" 200 None
2023-07-20 05:52:16,154 DEBUG    urllib3.connectionpool Starting new HTTPS connection (1): www.gstatic.com:443
2023-07-20 05:52:16,262 DEBUG    urllib3.connectionpool https://www.gstatic.com:443 "GET /cloudsdk/feature_flag_config_file.yaml HTTP/1.1" 200 101
2023-07-20 05:52:16,268 DEBUG    root            Chosen display Format:default json
2023-07-20 05:52:16,269 INFO     root            Display format: "default json"
2023-07-20 05:52:16,269 INFO     ___FILE_ONLY___ {
  "configuration": {
    "active_configuration": "percona-cloud-dev",
    "properties": {
      "core": {
        "account": "inel.pandzic@percona.com",
        "disable_usage_reporting": "False",
        "project": "cloud-dev-112233"
      }
    }
  },
  "credential": {
    "access_token": "ya29.a0AbVbY6MD55p1acyYYynklx8xSWFiTGzZTXTKYedhbWvz5K-243q7xrdVOAdwTXoXAZwkpGLebVi-P_PRKkxXMJEec7kwX2jyD3hYIuHGSReOJKWOKSs2ZsnIp-wp3VJqtX9_eWvOMq7b6sWSmZh_Z9EPThXmUAlE22b8cCYaCgYKAR8SARESFQFWKvPlPTykqgS-LV8aujoCd7GItQ0174",
    "id_token": "eyJhbGciOiJSUzI1NiIsImtpZCI6IjY3NmRhOWQzMTJjMzlhNDI5OTMyZjU0M2U2YzFiNmU2NTEyZTQ5ODMiLCJ0eXAiOiJKV1QifQ.eyJpc3MiOiJodHRwczovL2FjY291bnRzLmdvb2dsZS5jb20iLCJhenAiOiIzMjU1NTk0MDU1OS5hcHBzLmdvb2dsZXVzZXJjb250ZW50LmNvbSIsImF1ZCI6IjMyNTU1OTQwNTU5LmFwcHMuZ29vZ2xldXNlcmNvbnRlbnQuY29tIiwic3ViIjoiMTA3NDA5ODEzMzQ0NTU5NDQzNDA3IiwiaGQiOiJwZXJjb25hLmNvbSIsImVtYWlsIjoiaW5lbC5wYW5kemljQHBlcmNvbmEuY29tIiwiZW1haWxfdmVyaWZpZWQiOnRydWUsImF0X2hhc2giOiJUSzAxdnRkQmxjcWliU0pwNXZ0VEhnIiwiaWF0IjoxNjg5ODI1MTM2LCJleHAiOjE2ODk4Mjg3MzZ9.TdPrkrZNbPCLVhqOunhFW1fiP9KzyrNN1cQtrpKOeHbHa3J4svXwchg0NRCt_RRaDPe6StL-62QB9Nfwwsg-xeYRjqG4J8cCJF6DxPz_y-tLDVQFDQ0XDERywUlalLi2cDozAJ0U82Z2r1XdADYBqoRbOhcYH6l7xHPLl7Ur0Ue1IgAIV9OSu9sccdmisHsaeVTZ9uIia0Ar-v5WqnVOd3ALurgiNqQa6lVAWUfpY3RxGrevbCFHpaI7yE0zob9F4uHvfyNMIrshPybr8ZuSibW4b9Wy76-cSN5T3rwKg7PZj2wCRhzGHZoOI7r3cAUi0kc1163TyEV3KSdpPwZJ-g",
    "token_expiry": "2023-07-20T04:52:15Z"
  },
  "sentinels": {
    "config_sentinel": "/Users/inelpandzic/.config/gcloud/config_sentinel"
  }
}
2023-07-20 05:52:16,269 INFO     ___FILE_ONLY___ 

2023-07-20 05:52:16,279 DEBUG    root            Metrics reporting process started...
