2023-07-20 08:07:56,834 DEBUG    root            Loaded Command Group: ['gcloud', 'config']
2023-07-20 08:07:56,835 DEBUG    root            Loaded Command Group: ['gcloud', 'config', 'config_helper']
2023-07-20 08:07:56,836 DEBUG    root            Running [gcloud.config.config-helper] with arguments: [--format: "json"]
2023-07-20 08:07:56,841 DEBUG    google.auth.transport.requests Making request: POST https://oauth2.googleapis.com/token
2023-07-20 08:07:56,856 DEBUG    urllib3.connectionpool Starting new HTTPS connection (1): oauth2.googleapis.com:443
2023-07-20 08:07:57,012 DEBUG    urllib3.connectionpool https://oauth2.googleapis.com:443 "POST /token HTTP/1.1" 200 None
2023-07-20 08:07:57,035 DEBUG    urllib3.connectionpool Starting new HTTPS connection (1): www.gstatic.com:443
2023-07-20 08:07:57,139 DEBUG    urllib3.connectionpool https://www.gstatic.com:443 "GET /cloudsdk/feature_flag_config_file.yaml HTTP/1.1" 200 101
2023-07-20 08:07:57,150 DEBUG    root            Chosen display Format:default json
2023-07-20 08:07:57,152 INFO     root            Display format: "default json"
2023-07-20 08:07:57,153 INFO     ___FILE_ONLY___ {
  "configuration": {
    "active_configuration": "percona-cloud-dev",
    "properties": {
      "core": {
        "account": "inel.pandzic@percona.com",
        "disable_usage_reporting": "False",
        "project": "cloud-dev-112233"
      }
    }
  },
  "credential": {
    "access_token": "ya29.a0AbVbY6PFPK9xYfnqJQzisfKfasS5dnxSiCNffjBKNFyCIqam3CNrwYB2P5VsDZv4Hoi75yqy31zt32qEC9j0vI7NFRBqFiuCp2OpZs0E1Yd9zt-yG1h7r3Fh0tTdQYuOtX-lJRppm5jVEN7EYManaBsMrE1bzMESx4KaR_MaCgYKAc4SARESFQFWKvPlT21LHJ7cMHyhYDDMsD7JsA0174",
    "id_token": "eyJhbGciOiJSUzI1NiIsImtpZCI6IjY3NmRhOWQzMTJjMzlhNDI5OTMyZjU0M2U2YzFiNmU2NTEyZTQ5ODMiLCJ0eXAiOiJKV1QifQ.eyJpc3MiOiJodHRwczovL2FjY291bnRzLmdvb2dsZS5jb20iLCJhenAiOiIzMjU1NTk0MDU1OS5hcHBzLmdvb2dsZXVzZXJjb250ZW50LmNvbSIsImF1ZCI6IjMyNTU1OTQwNTU5LmFwcHMuZ29vZ2xldXNlcmNvbnRlbnQuY29tIiwic3ViIjoiMTA3NDA5ODEzMzQ0NTU5NDQzNDA3IiwiaGQiOiJwZXJjb25hLmNvbSIsImVtYWlsIjoiaW5lbC5wYW5kemljQHBlcmNvbmEuY29tIiwiZW1haWxfdmVyaWZpZWQiOnRydWUsImF0X2hhc2giOiJ3X0dpeXpjS21YV01oWmUyWFlnaWtnIiwiaWF0IjoxNjg5ODMzMjc3LCJleHAiOjE2ODk4MzY4Nzd9.f_IPIEOlLSMmsnYFWxxWKzJ-ILAw9ZXyiSqeNjtCpnSn5wIQ3S-A3u0pQLDx4IiKJTpCHRh9LNLIhscPbAo_d8mkAPmWMOZA-v0wxm3bPz1z6UZZX07cM3DgQ76ViPPeEX-c97FfIzIXu8V9qV6TbA0KviGZzePSmgWLqjhH1v7E5vmZbWXoNFz9fgSo6n_olyk3PHcZlm3pC3GGLmsfxJhFddCzBRKMNpPQNjZhDEexYA3C8a-Jr6FU2-Jq61IZKyax_lvC6u_IO9Z9CrnE0nDveZ4laT8flPkq4D5QiZhS1SJkInpKcuE0VXa903PB27xSXD4rsLEOhy0lFVhCzg",
    "token_expiry": "2023-07-20T07:07:56Z"
  },
  "sentinels": {
    "config_sentinel": "/Users/inelpandzic/.config/gcloud/config_sentinel"
  }
}
2023-07-20 08:07:57,153 INFO     ___FILE_ONLY___ 

2023-07-20 08:07:57,166 DEBUG    root            Metrics reporting process started...
