2023-07-20 11:07:59,666 DEBUG    root            Loaded Command Group: ['gcloud', 'config']
2023-07-20 11:07:59,668 DEBUG    root            Loaded Command Group: ['gcloud', 'config', 'config_helper']
2023-07-20 11:07:59,669 DEBUG    root            Running [gcloud.config.config-helper] with arguments: [--format: "json"]
2023-07-20 11:07:59,683 DEBUG    google.auth.transport.requests Making request: POST https://oauth2.googleapis.com/token
2023-07-20 11:07:59,696 DEBUG    urllib3.connectionpool Starting new HTTPS connection (1): oauth2.googleapis.com:443
2023-07-20 11:07:59,876 DEBUG    urllib3.connectionpool https://oauth2.googleapis.com:443 "POST /token HTTP/1.1" 200 None
2023-07-20 11:07:59,897 DEBUG    urllib3.connectionpool Starting new HTTPS connection (1): www.gstatic.com:443
2023-07-20 11:07:59,998 DEBUG    urllib3.connectionpool https://www.gstatic.com:443 "GET /cloudsdk/feature_flag_config_file.yaml HTTP/1.1" 200 101
2023-07-20 11:08:00,028 DEBUG    root            Chosen display Format:default json
2023-07-20 11:08:00,028 INFO     root            Display format: "default json"
2023-07-20 11:08:00,028 INFO     ___FILE_ONLY___ {
  "configuration": {
    "active_configuration": "percona-cloud-dev",
    "properties": {
      "core": {
        "account": "inel.pandzic@percona.com",
        "disable_usage_reporting": "False",
        "project": "cloud-dev-112233"
      }
    }
  },
  "credential": {
    "access_token": "ya29.a0AbVbY6OMlwoKuVqAi1dqKba_1Wtn3kssVtZI3KbSd3b-M6lrsH6Cy2mDU7gsEFqPGNxqmWC-DqvU0JK6BEz3udc_Nj_CecvUvVAC2s1FCeYTGGQU7o8nSqxBNLUzDjB1bjQNJGW42WcxkC8AMnTAakFq61JwtfmIPechYVEaCgYKAZ0SARESFQFWKvPl4JMmddiFC-uSTQHG6oJgyg0174",
    "id_token": "eyJhbGciOiJSUzI1NiIsImtpZCI6IjY3NmRhOWQzMTJjMzlhNDI5OTMyZjU0M2U2YzFiNmU2NTEyZTQ5ODMiLCJ0eXAiOiJKV1QifQ.eyJpc3MiOiJodHRwczovL2FjY291bnRzLmdvb2dsZS5jb20iLCJhenAiOiIzMjU1NTk0MDU1OS5hcHBzLmdvb2dsZXVzZXJjb250ZW50LmNvbSIsImF1ZCI6IjMyNTU1OTQwNTU5LmFwcHMuZ29vZ2xldXNlcmNvbnRlbnQuY29tIiwic3ViIjoiMTA3NDA5ODEzMzQ0NTU5NDQzNDA3IiwiaGQiOiJwZXJjb25hLmNvbSIsImVtYWlsIjoiaW5lbC5wYW5kemljQHBlcmNvbmEuY29tIiwiZW1haWxfdmVyaWZpZWQiOnRydWUsImF0X2hhc2giOiJtbERKVFJpdlhEMTBwY1BMT0x3eG1BIiwiaWF0IjoxNjg5ODQ0MDc5LCJleHAiOjE2ODk4NDc2Nzl9.ZV6HCL5GNqA1Uz8hKodDixKm1rXDuw_4lqeVslAmV--BLXxyavxlrLtxhfjjxNKs9BamaYWpz1s7m5xDHxOwldVUQ7UHjZR2hmQ9qJN1gf6FfWuKPjc8jQVICAFRKSi8B0KaBIpfmJNBweDPUqmCU1xik8sSunrZw7lCoSkUoqZ13dsMD_9ftKdanrJuI96oyVNifjCSjhXrNgujf2W5pK2itdVJNF__e2jR5hw_LL23hSVxCwdVZEsprGshc4SG-N0NlA_ZBjDL-521UZVah2E6m70ZlLEUa9e1hnKle0gu5wM5ggnLy76AvMo-bHBHfkXGB9NxW7nXVNFWRA1wiw",
    "token_expiry": "2023-07-20T10:07:58Z"
  },
  "sentinels": {
    "config_sentinel": "/Users/inelpandzic/.config/gcloud/config_sentinel"
  }
}
2023-07-20 11:08:00,028 INFO     ___FILE_ONLY___ 

2023-07-20 11:08:00,039 DEBUG    root            Metrics reporting process started...
