2023-07-11 02:00:02,419 DEBUG    root            Loaded Command Group: ['gcloud', 'config']
2023-07-11 02:00:02,421 DEBUG    root            Loaded Command Group: ['gcloud', 'config', 'config_helper']
2023-07-11 02:00:02,422 DEBUG    root            Running [gcloud.config.config-helper] with arguments: [--format: "json"]
2023-07-11 02:00:02,438 DEBUG    google.auth.transport.requests Making request: POST https://oauth2.googleapis.com/token
2023-07-11 02:00:03,369 DEBUG    urllib3.connectionpool Starting new HTTPS connection (1): oauth2.googleapis.com:443
2023-07-11 02:00:03,550 DEBUG    urllib3.connectionpool https://oauth2.googleapis.com:443 "POST /token HTTP/1.1" 200 None
2023-07-11 02:00:03,586 DEBUG    urllib3.connectionpool Starting new HTTPS connection (1): www.gstatic.com:443
2023-07-11 02:00:03,688 DEBUG    urllib3.connectionpool https://www.gstatic.com:443 "GET /cloudsdk/feature_flag_config_file.yaml HTTP/1.1" 200 101
2023-07-11 02:00:03,700 DEBUG    root            Chosen display Format:default json
2023-07-11 02:00:03,700 INFO     root            Display format: "default json"
2023-07-11 02:00:03,701 INFO     ___FILE_ONLY___ {
  "configuration": {
    "active_configuration": "percona-cloud-dev",
    "properties": {
      "core": {
        "account": "inel.pandzic@percona.com",
        "disable_usage_reporting": "False",
        "project": "cloud-dev-112233"
      }
    }
  },
  "credential": {
    "access_token": "ya29.a0AbVbY6MJDRbhlEq6ldOJueR823f-jrkU0bgtaAH-FQ7s_OshZo7FR0iAIhAjyeKCS2awzLdPHAhVfSm5d3XOHOfgSBocBcJl3cFLDV_pEZYGxO70yu7dJP0EgqrvdaQEvWhRyl03VWi7hZik36zxw_O_lgi1t-z31L5ew5saCgYKAccSARESFQFWKvPl6kFVQzwcAuXOxgEbJulrEQ0174",
    "id_token": "eyJhbGciOiJSUzI1NiIsImtpZCI6IjkzNDFkZWRlZWUyZDE4NjliNjU3ZmE5MzAzMDAwODJmZTI2YjNkOTIiLCJ0eXAiOiJKV1QifQ.eyJpc3MiOiJodHRwczovL2FjY291bnRzLmdvb2dsZS5jb20iLCJhenAiOiIzMjU1NTk0MDU1OS5hcHBzLmdvb2dsZXVzZXJjb250ZW50LmNvbSIsImF1ZCI6IjMyNTU1OTQwNTU5LmFwcHMuZ29vZ2xldXNlcmNvbnRlbnQuY29tIiwic3ViIjoiMTA3NDA5ODEzMzQ0NTU5NDQzNDA3IiwiaGQiOiJwZXJjb25hLmNvbSIsImVtYWlsIjoiaW5lbC5wYW5kemljQHBlcmNvbmEuY29tIiwiZW1haWxfdmVyaWZpZWQiOnRydWUsImF0X2hhc2giOiJzOFNfZVhSMWo1YzMyVDcteFlBQlhnIiwiaWF0IjoxNjg5MDMzNjAzLCJleHAiOjE2ODkwMzcyMDN9.miict6sHoNY6KWIHbjVMAPI6GZkosADFrCa5sZnL6CHq8corxZmM0joDevYaDeLN2ujgInhWL9zvnp5JYUGeTakR5ipDEuIR00ZK_UJJSiZ6zJEqzBKOAsL0SJlJiGoI3ux1pXiKLC09Y_jujkY0YIILy_L9M3JmDYeG-Tn0VF7ozBngymbwFXLmnquhifp6zMjkP0EKWLa7fKUkSCdhSOgJ1P0CEquIqx26Cc0v3McjY4wEf0ARx9LnVR05jiTBGPgMT_gkgaDK9DrhdC_43Dn9v3spAc7dYyVpl98HXdMUoZESvA63hzY0_bAZiy5TDxo1PcxPcsczg4weMVJAWw",
    "token_expiry": "2023-07-11T01:00:02Z"
  },
  "sentinels": {
    "config_sentinel": "/Users/inelpandzic/.config/gcloud/config_sentinel"
  }
}
2023-07-11 02:00:03,701 INFO     ___FILE_ONLY___ 

2023-07-11 02:00:03,718 DEBUG    root            Metrics reporting process started...
