2023-07-11 03:45:26,959 DEBUG    root            Loaded Command Group: ['gcloud', 'config']
2023-07-11 03:45:26,960 DEBUG    root            Loaded Command Group: ['gcloud', 'config', 'config_helper']
2023-07-11 03:45:26,961 DEBUG    root            Running [gcloud.config.config-helper] with arguments: [--format: "json"]
2023-07-11 03:45:26,970 DEBUG    google.auth.transport.requests Making request: POST https://oauth2.googleapis.com/token
2023-07-11 03:45:26,984 DEBUG    urllib3.connectionpool Starting new HTTPS connection (1): oauth2.googleapis.com:443
2023-07-11 03:45:27,130 DEBUG    urllib3.connectionpool https://oauth2.googleapis.com:443 "POST /token HTTP/1.1" 200 None
2023-07-11 03:45:27,142 DEBUG    root            Chosen display Format:default json
2023-07-11 03:45:27,143 INFO     root            Display format: "default json"
2023-07-11 03:45:27,143 INFO     ___FILE_ONLY___ {
  "configuration": {
    "active_configuration": "percona-cloud-dev",
    "properties": {
      "core": {
        "account": "inel.pandzic@percona.com",
        "disable_usage_reporting": "False",
        "project": "cloud-dev-112233"
      }
    }
  },
  "credential": {
    "access_token": "ya29.a0AbVbY6O91biLq7OFtAz2Nm7w4AzkRrxgFVrpEya3Y6BeGx7dbpUTFDpVByr9m3AhXsyigX2u_eRCcbsjcn-UJONoOyRLLddqoTm2msBq2OMR_tftuvZ5s-3n0n2HguGdOFGMJs2ZfFsdBZbU-vZweDpChWpJ9ZGh8S61zBYaCgYKAXMSARESFQFWKvPlnK_-tX6nASpe47frUZ4QLg0174",
    "id_token": "eyJhbGciOiJSUzI1NiIsImtpZCI6IjkzNDFkZWRlZWUyZDE4NjliNjU3ZmE5MzAzMDAwODJmZTI2YjNkOTIiLCJ0eXAiOiJKV1QifQ.eyJpc3MiOiJodHRwczovL2FjY291bnRzLmdvb2dsZS5jb20iLCJhenAiOiIzMjU1NTk0MDU1OS5hcHBzLmdvb2dsZXVzZXJjb250ZW50LmNvbSIsImF1ZCI6IjMyNTU1OTQwNTU5LmFwcHMuZ29vZ2xldXNlcmNvbnRlbnQuY29tIiwic3ViIjoiMTA3NDA5ODEzMzQ0NTU5NDQzNDA3IiwiaGQiOiJwZXJjb25hLmNvbSIsImVtYWlsIjoiaW5lbC5wYW5kemljQHBlcmNvbmEuY29tIiwiZW1haWxfdmVyaWZpZWQiOnRydWUsImF0X2hhc2giOiIxWnFHTW12WjZJVnJWTzVsb0hUaWR3IiwiaWF0IjoxNjg5MDM5OTI3LCJleHAiOjE2ODkwNDM1Mjd9.b9pPlMSBzF0EJ8Ofl9cWCDtvQeX2hh6UUP8MjF0fC6YvDux54qNb4WZlbnoo2n642uCn_j7GN5zGKUSmQugPI45QlV8ZAOamleCdTCA1vzVTY496F45vRdYeztcHjde2n9bnck28jKLYSbP5shIWTa6cVv5Tka4cM0_--KU2GcIfWZv64-1wj0cxHjHyFYWgikdtH-vOa0A0DwGDA0tvAwJ4GVVXwVZemqLnXzGRgO4YZ6XQVSiA5nE85KUMI94Uu9F4voDBsIRejcYUP7zOzg391xjQCrsb9HsKy0-fl7cTg-bhk3cHqR-to1KA_qLv89ZdMEW9_d-orKB8Z_o9sQ",
    "token_expiry": "2023-07-11T02:45:26Z"
  },
  "sentinels": {
    "config_sentinel": "/Users/inelpandzic/.config/gcloud/config_sentinel"
  }
}
2023-07-11 03:45:27,143 INFO     ___FILE_ONLY___ 

2023-07-11 03:45:27,152 DEBUG    root            Metrics reporting process started...
