2023-07-11 04:45:45,528 DEBUG    root            Loaded Command Group: ['gcloud', 'config']
2023-07-11 04:45:45,529 DEBUG    root            Loaded Command Group: ['gcloud', 'config', 'config_helper']
2023-07-11 04:45:45,530 DEBUG    root            Running [gcloud.config.config-helper] with arguments: [--format: "json"]
2023-07-11 04:45:45,537 DEBUG    google.auth.transport.requests Making request: POST https://oauth2.googleapis.com/token
2023-07-11 04:45:45,551 DEBUG    urllib3.connectionpool Starting new HTTPS connection (1): oauth2.googleapis.com:443
2023-07-11 04:45:45,722 DEBUG    urllib3.connectionpool https://oauth2.googleapis.com:443 "POST /token HTTP/1.1" 200 None
2023-07-11 04:45:45,740 DEBUG    urllib3.connectionpool Starting new HTTPS connection (1): www.gstatic.com:443
2023-07-11 04:45:45,843 DEBUG    urllib3.connectionpool https://www.gstatic.com:443 "GET /cloudsdk/feature_flag_config_file.yaml HTTP/1.1" 200 101
2023-07-11 04:45:45,856 DEBUG    root            Chosen display Format:default json
2023-07-11 04:45:45,856 INFO     root            Display format: "default json"
2023-07-11 04:45:45,858 INFO     ___FILE_ONLY___ {
  "configuration": {
    "active_configuration": "percona-cloud-dev",
    "properties": {
      "core": {
        "account": "inel.pandzic@percona.com",
        "disable_usage_reporting": "False",
        "project": "cloud-dev-112233"
      }
    }
  },
  "credential": {
    "access_token": "ya29.a0AbVbY6N5j7YlCbuot9y4UJITblgkkHJkoAZEw2S0bejfIlDW6zQv04_sHSJiV3y-i2VN7yZltL3DbTxEu_5JTt4S79av6sRfCl45S6fsWVuAlIQrx3B5IXSv8QCj5aLtdkWCxRMv4b-WFgOB3MyBYZ1lSz8M02NILRbUzrQaCgYKAZMSARESFQFWKvPlkbX3bE_WPLWqvfCBsRiOxQ0174",
    "id_token": "eyJhbGciOiJSUzI1NiIsImtpZCI6IjkzNDFkZWRlZWUyZDE4NjliNjU3ZmE5MzAzMDAwODJmZTI2YjNkOTIiLCJ0eXAiOiJKV1QifQ.eyJpc3MiOiJodHRwczovL2FjY291bnRzLmdvb2dsZS5jb20iLCJhenAiOiIzMjU1NTk0MDU1OS5hcHBzLmdvb2dsZXVzZXJjb250ZW50LmNvbSIsImF1ZCI6IjMyNTU1OTQwNTU5LmFwcHMuZ29vZ2xldXNlcmNvbnRlbnQuY29tIiwic3ViIjoiMTA3NDA5ODEzMzQ0NTU5NDQzNDA3IiwiaGQiOiJwZXJjb25hLmNvbSIsImVtYWlsIjoiaW5lbC5wYW5kemljQHBlcmNvbmEuY29tIiwiZW1haWxfdmVyaWZpZWQiOnRydWUsImF0X2hhc2giOiJfVmlPVUxtd285b3FrWWhKb1BmWnVnIiwiaWF0IjoxNjg5MDQzNTQ1LCJleHAiOjE2ODkwNDcxNDV9.i_TVYCyuIjz6A7dPMqmODG2AnuUfUFaPcHb2KQGeHE-RsAQ4Z5BqSpOjEkD9u1pRp5XzYMfSNC3VNogoyKRDt0BfzafPIF6ss9QxT1_FeQ7-UfemdEtcG-5OGvLz6aFcqrmUaS4CO-PabL_y3QByxdB5r_ZNu1d60N6AJRbBeNK7PrSrX_3E2gndQ87rs9IlN_0u-ARK5snKJnK6ybOSymziXDA1nKsamrVXnKmdANlJSFD7NziKOjfdb8xIpFN6HzjkuHCYU4vJH_CbBqoumPDz_Ns80NK6xkocxezlwPVJfOEbWhXsNYH5v691-4LL0gShLobwh2Kje3VmGyU1lw",
    "token_expiry": "2023-07-11T03:45:44Z"
  },
  "sentinels": {
    "config_sentinel": "/Users/inelpandzic/.config/gcloud/config_sentinel"
  }
}
2023-07-11 04:45:45,858 INFO     ___FILE_ONLY___ 

2023-07-11 04:45:45,876 DEBUG    root            Metrics reporting process started...
