2023-07-11 07:02:59,877 DEBUG    root            Loaded Command Group: ['gcloud', 'config']
2023-07-11 07:02:59,878 DEBUG    root            Loaded Command Group: ['gcloud', 'config', 'config_helper']
2023-07-11 07:02:59,879 DEBUG    root            Running [gcloud.config.config-helper] with arguments: [--format: "json"]
2023-07-11 07:02:59,887 DEBUG    google.auth.transport.requests Making request: POST https://oauth2.googleapis.com/token
2023-07-11 07:02:59,905 DEBUG    urllib3.connectionpool Starting new HTTPS connection (1): oauth2.googleapis.com:443
2023-07-11 07:03:00,068 DEBUG    urllib3.connectionpool https://oauth2.googleapis.com:443 "POST /token HTTP/1.1" 200 None
2023-07-11 07:03:00,097 DEBUG    urllib3.connectionpool Starting new HTTPS connection (1): www.gstatic.com:443
2023-07-11 07:03:00,236 DEBUG    urllib3.connectionpool https://www.gstatic.com:443 "GET /cloudsdk/feature_flag_config_file.yaml HTTP/1.1" 200 101
2023-07-11 07:03:00,239 DEBUG    root            Chosen display Format:default json
2023-07-11 07:03:00,240 INFO     root            Display format: "default json"
2023-07-11 07:03:00,240 INFO     ___FILE_ONLY___ {
  "configuration": {
    "active_configuration": "percona-cloud-dev",
    "properties": {
      "core": {
        "account": "inel.pandzic@percona.com",
        "disable_usage_reporting": "False",
        "project": "cloud-dev-112233"
      }
    }
  },
  "credential": {
    "access_token": "ya29.a0AbVbY6PzSyx4FFF10wUtuGczbPJFFxsq0KdKGcttInA4-Q6ECrW-mR_VHIDzZbIMuqA56xQFNMm1uQXv6cTCOg9FH0gGLIvBDaWu5bAOaceqbOOj_ExFxw57WBGtIDdtYkkfUu5N-hS3PymUZJZtL4NOwHRSW-T4xhJg6JAaCgYKAesSARESFQFWKvPlwFZtfOom8YJ7RJR8VCZrfg0174",
    "id_token": "eyJhbGciOiJSUzI1NiIsImtpZCI6IjkzNDFkZWRlZWUyZDE4NjliNjU3ZmE5MzAzMDAwODJmZTI2YjNkOTIiLCJ0eXAiOiJKV1QifQ.eyJpc3MiOiJodHRwczovL2FjY291bnRzLmdvb2dsZS5jb20iLCJhenAiOiIzMjU1NTk0MDU1OS5hcHBzLmdvb2dsZXVzZXJjb250ZW50LmNvbSIsImF1ZCI6IjMyNTU1OTQwNTU5LmFwcHMuZ29vZ2xldXNlcmNvbnRlbnQuY29tIiwic3ViIjoiMTA3NDA5ODEzMzQ0NTU5NDQzNDA3IiwiaGQiOiJwZXJjb25hLmNvbSIsImVtYWlsIjoiaW5lbC5wYW5kemljQHBlcmNvbmEuY29tIiwiZW1haWxfdmVyaWZpZWQiOnRydWUsImF0X2hhc2giOiIwYXpUekl1VkZXZHBqQWpJbTRlMTh3IiwiaWF0IjoxNjg5MDUxNzgwLCJleHAiOjE2ODkwNTUzODB9.ebLnLIo39ulKmv0jGBRx6ID5gKYkpkeFv6OrcaWxZ4oLeStPibn1N8Z4LUZSFFKlM7UIwMDsuOdk4OV1wWPcRascVgJar8rgxjFRjsM9N4ZkOw-EGpLJwX01w7Z8FHTtffhjwlXpOtVzAC3HpB3ejD39JmYQ5WMGX78kHvte7gSELB1VPNZbZqrbCPDPWN7Z8dfS44V8h6A73AqqSw60pYY5yIaX-U0-oPAxa2UmR5D6011jUvBrzYa0RYZ_tpqIQoRMKIZqbE6mr4UkNh7XJGKWcmPKfiz42D1C1N1NVtXW76Wx_p05uGfm7Lwof_NAUvsEy6j-Rd0M0R5WANUifg",
    "token_expiry": "2023-07-11T06:02:59Z"
  },
  "sentinels": {
    "config_sentinel": "/Users/inelpandzic/.config/gcloud/config_sentinel"
  }
}
2023-07-11 07:03:00,240 INFO     ___FILE_ONLY___ 

2023-07-11 07:03:00,246 DEBUG    root            Metrics reporting process started...
