2023-07-11 07:42:16,593 DEBUG    root            Loaded Command Group: ['gcloud', 'container', 'clusters']
2023-07-11 07:42:16,599 DEBUG    root            Loaded Command Group: ['gcloud', 'container', 'clusters', 'create']
2023-07-11 07:42:16,614 DEBUG    root            Running [gcloud.container.clusters.create] with arguments: [--cluster-version: "1.25", --disk-size: "32212254720", --labels: "OrderedDict([('delete-cluster-after-hours', '10')])", --machine-type: "n1-standard-4", --no-enable-autoupgrade: "False", --num-nodes: "3", --preemptible: "True", --zone: "europe-west3-b", NAME: "inel-16376"]
2023-07-11 07:42:16,618 INFO     ___FILE_ONLY___ Default change: VPC-native is the default mode during cluster creation for versions greater than 1.21.0-gke.1500. To create advanced routes based clusters, please pass the `--no-enable-ip-alias` flag

2023-07-11 07:42:16,618 INFO     ___FILE_ONLY___ Default change: During creation of nodepools or autoscaling configuration changes for cluster versions greater than 1.24.1-gke.800 a default location policy is applied. For Spot and PVM it defaults to ANY, and for all other VM kinds a BALANCED policy is used. To change the default values use the `--location-policy` flag.

2023-07-11 07:42:16,618 INFO     ___FILE_ONLY___ Note: Your Pod address range (`--cluster-ipv4-cidr`) can accommodate at most 1008 node(s).

2023-07-11 07:42:16,627 DEBUG    urllib3.connectionpool Starting new HTTPS connection (1): container.googleapis.com:443
2023-07-11 07:42:20,262 DEBUG    urllib3.connectionpool https://container.googleapis.com:443 "POST /v1/projects/cloud-dev-112233/locations/europe-west3-b/clusters?alt=json HTTP/1.1" 200 None
2023-07-11 07:42:20,272 INFO     ___FILE_ONLY___ Creating cluster inel-16376 in europe-west3-b...
2023-07-11 07:42:20,283 DEBUG    urllib3.connectionpool Starting new HTTPS connection (1): container.googleapis.com:443
2023-07-11 07:42:20,544 DEBUG    urllib3.connectionpool https://container.googleapis.com:443 "GET /v1/projects/cloud-dev-112233/locations/europe-west3-b/operations/operation-1689054140212-22a57e81-9e9f-4ba5-b89b-a4546964ee2c?alt=json HTTP/1.1" 200 None
2023-07-11 07:42:25,566 DEBUG    urllib3.connectionpool Starting new HTTPS connection (1): container.googleapis.com:443
2023-07-11 07:42:25,788 DEBUG    urllib3.connectionpool https://container.googleapis.com:443 "GET /v1/projects/cloud-dev-112233/locations/europe-west3-b/operations/operation-1689054140212-22a57e81-9e9f-4ba5-b89b-a4546964ee2c?alt=json HTTP/1.1" 200 None
2023-07-11 07:42:30,811 DEBUG    urllib3.connectionpool Starting new HTTPS connection (1): container.googleapis.com:443
2023-07-11 07:42:31,088 DEBUG    urllib3.connectionpool https://container.googleapis.com:443 "GET /v1/projects/cloud-dev-112233/locations/europe-west3-b/operations/operation-1689054140212-22a57e81-9e9f-4ba5-b89b-a4546964ee2c?alt=json HTTP/1.1" 200 None
2023-07-11 07:42:36,108 DEBUG    urllib3.connectionpool Starting new HTTPS connection (1): container.googleapis.com:443
2023-07-11 07:42:36,446 DEBUG    urllib3.connectionpool https://container.googleapis.com:443 "GET /v1/projects/cloud-dev-112233/locations/europe-west3-b/operations/operation-1689054140212-22a57e81-9e9f-4ba5-b89b-a4546964ee2c?alt=json HTTP/1.1" 200 None
2023-07-11 07:42:41,466 DEBUG    urllib3.connectionpool Starting new HTTPS connection (1): container.googleapis.com:443
2023-07-11 07:42:41,715 DEBUG    urllib3.connectionpool https://container.googleapis.com:443 "GET /v1/projects/cloud-dev-112233/locations/europe-west3-b/operations/operation-1689054140212-22a57e81-9e9f-4ba5-b89b-a4546964ee2c?alt=json HTTP/1.1" 200 None
2023-07-11 07:42:46,737 DEBUG    urllib3.connectionpool Starting new HTTPS connection (1): container.googleapis.com:443
2023-07-11 07:42:46,984 DEBUG    urllib3.connectionpool https://container.googleapis.com:443 "GET /v1/projects/cloud-dev-112233/locations/europe-west3-b/operations/operation-1689054140212-22a57e81-9e9f-4ba5-b89b-a4546964ee2c?alt=json HTTP/1.1" 200 None
2023-07-11 07:42:52,000 DEBUG    urllib3.connectionpool Starting new HTTPS connection (1): container.googleapis.com:443
2023-07-11 07:42:52,237 DEBUG    urllib3.connectionpool https://container.googleapis.com:443 "GET /v1/projects/cloud-dev-112233/locations/europe-west3-b/operations/operation-1689054140212-22a57e81-9e9f-4ba5-b89b-a4546964ee2c?alt=json HTTP/1.1" 200 None
2023-07-11 07:42:57,251 DEBUG    urllib3.connectionpool Starting new HTTPS connection (1): container.googleapis.com:443
2023-07-11 07:42:57,505 DEBUG    urllib3.connectionpool https://container.googleapis.com:443 "GET /v1/projects/cloud-dev-112233/locations/europe-west3-b/operations/operation-1689054140212-22a57e81-9e9f-4ba5-b89b-a4546964ee2c?alt=json HTTP/1.1" 200 None
2023-07-11 07:43:02,517 DEBUG    urllib3.connectionpool Starting new HTTPS connection (1): container.googleapis.com:443
2023-07-11 07:43:02,736 DEBUG    urllib3.connectionpool https://container.googleapis.com:443 "GET /v1/projects/cloud-dev-112233/locations/europe-west3-b/operations/operation-1689054140212-22a57e81-9e9f-4ba5-b89b-a4546964ee2c?alt=json HTTP/1.1" 200 None
2023-07-11 07:43:07,753 DEBUG    urllib3.connectionpool Starting new HTTPS connection (1): container.googleapis.com:443
2023-07-11 07:43:08,053 DEBUG    urllib3.connectionpool https://container.googleapis.com:443 "GET /v1/projects/cloud-dev-112233/locations/europe-west3-b/operations/operation-1689054140212-22a57e81-9e9f-4ba5-b89b-a4546964ee2c?alt=json HTTP/1.1" 200 None
2023-07-11 07:43:13,074 DEBUG    urllib3.connectionpool Starting new HTTPS connection (1): container.googleapis.com:443
2023-07-11 07:43:13,309 DEBUG    urllib3.connectionpool https://container.googleapis.com:443 "GET /v1/projects/cloud-dev-112233/locations/europe-west3-b/operations/operation-1689054140212-22a57e81-9e9f-4ba5-b89b-a4546964ee2c?alt=json HTTP/1.1" 200 None
2023-07-11 07:43:18,326 DEBUG    urllib3.connectionpool Starting new HTTPS connection (1): container.googleapis.com:443
2023-07-11 07:43:18,561 DEBUG    urllib3.connectionpool https://container.googleapis.com:443 "GET /v1/projects/cloud-dev-112233/locations/europe-west3-b/operations/operation-1689054140212-22a57e81-9e9f-4ba5-b89b-a4546964ee2c?alt=json HTTP/1.1" 200 None
2023-07-11 07:43:23,579 DEBUG    urllib3.connectionpool Starting new HTTPS connection (1): container.googleapis.com:443
2023-07-11 07:43:23,807 DEBUG    urllib3.connectionpool https://container.googleapis.com:443 "GET /v1/projects/cloud-dev-112233/locations/europe-west3-b/operations/operation-1689054140212-22a57e81-9e9f-4ba5-b89b-a4546964ee2c?alt=json HTTP/1.1" 200 None
2023-07-11 07:43:28,828 DEBUG    urllib3.connectionpool Starting new HTTPS connection (1): container.googleapis.com:443
2023-07-11 07:43:29,048 DEBUG    urllib3.connectionpool https://container.googleapis.com:443 "GET /v1/projects/cloud-dev-112233/locations/europe-west3-b/operations/operation-1689054140212-22a57e81-9e9f-4ba5-b89b-a4546964ee2c?alt=json HTTP/1.1" 200 None
2023-07-11 07:43:34,062 DEBUG    urllib3.connectionpool Starting new HTTPS connection (1): container.googleapis.com:443
2023-07-11 07:43:34,293 DEBUG    urllib3.connectionpool https://container.googleapis.com:443 "GET /v1/projects/cloud-dev-112233/locations/europe-west3-b/operations/operation-1689054140212-22a57e81-9e9f-4ba5-b89b-a4546964ee2c?alt=json HTTP/1.1" 200 None
2023-07-11 07:43:39,313 DEBUG    urllib3.connectionpool Starting new HTTPS connection (1): container.googleapis.com:443
2023-07-11 07:43:39,553 DEBUG    urllib3.connectionpool https://container.googleapis.com:443 "GET /v1/projects/cloud-dev-112233/locations/europe-west3-b/operations/operation-1689054140212-22a57e81-9e9f-4ba5-b89b-a4546964ee2c?alt=json HTTP/1.1" 200 None
2023-07-11 07:43:44,569 DEBUG    urllib3.connectionpool Starting new HTTPS connection (1): container.googleapis.com:443
2023-07-11 07:43:44,813 DEBUG    urllib3.connectionpool https://container.googleapis.com:443 "GET /v1/projects/cloud-dev-112233/locations/europe-west3-b/operations/operation-1689054140212-22a57e81-9e9f-4ba5-b89b-a4546964ee2c?alt=json HTTP/1.1" 200 None
2023-07-11 07:43:49,822 DEBUG    urllib3.connectionpool Starting new HTTPS connection (1): container.googleapis.com:443
2023-07-11 07:43:50,051 DEBUG    urllib3.connectionpool https://container.googleapis.com:443 "GET /v1/projects/cloud-dev-112233/locations/europe-west3-b/operations/operation-1689054140212-22a57e81-9e9f-4ba5-b89b-a4546964ee2c?alt=json HTTP/1.1" 200 None
2023-07-11 07:43:55,064 DEBUG    urllib3.connectionpool Starting new HTTPS connection (1): container.googleapis.com:443
2023-07-11 07:43:55,330 DEBUG    urllib3.connectionpool https://container.googleapis.com:443 "GET /v1/projects/cloud-dev-112233/locations/europe-west3-b/operations/operation-1689054140212-22a57e81-9e9f-4ba5-b89b-a4546964ee2c?alt=json HTTP/1.1" 200 None
2023-07-11 07:44:00,349 DEBUG    urllib3.connectionpool Starting new HTTPS connection (1): container.googleapis.com:443
2023-07-11 07:44:00,602 DEBUG    urllib3.connectionpool https://container.googleapis.com:443 "GET /v1/projects/cloud-dev-112233/locations/europe-west3-b/operations/operation-1689054140212-22a57e81-9e9f-4ba5-b89b-a4546964ee2c?alt=json HTTP/1.1" 200 None
2023-07-11 07:44:05,619 DEBUG    urllib3.connectionpool Starting new HTTPS connection (1): container.googleapis.com:443
2023-07-11 07:44:05,835 DEBUG    urllib3.connectionpool https://container.googleapis.com:443 "GET /v1/projects/cloud-dev-112233/locations/europe-west3-b/operations/operation-1689054140212-22a57e81-9e9f-4ba5-b89b-a4546964ee2c?alt=json HTTP/1.1" 200 None
2023-07-11 07:44:10,852 DEBUG    urllib3.connectionpool Starting new HTTPS connection (1): container.googleapis.com:443
2023-07-11 07:44:11,079 DEBUG    urllib3.connectionpool https://container.googleapis.com:443 "GET /v1/projects/cloud-dev-112233/locations/europe-west3-b/operations/operation-1689054140212-22a57e81-9e9f-4ba5-b89b-a4546964ee2c?alt=json HTTP/1.1" 200 None
2023-07-11 07:44:16,095 DEBUG    urllib3.connectionpool Starting new HTTPS connection (1): container.googleapis.com:443
2023-07-11 07:44:16,306 DEBUG    urllib3.connectionpool https://container.googleapis.com:443 "GET /v1/projects/cloud-dev-112233/locations/europe-west3-b/operations/operation-1689054140212-22a57e81-9e9f-4ba5-b89b-a4546964ee2c?alt=json HTTP/1.1" 200 None
2023-07-11 07:44:21,326 DEBUG    urllib3.connectionpool Starting new HTTPS connection (1): container.googleapis.com:443
2023-07-11 07:44:21,591 DEBUG    urllib3.connectionpool https://container.googleapis.com:443 "GET /v1/projects/cloud-dev-112233/locations/europe-west3-b/operations/operation-1689054140212-22a57e81-9e9f-4ba5-b89b-a4546964ee2c?alt=json HTTP/1.1" 200 None
2023-07-11 07:44:26,610 DEBUG    urllib3.connectionpool Starting new HTTPS connection (1): container.googleapis.com:443
2023-07-11 07:44:26,826 DEBUG    urllib3.connectionpool https://container.googleapis.com:443 "GET /v1/projects/cloud-dev-112233/locations/europe-west3-b/operations/operation-1689054140212-22a57e81-9e9f-4ba5-b89b-a4546964ee2c?alt=json HTTP/1.1" 200 None
2023-07-11 07:44:31,846 DEBUG    urllib3.connectionpool Starting new HTTPS connection (1): container.googleapis.com:443
2023-07-11 07:44:32,085 DEBUG    urllib3.connectionpool https://container.googleapis.com:443 "GET /v1/projects/cloud-dev-112233/locations/europe-west3-b/operations/operation-1689054140212-22a57e81-9e9f-4ba5-b89b-a4546964ee2c?alt=json HTTP/1.1" 200 None
2023-07-11 07:44:37,103 DEBUG    urllib3.connectionpool Starting new HTTPS connection (1): container.googleapis.com:443
2023-07-11 07:44:37,343 DEBUG    urllib3.connectionpool https://container.googleapis.com:443 "GET /v1/projects/cloud-dev-112233/locations/europe-west3-b/operations/operation-1689054140212-22a57e81-9e9f-4ba5-b89b-a4546964ee2c?alt=json HTTP/1.1" 200 None
2023-07-11 07:44:42,363 DEBUG    urllib3.connectionpool Starting new HTTPS connection (1): container.googleapis.com:443
2023-07-11 07:44:42,595 DEBUG    urllib3.connectionpool https://container.googleapis.com:443 "GET /v1/projects/cloud-dev-112233/locations/europe-west3-b/operations/operation-1689054140212-22a57e81-9e9f-4ba5-b89b-a4546964ee2c?alt=json HTTP/1.1" 200 None
2023-07-11 07:44:47,611 DEBUG    urllib3.connectionpool Starting new HTTPS connection (1): container.googleapis.com:443
2023-07-11 07:44:47,814 DEBUG    urllib3.connectionpool https://container.googleapis.com:443 "GET /v1/projects/cloud-dev-112233/locations/europe-west3-b/operations/operation-1689054140212-22a57e81-9e9f-4ba5-b89b-a4546964ee2c?alt=json HTTP/1.1" 200 None
2023-07-11 07:44:52,828 DEBUG    urllib3.connectionpool Starting new HTTPS connection (1): container.googleapis.com:443
2023-07-11 07:44:53,063 DEBUG    urllib3.connectionpool https://container.googleapis.com:443 "GET /v1/projects/cloud-dev-112233/locations/europe-west3-b/operations/operation-1689054140212-22a57e81-9e9f-4ba5-b89b-a4546964ee2c?alt=json HTTP/1.1" 200 None
2023-07-11 07:44:58,077 DEBUG    urllib3.connectionpool Starting new HTTPS connection (1): container.googleapis.com:443
2023-07-11 07:44:58,331 DEBUG    urllib3.connectionpool https://container.googleapis.com:443 "GET /v1/projects/cloud-dev-112233/locations/europe-west3-b/operations/operation-1689054140212-22a57e81-9e9f-4ba5-b89b-a4546964ee2c?alt=json HTTP/1.1" 200 None
2023-07-11 07:45:03,341 DEBUG    urllib3.connectionpool Starting new HTTPS connection (1): container.googleapis.com:443
2023-07-11 07:45:03,594 DEBUG    urllib3.connectionpool https://container.googleapis.com:443 "GET /v1/projects/cloud-dev-112233/locations/europe-west3-b/operations/operation-1689054140212-22a57e81-9e9f-4ba5-b89b-a4546964ee2c?alt=json HTTP/1.1" 200 None
2023-07-11 07:45:08,603 DEBUG    urllib3.connectionpool Starting new HTTPS connection (1): container.googleapis.com:443
2023-07-11 07:45:08,902 DEBUG    urllib3.connectionpool https://container.googleapis.com:443 "GET /v1/projects/cloud-dev-112233/locations/europe-west3-b/operations/operation-1689054140212-22a57e81-9e9f-4ba5-b89b-a4546964ee2c?alt=json HTTP/1.1" 200 None
2023-07-11 07:45:13,914 DEBUG    urllib3.connectionpool Starting new HTTPS connection (1): container.googleapis.com:443
2023-07-11 07:45:14,136 DEBUG    urllib3.connectionpool https://container.googleapis.com:443 "GET /v1/projects/cloud-dev-112233/locations/europe-west3-b/operations/operation-1689054140212-22a57e81-9e9f-4ba5-b89b-a4546964ee2c?alt=json HTTP/1.1" 200 None
2023-07-11 07:45:19,145 DEBUG    urllib3.connectionpool Starting new HTTPS connection (1): container.googleapis.com:443
2023-07-11 07:45:19,361 DEBUG    urllib3.connectionpool https://container.googleapis.com:443 "GET /v1/projects/cloud-dev-112233/locations/europe-west3-b/operations/operation-1689054140212-22a57e81-9e9f-4ba5-b89b-a4546964ee2c?alt=json HTTP/1.1" 200 None
2023-07-11 07:45:24,371 DEBUG    urllib3.connectionpool Starting new HTTPS connection (1): container.googleapis.com:443
2023-07-11 07:45:24,570 DEBUG    urllib3.connectionpool https://container.googleapis.com:443 "GET /v1/projects/cloud-dev-112233/locations/europe-west3-b/operations/operation-1689054140212-22a57e81-9e9f-4ba5-b89b-a4546964ee2c?alt=json HTTP/1.1" 200 None
2023-07-11 07:45:29,580 DEBUG    urllib3.connectionpool Starting new HTTPS connection (1): container.googleapis.com:443
2023-07-11 07:45:29,794 DEBUG    urllib3.connectionpool https://container.googleapis.com:443 "GET /v1/projects/cloud-dev-112233/locations/europe-west3-b/operations/operation-1689054140212-22a57e81-9e9f-4ba5-b89b-a4546964ee2c?alt=json HTTP/1.1" 200 None
2023-07-11 07:45:34,804 DEBUG    urllib3.connectionpool Starting new HTTPS connection (1): container.googleapis.com:443
2023-07-11 07:45:35,043 DEBUG    urllib3.connectionpool https://container.googleapis.com:443 "GET /v1/projects/cloud-dev-112233/locations/europe-west3-b/operations/operation-1689054140212-22a57e81-9e9f-4ba5-b89b-a4546964ee2c?alt=json HTTP/1.1" 200 None
2023-07-11 07:45:40,053 DEBUG    urllib3.connectionpool Starting new HTTPS connection (1): container.googleapis.com:443
2023-07-11 07:45:40,243 DEBUG    urllib3.connectionpool https://container.googleapis.com:443 "GET /v1/projects/cloud-dev-112233/locations/europe-west3-b/operations/operation-1689054140212-22a57e81-9e9f-4ba5-b89b-a4546964ee2c?alt=json HTTP/1.1" 200 None
2023-07-11 07:45:45,255 DEBUG    urllib3.connectionpool Starting new HTTPS connection (1): container.googleapis.com:443
2023-07-11 07:45:45,802 DEBUG    urllib3.connectionpool https://container.googleapis.com:443 "GET /v1/projects/cloud-dev-112233/locations/europe-west3-b/operations/operation-1689054140212-22a57e81-9e9f-4ba5-b89b-a4546964ee2c?alt=json HTTP/1.1" 200 None
2023-07-11 07:45:50,817 DEBUG    urllib3.connectionpool Starting new HTTPS connection (1): container.googleapis.com:443
2023-07-11 07:45:51,064 DEBUG    urllib3.connectionpool https://container.googleapis.com:443 "GET /v1/projects/cloud-dev-112233/locations/europe-west3-b/operations/operation-1689054140212-22a57e81-9e9f-4ba5-b89b-a4546964ee2c?alt=json HTTP/1.1" 200 None
2023-07-11 07:45:56,084 DEBUG    urllib3.connectionpool Starting new HTTPS connection (1): container.googleapis.com:443
2023-07-11 07:45:56,312 DEBUG    urllib3.connectionpool https://container.googleapis.com:443 "GET /v1/projects/cloud-dev-112233/locations/europe-west3-b/operations/operation-1689054140212-22a57e81-9e9f-4ba5-b89b-a4546964ee2c?alt=json HTTP/1.1" 200 None
2023-07-11 07:46:01,335 DEBUG    urllib3.connectionpool Starting new HTTPS connection (1): container.googleapis.com:443
2023-07-11 07:46:01,570 DEBUG    urllib3.connectionpool https://container.googleapis.com:443 "GET /v1/projects/cloud-dev-112233/locations/europe-west3-b/operations/operation-1689054140212-22a57e81-9e9f-4ba5-b89b-a4546964ee2c?alt=json HTTP/1.1" 200 None
2023-07-11 07:46:06,588 DEBUG    urllib3.connectionpool Starting new HTTPS connection (1): container.googleapis.com:443
2023-07-11 07:46:06,809 DEBUG    urllib3.connectionpool https://container.googleapis.com:443 "GET /v1/projects/cloud-dev-112233/locations/europe-west3-b/operations/operation-1689054140212-22a57e81-9e9f-4ba5-b89b-a4546964ee2c?alt=json HTTP/1.1" 200 None
2023-07-11 07:46:11,828 DEBUG    urllib3.connectionpool Starting new HTTPS connection (1): container.googleapis.com:443
2023-07-11 07:46:12,055 DEBUG    urllib3.connectionpool https://container.googleapis.com:443 "GET /v1/projects/cloud-dev-112233/locations/europe-west3-b/operations/operation-1689054140212-22a57e81-9e9f-4ba5-b89b-a4546964ee2c?alt=json HTTP/1.1" 200 None
2023-07-11 07:46:17,074 DEBUG    urllib3.connectionpool Starting new HTTPS connection (1): container.googleapis.com:443
2023-07-11 07:46:17,303 DEBUG    urllib3.connectionpool https://container.googleapis.com:443 "GET /v1/projects/cloud-dev-112233/locations/europe-west3-b/operations/operation-1689054140212-22a57e81-9e9f-4ba5-b89b-a4546964ee2c?alt=json HTTP/1.1" 200 None
2023-07-11 07:46:22,319 DEBUG    urllib3.connectionpool Starting new HTTPS connection (1): container.googleapis.com:443
2023-07-11 07:46:22,561 DEBUG    urllib3.connectionpool https://container.googleapis.com:443 "GET /v1/projects/cloud-dev-112233/locations/europe-west3-b/operations/operation-1689054140212-22a57e81-9e9f-4ba5-b89b-a4546964ee2c?alt=json HTTP/1.1" 200 None
2023-07-11 07:46:27,580 DEBUG    urllib3.connectionpool Starting new HTTPS connection (1): container.googleapis.com:443
2023-07-11 07:46:27,819 DEBUG    urllib3.connectionpool https://container.googleapis.com:443 "GET /v1/projects/cloud-dev-112233/locations/europe-west3-b/operations/operation-1689054140212-22a57e81-9e9f-4ba5-b89b-a4546964ee2c?alt=json HTTP/1.1" 200 None
2023-07-11 07:46:32,838 DEBUG    urllib3.connectionpool Starting new HTTPS connection (1): container.googleapis.com:443
2023-07-11 07:46:33,078 DEBUG    urllib3.connectionpool https://container.googleapis.com:443 "GET /v1/projects/cloud-dev-112233/locations/europe-west3-b/operations/operation-1689054140212-22a57e81-9e9f-4ba5-b89b-a4546964ee2c?alt=json HTTP/1.1" 200 None
2023-07-11 07:46:38,088 DEBUG    urllib3.connectionpool Starting new HTTPS connection (1): container.googleapis.com:443
2023-07-11 07:46:38,297 DEBUG    urllib3.connectionpool https://container.googleapis.com:443 "GET /v1/projects/cloud-dev-112233/locations/europe-west3-b/operations/operation-1689054140212-22a57e81-9e9f-4ba5-b89b-a4546964ee2c?alt=json HTTP/1.1" 200 None
2023-07-11 07:46:43,309 DEBUG    urllib3.connectionpool Starting new HTTPS connection (1): container.googleapis.com:443
2023-07-11 07:46:43,514 DEBUG    urllib3.connectionpool https://container.googleapis.com:443 "GET /v1/projects/cloud-dev-112233/locations/europe-west3-b/operations/operation-1689054140212-22a57e81-9e9f-4ba5-b89b-a4546964ee2c?alt=json HTTP/1.1" 200 None
2023-07-11 07:46:48,534 DEBUG    urllib3.connectionpool Starting new HTTPS connection (1): container.googleapis.com:443
2023-07-11 07:46:48,793 DEBUG    urllib3.connectionpool https://container.googleapis.com:443 "GET /v1/projects/cloud-dev-112233/locations/europe-west3-b/operations/operation-1689054140212-22a57e81-9e9f-4ba5-b89b-a4546964ee2c?alt=json HTTP/1.1" 200 None
2023-07-11 07:46:53,812 DEBUG    urllib3.connectionpool Starting new HTTPS connection (1): container.googleapis.com:443
2023-07-11 07:46:54,018 DEBUG    urllib3.connectionpool https://container.googleapis.com:443 "GET /v1/projects/cloud-dev-112233/locations/europe-west3-b/operations/operation-1689054140212-22a57e81-9e9f-4ba5-b89b-a4546964ee2c?alt=json HTTP/1.1" 200 None
2023-07-11 07:46:59,037 DEBUG    urllib3.connectionpool Starting new HTTPS connection (1): container.googleapis.com:443
2023-07-11 07:46:59,278 DEBUG    urllib3.connectionpool https://container.googleapis.com:443 "GET /v1/projects/cloud-dev-112233/locations/europe-west3-b/operations/operation-1689054140212-22a57e81-9e9f-4ba5-b89b-a4546964ee2c?alt=json HTTP/1.1" 200 None
2023-07-11 07:47:04,292 DEBUG    urllib3.connectionpool Starting new HTTPS connection (1): container.googleapis.com:443
2023-07-11 07:47:04,511 DEBUG    urllib3.connectionpool https://container.googleapis.com:443 "GET /v1/projects/cloud-dev-112233/locations/europe-west3-b/operations/operation-1689054140212-22a57e81-9e9f-4ba5-b89b-a4546964ee2c?alt=json HTTP/1.1" 200 None
2023-07-11 07:47:09,525 DEBUG    urllib3.connectionpool Starting new HTTPS connection (1): container.googleapis.com:443
2023-07-11 07:47:09,790 DEBUG    urllib3.connectionpool https://container.googleapis.com:443 "GET /v1/projects/cloud-dev-112233/locations/europe-west3-b/operations/operation-1689054140212-22a57e81-9e9f-4ba5-b89b-a4546964ee2c?alt=json HTTP/1.1" 200 None
2023-07-11 07:47:14,812 DEBUG    urllib3.connectionpool Starting new HTTPS connection (1): container.googleapis.com:443
2023-07-11 07:47:15,039 DEBUG    urllib3.connectionpool https://container.googleapis.com:443 "GET /v1/projects/cloud-dev-112233/locations/europe-west3-b/operations/operation-1689054140212-22a57e81-9e9f-4ba5-b89b-a4546964ee2c?alt=json HTTP/1.1" 200 None
2023-07-11 07:47:20,058 DEBUG    urllib3.connectionpool Starting new HTTPS connection (1): container.googleapis.com:443
2023-07-11 07:47:20,283 DEBUG    urllib3.connectionpool https://container.googleapis.com:443 "GET /v1/projects/cloud-dev-112233/locations/europe-west3-b/operations/operation-1689054140212-22a57e81-9e9f-4ba5-b89b-a4546964ee2c?alt=json HTTP/1.1" 200 None
2023-07-11 07:47:25,304 DEBUG    urllib3.connectionpool Starting new HTTPS connection (1): container.googleapis.com:443
2023-07-11 07:47:25,552 DEBUG    urllib3.connectionpool https://container.googleapis.com:443 "GET /v1/projects/cloud-dev-112233/locations/europe-west3-b/operations/operation-1689054140212-22a57e81-9e9f-4ba5-b89b-a4546964ee2c?alt=json HTTP/1.1" 200 None
2023-07-11 07:47:30,571 DEBUG    urllib3.connectionpool Starting new HTTPS connection (1): container.googleapis.com:443
2023-07-11 07:47:30,803 DEBUG    urllib3.connectionpool https://container.googleapis.com:443 "GET /v1/projects/cloud-dev-112233/locations/europe-west3-b/operations/operation-1689054140212-22a57e81-9e9f-4ba5-b89b-a4546964ee2c?alt=json HTTP/1.1" 200 None
2023-07-11 07:47:35,822 DEBUG    urllib3.connectionpool Starting new HTTPS connection (1): container.googleapis.com:443
2023-07-11 07:47:36,056 DEBUG    urllib3.connectionpool https://container.googleapis.com:443 "GET /v1/projects/cloud-dev-112233/locations/europe-west3-b/operations/operation-1689054140212-22a57e81-9e9f-4ba5-b89b-a4546964ee2c?alt=json HTTP/1.1" 200 None
2023-07-11 07:47:41,072 DEBUG    urllib3.connectionpool Starting new HTTPS connection (1): container.googleapis.com:443
2023-07-11 07:47:41,349 DEBUG    urllib3.connectionpool https://container.googleapis.com:443 "GET /v1/projects/cloud-dev-112233/locations/europe-west3-b/operations/operation-1689054140212-22a57e81-9e9f-4ba5-b89b-a4546964ee2c?alt=json HTTP/1.1" 200 None
2023-07-11 07:47:46,370 DEBUG    urllib3.connectionpool Starting new HTTPS connection (1): container.googleapis.com:443
2023-07-11 07:47:46,610 DEBUG    urllib3.connectionpool https://container.googleapis.com:443 "GET /v1/projects/cloud-dev-112233/locations/europe-west3-b/operations/operation-1689054140212-22a57e81-9e9f-4ba5-b89b-a4546964ee2c?alt=json HTTP/1.1" 200 None
2023-07-11 07:47:46,618 INFO     root            Operation <Operation
 clusterConditions: []
 endTime: '2023-07-11T05:47:45.293540979Z'
 name: 'operation-1689054140212-22a57e81-9e9f-4ba5-b89b-a4546964ee2c'
 nodepoolConditions: []
 operationType: OperationTypeValueValuesEnum(CREATE_CLUSTER, 1)
 progress: <OperationProgress
 metrics: [<Metric
 intValue: 9
 name: 'CLUSTER_CONFIGURING'>, <Metric
 intValue: 9
 name: 'CLUSTER_CONFIGURING_TOTAL'>, <Metric
 intValue: 12
 name: 'CLUSTER_DEPLOYING'>, <Metric
 intValue: 12
 name: 'CLUSTER_DEPLOYING_TOTAL'>, <Metric
 intValue: 1
 name: 'CLUSTER_HEALTHCHECKING'>, <Metric
 intValue: 2
 name: 'CLUSTER_HEALTHCHECKING_TOTAL'>]
 stages: []>
 selfLink: 'https://container.googleapis.com/v1/projects/166042509722/zones/europe-west3-b/operations/operation-1689054140212-22a57e81-9e9f-4ba5-b89b-a4546964ee2c'
 startTime: '2023-07-11T05:42:20.212033142Z'
 status: StatusValueValuesEnum(DONE, 3)
 targetLink: 'https://container.googleapis.com/v1/projects/166042509722/zones/europe-west3-b/clusters/inel-16376'
 zone: 'europe-west3-b'> succeeded after 326.345 seconds
2023-07-11 07:47:46,814 DEBUG    urllib3.connectionpool Starting new HTTPS connection (1): container.googleapis.com:443
2023-07-11 07:47:47,043 DEBUG    urllib3.connectionpool https://container.googleapis.com:443 "GET /v1/projects/cloud-dev-112233/locations/europe-west3-b/clusters/inel-16376?alt=json HTTP/1.1" 200 None
2023-07-11 07:47:47,061 INFO     ___FILE_ONLY___ Created [https://container.googleapis.com/v1/projects/cloud-dev-112233/zones/europe-west3-b/clusters/inel-16376].

2023-07-11 07:47:47,062 INFO     ___FILE_ONLY___ To inspect the contents of your cluster, go to: https://console.cloud.google.com/kubernetes/workload_/gcloud/europe-west3-b/inel-16376?project=cloud-dev-112233

2023-07-11 07:47:47,604 DEBUG    root            Saved kubeconfig to /Users/inelpandzic/.kube/config
2023-07-11 07:47:47,605 INFO     ___FILE_ONLY___ kubeconfig entry generated for inel-16376.

2023-07-11 07:47:47,605 DEBUG    root            Chosen display Format:
    table(
        name,
        zone:label=LOCATION,
        master_version():label=MASTER_VERSION,
        endpoint:label=MASTER_IP,
        nodePools[0].config.machineType,
        currentNodeVersion:label=NODE_VERSION,
        firstof(currentNodeCount,initialNodeCount):label=NUM_NODES,
        status
    )

2023-07-11 07:47:47,606 INFO     root            Display format: "
    table(
        name,
        zone:label=LOCATION,
        master_version():label=MASTER_VERSION,
        endpoint:label=MASTER_IP,
        nodePools[0].config.machineType,
        currentNodeVersion:label=NODE_VERSION,
        firstof(currentNodeCount,initialNodeCount):label=NUM_NODES,
        status
    )
"
2023-07-11 07:47:47,607 INFO     ___FILE_ONLY___ NAME
2023-07-11 07:47:47,607 INFO     ___FILE_ONLY___         
2023-07-11 07:47:47,607 INFO     ___FILE_ONLY___ LOCATION
2023-07-11 07:47:47,607 INFO     ___FILE_ONLY___         
2023-07-11 07:47:47,607 INFO     ___FILE_ONLY___ MASTER_VERSION
2023-07-11 07:47:47,607 INFO     ___FILE_ONLY___     
2023-07-11 07:47:47,607 INFO     ___FILE_ONLY___ MASTER_IP
2023-07-11 07:47:47,607 INFO     ___FILE_ONLY___       
2023-07-11 07:47:47,607 INFO     ___FILE_ONLY___ MACHINE_TYPE
2023-07-11 07:47:47,607 INFO     ___FILE_ONLY___    
2023-07-11 07:47:47,607 INFO     ___FILE_ONLY___ NODE_VERSION
2023-07-11 07:47:47,607 INFO     ___FILE_ONLY___       
2023-07-11 07:47:47,608 INFO     ___FILE_ONLY___ NUM_NODES
2023-07-11 07:47:47,608 INFO     ___FILE_ONLY___   
2023-07-11 07:47:47,608 INFO     ___FILE_ONLY___ STATUS
2023-07-11 07:47:47,608 INFO     ___FILE_ONLY___ 

2023-07-11 07:47:47,608 INFO     ___FILE_ONLY___ inel-16376
2023-07-11 07:47:47,608 INFO     ___FILE_ONLY___   
2023-07-11 07:47:47,608 INFO     ___FILE_ONLY___ europe-west3-b
2023-07-11 07:47:47,608 INFO     ___FILE_ONLY___   
2023-07-11 07:47:47,608 INFO     ___FILE_ONLY___ 1.25.10-gke.2100
2023-07-11 07:47:47,608 INFO     ___FILE_ONLY___   
2023-07-11 07:47:47,608 INFO     ___FILE_ONLY___ 35.198.110.84
2023-07-11 07:47:47,608 INFO     ___FILE_ONLY___   
2023-07-11 07:47:47,608 INFO     ___FILE_ONLY___ n1-standard-4
2023-07-11 07:47:47,608 INFO     ___FILE_ONLY___   
2023-07-11 07:47:47,608 INFO     ___FILE_ONLY___ 1.25.10-gke.2100
2023-07-11 07:47:47,608 INFO     ___FILE_ONLY___   
2023-07-11 07:47:47,608 INFO     ___FILE_ONLY___ 3
2023-07-11 07:47:47,608 INFO     ___FILE_ONLY___           
2023-07-11 07:47:47,608 INFO     ___FILE_ONLY___ RUNNING
2023-07-11 07:47:47,608 INFO     ___FILE_ONLY___ 

2023-07-11 07:47:47,613 DEBUG    root            Metrics reporting process started...
