2023-07-11 07:42:12,793 DEBUG    root            Loaded Command Group: ['gcloud', 'container', 'clusters']
2023-07-11 07:42:12,796 DEBUG    root            Loaded Command Group: ['gcloud', 'container', 'clusters', 'list']
2023-07-11 07:42:12,808 DEBUG    root            Running [gcloud.container.clusters.list] with arguments: []
2023-07-11 07:42:12,858 DEBUG    urllib3.connectionpool Starting new HTTPS connection (1): container.googleapis.com:443
2023-07-11 07:42:13,514 DEBUG    urllib3.connectionpool https://container.googleapis.com:443 "GET /v1/projects/cloud-dev-112233/locations/-/clusters?alt=json HTTP/1.1" 200 None
2023-07-11 07:42:13,536 DEBUG    root            Chosen display Format:
    table(
        name,
        zone:label=LOCATION,
        master_version():label=MASTER_VERSION,
        endpoint:label=MASTER_IP,
        nodePools[0].config.machineType,
        currentNodeVersion:label=NODE_VERSION,
        firstof(currentNodeCount,initialNodeCount):label=NUM_NODES,
        status
    )

2023-07-11 07:42:13,538 INFO     root            Display format: "
    table(
        name,
        zone:label=LOCATION,
        master_version():label=MASTER_VERSION,
        endpoint:label=MASTER_IP,
        nodePools[0].config.machineType,
        currentNodeVersion:label=NODE_VERSION,
        firstof(currentNodeCount,initialNodeCount):label=NUM_NODES,
        status
    )
"
2023-07-11 07:42:13,547 INFO     ___FILE_ONLY___ NAME
2023-07-11 07:42:13,547 INFO     ___FILE_ONLY___        
2023-07-11 07:42:13,547 INFO     ___FILE_ONLY___ LOCATION
2023-07-11 07:42:13,547 INFO     ___FILE_ONLY___        
2023-07-11 07:42:13,547 INFO     ___FILE_ONLY___ MASTER_VERSION
2023-07-11 07:42:13,547 INFO     ___FILE_ONLY___     
2023-07-11 07:42:13,548 INFO     ___FILE_ONLY___ MASTER_IP
2023-07-11 07:42:13,548 INFO     ___FILE_ONLY___       
2023-07-11 07:42:13,548 INFO     ___FILE_ONLY___ MACHINE_TYPE
2023-07-11 07:42:13,548 INFO     ___FILE_ONLY___    
2023-07-11 07:42:13,548 INFO     ___FILE_ONLY___ NODE_VERSION
2023-07-11 07:42:13,548 INFO     ___FILE_ONLY___       
2023-07-11 07:42:13,548 INFO     ___FILE_ONLY___ NUM_NODES
2023-07-11 07:42:13,548 INFO     ___FILE_ONLY___   
2023-07-11 07:42:13,548 INFO     ___FILE_ONLY___ STATUS
2023-07-11 07:42:13,548 INFO     ___FILE_ONLY___ 

2023-07-11 07:42:13,548 INFO     ___FILE_ONLY___ ege-3663
2023-07-11 07:42:13,548 INFO     ___FILE_ONLY___    
2023-07-11 07:42:13,548 INFO     ___FILE_ONLY___ europe-west3
2023-07-11 07:42:13,548 INFO     ___FILE_ONLY___    
2023-07-11 07:42:13,548 INFO     ___FILE_ONLY___ 1.24.14-gke.1200
2023-07-11 07:42:13,548 INFO     ___FILE_ONLY___   
2023-07-11 07:42:13,548 INFO     ___FILE_ONLY___ 34.89.158.143
2023-07-11 07:42:13,548 INFO     ___FILE_ONLY___   
2023-07-11 07:42:13,548 INFO     ___FILE_ONLY___ n1-standard-4
2023-07-11 07:42:13,548 INFO     ___FILE_ONLY___   
2023-07-11 07:42:13,548 INFO     ___FILE_ONLY___ 1.24.14-gke.1200
2023-07-11 07:42:13,548 INFO     ___FILE_ONLY___   
2023-07-11 07:42:13,548 INFO     ___FILE_ONLY___ 3
2023-07-11 07:42:13,548 INFO     ___FILE_ONLY___           
2023-07-11 07:42:13,548 INFO     ___FILE_ONLY___ RUNNING
2023-07-11 07:42:13,549 INFO     ___FILE_ONLY___ 

2023-07-11 07:42:13,549 INFO     ___FILE_ONLY___ plavi-127
2023-07-11 07:42:13,549 INFO     ___FILE_ONLY___   
2023-07-11 07:42:13,549 INFO     ___FILE_ONLY___ us-central1-a
2023-07-11 07:42:13,549 INFO     ___FILE_ONLY___   
2023-07-11 07:42:13,549 INFO     ___FILE_ONLY___ 1.27.2-gke.2100
2023-07-11 07:42:13,549 INFO     ___FILE_ONLY___    
2023-07-11 07:42:13,549 INFO     ___FILE_ONLY___ 34.171.20.30
2023-07-11 07:42:13,549 INFO     ___FILE_ONLY___    
2023-07-11 07:42:13,549 INFO     ___FILE_ONLY___ n1-standard-4
2023-07-11 07:42:13,549 INFO     ___FILE_ONLY___   
2023-07-11 07:42:13,549 INFO     ___FILE_ONLY___ 1.27.2-gke.2100
2023-07-11 07:42:13,549 INFO     ___FILE_ONLY___    
2023-07-11 07:42:13,549 INFO     ___FILE_ONLY___ 4
2023-07-11 07:42:13,549 INFO     ___FILE_ONLY___           
2023-07-11 07:42:13,549 INFO     ___FILE_ONLY___ RUNNING
2023-07-11 07:42:13,549 INFO     ___FILE_ONLY___ 

2023-07-11 07:42:13,561 DEBUG    root            Metrics reporting process started...
