2023-07-11 08:03:00,099 DEBUG    root            Loaded Command Group: ['gcloud', 'config']
2023-07-11 08:03:00,101 DEBUG    root            Loaded Command Group: ['gcloud', 'config', 'config_helper']
2023-07-11 08:03:00,102 DEBUG    root            Running [gcloud.config.config-helper] with arguments: [--format: "json"]
2023-07-11 08:03:00,111 DEBUG    root            Chosen display Format:default json
2023-07-11 08:03:00,112 INFO     root            Display format: "default json"
2023-07-11 08:03:00,112 INFO     ___FILE_ONLY___ {
  "configuration": {
    "active_configuration": "percona-cloud-dev",
    "properties": {
      "core": {
        "account": "inel.pandzic@percona.com",
        "disable_usage_reporting": "False",
        "project": "cloud-dev-112233"
      }
    }
  },
  "credential": {
    "access_token": "ya29.a0AbVbY6PWDep5r_fhEwkdGWcn6LcBQ5SbiedIGDUo3uwX1ORkLOYG3wIdcDkat5kyCzselzB3Qz83Hlf6VbyXIM4MfCttLr9Oq-waw0STgaih3TPuCchZe0qjnwnIZKZp7D5pCf8XdovHszKe_oKDNfm_SRgAJKU9BoGBeUsaCgYKAUwSARESFQFWKvPl2Qkr-alNLmiZrEXNbf6a9g0174",
    "id_token": "eyJhbGciOiJSUzI1NiIsImtpZCI6IjkzNDFkZWRlZWUyZDE4NjliNjU3ZmE5MzAzMDAwODJmZTI2YjNkOTIiLCJ0eXAiOiJKV1QifQ.eyJpc3MiOiJodHRwczovL2FjY291bnRzLmdvb2dsZS5jb20iLCJhenAiOiIzMjU1NTk0MDU1OS5hcHBzLmdvb2dsZXVzZXJjb250ZW50LmNvbSIsImF1ZCI6IjMyNTU1OTQwNTU5LmFwcHMuZ29vZ2xldXNlcmNvbnRlbnQuY29tIiwic3ViIjoiMTA3NDA5ODEzMzQ0NTU5NDQzNDA3IiwiaGQiOiJwZXJjb25hLmNvbSIsImVtYWlsIjoiaW5lbC5wYW5kemljQHBlcmNvbmEuY29tIiwiZW1haWxfdmVyaWZpZWQiOnRydWUsImF0X2hhc2giOiJmZFY3SEJGSTZud0lsQVBreldRRzBRIiwiaWF0IjoxNjg5MDU1MjcyLCJleHAiOjE2ODkwNTg4NzJ9.r5oiszGFyaPn-CEwF9EbHVZi6a3NPdU5cobpXvfhu1WmAhoAwbO5JqCa0H--2_YnKFOXk7v9gl2YB3H2Ikih7lG6Mx24n7svUoEKYSttT9A3SUCMAB_tUMx2D8mFUuOllJTzSk-molDbBcYS5YDioyVISV4vuOimY5J--1gepEiNU4tAcZRjIep8o1ZXeya2jMBwvuJLJFQirKrkmXwZBJKxr1OxKebTx77stBm7v7JD2yogRJNiSGJbOR1Wx3lIJZkqbcKjes3BV8BlVeLJgaM86MOL9McpHVVFIl2rGfyN_BA2Kl4G_WnAJ8TESj8R9kEHykqM1EqPqLHns1xyJQ",
    "token_expiry": "2023-07-11T07:01:11Z"
  },
  "sentinels": {
    "config_sentinel": "/Users/inelpandzic/.config/gcloud/config_sentinel"
  }
}
2023-07-11 08:03:00,112 INFO     ___FILE_ONLY___ 

2023-07-11 08:03:00,115 DEBUG    root            Metrics reporting process started...
