2023-07-11 09:56:54,317 DEBUG    root            Loaded Command Group: ['gcloud', 'config']
2023-07-11 09:56:54,319 DEBUG    root            Loaded Command Group: ['gcloud', 'config', 'config_helper']
2023-07-11 09:56:54,320 DEBUG    root            Running [gcloud.config.config-helper] with arguments: [--format: "json"]
2023-07-11 09:56:54,339 DEBUG    urllib3.connectionpool Starting new HTTPS connection (1): www.gstatic.com:443
2023-07-11 09:56:54,438 DEBUG    urllib3.connectionpool https://www.gstatic.com:443 "GET /cloudsdk/feature_flag_config_file.yaml HTTP/1.1" 200 101
2023-07-11 09:56:54,441 DEBUG    root            Chosen display Format:default json
2023-07-11 09:56:54,441 INFO     root            Display format: "default json"
2023-07-11 09:56:54,441 INFO     ___FILE_ONLY___ {
  "configuration": {
    "active_configuration": "percona-cloud-dev",
    "properties": {
      "core": {
        "account": "inel.pandzic@percona.com",
        "disable_usage_reporting": "False",
        "project": "cloud-dev-112233"
      }
    }
  },
  "credential": {
    "access_token": "ya29.a0AbVbY6OBbyDYw0ta2r_tge0d-4z4rER5d0FQlG-xiRGRo3xHCWEkbxXMx0wFf9psSaDbbpkBA94qW8KSnzqgCBk1tPxwlibexzwYljP9018hcpoHO1UfQpug0F-wquaUy5pM4KJdJidoASvfMH-CUorFfMWkyoQ2qjSzIlwaCgYKAZESARESFQFWKvPlrWJCtRfVxkBYjdttqBjetw0174",
    "id_token": "eyJhbGciOiJSUzI1NiIsImtpZCI6IjkzNDFkZWRlZWUyZDE4NjliNjU3ZmE5MzAzMDAwODJmZTI2YjNkOTIiLCJ0eXAiOiJKV1QifQ.eyJpc3MiOiJodHRwczovL2FjY291bnRzLmdvb2dsZS5jb20iLCJhenAiOiIzMjU1NTk0MDU1OS5hcHBzLmdvb2dsZXVzZXJjb250ZW50LmNvbSIsImF1ZCI6IjMyNTU1OTQwNTU5LmFwcHMuZ29vZ2xldXNlcmNvbnRlbnQuY29tIiwic3ViIjoiMTA3NDA5ODEzMzQ0NTU5NDQzNDA3IiwiaGQiOiJwZXJjb25hLmNvbSIsImVtYWlsIjoiaW5lbC5wYW5kemljQHBlcmNvbmEuY29tIiwiZW1haWxfdmVyaWZpZWQiOnRydWUsImF0X2hhc2giOiJOcWpFRnV6Nmg0QjIxcHFFUG5oZENnIiwiaWF0IjoxNjg5MDYyMDgzLCJleHAiOjE2ODkwNjU2ODN9.cioa-vdCAQD4iYNjjU1eCAiAp8mfwLlcfvoDswHEg9ds1M3mFl5PfhUaSJep4h_JeOTnEqLxnB4WaxqXgY__dtew4PbUnG1dPs8f7EtHglyuVkPX76_fCuQ4Rura48VgO8y7Jwkr2U_CYT_wjD8FQwam7dYN0YDk1WPlTkMJQfVBcBCp-szY-tenmmoeiAixn5W-_N9mbZXwEOUYpcHq0DsoEH5G0e7k4tGufBuR76tjvgRdQgKvjB-_9ZqzwZKBq137buLK2gfAJqM9iPkJfNs5AjiIlcOQu4dsD1P6M4uDWD0r2QUtntRceIfk0-ETArLDTGj4La8GjcceNc_oKA",
    "token_expiry": "2023-07-11T08:54:42Z"
  },
  "sentinels": {
    "config_sentinel": "/Users/inelpandzic/.config/gcloud/config_sentinel"
  }
}
2023-07-11 09:56:54,441 INFO     ___FILE_ONLY___ 

2023-07-11 09:56:54,448 DEBUG    root            Metrics reporting process started...
