2023-07-11 15:55:47,237 DEBUG    root            Loaded Command Group: ['gcloud', 'config']
2023-07-11 15:55:47,239 DEBUG    root            Loaded Command Group: ['gcloud', 'config', 'config_helper']
2023-07-11 15:55:47,240 DEBUG    root            Running [gcloud.config.config-helper] with arguments: [--format: "json"]
2023-07-11 15:55:47,266 DEBUG    urllib3.connectionpool Starting new HTTPS connection (1): www.gstatic.com:443
2023-07-11 15:55:47,364 DEBUG    urllib3.connectionpool https://www.gstatic.com:443 "GET /cloudsdk/feature_flag_config_file.yaml HTTP/1.1" 200 101
2023-07-11 15:55:47,369 DEBUG    root            Chosen display Format:default json
2023-07-11 15:55:47,369 INFO     root            Display format: "default json"
2023-07-11 15:55:47,369 INFO     ___FILE_ONLY___ {
  "configuration": {
    "active_configuration": "percona-cloud-dev",
    "properties": {
      "core": {
        "account": "inel.pandzic@percona.com",
        "disable_usage_reporting": "False",
        "project": "cloud-dev-112233"
      }
    }
  },
  "credential": {
    "access_token": "ya29.a0AbVbY6Mcyri5cWSfuvi-N3uPwzabimIKuS-ybKjvefJ0jbM6MBl04wTjvLZMuiMa2N9-czugqn8iobGb-ju31MuWyJc_Z7J9sValO3v2fueA5f-KH9gL2JXd6_NhnwV2Tuyb2EmC-us-IQemPs2sz8vQLXPLOzpDoRX3VggaCgYKAZ8SARESFQFWKvPltvHUkK9i-0bbZsIdXC_xSQ0174",
    "id_token": "eyJhbGciOiJSUzI1NiIsImtpZCI6IjkzNDFkZWRlZWUyZDE4NjliNjU3ZmE5MzAzMDAwODJmZTI2YjNkOTIiLCJ0eXAiOiJKV1QifQ.eyJpc3MiOiJodHRwczovL2FjY291bnRzLmdvb2dsZS5jb20iLCJhenAiOiIzMjU1NTk0MDU1OS5hcHBzLmdvb2dsZXVzZXJjb250ZW50LmNvbSIsImF1ZCI6IjMyNTU1OTQwNTU5LmFwcHMuZ29vZ2xldXNlcmNvbnRlbnQuY29tIiwic3ViIjoiMTA3NDA5ODEzMzQ0NTU5NDQzNDA3IiwiaGQiOiJwZXJjb25hLmNvbSIsImVtYWlsIjoiaW5lbC5wYW5kemljQHBlcmNvbmEuY29tIiwiZW1haWxfdmVyaWZpZWQiOnRydWUsImF0X2hhc2giOiJRdkNVRngwazVSc0hSM2hIVWxBNDRnIiwiaWF0IjoxNjg5MDgzNzQ0LCJleHAiOjE2ODkwODczNDR9.DVUTYXM8fcmMUf4E-GWSV10k-wVYpVR6XVGMEthl-SI1ygEdbkzqWv7hA2ryqezSJfDp4vb-nchlP5tnJDTdrOfywnlEFYEnR9D42nItahZYBa9pyLTeMRE8vWFbp4cZ_zDjnefiSQrVWblkkQOxZOc-IGpr5LzL3tPZnZvJi8MQ2iZFdrTtVFaNIjDgi_uTK_9DRBF69_gpekSjCVEHOB8CfNZJb9ujFRTrLxMsp6bYSHwL6uG3Dqa6npctWwYb7PpqjAYVTeCM732BEALzHGrEenaHDQKyus1hmSobcWeqDdFqzv-AaCzwnAyJiEuc0gor0FKYjuyU13Eat3FLgQ",
    "token_expiry": "2023-07-11T14:55:43Z"
  },
  "sentinels": {
    "config_sentinel": "/Users/inelpandzic/.config/gcloud/config_sentinel"
  }
}
2023-07-11 15:55:47,369 INFO     ___FILE_ONLY___ 

2023-07-11 15:55:47,374 DEBUG    root            Metrics reporting process started...
