2023-12-06 11:13:44,095 DEBUG    root            Loaded Command Group: ['gcloud', 'config']
2023-12-06 11:13:44,097 DEBUG    root            Loaded Command Group: ['gcloud', 'config', 'config_helper']
2023-12-06 11:13:44,098 DEBUG    root            Running [gcloud.config.config-helper] with arguments: [--format: "json"]
2023-12-06 11:13:44,112 DEBUG    google.auth.transport.requests Making request: POST https://oauth2.googleapis.com/token
2023-12-06 11:13:44,135 DEBUG    urllib3.connectionpool Starting new HTTPS connection (1): oauth2.googleapis.com:443
2023-12-06 11:13:44,293 DEBUG    urllib3.connectionpool https://oauth2.googleapis.com:443 "POST /token HTTP/1.1" 200 None
2023-12-06 11:13:44,302 DEBUG    root            Chosen display Format:default json
2023-12-06 11:13:44,302 INFO     root            Display format: "default json"
2023-12-06 11:13:44,303 INFO     ___FILE_ONLY___ {
  "configuration": {
    "active_configuration": "percona-cloud-dev",
    "properties": {
      "core": {
        "account": "inel.pandzic@percona.com",
        "disable_usage_reporting": "False",
        "project": "cloud-dev-112233"
      }
    }
  },
  "credential": {
    "access_token": "ya29.a0AfB_byB0XnZhM3OQ1I_C13rBIM8h3kcmnIjeoGobhKT-W7j3IKbJi7t3W1P3DbCNnlj7zWViPVjnv-EqwHzt0QDfcdO6YHjsihJ4o6gXKjbfarGBqenIroQWmnwcSCX9Yzp8GmOaYWgiFE66KBVyLDpsMHXebFjduQUhM1LjvIiDaCgYKAW0SARESFQHGX2MiokbsP-kGc0YSLT9f6VDx9A0179",
    "id_token": "eyJhbGciOiJSUzI1NiIsImtpZCI6ImU0YWRmYjQzNmI5ZTE5N2UyZTExMDZhZjJjODQyMjg0ZTQ5ODZhZmYiLCJ0eXAiOiJKV1QifQ.eyJpc3MiOiJodHRwczovL2FjY291bnRzLmdvb2dsZS5jb20iLCJhenAiOiIzMjU1NTk0MDU1OS5hcHBzLmdvb2dsZXVzZXJjb250ZW50LmNvbSIsImF1ZCI6IjMyNTU1OTQwNTU5LmFwcHMuZ29vZ2xldXNlcmNvbnRlbnQuY29tIiwic3ViIjoiMTA3NDA5ODEzMzQ0NTU5NDQzNDA3IiwiaGQiOiJwZXJjb25hLmNvbSIsImVtYWlsIjoiaW5lbC5wYW5kemljQHBlcmNvbmEuY29tIiwiZW1haWxfdmVyaWZpZWQiOnRydWUsImF0X2hhc2giOiJmSVJKTUJwNXIyZnNicVdOYTg4R2R3IiwiaWF0IjoxNzAxODU3NjI0LCJleHAiOjE3MDE4NjEyMjR9.WXCCp-RUVs604fy8hcFhLQkOxPqMUXaHiecAtcpwx9P0GMhqa8rA_dStLjl0kxCVBtV9A2aPtlSIBCBDElXRofymlM6TEO__rvdEacZnmYN3hUgX5E-v9VmUA20kfkT_XULozM85ptaheQmB9xl6dVOrEAwsVARjLtARL-z_SBisGvxZjGRaUMs-NQWKOplDH2WbFMAomPIu6qvmfwIMe-98Sk0tAPo-Cj76zwJG8D0-CRpdMhUK5iB39LoI7luhz9jU_BS4RFS87b7CLWAc-H9y1l45pSQmk5JZTfcB9ijKEFbi9bVAJlSTWZKj8ALON8yO1GqEzd_Ytgk4MMeAmQ",
    "token_expiry": "2023-12-06T11:13:43Z"
  },
  "sentinels": {
    "config_sentinel": "/Users/inelpandzic/.config/gcloud/config_sentinel"
  }
}
2023-12-06 11:13:44,303 INFO     ___FILE_ONLY___ 

2023-12-06 11:13:44,315 DEBUG    root            Metrics reporting process started...
