2023-12-06 12:14:10,688 DEBUG    root            Loaded Command Group: ['gcloud', 'config']
2023-12-06 12:14:10,690 DEBUG    root            Loaded Command Group: ['gcloud', 'config', 'config_helper']
2023-12-06 12:14:10,691 DEBUG    root            Running [gcloud.config.config-helper] with arguments: [--format: "json"]
2023-12-06 12:14:10,705 DEBUG    google.auth.transport.requests Making request: POST https://oauth2.googleapis.com/token
2023-12-06 12:14:10,720 DEBUG    urllib3.connectionpool Starting new HTTPS connection (1): oauth2.googleapis.com:443
2023-12-06 12:14:10,879 DEBUG    urllib3.connectionpool https://oauth2.googleapis.com:443 "POST /token HTTP/1.1" 200 None
2023-12-06 12:14:10,882 DEBUG    root            Chosen display Format:default json
2023-12-06 12:14:10,882 INFO     root            Display format: "default json"
2023-12-06 12:14:10,882 INFO     ___FILE_ONLY___ {
  "configuration": {
    "active_configuration": "percona-cloud-dev",
    "properties": {
      "core": {
        "account": "inel.pandzic@percona.com",
        "disable_usage_reporting": "False",
        "project": "cloud-dev-112233"
      }
    }
  },
  "credential": {
    "access_token": "ya29.a0AfB_byC49HudrA8s06CeNc53VawZwih80_fNFQwQCEIE5aIWpVDw4mWAicW-Yf2xSA_My5pytt0y2Os6Zj7c_Ma0rC7_VDC1FkXzb3aKEO0ShSuih703qmEcAyyP_pPTat8GN7HmavupEPQu8-BFmqcett08v34k-SspYYQTNguJaCgYKAcASARESFQHGX2Miu0AdowF-Zqw2wE7Yg3tnCw0179",
    "id_token": "eyJhbGciOiJSUzI1NiIsImtpZCI6ImU0YWRmYjQzNmI5ZTE5N2UyZTExMDZhZjJjODQyMjg0ZTQ5ODZhZmYiLCJ0eXAiOiJKV1QifQ.eyJpc3MiOiJodHRwczovL2FjY291bnRzLmdvb2dsZS5jb20iLCJhenAiOiIzMjU1NTk0MDU1OS5hcHBzLmdvb2dsZXVzZXJjb250ZW50LmNvbSIsImF1ZCI6IjMyNTU1OTQwNTU5LmFwcHMuZ29vZ2xldXNlcmNvbnRlbnQuY29tIiwic3ViIjoiMTA3NDA5ODEzMzQ0NTU5NDQzNDA3IiwiaGQiOiJwZXJjb25hLmNvbSIsImVtYWlsIjoiaW5lbC5wYW5kemljQHBlcmNvbmEuY29tIiwiZW1haWxfdmVyaWZpZWQiOnRydWUsImF0X2hhc2giOiJMLVVPb2FndV9yMmtTclZFMy1fM0lnIiwiaWF0IjoxNzAxODYxMjUwLCJleHAiOjE3MDE4NjQ4NTB9.J4qjf_Nw0tfhNaTqf2kWtjxKMwqZn2Z1jlrwGzbwN9elc24Lyw3A4K4RCaw3d1qBh7vmxHXVpODWHh6HpVBvxKiNHxr9fcgxdM9t0wXwBzmp4kK2yOVDpwEtMJgI9decMw5xAqmX4fU4uMmHRF2VtZNtJxwFPhMNtdTcrJUE_ucm6x-cD9vg5HHjIocswDjz4PKZIHcYcD2Gr7LP9_6w2bVDE8kaA_dKF9PzFz7eNPdc5Ph4_cEwxfDnaLgVDTk5IEO3ukb4YYmdfK0ujvrmh3cZkDju3-VrGeCrmylEEJMQJr7vjj48z3UTTmgJHOghdTO7VBZstmCqhUwbu6e1Zg",
    "token_expiry": "2023-12-06T12:14:09Z"
  },
  "sentinels": {
    "config_sentinel": "/Users/inelpandzic/.config/gcloud/config_sentinel"
  }
}
2023-12-06 12:14:10,882 INFO     ___FILE_ONLY___ 

2023-12-06 12:14:10,889 DEBUG    root            Metrics reporting process started...
