2023-12-06 13:14:18,085 DEBUG    root            Loaded Command Group: ['gcloud', 'config']
2023-12-06 13:14:18,087 DEBUG    root            Loaded Command Group: ['gcloud', 'config', 'config_helper']
2023-12-06 13:14:18,088 DEBUG    root            Running [gcloud.config.config-helper] with arguments: [--format: "json"]
2023-12-06 13:14:18,102 DEBUG    google.auth.transport.requests Making request: POST https://oauth2.googleapis.com/token
2023-12-06 13:14:18,127 DEBUG    urllib3.connectionpool Starting new HTTPS connection (1): oauth2.googleapis.com:443
2023-12-06 13:14:18,314 DEBUG    urllib3.connectionpool https://oauth2.googleapis.com:443 "POST /token HTTP/1.1" 200 None
2023-12-06 13:14:18,324 DEBUG    root            Chosen display Format:default json
2023-12-06 13:14:18,324 INFO     root            Display format: "default json"
2023-12-06 13:14:18,325 INFO     ___FILE_ONLY___ {
  "configuration": {
    "active_configuration": "percona-cloud-dev",
    "properties": {
      "core": {
        "account": "inel.pandzic@percona.com",
        "disable_usage_reporting": "False",
        "project": "cloud-dev-112233"
      }
    }
  },
  "credential": {
    "access_token": "ya29.a0AfB_byCqX2XUpNahtyU-K8QUfx-ZIhkZhmf6UYsDTXTx-aoDDfVy2zC8SQQFyjSpHISYkOJJMPIQFu5Qw8bvZRM8pHDJeLn3Kz68_sa6UlAXlUjgAmdT_PM_gRgEICvBmwJQ6xxbLplORyMhsHy3pXHi07qRoWVa4a8ZYqxozGVLaCgYKAcUSARESFQHGX2MiODPG1b6UKlNpLopyNzch4A0179",
    "id_token": "eyJhbGciOiJSUzI1NiIsImtpZCI6ImU0YWRmYjQzNmI5ZTE5N2UyZTExMDZhZjJjODQyMjg0ZTQ5ODZhZmYiLCJ0eXAiOiJKV1QifQ.eyJpc3MiOiJodHRwczovL2FjY291bnRzLmdvb2dsZS5jb20iLCJhenAiOiIzMjU1NTk0MDU1OS5hcHBzLmdvb2dsZXVzZXJjb250ZW50LmNvbSIsImF1ZCI6IjMyNTU1OTQwNTU5LmFwcHMuZ29vZ2xldXNlcmNvbnRlbnQuY29tIiwic3ViIjoiMTA3NDA5ODEzMzQ0NTU5NDQzNDA3IiwiaGQiOiJwZXJjb25hLmNvbSIsImVtYWlsIjoiaW5lbC5wYW5kemljQHBlcmNvbmEuY29tIiwiZW1haWxfdmVyaWZpZWQiOnRydWUsImF0X2hhc2giOiJZVVYxSzF5ckt1YlNCV0JLWlZ5R2FBIiwiaWF0IjoxNzAxODY0ODU4LCJleHAiOjE3MDE4Njg0NTh9.B67X3mVUxDd2K26CZEyJQRq1CcpIlXItLcFB72eJndGK0pysBB7Z-MQ7LkHi5MHRnoh6_e96WM7S4iktiB5gMDBmuV0hGOuSdremmQiF1IrHChYO62zhBanLQxAZDX1PBJ-PeKeUxNXZSLxNyWaCckSChF4ejRazYgaJhSdonccq46rfLOeE923r537BqgKYP38pW3_rU3f0-maeqkSL0VsI7cxWCbE-SHOcXUunc3f1H2meiYcL-_TsIq8XR89SCZkzLSxg-Fy_25N_Xn-UloH-n9gT3NKMu3wPLCiNUiJ_16eqY9OcQCe8G_Yh-xMTIoHYkuu1wjmeDNqZ9QSLSA",
    "token_expiry": "2023-12-06T13:14:17Z"
  },
  "sentinels": {
    "config_sentinel": "/Users/inelpandzic/.config/gcloud/config_sentinel"
  }
}
2023-12-06 13:14:18,325 INFO     ___FILE_ONLY___ 

2023-12-06 13:14:18,336 DEBUG    root            Metrics reporting process started...
