2023-12-06 15:14:26,841 DEBUG    root            Loaded Command Group: ['gcloud', 'config']
2023-12-06 15:14:26,843 DEBUG    root            Loaded Command Group: ['gcloud', 'config', 'config_helper']
2023-12-06 15:14:26,844 DEBUG    root            Running [gcloud.config.config-helper] with arguments: [--format: "json"]
2023-12-06 15:14:26,864 DEBUG    google.auth.transport.requests Making request: POST https://oauth2.googleapis.com/token
2023-12-06 15:14:26,882 DEBUG    urllib3.connectionpool Starting new HTTPS connection (1): oauth2.googleapis.com:443
2023-12-06 15:14:27,041 DEBUG    urllib3.connectionpool https://oauth2.googleapis.com:443 "POST /token HTTP/1.1" 200 None
2023-12-06 15:14:27,048 DEBUG    root            Chosen display Format:default json
2023-12-06 15:14:27,048 INFO     root            Display format: "default json"
2023-12-06 15:14:27,049 INFO     ___FILE_ONLY___ {
  "configuration": {
    "active_configuration": "percona-cloud-dev",
    "properties": {
      "core": {
        "account": "inel.pandzic@percona.com",
        "disable_usage_reporting": "False",
        "project": "cloud-dev-112233"
      }
    }
  },
  "credential": {
    "access_token": "ya29.a0AfB_byAQQzqL-dORMofSN7yVpkgk3r92KKBV-Sp2W1n3cPevzEgfOcw8mJj57_4MdDiWK-hQCgnD_Yegb5bi2ewlwkoEuC1xNR69OuDdsEuBrexawb5X6IJLLDLZXr5905za-oispNAQcvooqeCgiv2_mUo5_X45DzJMXABHSt84aCgYKATYSARESFQHGX2Miu8HQCr64pIIb6_L3M0Oxhg0179",
    "id_token": "eyJhbGciOiJSUzI1NiIsImtpZCI6ImU0YWRmYjQzNmI5ZTE5N2UyZTExMDZhZjJjODQyMjg0ZTQ5ODZhZmYiLCJ0eXAiOiJKV1QifQ.eyJpc3MiOiJodHRwczovL2FjY291bnRzLmdvb2dsZS5jb20iLCJhenAiOiIzMjU1NTk0MDU1OS5hcHBzLmdvb2dsZXVzZXJjb250ZW50LmNvbSIsImF1ZCI6IjMyNTU1OTQwNTU5LmFwcHMuZ29vZ2xldXNlcmNvbnRlbnQuY29tIiwic3ViIjoiMTA3NDA5ODEzMzQ0NTU5NDQzNDA3IiwiaGQiOiJwZXJjb25hLmNvbSIsImVtYWlsIjoiaW5lbC5wYW5kemljQHBlcmNvbmEuY29tIiwiZW1haWxfdmVyaWZpZWQiOnRydWUsImF0X2hhc2giOiJGejRrRDdVblhTenNQYU52TGpZeHdRIiwiaWF0IjoxNzAxODcyMDY3LCJleHAiOjE3MDE4NzU2Njd9.I72OiFC8yG8F0Fo4Pc5ZFe-1C0S53kGOaFnJ2XfwQHVC9dXHnpkzn1jsDxUcYtVQQqb8gYpP_QuufwoyQkkshOCg89bztYBmMh4VYqtb4Y-BcQpWew7XClDav6V1GnWiMB0uRDD9ttinRT8XmYtLAyTv8EVSGbUbKg8gx6A3IYDSPjLs4Ubd0jZxTWBO-1Ju1qO4iSo8Lngc2Bb0o-H_GSLvbQ8nqkPaoKz5HulrmGBmIKVQ3Eojca_hWEbu3J4k58IyTX3KC4SqBgKZVXDHltDAx8SEzsUvs2J0iHKBBh0-qGrAr9bF9Qd9DJeWbLw0HDgtOkIW_0t0_KH_EB5eTA",
    "token_expiry": "2023-12-06T15:14:26Z"
  },
  "sentinels": {
    "config_sentinel": "/Users/inelpandzic/.config/gcloud/config_sentinel"
  }
}
2023-12-06 15:14:27,049 INFO     ___FILE_ONLY___ 

2023-12-06 15:14:27,059 DEBUG    root            Metrics reporting process started...
