2023-12-06 16:14:29,876 DEBUG    root            Loaded Command Group: ['gcloud', 'config']
2023-12-06 16:14:29,878 DEBUG    root            Loaded Command Group: ['gcloud', 'config', 'config_helper']
2023-12-06 16:14:29,879 DEBUG    root            Running [gcloud.config.config-helper] with arguments: [--format: "json"]
2023-12-06 16:14:29,883 DEBUG    root            Chosen display Format:default json
2023-12-06 16:14:29,883 INFO     root            Display format: "default json"
2023-12-06 16:14:29,883 INFO     ___FILE_ONLY___ {
  "configuration": {
    "active_configuration": "percona-cloud-dev",
    "properties": {
      "core": {
        "account": "inel.pandzic@percona.com",
        "disable_usage_reporting": "False",
        "project": "cloud-dev-112233"
      }
    }
  },
  "credential": {
    "access_token": "ya29.a0AfB_byAh1xCO4uTDRARV4De3zuj2J3Dd0Ae_YmLsemEyVdIBIBS3S4kgUqFNiRQ2UvN0IJREA-l4niwM4IZ4eEk5MaiNklnOYA-T8oOtZcegWKEjKdM-srvtI3fKdanPHu7ijRM87eAP4femwghsG7LSTmnfxbg6w2JW4pK4oLEBaCgYKAfISARESFQHGX2MiT-ae8Ujo5V-IAVNnMDacTw0179",
    "id_token": "eyJhbGciOiJSUzI1NiIsImtpZCI6ImU0YWRmYjQzNmI5ZTE5N2UyZTExMDZhZjJjODQyMjg0ZTQ5ODZhZmYiLCJ0eXAiOiJKV1QifQ.eyJpc3MiOiJodHRwczovL2FjY291bnRzLmdvb2dsZS5jb20iLCJhenAiOiIzMjU1NTk0MDU1OS5hcHBzLmdvb2dsZXVzZXJjb250ZW50LmNvbSIsImF1ZCI6IjMyNTU1OTQwNTU5LmFwcHMuZ29vZ2xldXNlcmNvbnRlbnQuY29tIiwic3ViIjoiMTA3NDA5ODEzMzQ0NTU5NDQzNDA3IiwiaGQiOiJwZXJjb25hLmNvbSIsImVtYWlsIjoiaW5lbC5wYW5kemljQHBlcmNvbmEuY29tIiwiZW1haWxfdmVyaWZpZWQiOnRydWUsImF0X2hhc2giOiItaXp1LWNYYUtQRUlrUzUtYk9zVUpnIiwiaWF0IjoxNzAxODc1NjE0LCJleHAiOjE3MDE4NzkyMTR9.CTVWk6wtQLB4yQZ1vkeocxeM_rD2d0WK0Q1IpYFEMeLZ-XhrOtYfOGjDHRM5H-zwWv9iFi52UJ0n-ILZKDhi2n2q22UyY7GX2RosAVG8P9r7Bijvnugsfl8JWfUDbsh6CGPqF1bh423vyd7ATMsK5Zcsundy6uCplawIFgLGhlzfs-Lt9_-U8wXgqmKOVIA93viYcRkAuAF_fXY2lKwvfJHhfs0Wvduj8kebH3AwMMnrmXPfAUuWPfq7wzhBVtD2rjS9-QI0o6cXxp5tNHqFLqZWFR9hSHEIAoi-a4EAROJVaZbCExnSNwKzoDa46sfqHroTHk8nAhFb3M22Clgr7g",
    "token_expiry": "2023-12-06T16:13:33Z"
  },
  "sentinels": {
    "config_sentinel": "/Users/inelpandzic/.config/gcloud/config_sentinel"
  }
}
2023-12-06 16:14:29,884 INFO     ___FILE_ONLY___ 

2023-12-06 16:14:29,889 DEBUG    root            Metrics reporting process started...
