2023-07-17 10:13:16,796 DEBUG    root            Loaded Command Group: ['gcloud', 'container', 'clusters']
2023-07-17 10:13:16,802 DEBUG    root            Loaded Command Group: ['gcloud', 'container', 'clusters', 'create']
2023-07-17 10:13:16,820 DEBUG    root            Running [gcloud.container.clusters.create] with arguments: [--cluster-version: "1.25", --disk-size: "32212254720", --labels: "OrderedDict([('delete-cluster-after-hours', '10')])", --machine-type: "n1-standard-4", --no-enable-autoupgrade: "False", --num-nodes: "3", --preemptible: "True", --zone: "europe-west3-b", NAME: "inel-30030"]
2023-07-17 10:13:16,822 INFO     ___FILE_ONLY___ Default change: VPC-native is the default mode during cluster creation for versions greater than 1.21.0-gke.1500. To create advanced routes based clusters, please pass the `--no-enable-ip-alias` flag

2023-07-17 10:13:16,822 INFO     ___FILE_ONLY___ Default change: During creation of nodepools or autoscaling configuration changes for cluster versions greater than 1.24.1-gke.800 a default location policy is applied. For Spot and PVM it defaults to ANY, and for all other VM kinds a BALANCED policy is used. To change the default values use the `--location-policy` flag.

2023-07-17 10:13:16,822 INFO     ___FILE_ONLY___ Note: Your Pod address range (`--cluster-ipv4-cidr`) can accommodate at most 1008 node(s).

2023-07-17 10:13:16,870 DEBUG    urllib3.connectionpool Starting new HTTPS connection (1): container.googleapis.com:443
2023-07-17 10:13:21,508 DEBUG    urllib3.connectionpool https://container.googleapis.com:443 "POST /v1/projects/cloud-dev-112233/locations/europe-west3-b/clusters?alt=json HTTP/1.1" 200 None
2023-07-17 10:13:21,513 INFO     ___FILE_ONLY___ Creating cluster inel-30030 in europe-west3-b...
2023-07-17 10:13:21,522 DEBUG    urllib3.connectionpool Starting new HTTPS connection (1): container.googleapis.com:443
2023-07-17 10:13:21,757 DEBUG    urllib3.connectionpool https://container.googleapis.com:443 "GET /v1/projects/cloud-dev-112233/locations/europe-west3-b/operations/operation-1689581601502-b8a8d041-2992-456d-943a-e7b7f3f760b9?alt=json HTTP/1.1" 200 None
2023-07-17 10:13:26,772 DEBUG    urllib3.connectionpool Starting new HTTPS connection (1): container.googleapis.com:443
2023-07-17 10:13:27,005 DEBUG    urllib3.connectionpool https://container.googleapis.com:443 "GET /v1/projects/cloud-dev-112233/locations/europe-west3-b/operations/operation-1689581601502-b8a8d041-2992-456d-943a-e7b7f3f760b9?alt=json HTTP/1.1" 200 None
2023-07-17 10:13:32,023 DEBUG    urllib3.connectionpool Starting new HTTPS connection (1): container.googleapis.com:443
2023-07-17 10:13:32,251 DEBUG    urllib3.connectionpool https://container.googleapis.com:443 "GET /v1/projects/cloud-dev-112233/locations/europe-west3-b/operations/operation-1689581601502-b8a8d041-2992-456d-943a-e7b7f3f760b9?alt=json HTTP/1.1" 200 None
2023-07-17 10:13:37,268 DEBUG    urllib3.connectionpool Starting new HTTPS connection (1): container.googleapis.com:443
2023-07-17 10:13:37,496 DEBUG    urllib3.connectionpool https://container.googleapis.com:443 "GET /v1/projects/cloud-dev-112233/locations/europe-west3-b/operations/operation-1689581601502-b8a8d041-2992-456d-943a-e7b7f3f760b9?alt=json HTTP/1.1" 200 None
2023-07-17 10:13:42,510 DEBUG    urllib3.connectionpool Starting new HTTPS connection (1): container.googleapis.com:443
2023-07-17 10:13:42,720 DEBUG    urllib3.connectionpool https://container.googleapis.com:443 "GET /v1/projects/cloud-dev-112233/locations/europe-west3-b/operations/operation-1689581601502-b8a8d041-2992-456d-943a-e7b7f3f760b9?alt=json HTTP/1.1" 200 None
2023-07-17 10:13:47,737 DEBUG    urllib3.connectionpool Starting new HTTPS connection (1): container.googleapis.com:443
2023-07-17 10:13:47,943 DEBUG    urllib3.connectionpool https://container.googleapis.com:443 "GET /v1/projects/cloud-dev-112233/locations/europe-west3-b/operations/operation-1689581601502-b8a8d041-2992-456d-943a-e7b7f3f760b9?alt=json HTTP/1.1" 200 None
2023-07-17 10:13:52,959 DEBUG    urllib3.connectionpool Starting new HTTPS connection (1): container.googleapis.com:443
2023-07-17 10:13:53,190 DEBUG    urllib3.connectionpool https://container.googleapis.com:443 "GET /v1/projects/cloud-dev-112233/locations/europe-west3-b/operations/operation-1689581601502-b8a8d041-2992-456d-943a-e7b7f3f760b9?alt=json HTTP/1.1" 200 None
2023-07-17 10:13:58,201 DEBUG    urllib3.connectionpool Starting new HTTPS connection (1): container.googleapis.com:443
2023-07-17 10:13:58,427 DEBUG    urllib3.connectionpool https://container.googleapis.com:443 "GET /v1/projects/cloud-dev-112233/locations/europe-west3-b/operations/operation-1689581601502-b8a8d041-2992-456d-943a-e7b7f3f760b9?alt=json HTTP/1.1" 200 None
2023-07-17 10:14:03,439 DEBUG    urllib3.connectionpool Starting new HTTPS connection (1): container.googleapis.com:443
2023-07-17 10:14:03,651 DEBUG    urllib3.connectionpool https://container.googleapis.com:443 "GET /v1/projects/cloud-dev-112233/locations/europe-west3-b/operations/operation-1689581601502-b8a8d041-2992-456d-943a-e7b7f3f760b9?alt=json HTTP/1.1" 200 None
2023-07-17 10:14:08,663 DEBUG    urllib3.connectionpool Starting new HTTPS connection (1): container.googleapis.com:443
2023-07-17 10:14:08,877 DEBUG    urllib3.connectionpool https://container.googleapis.com:443 "GET /v1/projects/cloud-dev-112233/locations/europe-west3-b/operations/operation-1689581601502-b8a8d041-2992-456d-943a-e7b7f3f760b9?alt=json HTTP/1.1" 200 None
2023-07-17 10:14:13,886 DEBUG    urllib3.connectionpool Starting new HTTPS connection (1): container.googleapis.com:443
2023-07-17 10:14:14,108 DEBUG    urllib3.connectionpool https://container.googleapis.com:443 "GET /v1/projects/cloud-dev-112233/locations/europe-west3-b/operations/operation-1689581601502-b8a8d041-2992-456d-943a-e7b7f3f760b9?alt=json HTTP/1.1" 200 None
2023-07-17 10:14:19,123 DEBUG    urllib3.connectionpool Starting new HTTPS connection (1): container.googleapis.com:443
2023-07-17 10:14:19,359 DEBUG    urllib3.connectionpool https://container.googleapis.com:443 "GET /v1/projects/cloud-dev-112233/locations/europe-west3-b/operations/operation-1689581601502-b8a8d041-2992-456d-943a-e7b7f3f760b9?alt=json HTTP/1.1" 200 None
2023-07-17 10:14:24,376 DEBUG    urllib3.connectionpool Starting new HTTPS connection (1): container.googleapis.com:443
2023-07-17 10:14:24,593 DEBUG    urllib3.connectionpool https://container.googleapis.com:443 "GET /v1/projects/cloud-dev-112233/locations/europe-west3-b/operations/operation-1689581601502-b8a8d041-2992-456d-943a-e7b7f3f760b9?alt=json HTTP/1.1" 200 None
2023-07-17 10:14:29,604 DEBUG    urllib3.connectionpool Starting new HTTPS connection (1): container.googleapis.com:443
2023-07-17 10:14:29,806 DEBUG    urllib3.connectionpool https://container.googleapis.com:443 "GET /v1/projects/cloud-dev-112233/locations/europe-west3-b/operations/operation-1689581601502-b8a8d041-2992-456d-943a-e7b7f3f760b9?alt=json HTTP/1.1" 200 None
2023-07-17 10:14:34,810 DEBUG    urllib3.connectionpool Starting new HTTPS connection (1): container.googleapis.com:443
2023-07-17 10:14:35,017 DEBUG    urllib3.connectionpool https://container.googleapis.com:443 "GET /v1/projects/cloud-dev-112233/locations/europe-west3-b/operations/operation-1689581601502-b8a8d041-2992-456d-943a-e7b7f3f760b9?alt=json HTTP/1.1" 200 None
2023-07-17 10:14:40,031 DEBUG    urllib3.connectionpool Starting new HTTPS connection (1): container.googleapis.com:443
2023-07-17 10:14:40,264 DEBUG    urllib3.connectionpool https://container.googleapis.com:443 "GET /v1/projects/cloud-dev-112233/locations/europe-west3-b/operations/operation-1689581601502-b8a8d041-2992-456d-943a-e7b7f3f760b9?alt=json HTTP/1.1" 200 None
2023-07-17 10:14:45,282 DEBUG    urllib3.connectionpool Starting new HTTPS connection (1): container.googleapis.com:443
2023-07-17 10:14:45,482 DEBUG    urllib3.connectionpool https://container.googleapis.com:443 "GET /v1/projects/cloud-dev-112233/locations/europe-west3-b/operations/operation-1689581601502-b8a8d041-2992-456d-943a-e7b7f3f760b9?alt=json HTTP/1.1" 200 None
2023-07-17 10:14:50,497 DEBUG    urllib3.connectionpool Starting new HTTPS connection (1): container.googleapis.com:443
2023-07-17 10:14:50,688 DEBUG    urllib3.connectionpool https://container.googleapis.com:443 "GET /v1/projects/cloud-dev-112233/locations/europe-west3-b/operations/operation-1689581601502-b8a8d041-2992-456d-943a-e7b7f3f760b9?alt=json HTTP/1.1" 200 None
2023-07-17 10:14:55,700 DEBUG    urllib3.connectionpool Starting new HTTPS connection (1): container.googleapis.com:443
2023-07-17 10:14:55,924 DEBUG    urllib3.connectionpool https://container.googleapis.com:443 "GET /v1/projects/cloud-dev-112233/locations/europe-west3-b/operations/operation-1689581601502-b8a8d041-2992-456d-943a-e7b7f3f760b9?alt=json HTTP/1.1" 200 None
2023-07-17 10:15:00,942 DEBUG    urllib3.connectionpool Starting new HTTPS connection (1): container.googleapis.com:443
2023-07-17 10:15:01,148 DEBUG    urllib3.connectionpool https://container.googleapis.com:443 "GET /v1/projects/cloud-dev-112233/locations/europe-west3-b/operations/operation-1689581601502-b8a8d041-2992-456d-943a-e7b7f3f760b9?alt=json HTTP/1.1" 200 None
2023-07-17 10:15:06,167 DEBUG    urllib3.connectionpool Starting new HTTPS connection (1): container.googleapis.com:443
2023-07-17 10:15:06,391 DEBUG    urllib3.connectionpool https://container.googleapis.com:443 "GET /v1/projects/cloud-dev-112233/locations/europe-west3-b/operations/operation-1689581601502-b8a8d041-2992-456d-943a-e7b7f3f760b9?alt=json HTTP/1.1" 200 None
2023-07-17 10:15:11,407 DEBUG    urllib3.connectionpool Starting new HTTPS connection (1): container.googleapis.com:443
2023-07-17 10:15:11,630 DEBUG    urllib3.connectionpool https://container.googleapis.com:443 "GET /v1/projects/cloud-dev-112233/locations/europe-west3-b/operations/operation-1689581601502-b8a8d041-2992-456d-943a-e7b7f3f760b9?alt=json HTTP/1.1" 200 None
2023-07-17 10:15:16,641 DEBUG    urllib3.connectionpool Starting new HTTPS connection (1): container.googleapis.com:443
2023-07-17 10:15:16,871 DEBUG    urllib3.connectionpool https://container.googleapis.com:443 "GET /v1/projects/cloud-dev-112233/locations/europe-west3-b/operations/operation-1689581601502-b8a8d041-2992-456d-943a-e7b7f3f760b9?alt=json HTTP/1.1" 200 None
2023-07-17 10:15:21,892 DEBUG    urllib3.connectionpool Starting new HTTPS connection (1): container.googleapis.com:443
2023-07-17 10:15:22,124 DEBUG    urllib3.connectionpool https://container.googleapis.com:443 "GET /v1/projects/cloud-dev-112233/locations/europe-west3-b/operations/operation-1689581601502-b8a8d041-2992-456d-943a-e7b7f3f760b9?alt=json HTTP/1.1" 200 None
2023-07-17 10:15:27,143 DEBUG    urllib3.connectionpool Starting new HTTPS connection (1): container.googleapis.com:443
2023-07-17 10:15:27,371 DEBUG    urllib3.connectionpool https://container.googleapis.com:443 "GET /v1/projects/cloud-dev-112233/locations/europe-west3-b/operations/operation-1689581601502-b8a8d041-2992-456d-943a-e7b7f3f760b9?alt=json HTTP/1.1" 200 None
2023-07-17 10:15:32,390 DEBUG    urllib3.connectionpool Starting new HTTPS connection (1): container.googleapis.com:443
2023-07-17 10:15:32,621 DEBUG    urllib3.connectionpool https://container.googleapis.com:443 "GET /v1/projects/cloud-dev-112233/locations/europe-west3-b/operations/operation-1689581601502-b8a8d041-2992-456d-943a-e7b7f3f760b9?alt=json HTTP/1.1" 200 None
2023-07-17 10:15:37,639 DEBUG    urllib3.connectionpool Starting new HTTPS connection (1): container.googleapis.com:443
2023-07-17 10:15:37,867 DEBUG    urllib3.connectionpool https://container.googleapis.com:443 "GET /v1/projects/cloud-dev-112233/locations/europe-west3-b/operations/operation-1689581601502-b8a8d041-2992-456d-943a-e7b7f3f760b9?alt=json HTTP/1.1" 200 None
2023-07-17 10:15:42,882 DEBUG    urllib3.connectionpool Starting new HTTPS connection (1): container.googleapis.com:443
2023-07-17 10:15:43,102 DEBUG    urllib3.connectionpool https://container.googleapis.com:443 "GET /v1/projects/cloud-dev-112233/locations/europe-west3-b/operations/operation-1689581601502-b8a8d041-2992-456d-943a-e7b7f3f760b9?alt=json HTTP/1.1" 200 None
2023-07-17 10:15:48,119 DEBUG    urllib3.connectionpool Starting new HTTPS connection (1): container.googleapis.com:443
2023-07-17 10:15:48,344 DEBUG    urllib3.connectionpool https://container.googleapis.com:443 "GET /v1/projects/cloud-dev-112233/locations/europe-west3-b/operations/operation-1689581601502-b8a8d041-2992-456d-943a-e7b7f3f760b9?alt=json HTTP/1.1" 200 None
2023-07-17 10:15:53,363 DEBUG    urllib3.connectionpool Starting new HTTPS connection (1): container.googleapis.com:443
2023-07-17 10:15:53,592 DEBUG    urllib3.connectionpool https://container.googleapis.com:443 "GET /v1/projects/cloud-dev-112233/locations/europe-west3-b/operations/operation-1689581601502-b8a8d041-2992-456d-943a-e7b7f3f760b9?alt=json HTTP/1.1" 200 None
2023-07-17 10:15:58,607 DEBUG    urllib3.connectionpool Starting new HTTPS connection (1): container.googleapis.com:443
2023-07-17 10:15:58,828 DEBUG    urllib3.connectionpool https://container.googleapis.com:443 "GET /v1/projects/cloud-dev-112233/locations/europe-west3-b/operations/operation-1689581601502-b8a8d041-2992-456d-943a-e7b7f3f760b9?alt=json HTTP/1.1" 200 None
2023-07-17 10:16:03,847 DEBUG    urllib3.connectionpool Starting new HTTPS connection (1): container.googleapis.com:443
2023-07-17 10:16:04,091 DEBUG    urllib3.connectionpool https://container.googleapis.com:443 "GET /v1/projects/cloud-dev-112233/locations/europe-west3-b/operations/operation-1689581601502-b8a8d041-2992-456d-943a-e7b7f3f760b9?alt=json HTTP/1.1" 200 None
2023-07-17 10:16:09,111 DEBUG    urllib3.connectionpool Starting new HTTPS connection (1): container.googleapis.com:443
2023-07-17 10:16:09,312 DEBUG    urllib3.connectionpool https://container.googleapis.com:443 "GET /v1/projects/cloud-dev-112233/locations/europe-west3-b/operations/operation-1689581601502-b8a8d041-2992-456d-943a-e7b7f3f760b9?alt=json HTTP/1.1" 200 None
2023-07-17 10:16:14,325 DEBUG    urllib3.connectionpool Starting new HTTPS connection (1): container.googleapis.com:443
2023-07-17 10:16:14,531 DEBUG    urllib3.connectionpool https://container.googleapis.com:443 "GET /v1/projects/cloud-dev-112233/locations/europe-west3-b/operations/operation-1689581601502-b8a8d041-2992-456d-943a-e7b7f3f760b9?alt=json HTTP/1.1" 200 None
2023-07-17 10:16:19,548 DEBUG    urllib3.connectionpool Starting new HTTPS connection (1): container.googleapis.com:443
2023-07-17 10:16:19,754 DEBUG    urllib3.connectionpool https://container.googleapis.com:443 "GET /v1/projects/cloud-dev-112233/locations/europe-west3-b/operations/operation-1689581601502-b8a8d041-2992-456d-943a-e7b7f3f760b9?alt=json HTTP/1.1" 200 None
2023-07-17 10:16:24,773 DEBUG    urllib3.connectionpool Starting new HTTPS connection (1): container.googleapis.com:443
2023-07-17 10:16:25,002 DEBUG    urllib3.connectionpool https://container.googleapis.com:443 "GET /v1/projects/cloud-dev-112233/locations/europe-west3-b/operations/operation-1689581601502-b8a8d041-2992-456d-943a-e7b7f3f760b9?alt=json HTTP/1.1" 200 None
2023-07-17 10:16:30,020 DEBUG    urllib3.connectionpool Starting new HTTPS connection (1): container.googleapis.com:443
2023-07-17 10:16:30,234 DEBUG    urllib3.connectionpool https://container.googleapis.com:443 "GET /v1/projects/cloud-dev-112233/locations/europe-west3-b/operations/operation-1689581601502-b8a8d041-2992-456d-943a-e7b7f3f760b9?alt=json HTTP/1.1" 200 None
2023-07-17 10:16:35,250 DEBUG    urllib3.connectionpool Starting new HTTPS connection (1): container.googleapis.com:443
2023-07-17 10:16:35,481 DEBUG    urllib3.connectionpool https://container.googleapis.com:443 "GET /v1/projects/cloud-dev-112233/locations/europe-west3-b/operations/operation-1689581601502-b8a8d041-2992-456d-943a-e7b7f3f760b9?alt=json HTTP/1.1" 200 None
2023-07-17 10:16:40,498 DEBUG    urllib3.connectionpool Starting new HTTPS connection (1): container.googleapis.com:443
2023-07-17 10:16:40,717 DEBUG    urllib3.connectionpool https://container.googleapis.com:443 "GET /v1/projects/cloud-dev-112233/locations/europe-west3-b/operations/operation-1689581601502-b8a8d041-2992-456d-943a-e7b7f3f760b9?alt=json HTTP/1.1" 200 None
2023-07-17 10:16:45,731 DEBUG    urllib3.connectionpool Starting new HTTPS connection (1): container.googleapis.com:443
2023-07-17 10:16:45,957 DEBUG    urllib3.connectionpool https://container.googleapis.com:443 "GET /v1/projects/cloud-dev-112233/locations/europe-west3-b/operations/operation-1689581601502-b8a8d041-2992-456d-943a-e7b7f3f760b9?alt=json HTTP/1.1" 200 None
2023-07-17 10:16:50,974 DEBUG    urllib3.connectionpool Starting new HTTPS connection (1): container.googleapis.com:443
2023-07-17 10:16:51,199 DEBUG    urllib3.connectionpool https://container.googleapis.com:443 "GET /v1/projects/cloud-dev-112233/locations/europe-west3-b/operations/operation-1689581601502-b8a8d041-2992-456d-943a-e7b7f3f760b9?alt=json HTTP/1.1" 200 None
2023-07-17 10:16:56,218 DEBUG    urllib3.connectionpool Starting new HTTPS connection (1): container.googleapis.com:443
2023-07-17 10:16:56,447 DEBUG    urllib3.connectionpool https://container.googleapis.com:443 "GET /v1/projects/cloud-dev-112233/locations/europe-west3-b/operations/operation-1689581601502-b8a8d041-2992-456d-943a-e7b7f3f760b9?alt=json HTTP/1.1" 200 None
2023-07-17 10:17:01,463 DEBUG    urllib3.connectionpool Starting new HTTPS connection (1): container.googleapis.com:443
2023-07-17 10:17:01,694 DEBUG    urllib3.connectionpool https://container.googleapis.com:443 "GET /v1/projects/cloud-dev-112233/locations/europe-west3-b/operations/operation-1689581601502-b8a8d041-2992-456d-943a-e7b7f3f760b9?alt=json HTTP/1.1" 200 None
2023-07-17 10:17:06,712 DEBUG    urllib3.connectionpool Starting new HTTPS connection (1): container.googleapis.com:443
2023-07-17 10:17:06,938 DEBUG    urllib3.connectionpool https://container.googleapis.com:443 "GET /v1/projects/cloud-dev-112233/locations/europe-west3-b/operations/operation-1689581601502-b8a8d041-2992-456d-943a-e7b7f3f760b9?alt=json HTTP/1.1" 200 None
2023-07-17 10:17:11,953 DEBUG    urllib3.connectionpool Starting new HTTPS connection (1): container.googleapis.com:443
2023-07-17 10:17:12,184 DEBUG    urllib3.connectionpool https://container.googleapis.com:443 "GET /v1/projects/cloud-dev-112233/locations/europe-west3-b/operations/operation-1689581601502-b8a8d041-2992-456d-943a-e7b7f3f760b9?alt=json HTTP/1.1" 200 None
2023-07-17 10:17:17,200 DEBUG    urllib3.connectionpool Starting new HTTPS connection (1): container.googleapis.com:443
2023-07-17 10:17:17,423 DEBUG    urllib3.connectionpool https://container.googleapis.com:443 "GET /v1/projects/cloud-dev-112233/locations/europe-west3-b/operations/operation-1689581601502-b8a8d041-2992-456d-943a-e7b7f3f760b9?alt=json HTTP/1.1" 200 None
2023-07-17 10:17:22,445 DEBUG    urllib3.connectionpool Starting new HTTPS connection (1): container.googleapis.com:443
2023-07-17 10:17:22,668 DEBUG    urllib3.connectionpool https://container.googleapis.com:443 "GET /v1/projects/cloud-dev-112233/locations/europe-west3-b/operations/operation-1689581601502-b8a8d041-2992-456d-943a-e7b7f3f760b9?alt=json HTTP/1.1" 200 None
2023-07-17 10:17:27,686 DEBUG    urllib3.connectionpool Starting new HTTPS connection (1): container.googleapis.com:443
2023-07-17 10:17:27,904 DEBUG    urllib3.connectionpool https://container.googleapis.com:443 "GET /v1/projects/cloud-dev-112233/locations/europe-west3-b/operations/operation-1689581601502-b8a8d041-2992-456d-943a-e7b7f3f760b9?alt=json HTTP/1.1" 200 None
2023-07-17 10:17:32,918 DEBUG    urllib3.connectionpool Starting new HTTPS connection (1): container.googleapis.com:443
2023-07-17 10:17:33,129 DEBUG    urllib3.connectionpool https://container.googleapis.com:443 "GET /v1/projects/cloud-dev-112233/locations/europe-west3-b/operations/operation-1689581601502-b8a8d041-2992-456d-943a-e7b7f3f760b9?alt=json HTTP/1.1" 200 None
2023-07-17 10:17:38,138 DEBUG    urllib3.connectionpool Starting new HTTPS connection (1): container.googleapis.com:443
2023-07-17 10:17:38,359 DEBUG    urllib3.connectionpool https://container.googleapis.com:443 "GET /v1/projects/cloud-dev-112233/locations/europe-west3-b/operations/operation-1689581601502-b8a8d041-2992-456d-943a-e7b7f3f760b9?alt=json HTTP/1.1" 200 None
2023-07-17 10:17:43,377 DEBUG    urllib3.connectionpool Starting new HTTPS connection (1): container.googleapis.com:443
2023-07-17 10:17:43,603 DEBUG    urllib3.connectionpool https://container.googleapis.com:443 "GET /v1/projects/cloud-dev-112233/locations/europe-west3-b/operations/operation-1689581601502-b8a8d041-2992-456d-943a-e7b7f3f760b9?alt=json HTTP/1.1" 200 None
2023-07-17 10:17:48,622 DEBUG    urllib3.connectionpool Starting new HTTPS connection (1): container.googleapis.com:443
2023-07-17 10:17:48,823 DEBUG    urllib3.connectionpool https://container.googleapis.com:443 "GET /v1/projects/cloud-dev-112233/locations/europe-west3-b/operations/operation-1689581601502-b8a8d041-2992-456d-943a-e7b7f3f760b9?alt=json HTTP/1.1" 200 None
2023-07-17 10:17:53,855 DEBUG    urllib3.connectionpool Starting new HTTPS connection (1): container.googleapis.com:443
2023-07-17 10:17:54,069 DEBUG    urllib3.connectionpool https://container.googleapis.com:443 "GET /v1/projects/cloud-dev-112233/locations/europe-west3-b/operations/operation-1689581601502-b8a8d041-2992-456d-943a-e7b7f3f760b9?alt=json HTTP/1.1" 200 None
2023-07-17 10:17:59,089 DEBUG    urllib3.connectionpool Starting new HTTPS connection (1): container.googleapis.com:443
2023-07-17 10:17:59,311 DEBUG    urllib3.connectionpool https://container.googleapis.com:443 "GET /v1/projects/cloud-dev-112233/locations/europe-west3-b/operations/operation-1689581601502-b8a8d041-2992-456d-943a-e7b7f3f760b9?alt=json HTTP/1.1" 200 None
2023-07-17 10:18:04,329 DEBUG    urllib3.connectionpool Starting new HTTPS connection (1): container.googleapis.com:443
2023-07-17 10:18:04,546 DEBUG    urllib3.connectionpool https://container.googleapis.com:443 "GET /v1/projects/cloud-dev-112233/locations/europe-west3-b/operations/operation-1689581601502-b8a8d041-2992-456d-943a-e7b7f3f760b9?alt=json HTTP/1.1" 200 None
2023-07-17 10:18:09,568 DEBUG    urllib3.connectionpool Starting new HTTPS connection (1): container.googleapis.com:443
2023-07-17 10:18:09,791 DEBUG    urllib3.connectionpool https://container.googleapis.com:443 "GET /v1/projects/cloud-dev-112233/locations/europe-west3-b/operations/operation-1689581601502-b8a8d041-2992-456d-943a-e7b7f3f760b9?alt=json HTTP/1.1" 200 None
2023-07-17 10:18:14,809 DEBUG    urllib3.connectionpool Starting new HTTPS connection (1): container.googleapis.com:443
2023-07-17 10:18:15,026 DEBUG    urllib3.connectionpool https://container.googleapis.com:443 "GET /v1/projects/cloud-dev-112233/locations/europe-west3-b/operations/operation-1689581601502-b8a8d041-2992-456d-943a-e7b7f3f760b9?alt=json HTTP/1.1" 200 None
2023-07-17 10:18:20,043 DEBUG    urllib3.connectionpool Starting new HTTPS connection (1): container.googleapis.com:443
2023-07-17 10:18:20,270 DEBUG    urllib3.connectionpool https://container.googleapis.com:443 "GET /v1/projects/cloud-dev-112233/locations/europe-west3-b/operations/operation-1689581601502-b8a8d041-2992-456d-943a-e7b7f3f760b9?alt=json HTTP/1.1" 200 None
2023-07-17 10:18:25,288 DEBUG    urllib3.connectionpool Starting new HTTPS connection (1): container.googleapis.com:443
2023-07-17 10:18:25,514 DEBUG    urllib3.connectionpool https://container.googleapis.com:443 "GET /v1/projects/cloud-dev-112233/locations/europe-west3-b/operations/operation-1689581601502-b8a8d041-2992-456d-943a-e7b7f3f760b9?alt=json HTTP/1.1" 200 None
2023-07-17 10:18:30,531 DEBUG    urllib3.connectionpool Starting new HTTPS connection (1): container.googleapis.com:443
2023-07-17 10:18:30,739 DEBUG    urllib3.connectionpool https://container.googleapis.com:443 "GET /v1/projects/cloud-dev-112233/locations/europe-west3-b/operations/operation-1689581601502-b8a8d041-2992-456d-943a-e7b7f3f760b9?alt=json HTTP/1.1" 200 None
2023-07-17 10:18:35,760 DEBUG    urllib3.connectionpool Starting new HTTPS connection (1): container.googleapis.com:443
2023-07-17 10:18:35,981 DEBUG    urllib3.connectionpool https://container.googleapis.com:443 "GET /v1/projects/cloud-dev-112233/locations/europe-west3-b/operations/operation-1689581601502-b8a8d041-2992-456d-943a-e7b7f3f760b9?alt=json HTTP/1.1" 200 None
2023-07-17 10:18:40,994 DEBUG    urllib3.connectionpool Starting new HTTPS connection (1): container.googleapis.com:443
2023-07-17 10:18:41,218 DEBUG    urllib3.connectionpool https://container.googleapis.com:443 "GET /v1/projects/cloud-dev-112233/locations/europe-west3-b/operations/operation-1689581601502-b8a8d041-2992-456d-943a-e7b7f3f760b9?alt=json HTTP/1.1" 200 None
2023-07-17 10:18:46,232 DEBUG    urllib3.connectionpool Starting new HTTPS connection (1): container.googleapis.com:443
2023-07-17 10:18:46,454 DEBUG    urllib3.connectionpool https://container.googleapis.com:443 "GET /v1/projects/cloud-dev-112233/locations/europe-west3-b/operations/operation-1689581601502-b8a8d041-2992-456d-943a-e7b7f3f760b9?alt=json HTTP/1.1" 200 None
2023-07-17 10:18:51,474 DEBUG    urllib3.connectionpool Starting new HTTPS connection (1): container.googleapis.com:443
2023-07-17 10:18:51,702 DEBUG    urllib3.connectionpool https://container.googleapis.com:443 "GET /v1/projects/cloud-dev-112233/locations/europe-west3-b/operations/operation-1689581601502-b8a8d041-2992-456d-943a-e7b7f3f760b9?alt=json HTTP/1.1" 200 None
2023-07-17 10:18:56,718 DEBUG    urllib3.connectionpool Starting new HTTPS connection (1): container.googleapis.com:443
2023-07-17 10:18:56,948 DEBUG    urllib3.connectionpool https://container.googleapis.com:443 "GET /v1/projects/cloud-dev-112233/locations/europe-west3-b/operations/operation-1689581601502-b8a8d041-2992-456d-943a-e7b7f3f760b9?alt=json HTTP/1.1" 200 None
2023-07-17 10:18:56,956 INFO     root            Operation <Operation
 clusterConditions: []
 endTime: '2023-07-17T08:18:55.731866821Z'
 name: 'operation-1689581601502-b8a8d041-2992-456d-943a-e7b7f3f760b9'
 nodepoolConditions: []
 operationType: OperationTypeValueValuesEnum(CREATE_CLUSTER, 1)
 progress: <OperationProgress
 metrics: [<Metric
 intValue: 9
 name: 'CLUSTER_CONFIGURING'>, <Metric
 intValue: 9
 name: 'CLUSTER_CONFIGURING_TOTAL'>, <Metric
 intValue: 12
 name: 'CLUSTER_DEPLOYING'>, <Metric
 intValue: 12
 name: 'CLUSTER_DEPLOYING_TOTAL'>, <Metric
 intValue: 1
 name: 'CLUSTER_HEALTHCHECKING'>, <Metric
 intValue: 2
 name: 'CLUSTER_HEALTHCHECKING_TOTAL'>]
 stages: []>
 selfLink: 'https://container.googleapis.com/v1/projects/166042509722/zones/europe-west3-b/operations/operation-1689581601502-b8a8d041-2992-456d-943a-e7b7f3f760b9'
 startTime: '2023-07-17T08:13:21.502587443Z'
 status: StatusValueValuesEnum(DONE, 3)
 targetLink: 'https://container.googleapis.com/v1/projects/166042509722/zones/europe-west3-b/clusters/inel-30030'
 zone: 'europe-west3-b'> succeeded after 335.443 seconds
2023-07-17 10:18:57,162 DEBUG    urllib3.connectionpool Starting new HTTPS connection (1): container.googleapis.com:443
2023-07-17 10:18:57,386 DEBUG    urllib3.connectionpool https://container.googleapis.com:443 "GET /v1/projects/cloud-dev-112233/locations/europe-west3-b/clusters/inel-30030?alt=json HTTP/1.1" 200 None
2023-07-17 10:18:57,404 INFO     ___FILE_ONLY___ Created [https://container.googleapis.com/v1/projects/cloud-dev-112233/zones/europe-west3-b/clusters/inel-30030].

2023-07-17 10:18:57,404 INFO     ___FILE_ONLY___ To inspect the contents of your cluster, go to: https://console.cloud.google.com/kubernetes/workload_/gcloud/europe-west3-b/inel-30030?project=cloud-dev-112233

2023-07-17 10:18:57,974 DEBUG    root            Saved kubeconfig to /Users/inelpandzic/.kube/config
2023-07-17 10:18:57,975 INFO     ___FILE_ONLY___ kubeconfig entry generated for inel-30030.

2023-07-17 10:18:57,975 DEBUG    root            Chosen display Format:
    table(
        name,
        zone:label=LOCATION,
        master_version():label=MASTER_VERSION,
        endpoint:label=MASTER_IP,
        nodePools[0].config.machineType,
        currentNodeVersion:label=NODE_VERSION,
        firstof(currentNodeCount,initialNodeCount):label=NUM_NODES,
        status
    )

2023-07-17 10:18:57,976 INFO     root            Display format: "
    table(
        name,
        zone:label=LOCATION,
        master_version():label=MASTER_VERSION,
        endpoint:label=MASTER_IP,
        nodePools[0].config.machineType,
        currentNodeVersion:label=NODE_VERSION,
        firstof(currentNodeCount,initialNodeCount):label=NUM_NODES,
        status
    )
"
2023-07-17 10:18:57,978 INFO     ___FILE_ONLY___ NAME
2023-07-17 10:18:57,978 INFO     ___FILE_ONLY___         
2023-07-17 10:18:57,978 INFO     ___FILE_ONLY___ LOCATION
2023-07-17 10:18:57,978 INFO     ___FILE_ONLY___         
2023-07-17 10:18:57,978 INFO     ___FILE_ONLY___ MASTER_VERSION
2023-07-17 10:18:57,978 INFO     ___FILE_ONLY___     
2023-07-17 10:18:57,978 INFO     ___FILE_ONLY___ MASTER_IP
2023-07-17 10:18:57,978 INFO     ___FILE_ONLY___        
2023-07-17 10:18:57,978 INFO     ___FILE_ONLY___ MACHINE_TYPE
2023-07-17 10:18:57,978 INFO     ___FILE_ONLY___    
2023-07-17 10:18:57,978 INFO     ___FILE_ONLY___ NODE_VERSION
2023-07-17 10:18:57,978 INFO     ___FILE_ONLY___       
2023-07-17 10:18:57,978 INFO     ___FILE_ONLY___ NUM_NODES
2023-07-17 10:18:57,978 INFO     ___FILE_ONLY___   
2023-07-17 10:18:57,978 INFO     ___FILE_ONLY___ STATUS
2023-07-17 10:18:57,978 INFO     ___FILE_ONLY___ 

2023-07-17 10:18:57,978 INFO     ___FILE_ONLY___ inel-30030
2023-07-17 10:18:57,978 INFO     ___FILE_ONLY___   
2023-07-17 10:18:57,978 INFO     ___FILE_ONLY___ europe-west3-b
2023-07-17 10:18:57,978 INFO     ___FILE_ONLY___   
2023-07-17 10:18:57,978 INFO     ___FILE_ONLY___ 1.25.10-gke.2700
2023-07-17 10:18:57,978 INFO     ___FILE_ONLY___   
2023-07-17 10:18:57,978 INFO     ___FILE_ONLY___ 34.159.146.250
2023-07-17 10:18:57,978 INFO     ___FILE_ONLY___   
2023-07-17 10:18:57,978 INFO     ___FILE_ONLY___ n1-standard-4
2023-07-17 10:18:57,978 INFO     ___FILE_ONLY___   
2023-07-17 10:18:57,978 INFO     ___FILE_ONLY___ 1.25.10-gke.2700
2023-07-17 10:18:57,978 INFO     ___FILE_ONLY___   
2023-07-17 10:18:57,978 INFO     ___FILE_ONLY___ 3
2023-07-17 10:18:57,978 INFO     ___FILE_ONLY___           
2023-07-17 10:18:57,978 INFO     ___FILE_ONLY___ RUNNING
2023-07-17 10:18:57,978 INFO     ___FILE_ONLY___ 

2023-07-17 10:18:57,979 INFO     ___FILE_ONLY___ 

Updates are available for some Google Cloud CLI components.  To install them,
please run:
  $ gcloud components update


2023-07-17 10:18:57,984 DEBUG    root            Metrics reporting process started...
