2023-07-17 12:08:32,325 DEBUG    root            Loaded Command Group: ['gcloud', 'config']
2023-07-17 12:08:32,327 DEBUG    root            Loaded Command Group: ['gcloud', 'config', 'config_helper']
2023-07-17 12:08:32,328 DEBUG    root            Running [gcloud.config.config-helper] with arguments: [--format: "json"]
2023-07-17 12:08:32,356 DEBUG    urllib3.connectionpool Starting new HTTPS connection (1): www.gstatic.com:443
2023-07-17 12:08:32,458 DEBUG    urllib3.connectionpool https://www.gstatic.com:443 "GET /cloudsdk/feature_flag_config_file.yaml HTTP/1.1" 200 101
2023-07-17 12:08:32,462 DEBUG    root            Chosen display Format:default json
2023-07-17 12:08:32,462 INFO     root            Display format: "default json"
2023-07-17 12:08:32,463 INFO     ___FILE_ONLY___ {
  "configuration": {
    "active_configuration": "percona-cloud-dev",
    "properties": {
      "core": {
        "account": "inel.pandzic@percona.com",
        "disable_usage_reporting": "False",
        "project": "cloud-dev-112233"
      }
    }
  },
  "credential": {
    "access_token": "ya29.a0AbVbY6PYuGjRiwOEE5ssHiu7RDvx-rbgO62svl0sVl7v4xRRO38SWtvRcPX3Ww1WT-LKnhcL5YrCIoenTif4hKo8-WnuKzIOfTPbsNmjQsUAC5erZAWWVamn-WUeLkn_oJyoIWSYd85gC_eZrTsbUKs-lcYRxdMBogeE5zQaCgYKAToSARESFQFWKvPlHYVaLmqnipXpy-8cS-vTkA0174",
    "id_token": "eyJhbGciOiJSUzI1NiIsImtpZCI6IjY3NmRhOWQzMTJjMzlhNDI5OTMyZjU0M2U2YzFiNmU2NTEyZTQ5ODMiLCJ0eXAiOiJKV1QifQ.eyJpc3MiOiJodHRwczovL2FjY291bnRzLmdvb2dsZS5jb20iLCJhenAiOiIzMjU1NTk0MDU1OS5hcHBzLmdvb2dsZXVzZXJjb250ZW50LmNvbSIsImF1ZCI6IjMyNTU1OTQwNTU5LmFwcHMuZ29vZ2xldXNlcmNvbnRlbnQuY29tIiwic3ViIjoiMTA3NDA5ODEzMzQ0NTU5NDQzNDA3IiwiaGQiOiJwZXJjb25hLmNvbSIsImVtYWlsIjoiaW5lbC5wYW5kemljQHBlcmNvbmEuY29tIiwiZW1haWxfdmVyaWZpZWQiOnRydWUsImF0X2hhc2giOiJuS2l6WHhHTzFGeWVldXFBLXhVLWh3IiwiaWF0IjoxNjg5NTg4NDUzLCJleHAiOjE2ODk1OTIwNTN9.RiNzV-Lu18d6g5VlSQU2mlEsW0vD0AUDFy7SqrWtbDNUsWU88KogIcR20sYKEH4vBHvv5jt3NZer4JDoOKMy773MjnSDYtciAIBOaUQ9Rmv80XJd5x60oYTa5C2MhRHF8Gdq83Nd-Q81m_qIfvEB7J1Df0dZ9bYYupKLxNVvvsQr0UR8kBAD7rVkiFp2mRwWpOYzfX1RFlwNKsCHKbRrhQ3xd1DFSVkGI3aPy3uxohjyw4rSg6jhhleIx5H1u6BzRkD_RFtfbuQwoKHAtCqH_hwzVbPbMZNIqqeImoXQCQvXl8QPQVWYfrZ6NMYHHMmgR57tBjJyzV_uiiXI3gQ7_A",
    "token_expiry": "2023-07-17T11:07:32Z"
  },
  "sentinels": {
    "config_sentinel": "/Users/inelpandzic/.config/gcloud/config_sentinel"
  }
}
2023-07-17 12:08:32,463 INFO     ___FILE_ONLY___ 

2023-07-17 12:08:32,468 DEBUG    root            Metrics reporting process started...
