2023-07-17 16:07:39,184 DEBUG    root            Loaded Command Group: ['gcloud', 'config']
2023-07-17 16:07:39,186 DEBUG    root            Loaded Command Group: ['gcloud', 'config', 'config_helper']
2023-07-17 16:07:39,186 DEBUG    root            Running [gcloud.config.config-helper] with arguments: [--format: "json"]
2023-07-17 16:07:39,196 DEBUG    google.auth.transport.requests Making request: POST https://oauth2.googleapis.com/token
2023-07-17 16:07:39,210 DEBUG    urllib3.connectionpool Starting new HTTPS connection (1): oauth2.googleapis.com:443
2023-07-17 16:07:39,364 DEBUG    urllib3.connectionpool https://oauth2.googleapis.com:443 "POST /token HTTP/1.1" 200 None
2023-07-17 16:07:39,398 DEBUG    urllib3.connectionpool Starting new HTTPS connection (1): www.gstatic.com:443
2023-07-17 16:07:39,504 DEBUG    urllib3.connectionpool https://www.gstatic.com:443 "GET /cloudsdk/feature_flag_config_file.yaml HTTP/1.1" 200 101
2023-07-17 16:07:39,520 DEBUG    root            Chosen display Format:default json
2023-07-17 16:07:39,521 INFO     root            Display format: "default json"
2023-07-17 16:07:39,522 INFO     ___FILE_ONLY___ {
  "configuration": {
    "active_configuration": "percona-cloud-dev",
    "properties": {
      "core": {
        "account": "inel.pandzic@percona.com",
        "disable_usage_reporting": "False",
        "project": "cloud-dev-112233"
      }
    }
  },
  "credential": {
    "access_token": "ya29.a0AbVbY6PeRjuC65Dq40vWierTwLvbhjyuFGxUsIJkNYzX3XDYSA1eMxmpgL5G3FhyktddKI6sKXqKYjjE-msDH__6AfHCsTtJ6HwilFeHa_-5tBvIOfosK6QTKHD0BkwAlXyDTyOpzNNtMrKTs9I4nlwfnfh_4nwWVs7nkwoaCgYKAf8SARESFQFWKvPlsA8_reqtF52JPZwgQUgJJg0174",
    "id_token": "eyJhbGciOiJSUzI1NiIsImtpZCI6IjY3NmRhOWQzMTJjMzlhNDI5OTMyZjU0M2U2YzFiNmU2NTEyZTQ5ODMiLCJ0eXAiOiJKV1QifQ.eyJpc3MiOiJodHRwczovL2FjY291bnRzLmdvb2dsZS5jb20iLCJhenAiOiIzMjU1NTk0MDU1OS5hcHBzLmdvb2dsZXVzZXJjb250ZW50LmNvbSIsImF1ZCI6IjMyNTU1OTQwNTU5LmFwcHMuZ29vZ2xldXNlcmNvbnRlbnQuY29tIiwic3ViIjoiMTA3NDA5ODEzMzQ0NTU5NDQzNDA3IiwiaGQiOiJwZXJjb25hLmNvbSIsImVtYWlsIjoiaW5lbC5wYW5kemljQHBlcmNvbmEuY29tIiwiZW1haWxfdmVyaWZpZWQiOnRydWUsImF0X2hhc2giOiIya0Y5MzY3S2JwLUpabHMzZWFwTU1nIiwiaWF0IjoxNjg5NjAyODU5LCJleHAiOjE2ODk2MDY0NTl9.CJKZmrVHv9eN51gf5Ilr-HpYx-TCiiWxqmZ0HJrAsKpAjVmM0XpaOB8gP3QYu16r3tAHaK3ROsnGJ6fxs4oIy2aRMQO8O9-0SScjdqTbNr39vyBOtPUsYukmgQG4tQSFYFuvRPlV7HGnByqNRA0g5xy_IYC_yzgkyw4JeLE9tgJz3qX1q9tu1eA4EIPMG5AfhP5jnC3kyteGIHh4bDmaCUalNNGYF1byuF4AMSRacl_cMPmBorEKVWo83l6oFN8Nz0yelxYmvbzs4Co6WCjDDV56iJKDlx64d6f8is7EP30I5n2SkAc-ASOR_yTo8y5L7sT2R50200nRCBoff4n4IA",
    "token_expiry": "2023-07-17T15:07:38Z"
  },
  "sentinels": {
    "config_sentinel": "/Users/inelpandzic/.config/gcloud/config_sentinel"
  }
}
2023-07-17 16:07:39,522 INFO     ___FILE_ONLY___ 

2023-07-17 16:07:39,535 DEBUG    root            Metrics reporting process started...
