2022-10-28 07:20:10,734 DEBUG    root            Loaded Command Group: ['gcloud', 'config']
2022-10-28 07:20:10,736 DEBUG    root            Loaded Command Group: ['gcloud', 'config', 'config_helper']
2022-10-28 07:20:10,737 DEBUG    root            Running [gcloud.config.config-helper] with arguments: [--format: "json"]
2022-10-28 07:20:10,759 DEBUG    google.auth.transport.requests Making request: POST https://oauth2.googleapis.com/token
2022-10-28 07:20:10,777 DEBUG    urllib3.connectionpool Starting new HTTPS connection (1): oauth2.googleapis.com:443
2022-10-28 07:20:10,932 DEBUG    urllib3.connectionpool https://oauth2.googleapis.com:443 "POST /token HTTP/1.1" 200 None
2022-10-28 07:20:10,939 INFO     root            Display format: "default json"
2022-10-28 07:20:10,940 INFO     ___FILE_ONLY___ {
  "configuration": {
    "active_configuration": "percona-cloud-dev",
    "properties": {
      "core": {
        "account": "inel.pandzic@percona.com",
        "disable_usage_reporting": "False",
        "project": "cloud-dev-112233"
      }
    }
  },
  "credential": {
    "access_token": "ya29.a0Aa4xrXMHkM3YElA_kzYAjghtFgyHhT7WdyJGMItKBRIuOfBlMNdXcEOvOqaXUY_v62Tva2mPDCS9bourvi_CQHXiHDuCxt1iH8SUF3IplCzy384NIHrFbWZogKz4JUSZZt0QK0W9wssaPgYXTGf0elW9ggFdOy5ev-mEHWQaCgYKATASARESFQEjDvL9Pfh2zK77s4LW9AX7P7CEKQ0174",
    "id_token": "eyJhbGciOiJSUzI1NiIsImtpZCI6Ijc3Y2MwZWY0YzcxODFjZjRjMGRjZWY3YjYwYWUyOGNjOTAyMmM3NmIiLCJ0eXAiOiJKV1QifQ.eyJpc3MiOiJodHRwczovL2FjY291bnRzLmdvb2dsZS5jb20iLCJhenAiOiIzMjU1NTk0MDU1OS5hcHBzLmdvb2dsZXVzZXJjb250ZW50LmNvbSIsImF1ZCI6IjMyNTU1OTQwNTU5LmFwcHMuZ29vZ2xldXNlcmNvbnRlbnQuY29tIiwic3ViIjoiMTA3NDA5ODEzMzQ0NTU5NDQzNDA3IiwiaGQiOiJwZXJjb25hLmNvbSIsImVtYWlsIjoiaW5lbC5wYW5kemljQHBlcmNvbmEuY29tIiwiZW1haWxfdmVyaWZpZWQiOnRydWUsImF0X2hhc2giOiJzVm1BMW9qcnM0RmJzX2stdjMzRzlRIiwiaWF0IjoxNjY2OTM0NDEwLCJleHAiOjE2NjY5MzgwMTB9.smU-H-Tso0EXuJo1retuynpKeCbByOV2gbP_57pheHTsoXhl03hgLVwDwZxre7A3MVRjC77SsA3yRLfJ6then3ykzlqS1I9c0rOVG5Om2mBs4C1xcW9t9BS63FuA9OO7EBwu4i9Rcuvg4moymfSfZrxXFvV_n7pSa4PSXKA9Td4hdlD1vyDavvucukf6K169yl0lLd7EUOKECklRlDF7lZK2wrvhNYMxAkrwwWHG81wvylGY1DeyA9AVODfvxmeV2SGKATzw2NH96oZlgZTw7pL6moHFMZyNK_AF6n_Tc4MP0-tRyNwdwt-yExJGgr_u79qyZUi6xDQWEXdAr_8a-Q",
    "token_expiry": "2022-10-28T06:20:09Z"
  },
  "sentinels": {
    "config_sentinel": "/Users/inelpandzic/.config/gcloud/config_sentinel"
  }
}
2022-10-28 07:20:10,940 INFO     ___FILE_ONLY___ 

2022-10-28 07:20:10,949 DEBUG    root            Metrics reporting process started...
