2022-10-28 12:18:08,885 DEBUG    root            Loaded Command Group: ['gcloud', 'container', 'clusters']
2022-10-28 12:18:08,887 DEBUG    root            Loaded Command Group: ['gcloud', 'container', 'clusters', 'list']
2022-10-28 12:18:08,905 DEBUG    root            Running [gcloud.container.clusters.list] with arguments: []
2022-10-28 12:18:08,952 DEBUG    urllib3.connectionpool Starting new HTTPS connection (1): container.googleapis.com:443
2022-10-28 12:18:09,603 DEBUG    urllib3.connectionpool https://container.googleapis.com:443 "GET /v1/projects/cloud-dev-112233/locations/-/clusters?alt=json HTTP/1.1" 200 None
2022-10-28 12:18:09,727 INFO     root            Display format: "
    table(
        name,
        zone:label=LOCATION,
        master_version():label=MASTER_VERSION,
        endpoint:label=MASTER_IP,
        nodePools[0].config.machineType,
        currentNodeVersion:label=NODE_VERSION,
        firstof(currentNodeCount,initialNodeCount):label=NUM_NODES,
        status
    )
"
2022-10-28 12:18:09,787 INFO     ___FILE_ONLY___ NAME
2022-10-28 12:18:09,787 INFO     ___FILE_ONLY___                            
2022-10-28 12:18:09,787 INFO     ___FILE_ONLY___ LOCATION
2022-10-28 12:18:09,787 INFO     ___FILE_ONLY___         
2022-10-28 12:18:09,787 INFO     ___FILE_ONLY___ MASTER_VERSION
2022-10-28 12:18:09,787 INFO     ___FILE_ONLY___                        
2022-10-28 12:18:09,787 INFO     ___FILE_ONLY___ MASTER_IP
2022-10-28 12:18:09,787 INFO     ___FILE_ONLY___        
2022-10-28 12:18:09,787 INFO     ___FILE_ONLY___ MACHINE_TYPE
2022-10-28 12:18:09,787 INFO     ___FILE_ONLY___    
2022-10-28 12:18:09,787 INFO     ___FILE_ONLY___ NODE_VERSION
2022-10-28 12:18:09,787 INFO     ___FILE_ONLY___       
2022-10-28 12:18:09,787 INFO     ___FILE_ONLY___ NUM_NODES
2022-10-28 12:18:09,787 INFO     ___FILE_ONLY___   
2022-10-28 12:18:09,787 INFO     ___FILE_ONLY___ STATUS
2022-10-28 12:18:09,788 INFO     ___FILE_ONLY___ 

2022-10-28 12:18:09,788 INFO     ___FILE_ONLY___ ondrei-8728
2022-10-28 12:18:09,788 INFO     ___FILE_ONLY___                     
2022-10-28 12:18:09,788 INFO     ___FILE_ONLY___ europe-west1-c
2022-10-28 12:18:09,788 INFO     ___FILE_ONLY___   
2022-10-28 12:18:09,788 INFO     ___FILE_ONLY___ 1.21.14-gke.7100
2022-10-28 12:18:09,788 INFO     ___FILE_ONLY___                      
2022-10-28 12:18:09,788 INFO     ___FILE_ONLY___ 35.205.162.69
2022-10-28 12:18:09,788 INFO     ___FILE_ONLY___    
2022-10-28 12:18:09,788 INFO     ___FILE_ONLY___ n1-standard-4
2022-10-28 12:18:09,788 INFO     ___FILE_ONLY___   
2022-10-28 12:18:09,788 INFO     ___FILE_ONLY___ 1.21.14-gke.7100
2022-10-28 12:18:09,788 INFO     ___FILE_ONLY___   
2022-10-28 12:18:09,788 INFO     ___FILE_ONLY___ 3
2022-10-28 12:18:09,788 INFO     ___FILE_ONLY___           
2022-10-28 12:18:09,788 INFO     ___FILE_ONLY___ RUNNING
2022-10-28 12:18:09,788 INFO     ___FILE_ONLY___ 

2022-10-28 12:18:09,788 INFO     ___FILE_ONLY___ ege-7528
2022-10-28 12:18:09,788 INFO     ___FILE_ONLY___                        
2022-10-28 12:18:09,788 INFO     ___FILE_ONLY___ europe-west3
2022-10-28 12:18:09,788 INFO     ___FILE_ONLY___     
2022-10-28 12:18:09,788 INFO     ___FILE_ONLY___ 1.25.2-gke.1700
2022-10-28 12:18:09,788 INFO     ___FILE_ONLY___                       
2022-10-28 12:18:09,788 INFO     ___FILE_ONLY___ 34.89.181.19
2022-10-28 12:18:09,788 INFO     ___FILE_ONLY___     
2022-10-28 12:18:09,788 INFO     ___FILE_ONLY___ n1-standard-4
2022-10-28 12:18:09,788 INFO     ___FILE_ONLY___   
2022-10-28 12:18:09,788 INFO     ___FILE_ONLY___ 1.25.2-gke.1700
2022-10-28 12:18:09,788 INFO     ___FILE_ONLY___    
2022-10-28 12:18:09,788 INFO     ___FILE_ONLY___ 3
2022-10-28 12:18:09,788 INFO     ___FILE_ONLY___           
2022-10-28 12:18:09,788 INFO     ___FILE_ONLY___ RUNNING
2022-10-28 12:18:09,788 INFO     ___FILE_ONLY___ 

2022-10-28 12:18:09,788 INFO     ___FILE_ONLY___ slava-pxc
2022-10-28 12:18:09,789 INFO     ___FILE_ONLY___                       
2022-10-28 12:18:09,789 INFO     ___FILE_ONLY___ europe-west3-a
2022-10-28 12:18:09,789 INFO     ___FILE_ONLY___   
2022-10-28 12:18:09,789 INFO     ___FILE_ONLY___ 1.23.12-gke.100
2022-10-28 12:18:09,789 INFO     ___FILE_ONLY___                       
2022-10-28 12:18:09,789 INFO     ___FILE_ONLY___ 34.107.123.143
2022-10-28 12:18:09,789 INFO     ___FILE_ONLY___   
2022-10-28 12:18:09,789 INFO     ___FILE_ONLY___ n1-standard-4
2022-10-28 12:18:09,789 INFO     ___FILE_ONLY___   
2022-10-28 12:18:09,789 INFO     ___FILE_ONLY___ 1.23.12-gke.100
2022-10-28 12:18:09,789 INFO     ___FILE_ONLY___    
2022-10-28 12:18:09,789 INFO     ___FILE_ONLY___ 3
2022-10-28 12:18:09,789 INFO     ___FILE_ONLY___           
2022-10-28 12:18:09,789 INFO     ___FILE_ONLY___ RUNNING
2022-10-28 12:18:09,789 INFO     ___FILE_ONLY___ 

2022-10-28 12:18:09,789 INFO     ___FILE_ONLY___ inel-9752
2022-10-28 12:18:09,789 INFO     ___FILE_ONLY___                       
2022-10-28 12:18:09,789 INFO     ___FILE_ONLY___ europe-west3-b
2022-10-28 12:18:09,789 INFO     ___FILE_ONLY___   
2022-10-28 12:18:09,789 INFO     ___FILE_ONLY___ 1.21.14-gke.7100
2022-10-28 12:18:09,789 INFO     ___FILE_ONLY___                      
2022-10-28 12:18:09,789 INFO     ___FILE_ONLY___ 34.159.183.92
2022-10-28 12:18:09,789 INFO     ___FILE_ONLY___    
2022-10-28 12:18:09,789 INFO     ___FILE_ONLY___ n1-standard-4
2022-10-28 12:18:09,789 INFO     ___FILE_ONLY___   
2022-10-28 12:18:09,789 INFO     ___FILE_ONLY___ 1.21.14-gke.7100
2022-10-28 12:18:09,789 INFO     ___FILE_ONLY___   
2022-10-28 12:18:09,789 INFO     ___FILE_ONLY___ 3
2022-10-28 12:18:09,789 INFO     ___FILE_ONLY___           
2022-10-28 12:18:09,789 INFO     ___FILE_ONLY___ RUNNING
2022-10-28 12:18:09,789 INFO     ___FILE_ONLY___ 

2022-10-28 12:18:09,789 INFO     ___FILE_ONLY___ max-30844
2022-10-28 12:18:09,789 INFO     ___FILE_ONLY___                       
2022-10-28 12:18:09,789 INFO     ___FILE_ONLY___ europe-west3-b
2022-10-28 12:18:09,789 INFO     ___FILE_ONLY___   
2022-10-28 12:18:09,789 INFO     ___FILE_ONLY___ 1.21.14-gke.2700
2022-10-28 12:18:09,789 INFO     ___FILE_ONLY___                      
2022-10-28 12:18:09,789 INFO     ___FILE_ONLY___ 35.246.193.17
2022-10-28 12:18:09,789 INFO     ___FILE_ONLY___    
2022-10-28 12:18:09,789 INFO     ___FILE_ONLY___ n1-standard-4
2022-10-28 12:18:09,789 INFO     ___FILE_ONLY___   
2022-10-28 12:18:09,789 INFO     ___FILE_ONLY___ 1.21.14-gke.2700
2022-10-28 12:18:09,789 INFO     ___FILE_ONLY___   
2022-10-28 12:18:09,789 INFO     ___FILE_ONLY___ 3
2022-10-28 12:18:09,789 INFO     ___FILE_ONLY___           
2022-10-28 12:18:09,789 INFO     ___FILE_ONLY___ RUNNING
2022-10-28 12:18:09,790 INFO     ___FILE_ONLY___ 

2022-10-28 12:18:09,790 INFO     ___FILE_ONLY___ natali-22
2022-10-28 12:18:09,790 INFO     ___FILE_ONLY___                       
2022-10-28 12:18:09,790 INFO     ___FILE_ONLY___ europe-west3-b
2022-10-28 12:18:09,790 INFO     ___FILE_ONLY___   
2022-10-28 12:18:09,790 INFO     ___FILE_ONLY___ 1.22.15-gke.100
2022-10-28 12:18:09,790 INFO     ___FILE_ONLY___                       
2022-10-28 12:18:09,790 INFO     ___FILE_ONLY___ 34.159.96.254
2022-10-28 12:18:09,790 INFO     ___FILE_ONLY___    
2022-10-28 12:18:09,790 INFO     ___FILE_ONLY___ n1-standard-4
2022-10-28 12:18:09,790 INFO     ___FILE_ONLY___   
2022-10-28 12:18:09,790 INFO     ___FILE_ONLY___ 1.22.15-gke.100
2022-10-28 12:18:09,790 INFO     ___FILE_ONLY___    
2022-10-28 12:18:09,790 INFO     ___FILE_ONLY___ 3
2022-10-28 12:18:09,790 INFO     ___FILE_ONLY___           
2022-10-28 12:18:09,790 INFO     ___FILE_ONLY___ RUNNING
2022-10-28 12:18:09,790 INFO     ___FILE_ONLY___ 

2022-10-28 12:18:09,790 INFO     ___FILE_ONLY___ jen-pxc-3fd91bb8-2-cluster1
2022-10-28 12:18:09,790 INFO     ___FILE_ONLY___     
2022-10-28 12:18:09,790 INFO     ___FILE_ONLY___ us-central1-a
2022-10-28 12:18:09,790 INFO     ___FILE_ONLY___    
2022-10-28 12:18:09,790 INFO     ___FILE_ONLY___ 1.21.14-gke.7100
2022-10-28 12:18:09,790 INFO     ___FILE_ONLY___                      
2022-10-28 12:18:09,790 INFO     ___FILE_ONLY___ 34.170.180.157
2022-10-28 12:18:09,790 INFO     ___FILE_ONLY___   
2022-10-28 12:18:09,790 INFO     ___FILE_ONLY___ n1-standard-4
2022-10-28 12:18:09,790 INFO     ___FILE_ONLY___   
2022-10-28 12:18:09,790 INFO     ___FILE_ONLY___ 1.21.14-gke.7100
2022-10-28 12:18:09,790 INFO     ___FILE_ONLY___   
2022-10-28 12:18:09,790 INFO     ___FILE_ONLY___ 3
2022-10-28 12:18:09,790 INFO     ___FILE_ONLY___           
2022-10-28 12:18:09,790 INFO     ___FILE_ONLY___ RUNNING
2022-10-28 12:18:09,790 INFO     ___FILE_ONLY___ 

2022-10-28 12:18:09,790 INFO     ___FILE_ONLY___ jen-pxc-3fd91bb8-2-cluster2
2022-10-28 12:18:09,790 INFO     ___FILE_ONLY___     
2022-10-28 12:18:09,790 INFO     ___FILE_ONLY___ us-central1-a
2022-10-28 12:18:09,790 INFO     ___FILE_ONLY___    
2022-10-28 12:18:09,790 INFO     ___FILE_ONLY___ 1.21.14-gke.7100
2022-10-28 12:18:09,790 INFO     ___FILE_ONLY___                      
2022-10-28 12:18:09,790 INFO     ___FILE_ONLY___ 35.239.82.234
2022-10-28 12:18:09,790 INFO     ___FILE_ONLY___    
2022-10-28 12:18:09,790 INFO     ___FILE_ONLY___ n1-standard-4
2022-10-28 12:18:09,790 INFO     ___FILE_ONLY___   
2022-10-28 12:18:09,790 INFO     ___FILE_ONLY___ 1.21.14-gke.7100
2022-10-28 12:18:09,790 INFO     ___FILE_ONLY___   
2022-10-28 12:18:09,790 INFO     ___FILE_ONLY___ 2
2022-10-28 12:18:09,791 INFO     ___FILE_ONLY___           
2022-10-28 12:18:09,791 INFO     ___FILE_ONLY___ PROVISIONING
2022-10-28 12:18:09,791 INFO     ___FILE_ONLY___ 

2022-10-28 12:18:09,791 INFO     ___FILE_ONLY___ jen-pxc-3fd91bb8-2-cluster3
2022-10-28 12:18:09,791 INFO     ___FILE_ONLY___     
2022-10-28 12:18:09,791 INFO     ___FILE_ONLY___ us-central1-a
2022-10-28 12:18:09,791 INFO     ___FILE_ONLY___    
2022-10-28 12:18:09,791 INFO     ___FILE_ONLY___ 1.21.14-gke.7100
2022-10-28 12:18:09,791 INFO     ___FILE_ONLY___                      
2022-10-28 12:18:09,791 INFO     ___FILE_ONLY___ 35.238.148.110
2022-10-28 12:18:09,791 INFO     ___FILE_ONLY___   
2022-10-28 12:18:09,791 INFO     ___FILE_ONLY___ n1-standard-4
2022-10-28 12:18:09,791 INFO     ___FILE_ONLY___   
2022-10-28 12:18:09,791 INFO     ___FILE_ONLY___ 1.21.14-gke.7100
2022-10-28 12:18:09,791 INFO     ___FILE_ONLY___              
2022-10-28 12:18:09,791 INFO     ___FILE_ONLY___ PROVISIONING
2022-10-28 12:18:09,791 INFO     ___FILE_ONLY___ 

2022-10-28 12:18:09,791 INFO     ___FILE_ONLY___ jen-pxc-3fd91bb8-2-cluster4
2022-10-28 12:18:09,791 INFO     ___FILE_ONLY___     
2022-10-28 12:18:09,791 INFO     ___FILE_ONLY___ us-central1-a
2022-10-28 12:18:09,791 INFO     ___FILE_ONLY___    
2022-10-28 12:18:09,791 INFO     ___FILE_ONLY___ 1.21.14-gke.7100
2022-10-28 12:18:09,791 INFO     ___FILE_ONLY___                      
2022-10-28 12:18:09,791 INFO     ___FILE_ONLY___ 35.193.208.72
2022-10-28 12:18:09,791 INFO     ___FILE_ONLY___    
2022-10-28 12:18:09,791 INFO     ___FILE_ONLY___ n1-standard-4
2022-10-28 12:18:09,791 INFO     ___FILE_ONLY___   
2022-10-28 12:18:09,791 INFO     ___FILE_ONLY___ 1.21.14-gke.7100
2022-10-28 12:18:09,791 INFO     ___FILE_ONLY___   
2022-10-28 12:18:09,791 INFO     ___FILE_ONLY___ 3
2022-10-28 12:18:09,791 INFO     ___FILE_ONLY___           
2022-10-28 12:18:09,791 INFO     ___FILE_ONLY___ RUNNING
2022-10-28 12:18:09,791 INFO     ___FILE_ONLY___ 

2022-10-28 12:18:09,791 INFO     ___FILE_ONLY___ jen-pxc-3fd91bb8-2-cluster5
2022-10-28 12:18:09,791 INFO     ___FILE_ONLY___     
2022-10-28 12:18:09,791 INFO     ___FILE_ONLY___ us-central1-a
2022-10-28 12:18:09,791 INFO     ___FILE_ONLY___    
2022-10-28 12:18:09,791 INFO     ___FILE_ONLY___ 1.21.14-gke.7100
2022-10-28 12:18:09,791 INFO     ___FILE_ONLY___                      
2022-10-28 12:18:09,791 INFO     ___FILE_ONLY___ 35.224.175.23
2022-10-28 12:18:09,791 INFO     ___FILE_ONLY___    
2022-10-28 12:18:09,791 INFO     ___FILE_ONLY___ n1-standard-4
2022-10-28 12:18:09,791 INFO     ___FILE_ONLY___   
2022-10-28 12:18:09,791 INFO     ___FILE_ONLY___ 1.21.14-gke.7100
2022-10-28 12:18:09,792 INFO     ___FILE_ONLY___   
2022-10-28 12:18:09,792 INFO     ___FILE_ONLY___ 1
2022-10-28 12:18:09,792 INFO     ___FILE_ONLY___           
2022-10-28 12:18:09,792 INFO     ___FILE_ONLY___ PROVISIONING
2022-10-28 12:18:09,792 INFO     ___FILE_ONLY___ 

2022-10-28 12:18:09,792 INFO     ___FILE_ONLY___ jen-pxc-3fd91bb8-2-cluster6
2022-10-28 12:18:09,792 INFO     ___FILE_ONLY___     
2022-10-28 12:18:09,792 INFO     ___FILE_ONLY___ us-central1-a
2022-10-28 12:18:09,792 INFO     ___FILE_ONLY___    
2022-10-28 12:18:09,792 INFO     ___FILE_ONLY___ 1.21.14-gke.7100
2022-10-28 12:18:09,792 INFO     ___FILE_ONLY___                      
2022-10-28 12:18:09,792 INFO     ___FILE_ONLY___ 35.184.213.28
2022-10-28 12:18:09,792 INFO     ___FILE_ONLY___    
2022-10-28 12:18:09,792 INFO     ___FILE_ONLY___ n1-standard-4
2022-10-28 12:18:09,792 INFO     ___FILE_ONLY___   
2022-10-28 12:18:09,792 INFO     ___FILE_ONLY___ 1.21.14-gke.7100
2022-10-28 12:18:09,792 INFO     ___FILE_ONLY___   
2022-10-28 12:18:09,792 INFO     ___FILE_ONLY___ 3
2022-10-28 12:18:09,792 INFO     ___FILE_ONLY___           
2022-10-28 12:18:09,792 INFO     ___FILE_ONLY___ RUNNING
2022-10-28 12:18:09,792 INFO     ___FILE_ONLY___ 

2022-10-28 12:18:09,792 INFO     ___FILE_ONLY___ jen-pxc-3fd91bb8-2-cluster7
2022-10-28 12:18:09,792 INFO     ___FILE_ONLY___     
2022-10-28 12:18:09,792 INFO     ___FILE_ONLY___ us-central1-a
2022-10-28 12:18:09,792 INFO     ___FILE_ONLY___    
2022-10-28 12:18:09,792 INFO     ___FILE_ONLY___ 1.21.14-gke.7100
2022-10-28 12:18:09,792 INFO     ___FILE_ONLY___                      
2022-10-28 12:18:09,792 INFO     ___FILE_ONLY___ 35.226.91.198
2022-10-28 12:18:09,792 INFO     ___FILE_ONLY___    
2022-10-28 12:18:09,792 INFO     ___FILE_ONLY___ n1-standard-4
2022-10-28 12:18:09,792 INFO     ___FILE_ONLY___   
2022-10-28 12:18:09,792 INFO     ___FILE_ONLY___ 1.21.14-gke.7100
2022-10-28 12:18:09,792 INFO     ___FILE_ONLY___   
2022-10-28 12:18:09,792 INFO     ___FILE_ONLY___ 3
2022-10-28 12:18:09,792 INFO     ___FILE_ONLY___           
2022-10-28 12:18:09,792 INFO     ___FILE_ONLY___ RUNNING
2022-10-28 12:18:09,792 INFO     ___FILE_ONLY___ 

2022-10-28 12:18:09,792 INFO     ___FILE_ONLY___ jen-pxc-3fd91bb8-2-cluster8
2022-10-28 12:18:09,792 INFO     ___FILE_ONLY___     
2022-10-28 12:18:09,792 INFO     ___FILE_ONLY___ us-central1-a
2022-10-28 12:18:09,792 INFO     ___FILE_ONLY___    
2022-10-28 12:18:09,792 INFO     ___FILE_ONLY___ 1.21.14-gke.7100
2022-10-28 12:18:09,792 INFO     ___FILE_ONLY___                      
2022-10-28 12:18:09,792 INFO     ___FILE_ONLY___ 34.135.190.209
2022-10-28 12:18:09,792 INFO     ___FILE_ONLY___   
2022-10-28 12:18:09,793 INFO     ___FILE_ONLY___ n1-standard-4
2022-10-28 12:18:09,793 INFO     ___FILE_ONLY___   
2022-10-28 12:18:09,793 INFO     ___FILE_ONLY___ 1.21.14-gke.7100
2022-10-28 12:18:09,793 INFO     ___FILE_ONLY___   
2022-10-28 12:18:09,793 INFO     ___FILE_ONLY___ 1
2022-10-28 12:18:09,793 INFO     ___FILE_ONLY___           
2022-10-28 12:18:09,793 INFO     ___FILE_ONLY___ PROVISIONING
2022-10-28 12:18:09,793 INFO     ___FILE_ONLY___ 

2022-10-28 12:18:09,793 INFO     ___FILE_ONLY___ jen-pxc-3fd91bb8-2-cluster9
2022-10-28 12:18:09,793 INFO     ___FILE_ONLY___     
2022-10-28 12:18:09,793 INFO     ___FILE_ONLY___ us-central1-a
2022-10-28 12:18:09,793 INFO     ___FILE_ONLY___    
2022-10-28 12:18:09,793 INFO     ___FILE_ONLY___ 1.21.14-gke.7100
2022-10-28 12:18:09,793 INFO     ___FILE_ONLY___                      
2022-10-28 12:18:09,793 INFO     ___FILE_ONLY___ 34.173.167.184
2022-10-28 12:18:09,793 INFO     ___FILE_ONLY___   
2022-10-28 12:18:09,793 INFO     ___FILE_ONLY___ n1-standard-4
2022-10-28 12:18:09,793 INFO     ___FILE_ONLY___   
2022-10-28 12:18:09,793 INFO     ___FILE_ONLY___ 1.21.14-gke.7100
2022-10-28 12:18:09,793 INFO     ___FILE_ONLY___              
2022-10-28 12:18:09,793 INFO     ___FILE_ONLY___ PROVISIONING
2022-10-28 12:18:09,793 INFO     ___FILE_ONLY___ 

2022-10-28 12:18:09,793 INFO     ___FILE_ONLY___ jen-pxc-6499183c-14-cluster1
2022-10-28 12:18:09,793 INFO     ___FILE_ONLY___    
2022-10-28 12:18:09,793 INFO     ___FILE_ONLY___ us-central1-a
2022-10-28 12:18:09,793 INFO     ___FILE_ONLY___    
2022-10-28 12:18:09,793 INFO     ___FILE_ONLY___ 1.21.14-gke.7100 (! 13 days left !)
2022-10-28 12:18:09,794 INFO     ___FILE_ONLY___   
2022-10-28 12:18:09,794 INFO     ___FILE_ONLY___ 34.72.216.146
2022-10-28 12:18:09,794 INFO     ___FILE_ONLY___    
2022-10-28 12:18:09,794 INFO     ___FILE_ONLY___ n1-standard-4
2022-10-28 12:18:09,794 INFO     ___FILE_ONLY___   
2022-10-28 12:18:09,794 INFO     ___FILE_ONLY___ 1.21.14-gke.7100
2022-10-28 12:18:09,794 INFO     ___FILE_ONLY___   
2022-10-28 12:18:09,794 INFO     ___FILE_ONLY___ 3
2022-10-28 12:18:09,794 INFO     ___FILE_ONLY___           
2022-10-28 12:18:09,794 INFO     ___FILE_ONLY___ ERROR
2022-10-28 12:18:09,794 INFO     ___FILE_ONLY___ 

2022-10-28 12:18:09,794 INFO     ___FILE_ONLY___ jen-pxc-6499183c-14-cluster2
2022-10-28 12:18:09,794 INFO     ___FILE_ONLY___    
2022-10-28 12:18:09,794 INFO     ___FILE_ONLY___ us-central1-a
2022-10-28 12:18:09,794 INFO     ___FILE_ONLY___    
2022-10-28 12:18:09,794 INFO     ___FILE_ONLY___ 1.21.14-gke.7100 (! 13 days left !)
2022-10-28 12:18:09,794 INFO     ___FILE_ONLY___   
2022-10-28 12:18:09,794 INFO     ___FILE_ONLY___ 34.135.221.214
2022-10-28 12:18:09,794 INFO     ___FILE_ONLY___   
2022-10-28 12:18:09,794 INFO     ___FILE_ONLY___ n1-standard-4
2022-10-28 12:18:09,795 INFO     ___FILE_ONLY___   
2022-10-28 12:18:09,795 INFO     ___FILE_ONLY___ 1.21.14-gke.7100
2022-10-28 12:18:09,795 INFO     ___FILE_ONLY___   
2022-10-28 12:18:09,795 INFO     ___FILE_ONLY___ 3
2022-10-28 12:18:09,795 INFO     ___FILE_ONLY___           
2022-10-28 12:18:09,795 INFO     ___FILE_ONLY___ ERROR
2022-10-28 12:18:09,795 INFO     ___FILE_ONLY___ 

2022-10-28 12:18:09,795 INFO     ___FILE_ONLY___ jen-pxc-6499183c-14-cluster3
2022-10-28 12:18:09,795 INFO     ___FILE_ONLY___    
2022-10-28 12:18:09,795 INFO     ___FILE_ONLY___ us-central1-a
2022-10-28 12:18:09,795 INFO     ___FILE_ONLY___    
2022-10-28 12:18:09,795 INFO     ___FILE_ONLY___ 1.21.14-gke.7100
2022-10-28 12:18:09,795 INFO     ___FILE_ONLY___                      
2022-10-28 12:18:09,795 INFO     ___FILE_ONLY___ 35.224.163.182
2022-10-28 12:18:09,795 INFO     ___FILE_ONLY___   
2022-10-28 12:18:09,795 INFO     ___FILE_ONLY___ n1-standard-4
2022-10-28 12:18:09,795 INFO     ___FILE_ONLY___   
2022-10-28 12:18:09,795 INFO     ___FILE_ONLY___ 1.21.14-gke.7100
2022-10-28 12:18:09,795 INFO     ___FILE_ONLY___   
2022-10-28 12:18:09,795 INFO     ___FILE_ONLY___ 3
2022-10-28 12:18:09,795 INFO     ___FILE_ONLY___           
2022-10-28 12:18:09,795 INFO     ___FILE_ONLY___ RUNNING
2022-10-28 12:18:09,795 INFO     ___FILE_ONLY___ 

2022-10-28 12:18:09,795 INFO     ___FILE_ONLY___ jen-pxc-6499183c-14-cluster4
2022-10-28 12:18:09,795 INFO     ___FILE_ONLY___    
2022-10-28 12:18:09,795 INFO     ___FILE_ONLY___ us-central1-a
2022-10-28 12:18:09,795 INFO     ___FILE_ONLY___    
2022-10-28 12:18:09,795 INFO     ___FILE_ONLY___ 1.21.14-gke.7100 (! 13 days left !)
2022-10-28 12:18:09,795 INFO     ___FILE_ONLY___   
2022-10-28 12:18:09,795 INFO     ___FILE_ONLY___ 35.232.232.69
2022-10-28 12:18:09,795 INFO     ___FILE_ONLY___    
2022-10-28 12:18:09,795 INFO     ___FILE_ONLY___ n1-standard-4
2022-10-28 12:18:09,795 INFO     ___FILE_ONLY___   
2022-10-28 12:18:09,795 INFO     ___FILE_ONLY___ 1.21.14-gke.7100
2022-10-28 12:18:09,795 INFO     ___FILE_ONLY___   
2022-10-28 12:18:09,795 INFO     ___FILE_ONLY___ 3
2022-10-28 12:18:09,795 INFO     ___FILE_ONLY___           
2022-10-28 12:18:09,795 INFO     ___FILE_ONLY___ ERROR
2022-10-28 12:18:09,795 INFO     ___FILE_ONLY___ 

2022-10-28 12:18:09,795 INFO     ___FILE_ONLY___ jen-pxc-6499183c-14-cluster5
2022-10-28 12:18:09,795 INFO     ___FILE_ONLY___    
2022-10-28 12:18:09,795 INFO     ___FILE_ONLY___ us-central1-a
2022-10-28 12:18:09,795 INFO     ___FILE_ONLY___    
2022-10-28 12:18:09,796 INFO     ___FILE_ONLY___ 1.21.14-gke.7100 (! 13 days left !)
2022-10-28 12:18:09,796 INFO     ___FILE_ONLY___   
2022-10-28 12:18:09,796 INFO     ___FILE_ONLY___ 34.133.29.180
2022-10-28 12:18:09,796 INFO     ___FILE_ONLY___    
2022-10-28 12:18:09,796 INFO     ___FILE_ONLY___ n1-standard-4
2022-10-28 12:18:09,796 INFO     ___FILE_ONLY___   
2022-10-28 12:18:09,796 INFO     ___FILE_ONLY___ 1.21.14-gke.7100
2022-10-28 12:18:09,796 INFO     ___FILE_ONLY___   
2022-10-28 12:18:09,796 INFO     ___FILE_ONLY___ 3
2022-10-28 12:18:09,796 INFO     ___FILE_ONLY___           
2022-10-28 12:18:09,796 INFO     ___FILE_ONLY___ ERROR
2022-10-28 12:18:09,796 INFO     ___FILE_ONLY___ 

2022-10-28 12:18:09,796 INFO     ___FILE_ONLY___ jen-pxc-6499183c-14-cluster6
2022-10-28 12:18:09,796 INFO     ___FILE_ONLY___    
2022-10-28 12:18:09,796 INFO     ___FILE_ONLY___ us-central1-a
2022-10-28 12:18:09,796 INFO     ___FILE_ONLY___    
2022-10-28 12:18:09,796 INFO     ___FILE_ONLY___ 1.21.14-gke.7100 (! 13 days left !)
2022-10-28 12:18:09,796 INFO     ___FILE_ONLY___   
2022-10-28 12:18:09,796 INFO     ___FILE_ONLY___ 104.155.183.89
2022-10-28 12:18:09,796 INFO     ___FILE_ONLY___   
2022-10-28 12:18:09,796 INFO     ___FILE_ONLY___ n1-standard-4
2022-10-28 12:18:09,796 INFO     ___FILE_ONLY___   
2022-10-28 12:18:09,796 INFO     ___FILE_ONLY___ 1.21.14-gke.7100
2022-10-28 12:18:09,796 INFO     ___FILE_ONLY___   
2022-10-28 12:18:09,796 INFO     ___FILE_ONLY___ 3
2022-10-28 12:18:09,796 INFO     ___FILE_ONLY___           
2022-10-28 12:18:09,796 INFO     ___FILE_ONLY___ ERROR
2022-10-28 12:18:09,796 INFO     ___FILE_ONLY___ 

2022-10-28 12:18:09,796 INFO     ___FILE_ONLY___ jen-pxc-6499183c-14-cluster7
2022-10-28 12:18:09,796 INFO     ___FILE_ONLY___    
2022-10-28 12:18:09,796 INFO     ___FILE_ONLY___ us-central1-a
2022-10-28 12:18:09,796 INFO     ___FILE_ONLY___    
2022-10-28 12:18:09,796 INFO     ___FILE_ONLY___ 1.21.14-gke.7100 (! 13 days left !)
2022-10-28 12:18:09,796 INFO     ___FILE_ONLY___   
2022-10-28 12:18:09,796 INFO     ___FILE_ONLY___ 34.122.23.42
2022-10-28 12:18:09,796 INFO     ___FILE_ONLY___     
2022-10-28 12:18:09,796 INFO     ___FILE_ONLY___ n1-standard-4
2022-10-28 12:18:09,796 INFO     ___FILE_ONLY___   
2022-10-28 12:18:09,796 INFO     ___FILE_ONLY___ 1.21.14-gke.7100
2022-10-28 12:18:09,796 INFO     ___FILE_ONLY___   
2022-10-28 12:18:09,796 INFO     ___FILE_ONLY___ 3
2022-10-28 12:18:09,796 INFO     ___FILE_ONLY___           
2022-10-28 12:18:09,796 INFO     ___FILE_ONLY___ ERROR
2022-10-28 12:18:09,796 INFO     ___FILE_ONLY___ 

2022-10-28 12:18:09,796 INFO     ___FILE_ONLY___ jen-pxc-6499183c-14-cluster8
2022-10-28 12:18:09,796 INFO     ___FILE_ONLY___    
2022-10-28 12:18:09,797 INFO     ___FILE_ONLY___ us-central1-a
2022-10-28 12:18:09,797 INFO     ___FILE_ONLY___    
2022-10-28 12:18:09,797 INFO     ___FILE_ONLY___ 1.21.14-gke.7100 (! 13 days left !)
2022-10-28 12:18:09,797 INFO     ___FILE_ONLY___   
2022-10-28 12:18:09,797 INFO     ___FILE_ONLY___ 34.72.124.115
2022-10-28 12:18:09,797 INFO     ___FILE_ONLY___    
2022-10-28 12:18:09,797 INFO     ___FILE_ONLY___ n1-standard-4
2022-10-28 12:18:09,797 INFO     ___FILE_ONLY___   
2022-10-28 12:18:09,797 INFO     ___FILE_ONLY___ 1.21.14-gke.7100
2022-10-28 12:18:09,797 INFO     ___FILE_ONLY___   
2022-10-28 12:18:09,797 INFO     ___FILE_ONLY___ 3
2022-10-28 12:18:09,797 INFO     ___FILE_ONLY___           
2022-10-28 12:18:09,797 INFO     ___FILE_ONLY___ ERROR
2022-10-28 12:18:09,797 INFO     ___FILE_ONLY___ 

2022-10-28 12:18:09,797 INFO     ___FILE_ONLY___ jen-pxc-6499183c-14-cluster9
2022-10-28 12:18:09,797 INFO     ___FILE_ONLY___    
2022-10-28 12:18:09,797 INFO     ___FILE_ONLY___ us-central1-a
2022-10-28 12:18:09,797 INFO     ___FILE_ONLY___    
2022-10-28 12:18:09,797 INFO     ___FILE_ONLY___ 1.21.14-gke.7100 (! 13 days left !)
2022-10-28 12:18:09,797 INFO     ___FILE_ONLY___   
2022-10-28 12:18:09,797 INFO     ___FILE_ONLY___ 35.184.47.219
2022-10-28 12:18:09,797 INFO     ___FILE_ONLY___    
2022-10-28 12:18:09,797 INFO     ___FILE_ONLY___ n1-standard-4
2022-10-28 12:18:09,797 INFO     ___FILE_ONLY___   
2022-10-28 12:18:09,797 INFO     ___FILE_ONLY___ 1.21.14-gke.7100
2022-10-28 12:18:09,797 INFO     ___FILE_ONLY___   
2022-10-28 12:18:09,797 INFO     ___FILE_ONLY___ 3
2022-10-28 12:18:09,797 INFO     ___FILE_ONLY___           
2022-10-28 12:18:09,797 INFO     ___FILE_ONLY___ ERROR
2022-10-28 12:18:09,797 INFO     ___FILE_ONLY___ 

2022-10-28 12:18:09,797 INFO     ___FILE_ONLY___ jen-pxc-7c7a5800-3-cluster1
2022-10-28 12:18:09,797 INFO     ___FILE_ONLY___     
2022-10-28 12:18:09,797 INFO     ___FILE_ONLY___ us-central1-a
2022-10-28 12:18:09,797 INFO     ___FILE_ONLY___    
2022-10-28 12:18:09,797 INFO     ___FILE_ONLY___ 1.21.14-gke.7100
2022-10-28 12:18:09,797 INFO     ___FILE_ONLY___                      
2022-10-28 12:18:09,797 INFO     ___FILE_ONLY___ 34.133.164.32
2022-10-28 12:18:09,797 INFO     ___FILE_ONLY___    
2022-10-28 12:18:09,797 INFO     ___FILE_ONLY___ n1-standard-4
2022-10-28 12:18:09,797 INFO     ___FILE_ONLY___   
2022-10-28 12:18:09,797 INFO     ___FILE_ONLY___ 1.21.14-gke.7100
2022-10-28 12:18:09,797 INFO     ___FILE_ONLY___   
2022-10-28 12:18:09,797 INFO     ___FILE_ONLY___ 3
2022-10-28 12:18:09,797 INFO     ___FILE_ONLY___           
2022-10-28 12:18:09,797 INFO     ___FILE_ONLY___ RUNNING
2022-10-28 12:18:09,797 INFO     ___FILE_ONLY___ 

2022-10-28 12:18:09,797 INFO     ___FILE_ONLY___ jen-pxc-7c7a5800-3-cluster2
2022-10-28 12:18:09,798 INFO     ___FILE_ONLY___     
2022-10-28 12:18:09,798 INFO     ___FILE_ONLY___ us-central1-a
2022-10-28 12:18:09,798 INFO     ___FILE_ONLY___    
2022-10-28 12:18:09,798 INFO     ___FILE_ONLY___ 1.21.14-gke.7100
2022-10-28 12:18:09,798 INFO     ___FILE_ONLY___                      
2022-10-28 12:18:09,798 INFO     ___FILE_ONLY___ 35.224.147.49
2022-10-28 12:18:09,798 INFO     ___FILE_ONLY___    
2022-10-28 12:18:09,798 INFO     ___FILE_ONLY___ n1-standard-4
2022-10-28 12:18:09,798 INFO     ___FILE_ONLY___   
2022-10-28 12:18:09,798 INFO     ___FILE_ONLY___ 1.21.14-gke.7100
2022-10-28 12:18:09,798 INFO     ___FILE_ONLY___   
2022-10-28 12:18:09,798 INFO     ___FILE_ONLY___ 3
2022-10-28 12:18:09,798 INFO     ___FILE_ONLY___           
2022-10-28 12:18:09,798 INFO     ___FILE_ONLY___ RUNNING
2022-10-28 12:18:09,798 INFO     ___FILE_ONLY___ 

2022-10-28 12:18:09,798 INFO     ___FILE_ONLY___ jen-pxc-7c7a5800-3-cluster3
2022-10-28 12:18:09,798 INFO     ___FILE_ONLY___     
2022-10-28 12:18:09,798 INFO     ___FILE_ONLY___ us-central1-a
2022-10-28 12:18:09,798 INFO     ___FILE_ONLY___    
2022-10-28 12:18:09,798 INFO     ___FILE_ONLY___ 1.21.14-gke.7100
2022-10-28 12:18:09,798 INFO     ___FILE_ONLY___                      
2022-10-28 12:18:09,798 INFO     ___FILE_ONLY___ 35.225.79.188
2022-10-28 12:18:09,798 INFO     ___FILE_ONLY___    
2022-10-28 12:18:09,798 INFO     ___FILE_ONLY___ n1-standard-4
2022-10-28 12:18:09,798 INFO     ___FILE_ONLY___   
2022-10-28 12:18:09,798 INFO     ___FILE_ONLY___ 1.21.14-gke.7100
2022-10-28 12:18:09,798 INFO     ___FILE_ONLY___   
2022-10-28 12:18:09,798 INFO     ___FILE_ONLY___ 3
2022-10-28 12:18:09,798 INFO     ___FILE_ONLY___           
2022-10-28 12:18:09,798 INFO     ___FILE_ONLY___ RUNNING
2022-10-28 12:18:09,798 INFO     ___FILE_ONLY___ 

2022-10-28 12:18:09,798 INFO     ___FILE_ONLY___ jen-pxc-7c7a5800-3-cluster4
2022-10-28 12:18:09,798 INFO     ___FILE_ONLY___     
2022-10-28 12:18:09,798 INFO     ___FILE_ONLY___ us-central1-a
2022-10-28 12:18:09,798 INFO     ___FILE_ONLY___    
2022-10-28 12:18:09,798 INFO     ___FILE_ONLY___ 1.21.14-gke.7100
2022-10-28 12:18:09,798 INFO     ___FILE_ONLY___                      
2022-10-28 12:18:09,798 INFO     ___FILE_ONLY___ 34.66.167.120
2022-10-28 12:18:09,798 INFO     ___FILE_ONLY___    
2022-10-28 12:18:09,798 INFO     ___FILE_ONLY___ n1-standard-4
2022-10-28 12:18:09,798 INFO     ___FILE_ONLY___   
2022-10-28 12:18:09,798 INFO     ___FILE_ONLY___ 1.21.14-gke.7100
2022-10-28 12:18:09,798 INFO     ___FILE_ONLY___   
2022-10-28 12:18:09,798 INFO     ___FILE_ONLY___ 3
2022-10-28 12:18:09,798 INFO     ___FILE_ONLY___           
2022-10-28 12:18:09,798 INFO     ___FILE_ONLY___ RUNNING
2022-10-28 12:18:09,799 INFO     ___FILE_ONLY___ 

2022-10-28 12:18:09,799 INFO     ___FILE_ONLY___ jen-pxc-7c7a5800-3-cluster5
2022-10-28 12:18:09,799 INFO     ___FILE_ONLY___     
2022-10-28 12:18:09,799 INFO     ___FILE_ONLY___ us-central1-a
2022-10-28 12:18:09,799 INFO     ___FILE_ONLY___    
2022-10-28 12:18:09,799 INFO     ___FILE_ONLY___ 1.21.14-gke.7100
2022-10-28 12:18:09,799 INFO     ___FILE_ONLY___                      
2022-10-28 12:18:09,799 INFO     ___FILE_ONLY___ 34.70.76.137
2022-10-28 12:18:09,799 INFO     ___FILE_ONLY___     
2022-10-28 12:18:09,799 INFO     ___FILE_ONLY___ n1-standard-4
2022-10-28 12:18:09,799 INFO     ___FILE_ONLY___   
2022-10-28 12:18:09,799 INFO     ___FILE_ONLY___ 1.21.14-gke.7100
2022-10-28 12:18:09,799 INFO     ___FILE_ONLY___   
2022-10-28 12:18:09,799 INFO     ___FILE_ONLY___ 3
2022-10-28 12:18:09,799 INFO     ___FILE_ONLY___           
2022-10-28 12:18:09,799 INFO     ___FILE_ONLY___ RUNNING
2022-10-28 12:18:09,799 INFO     ___FILE_ONLY___ 

2022-10-28 12:18:09,799 INFO     ___FILE_ONLY___ jen-pxc-7c7a5800-3-cluster6
2022-10-28 12:18:09,799 INFO     ___FILE_ONLY___     
2022-10-28 12:18:09,799 INFO     ___FILE_ONLY___ us-central1-a
2022-10-28 12:18:09,799 INFO     ___FILE_ONLY___    
2022-10-28 12:18:09,799 INFO     ___FILE_ONLY___ 1.21.14-gke.7100
2022-10-28 12:18:09,799 INFO     ___FILE_ONLY___                      
2022-10-28 12:18:09,799 INFO     ___FILE_ONLY___ 35.202.154.166
2022-10-28 12:18:09,799 INFO     ___FILE_ONLY___   
2022-10-28 12:18:09,799 INFO     ___FILE_ONLY___ n1-standard-4
2022-10-28 12:18:09,799 INFO     ___FILE_ONLY___   
2022-10-28 12:18:09,799 INFO     ___FILE_ONLY___ 1.21.14-gke.7100
2022-10-28 12:18:09,799 INFO     ___FILE_ONLY___   
2022-10-28 12:18:09,799 INFO     ___FILE_ONLY___ 3
2022-10-28 12:18:09,799 INFO     ___FILE_ONLY___           
2022-10-28 12:18:09,799 INFO     ___FILE_ONLY___ RUNNING
2022-10-28 12:18:09,799 INFO     ___FILE_ONLY___ 

2022-10-28 12:18:09,799 INFO     ___FILE_ONLY___ jen-pxc-7c7a5800-3-cluster7
2022-10-28 12:18:09,799 INFO     ___FILE_ONLY___     
2022-10-28 12:18:09,799 INFO     ___FILE_ONLY___ us-central1-a
2022-10-28 12:18:09,799 INFO     ___FILE_ONLY___    
2022-10-28 12:18:09,799 INFO     ___FILE_ONLY___ 1.21.14-gke.7100
2022-10-28 12:18:09,799 INFO     ___FILE_ONLY___                      
2022-10-28 12:18:09,799 INFO     ___FILE_ONLY___ 35.239.58.192
2022-10-28 12:18:09,799 INFO     ___FILE_ONLY___    
2022-10-28 12:18:09,799 INFO     ___FILE_ONLY___ n1-standard-4
2022-10-28 12:18:09,800 INFO     ___FILE_ONLY___   
2022-10-28 12:18:09,800 INFO     ___FILE_ONLY___ 1.21.14-gke.7100
2022-10-28 12:18:09,800 INFO     ___FILE_ONLY___   
2022-10-28 12:18:09,800 INFO     ___FILE_ONLY___ 3
2022-10-28 12:18:09,800 INFO     ___FILE_ONLY___           
2022-10-28 12:18:09,800 INFO     ___FILE_ONLY___ RUNNING
2022-10-28 12:18:09,800 INFO     ___FILE_ONLY___ 

2022-10-28 12:18:09,800 INFO     ___FILE_ONLY___ jen-pxc-7c7a5800-3-cluster8
2022-10-28 12:18:09,800 INFO     ___FILE_ONLY___     
2022-10-28 12:18:09,800 INFO     ___FILE_ONLY___ us-central1-a
2022-10-28 12:18:09,800 INFO     ___FILE_ONLY___    
2022-10-28 12:18:09,800 INFO     ___FILE_ONLY___ 1.21.14-gke.7100
2022-10-28 12:18:09,800 INFO     ___FILE_ONLY___                      
2022-10-28 12:18:09,800 INFO     ___FILE_ONLY___ 34.171.92.113
2022-10-28 12:18:09,800 INFO     ___FILE_ONLY___    
2022-10-28 12:18:09,800 INFO     ___FILE_ONLY___ n1-standard-4
2022-10-28 12:18:09,800 INFO     ___FILE_ONLY___   
2022-10-28 12:18:09,800 INFO     ___FILE_ONLY___ 1.21.14-gke.7100
2022-10-28 12:18:09,800 INFO     ___FILE_ONLY___   
2022-10-28 12:18:09,800 INFO     ___FILE_ONLY___ 3
2022-10-28 12:18:09,800 INFO     ___FILE_ONLY___           
2022-10-28 12:18:09,800 INFO     ___FILE_ONLY___ RUNNING
2022-10-28 12:18:09,800 INFO     ___FILE_ONLY___ 

2022-10-28 12:18:09,800 INFO     ___FILE_ONLY___ jen-pxc-7c7a5800-3-cluster9
2022-10-28 12:18:09,800 INFO     ___FILE_ONLY___     
2022-10-28 12:18:09,800 INFO     ___FILE_ONLY___ us-central1-a
2022-10-28 12:18:09,800 INFO     ___FILE_ONLY___    
2022-10-28 12:18:09,800 INFO     ___FILE_ONLY___ 1.21.14-gke.7100
2022-10-28 12:18:09,800 INFO     ___FILE_ONLY___                      
2022-10-28 12:18:09,800 INFO     ___FILE_ONLY___ 35.226.73.197
2022-10-28 12:18:09,800 INFO     ___FILE_ONLY___    
2022-10-28 12:18:09,800 INFO     ___FILE_ONLY___ n1-standard-4
2022-10-28 12:18:09,800 INFO     ___FILE_ONLY___   
2022-10-28 12:18:09,800 INFO     ___FILE_ONLY___ 1.21.14-gke.7100
2022-10-28 12:18:09,800 INFO     ___FILE_ONLY___   
2022-10-28 12:18:09,800 INFO     ___FILE_ONLY___ 3
2022-10-28 12:18:09,800 INFO     ___FILE_ONLY___           
2022-10-28 12:18:09,800 INFO     ___FILE_ONLY___ RUNNING
2022-10-28 12:18:09,800 INFO     ___FILE_ONLY___ 

2022-10-28 12:18:09,800 INFO     ___FILE_ONLY___ jen-pxc-80ec338f-19-cluster7
2022-10-28 12:18:09,800 INFO     ___FILE_ONLY___    
2022-10-28 12:18:09,800 INFO     ___FILE_ONLY___ us-central1-a
2022-10-28 12:18:09,800 INFO     ___FILE_ONLY___    
2022-10-28 12:18:09,800 INFO     ___FILE_ONLY___ 1.21.14-gke.7100
2022-10-28 12:18:09,800 INFO     ___FILE_ONLY___                      
2022-10-28 12:18:09,800 INFO     ___FILE_ONLY___ 35.224.119.85
2022-10-28 12:18:09,801 INFO     ___FILE_ONLY___    
2022-10-28 12:18:09,801 INFO     ___FILE_ONLY___ n1-standard-4
2022-10-28 12:18:09,801 INFO     ___FILE_ONLY___   
2022-10-28 12:18:09,801 INFO     ___FILE_ONLY___ 1.21.14-gke.7100
2022-10-28 12:18:09,801 INFO     ___FILE_ONLY___   
2022-10-28 12:18:09,801 INFO     ___FILE_ONLY___ 3
2022-10-28 12:18:09,801 INFO     ___FILE_ONLY___           
2022-10-28 12:18:09,801 INFO     ___FILE_ONLY___ RUNNING
2022-10-28 12:18:09,801 INFO     ___FILE_ONLY___ 

2022-10-28 12:18:09,801 INFO     ___FILE_ONLY___ jen-pxc-af48a72b-15-cluster3
2022-10-28 12:18:09,801 INFO     ___FILE_ONLY___    
2022-10-28 12:18:09,801 INFO     ___FILE_ONLY___ us-central1-a
2022-10-28 12:18:09,801 INFO     ___FILE_ONLY___    
2022-10-28 12:18:09,801 INFO     ___FILE_ONLY___ 1.21.14-gke.7100
2022-10-28 12:18:09,801 INFO     ___FILE_ONLY___                      
2022-10-28 12:18:09,801 INFO     ___FILE_ONLY___ 104.154.107.9
2022-10-28 12:18:09,801 INFO     ___FILE_ONLY___    
2022-10-28 12:18:09,801 INFO     ___FILE_ONLY___ n1-standard-4
2022-10-28 12:18:09,801 INFO     ___FILE_ONLY___   
2022-10-28 12:18:09,801 INFO     ___FILE_ONLY___ 1.21.14-gke.7100
2022-10-28 12:18:09,801 INFO     ___FILE_ONLY___   
2022-10-28 12:18:09,801 INFO     ___FILE_ONLY___ 3
2022-10-28 12:18:09,801 INFO     ___FILE_ONLY___           
2022-10-28 12:18:09,801 INFO     ___FILE_ONLY___ RUNNING
2022-10-28 12:18:09,801 INFO     ___FILE_ONLY___ 

2022-10-28 12:18:09,801 INFO     ___FILE_ONLY___ jen-pxc-af48a72b-15-cluster9
2022-10-28 12:18:09,801 INFO     ___FILE_ONLY___    
2022-10-28 12:18:09,801 INFO     ___FILE_ONLY___ us-central1-a
2022-10-28 12:18:09,801 INFO     ___FILE_ONLY___    
2022-10-28 12:18:09,801 INFO     ___FILE_ONLY___ 1.21.14-gke.7100 (! 13 days left !)
2022-10-28 12:18:09,801 INFO     ___FILE_ONLY___   
2022-10-28 12:18:09,801 INFO     ___FILE_ONLY___ 104.197.207.34
2022-10-28 12:18:09,801 INFO     ___FILE_ONLY___   
2022-10-28 12:18:09,801 INFO     ___FILE_ONLY___ n1-standard-4
2022-10-28 12:18:09,801 INFO     ___FILE_ONLY___   
2022-10-28 12:18:09,801 INFO     ___FILE_ONLY___ 1.21.14-gke.7100
2022-10-28 12:18:09,801 INFO     ___FILE_ONLY___   
2022-10-28 12:18:09,801 INFO     ___FILE_ONLY___ 3
2022-10-28 12:18:09,801 INFO     ___FILE_ONLY___           
2022-10-28 12:18:09,801 INFO     ___FILE_ONLY___ ERROR
2022-10-28 12:18:09,801 INFO     ___FILE_ONLY___ 

2022-10-28 12:18:09,801 INFO     ___FILE_ONLY___ jen-pxc-cd04d26b-29-cluster1
2022-10-28 12:18:09,801 INFO     ___FILE_ONLY___    
2022-10-28 12:18:09,801 INFO     ___FILE_ONLY___ us-central1-a
2022-10-28 12:18:09,801 INFO     ___FILE_ONLY___    
2022-10-28 12:18:09,801 INFO     ___FILE_ONLY___ 1.21.14-gke.7100
2022-10-28 12:18:09,801 INFO     ___FILE_ONLY___                      
2022-10-28 12:18:09,801 INFO     ___FILE_ONLY___ 34.136.77.75
2022-10-28 12:18:09,801 INFO     ___FILE_ONLY___     
2022-10-28 12:18:09,802 INFO     ___FILE_ONLY___ n1-standard-4
2022-10-28 12:18:09,802 INFO     ___FILE_ONLY___   
2022-10-28 12:18:09,802 INFO     ___FILE_ONLY___ 1.21.14-gke.7100
2022-10-28 12:18:09,802 INFO     ___FILE_ONLY___              
2022-10-28 12:18:09,802 INFO     ___FILE_ONLY___ PROVISIONING
2022-10-28 12:18:09,802 INFO     ___FILE_ONLY___ 

2022-10-28 12:18:09,802 INFO     ___FILE_ONLY___ jen-pxc-cd04d26b-29-cluster2
2022-10-28 12:18:09,802 INFO     ___FILE_ONLY___    
2022-10-28 12:18:09,802 INFO     ___FILE_ONLY___ us-central1-a
2022-10-28 12:18:09,802 INFO     ___FILE_ONLY___    
2022-10-28 12:18:09,802 INFO     ___FILE_ONLY___ 1.21.14-gke.7100
2022-10-28 12:18:09,802 INFO     ___FILE_ONLY___                      
2022-10-28 12:18:09,802 INFO     ___FILE_ONLY___ 34.122.109.170
2022-10-28 12:18:09,802 INFO     ___FILE_ONLY___   
2022-10-28 12:18:09,802 INFO     ___FILE_ONLY___ n1-standard-4
2022-10-28 12:18:09,802 INFO     ___FILE_ONLY___   
2022-10-28 12:18:09,802 INFO     ___FILE_ONLY___ 1.21.14-gke.7100
2022-10-28 12:18:09,802 INFO     ___FILE_ONLY___              
2022-10-28 12:18:09,802 INFO     ___FILE_ONLY___ PROVISIONING
2022-10-28 12:18:09,802 INFO     ___FILE_ONLY___ 

2022-10-28 12:18:09,802 INFO     ___FILE_ONLY___ jen-pxc-cd04d26b-29-cluster3
2022-10-28 12:18:09,802 INFO     ___FILE_ONLY___    
2022-10-28 12:18:09,802 INFO     ___FILE_ONLY___ us-central1-a
2022-10-28 12:18:09,802 INFO     ___FILE_ONLY___    
2022-10-28 12:18:09,802 INFO     ___FILE_ONLY___ 1.21.14-gke.7100
2022-10-28 12:18:09,802 INFO     ___FILE_ONLY___                      
2022-10-28 12:18:09,802 INFO     ___FILE_ONLY___ 34.132.179.214
2022-10-28 12:18:09,802 INFO     ___FILE_ONLY___   
2022-10-28 12:18:09,802 INFO     ___FILE_ONLY___ n1-standard-4
2022-10-28 12:18:09,802 INFO     ___FILE_ONLY___   
2022-10-28 12:18:09,802 INFO     ___FILE_ONLY___ 1.21.14-gke.7100
2022-10-28 12:18:09,802 INFO     ___FILE_ONLY___              
2022-10-28 12:18:09,802 INFO     ___FILE_ONLY___ PROVISIONING
2022-10-28 12:18:09,802 INFO     ___FILE_ONLY___ 

2022-10-28 12:18:09,802 INFO     ___FILE_ONLY___ jen-pxc-cd04d26b-29-cluster4
2022-10-28 12:18:09,802 INFO     ___FILE_ONLY___    
2022-10-28 12:18:09,802 INFO     ___FILE_ONLY___ us-central1-a
2022-10-28 12:18:09,802 INFO     ___FILE_ONLY___    
2022-10-28 12:18:09,802 INFO     ___FILE_ONLY___ 1.21.14-gke.7100
2022-10-28 12:18:09,802 INFO     ___FILE_ONLY___                      
2022-10-28 12:18:09,802 INFO     ___FILE_ONLY___ 34.133.171.227
2022-10-28 12:18:09,802 INFO     ___FILE_ONLY___   
2022-10-28 12:18:09,802 INFO     ___FILE_ONLY___ n1-standard-4
2022-10-28 12:18:09,802 INFO     ___FILE_ONLY___   
2022-10-28 12:18:09,802 INFO     ___FILE_ONLY___ 1.21.14-gke.7100
2022-10-28 12:18:09,802 INFO     ___FILE_ONLY___              
2022-10-28 12:18:09,802 INFO     ___FILE_ONLY___ PROVISIONING
2022-10-28 12:18:09,802 INFO     ___FILE_ONLY___ 

2022-10-28 12:18:09,802 INFO     ___FILE_ONLY___ jen-pxc-cd04d26b-29-cluster5
2022-10-28 12:18:09,803 INFO     ___FILE_ONLY___    
2022-10-28 12:18:09,803 INFO     ___FILE_ONLY___ us-central1-a
2022-10-28 12:18:09,803 INFO     ___FILE_ONLY___    
2022-10-28 12:18:09,803 INFO     ___FILE_ONLY___ 1.21.14-gke.7100
2022-10-28 12:18:09,803 INFO     ___FILE_ONLY___                      
2022-10-28 12:18:09,803 INFO     ___FILE_ONLY___ 34.66.194.5
2022-10-28 12:18:09,803 INFO     ___FILE_ONLY___      
2022-10-28 12:18:09,803 INFO     ___FILE_ONLY___ n1-standard-4
2022-10-28 12:18:09,803 INFO     ___FILE_ONLY___   
2022-10-28 12:18:09,803 INFO     ___FILE_ONLY___ 1.21.14-gke.7100
2022-10-28 12:18:09,803 INFO     ___FILE_ONLY___              
2022-10-28 12:18:09,803 INFO     ___FILE_ONLY___ PROVISIONING
2022-10-28 12:18:09,803 INFO     ___FILE_ONLY___ 

2022-10-28 12:18:09,803 INFO     ___FILE_ONLY___ jen-pxc-cd04d26b-29-cluster6
2022-10-28 12:18:09,803 INFO     ___FILE_ONLY___    
2022-10-28 12:18:09,803 INFO     ___FILE_ONLY___ us-central1-a
2022-10-28 12:18:09,803 INFO     ___FILE_ONLY___    
2022-10-28 12:18:09,803 INFO     ___FILE_ONLY___ 1.21.14-gke.7100
2022-10-28 12:18:09,803 INFO     ___FILE_ONLY___                      
2022-10-28 12:18:09,803 INFO     ___FILE_ONLY___ 34.133.83.23
2022-10-28 12:18:09,803 INFO     ___FILE_ONLY___     
2022-10-28 12:18:09,803 INFO     ___FILE_ONLY___ n1-standard-4
2022-10-28 12:18:09,803 INFO     ___FILE_ONLY___   
2022-10-28 12:18:09,803 INFO     ___FILE_ONLY___ 1.21.14-gke.7100
2022-10-28 12:18:09,803 INFO     ___FILE_ONLY___              
2022-10-28 12:18:09,803 INFO     ___FILE_ONLY___ PROVISIONING
2022-10-28 12:18:09,803 INFO     ___FILE_ONLY___ 

2022-10-28 12:18:09,803 INFO     ___FILE_ONLY___ jen-pxc-cd04d26b-29-cluster7
2022-10-28 12:18:09,803 INFO     ___FILE_ONLY___    
2022-10-28 12:18:09,803 INFO     ___FILE_ONLY___ us-central1-a
2022-10-28 12:18:09,803 INFO     ___FILE_ONLY___    
2022-10-28 12:18:09,803 INFO     ___FILE_ONLY___ 1.21.14-gke.7100
2022-10-28 12:18:09,803 INFO     ___FILE_ONLY___                      
2022-10-28 12:18:09,803 INFO     ___FILE_ONLY___ 34.66.40.34
2022-10-28 12:18:09,803 INFO     ___FILE_ONLY___      
2022-10-28 12:18:09,803 INFO     ___FILE_ONLY___ n1-standard-4
2022-10-28 12:18:09,803 INFO     ___FILE_ONLY___   
2022-10-28 12:18:09,803 INFO     ___FILE_ONLY___ 1.21.14-gke.7100
2022-10-28 12:18:09,803 INFO     ___FILE_ONLY___              
2022-10-28 12:18:09,803 INFO     ___FILE_ONLY___ PROVISIONING
2022-10-28 12:18:09,803 INFO     ___FILE_ONLY___ 

2022-10-28 12:18:09,803 INFO     ___FILE_ONLY___ jen-pxc-cd04d26b-29-cluster8
2022-10-28 12:18:09,803 INFO     ___FILE_ONLY___    
2022-10-28 12:18:09,803 INFO     ___FILE_ONLY___ us-central1-a
2022-10-28 12:18:09,803 INFO     ___FILE_ONLY___    
2022-10-28 12:18:09,803 INFO     ___FILE_ONLY___ 1.21.14-gke.7100
2022-10-28 12:18:09,803 INFO     ___FILE_ONLY___                      
2022-10-28 12:18:09,803 INFO     ___FILE_ONLY___ 35.222.146.247
2022-10-28 12:18:09,803 INFO     ___FILE_ONLY___   
2022-10-28 12:18:09,804 INFO     ___FILE_ONLY___ n1-standard-4
2022-10-28 12:18:09,804 INFO     ___FILE_ONLY___   
2022-10-28 12:18:09,804 INFO     ___FILE_ONLY___ 1.21.14-gke.7100
2022-10-28 12:18:09,804 INFO     ___FILE_ONLY___              
2022-10-28 12:18:09,804 INFO     ___FILE_ONLY___ PROVISIONING
2022-10-28 12:18:09,804 INFO     ___FILE_ONLY___ 

2022-10-28 12:18:09,804 INFO     ___FILE_ONLY___ jen-pxc-cd04d26b-29-cluster9
2022-10-28 12:18:09,804 INFO     ___FILE_ONLY___    
2022-10-28 12:18:09,804 INFO     ___FILE_ONLY___ us-central1-a
2022-10-28 12:18:09,804 INFO     ___FILE_ONLY___    
2022-10-28 12:18:09,804 INFO     ___FILE_ONLY___ 1.21.14-gke.7100
2022-10-28 12:18:09,804 INFO     ___FILE_ONLY___                      
2022-10-28 12:18:09,804 INFO     ___FILE_ONLY___ 35.239.146.253
2022-10-28 12:18:09,804 INFO     ___FILE_ONLY___   
2022-10-28 12:18:09,804 INFO     ___FILE_ONLY___ n1-standard-4
2022-10-28 12:18:09,804 INFO     ___FILE_ONLY___   
2022-10-28 12:18:09,804 INFO     ___FILE_ONLY___ 1.21.14-gke.7100
2022-10-28 12:18:09,804 INFO     ___FILE_ONLY___              
2022-10-28 12:18:09,804 INFO     ___FILE_ONLY___ PROVISIONING
2022-10-28 12:18:09,804 INFO     ___FILE_ONLY___ 

2022-10-28 12:18:09,804 INFO     ___FILE_ONLY___ jenkins-pxc-62f4bb33-cluster6
2022-10-28 12:18:09,804 INFO     ___FILE_ONLY___   
2022-10-28 12:18:09,804 INFO     ___FILE_ONLY___ us-central1-a
2022-10-28 12:18:09,804 INFO     ___FILE_ONLY___    
2022-10-28 12:18:09,804 INFO     ___FILE_ONLY___ 1.21.14-gke.7100
2022-10-28 12:18:09,804 INFO     ___FILE_ONLY___                      
2022-10-28 12:18:09,804 INFO     ___FILE_ONLY___ 34.172.12.254
2022-10-28 12:18:09,804 INFO     ___FILE_ONLY___    
2022-10-28 12:18:09,804 INFO     ___FILE_ONLY___ n1-standard-4
2022-10-28 12:18:09,804 INFO     ___FILE_ONLY___   
2022-10-28 12:18:09,804 INFO     ___FILE_ONLY___ 1.21.14-gke.7100
2022-10-28 12:18:09,804 INFO     ___FILE_ONLY___   
2022-10-28 12:18:09,804 INFO     ___FILE_ONLY___ 3
2022-10-28 12:18:09,804 INFO     ___FILE_ONLY___           
2022-10-28 12:18:09,804 INFO     ___FILE_ONLY___ RUNNING
2022-10-28 12:18:09,804 INFO     ___FILE_ONLY___ 

2022-10-28 12:18:09,804 INFO     ___FILE_ONLY___ plavi-122
2022-10-28 12:18:09,804 INFO     ___FILE_ONLY___                       
2022-10-28 12:18:09,804 INFO     ___FILE_ONLY___ us-central1-a
2022-10-28 12:18:09,805 INFO     ___FILE_ONLY___    
2022-10-28 12:18:09,805 INFO     ___FILE_ONLY___ 1.22.15-gke.100
2022-10-28 12:18:09,805 INFO     ___FILE_ONLY___                       
2022-10-28 12:18:09,805 INFO     ___FILE_ONLY___ 35.184.169.196
2022-10-28 12:18:09,805 INFO     ___FILE_ONLY___   
2022-10-28 12:18:09,805 INFO     ___FILE_ONLY___ n1-standard-4
2022-10-28 12:18:09,805 INFO     ___FILE_ONLY___   
2022-10-28 12:18:09,805 INFO     ___FILE_ONLY___ 1.22.15-gke.100
2022-10-28 12:18:09,805 INFO     ___FILE_ONLY___    
2022-10-28 12:18:09,805 INFO     ___FILE_ONLY___ 3
2022-10-28 12:18:09,805 INFO     ___FILE_ONLY___           
2022-10-28 12:18:09,805 INFO     ___FILE_ONLY___ RUNNING
2022-10-28 12:18:09,805 INFO     ___FILE_ONLY___ 

2022-10-28 12:18:09,805 INFO     ___FILE_ONLY___ spronin-1337
2022-10-28 12:18:09,805 INFO     ___FILE_ONLY___                    
2022-10-28 12:18:09,805 INFO     ___FILE_ONLY___ us-central1-a
2022-10-28 12:18:09,805 INFO     ___FILE_ONLY___    
2022-10-28 12:18:09,805 INFO     ___FILE_ONLY___ 1.21.14-gke.7100
2022-10-28 12:18:09,805 INFO     ___FILE_ONLY___                      
2022-10-28 12:18:09,805 INFO     ___FILE_ONLY___ 34.170.235.232
2022-10-28 12:18:09,805 INFO     ___FILE_ONLY___   
2022-10-28 12:18:09,805 INFO     ___FILE_ONLY___ n1-standard-4
2022-10-28 12:18:09,805 INFO     ___FILE_ONLY___   
2022-10-28 12:18:09,805 INFO     ___FILE_ONLY___ 1.21.14-gke.7100
2022-10-28 12:18:09,805 INFO     ___FILE_ONLY___   
2022-10-28 12:18:09,805 INFO     ___FILE_ONLY___ 3
2022-10-28 12:18:09,805 INFO     ___FILE_ONLY___           
2022-10-28 12:18:09,805 INFO     ___FILE_ONLY___ RUNNING
2022-10-28 12:18:09,805 INFO     ___FILE_ONLY___ 

2022-10-28 12:18:09,805 INFO     ___FILE_ONLY___ cap-666
2022-10-28 12:18:09,805 INFO     ___FILE_ONLY___                         
2022-10-28 12:18:09,805 INFO     ___FILE_ONLY___ us-central1-c
2022-10-28 12:18:09,805 INFO     ___FILE_ONLY___    
2022-10-28 12:18:09,805 INFO     ___FILE_ONLY___ 1.21.14-gke.8500
2022-10-28 12:18:09,805 INFO     ___FILE_ONLY___                      
2022-10-28 12:18:09,805 INFO     ___FILE_ONLY___ 34.72.251.11
2022-10-28 12:18:09,805 INFO     ___FILE_ONLY___     
2022-10-28 12:18:09,805 INFO     ___FILE_ONLY___ n1-standard-4
2022-10-28 12:18:09,805 INFO     ___FILE_ONLY___   
2022-10-28 12:18:09,805 INFO     ___FILE_ONLY___ 1.21.14-gke.8500
2022-10-28 12:18:09,806 INFO     ___FILE_ONLY___   
2022-10-28 12:18:09,806 INFO     ___FILE_ONLY___ 3
2022-10-28 12:18:09,806 INFO     ___FILE_ONLY___           
2022-10-28 12:18:09,806 INFO     ___FILE_ONLY___ RUNNING
2022-10-28 12:18:09,806 INFO     ___FILE_ONLY___ 

2022-10-28 12:18:09,806 WARNING  root            
! One or more clusters are approaching expiration and will be deleted.

2022-10-28 12:18:09,812 DEBUG    root            Metrics reporting process started...
