2022-10-28 14:04:04,837 DEBUG    root            Loaded Command Group: ['gcloud', 'config']
2022-10-28 14:04:04,840 DEBUG    root            Loaded Command Group: ['gcloud', 'config', 'config_helper']
2022-10-28 14:04:04,841 DEBUG    root            Running [gcloud.config.config-helper] with arguments: [--format: "json"]
2022-10-28 14:04:04,862 DEBUG    google.auth.transport.requests Making request: POST https://oauth2.googleapis.com/token
2022-10-28 14:04:04,877 DEBUG    urllib3.connectionpool Starting new HTTPS connection (1): oauth2.googleapis.com:443
2022-10-28 14:04:05,022 DEBUG    urllib3.connectionpool https://oauth2.googleapis.com:443 "POST /token HTTP/1.1" 200 None
2022-10-28 14:04:05,028 INFO     root            Display format: "default json"
2022-10-28 14:04:05,028 INFO     ___FILE_ONLY___ {
  "configuration": {
    "active_configuration": "percona-cloud-dev",
    "properties": {
      "core": {
        "account": "inel.pandzic@percona.com",
        "disable_usage_reporting": "False",
        "project": "cloud-dev-112233"
      }
    }
  },
  "credential": {
    "access_token": "ya29.a0Aa4xrXNQEoGsVyWbpMyFV_A89uL0RmGhdLrOIk_m35gScSGgscJghEf44Q30_xr-5JVV0v3Lw-TZ_Gl7_0d7-DCPN-ZfjMayAgQh8IeNuVLVCiRwwL3qM-ATBFgi_OhPfQSXrma5oOCVO25S5oZTZi8Kim1kG1FnEAIEzyMaCgYKATASARESFQEjDvL9vO7tf52cRm3dQ6SOogrrsw0174",
    "id_token": "eyJhbGciOiJSUzI1NiIsImtpZCI6Ijc3Y2MwZWY0YzcxODFjZjRjMGRjZWY3YjYwYWUyOGNjOTAyMmM3NmIiLCJ0eXAiOiJKV1QifQ.eyJpc3MiOiJodHRwczovL2FjY291bnRzLmdvb2dsZS5jb20iLCJhenAiOiIzMjU1NTk0MDU1OS5hcHBzLmdvb2dsZXVzZXJjb250ZW50LmNvbSIsImF1ZCI6IjMyNTU1OTQwNTU5LmFwcHMuZ29vZ2xldXNlcmNvbnRlbnQuY29tIiwic3ViIjoiMTA3NDA5ODEzMzQ0NTU5NDQzNDA3IiwiaGQiOiJwZXJjb25hLmNvbSIsImVtYWlsIjoiaW5lbC5wYW5kemljQHBlcmNvbmEuY29tIiwiZW1haWxfdmVyaWZpZWQiOnRydWUsImF0X2hhc2giOiJrczBwRFFrT2xUUkJjM250d21kVW5BIiwiaWF0IjoxNjY2OTU4NjQ1LCJleHAiOjE2NjY5NjIyNDV9.xF21_g-ExDWW_E5aXk-bQRm-EiHnwy3NpFFxhR_QLsvka-s2dpxddiPQulzvlZnXnPJamYzS5Sl_dSySg_RYnqgY7_lLE2SoJwVFF0m-46tWC5S57UxTVVUix0NYb8Z9YlVnfwg1rohbm7kyybrc-NcAN5hOSeGOntAd2WdduLiLiIAcGyYSYMzFXiE1XCz14Frhbqlxm9mQWXoaKc_IdwzODANKoYevv_QoGP8HUWcz2VyqziK5t2d_JbSWSI0z8tihtKhwMZmN941dYANmL0aqRSl-Zn0ZA9Jp0DsEywsM_0Q-Z1o7G8yselsJdb0as2mEueFZPIMNm3Du92Bd2w",
    "token_expiry": "2022-10-28T13:04:04Z"
  },
  "sentinels": {
    "config_sentinel": "/Users/inelpandzic/.config/gcloud/config_sentinel"
  }
}
2022-10-28 14:04:05,028 INFO     ___FILE_ONLY___ 

2022-10-28 14:04:05,146 DEBUG    root            Metrics reporting process started...
