2022-10-28 14:38:30,717 DEBUG    root            Loaded Command Group: ['gcloud', 'container', 'clusters']
2022-10-28 14:38:30,718 DEBUG    root            Loaded Command Group: ['gcloud', 'container', 'clusters', 'delete']
2022-10-28 14:38:30,730 DEBUG    root            Running [gcloud.container.clusters.delete] with arguments: [--zone: "europe-west3-b", NAME:1: "['inel-4556']"]
2022-10-28 14:38:31,920 DEBUG    urllib3.connectionpool Starting new HTTPS connection (1): container.googleapis.com:443
2022-10-28 14:38:32,423 DEBUG    urllib3.connectionpool https://container.googleapis.com:443 "DELETE /v1/projects/cloud-dev-112233/locations/europe-west3-b/clusters/inel-4556?alt=json HTTP/1.1" 200 None
2022-10-28 14:38:32,430 INFO     ___FILE_ONLY___ Deleting cluster inel-4556...
2022-10-28 14:38:32,434 DEBUG    urllib3.connectionpool Starting new HTTPS connection (1): container.googleapis.com:443
2022-10-28 14:38:32,663 DEBUG    urllib3.connectionpool https://container.googleapis.com:443 "GET /v1/projects/cloud-dev-112233/locations/europe-west3-b/operations/operation-1666960712489-f690f329?alt=json HTTP/1.1" 200 None
2022-10-28 14:38:37,672 DEBUG    urllib3.connectionpool Starting new HTTPS connection (1): container.googleapis.com:443
2022-10-28 14:38:37,869 DEBUG    urllib3.connectionpool https://container.googleapis.com:443 "GET /v1/projects/cloud-dev-112233/locations/europe-west3-b/operations/operation-1666960712489-f690f329?alt=json HTTP/1.1" 200 None
2022-10-28 14:38:42,887 DEBUG    urllib3.connectionpool Starting new HTTPS connection (1): container.googleapis.com:443
2022-10-28 14:38:43,131 DEBUG    urllib3.connectionpool https://container.googleapis.com:443 "GET /v1/projects/cloud-dev-112233/locations/europe-west3-b/operations/operation-1666960712489-f690f329?alt=json HTTP/1.1" 200 None
2022-10-28 14:38:48,152 DEBUG    urllib3.connectionpool Starting new HTTPS connection (1): container.googleapis.com:443
2022-10-28 14:38:48,376 DEBUG    urllib3.connectionpool https://container.googleapis.com:443 "GET /v1/projects/cloud-dev-112233/locations/europe-west3-b/operations/operation-1666960712489-f690f329?alt=json HTTP/1.1" 200 None
2022-10-28 14:38:53,416 DEBUG    urllib3.connectionpool Starting new HTTPS connection (1): container.googleapis.com:443
2022-10-28 14:38:53,652 DEBUG    urllib3.connectionpool https://container.googleapis.com:443 "GET /v1/projects/cloud-dev-112233/locations/europe-west3-b/operations/operation-1666960712489-f690f329?alt=json HTTP/1.1" 200 None
2022-10-28 14:38:58,672 DEBUG    urllib3.connectionpool Starting new HTTPS connection (1): container.googleapis.com:443
2022-10-28 14:38:58,897 DEBUG    urllib3.connectionpool https://container.googleapis.com:443 "GET /v1/projects/cloud-dev-112233/locations/europe-west3-b/operations/operation-1666960712489-f690f329?alt=json HTTP/1.1" 200 None
2022-10-28 14:39:03,915 DEBUG    urllib3.connectionpool Starting new HTTPS connection (1): container.googleapis.com:443
2022-10-28 14:39:04,159 DEBUG    urllib3.connectionpool https://container.googleapis.com:443 "GET /v1/projects/cloud-dev-112233/locations/europe-west3-b/operations/operation-1666960712489-f690f329?alt=json HTTP/1.1" 200 None
2022-10-28 14:39:09,177 DEBUG    urllib3.connectionpool Starting new HTTPS connection (1): container.googleapis.com:443
2022-10-28 14:39:09,412 DEBUG    urllib3.connectionpool https://container.googleapis.com:443 "GET /v1/projects/cloud-dev-112233/locations/europe-west3-b/operations/operation-1666960712489-f690f329?alt=json HTTP/1.1" 200 None
2022-10-28 14:39:14,433 DEBUG    urllib3.connectionpool Starting new HTTPS connection (1): container.googleapis.com:443
2022-10-28 14:39:14,677 DEBUG    urllib3.connectionpool https://container.googleapis.com:443 "GET /v1/projects/cloud-dev-112233/locations/europe-west3-b/operations/operation-1666960712489-f690f329?alt=json HTTP/1.1" 200 None
2022-10-28 14:39:19,696 DEBUG    urllib3.connectionpool Starting new HTTPS connection (1): container.googleapis.com:443
2022-10-28 14:39:19,942 DEBUG    urllib3.connectionpool https://container.googleapis.com:443 "GET /v1/projects/cloud-dev-112233/locations/europe-west3-b/operations/operation-1666960712489-f690f329?alt=json HTTP/1.1" 200 None
2022-10-28 14:39:24,959 DEBUG    urllib3.connectionpool Starting new HTTPS connection (1): container.googleapis.com:443
2022-10-28 14:39:25,206 DEBUG    urllib3.connectionpool https://container.googleapis.com:443 "GET /v1/projects/cloud-dev-112233/locations/europe-west3-b/operations/operation-1666960712489-f690f329?alt=json HTTP/1.1" 200 None
2022-10-28 14:39:30,226 DEBUG    urllib3.connectionpool Starting new HTTPS connection (1): container.googleapis.com:443
2022-10-28 14:39:30,450 DEBUG    urllib3.connectionpool https://container.googleapis.com:443 "GET /v1/projects/cloud-dev-112233/locations/europe-west3-b/operations/operation-1666960712489-f690f329?alt=json HTTP/1.1" 200 None
2022-10-28 14:39:35,476 DEBUG    urllib3.connectionpool Starting new HTTPS connection (1): container.googleapis.com:443
2022-10-28 14:39:35,714 DEBUG    urllib3.connectionpool https://container.googleapis.com:443 "GET /v1/projects/cloud-dev-112233/locations/europe-west3-b/operations/operation-1666960712489-f690f329?alt=json HTTP/1.1" 200 None
2022-10-28 14:39:40,733 DEBUG    urllib3.connectionpool Starting new HTTPS connection (1): container.googleapis.com:443
2022-10-28 14:39:40,946 DEBUG    urllib3.connectionpool https://container.googleapis.com:443 "GET /v1/projects/cloud-dev-112233/locations/europe-west3-b/operations/operation-1666960712489-f690f329?alt=json HTTP/1.1" 200 None
2022-10-28 14:39:45,967 DEBUG    urllib3.connectionpool Starting new HTTPS connection (1): container.googleapis.com:443
2022-10-28 14:39:46,178 DEBUG    urllib3.connectionpool https://container.googleapis.com:443 "GET /v1/projects/cloud-dev-112233/locations/europe-west3-b/operations/operation-1666960712489-f690f329?alt=json HTTP/1.1" 200 None
2022-10-28 14:39:51,193 DEBUG    urllib3.connectionpool Starting new HTTPS connection (1): container.googleapis.com:443
2022-10-28 14:39:51,409 DEBUG    urllib3.connectionpool https://container.googleapis.com:443 "GET /v1/projects/cloud-dev-112233/locations/europe-west3-b/operations/operation-1666960712489-f690f329?alt=json HTTP/1.1" 200 None
2022-10-28 14:39:56,429 DEBUG    urllib3.connectionpool Starting new HTTPS connection (1): container.googleapis.com:443
2022-10-28 14:39:56,679 DEBUG    urllib3.connectionpool https://container.googleapis.com:443 "GET /v1/projects/cloud-dev-112233/locations/europe-west3-b/operations/operation-1666960712489-f690f329?alt=json HTTP/1.1" 200 None
2022-10-28 14:40:01,699 DEBUG    urllib3.connectionpool Starting new HTTPS connection (1): container.googleapis.com:443
2022-10-28 14:40:01,920 DEBUG    urllib3.connectionpool https://container.googleapis.com:443 "GET /v1/projects/cloud-dev-112233/locations/europe-west3-b/operations/operation-1666960712489-f690f329?alt=json HTTP/1.1" 200 None
2022-10-28 14:40:06,941 DEBUG    urllib3.connectionpool Starting new HTTPS connection (1): container.googleapis.com:443
2022-10-28 14:40:07,152 DEBUG    urllib3.connectionpool https://container.googleapis.com:443 "GET /v1/projects/cloud-dev-112233/locations/europe-west3-b/operations/operation-1666960712489-f690f329?alt=json HTTP/1.1" 200 None
2022-10-28 14:40:12,169 DEBUG    urllib3.connectionpool Starting new HTTPS connection (1): container.googleapis.com:443
2022-10-28 14:40:12,401 DEBUG    urllib3.connectionpool https://container.googleapis.com:443 "GET /v1/projects/cloud-dev-112233/locations/europe-west3-b/operations/operation-1666960712489-f690f329?alt=json HTTP/1.1" 200 None
2022-10-28 14:40:17,418 DEBUG    urllib3.connectionpool Starting new HTTPS connection (1): container.googleapis.com:443
2022-10-28 14:40:17,656 DEBUG    urllib3.connectionpool https://container.googleapis.com:443 "GET /v1/projects/cloud-dev-112233/locations/europe-west3-b/operations/operation-1666960712489-f690f329?alt=json HTTP/1.1" 200 None
2022-10-28 14:40:22,677 DEBUG    urllib3.connectionpool Starting new HTTPS connection (1): container.googleapis.com:443
2022-10-28 14:40:22,918 DEBUG    urllib3.connectionpool https://container.googleapis.com:443 "GET /v1/projects/cloud-dev-112233/locations/europe-west3-b/operations/operation-1666960712489-f690f329?alt=json HTTP/1.1" 200 None
2022-10-28 14:40:27,938 DEBUG    urllib3.connectionpool Starting new HTTPS connection (1): container.googleapis.com:443
2022-10-28 14:40:28,176 DEBUG    urllib3.connectionpool https://container.googleapis.com:443 "GET /v1/projects/cloud-dev-112233/locations/europe-west3-b/operations/operation-1666960712489-f690f329?alt=json HTTP/1.1" 200 None
2022-10-28 14:40:33,195 DEBUG    urllib3.connectionpool Starting new HTTPS connection (1): container.googleapis.com:443
2022-10-28 14:40:33,413 DEBUG    urllib3.connectionpool https://container.googleapis.com:443 "GET /v1/projects/cloud-dev-112233/locations/europe-west3-b/operations/operation-1666960712489-f690f329?alt=json HTTP/1.1" 200 None
2022-10-28 14:40:38,433 DEBUG    urllib3.connectionpool Starting new HTTPS connection (1): container.googleapis.com:443
2022-10-28 14:40:38,672 DEBUG    urllib3.connectionpool https://container.googleapis.com:443 "GET /v1/projects/cloud-dev-112233/locations/europe-west3-b/operations/operation-1666960712489-f690f329?alt=json HTTP/1.1" 200 None
2022-10-28 14:40:43,696 DEBUG    urllib3.connectionpool Starting new HTTPS connection (1): container.googleapis.com:443
2022-10-28 14:40:43,929 DEBUG    urllib3.connectionpool https://container.googleapis.com:443 "GET /v1/projects/cloud-dev-112233/locations/europe-west3-b/operations/operation-1666960712489-f690f329?alt=json HTTP/1.1" 200 None
2022-10-28 14:40:48,950 DEBUG    urllib3.connectionpool Starting new HTTPS connection (1): container.googleapis.com:443
2022-10-28 14:40:49,164 DEBUG    urllib3.connectionpool https://container.googleapis.com:443 "GET /v1/projects/cloud-dev-112233/locations/europe-west3-b/operations/operation-1666960712489-f690f329?alt=json HTTP/1.1" 200 None
2022-10-28 14:40:54,183 DEBUG    urllib3.connectionpool Starting new HTTPS connection (1): container.googleapis.com:443
2022-10-28 14:40:54,424 DEBUG    urllib3.connectionpool https://container.googleapis.com:443 "GET /v1/projects/cloud-dev-112233/locations/europe-west3-b/operations/operation-1666960712489-f690f329?alt=json HTTP/1.1" 200 None
2022-10-28 14:40:54,432 INFO     root            Operation <Operation
 clusterConditions: []
 endTime: '2022-10-28T12:40:53.374877631Z'
 name: 'operation-1666960712489-f690f329'
 nodepoolConditions: []
 operationType: OperationTypeValueValuesEnum(DELETE_CLUSTER, 2)
 selfLink: 'https://container.googleapis.com/v1/projects/166042509722/zones/europe-west3-b/operations/operation-1666960712489-f690f329'
 startTime: '2022-10-28T12:38:32.489812089Z'
 status: StatusValueValuesEnum(DONE, 3)
 targetLink: 'https://container.googleapis.com/v1/projects/166042509722/zones/europe-west3-b/clusters/inel-4556'
 zone: 'europe-west3-b'> succeeded after 142.002 seconds
2022-10-28 14:40:54,650 DEBUG    root            Purged cluster config from /Users/inelpandzic/.config/gcloud/kubernetes/cloud-dev-112233_europe-west3-b_inel-4556
2022-10-28 14:40:54,652 INFO     ___FILE_ONLY___ Deleted [https://container.googleapis.com/v1/projects/cloud-dev-112233/zones/europe-west3-b/clusters/inel-4556].

2022-10-28 14:40:54,653 INFO     root            Display format: "none"
2022-10-28 14:40:54,674 DEBUG    root            Metrics reporting process started...
