2022-10-28 14:38:10,673 DEBUG    root            Loaded Command Group: ['gcloud', 'container', 'clusters']
2022-10-28 14:38:10,675 DEBUG    root            Loaded Command Group: ['gcloud', 'container', 'clusters', 'list']
2022-10-28 14:38:10,695 DEBUG    root            Running [gcloud.container.clusters.list] with arguments: []
2022-10-28 14:38:10,741 DEBUG    urllib3.connectionpool Starting new HTTPS connection (1): container.googleapis.com:443
2022-10-28 14:38:11,436 DEBUG    urllib3.connectionpool https://container.googleapis.com:443 "GET /v1/projects/cloud-dev-112233/locations/-/clusters?alt=json HTTP/1.1" 200 None
2022-10-28 14:38:11,576 INFO     root            Display format: "
    table(
        name,
        zone:label=LOCATION,
        master_version():label=MASTER_VERSION,
        endpoint:label=MASTER_IP,
        nodePools[0].config.machineType,
        currentNodeVersion:label=NODE_VERSION,
        firstof(currentNodeCount,initialNodeCount):label=NUM_NODES,
        status
    )
"
2022-10-28 14:38:11,640 INFO     ___FILE_ONLY___ NAME
2022-10-28 14:38:11,641 INFO     ___FILE_ONLY___                             
2022-10-28 14:38:11,641 INFO     ___FILE_ONLY___ LOCATION
2022-10-28 14:38:11,641 INFO     ___FILE_ONLY___         
2022-10-28 14:38:11,641 INFO     ___FILE_ONLY___ MASTER_VERSION
2022-10-28 14:38:11,641 INFO     ___FILE_ONLY___     
2022-10-28 14:38:11,641 INFO     ___FILE_ONLY___ MASTER_IP
2022-10-28 14:38:11,641 INFO     ___FILE_ONLY___        
2022-10-28 14:38:11,641 INFO     ___FILE_ONLY___ MACHINE_TYPE
2022-10-28 14:38:11,641 INFO     ___FILE_ONLY___    
2022-10-28 14:38:11,641 INFO     ___FILE_ONLY___ NODE_VERSION
2022-10-28 14:38:11,641 INFO     ___FILE_ONLY___       
2022-10-28 14:38:11,641 INFO     ___FILE_ONLY___ NUM_NODES
2022-10-28 14:38:11,641 INFO     ___FILE_ONLY___   
2022-10-28 14:38:11,641 INFO     ___FILE_ONLY___ STATUS
2022-10-28 14:38:11,641 INFO     ___FILE_ONLY___ 

2022-10-28 14:38:11,641 INFO     ___FILE_ONLY___ ondrei-8728
2022-10-28 14:38:11,641 INFO     ___FILE_ONLY___                      
2022-10-28 14:38:11,641 INFO     ___FILE_ONLY___ europe-west1-c
2022-10-28 14:38:11,641 INFO     ___FILE_ONLY___   
2022-10-28 14:38:11,641 INFO     ___FILE_ONLY___ 1.21.14-gke.7100
2022-10-28 14:38:11,641 INFO     ___FILE_ONLY___   
2022-10-28 14:38:11,641 INFO     ___FILE_ONLY___ 35.205.162.69
2022-10-28 14:38:11,641 INFO     ___FILE_ONLY___    
2022-10-28 14:38:11,641 INFO     ___FILE_ONLY___ n1-standard-4
2022-10-28 14:38:11,641 INFO     ___FILE_ONLY___   
2022-10-28 14:38:11,641 INFO     ___FILE_ONLY___ 1.21.14-gke.7100
2022-10-28 14:38:11,641 INFO     ___FILE_ONLY___   
2022-10-28 14:38:11,641 INFO     ___FILE_ONLY___ 3
2022-10-28 14:38:11,641 INFO     ___FILE_ONLY___           
2022-10-28 14:38:11,641 INFO     ___FILE_ONLY___ RUNNING
2022-10-28 14:38:11,641 INFO     ___FILE_ONLY___ 

2022-10-28 14:38:11,641 INFO     ___FILE_ONLY___ ege-7528
2022-10-28 14:38:11,641 INFO     ___FILE_ONLY___                         
2022-10-28 14:38:11,641 INFO     ___FILE_ONLY___ europe-west3
2022-10-28 14:38:11,641 INFO     ___FILE_ONLY___     
2022-10-28 14:38:11,641 INFO     ___FILE_ONLY___ 1.25.2-gke.1700
2022-10-28 14:38:11,641 INFO     ___FILE_ONLY___    
2022-10-28 14:38:11,641 INFO     ___FILE_ONLY___ 34.89.181.19
2022-10-28 14:38:11,641 INFO     ___FILE_ONLY___     
2022-10-28 14:38:11,641 INFO     ___FILE_ONLY___ n1-standard-4
2022-10-28 14:38:11,642 INFO     ___FILE_ONLY___   
2022-10-28 14:38:11,642 INFO     ___FILE_ONLY___ 1.25.2-gke.1700
2022-10-28 14:38:11,642 INFO     ___FILE_ONLY___    
2022-10-28 14:38:11,642 INFO     ___FILE_ONLY___ 3
2022-10-28 14:38:11,642 INFO     ___FILE_ONLY___           
2022-10-28 14:38:11,642 INFO     ___FILE_ONLY___ RUNNING
2022-10-28 14:38:11,642 INFO     ___FILE_ONLY___ 

2022-10-28 14:38:11,642 INFO     ___FILE_ONLY___ slava-pxc
2022-10-28 14:38:11,642 INFO     ___FILE_ONLY___                        
2022-10-28 14:38:11,642 INFO     ___FILE_ONLY___ europe-west3-a
2022-10-28 14:38:11,642 INFO     ___FILE_ONLY___   
2022-10-28 14:38:11,642 INFO     ___FILE_ONLY___ 1.23.12-gke.100
2022-10-28 14:38:11,642 INFO     ___FILE_ONLY___    
2022-10-28 14:38:11,642 INFO     ___FILE_ONLY___ 34.107.123.143
2022-10-28 14:38:11,642 INFO     ___FILE_ONLY___   
2022-10-28 14:38:11,642 INFO     ___FILE_ONLY___ n1-standard-4
2022-10-28 14:38:11,642 INFO     ___FILE_ONLY___   
2022-10-28 14:38:11,642 INFO     ___FILE_ONLY___ 1.23.12-gke.100
2022-10-28 14:38:11,642 INFO     ___FILE_ONLY___    
2022-10-28 14:38:11,642 INFO     ___FILE_ONLY___ 3
2022-10-28 14:38:11,642 INFO     ___FILE_ONLY___           
2022-10-28 14:38:11,642 INFO     ___FILE_ONLY___ RUNNING
2022-10-28 14:38:11,642 INFO     ___FILE_ONLY___ 

2022-10-28 14:38:11,642 INFO     ___FILE_ONLY___ inel-4556
2022-10-28 14:38:11,642 INFO     ___FILE_ONLY___                        
2022-10-28 14:38:11,642 INFO     ___FILE_ONLY___ europe-west3-b
2022-10-28 14:38:11,642 INFO     ___FILE_ONLY___   
2022-10-28 14:38:11,642 INFO     ___FILE_ONLY___ 1.21.14-gke.7100
2022-10-28 14:38:11,642 INFO     ___FILE_ONLY___   
2022-10-28 14:38:11,642 INFO     ___FILE_ONLY___ 35.198.118.158
2022-10-28 14:38:11,642 INFO     ___FILE_ONLY___   
2022-10-28 14:38:11,642 INFO     ___FILE_ONLY___ n1-standard-4
2022-10-28 14:38:11,642 INFO     ___FILE_ONLY___   
2022-10-28 14:38:11,642 INFO     ___FILE_ONLY___ 1.21.14-gke.7100
2022-10-28 14:38:11,642 INFO     ___FILE_ONLY___   
2022-10-28 14:38:11,642 INFO     ___FILE_ONLY___ 3
2022-10-28 14:38:11,642 INFO     ___FILE_ONLY___           
2022-10-28 14:38:11,642 INFO     ___FILE_ONLY___ RUNNING
2022-10-28 14:38:11,642 INFO     ___FILE_ONLY___ 

2022-10-28 14:38:11,642 INFO     ___FILE_ONLY___ max-30844
2022-10-28 14:38:11,642 INFO     ___FILE_ONLY___                        
2022-10-28 14:38:11,642 INFO     ___FILE_ONLY___ europe-west3-b
2022-10-28 14:38:11,642 INFO     ___FILE_ONLY___   
2022-10-28 14:38:11,642 INFO     ___FILE_ONLY___ 1.21.14-gke.2700
2022-10-28 14:38:11,642 INFO     ___FILE_ONLY___   
2022-10-28 14:38:11,642 INFO     ___FILE_ONLY___ 35.246.193.17
2022-10-28 14:38:11,643 INFO     ___FILE_ONLY___    
2022-10-28 14:38:11,643 INFO     ___FILE_ONLY___ n1-standard-4
2022-10-28 14:38:11,643 INFO     ___FILE_ONLY___   
2022-10-28 14:38:11,643 INFO     ___FILE_ONLY___ 1.21.14-gke.2700
2022-10-28 14:38:11,643 INFO     ___FILE_ONLY___   
2022-10-28 14:38:11,643 INFO     ___FILE_ONLY___ 3
2022-10-28 14:38:11,643 INFO     ___FILE_ONLY___           
2022-10-28 14:38:11,643 INFO     ___FILE_ONLY___ RUNNING
2022-10-28 14:38:11,643 INFO     ___FILE_ONLY___ 

2022-10-28 14:38:11,643 INFO     ___FILE_ONLY___ natali-22
2022-10-28 14:38:11,643 INFO     ___FILE_ONLY___                        
2022-10-28 14:38:11,643 INFO     ___FILE_ONLY___ europe-west3-b
2022-10-28 14:38:11,643 INFO     ___FILE_ONLY___   
2022-10-28 14:38:11,643 INFO     ___FILE_ONLY___ 1.22.15-gke.100
2022-10-28 14:38:11,643 INFO     ___FILE_ONLY___    
2022-10-28 14:38:11,643 INFO     ___FILE_ONLY___ 34.159.96.254
2022-10-28 14:38:11,643 INFO     ___FILE_ONLY___    
2022-10-28 14:38:11,643 INFO     ___FILE_ONLY___ n1-standard-4
2022-10-28 14:38:11,643 INFO     ___FILE_ONLY___   
2022-10-28 14:38:11,643 INFO     ___FILE_ONLY___ 1.22.15-gke.100
2022-10-28 14:38:11,643 INFO     ___FILE_ONLY___    
2022-10-28 14:38:11,643 INFO     ___FILE_ONLY___ 3
2022-10-28 14:38:11,643 INFO     ___FILE_ONLY___           
2022-10-28 14:38:11,643 INFO     ___FILE_ONLY___ RUNNING
2022-10-28 14:38:11,643 INFO     ___FILE_ONLY___ 

2022-10-28 14:38:11,643 INFO     ___FILE_ONLY___ jen-pxc-16b50817-30-cluster1
2022-10-28 14:38:11,643 INFO     ___FILE_ONLY___     
2022-10-28 14:38:11,643 INFO     ___FILE_ONLY___ us-central1-a
2022-10-28 14:38:11,643 INFO     ___FILE_ONLY___    
2022-10-28 14:38:11,643 INFO     ___FILE_ONLY___ 1.21.14-gke.7100
2022-10-28 14:38:11,643 INFO     ___FILE_ONLY___   
2022-10-28 14:38:11,643 INFO     ___FILE_ONLY___ 35.238.108.49
2022-10-28 14:38:11,643 INFO     ___FILE_ONLY___    
2022-10-28 14:38:11,643 INFO     ___FILE_ONLY___ n1-standard-4
2022-10-28 14:38:11,643 INFO     ___FILE_ONLY___   
2022-10-28 14:38:11,643 INFO     ___FILE_ONLY___ 1.21.14-gke.7100
2022-10-28 14:38:11,643 INFO     ___FILE_ONLY___   
2022-10-28 14:38:11,643 INFO     ___FILE_ONLY___ 3
2022-10-28 14:38:11,643 INFO     ___FILE_ONLY___           
2022-10-28 14:38:11,643 INFO     ___FILE_ONLY___ RUNNING
2022-10-28 14:38:11,643 INFO     ___FILE_ONLY___ 

2022-10-28 14:38:11,643 INFO     ___FILE_ONLY___ jen-pxc-16b50817-30-cluster2
2022-10-28 14:38:11,643 INFO     ___FILE_ONLY___     
2022-10-28 14:38:11,643 INFO     ___FILE_ONLY___ us-central1-a
2022-10-28 14:38:11,643 INFO     ___FILE_ONLY___    
2022-10-28 14:38:11,643 INFO     ___FILE_ONLY___ 1.21.14-gke.7100
2022-10-28 14:38:11,644 INFO     ___FILE_ONLY___   
2022-10-28 14:38:11,644 INFO     ___FILE_ONLY___ 34.123.22.225
2022-10-28 14:38:11,644 INFO     ___FILE_ONLY___    
2022-10-28 14:38:11,644 INFO     ___FILE_ONLY___ n1-standard-4
2022-10-28 14:38:11,644 INFO     ___FILE_ONLY___   
2022-10-28 14:38:11,644 INFO     ___FILE_ONLY___ 1.21.14-gke.7100
2022-10-28 14:38:11,644 INFO     ___FILE_ONLY___   
2022-10-28 14:38:11,644 INFO     ___FILE_ONLY___ 3
2022-10-28 14:38:11,644 INFO     ___FILE_ONLY___           
2022-10-28 14:38:11,644 INFO     ___FILE_ONLY___ RUNNING
2022-10-28 14:38:11,644 INFO     ___FILE_ONLY___ 

2022-10-28 14:38:11,644 INFO     ___FILE_ONLY___ jen-pxc-16b50817-30-cluster3
2022-10-28 14:38:11,644 INFO     ___FILE_ONLY___     
2022-10-28 14:38:11,644 INFO     ___FILE_ONLY___ us-central1-a
2022-10-28 14:38:11,644 INFO     ___FILE_ONLY___    
2022-10-28 14:38:11,644 INFO     ___FILE_ONLY___ 1.21.14-gke.7100
2022-10-28 14:38:11,644 INFO     ___FILE_ONLY___   
2022-10-28 14:38:11,644 INFO     ___FILE_ONLY___ 104.197.106.75
2022-10-28 14:38:11,644 INFO     ___FILE_ONLY___   
2022-10-28 14:38:11,644 INFO     ___FILE_ONLY___ n1-standard-4
2022-10-28 14:38:11,644 INFO     ___FILE_ONLY___   
2022-10-28 14:38:11,644 INFO     ___FILE_ONLY___ 1.21.14-gke.7100
2022-10-28 14:38:11,644 INFO     ___FILE_ONLY___   
2022-10-28 14:38:11,644 INFO     ___FILE_ONLY___ 3
2022-10-28 14:38:11,644 INFO     ___FILE_ONLY___           
2022-10-28 14:38:11,644 INFO     ___FILE_ONLY___ RUNNING
2022-10-28 14:38:11,644 INFO     ___FILE_ONLY___ 

2022-10-28 14:38:11,644 INFO     ___FILE_ONLY___ jen-pxc-16b50817-30-cluster4
2022-10-28 14:38:11,644 INFO     ___FILE_ONLY___     
2022-10-28 14:38:11,644 INFO     ___FILE_ONLY___ us-central1-a
2022-10-28 14:38:11,644 INFO     ___FILE_ONLY___    
2022-10-28 14:38:11,644 INFO     ___FILE_ONLY___ 1.21.14-gke.7100
2022-10-28 14:38:11,644 INFO     ___FILE_ONLY___   
2022-10-28 14:38:11,644 INFO     ___FILE_ONLY___ 35.238.251.76
2022-10-28 14:38:11,644 INFO     ___FILE_ONLY___    
2022-10-28 14:38:11,644 INFO     ___FILE_ONLY___ n1-standard-4
2022-10-28 14:38:11,644 INFO     ___FILE_ONLY___   
2022-10-28 14:38:11,644 INFO     ___FILE_ONLY___ 1.21.14-gke.7100
2022-10-28 14:38:11,644 INFO     ___FILE_ONLY___   
2022-10-28 14:38:11,644 INFO     ___FILE_ONLY___ 3
2022-10-28 14:38:11,644 INFO     ___FILE_ONLY___           
2022-10-28 14:38:11,644 INFO     ___FILE_ONLY___ RUNNING
2022-10-28 14:38:11,644 INFO     ___FILE_ONLY___ 

2022-10-28 14:38:11,644 INFO     ___FILE_ONLY___ jen-pxc-16b50817-30-cluster5
2022-10-28 14:38:11,644 INFO     ___FILE_ONLY___     
2022-10-28 14:38:11,644 INFO     ___FILE_ONLY___ us-central1-a
2022-10-28 14:38:11,644 INFO     ___FILE_ONLY___    
2022-10-28 14:38:11,644 INFO     ___FILE_ONLY___ 1.21.14-gke.7100
2022-10-28 14:38:11,645 INFO     ___FILE_ONLY___   
2022-10-28 14:38:11,645 INFO     ___FILE_ONLY___ 104.154.41.199
2022-10-28 14:38:11,645 INFO     ___FILE_ONLY___   
2022-10-28 14:38:11,645 INFO     ___FILE_ONLY___ n1-standard-4
2022-10-28 14:38:11,645 INFO     ___FILE_ONLY___   
2022-10-28 14:38:11,645 INFO     ___FILE_ONLY___ 1.21.14-gke.7100
2022-10-28 14:38:11,645 INFO     ___FILE_ONLY___   
2022-10-28 14:38:11,645 INFO     ___FILE_ONLY___ 3
2022-10-28 14:38:11,645 INFO     ___FILE_ONLY___           
2022-10-28 14:38:11,645 INFO     ___FILE_ONLY___ RUNNING
2022-10-28 14:38:11,645 INFO     ___FILE_ONLY___ 

2022-10-28 14:38:11,645 INFO     ___FILE_ONLY___ jen-pxc-16b50817-30-cluster6
2022-10-28 14:38:11,645 INFO     ___FILE_ONLY___     
2022-10-28 14:38:11,645 INFO     ___FILE_ONLY___ us-central1-a
2022-10-28 14:38:11,645 INFO     ___FILE_ONLY___    
2022-10-28 14:38:11,645 INFO     ___FILE_ONLY___ 1.21.14-gke.7100
2022-10-28 14:38:11,645 INFO     ___FILE_ONLY___   
2022-10-28 14:38:11,645 INFO     ___FILE_ONLY___ 34.66.23.135
2022-10-28 14:38:11,645 INFO     ___FILE_ONLY___     
2022-10-28 14:38:11,645 INFO     ___FILE_ONLY___ n1-standard-4
2022-10-28 14:38:11,645 INFO     ___FILE_ONLY___   
2022-10-28 14:38:11,645 INFO     ___FILE_ONLY___ 1.21.14-gke.7100
2022-10-28 14:38:11,645 INFO     ___FILE_ONLY___   
2022-10-28 14:38:11,645 INFO     ___FILE_ONLY___ 3
2022-10-28 14:38:11,645 INFO     ___FILE_ONLY___           
2022-10-28 14:38:11,645 INFO     ___FILE_ONLY___ RUNNING
2022-10-28 14:38:11,645 INFO     ___FILE_ONLY___ 

2022-10-28 14:38:11,645 INFO     ___FILE_ONLY___ jen-pxc-16b50817-30-cluster7
2022-10-28 14:38:11,645 INFO     ___FILE_ONLY___     
2022-10-28 14:38:11,645 INFO     ___FILE_ONLY___ us-central1-a
2022-10-28 14:38:11,645 INFO     ___FILE_ONLY___    
2022-10-28 14:38:11,645 INFO     ___FILE_ONLY___ 1.21.14-gke.7100
2022-10-28 14:38:11,645 INFO     ___FILE_ONLY___   
2022-10-28 14:38:11,645 INFO     ___FILE_ONLY___ 34.122.198.255
2022-10-28 14:38:11,645 INFO     ___FILE_ONLY___   
2022-10-28 14:38:11,645 INFO     ___FILE_ONLY___ n1-standard-4
2022-10-28 14:38:11,645 INFO     ___FILE_ONLY___   
2022-10-28 14:38:11,645 INFO     ___FILE_ONLY___ 1.21.14-gke.7100
2022-10-28 14:38:11,645 INFO     ___FILE_ONLY___   
2022-10-28 14:38:11,645 INFO     ___FILE_ONLY___ 3
2022-10-28 14:38:11,645 INFO     ___FILE_ONLY___           
2022-10-28 14:38:11,645 INFO     ___FILE_ONLY___ RUNNING
2022-10-28 14:38:11,645 INFO     ___FILE_ONLY___ 

2022-10-28 14:38:11,645 INFO     ___FILE_ONLY___ jen-pxc-16b50817-30-cluster8
2022-10-28 14:38:11,645 INFO     ___FILE_ONLY___     
2022-10-28 14:38:11,645 INFO     ___FILE_ONLY___ us-central1-a
2022-10-28 14:38:11,645 INFO     ___FILE_ONLY___    
2022-10-28 14:38:11,646 INFO     ___FILE_ONLY___ 1.21.14-gke.7100
2022-10-28 14:38:11,646 INFO     ___FILE_ONLY___   
2022-10-28 14:38:11,646 INFO     ___FILE_ONLY___ 34.134.205.203
2022-10-28 14:38:11,646 INFO     ___FILE_ONLY___   
2022-10-28 14:38:11,646 INFO     ___FILE_ONLY___ n1-standard-4
2022-10-28 14:38:11,646 INFO     ___FILE_ONLY___   
2022-10-28 14:38:11,646 INFO     ___FILE_ONLY___ 1.21.14-gke.7100
2022-10-28 14:38:11,646 INFO     ___FILE_ONLY___   
2022-10-28 14:38:11,646 INFO     ___FILE_ONLY___ 3
2022-10-28 14:38:11,646 INFO     ___FILE_ONLY___           
2022-10-28 14:38:11,646 INFO     ___FILE_ONLY___ RUNNING
2022-10-28 14:38:11,646 INFO     ___FILE_ONLY___ 

2022-10-28 14:38:11,646 INFO     ___FILE_ONLY___ jen-pxc-16b50817-30-cluster9
2022-10-28 14:38:11,646 INFO     ___FILE_ONLY___     
2022-10-28 14:38:11,646 INFO     ___FILE_ONLY___ us-central1-a
2022-10-28 14:38:11,646 INFO     ___FILE_ONLY___    
2022-10-28 14:38:11,646 INFO     ___FILE_ONLY___ 1.21.14-gke.7100
2022-10-28 14:38:11,646 INFO     ___FILE_ONLY___   
2022-10-28 14:38:11,646 INFO     ___FILE_ONLY___ 34.122.166.179
2022-10-28 14:38:11,646 INFO     ___FILE_ONLY___   
2022-10-28 14:38:11,646 INFO     ___FILE_ONLY___ n1-standard-4
2022-10-28 14:38:11,646 INFO     ___FILE_ONLY___   
2022-10-28 14:38:11,646 INFO     ___FILE_ONLY___ 1.21.14-gke.7100
2022-10-28 14:38:11,646 INFO     ___FILE_ONLY___   
2022-10-28 14:38:11,646 INFO     ___FILE_ONLY___ 3
2022-10-28 14:38:11,646 INFO     ___FILE_ONLY___           
2022-10-28 14:38:11,646 INFO     ___FILE_ONLY___ RUNNING
2022-10-28 14:38:11,646 INFO     ___FILE_ONLY___ 

2022-10-28 14:38:11,646 INFO     ___FILE_ONLY___ jen-pxc-5956b289-10-cluster1
2022-10-28 14:38:11,646 INFO     ___FILE_ONLY___     
2022-10-28 14:38:11,646 INFO     ___FILE_ONLY___ us-central1-a
2022-10-28 14:38:11,646 INFO     ___FILE_ONLY___    
2022-10-28 14:38:11,646 INFO     ___FILE_ONLY___ 1.21.14-gke.7100
2022-10-28 14:38:11,646 INFO     ___FILE_ONLY___   
2022-10-28 14:38:11,646 INFO     ___FILE_ONLY___ 34.171.173.18
2022-10-28 14:38:11,646 INFO     ___FILE_ONLY___    
2022-10-28 14:38:11,646 INFO     ___FILE_ONLY___ n1-standard-4
2022-10-28 14:38:11,646 INFO     ___FILE_ONLY___   
2022-10-28 14:38:11,646 INFO     ___FILE_ONLY___ 1.21.14-gke.7100
2022-10-28 14:38:11,646 INFO     ___FILE_ONLY___   
2022-10-28 14:38:11,646 INFO     ___FILE_ONLY___ 3
2022-10-28 14:38:11,646 INFO     ___FILE_ONLY___           
2022-10-28 14:38:11,646 INFO     ___FILE_ONLY___ RUNNING
2022-10-28 14:38:11,646 INFO     ___FILE_ONLY___ 

2022-10-28 14:38:11,646 INFO     ___FILE_ONLY___ jen-pxc-5956b289-10-cluster2
2022-10-28 14:38:11,646 INFO     ___FILE_ONLY___     
2022-10-28 14:38:11,646 INFO     ___FILE_ONLY___ us-central1-a
2022-10-28 14:38:11,646 INFO     ___FILE_ONLY___    
2022-10-28 14:38:11,647 INFO     ___FILE_ONLY___ 1.21.14-gke.7100
2022-10-28 14:38:11,647 INFO     ___FILE_ONLY___   
2022-10-28 14:38:11,647 INFO     ___FILE_ONLY___ 35.188.40.186
2022-10-28 14:38:11,647 INFO     ___FILE_ONLY___    
2022-10-28 14:38:11,647 INFO     ___FILE_ONLY___ n1-standard-4
2022-10-28 14:38:11,647 INFO     ___FILE_ONLY___   
2022-10-28 14:38:11,647 INFO     ___FILE_ONLY___ 1.21.14-gke.7100
2022-10-28 14:38:11,647 INFO     ___FILE_ONLY___   
2022-10-28 14:38:11,647 INFO     ___FILE_ONLY___ 3
2022-10-28 14:38:11,647 INFO     ___FILE_ONLY___           
2022-10-28 14:38:11,647 INFO     ___FILE_ONLY___ RUNNING
2022-10-28 14:38:11,647 INFO     ___FILE_ONLY___ 

2022-10-28 14:38:11,647 INFO     ___FILE_ONLY___ jen-pxc-5956b289-10-cluster3
2022-10-28 14:38:11,647 INFO     ___FILE_ONLY___     
2022-10-28 14:38:11,647 INFO     ___FILE_ONLY___ us-central1-a
2022-10-28 14:38:11,647 INFO     ___FILE_ONLY___    
2022-10-28 14:38:11,647 INFO     ___FILE_ONLY___ 1.21.14-gke.7100
2022-10-28 14:38:11,647 INFO     ___FILE_ONLY___   
2022-10-28 14:38:11,647 INFO     ___FILE_ONLY___ 34.71.43.221
2022-10-28 14:38:11,647 INFO     ___FILE_ONLY___     
2022-10-28 14:38:11,647 INFO     ___FILE_ONLY___ n1-standard-4
2022-10-28 14:38:11,647 INFO     ___FILE_ONLY___   
2022-10-28 14:38:11,647 INFO     ___FILE_ONLY___ 1.21.14-gke.7100
2022-10-28 14:38:11,647 INFO     ___FILE_ONLY___   
2022-10-28 14:38:11,647 INFO     ___FILE_ONLY___ 3
2022-10-28 14:38:11,647 INFO     ___FILE_ONLY___           
2022-10-28 14:38:11,647 INFO     ___FILE_ONLY___ RUNNING
2022-10-28 14:38:11,647 INFO     ___FILE_ONLY___ 

2022-10-28 14:38:11,647 INFO     ___FILE_ONLY___ jen-pxc-5956b289-10-cluster4
2022-10-28 14:38:11,647 INFO     ___FILE_ONLY___     
2022-10-28 14:38:11,647 INFO     ___FILE_ONLY___ us-central1-a
2022-10-28 14:38:11,647 INFO     ___FILE_ONLY___    
2022-10-28 14:38:11,647 INFO     ___FILE_ONLY___ 1.21.14-gke.7100
2022-10-28 14:38:11,647 INFO     ___FILE_ONLY___   
2022-10-28 14:38:11,647 INFO     ___FILE_ONLY___ 34.69.217.12
2022-10-28 14:38:11,647 INFO     ___FILE_ONLY___     
2022-10-28 14:38:11,647 INFO     ___FILE_ONLY___ n1-standard-4
2022-10-28 14:38:11,647 INFO     ___FILE_ONLY___   
2022-10-28 14:38:11,647 INFO     ___FILE_ONLY___ 1.21.14-gke.7100
2022-10-28 14:38:11,647 INFO     ___FILE_ONLY___   
2022-10-28 14:38:11,647 INFO     ___FILE_ONLY___ 3
2022-10-28 14:38:11,647 INFO     ___FILE_ONLY___           
2022-10-28 14:38:11,647 INFO     ___FILE_ONLY___ RUNNING
2022-10-28 14:38:11,647 INFO     ___FILE_ONLY___ 

2022-10-28 14:38:11,647 INFO     ___FILE_ONLY___ jen-pxc-5956b289-10-cluster5
2022-10-28 14:38:11,647 INFO     ___FILE_ONLY___     
2022-10-28 14:38:11,647 INFO     ___FILE_ONLY___ us-central1-a
2022-10-28 14:38:11,647 INFO     ___FILE_ONLY___    
2022-10-28 14:38:11,648 INFO     ___FILE_ONLY___ 1.21.14-gke.7100
2022-10-28 14:38:11,648 INFO     ___FILE_ONLY___   
2022-10-28 14:38:11,648 INFO     ___FILE_ONLY___ 34.134.189.109
2022-10-28 14:38:11,648 INFO     ___FILE_ONLY___   
2022-10-28 14:38:11,648 INFO     ___FILE_ONLY___ n1-standard-4
2022-10-28 14:38:11,648 INFO     ___FILE_ONLY___   
2022-10-28 14:38:11,648 INFO     ___FILE_ONLY___ 1.21.14-gke.7100
2022-10-28 14:38:11,648 INFO     ___FILE_ONLY___   
2022-10-28 14:38:11,648 INFO     ___FILE_ONLY___ 3
2022-10-28 14:38:11,648 INFO     ___FILE_ONLY___           
2022-10-28 14:38:11,648 INFO     ___FILE_ONLY___ RUNNING
2022-10-28 14:38:11,648 INFO     ___FILE_ONLY___ 

2022-10-28 14:38:11,648 INFO     ___FILE_ONLY___ jen-pxc-5956b289-10-cluster6
2022-10-28 14:38:11,648 INFO     ___FILE_ONLY___     
2022-10-28 14:38:11,648 INFO     ___FILE_ONLY___ us-central1-a
2022-10-28 14:38:11,648 INFO     ___FILE_ONLY___    
2022-10-28 14:38:11,648 INFO     ___FILE_ONLY___ 1.21.14-gke.7100
2022-10-28 14:38:11,648 INFO     ___FILE_ONLY___   
2022-10-28 14:38:11,648 INFO     ___FILE_ONLY___ 34.136.35.158
2022-10-28 14:38:11,648 INFO     ___FILE_ONLY___    
2022-10-28 14:38:11,648 INFO     ___FILE_ONLY___ n1-standard-4
2022-10-28 14:38:11,648 INFO     ___FILE_ONLY___   
2022-10-28 14:38:11,648 INFO     ___FILE_ONLY___ 1.21.14-gke.7100
2022-10-28 14:38:11,648 INFO     ___FILE_ONLY___   
2022-10-28 14:38:11,648 INFO     ___FILE_ONLY___ 3
2022-10-28 14:38:11,648 INFO     ___FILE_ONLY___           
2022-10-28 14:38:11,648 INFO     ___FILE_ONLY___ RUNNING
2022-10-28 14:38:11,648 INFO     ___FILE_ONLY___ 

2022-10-28 14:38:11,648 INFO     ___FILE_ONLY___ jen-pxc-5956b289-10-cluster7
2022-10-28 14:38:11,648 INFO     ___FILE_ONLY___     
2022-10-28 14:38:11,648 INFO     ___FILE_ONLY___ us-central1-a
2022-10-28 14:38:11,648 INFO     ___FILE_ONLY___    
2022-10-28 14:38:11,648 INFO     ___FILE_ONLY___ 1.21.14-gke.7100
2022-10-28 14:38:11,648 INFO     ___FILE_ONLY___   
2022-10-28 14:38:11,648 INFO     ___FILE_ONLY___ 35.226.147.168
2022-10-28 14:38:11,648 INFO     ___FILE_ONLY___   
2022-10-28 14:38:11,648 INFO     ___FILE_ONLY___ n1-standard-4
2022-10-28 14:38:11,648 INFO     ___FILE_ONLY___   
2022-10-28 14:38:11,648 INFO     ___FILE_ONLY___ 1.21.14-gke.7100
2022-10-28 14:38:11,648 INFO     ___FILE_ONLY___   
2022-10-28 14:38:11,648 INFO     ___FILE_ONLY___ 3
2022-10-28 14:38:11,648 INFO     ___FILE_ONLY___           
2022-10-28 14:38:11,648 INFO     ___FILE_ONLY___ RUNNING
2022-10-28 14:38:11,648 INFO     ___FILE_ONLY___ 

2022-10-28 14:38:11,648 INFO     ___FILE_ONLY___ jen-pxc-5956b289-10-cluster8
2022-10-28 14:38:11,648 INFO     ___FILE_ONLY___     
2022-10-28 14:38:11,648 INFO     ___FILE_ONLY___ us-central1-a
2022-10-28 14:38:11,648 INFO     ___FILE_ONLY___    
2022-10-28 14:38:11,648 INFO     ___FILE_ONLY___ 1.21.14-gke.7100
2022-10-28 14:38:11,649 INFO     ___FILE_ONLY___   
2022-10-28 14:38:11,649 INFO     ___FILE_ONLY___ 35.193.14.12
2022-10-28 14:38:11,649 INFO     ___FILE_ONLY___     
2022-10-28 14:38:11,649 INFO     ___FILE_ONLY___ n1-standard-4
2022-10-28 14:38:11,649 INFO     ___FILE_ONLY___   
2022-10-28 14:38:11,649 INFO     ___FILE_ONLY___ 1.21.14-gke.7100
2022-10-28 14:38:11,649 INFO     ___FILE_ONLY___   
2022-10-28 14:38:11,649 INFO     ___FILE_ONLY___ 3
2022-10-28 14:38:11,649 INFO     ___FILE_ONLY___           
2022-10-28 14:38:11,649 INFO     ___FILE_ONLY___ RUNNING
2022-10-28 14:38:11,649 INFO     ___FILE_ONLY___ 

2022-10-28 14:38:11,649 INFO     ___FILE_ONLY___ jen-pxc-5956b289-10-cluster9
2022-10-28 14:38:11,649 INFO     ___FILE_ONLY___     
2022-10-28 14:38:11,649 INFO     ___FILE_ONLY___ us-central1-a
2022-10-28 14:38:11,649 INFO     ___FILE_ONLY___    
2022-10-28 14:38:11,649 INFO     ___FILE_ONLY___ 1.21.14-gke.7100
2022-10-28 14:38:11,649 INFO     ___FILE_ONLY___   
2022-10-28 14:38:11,649 INFO     ___FILE_ONLY___ 35.223.73.14
2022-10-28 14:38:11,649 INFO     ___FILE_ONLY___     
2022-10-28 14:38:11,649 INFO     ___FILE_ONLY___ n1-standard-4
2022-10-28 14:38:11,649 INFO     ___FILE_ONLY___   
2022-10-28 14:38:11,649 INFO     ___FILE_ONLY___ 1.21.14-gke.7100
2022-10-28 14:38:11,649 INFO     ___FILE_ONLY___   
2022-10-28 14:38:11,649 INFO     ___FILE_ONLY___ 3
2022-10-28 14:38:11,649 INFO     ___FILE_ONLY___           
2022-10-28 14:38:11,649 INFO     ___FILE_ONLY___ RUNNING
2022-10-28 14:38:11,649 INFO     ___FILE_ONLY___ 

2022-10-28 14:38:11,649 INFO     ___FILE_ONLY___ jen-pxc-823cff0c-3-cluster2
2022-10-28 14:38:11,649 INFO     ___FILE_ONLY___      
2022-10-28 14:38:11,649 INFO     ___FILE_ONLY___ us-central1-a
2022-10-28 14:38:11,649 INFO     ___FILE_ONLY___    
2022-10-28 14:38:11,649 INFO     ___FILE_ONLY___ 1.21.14-gke.7100
2022-10-28 14:38:11,649 INFO     ___FILE_ONLY___   
2022-10-28 14:38:11,649 INFO     ___FILE_ONLY___ 35.223.67.112
2022-10-28 14:38:11,649 INFO     ___FILE_ONLY___    
2022-10-28 14:38:11,649 INFO     ___FILE_ONLY___ n1-standard-4
2022-10-28 14:38:11,649 INFO     ___FILE_ONLY___   
2022-10-28 14:38:11,649 INFO     ___FILE_ONLY___ 1.21.14-gke.7100
2022-10-28 14:38:11,649 INFO     ___FILE_ONLY___   
2022-10-28 14:38:11,649 INFO     ___FILE_ONLY___ 3
2022-10-28 14:38:11,649 INFO     ___FILE_ONLY___           
2022-10-28 14:38:11,650 INFO     ___FILE_ONLY___ RUNNING
2022-10-28 14:38:11,650 INFO     ___FILE_ONLY___ 

2022-10-28 14:38:11,650 INFO     ___FILE_ONLY___ jen-pxc-823cff0c-3-cluster4
2022-10-28 14:38:11,650 INFO     ___FILE_ONLY___      
2022-10-28 14:38:11,650 INFO     ___FILE_ONLY___ us-central1-a
2022-10-28 14:38:11,650 INFO     ___FILE_ONLY___    
2022-10-28 14:38:11,650 INFO     ___FILE_ONLY___ 1.21.14-gke.7100
2022-10-28 14:38:11,650 INFO     ___FILE_ONLY___   
2022-10-28 14:38:11,650 INFO     ___FILE_ONLY___ 104.197.102.63
2022-10-28 14:38:11,650 INFO     ___FILE_ONLY___   
2022-10-28 14:38:11,650 INFO     ___FILE_ONLY___ n1-standard-4
2022-10-28 14:38:11,650 INFO     ___FILE_ONLY___   
2022-10-28 14:38:11,650 INFO     ___FILE_ONLY___ 1.21.14-gke.7100
2022-10-28 14:38:11,650 INFO     ___FILE_ONLY___   
2022-10-28 14:38:11,650 INFO     ___FILE_ONLY___ 3
2022-10-28 14:38:11,650 INFO     ___FILE_ONLY___           
2022-10-28 14:38:11,650 INFO     ___FILE_ONLY___ RUNNING
2022-10-28 14:38:11,650 INFO     ___FILE_ONLY___ 

2022-10-28 14:38:11,650 INFO     ___FILE_ONLY___ jen-pxc-823cff0c-3-cluster7
2022-10-28 14:38:11,650 INFO     ___FILE_ONLY___      
2022-10-28 14:38:11,650 INFO     ___FILE_ONLY___ us-central1-a
2022-10-28 14:38:11,650 INFO     ___FILE_ONLY___    
2022-10-28 14:38:11,650 INFO     ___FILE_ONLY___ 1.21.14-gke.7100
2022-10-28 14:38:11,650 INFO     ___FILE_ONLY___   
2022-10-28 14:38:11,650 INFO     ___FILE_ONLY___ 34.67.192.58
2022-10-28 14:38:11,650 INFO     ___FILE_ONLY___     
2022-10-28 14:38:11,650 INFO     ___FILE_ONLY___ n1-standard-4
2022-10-28 14:38:11,650 INFO     ___FILE_ONLY___   
2022-10-28 14:38:11,650 INFO     ___FILE_ONLY___ 1.21.14-gke.7100
2022-10-28 14:38:11,650 INFO     ___FILE_ONLY___   
2022-10-28 14:38:11,650 INFO     ___FILE_ONLY___ 3
2022-10-28 14:38:11,650 INFO     ___FILE_ONLY___           
2022-10-28 14:38:11,650 INFO     ___FILE_ONLY___ RUNNING
2022-10-28 14:38:11,650 INFO     ___FILE_ONLY___ 

2022-10-28 14:38:11,650 INFO     ___FILE_ONLY___ jen-pxc-823cff0c-3-cluster8
2022-10-28 14:38:11,650 INFO     ___FILE_ONLY___      
2022-10-28 14:38:11,650 INFO     ___FILE_ONLY___ us-central1-a
2022-10-28 14:38:11,650 INFO     ___FILE_ONLY___    
2022-10-28 14:38:11,650 INFO     ___FILE_ONLY___ 1.21.14-gke.7100
2022-10-28 14:38:11,650 INFO     ___FILE_ONLY___   
2022-10-28 14:38:11,650 INFO     ___FILE_ONLY___ 35.193.135.178
2022-10-28 14:38:11,650 INFO     ___FILE_ONLY___   
2022-10-28 14:38:11,650 INFO     ___FILE_ONLY___ n1-standard-4
2022-10-28 14:38:11,650 INFO     ___FILE_ONLY___   
2022-10-28 14:38:11,650 INFO     ___FILE_ONLY___ 1.21.14-gke.7100
2022-10-28 14:38:11,650 INFO     ___FILE_ONLY___   
2022-10-28 14:38:11,650 INFO     ___FILE_ONLY___ 3
2022-10-28 14:38:11,650 INFO     ___FILE_ONLY___           
2022-10-28 14:38:11,651 INFO     ___FILE_ONLY___ RUNNING
2022-10-28 14:38:11,651 INFO     ___FILE_ONLY___ 

2022-10-28 14:38:11,651 INFO     ___FILE_ONLY___ jen-pxc-823cff0c-3-cluster9
2022-10-28 14:38:11,651 INFO     ___FILE_ONLY___      
2022-10-28 14:38:11,651 INFO     ___FILE_ONLY___ us-central1-a
2022-10-28 14:38:11,651 INFO     ___FILE_ONLY___    
2022-10-28 14:38:11,651 INFO     ___FILE_ONLY___ 1.21.14-gke.7100
2022-10-28 14:38:11,651 INFO     ___FILE_ONLY___   
2022-10-28 14:38:11,651 INFO     ___FILE_ONLY___ 34.173.243.67
2022-10-28 14:38:11,651 INFO     ___FILE_ONLY___    
2022-10-28 14:38:11,651 INFO     ___FILE_ONLY___ n1-standard-4
2022-10-28 14:38:11,651 INFO     ___FILE_ONLY___   
2022-10-28 14:38:11,651 INFO     ___FILE_ONLY___ 1.21.14-gke.7100
2022-10-28 14:38:11,651 INFO     ___FILE_ONLY___   
2022-10-28 14:38:11,651 INFO     ___FILE_ONLY___ 3
2022-10-28 14:38:11,651 INFO     ___FILE_ONLY___           
2022-10-28 14:38:11,651 INFO     ___FILE_ONLY___ RUNNING
2022-10-28 14:38:11,651 INFO     ___FILE_ONLY___ 

2022-10-28 14:38:11,651 INFO     ___FILE_ONLY___ jenkins-psmdb-3721519b-backups
2022-10-28 14:38:11,651 INFO     ___FILE_ONLY___   
2022-10-28 14:38:11,651 INFO     ___FILE_ONLY___ us-central1-a
2022-10-28 14:38:11,651 INFO     ___FILE_ONLY___    
2022-10-28 14:38:11,651 INFO     ___FILE_ONLY___ 1.21.14-gke.7100
2022-10-28 14:38:11,651 INFO     ___FILE_ONLY___   
2022-10-28 14:38:11,651 INFO     ___FILE_ONLY___ 34.121.129.166
2022-10-28 14:38:11,651 INFO     ___FILE_ONLY___   
2022-10-28 14:38:11,651 INFO     ___FILE_ONLY___ n1-standard-4
2022-10-28 14:38:11,651 INFO     ___FILE_ONLY___   
2022-10-28 14:38:11,651 INFO     ___FILE_ONLY___ 1.21.14-gke.7100
2022-10-28 14:38:11,651 INFO     ___FILE_ONLY___   
2022-10-28 14:38:11,651 INFO     ___FILE_ONLY___ 3
2022-10-28 14:38:11,651 INFO     ___FILE_ONLY___           
2022-10-28 14:38:11,651 INFO     ___FILE_ONLY___ RUNNING
2022-10-28 14:38:11,651 INFO     ___FILE_ONLY___ 

2022-10-28 14:38:11,651 INFO     ___FILE_ONLY___ jenkins-psmdb-3721519b-basic
2022-10-28 14:38:11,651 INFO     ___FILE_ONLY___     
2022-10-28 14:38:11,651 INFO     ___FILE_ONLY___ us-central1-a
2022-10-28 14:38:11,651 INFO     ___FILE_ONLY___    
2022-10-28 14:38:11,651 INFO     ___FILE_ONLY___ 1.21.14-gke.7100
2022-10-28 14:38:11,651 INFO     ___FILE_ONLY___   
2022-10-28 14:38:11,651 INFO     ___FILE_ONLY___ 34.67.150.45
2022-10-28 14:38:11,651 INFO     ___FILE_ONLY___     
2022-10-28 14:38:11,651 INFO     ___FILE_ONLY___ n1-standard-4
2022-10-28 14:38:11,651 INFO     ___FILE_ONLY___   
2022-10-28 14:38:11,651 INFO     ___FILE_ONLY___ 1.21.14-gke.7100
2022-10-28 14:38:11,651 INFO     ___FILE_ONLY___   
2022-10-28 14:38:11,651 INFO     ___FILE_ONLY___ 3
2022-10-28 14:38:11,651 INFO     ___FILE_ONLY___           
2022-10-28 14:38:11,652 INFO     ___FILE_ONLY___ RUNNING
2022-10-28 14:38:11,652 INFO     ___FILE_ONLY___ 

2022-10-28 14:38:11,652 INFO     ___FILE_ONLY___ jenkins-pso-105593d-cluster1
2022-10-28 14:38:11,652 INFO     ___FILE_ONLY___     
2022-10-28 14:38:11,652 INFO     ___FILE_ONLY___ us-central1-a
2022-10-28 14:38:11,652 INFO     ___FILE_ONLY___    
2022-10-28 14:38:11,652 INFO     ___FILE_ONLY___ 1.21.14-gke.7100
2022-10-28 14:38:11,652 INFO     ___FILE_ONLY___   
2022-10-28 14:38:11,652 INFO     ___FILE_ONLY___ 34.67.46.67
2022-10-28 14:38:11,652 INFO     ___FILE_ONLY___      
2022-10-28 14:38:11,652 INFO     ___FILE_ONLY___ n1-standard-4
2022-10-28 14:38:11,652 INFO     ___FILE_ONLY___   
2022-10-28 14:38:11,652 INFO     ___FILE_ONLY___ 1.21.14-gke.7100
2022-10-28 14:38:11,652 INFO     ___FILE_ONLY___   
2022-10-28 14:38:11,652 INFO     ___FILE_ONLY___ 3
2022-10-28 14:38:11,652 INFO     ___FILE_ONLY___           
2022-10-28 14:38:11,652 INFO     ___FILE_ONLY___ RUNNING
2022-10-28 14:38:11,652 INFO     ___FILE_ONLY___ 

2022-10-28 14:38:11,652 INFO     ___FILE_ONLY___ jenkins-pso-105593d-cluster2
2022-10-28 14:38:11,652 INFO     ___FILE_ONLY___     
2022-10-28 14:38:11,652 INFO     ___FILE_ONLY___ us-central1-a
2022-10-28 14:38:11,652 INFO     ___FILE_ONLY___    
2022-10-28 14:38:11,652 INFO     ___FILE_ONLY___ 1.21.14-gke.7100
2022-10-28 14:38:11,652 INFO     ___FILE_ONLY___   
2022-10-28 14:38:11,652 INFO     ___FILE_ONLY___ 34.68.139.26
2022-10-28 14:38:11,652 INFO     ___FILE_ONLY___     
2022-10-28 14:38:11,652 INFO     ___FILE_ONLY___ n1-standard-4
2022-10-28 14:38:11,652 INFO     ___FILE_ONLY___   
2022-10-28 14:38:11,652 INFO     ___FILE_ONLY___ 1.21.14-gke.7100
2022-10-28 14:38:11,652 INFO     ___FILE_ONLY___              
2022-10-28 14:38:11,652 INFO     ___FILE_ONLY___ PROVISIONING
2022-10-28 14:38:11,652 INFO     ___FILE_ONLY___ 

2022-10-28 14:38:11,652 INFO     ___FILE_ONLY___ jenkins-pso-105593d-cluster3
2022-10-28 14:38:11,652 INFO     ___FILE_ONLY___     
2022-10-28 14:38:11,652 INFO     ___FILE_ONLY___ us-central1-a
2022-10-28 14:38:11,652 INFO     ___FILE_ONLY___    
2022-10-28 14:38:11,652 INFO     ___FILE_ONLY___ 1.21.14-gke.7100
2022-10-28 14:38:11,652 INFO     ___FILE_ONLY___   
2022-10-28 14:38:11,652 INFO     ___FILE_ONLY___ 35.225.71.205
2022-10-28 14:38:11,652 INFO     ___FILE_ONLY___    
2022-10-28 14:38:11,652 INFO     ___FILE_ONLY___ n1-standard-4
2022-10-28 14:38:11,652 INFO     ___FILE_ONLY___   
2022-10-28 14:38:11,652 INFO     ___FILE_ONLY___ 1.21.14-gke.7100
2022-10-28 14:38:11,652 INFO     ___FILE_ONLY___              
2022-10-28 14:38:11,652 INFO     ___FILE_ONLY___ PROVISIONING
2022-10-28 14:38:11,652 INFO     ___FILE_ONLY___ 

2022-10-28 14:38:11,652 INFO     ___FILE_ONLY___ jenkins-pso-1103e2b-cluster1
2022-10-28 14:38:11,653 INFO     ___FILE_ONLY___     
2022-10-28 14:38:11,653 INFO     ___FILE_ONLY___ us-central1-a
2022-10-28 14:38:11,653 INFO     ___FILE_ONLY___    
2022-10-28 14:38:11,653 INFO     ___FILE_ONLY___ 1.21.14-gke.7100
2022-10-28 14:38:11,653 INFO     ___FILE_ONLY___   
2022-10-28 14:38:11,653 INFO     ___FILE_ONLY___ 34.69.198.88
2022-10-28 14:38:11,653 INFO     ___FILE_ONLY___     
2022-10-28 14:38:11,653 INFO     ___FILE_ONLY___ n1-standard-4
2022-10-28 14:38:11,653 INFO     ___FILE_ONLY___   
2022-10-28 14:38:11,653 INFO     ___FILE_ONLY___ 1.21.14-gke.7100
2022-10-28 14:38:11,653 INFO     ___FILE_ONLY___   
2022-10-28 14:38:11,653 INFO     ___FILE_ONLY___ 3
2022-10-28 14:38:11,653 INFO     ___FILE_ONLY___           
2022-10-28 14:38:11,653 INFO     ___FILE_ONLY___ RUNNING
2022-10-28 14:38:11,653 INFO     ___FILE_ONLY___ 

2022-10-28 14:38:11,653 INFO     ___FILE_ONLY___ jenkins-pso-1103e2b-cluster2
2022-10-28 14:38:11,653 INFO     ___FILE_ONLY___     
2022-10-28 14:38:11,653 INFO     ___FILE_ONLY___ us-central1-a
2022-10-28 14:38:11,653 INFO     ___FILE_ONLY___    
2022-10-28 14:38:11,653 INFO     ___FILE_ONLY___ 1.21.14-gke.7100
2022-10-28 14:38:11,653 INFO     ___FILE_ONLY___   
2022-10-28 14:38:11,653 INFO     ___FILE_ONLY___ 34.121.79.225
2022-10-28 14:38:11,653 INFO     ___FILE_ONLY___    
2022-10-28 14:38:11,653 INFO     ___FILE_ONLY___ n1-standard-4
2022-10-28 14:38:11,653 INFO     ___FILE_ONLY___   
2022-10-28 14:38:11,653 INFO     ___FILE_ONLY___ 1.21.14-gke.7100
2022-10-28 14:38:11,653 INFO     ___FILE_ONLY___   
2022-10-28 14:38:11,653 INFO     ___FILE_ONLY___ 3
2022-10-28 14:38:11,653 INFO     ___FILE_ONLY___           
2022-10-28 14:38:11,653 INFO     ___FILE_ONLY___ RUNNING
2022-10-28 14:38:11,653 INFO     ___FILE_ONLY___ 

2022-10-28 14:38:11,653 INFO     ___FILE_ONLY___ jenkins-pso-1103e2b-cluster3
2022-10-28 14:38:11,653 INFO     ___FILE_ONLY___     
2022-10-28 14:38:11,653 INFO     ___FILE_ONLY___ us-central1-a
2022-10-28 14:38:11,653 INFO     ___FILE_ONLY___    
2022-10-28 14:38:11,653 INFO     ___FILE_ONLY___ 1.21.14-gke.7100
2022-10-28 14:38:11,653 INFO     ___FILE_ONLY___   
2022-10-28 14:38:11,653 INFO     ___FILE_ONLY___ 35.202.66.183
2022-10-28 14:38:11,653 INFO     ___FILE_ONLY___    
2022-10-28 14:38:11,653 INFO     ___FILE_ONLY___ n1-standard-4
2022-10-28 14:38:11,653 INFO     ___FILE_ONLY___   
2022-10-28 14:38:11,653 INFO     ___FILE_ONLY___ 1.21.14-gke.7100
2022-10-28 14:38:11,653 INFO     ___FILE_ONLY___   
2022-10-28 14:38:11,653 INFO     ___FILE_ONLY___ 3
2022-10-28 14:38:11,653 INFO     ___FILE_ONLY___           
2022-10-28 14:38:11,653 INFO     ___FILE_ONLY___ RUNNING
2022-10-28 14:38:11,653 INFO     ___FILE_ONLY___ 

2022-10-28 14:38:11,654 INFO     ___FILE_ONLY___ jenkins-pso-3e946d3-cluster1
2022-10-28 14:38:11,654 INFO     ___FILE_ONLY___     
2022-10-28 14:38:11,654 INFO     ___FILE_ONLY___ us-central1-a
2022-10-28 14:38:11,654 INFO     ___FILE_ONLY___    
2022-10-28 14:38:11,654 INFO     ___FILE_ONLY___ 1.21.14-gke.7100
2022-10-28 14:38:11,654 INFO     ___FILE_ONLY___   
2022-10-28 14:38:11,654 INFO     ___FILE_ONLY___ 35.224.248.46
2022-10-28 14:38:11,654 INFO     ___FILE_ONLY___    
2022-10-28 14:38:11,654 INFO     ___FILE_ONLY___ n1-standard-4
2022-10-28 14:38:11,654 INFO     ___FILE_ONLY___   
2022-10-28 14:38:11,654 INFO     ___FILE_ONLY___ 1.21.14-gke.7100
2022-10-28 14:38:11,654 INFO     ___FILE_ONLY___   
2022-10-28 14:38:11,654 INFO     ___FILE_ONLY___ 3
2022-10-28 14:38:11,654 INFO     ___FILE_ONLY___           
2022-10-28 14:38:11,654 INFO     ___FILE_ONLY___ RUNNING
2022-10-28 14:38:11,654 INFO     ___FILE_ONLY___ 

2022-10-28 14:38:11,654 INFO     ___FILE_ONLY___ jenkins-pso-3e946d3-cluster2
2022-10-28 14:38:11,654 INFO     ___FILE_ONLY___     
2022-10-28 14:38:11,654 INFO     ___FILE_ONLY___ us-central1-a
2022-10-28 14:38:11,654 INFO     ___FILE_ONLY___    
2022-10-28 14:38:11,654 INFO     ___FILE_ONLY___ 1.21.14-gke.7100
2022-10-28 14:38:11,654 INFO     ___FILE_ONLY___   
2022-10-28 14:38:11,654 INFO     ___FILE_ONLY___ 34.121.97.200
2022-10-28 14:38:11,654 INFO     ___FILE_ONLY___    
2022-10-28 14:38:11,654 INFO     ___FILE_ONLY___ n1-standard-4
2022-10-28 14:38:11,654 INFO     ___FILE_ONLY___   
2022-10-28 14:38:11,654 INFO     ___FILE_ONLY___ 1.21.14-gke.7100
2022-10-28 14:38:11,654 INFO     ___FILE_ONLY___   
2022-10-28 14:38:11,654 INFO     ___FILE_ONLY___ 3
2022-10-28 14:38:11,654 INFO     ___FILE_ONLY___           
2022-10-28 14:38:11,654 INFO     ___FILE_ONLY___ RUNNING
2022-10-28 14:38:11,654 INFO     ___FILE_ONLY___ 

2022-10-28 14:38:11,654 INFO     ___FILE_ONLY___ jenkins-pso-3e946d3-cluster3
2022-10-28 14:38:11,654 INFO     ___FILE_ONLY___     
2022-10-28 14:38:11,654 INFO     ___FILE_ONLY___ us-central1-a
2022-10-28 14:38:11,654 INFO     ___FILE_ONLY___    
2022-10-28 14:38:11,654 INFO     ___FILE_ONLY___ 1.21.14-gke.7100
2022-10-28 14:38:11,654 INFO     ___FILE_ONLY___   
2022-10-28 14:38:11,654 INFO     ___FILE_ONLY___ 35.222.11.190
2022-10-28 14:38:11,654 INFO     ___FILE_ONLY___    
2022-10-28 14:38:11,654 INFO     ___FILE_ONLY___ n1-standard-4
2022-10-28 14:38:11,654 INFO     ___FILE_ONLY___   
2022-10-28 14:38:11,654 INFO     ___FILE_ONLY___ 1.21.14-gke.7100
2022-10-28 14:38:11,654 INFO     ___FILE_ONLY___   
2022-10-28 14:38:11,654 INFO     ___FILE_ONLY___ 3
2022-10-28 14:38:11,654 INFO     ___FILE_ONLY___           
2022-10-28 14:38:11,654 INFO     ___FILE_ONLY___ RUNNING
2022-10-28 14:38:11,654 INFO     ___FILE_ONLY___ 

2022-10-28 14:38:11,654 INFO     ___FILE_ONLY___ jenkins-pso-73e2c86-cluster1
2022-10-28 14:38:11,655 INFO     ___FILE_ONLY___     
2022-10-28 14:38:11,655 INFO     ___FILE_ONLY___ us-central1-a
2022-10-28 14:38:11,655 INFO     ___FILE_ONLY___    
2022-10-28 14:38:11,655 INFO     ___FILE_ONLY___ 1.21.14-gke.7100
2022-10-28 14:38:11,655 INFO     ___FILE_ONLY___   
2022-10-28 14:38:11,655 INFO     ___FILE_ONLY___ 34.122.238.217
2022-10-28 14:38:11,655 INFO     ___FILE_ONLY___   
2022-10-28 14:38:11,655 INFO     ___FILE_ONLY___ n1-standard-4
2022-10-28 14:38:11,655 INFO     ___FILE_ONLY___   
2022-10-28 14:38:11,655 INFO     ___FILE_ONLY___ 1.21.14-gke.7100
2022-10-28 14:38:11,655 INFO     ___FILE_ONLY___   
2022-10-28 14:38:11,655 INFO     ___FILE_ONLY___ 3
2022-10-28 14:38:11,655 INFO     ___FILE_ONLY___           
2022-10-28 14:38:11,655 INFO     ___FILE_ONLY___ RUNNING
2022-10-28 14:38:11,655 INFO     ___FILE_ONLY___ 

2022-10-28 14:38:11,655 INFO     ___FILE_ONLY___ jenkins-pso-73e2c86-cluster2
2022-10-28 14:38:11,655 INFO     ___FILE_ONLY___     
2022-10-28 14:38:11,655 INFO     ___FILE_ONLY___ us-central1-a
2022-10-28 14:38:11,655 INFO     ___FILE_ONLY___    
2022-10-28 14:38:11,655 INFO     ___FILE_ONLY___ 1.21.14-gke.7100
2022-10-28 14:38:11,655 INFO     ___FILE_ONLY___   
2022-10-28 14:38:11,655 INFO     ___FILE_ONLY___ 34.134.50.14
2022-10-28 14:38:11,655 INFO     ___FILE_ONLY___     
2022-10-28 14:38:11,655 INFO     ___FILE_ONLY___ n1-standard-4
2022-10-28 14:38:11,655 INFO     ___FILE_ONLY___   
2022-10-28 14:38:11,655 INFO     ___FILE_ONLY___ 1.21.14-gke.7100
2022-10-28 14:38:11,655 INFO     ___FILE_ONLY___   
2022-10-28 14:38:11,655 INFO     ___FILE_ONLY___ 3
2022-10-28 14:38:11,655 INFO     ___FILE_ONLY___           
2022-10-28 14:38:11,655 INFO     ___FILE_ONLY___ RUNNING
2022-10-28 14:38:11,655 INFO     ___FILE_ONLY___ 

2022-10-28 14:38:11,655 INFO     ___FILE_ONLY___ jenkins-pso-73e2c86-cluster3
2022-10-28 14:38:11,655 INFO     ___FILE_ONLY___     
2022-10-28 14:38:11,655 INFO     ___FILE_ONLY___ us-central1-a
2022-10-28 14:38:11,655 INFO     ___FILE_ONLY___    
2022-10-28 14:38:11,655 INFO     ___FILE_ONLY___ 1.21.14-gke.7100
2022-10-28 14:38:11,655 INFO     ___FILE_ONLY___   
2022-10-28 14:38:11,655 INFO     ___FILE_ONLY___ 34.70.212.227
2022-10-28 14:38:11,655 INFO     ___FILE_ONLY___    
2022-10-28 14:38:11,655 INFO     ___FILE_ONLY___ n1-standard-4
2022-10-28 14:38:11,655 INFO     ___FILE_ONLY___   
2022-10-28 14:38:11,655 INFO     ___FILE_ONLY___ 1.21.14-gke.7100
2022-10-28 14:38:11,655 INFO     ___FILE_ONLY___   
2022-10-28 14:38:11,655 INFO     ___FILE_ONLY___ 3
2022-10-28 14:38:11,655 INFO     ___FILE_ONLY___           
2022-10-28 14:38:11,655 INFO     ___FILE_ONLY___ RUNNING
2022-10-28 14:38:11,655 INFO     ___FILE_ONLY___ 

2022-10-28 14:38:11,655 INFO     ___FILE_ONLY___ jenkins-pso-9003085-cluster1
2022-10-28 14:38:11,656 INFO     ___FILE_ONLY___     
2022-10-28 14:38:11,656 INFO     ___FILE_ONLY___ us-central1-a
2022-10-28 14:38:11,656 INFO     ___FILE_ONLY___    
2022-10-28 14:38:11,656 INFO     ___FILE_ONLY___ 1.21.14-gke.7100
2022-10-28 14:38:11,656 INFO     ___FILE_ONLY___   
2022-10-28 14:38:11,656 INFO     ___FILE_ONLY___ 104.198.30.172
2022-10-28 14:38:11,656 INFO     ___FILE_ONLY___   
2022-10-28 14:38:11,656 INFO     ___FILE_ONLY___ n1-standard-4
2022-10-28 14:38:11,656 INFO     ___FILE_ONLY___   
2022-10-28 14:38:11,656 INFO     ___FILE_ONLY___ 1.21.14-gke.7100
2022-10-28 14:38:11,656 INFO     ___FILE_ONLY___   
2022-10-28 14:38:11,656 INFO     ___FILE_ONLY___ 3
2022-10-28 14:38:11,656 INFO     ___FILE_ONLY___           
2022-10-28 14:38:11,656 INFO     ___FILE_ONLY___ RUNNING
2022-10-28 14:38:11,656 INFO     ___FILE_ONLY___ 

2022-10-28 14:38:11,656 INFO     ___FILE_ONLY___ jenkins-pso-9003085-cluster2
2022-10-28 14:38:11,656 INFO     ___FILE_ONLY___     
2022-10-28 14:38:11,656 INFO     ___FILE_ONLY___ us-central1-a
2022-10-28 14:38:11,656 INFO     ___FILE_ONLY___    
2022-10-28 14:38:11,656 INFO     ___FILE_ONLY___ 1.21.14-gke.7100
2022-10-28 14:38:11,656 INFO     ___FILE_ONLY___   
2022-10-28 14:38:11,656 INFO     ___FILE_ONLY___ 35.202.209.112
2022-10-28 14:38:11,656 INFO     ___FILE_ONLY___   
2022-10-28 14:38:11,656 INFO     ___FILE_ONLY___ n1-standard-4
2022-10-28 14:38:11,656 INFO     ___FILE_ONLY___   
2022-10-28 14:38:11,656 INFO     ___FILE_ONLY___ 1.21.14-gke.7100
2022-10-28 14:38:11,656 INFO     ___FILE_ONLY___   
2022-10-28 14:38:11,656 INFO     ___FILE_ONLY___ 3
2022-10-28 14:38:11,656 INFO     ___FILE_ONLY___           
2022-10-28 14:38:11,656 INFO     ___FILE_ONLY___ RUNNING
2022-10-28 14:38:11,656 INFO     ___FILE_ONLY___ 

2022-10-28 14:38:11,656 INFO     ___FILE_ONLY___ jenkins-pso-9003085-cluster3
2022-10-28 14:38:11,656 INFO     ___FILE_ONLY___     
2022-10-28 14:38:11,656 INFO     ___FILE_ONLY___ us-central1-a
2022-10-28 14:38:11,656 INFO     ___FILE_ONLY___    
2022-10-28 14:38:11,656 INFO     ___FILE_ONLY___ 1.21.14-gke.7100
2022-10-28 14:38:11,656 INFO     ___FILE_ONLY___   
2022-10-28 14:38:11,656 INFO     ___FILE_ONLY___ 34.170.180.157
2022-10-28 14:38:11,656 INFO     ___FILE_ONLY___   
2022-10-28 14:38:11,656 INFO     ___FILE_ONLY___ n1-standard-4
2022-10-28 14:38:11,656 INFO     ___FILE_ONLY___   
2022-10-28 14:38:11,656 INFO     ___FILE_ONLY___ 1.21.14-gke.7100
2022-10-28 14:38:11,656 INFO     ___FILE_ONLY___   
2022-10-28 14:38:11,656 INFO     ___FILE_ONLY___ 3
2022-10-28 14:38:11,656 INFO     ___FILE_ONLY___           
2022-10-28 14:38:11,656 INFO     ___FILE_ONLY___ RUNNING
2022-10-28 14:38:11,656 INFO     ___FILE_ONLY___ 

2022-10-28 14:38:11,656 INFO     ___FILE_ONLY___ jenkins-pso-ab59cd9-cluster1
2022-10-28 14:38:11,656 INFO     ___FILE_ONLY___     
2022-10-28 14:38:11,656 INFO     ___FILE_ONLY___ us-central1-a
2022-10-28 14:38:11,656 INFO     ___FILE_ONLY___    
2022-10-28 14:38:11,657 INFO     ___FILE_ONLY___ 1.21.14-gke.7100
2022-10-28 14:38:11,657 INFO     ___FILE_ONLY___   
2022-10-28 14:38:11,657 INFO     ___FILE_ONLY___ 34.133.210.200
2022-10-28 14:38:11,657 INFO     ___FILE_ONLY___   
2022-10-28 14:38:11,657 INFO     ___FILE_ONLY___ n1-standard-4
2022-10-28 14:38:11,657 INFO     ___FILE_ONLY___   
2022-10-28 14:38:11,657 INFO     ___FILE_ONLY___ 1.21.14-gke.7100
2022-10-28 14:38:11,657 INFO     ___FILE_ONLY___   
2022-10-28 14:38:11,657 INFO     ___FILE_ONLY___ 3
2022-10-28 14:38:11,657 INFO     ___FILE_ONLY___           
2022-10-28 14:38:11,657 INFO     ___FILE_ONLY___ RUNNING
2022-10-28 14:38:11,657 INFO     ___FILE_ONLY___ 

2022-10-28 14:38:11,657 INFO     ___FILE_ONLY___ jenkins-pso-ab59cd9-cluster2
2022-10-28 14:38:11,657 INFO     ___FILE_ONLY___     
2022-10-28 14:38:11,657 INFO     ___FILE_ONLY___ us-central1-a
2022-10-28 14:38:11,657 INFO     ___FILE_ONLY___    
2022-10-28 14:38:11,657 INFO     ___FILE_ONLY___ 1.21.14-gke.7100
2022-10-28 14:38:11,657 INFO     ___FILE_ONLY___   
2022-10-28 14:38:11,657 INFO     ___FILE_ONLY___ 35.193.140.121
2022-10-28 14:38:11,657 INFO     ___FILE_ONLY___   
2022-10-28 14:38:11,657 INFO     ___FILE_ONLY___ n1-standard-4
2022-10-28 14:38:11,657 INFO     ___FILE_ONLY___   
2022-10-28 14:38:11,657 INFO     ___FILE_ONLY___ 1.21.14-gke.7100
2022-10-28 14:38:11,657 INFO     ___FILE_ONLY___   
2022-10-28 14:38:11,657 INFO     ___FILE_ONLY___ 3
2022-10-28 14:38:11,657 INFO     ___FILE_ONLY___           
2022-10-28 14:38:11,657 INFO     ___FILE_ONLY___ RUNNING
2022-10-28 14:38:11,657 INFO     ___FILE_ONLY___ 

2022-10-28 14:38:11,657 INFO     ___FILE_ONLY___ jenkins-pso-ab59cd9-cluster3
2022-10-28 14:38:11,657 INFO     ___FILE_ONLY___     
2022-10-28 14:38:11,657 INFO     ___FILE_ONLY___ us-central1-a
2022-10-28 14:38:11,657 INFO     ___FILE_ONLY___    
2022-10-28 14:38:11,657 INFO     ___FILE_ONLY___ 1.21.14-gke.7100
2022-10-28 14:38:11,657 INFO     ___FILE_ONLY___   
2022-10-28 14:38:11,657 INFO     ___FILE_ONLY___ 35.226.233.108
2022-10-28 14:38:11,657 INFO     ___FILE_ONLY___   
2022-10-28 14:38:11,657 INFO     ___FILE_ONLY___ n1-standard-4
2022-10-28 14:38:11,657 INFO     ___FILE_ONLY___   
2022-10-28 14:38:11,657 INFO     ___FILE_ONLY___ 1.21.14-gke.7100
2022-10-28 14:38:11,657 INFO     ___FILE_ONLY___   
2022-10-28 14:38:11,657 INFO     ___FILE_ONLY___ 3
2022-10-28 14:38:11,657 INFO     ___FILE_ONLY___           
2022-10-28 14:38:11,657 INFO     ___FILE_ONLY___ RUNNING
2022-10-28 14:38:11,657 INFO     ___FILE_ONLY___ 

2022-10-28 14:38:11,657 INFO     ___FILE_ONLY___ jenkins-pso-d216cc4-cluster1
2022-10-28 14:38:11,657 INFO     ___FILE_ONLY___     
2022-10-28 14:38:11,657 INFO     ___FILE_ONLY___ us-central1-a
2022-10-28 14:38:11,657 INFO     ___FILE_ONLY___    
2022-10-28 14:38:11,657 INFO     ___FILE_ONLY___ 1.21.14-gke.7100
2022-10-28 14:38:11,657 INFO     ___FILE_ONLY___   
2022-10-28 14:38:11,658 INFO     ___FILE_ONLY___ 34.122.91.114
2022-10-28 14:38:11,658 INFO     ___FILE_ONLY___    
2022-10-28 14:38:11,658 INFO     ___FILE_ONLY___ n1-standard-4
2022-10-28 14:38:11,658 INFO     ___FILE_ONLY___   
2022-10-28 14:38:11,658 INFO     ___FILE_ONLY___ 1.21.14-gke.7100
2022-10-28 14:38:11,658 INFO     ___FILE_ONLY___   
2022-10-28 14:38:11,658 INFO     ___FILE_ONLY___ 3
2022-10-28 14:38:11,658 INFO     ___FILE_ONLY___           
2022-10-28 14:38:11,658 INFO     ___FILE_ONLY___ RUNNING
2022-10-28 14:38:11,658 INFO     ___FILE_ONLY___ 

2022-10-28 14:38:11,658 INFO     ___FILE_ONLY___ jenkins-pso-d216cc4-cluster2
2022-10-28 14:38:11,658 INFO     ___FILE_ONLY___     
2022-10-28 14:38:11,658 INFO     ___FILE_ONLY___ us-central1-a
2022-10-28 14:38:11,658 INFO     ___FILE_ONLY___    
2022-10-28 14:38:11,658 INFO     ___FILE_ONLY___ 1.21.14-gke.7100
2022-10-28 14:38:11,658 INFO     ___FILE_ONLY___   
2022-10-28 14:38:11,658 INFO     ___FILE_ONLY___ 34.66.180.3
2022-10-28 14:38:11,658 INFO     ___FILE_ONLY___      
2022-10-28 14:38:11,658 INFO     ___FILE_ONLY___ n1-standard-4
2022-10-28 14:38:11,658 INFO     ___FILE_ONLY___   
2022-10-28 14:38:11,658 INFO     ___FILE_ONLY___ 1.21.14-gke.7100
2022-10-28 14:38:11,658 INFO     ___FILE_ONLY___   
2022-10-28 14:38:11,658 INFO     ___FILE_ONLY___ 3
2022-10-28 14:38:11,658 INFO     ___FILE_ONLY___           
2022-10-28 14:38:11,658 INFO     ___FILE_ONLY___ RUNNING
2022-10-28 14:38:11,658 INFO     ___FILE_ONLY___ 

2022-10-28 14:38:11,658 INFO     ___FILE_ONLY___ jenkins-pso-d216cc4-cluster3
2022-10-28 14:38:11,658 INFO     ___FILE_ONLY___     
2022-10-28 14:38:11,658 INFO     ___FILE_ONLY___ us-central1-a
2022-10-28 14:38:11,658 INFO     ___FILE_ONLY___    
2022-10-28 14:38:11,658 INFO     ___FILE_ONLY___ 1.21.14-gke.7100
2022-10-28 14:38:11,658 INFO     ___FILE_ONLY___   
2022-10-28 14:38:11,658 INFO     ___FILE_ONLY___ 34.72.55.191
2022-10-28 14:38:11,658 INFO     ___FILE_ONLY___     
2022-10-28 14:38:11,658 INFO     ___FILE_ONLY___ n1-standard-4
2022-10-28 14:38:11,658 INFO     ___FILE_ONLY___   
2022-10-28 14:38:11,658 INFO     ___FILE_ONLY___ 1.21.14-gke.7100
2022-10-28 14:38:11,658 INFO     ___FILE_ONLY___   
2022-10-28 14:38:11,658 INFO     ___FILE_ONLY___ 3
2022-10-28 14:38:11,658 INFO     ___FILE_ONLY___           
2022-10-28 14:38:11,658 INFO     ___FILE_ONLY___ RUNNING
2022-10-28 14:38:11,658 INFO     ___FILE_ONLY___ 

2022-10-28 14:38:11,658 INFO     ___FILE_ONLY___ jenkins-pxc-62f4bb33-cluster6
2022-10-28 14:38:11,658 INFO     ___FILE_ONLY___    
2022-10-28 14:38:11,658 INFO     ___FILE_ONLY___ us-central1-a
2022-10-28 14:38:11,658 INFO     ___FILE_ONLY___    
2022-10-28 14:38:11,658 INFO     ___FILE_ONLY___ 1.21.14-gke.7100
2022-10-28 14:38:11,658 INFO     ___FILE_ONLY___   
2022-10-28 14:38:11,659 INFO     ___FILE_ONLY___ 34.172.12.254
2022-10-28 14:38:11,659 INFO     ___FILE_ONLY___    
2022-10-28 14:38:11,659 INFO     ___FILE_ONLY___ n1-standard-4
2022-10-28 14:38:11,659 INFO     ___FILE_ONLY___   
2022-10-28 14:38:11,659 INFO     ___FILE_ONLY___ 1.21.14-gke.7100
2022-10-28 14:38:11,659 INFO     ___FILE_ONLY___   
2022-10-28 14:38:11,659 INFO     ___FILE_ONLY___ 3
2022-10-28 14:38:11,659 INFO     ___FILE_ONLY___           
2022-10-28 14:38:11,659 INFO     ___FILE_ONLY___ RUNNING
2022-10-28 14:38:11,659 INFO     ___FILE_ONLY___ 

2022-10-28 14:38:11,659 INFO     ___FILE_ONLY___ plavi-122
2022-10-28 14:38:11,659 INFO     ___FILE_ONLY___                        
2022-10-28 14:38:11,659 INFO     ___FILE_ONLY___ us-central1-a
2022-10-28 14:38:11,659 INFO     ___FILE_ONLY___    
2022-10-28 14:38:11,659 INFO     ___FILE_ONLY___ 1.22.15-gke.100
2022-10-28 14:38:11,659 INFO     ___FILE_ONLY___    
2022-10-28 14:38:11,659 INFO     ___FILE_ONLY___ 34.173.78.161
2022-10-28 14:38:11,659 INFO     ___FILE_ONLY___    
2022-10-28 14:38:11,659 INFO     ___FILE_ONLY___ n1-standard-4
2022-10-28 14:38:11,659 INFO     ___FILE_ONLY___   
2022-10-28 14:38:11,659 INFO     ___FILE_ONLY___ 1.22.15-gke.100
2022-10-28 14:38:11,659 INFO     ___FILE_ONLY___    
2022-10-28 14:38:11,659 INFO     ___FILE_ONLY___ 3
2022-10-28 14:38:11,659 INFO     ___FILE_ONLY___           
2022-10-28 14:38:11,659 INFO     ___FILE_ONLY___ RUNNING
2022-10-28 14:38:11,659 INFO     ___FILE_ONLY___ 

2022-10-28 14:38:11,659 INFO     ___FILE_ONLY___ spronin-1337
2022-10-28 14:38:11,659 INFO     ___FILE_ONLY___                     
2022-10-28 14:38:11,659 INFO     ___FILE_ONLY___ us-central1-a
2022-10-28 14:38:11,659 INFO     ___FILE_ONLY___    
2022-10-28 14:38:11,659 INFO     ___FILE_ONLY___ 1.21.14-gke.7100
2022-10-28 14:38:11,659 INFO     ___FILE_ONLY___   
2022-10-28 14:38:11,659 INFO     ___FILE_ONLY___ 34.170.235.232
2022-10-28 14:38:11,659 INFO     ___FILE_ONLY___   
2022-10-28 14:38:11,659 INFO     ___FILE_ONLY___ n1-standard-4
2022-10-28 14:38:11,659 INFO     ___FILE_ONLY___   
2022-10-28 14:38:11,659 INFO     ___FILE_ONLY___ 1.21.14-gke.7100
2022-10-28 14:38:11,659 INFO     ___FILE_ONLY___   
2022-10-28 14:38:11,659 INFO     ___FILE_ONLY___ 3
2022-10-28 14:38:11,659 INFO     ___FILE_ONLY___           
2022-10-28 14:38:11,659 INFO     ___FILE_ONLY___ RUNNING
2022-10-28 14:38:11,659 INFO     ___FILE_ONLY___ 

2022-10-28 14:38:11,659 INFO     ___FILE_ONLY___ cap-666
2022-10-28 14:38:11,659 INFO     ___FILE_ONLY___                          
2022-10-28 14:38:11,659 INFO     ___FILE_ONLY___ us-central1-c
2022-10-28 14:38:11,659 INFO     ___FILE_ONLY___    
2022-10-28 14:38:11,660 INFO     ___FILE_ONLY___ 1.21.14-gke.8500
2022-10-28 14:38:11,660 INFO     ___FILE_ONLY___   
2022-10-28 14:38:11,660 INFO     ___FILE_ONLY___ 35.224.166.162
2022-10-28 14:38:11,660 INFO     ___FILE_ONLY___   
2022-10-28 14:38:11,660 INFO     ___FILE_ONLY___ n1-standard-4
2022-10-28 14:38:11,660 INFO     ___FILE_ONLY___   
2022-10-28 14:38:11,660 INFO     ___FILE_ONLY___ 1.21.14-gke.8500
2022-10-28 14:38:11,660 INFO     ___FILE_ONLY___   
2022-10-28 14:38:11,660 INFO     ___FILE_ONLY___ 3
2022-10-28 14:38:11,660 INFO     ___FILE_ONLY___           
2022-10-28 14:38:11,660 INFO     ___FILE_ONLY___ RUNNING
2022-10-28 14:38:11,660 INFO     ___FILE_ONLY___ 

2022-10-28 14:38:11,669 DEBUG    root            Metrics reporting process started...
