2022-10-28 16:03:56,106 DEBUG    root            Loaded Command Group: ['gcloud', 'config']
2022-10-28 16:03:56,108 DEBUG    root            Loaded Command Group: ['gcloud', 'config', 'config_helper']
2022-10-28 16:03:56,109 DEBUG    root            Running [gcloud.config.config-helper] with arguments: [--format: "json"]
2022-10-28 16:03:56,164 DEBUG    google.auth.transport.requests Making request: POST https://oauth2.googleapis.com/token
2022-10-28 16:03:56,203 DEBUG    urllib3.connectionpool Starting new HTTPS connection (1): oauth2.googleapis.com:443
2022-10-28 16:03:56,523 DEBUG    urllib3.connectionpool https://oauth2.googleapis.com:443 "POST /token HTTP/1.1" 200 None
2022-10-28 16:03:56,535 INFO     root            Display format: "default json"
2022-10-28 16:03:56,536 INFO     ___FILE_ONLY___ {
  "configuration": {
    "active_configuration": "percona-cloud-dev",
    "properties": {
      "core": {
        "account": "inel.pandzic@percona.com",
        "disable_usage_reporting": "False",
        "project": "cloud-dev-112233"
      }
    }
  },
  "credential": {
    "access_token": "ya29.a0Aa4xrXPJptDZMFH8Fxim7sim9Dm23cBkufSHf4d64Gk4GsKtiE64vMt6oM-QyZj9lzx7sXHr2YQ2VbWe23oFOMFAAF4mr3enZZyOJ4Kp2ys1cu03LIxB7okyx1GkwscTb0w9tdJP6LR1irIReYhIuk3kiuiF1H_pdq5aOLMaCgYKATASARESFQEjDvL9pYZucABJq7k1KdZ5pyyZeg0174",
    "id_token": "eyJhbGciOiJSUzI1NiIsImtpZCI6Ijc3Y2MwZWY0YzcxODFjZjRjMGRjZWY3YjYwYWUyOGNjOTAyMmM3NmIiLCJ0eXAiOiJKV1QifQ.eyJpc3MiOiJodHRwczovL2FjY291bnRzLmdvb2dsZS5jb20iLCJhenAiOiIzMjU1NTk0MDU1OS5hcHBzLmdvb2dsZXVzZXJjb250ZW50LmNvbSIsImF1ZCI6IjMyNTU1OTQwNTU5LmFwcHMuZ29vZ2xldXNlcmNvbnRlbnQuY29tIiwic3ViIjoiMTA3NDA5ODEzMzQ0NTU5NDQzNDA3IiwiaGQiOiJwZXJjb25hLmNvbSIsImVtYWlsIjoiaW5lbC5wYW5kemljQHBlcmNvbmEuY29tIiwiZW1haWxfdmVyaWZpZWQiOnRydWUsImF0X2hhc2giOiJFeEVYTWpLQXZOLTJoOEREMDIwX1R3IiwiaWF0IjoxNjY2OTY1ODM2LCJleHAiOjE2NjY5Njk0MzZ9.fOYaBNGLtMUbjLxbscWWyNA9Etdb6hSxlQivE3o9tHqh7D1fA5e32iG96nD-3WaaeAIaOLLUJ7nZ93J7Iv7skqNKZzOiNbHKjlByYUMaX7TNxdHX-HyrN7_malE9eSqm6VqxpQu2hrV8u2xiUshFVUImFur5XvAIwPPkbVSeEaI_uYzS33-yZaSAiQPvAca652l-VGXgphSEjJb5QF61DyOtnA5V_CdKAvcpstjBGlTUxRB7teebksZaUIkzR8MlgSBQ0ofhy4W5prZRb_bZrEEKzXVmkOmE3khOGB0t7EP05c2Axcq7PjdRVGFZ1amzFrEcFWCj6uxKGfc78WNEfA",
    "token_expiry": "2022-10-28T15:03:55Z"
  },
  "sentinels": {
    "config_sentinel": "/Users/inelpandzic/.config/gcloud/config_sentinel"
  }
}
2022-10-28 16:03:56,536 INFO     ___FILE_ONLY___ 

2022-10-28 16:03:56,548 DEBUG    root            Metrics reporting process started...
